0 [main] INFO kafka.utils.VerifiableProperties  - Verifying properties
32 [main] INFO kafka.utils.VerifiableProperties  - Property auto.offset.reset is overridden to largest
33 [main] WARN kafka.utils.VerifiableProperties  - Property destination.topic is not valid
33 [main] INFO kafka.utils.VerifiableProperties  - Property group.id is overridden to nasa.gov.mission.newControl
33 [main] WARN kafka.utils.VerifiableProperties  - Property metadata.broker.list is not valid
33 [main] WARN kafka.utils.VerifiableProperties  - Property source.topic is not valid
34 [main] INFO kafka.utils.VerifiableProperties  - Property zookeeper.connect is overridden to zion-mainframe:2181
75 [main] INFO kafka.consumer.ZookeeperConsumerConnector  - [nasa.gov.mission.newControl_zion-portable-1509933229260-b1452ce8], Connecting to zookeeper instance at zion-mainframe:2181
80 [ZkClient-EventThread-15-zion-mainframe:2181] INFO org.I0Itec.zkclient.ZkEventThread  - Starting ZkClient event thread.
83 [main] INFO org.apache.zookeeper.ZooKeeper  - Client environment:zookeeper.version=3.4.6-1569965, built on 02/20/2014 09:09 GMT
83 [main] INFO org.apache.zookeeper.ZooKeeper  - Client environment:host.name=zion-portable
83 [main] INFO org.apache.zookeeper.ZooKeeper  - Client environment:java.version=1.8.0_131
83 [main] INFO org.apache.zookeeper.ZooKeeper  - Client environment:java.vendor=Oracle Corporation
83 [main] INFO org.apache.zookeeper.ZooKeeper  - Client environment:java.home=/usr/lib/jvm/java-8-openjdk-amd64/jre
83 [main] INFO org.apache.zookeeper.ZooKeeper  - Client environment:java.class.path=target/mission.control-0.0.1-SNAPSHOT-shaded.jar
83 [main] INFO org.apache.zookeeper.ZooKeeper  - Client environment:java.library.path=/usr/java/packages/lib/amd64:/usr/lib/x86_64-linux-gnu/jni:/lib/x86_64-linux-gnu:/usr/lib/x86_64-linux-gnu:/usr/lib/jni:/lib:/usr/lib
83 [main] INFO org.apache.zookeeper.ZooKeeper  - Client environment:java.io.tmpdir=/tmp
83 [main] INFO org.apache.zookeeper.ZooKeeper  - Client environment:java.compiler=<NA>
83 [main] INFO org.apache.zookeeper.ZooKeeper  - Client environment:os.name=Linux
83 [main] INFO org.apache.zookeeper.ZooKeeper  - Client environment:os.arch=amd64
83 [main] INFO org.apache.zookeeper.ZooKeeper  - Client environment:os.version=4.10.0-37-generic
83 [main] INFO org.apache.zookeeper.ZooKeeper  - Client environment:user.name=sanket
83 [main] INFO org.apache.zookeeper.ZooKeeper  - Client environment:user.home=/home/sanket
83 [main] INFO org.apache.zookeeper.ZooKeeper  - Client environment:user.dir=/home/sanket/Documents/workspace/Mission.Control/mission.control
84 [main] INFO org.apache.zookeeper.ZooKeeper  - Initiating client connection, connectString=zion-mainframe:2181 sessionTimeout=6000 watcher=org.I0Itec.zkclient.ZkClient@517cd4b
116 [main] INFO org.I0Itec.zkclient.ZkClient  - Waiting for keeper state SyncConnected
160 [main-SendThread(2600:1700:4880:5fd0:60e9:4e95:a1d0:5a3d:2181)] INFO org.apache.zookeeper.ClientCnxn  - Opening socket connection to server 2600:1700:4880:5fd0:60e9:4e95:a1d0:5a3d/2600:1700:4880:5fd0:60e9:4e95:a1d0:5a3d:2181. Will not attempt to authenticate using SASL (unknown error)
234 [main-SendThread(2600:1700:4880:5fd0:60e9:4e95:a1d0:5a3d:2181)] INFO org.apache.zookeeper.ClientCnxn  - Socket connection established to 2600:1700:4880:5fd0:60e9:4e95:a1d0:5a3d/2600:1700:4880:5fd0:60e9:4e95:a1d0:5a3d:2181, initiating session
260 [main-SendThread(2600:1700:4880:5fd0:60e9:4e95:a1d0:5a3d:2181)] INFO org.apache.zookeeper.ClientCnxn  - Session establishment complete on server 2600:1700:4880:5fd0:60e9:4e95:a1d0:5a3d/2600:1700:4880:5fd0:60e9:4e95:a1d0:5a3d:2181, sessionid = 0x15f8e9a62480008, negotiated timeout = 6000
263 [main-EventThread] INFO org.I0Itec.zkclient.ZkClient  - zookeeper state changed (SyncConnected)
294 [main] INFO kafka.consumer.ZookeeperConsumerConnector  - [nasa.gov.mission.newControl_zion-portable-1509933229260-b1452ce8], starting auto committer every 60000 ms
327 [Thread-0] INFO kafka.consumer.ZookeeperConsumerConnector  - [nasa.gov.mission.newControl_zion-portable-1509933229260-b1452ce8], begin registering consumer nasa.gov.mission.newControl_zion-portable-1509933229260-b1452ce8 in ZK
351 [Thread-0] INFO kafka.utils.ZKCheckedEphemeral  - Creating /consumers/nasa.gov.mission.newControl/ids/nasa.gov.mission.newControl_zion-portable-1509933229260-b1452ce8 (is it secure? false)
376 [Thread-0] INFO kafka.utils.ZKCheckedEphemeral  - Result of znode creation is: OK
376 [Thread-0] INFO kafka.consumer.ZookeeperConsumerConnector  - [nasa.gov.mission.newControl_zion-portable-1509933229260-b1452ce8], end registering consumer nasa.gov.mission.newControl_zion-portable-1509933229260-b1452ce8 in ZK
380 [nasa.gov.mission.newControl_zion-portable-1509933229260-b1452ce8_watcher_executor] INFO kafka.consumer.ZookeeperConsumerConnector  - [nasa.gov.mission.newControl_zion-portable-1509933229260-b1452ce8], starting watcher executor thread for consumer nasa.gov.mission.newControl_zion-portable-1509933229260-b1452ce8
551 [Thread-0] INFO kafka.consumer.ZookeeperConsumerConnector  - [nasa.gov.mission.newControl_zion-portable-1509933229260-b1452ce8], begin rebalancing consumer nasa.gov.mission.newControl_zion-portable-1509933229260-b1452ce8 try #0
826 [Thread-0] INFO kafka.consumer.ConsumerFetcherManager  - [ConsumerFetcherManager-1509933229472] Stopping leader finder thread
827 [Thread-0] INFO kafka.consumer.ConsumerFetcherManager  - [ConsumerFetcherManager-1509933229472] Stopping all fetchers
828 [Thread-0] INFO kafka.consumer.ConsumerFetcherManager  - [ConsumerFetcherManager-1509933229472] All connections stopped
829 [Thread-0] INFO kafka.consumer.ZookeeperConsumerConnector  - [nasa.gov.mission.newControl_zion-portable-1509933229260-b1452ce8], Cleared all relevant queues for this fetcher
830 [Thread-0] INFO kafka.consumer.ZookeeperConsumerConnector  - [nasa.gov.mission.newControl_zion-portable-1509933229260-b1452ce8], Cleared the data chunks in all the consumer message iterators
830 [Thread-0] INFO kafka.consumer.ZookeeperConsumerConnector  - [nasa.gov.mission.newControl_zion-portable-1509933229260-b1452ce8], Committing all offsets after clearing the fetcher queues
832 [Thread-0] INFO kafka.consumer.ZookeeperConsumerConnector  - [nasa.gov.mission.newControl_zion-portable-1509933229260-b1452ce8], Releasing partition ownership
972 [Thread-0] INFO kafka.consumer.RangeAssignor  - Consumer nasa.gov.mission.newControl_zion-portable-1509933229260-b1452ce8 rebalancing the following partitions: ArrayBuffer(0) for topic curiosity_to_earth_3 with consumers: List(nasa.gov.mission.newControl_zion-mainframe-1509930274576-ce256e7a-0, nasa.gov.mission.newControl_zion-portable-1509932945517-ea15dbfd-0, nasa.gov.mission.newControl_zion-portable-1509933229260-b1452ce8-0)
973 [Thread-0] INFO kafka.consumer.RangeAssignor  - nasa.gov.mission.newControl_zion-mainframe-1509930274576-ce256e7a-0 attempting to claim partition 0
974 [Thread-0] WARN kafka.consumer.RangeAssignor  - No broker partitions consumed by consumer thread nasa.gov.mission.newControl_zion-portable-1509932945517-ea15dbfd-0 for topic curiosity_to_earth_3
974 [Thread-0] WARN kafka.consumer.RangeAssignor  - No broker partitions consumed by consumer thread nasa.gov.mission.newControl_zion-portable-1509933229260-b1452ce8-0 for topic curiosity_to_earth_3
983 [Thread-0] INFO kafka.consumer.ZookeeperConsumerConnector  - [nasa.gov.mission.newControl_zion-portable-1509933229260-b1452ce8], Consumer nasa.gov.mission.newControl_zion-portable-1509933229260-b1452ce8 selected partitions : 
984 [nasa.gov.mission.newControl_zion-portable-1509933229260-b1452ce8-leader-finder-thread] INFO kafka.consumer.ConsumerFetcherManager$LeaderFinderThread  - [nasa.gov.mission.newControl_zion-portable-1509933229260-b1452ce8-leader-finder-thread], Starting 
985 [Thread-0] INFO kafka.consumer.ZookeeperConsumerConnector  - [nasa.gov.mission.newControl_zion-portable-1509933229260-b1452ce8], end rebalancing consumer nasa.gov.mission.newControl_zion-portable-1509933229260-b1452ce8 try #0
