0 [main] INFO kafka.utils.VerifiableProperties  - Verifying properties
38 [main] INFO kafka.utils.VerifiableProperties  - Property auto.offset.reset is overridden to largest
39 [main] WARN kafka.utils.VerifiableProperties  - Property destination.topic is not valid
39 [main] INFO kafka.utils.VerifiableProperties  - Property group.id is overridden to nasa.gov.mission.newControl-portable
39 [main] WARN kafka.utils.VerifiableProperties  - Property metadata.broker.list is not valid
39 [main] WARN kafka.utils.VerifiableProperties  - Property source.topic is not valid
39 [main] INFO kafka.utils.VerifiableProperties  - Property zookeeper.connect is overridden to zion-mainframe:2181
98 [main] INFO kafka.consumer.ZookeeperConsumerConnector  - [nasa.gov.mission.newControl-portable_zion-mainframe-1511403905934-efc644b5], Connecting to zookeeper instance at zion-mainframe:2181
103 [ZkClient-EventThread-14-zion-mainframe:2181] INFO org.I0Itec.zkclient.ZkEventThread  - Starting ZkClient event thread.
107 [main] INFO org.apache.zookeeper.ZooKeeper  - Client environment:zookeeper.version=3.4.6-1569965, built on 02/20/2014 09:09 GMT
107 [main] INFO org.apache.zookeeper.ZooKeeper  - Client environment:host.name=zion-mainframe
107 [main] INFO org.apache.zookeeper.ZooKeeper  - Client environment:java.version=1.8.0_151
107 [main] INFO org.apache.zookeeper.ZooKeeper  - Client environment:java.vendor=Oracle Corporation
107 [main] INFO org.apache.zookeeper.ZooKeeper  - Client environment:java.home=/usr/lib/jvm/java-8-openjdk-amd64/jre
107 [main] INFO org.apache.zookeeper.ZooKeeper  - Client environment:java.class.path=target/mission.control-1.1.1-shaded.jar
107 [main] INFO org.apache.zookeeper.ZooKeeper  - Client environment:java.library.path=$LD_LIBRARY_PATH:"/home/sanket/Documents/workspace/SpiceUtilities/src/main/resources/JNISpice/lib/libJNISpice.so":/home/sanket/Documents/workspace/SpiceUtilities/src/main/resources/JNISpice/lib/libJNISpice.so:/usr/java/packages/lib/amd64:/usr/lib/x86_64-linux-gnu/jni:/lib/x86_64-linux-gnu:/usr/lib/x86_64-linux-gnu:/usr/lib/jni:/lib:/usr/lib
107 [main] INFO org.apache.zookeeper.ZooKeeper  - Client environment:java.io.tmpdir=/tmp
107 [main] INFO org.apache.zookeeper.ZooKeeper  - Client environment:java.compiler=<NA>
107 [main] INFO org.apache.zookeeper.ZooKeeper  - Client environment:os.name=Linux
107 [main] INFO org.apache.zookeeper.ZooKeeper  - Client environment:os.arch=amd64
107 [main] INFO org.apache.zookeeper.ZooKeeper  - Client environment:os.version=4.10.0-38-generic
107 [main] INFO org.apache.zookeeper.ZooKeeper  - Client environment:user.name=sanket
107 [main] INFO org.apache.zookeeper.ZooKeeper  - Client environment:user.home=/home/sanket
107 [main] INFO org.apache.zookeeper.ZooKeeper  - Client environment:user.dir=/home/sanket/Documents/workspace/Mission.Control/mission.control
108 [main] INFO org.apache.zookeeper.ZooKeeper  - Initiating client connection, connectString=zion-mainframe:2181 sessionTimeout=6000 watcher=org.I0Itec.zkclient.ZkClient@517cd4b
119 [main] INFO org.I0Itec.zkclient.ZkClient  - Waiting for keeper state SyncConnected
120 [main-SendThread(zion-mainframe:2181)] INFO org.apache.zookeeper.ClientCnxn  - Opening socket connection to server zion-mainframe/127.0.1.1:2181. Will not attempt to authenticate using SASL (unknown error)
170 [main-SendThread(zion-mainframe:2181)] INFO org.apache.zookeeper.ClientCnxn  - Socket connection established to zion-mainframe/127.0.1.1:2181, initiating session
176 [main-SendThread(zion-mainframe:2181)] INFO org.apache.zookeeper.ClientCnxn  - Session establishment complete on server zion-mainframe/127.0.1.1:2181, sessionid = 0x15fe27911c10009, negotiated timeout = 6000
176 [main-EventThread] INFO org.I0Itec.zkclient.ZkClient  - zookeeper state changed (SyncConnected)
186 [main] INFO kafka.consumer.ZookeeperConsumerConnector  - [nasa.gov.mission.newControl-portable_zion-mainframe-1511403905934-efc644b5], starting auto committer every 60000 ms
209 [Thread-0] INFO kafka.consumer.ZookeeperConsumerConnector  - [nasa.gov.mission.newControl-portable_zion-mainframe-1511403905934-efc644b5], begin registering consumer nasa.gov.mission.newControl-portable_zion-mainframe-1511403905934-efc644b5 in ZK
229 [Thread-0] INFO kafka.utils.ZKCheckedEphemeral  - Creating /consumers/nasa.gov.mission.newControl-portable/ids/nasa.gov.mission.newControl-portable_zion-mainframe-1511403905934-efc644b5 (is it secure? false)
239 [Thread-0] INFO kafka.utils.ZKCheckedEphemeral  - Result of znode creation is: OK
240 [Thread-0] INFO kafka.consumer.ZookeeperConsumerConnector  - [nasa.gov.mission.newControl-portable_zion-mainframe-1511403905934-efc644b5], end registering consumer nasa.gov.mission.newControl-portable_zion-mainframe-1511403905934-efc644b5 in ZK
244 [nasa.gov.mission.newControl-portable_zion-mainframe-1511403905934-efc644b5_watcher_executor] INFO kafka.consumer.ZookeeperConsumerConnector  - [nasa.gov.mission.newControl-portable_zion-mainframe-1511403905934-efc644b5], starting watcher executor thread for consumer nasa.gov.mission.newControl-portable_zion-mainframe-1511403905934-efc644b5
259 [Thread-0] INFO kafka.consumer.ZookeeperConsumerConnector  - [nasa.gov.mission.newControl-portable_zion-mainframe-1511403905934-efc644b5], begin rebalancing consumer nasa.gov.mission.newControl-portable_zion-mainframe-1511403905934-efc644b5 try #0
358 [Thread-0] INFO kafka.consumer.ConsumerFetcherManager  - [ConsumerFetcherManager-1511403906019] Stopping leader finder thread
358 [Thread-0] INFO kafka.consumer.ConsumerFetcherManager  - [ConsumerFetcherManager-1511403906019] Stopping all fetchers
360 [Thread-0] INFO kafka.consumer.ConsumerFetcherManager  - [ConsumerFetcherManager-1511403906019] All connections stopped
360 [Thread-0] INFO kafka.consumer.ZookeeperConsumerConnector  - [nasa.gov.mission.newControl-portable_zion-mainframe-1511403905934-efc644b5], Cleared all relevant queues for this fetcher
361 [Thread-0] INFO kafka.consumer.ZookeeperConsumerConnector  - [nasa.gov.mission.newControl-portable_zion-mainframe-1511403905934-efc644b5], Cleared the data chunks in all the consumer message iterators
361 [Thread-0] INFO kafka.consumer.ZookeeperConsumerConnector  - [nasa.gov.mission.newControl-portable_zion-mainframe-1511403905934-efc644b5], Committing all offsets after clearing the fetcher queues
362 [Thread-0] INFO kafka.consumer.ZookeeperConsumerConnector  - [nasa.gov.mission.newControl-portable_zion-mainframe-1511403905934-efc644b5], Releasing partition ownership
389 [Thread-0] INFO kafka.consumer.RangeAssignor  - Consumer nasa.gov.mission.newControl-portable_zion-mainframe-1511403905934-efc644b5 rebalancing the following partitions: ArrayBuffer(0) for topic curiosity_to_earth_5 with consumers: List(nasa.gov.mission.newControl-portable_zion-mainframe-1511403905934-efc644b5-0)
391 [Thread-0] INFO kafka.consumer.RangeAssignor  - nasa.gov.mission.newControl-portable_zion-mainframe-1511403905934-efc644b5-0 attempting to claim partition 0
415 [Thread-0] INFO kafka.consumer.ZookeeperConsumerConnector  - [nasa.gov.mission.newControl-portable_zion-mainframe-1511403905934-efc644b5], nasa.gov.mission.newControl-portable_zion-mainframe-1511403905934-efc644b5-0 successfully owned partition 0 for topic curiosity_to_earth_5
434 [Thread-0] INFO kafka.consumer.ZookeeperConsumerConnector  - [nasa.gov.mission.newControl-portable_zion-mainframe-1511403905934-efc644b5], Consumer nasa.gov.mission.newControl-portable_zion-mainframe-1511403905934-efc644b5 selected partitions : curiosity_to_earth_5:0: fetched offset = -1: consumed offset = -1
436 [Thread-0] INFO kafka.consumer.ZookeeperConsumerConnector  - [nasa.gov.mission.newControl-portable_zion-mainframe-1511403905934-efc644b5], end rebalancing consumer nasa.gov.mission.newControl-portable_zion-mainframe-1511403905934-efc644b5 try #0
439 [nasa.gov.mission.newControl-portable_zion-mainframe-1511403905934-efc644b5-leader-finder-thread] INFO kafka.consumer.ConsumerFetcherManager$LeaderFinderThread  - [nasa.gov.mission.newControl-portable_zion-mainframe-1511403905934-efc644b5-leader-finder-thread], Starting 
452 [nasa.gov.mission.newControl-portable_zion-mainframe-1511403905934-efc644b5-leader-finder-thread] INFO kafka.utils.VerifiableProperties  - Verifying properties
452 [nasa.gov.mission.newControl-portable_zion-mainframe-1511403905934-efc644b5-leader-finder-thread] INFO kafka.utils.VerifiableProperties  - Property client.id is overridden to nasa.gov.mission.newControl-portable
453 [nasa.gov.mission.newControl-portable_zion-mainframe-1511403905934-efc644b5-leader-finder-thread] INFO kafka.utils.VerifiableProperties  - Property metadata.broker.list is overridden to zion-mainframe:9092
453 [nasa.gov.mission.newControl-portable_zion-mainframe-1511403905934-efc644b5-leader-finder-thread] INFO kafka.utils.VerifiableProperties  - Property request.timeout.ms is overridden to 30000
467 [nasa.gov.mission.newControl-portable_zion-mainframe-1511403905934-efc644b5-leader-finder-thread] INFO kafka.client.ClientUtils$  - Fetching metadata from broker BrokerEndPoint(0,zion-mainframe,9092) with correlation id 0 for 1 topic(s) Set(curiosity_to_earth_5)
471 [nasa.gov.mission.newControl-portable_zion-mainframe-1511403905934-efc644b5-leader-finder-thread] INFO kafka.producer.SyncProducer  - Connected to zion-mainframe:9092 for producing
483 [nasa.gov.mission.newControl-portable_zion-mainframe-1511403905934-efc644b5-leader-finder-thread] INFO kafka.producer.SyncProducer  - Disconnecting from zion-mainframe:9092
511 [ConsumerFetcherThread-nasa.gov.mission.newControl-portable_zion-mainframe-1511403905934-efc644b5-0-0] INFO kafka.consumer.ConsumerFetcherThread  - [ConsumerFetcherThread-nasa.gov.mission.newControl-portable_zion-mainframe-1511403905934-efc644b5-0-0], Starting 
538 [nasa.gov.mission.newControl-portable_zion-mainframe-1511403905934-efc644b5-leader-finder-thread] INFO kafka.consumer.ConsumerFetcherManager  - [ConsumerFetcherManager-1511403906019] Added fetcher for partitions ArrayBuffer([[curiosity_to_earth_5,0], initOffset -1 to broker BrokerEndPoint(0,zion-mainframe,9092)] )
55025 [Thread-0] INFO naasa.gov.mission.control.Receiver  - Message received from 
98608 [Thread-0] INFO naasa.gov.mission.control.Receiver  - Message received from Spacecraft Clock
116516 [Thread-0] INFO naasa.gov.mission.control.Receiver  - Message received from 
175593 [Thread-0] INFO naasa.gov.mission.control.Receiver  - Message received from 
