0 [main] INFO kafka.utils.VerifiableProperties  - Verifying properties
30 [main] INFO kafka.utils.VerifiableProperties  - Property auto.offset.reset is overridden to largest
31 [main] WARN kafka.utils.VerifiableProperties  - Property destination.topic is not valid
31 [main] INFO kafka.utils.VerifiableProperties  - Property group.id is overridden to nasa.gov.mission.newControl-portable
31 [main] WARN kafka.utils.VerifiableProperties  - Property metadata.broker.list is not valid
31 [main] WARN kafka.utils.VerifiableProperties  - Property source.topic is not valid
32 [main] INFO kafka.utils.VerifiableProperties  - Property zookeeper.connect is overridden to zion-mainframe:2181
73 [main] INFO kafka.consumer.ZookeeperConsumerConnector  - [nasa.gov.mission.newControl-portable_zion-mainframe-1511238712968-84d5a31a], Connecting to zookeeper instance at zion-mainframe:2181
78 [ZkClient-EventThread-14-zion-mainframe:2181] INFO org.I0Itec.zkclient.ZkEventThread  - Starting ZkClient event thread.
81 [main] INFO org.apache.zookeeper.ZooKeeper  - Client environment:zookeeper.version=3.4.6-1569965, built on 02/20/2014 09:09 GMT
81 [main] INFO org.apache.zookeeper.ZooKeeper  - Client environment:host.name=zion-mainframe
81 [main] INFO org.apache.zookeeper.ZooKeeper  - Client environment:java.version=1.8.0_151
81 [main] INFO org.apache.zookeeper.ZooKeeper  - Client environment:java.vendor=Oracle Corporation
81 [main] INFO org.apache.zookeeper.ZooKeeper  - Client environment:java.home=/usr/lib/jvm/java-8-openjdk-amd64/jre
81 [main] INFO org.apache.zookeeper.ZooKeeper  - Client environment:java.class.path=target/mission.control-0.0.1-SNAPSHOT-shaded.jar
81 [main] INFO org.apache.zookeeper.ZooKeeper  - Client environment:java.library.path=$LD_LIBRARY_PATH:"/home/sanket/Documents/workspace/SpiceUtilities/src/main/resources/JNISpice/lib/libJNISpice.so":/home/sanket/Documents/workspace/SpiceUtilities/src/main/resources/JNISpice/lib/libJNISpice.so:/usr/java/packages/lib/amd64:/usr/lib/x86_64-linux-gnu/jni:/lib/x86_64-linux-gnu:/usr/lib/x86_64-linux-gnu:/usr/lib/jni:/lib:/usr/lib
81 [main] INFO org.apache.zookeeper.ZooKeeper  - Client environment:java.io.tmpdir=/tmp
81 [main] INFO org.apache.zookeeper.ZooKeeper  - Client environment:java.compiler=<NA>
81 [main] INFO org.apache.zookeeper.ZooKeeper  - Client environment:os.name=Linux
81 [main] INFO org.apache.zookeeper.ZooKeeper  - Client environment:os.arch=amd64
81 [main] INFO org.apache.zookeeper.ZooKeeper  - Client environment:os.version=4.10.0-38-generic
81 [main] INFO org.apache.zookeeper.ZooKeeper  - Client environment:user.name=sanket
81 [main] INFO org.apache.zookeeper.ZooKeeper  - Client environment:user.home=/home/sanket
81 [main] INFO org.apache.zookeeper.ZooKeeper  - Client environment:user.dir=/home/sanket/Documents/workspace/Mission.Control/mission.control
82 [main] INFO org.apache.zookeeper.ZooKeeper  - Initiating client connection, connectString=zion-mainframe:2181 sessionTimeout=6000 watcher=org.I0Itec.zkclient.ZkClient@517cd4b
92 [main] INFO org.I0Itec.zkclient.ZkClient  - Waiting for keeper state SyncConnected
94 [main-SendThread(zion-mainframe:2181)] INFO org.apache.zookeeper.ClientCnxn  - Opening socket connection to server zion-mainframe/127.0.1.1:2181. Will not attempt to authenticate using SASL (unknown error)
133 [main-SendThread(zion-mainframe:2181)] INFO org.apache.zookeeper.ClientCnxn  - Socket connection established to zion-mainframe/127.0.1.1:2181, initiating session
138 [main-SendThread(zion-mainframe:2181)] INFO org.apache.zookeeper.ClientCnxn  - Session establishment complete on server zion-mainframe/127.0.1.1:2181, sessionid = 0x15fd568a77d000d, negotiated timeout = 6000
138 [main-EventThread] INFO org.I0Itec.zkclient.ZkClient  - zookeeper state changed (SyncConnected)
147 [main] INFO kafka.consumer.ZookeeperConsumerConnector  - [nasa.gov.mission.newControl-portable_zion-mainframe-1511238712968-84d5a31a], starting auto committer every 60000 ms
164 [Thread-0] INFO kafka.consumer.ZookeeperConsumerConnector  - [nasa.gov.mission.newControl-portable_zion-mainframe-1511238712968-84d5a31a], begin registering consumer nasa.gov.mission.newControl-portable_zion-mainframe-1511238712968-84d5a31a in ZK
179 [Thread-0] INFO kafka.utils.ZKCheckedEphemeral  - Creating /consumers/nasa.gov.mission.newControl-portable/ids/nasa.gov.mission.newControl-portable_zion-mainframe-1511238712968-84d5a31a (is it secure? false)
187 [Thread-0] INFO kafka.utils.ZKCheckedEphemeral  - Result of znode creation is: OK
188 [Thread-0] INFO kafka.consumer.ZookeeperConsumerConnector  - [nasa.gov.mission.newControl-portable_zion-mainframe-1511238712968-84d5a31a], end registering consumer nasa.gov.mission.newControl-portable_zion-mainframe-1511238712968-84d5a31a in ZK
190 [nasa.gov.mission.newControl-portable_zion-mainframe-1511238712968-84d5a31a_watcher_executor] INFO kafka.consumer.ZookeeperConsumerConnector  - [nasa.gov.mission.newControl-portable_zion-mainframe-1511238712968-84d5a31a], starting watcher executor thread for consumer nasa.gov.mission.newControl-portable_zion-mainframe-1511238712968-84d5a31a
202 [Thread-0] INFO kafka.consumer.ZookeeperConsumerConnector  - [nasa.gov.mission.newControl-portable_zion-mainframe-1511238712968-84d5a31a], begin rebalancing consumer nasa.gov.mission.newControl-portable_zion-mainframe-1511238712968-84d5a31a try #0
272 [Thread-0] INFO kafka.consumer.ConsumerFetcherManager  - [ConsumerFetcherManager-1511238713039] Stopping leader finder thread
272 [Thread-0] INFO kafka.consumer.ConsumerFetcherManager  - [ConsumerFetcherManager-1511238713039] Stopping all fetchers
272 [Thread-0] INFO kafka.consumer.ConsumerFetcherManager  - [ConsumerFetcherManager-1511238713039] All connections stopped
273 [Thread-0] INFO kafka.consumer.ZookeeperConsumerConnector  - [nasa.gov.mission.newControl-portable_zion-mainframe-1511238712968-84d5a31a], Cleared all relevant queues for this fetcher
274 [Thread-0] INFO kafka.consumer.ZookeeperConsumerConnector  - [nasa.gov.mission.newControl-portable_zion-mainframe-1511238712968-84d5a31a], Cleared the data chunks in all the consumer message iterators
274 [Thread-0] INFO kafka.consumer.ZookeeperConsumerConnector  - [nasa.gov.mission.newControl-portable_zion-mainframe-1511238712968-84d5a31a], Committing all offsets after clearing the fetcher queues
275 [Thread-0] INFO kafka.consumer.ZookeeperConsumerConnector  - [nasa.gov.mission.newControl-portable_zion-mainframe-1511238712968-84d5a31a], Releasing partition ownership
299 [Thread-0] INFO kafka.consumer.RangeAssignor  - Consumer nasa.gov.mission.newControl-portable_zion-mainframe-1511238712968-84d5a31a rebalancing the following partitions: ArrayBuffer(0) for topic curiosity_to_earth_4 with consumers: List(nasa.gov.mission.newControl-portable_zion-mainframe-1511233654454-4169926c-0, nasa.gov.mission.newControl-portable_zion-mainframe-1511238712968-84d5a31a-0)
301 [Thread-0] INFO kafka.consumer.RangeAssignor  - nasa.gov.mission.newControl-portable_zion-mainframe-1511233654454-4169926c-0 attempting to claim partition 0
302 [Thread-0] WARN kafka.consumer.RangeAssignor  - No broker partitions consumed by consumer thread nasa.gov.mission.newControl-portable_zion-mainframe-1511238712968-84d5a31a-0 for topic curiosity_to_earth_4
315 [Thread-0] INFO kafka.consumer.ZookeeperConsumerConnector  - [nasa.gov.mission.newControl-portable_zion-mainframe-1511238712968-84d5a31a], Consumer nasa.gov.mission.newControl-portable_zion-mainframe-1511238712968-84d5a31a selected partitions : 
316 [nasa.gov.mission.newControl-portable_zion-mainframe-1511238712968-84d5a31a-leader-finder-thread] INFO kafka.consumer.ConsumerFetcherManager$LeaderFinderThread  - [nasa.gov.mission.newControl-portable_zion-mainframe-1511238712968-84d5a31a-leader-finder-thread], Starting 
316 [Thread-0] INFO kafka.consumer.ZookeeperConsumerConnector  - [nasa.gov.mission.newControl-portable_zion-mainframe-1511238712968-84d5a31a], end rebalancing consumer nasa.gov.mission.newControl-portable_zion-mainframe-1511238712968-84d5a31a try #0
1116 [nasa.gov.mission.newControl-portable_zion-mainframe-1511238712968-84d5a31a_watcher_executor] INFO kafka.consumer.ZookeeperConsumerConnector  - [nasa.gov.mission.newControl-portable_zion-mainframe-1511238712968-84d5a31a], begin rebalancing consumer nasa.gov.mission.newControl-portable_zion-mainframe-1511238712968-84d5a31a try #0
1185 [nasa.gov.mission.newControl-portable_zion-mainframe-1511238712968-84d5a31a_watcher_executor] INFO kafka.consumer.ConsumerFetcherManager  - [ConsumerFetcherManager-1511238713039] Stopping leader finder thread
1186 [nasa.gov.mission.newControl-portable_zion-mainframe-1511238712968-84d5a31a_watcher_executor] INFO kafka.consumer.ConsumerFetcherManager$LeaderFinderThread  - [nasa.gov.mission.newControl-portable_zion-mainframe-1511238712968-84d5a31a-leader-finder-thread], Shutting down
1187 [nasa.gov.mission.newControl-portable_zion-mainframe-1511238712968-84d5a31a-leader-finder-thread] INFO kafka.consumer.ConsumerFetcherManager$LeaderFinderThread  - [nasa.gov.mission.newControl-portable_zion-mainframe-1511238712968-84d5a31a-leader-finder-thread], Stopped 
1189 [nasa.gov.mission.newControl-portable_zion-mainframe-1511238712968-84d5a31a_watcher_executor] INFO kafka.consumer.ConsumerFetcherManager$LeaderFinderThread  - [nasa.gov.mission.newControl-portable_zion-mainframe-1511238712968-84d5a31a-leader-finder-thread], Shutdown completed
1189 [nasa.gov.mission.newControl-portable_zion-mainframe-1511238712968-84d5a31a_watcher_executor] INFO kafka.consumer.ConsumerFetcherManager  - [ConsumerFetcherManager-1511238713039] Stopping all fetchers
1189 [nasa.gov.mission.newControl-portable_zion-mainframe-1511238712968-84d5a31a_watcher_executor] INFO kafka.consumer.ConsumerFetcherManager  - [ConsumerFetcherManager-1511238713039] All connections stopped
1189 [nasa.gov.mission.newControl-portable_zion-mainframe-1511238712968-84d5a31a_watcher_executor] INFO kafka.consumer.ZookeeperConsumerConnector  - [nasa.gov.mission.newControl-portable_zion-mainframe-1511238712968-84d5a31a], Cleared all relevant queues for this fetcher
1189 [nasa.gov.mission.newControl-portable_zion-mainframe-1511238712968-84d5a31a_watcher_executor] INFO kafka.consumer.ZookeeperConsumerConnector  - [nasa.gov.mission.newControl-portable_zion-mainframe-1511238712968-84d5a31a], Cleared the data chunks in all the consumer message iterators
1189 [nasa.gov.mission.newControl-portable_zion-mainframe-1511238712968-84d5a31a_watcher_executor] INFO kafka.consumer.ZookeeperConsumerConnector  - [nasa.gov.mission.newControl-portable_zion-mainframe-1511238712968-84d5a31a], Committing all offsets after clearing the fetcher queues
1189 [nasa.gov.mission.newControl-portable_zion-mainframe-1511238712968-84d5a31a_watcher_executor] INFO kafka.consumer.ZookeeperConsumerConnector  - [nasa.gov.mission.newControl-portable_zion-mainframe-1511238712968-84d5a31a], Releasing partition ownership
1230 [nasa.gov.mission.newControl-portable_zion-mainframe-1511238712968-84d5a31a_watcher_executor] INFO kafka.consumer.RangeAssignor  - Consumer nasa.gov.mission.newControl-portable_zion-mainframe-1511238712968-84d5a31a rebalancing the following partitions: ArrayBuffer(0) for topic curiosity_to_earth_4 with consumers: List(nasa.gov.mission.newControl-portable_zion-mainframe-1511238712968-84d5a31a-0)
1230 [nasa.gov.mission.newControl-portable_zion-mainframe-1511238712968-84d5a31a_watcher_executor] INFO kafka.consumer.RangeAssignor  - nasa.gov.mission.newControl-portable_zion-mainframe-1511238712968-84d5a31a-0 attempting to claim partition 0
1261 [nasa.gov.mission.newControl-portable_zion-mainframe-1511238712968-84d5a31a_watcher_executor] INFO kafka.consumer.ZookeeperConsumerConnector  - [nasa.gov.mission.newControl-portable_zion-mainframe-1511238712968-84d5a31a], nasa.gov.mission.newControl-portable_zion-mainframe-1511238712968-84d5a31a-0 successfully owned partition 0 for topic curiosity_to_earth_4
1269 [nasa.gov.mission.newControl-portable_zion-mainframe-1511238712968-84d5a31a_watcher_executor] INFO kafka.consumer.ZookeeperConsumerConnector  - [nasa.gov.mission.newControl-portable_zion-mainframe-1511238712968-84d5a31a], Consumer nasa.gov.mission.newControl-portable_zion-mainframe-1511238712968-84d5a31a selected partitions : curiosity_to_earth_4:0: fetched offset = 19: consumed offset = 19
1269 [nasa.gov.mission.newControl-portable_zion-mainframe-1511238712968-84d5a31a-leader-finder-thread] INFO kafka.consumer.ConsumerFetcherManager$LeaderFinderThread  - [nasa.gov.mission.newControl-portable_zion-mainframe-1511238712968-84d5a31a-leader-finder-thread], Starting 
1269 [nasa.gov.mission.newControl-portable_zion-mainframe-1511238712968-84d5a31a_watcher_executor] INFO kafka.consumer.ZookeeperConsumerConnector  - [nasa.gov.mission.newControl-portable_zion-mainframe-1511238712968-84d5a31a], end rebalancing consumer nasa.gov.mission.newControl-portable_zion-mainframe-1511238712968-84d5a31a try #0
1280 [nasa.gov.mission.newControl-portable_zion-mainframe-1511238712968-84d5a31a-leader-finder-thread] INFO kafka.utils.VerifiableProperties  - Verifying properties
1280 [nasa.gov.mission.newControl-portable_zion-mainframe-1511238712968-84d5a31a-leader-finder-thread] INFO kafka.utils.VerifiableProperties  - Property client.id is overridden to nasa.gov.mission.newControl-portable
1280 [nasa.gov.mission.newControl-portable_zion-mainframe-1511238712968-84d5a31a-leader-finder-thread] INFO kafka.utils.VerifiableProperties  - Property metadata.broker.list is overridden to zion-mainframe:9092
1280 [nasa.gov.mission.newControl-portable_zion-mainframe-1511238712968-84d5a31a-leader-finder-thread] INFO kafka.utils.VerifiableProperties  - Property request.timeout.ms is overridden to 30000
1288 [nasa.gov.mission.newControl-portable_zion-mainframe-1511238712968-84d5a31a-leader-finder-thread] INFO kafka.client.ClientUtils$  - Fetching metadata from broker BrokerEndPoint(0,zion-mainframe,9092) with correlation id 0 for 1 topic(s) Set(curiosity_to_earth_4)
1291 [nasa.gov.mission.newControl-portable_zion-mainframe-1511238712968-84d5a31a-leader-finder-thread] INFO kafka.producer.SyncProducer  - Connected to zion-mainframe:9092 for producing
1298 [nasa.gov.mission.newControl-portable_zion-mainframe-1511238712968-84d5a31a-leader-finder-thread] INFO kafka.producer.SyncProducer  - Disconnecting from zion-mainframe:9092
1312 [ConsumerFetcherThread-nasa.gov.mission.newControl-portable_zion-mainframe-1511238712968-84d5a31a-0-0] INFO kafka.consumer.ConsumerFetcherThread  - [ConsumerFetcherThread-nasa.gov.mission.newControl-portable_zion-mainframe-1511238712968-84d5a31a-0-0], Starting 
1314 [nasa.gov.mission.newControl-portable_zion-mainframe-1511238712968-84d5a31a-leader-finder-thread] INFO kafka.consumer.ConsumerFetcherManager  - [ConsumerFetcherManager-1511238713039] Added fetcher for partitions ArrayBuffer([[curiosity_to_earth_4,0], initOffset 19 to broker BrokerEndPoint(0,zion-mainframe,9092)] )
99081 [Thread-0] INFO naasa.gov.mission.control.Receiver  - Message received from 
182061 [Thread-0] INFO naasa.gov.mission.control.Receiver  - Message received from 
241226 [Thread-0] INFO naasa.gov.mission.control.Receiver  - Message received from 
318548 [Thread-0] INFO naasa.gov.mission.control.Receiver  - Message received from 
581038 [Thread-0] INFO naasa.gov.mission.control.Receiver  - Message received from 
605001 [Thread-0] INFO naasa.gov.mission.control.Receiver  - Message received from 
764025 [Thread-0] INFO naasa.gov.mission.control.Receiver  - Message received from 
1039438 [Thread-0] INFO naasa.gov.mission.control.Receiver  - Message received from 
1216579 [Thread-0] INFO naasa.gov.mission.control.Receiver  - Message received from 
1251991 [Thread-0] INFO naasa.gov.mission.control.Receiver  - Message received from 
1307504 [Thread-0] INFO naasa.gov.mission.control.Receiver  - Message received from 
1372372 [Thread-0] INFO naasa.gov.mission.control.Receiver  - Message received from 
1782528 [Thread-0] INFO naasa.gov.mission.control.Receiver  - Message received from 
1841660 [Thread-0] INFO naasa.gov.mission.control.Receiver  - Message received from 
2502667 [Thread-0] INFO naasa.gov.mission.control.Receiver  - Message received from 
2555662 [Thread-0] INFO naasa.gov.mission.control.Receiver  - Message received from Spacecraft Clock
