0 [main] INFO kafka.utils.VerifiableProperties  - Verifying properties
35 [main] INFO kafka.utils.VerifiableProperties  - Property auto.offset.reset is overridden to largest
36 [main] WARN kafka.utils.VerifiableProperties  - Property destination.topic is not valid
36 [main] INFO kafka.utils.VerifiableProperties  - Property group.id is overridden to nasa.gov.mission.newControl
36 [main] WARN kafka.utils.VerifiableProperties  - Property metadata.broker.list is not valid
36 [main] WARN kafka.utils.VerifiableProperties  - Property source.topic is not valid
36 [main] INFO kafka.utils.VerifiableProperties  - Property zookeeper.connect is overridden to zion-mainframe:2181
77 [main] INFO kafka.consumer.ZookeeperConsumerConnector  - [nasa.gov.mission.newControl_zion-portable-1509933417937-e49e906a], Connecting to zookeeper instance at zion-mainframe:2181
82 [ZkClient-EventThread-15-zion-mainframe:2181] INFO org.I0Itec.zkclient.ZkEventThread  - Starting ZkClient event thread.
85 [main] INFO org.apache.zookeeper.ZooKeeper  - Client environment:zookeeper.version=3.4.6-1569965, built on 02/20/2014 09:09 GMT
85 [main] INFO org.apache.zookeeper.ZooKeeper  - Client environment:host.name=zion-portable
85 [main] INFO org.apache.zookeeper.ZooKeeper  - Client environment:java.version=1.8.0_131
85 [main] INFO org.apache.zookeeper.ZooKeeper  - Client environment:java.vendor=Oracle Corporation
85 [main] INFO org.apache.zookeeper.ZooKeeper  - Client environment:java.home=/usr/lib/jvm/java-8-openjdk-amd64/jre
85 [main] INFO org.apache.zookeeper.ZooKeeper  - Client environment:java.class.path=target/mission.control-0.0.1-SNAPSHOT-shaded.jar
85 [main] INFO org.apache.zookeeper.ZooKeeper  - Client environment:java.library.path=/usr/java/packages/lib/amd64:/usr/lib/x86_64-linux-gnu/jni:/lib/x86_64-linux-gnu:/usr/lib/x86_64-linux-gnu:/usr/lib/jni:/lib:/usr/lib
85 [main] INFO org.apache.zookeeper.ZooKeeper  - Client environment:java.io.tmpdir=/tmp
85 [main] INFO org.apache.zookeeper.ZooKeeper  - Client environment:java.compiler=<NA>
85 [main] INFO org.apache.zookeeper.ZooKeeper  - Client environment:os.name=Linux
85 [main] INFO org.apache.zookeeper.ZooKeeper  - Client environment:os.arch=amd64
85 [main] INFO org.apache.zookeeper.ZooKeeper  - Client environment:os.version=4.10.0-37-generic
86 [main] INFO org.apache.zookeeper.ZooKeeper  - Client environment:user.name=sanket
86 [main] INFO org.apache.zookeeper.ZooKeeper  - Client environment:user.home=/home/sanket
86 [main] INFO org.apache.zookeeper.ZooKeeper  - Client environment:user.dir=/home/sanket/Documents/workspace/Mission.Control/mission.control
86 [main] INFO org.apache.zookeeper.ZooKeeper  - Initiating client connection, connectString=zion-mainframe:2181 sessionTimeout=6000 watcher=org.I0Itec.zkclient.ZkClient@517cd4b
119 [main] INFO org.I0Itec.zkclient.ZkClient  - Waiting for keeper state SyncConnected
131 [main-SendThread(zion-mainframe:2181)] INFO org.apache.zookeeper.ClientCnxn  - Opening socket connection to server zion-mainframe/192.168.1.68:2181. Will not attempt to authenticate using SASL (unknown error)
179 [main-SendThread(zion-mainframe:2181)] INFO org.apache.zookeeper.ClientCnxn  - Socket connection established to zion-mainframe/192.168.1.68:2181, initiating session
205 [main-SendThread(zion-mainframe:2181)] INFO org.apache.zookeeper.ClientCnxn  - Session establishment complete on server zion-mainframe/192.168.1.68:2181, sessionid = 0x15f8e9a62480009, negotiated timeout = 6000
208 [main-EventThread] INFO org.I0Itec.zkclient.ZkClient  - zookeeper state changed (SyncConnected)
238 [main] INFO kafka.consumer.ZookeeperConsumerConnector  - [nasa.gov.mission.newControl_zion-portable-1509933417937-e49e906a], starting auto committer every 60000 ms
268 [Thread-0] INFO kafka.consumer.ZookeeperConsumerConnector  - [nasa.gov.mission.newControl_zion-portable-1509933417937-e49e906a], begin registering consumer nasa.gov.mission.newControl_zion-portable-1509933417937-e49e906a in ZK
291 [Thread-0] INFO kafka.utils.ZKCheckedEphemeral  - Creating /consumers/nasa.gov.mission.newControl/ids/nasa.gov.mission.newControl_zion-portable-1509933417937-e49e906a (is it secure? false)
315 [Thread-0] INFO kafka.utils.ZKCheckedEphemeral  - Result of znode creation is: OK
315 [Thread-0] INFO kafka.consumer.ZookeeperConsumerConnector  - [nasa.gov.mission.newControl_zion-portable-1509933417937-e49e906a], end registering consumer nasa.gov.mission.newControl_zion-portable-1509933417937-e49e906a in ZK
320 [nasa.gov.mission.newControl_zion-portable-1509933417937-e49e906a_watcher_executor] INFO kafka.consumer.ZookeeperConsumerConnector  - [nasa.gov.mission.newControl_zion-portable-1509933417937-e49e906a], starting watcher executor thread for consumer nasa.gov.mission.newControl_zion-portable-1509933417937-e49e906a
452 [Thread-0] INFO kafka.consumer.ZookeeperConsumerConnector  - [nasa.gov.mission.newControl_zion-portable-1509933417937-e49e906a], begin rebalancing consumer nasa.gov.mission.newControl_zion-portable-1509933417937-e49e906a try #0
703 [Thread-0] INFO kafka.consumer.ConsumerFetcherManager  - [ConsumerFetcherManager-1509933418092] Stopping leader finder thread
704 [Thread-0] INFO kafka.consumer.ConsumerFetcherManager  - [ConsumerFetcherManager-1509933418092] Stopping all fetchers
705 [Thread-0] INFO kafka.consumer.ConsumerFetcherManager  - [ConsumerFetcherManager-1509933418092] All connections stopped
706 [Thread-0] INFO kafka.consumer.ZookeeperConsumerConnector  - [nasa.gov.mission.newControl_zion-portable-1509933417937-e49e906a], Cleared all relevant queues for this fetcher
707 [Thread-0] INFO kafka.consumer.ZookeeperConsumerConnector  - [nasa.gov.mission.newControl_zion-portable-1509933417937-e49e906a], Cleared the data chunks in all the consumer message iterators
708 [Thread-0] INFO kafka.consumer.ZookeeperConsumerConnector  - [nasa.gov.mission.newControl_zion-portable-1509933417937-e49e906a], Committing all offsets after clearing the fetcher queues
709 [Thread-0] INFO kafka.consumer.ZookeeperConsumerConnector  - [nasa.gov.mission.newControl_zion-portable-1509933417937-e49e906a], Releasing partition ownership
854 [Thread-0] INFO kafka.consumer.RangeAssignor  - Consumer nasa.gov.mission.newControl_zion-portable-1509933417937-e49e906a rebalancing the following partitions: ArrayBuffer(0) for topic curiosity_to_earth_3 with consumers: List(nasa.gov.mission.newControl_zion-mainframe-1509930274576-ce256e7a-0, nasa.gov.mission.newControl_zion-portable-1509932945517-ea15dbfd-0, nasa.gov.mission.newControl_zion-portable-1509933417937-e49e906a-0)
855 [Thread-0] INFO kafka.consumer.RangeAssignor  - nasa.gov.mission.newControl_zion-mainframe-1509930274576-ce256e7a-0 attempting to claim partition 0
856 [Thread-0] WARN kafka.consumer.RangeAssignor  - No broker partitions consumed by consumer thread nasa.gov.mission.newControl_zion-portable-1509932945517-ea15dbfd-0 for topic curiosity_to_earth_3
857 [Thread-0] WARN kafka.consumer.RangeAssignor  - No broker partitions consumed by consumer thread nasa.gov.mission.newControl_zion-portable-1509933417937-e49e906a-0 for topic curiosity_to_earth_3
869 [Thread-0] INFO kafka.consumer.ZookeeperConsumerConnector  - [nasa.gov.mission.newControl_zion-portable-1509933417937-e49e906a], Consumer nasa.gov.mission.newControl_zion-portable-1509933417937-e49e906a selected partitions : 
870 [nasa.gov.mission.newControl_zion-portable-1509933417937-e49e906a-leader-finder-thread] INFO kafka.consumer.ConsumerFetcherManager$LeaderFinderThread  - [nasa.gov.mission.newControl_zion-portable-1509933417937-e49e906a-leader-finder-thread], Starting 
870 [Thread-0] INFO kafka.consumer.ZookeeperConsumerConnector  - [nasa.gov.mission.newControl_zion-portable-1509933417937-e49e906a], end rebalancing consumer nasa.gov.mission.newControl_zion-portable-1509933417937-e49e906a try #0
