0 [main] INFO kafka.utils.VerifiableProperties  - Verifying properties
36 [main] INFO kafka.utils.VerifiableProperties  - Property auto.offset.reset is overridden to largest
37 [main] WARN kafka.utils.VerifiableProperties  - Property destination.topic is not valid
37 [main] INFO kafka.utils.VerifiableProperties  - Property group.id is overridden to nasa.gov.mission.newControl-portable
37 [main] WARN kafka.utils.VerifiableProperties  - Property metadata.broker.list is not valid
37 [main] WARN kafka.utils.VerifiableProperties  - Property source.topic is not valid
37 [main] INFO kafka.utils.VerifiableProperties  - Property zookeeper.connect is overridden to zion-mainframe:2181
85 [main] INFO kafka.consumer.ZookeeperConsumerConnector  - [nasa.gov.mission.newControl-portable_zion-mainframe-1510725585418-bcc79491], Connecting to zookeeper instance at zion-mainframe:2181
92 [ZkClient-EventThread-14-zion-mainframe:2181] INFO org.I0Itec.zkclient.ZkEventThread  - Starting ZkClient event thread.
96 [main] INFO org.apache.zookeeper.ZooKeeper  - Client environment:zookeeper.version=3.4.6-1569965, built on 02/20/2014 09:09 GMT
96 [main] INFO org.apache.zookeeper.ZooKeeper  - Client environment:host.name=zion-mainframe
96 [main] INFO org.apache.zookeeper.ZooKeeper  - Client environment:java.version=1.8.0_151
96 [main] INFO org.apache.zookeeper.ZooKeeper  - Client environment:java.vendor=Oracle Corporation
96 [main] INFO org.apache.zookeeper.ZooKeeper  - Client environment:java.home=/usr/lib/jvm/java-8-openjdk-amd64/jre
96 [main] INFO org.apache.zookeeper.ZooKeeper  - Client environment:java.class.path=target/mission.control-0.0.1-SNAPSHOT-shaded.jar
96 [main] INFO org.apache.zookeeper.ZooKeeper  - Client environment:java.library.path=/usr/java/packages/lib/amd64:/usr/lib/x86_64-linux-gnu/jni:/lib/x86_64-linux-gnu:/usr/lib/x86_64-linux-gnu:/usr/lib/jni:/lib:/usr/lib
96 [main] INFO org.apache.zookeeper.ZooKeeper  - Client environment:java.io.tmpdir=/tmp
96 [main] INFO org.apache.zookeeper.ZooKeeper  - Client environment:java.compiler=<NA>
96 [main] INFO org.apache.zookeeper.ZooKeeper  - Client environment:os.name=Linux
96 [main] INFO org.apache.zookeeper.ZooKeeper  - Client environment:os.arch=amd64
96 [main] INFO org.apache.zookeeper.ZooKeeper  - Client environment:os.version=4.10.0-38-generic
96 [main] INFO org.apache.zookeeper.ZooKeeper  - Client environment:user.name=sanket
96 [main] INFO org.apache.zookeeper.ZooKeeper  - Client environment:user.home=/home/sanket
96 [main] INFO org.apache.zookeeper.ZooKeeper  - Client environment:user.dir=/home/sanket/Documents/workspace/Mission.Control/mission.control
96 [main] INFO org.apache.zookeeper.ZooKeeper  - Initiating client connection, connectString=zion-mainframe:2181 sessionTimeout=6000 watcher=org.I0Itec.zkclient.ZkClient@517cd4b
106 [main] INFO org.I0Itec.zkclient.ZkClient  - Waiting for keeper state SyncConnected
107 [main-SendThread(zion-mainframe:2181)] INFO org.apache.zookeeper.ClientCnxn  - Opening socket connection to server zion-mainframe/127.0.1.1:2181. Will not attempt to authenticate using SASL (unknown error)
149 [main-SendThread(zion-mainframe:2181)] INFO org.apache.zookeeper.ClientCnxn  - Socket connection established to zion-mainframe/127.0.1.1:2181, initiating session
156 [main-SendThread(zion-mainframe:2181)] INFO org.apache.zookeeper.ClientCnxn  - Session establishment complete on server zion-mainframe/127.0.1.1:2181, sessionid = 0x15fbe420ce20001, negotiated timeout = 6000
158 [main-EventThread] INFO org.I0Itec.zkclient.ZkClient  - zookeeper state changed (SyncConnected)
175 [main] INFO kafka.consumer.ZookeeperConsumerConnector  - [nasa.gov.mission.newControl-portable_zion-mainframe-1510725585418-bcc79491], starting auto committer every 60000 ms
205 [Thread-0] INFO kafka.consumer.ZookeeperConsumerConnector  - [nasa.gov.mission.newControl-portable_zion-mainframe-1510725585418-bcc79491], begin registering consumer nasa.gov.mission.newControl-portable_zion-mainframe-1510725585418-bcc79491 in ZK
226 [Thread-0] INFO kafka.utils.ZKCheckedEphemeral  - Creating /consumers/nasa.gov.mission.newControl-portable/ids/nasa.gov.mission.newControl-portable_zion-mainframe-1510725585418-bcc79491 (is it secure? false)
235 [Thread-0] INFO kafka.utils.ZKCheckedEphemeral  - Result of znode creation is: OK
236 [Thread-0] INFO kafka.consumer.ZookeeperConsumerConnector  - [nasa.gov.mission.newControl-portable_zion-mainframe-1510725585418-bcc79491], end registering consumer nasa.gov.mission.newControl-portable_zion-mainframe-1510725585418-bcc79491 in ZK
239 [nasa.gov.mission.newControl-portable_zion-mainframe-1510725585418-bcc79491_watcher_executor] INFO kafka.consumer.ZookeeperConsumerConnector  - [nasa.gov.mission.newControl-portable_zion-mainframe-1510725585418-bcc79491], starting watcher executor thread for consumer nasa.gov.mission.newControl-portable_zion-mainframe-1510725585418-bcc79491
252 [Thread-0] INFO kafka.consumer.ZookeeperConsumerConnector  - [nasa.gov.mission.newControl-portable_zion-mainframe-1510725585418-bcc79491], begin rebalancing consumer nasa.gov.mission.newControl-portable_zion-mainframe-1510725585418-bcc79491 try #0
328 [Thread-0] INFO kafka.consumer.ConsumerFetcherManager  - [ConsumerFetcherManager-1510725585504] Stopping leader finder thread
329 [Thread-0] INFO kafka.consumer.ConsumerFetcherManager  - [ConsumerFetcherManager-1510725585504] Stopping all fetchers
329 [Thread-0] INFO kafka.consumer.ConsumerFetcherManager  - [ConsumerFetcherManager-1510725585504] All connections stopped
329 [Thread-0] INFO kafka.consumer.ZookeeperConsumerConnector  - [nasa.gov.mission.newControl-portable_zion-mainframe-1510725585418-bcc79491], Cleared all relevant queues for this fetcher
330 [Thread-0] INFO kafka.consumer.ZookeeperConsumerConnector  - [nasa.gov.mission.newControl-portable_zion-mainframe-1510725585418-bcc79491], Cleared the data chunks in all the consumer message iterators
330 [Thread-0] INFO kafka.consumer.ZookeeperConsumerConnector  - [nasa.gov.mission.newControl-portable_zion-mainframe-1510725585418-bcc79491], Committing all offsets after clearing the fetcher queues
331 [Thread-0] INFO kafka.consumer.ZookeeperConsumerConnector  - [nasa.gov.mission.newControl-portable_zion-mainframe-1510725585418-bcc79491], Releasing partition ownership
348 [Thread-0] INFO kafka.consumer.RangeAssignor  - Consumer nasa.gov.mission.newControl-portable_zion-mainframe-1510725585418-bcc79491 rebalancing the following partitions: ArrayBuffer() for topic curiosity_to_earth_4 with consumers: List(nasa.gov.mission.newControl-portable_zion-mainframe-1510725585418-bcc79491-0)
348 [Thread-0] WARN kafka.consumer.RangeAssignor  - No broker partitions consumed by consumer thread nasa.gov.mission.newControl-portable_zion-mainframe-1510725585418-bcc79491-0 for topic curiosity_to_earth_4
355 [Thread-0] INFO kafka.consumer.ZookeeperConsumerConnector  - [nasa.gov.mission.newControl-portable_zion-mainframe-1510725585418-bcc79491], Consumer nasa.gov.mission.newControl-portable_zion-mainframe-1510725585418-bcc79491 selected partitions : 
356 [nasa.gov.mission.newControl-portable_zion-mainframe-1510725585418-bcc79491-leader-finder-thread] INFO kafka.consumer.ConsumerFetcherManager$LeaderFinderThread  - [nasa.gov.mission.newControl-portable_zion-mainframe-1510725585418-bcc79491-leader-finder-thread], Starting 
356 [Thread-0] INFO kafka.consumer.ZookeeperConsumerConnector  - [nasa.gov.mission.newControl-portable_zion-mainframe-1510725585418-bcc79491], end rebalancing consumer nasa.gov.mission.newControl-portable_zion-mainframe-1510725585418-bcc79491 try #0
66227 [ZkClient-EventThread-14-zion-mainframe:2181] INFO kafka.consumer.ZookeeperConsumerConnector  - [nasa.gov.mission.newControl-portable_zion-mainframe-1510725585418-bcc79491], Topic info for path /brokers/topics/curiosity_to_earth_4 changed to {"version":1,"partitions":{"0":[0]}}, triggering rebalance
66228 [nasa.gov.mission.newControl-portable_zion-mainframe-1510725585418-bcc79491_watcher_executor] INFO kafka.consumer.ZookeeperConsumerConnector  - [nasa.gov.mission.newControl-portable_zion-mainframe-1510725585418-bcc79491], begin rebalancing consumer nasa.gov.mission.newControl-portable_zion-mainframe-1510725585418-bcc79491 try #0
66262 [nasa.gov.mission.newControl-portable_zion-mainframe-1510725585418-bcc79491_watcher_executor] INFO kafka.consumer.ConsumerFetcherManager  - [ConsumerFetcherManager-1510725585504] Stopping leader finder thread
66263 [nasa.gov.mission.newControl-portable_zion-mainframe-1510725585418-bcc79491_watcher_executor] INFO kafka.consumer.ConsumerFetcherManager$LeaderFinderThread  - [nasa.gov.mission.newControl-portable_zion-mainframe-1510725585418-bcc79491-leader-finder-thread], Shutting down
66264 [nasa.gov.mission.newControl-portable_zion-mainframe-1510725585418-bcc79491-leader-finder-thread] INFO kafka.consumer.ConsumerFetcherManager$LeaderFinderThread  - [nasa.gov.mission.newControl-portable_zion-mainframe-1510725585418-bcc79491-leader-finder-thread], Stopped 
66264 [nasa.gov.mission.newControl-portable_zion-mainframe-1510725585418-bcc79491_watcher_executor] INFO kafka.consumer.ConsumerFetcherManager$LeaderFinderThread  - [nasa.gov.mission.newControl-portable_zion-mainframe-1510725585418-bcc79491-leader-finder-thread], Shutdown completed
66264 [nasa.gov.mission.newControl-portable_zion-mainframe-1510725585418-bcc79491_watcher_executor] INFO kafka.consumer.ConsumerFetcherManager  - [ConsumerFetcherManager-1510725585504] Stopping all fetchers
66264 [nasa.gov.mission.newControl-portable_zion-mainframe-1510725585418-bcc79491_watcher_executor] INFO kafka.consumer.ConsumerFetcherManager  - [ConsumerFetcherManager-1510725585504] All connections stopped
66264 [nasa.gov.mission.newControl-portable_zion-mainframe-1510725585418-bcc79491_watcher_executor] INFO kafka.consumer.ZookeeperConsumerConnector  - [nasa.gov.mission.newControl-portable_zion-mainframe-1510725585418-bcc79491], Cleared all relevant queues for this fetcher
66264 [nasa.gov.mission.newControl-portable_zion-mainframe-1510725585418-bcc79491_watcher_executor] INFO kafka.consumer.ZookeeperConsumerConnector  - [nasa.gov.mission.newControl-portable_zion-mainframe-1510725585418-bcc79491], Cleared the data chunks in all the consumer message iterators
66264 [nasa.gov.mission.newControl-portable_zion-mainframe-1510725585418-bcc79491_watcher_executor] INFO kafka.consumer.ZookeeperConsumerConnector  - [nasa.gov.mission.newControl-portable_zion-mainframe-1510725585418-bcc79491], Committing all offsets after clearing the fetcher queues
66264 [nasa.gov.mission.newControl-portable_zion-mainframe-1510725585418-bcc79491_watcher_executor] INFO kafka.consumer.ZookeeperConsumerConnector  - [nasa.gov.mission.newControl-portable_zion-mainframe-1510725585418-bcc79491], Releasing partition ownership
66280 [nasa.gov.mission.newControl-portable_zion-mainframe-1510725585418-bcc79491_watcher_executor] INFO kafka.consumer.RangeAssignor  - Consumer nasa.gov.mission.newControl-portable_zion-mainframe-1510725585418-bcc79491 rebalancing the following partitions: ArrayBuffer(0) for topic curiosity_to_earth_4 with consumers: List(nasa.gov.mission.newControl-portable_zion-mainframe-1510725585418-bcc79491-0)
66281 [nasa.gov.mission.newControl-portable_zion-mainframe-1510725585418-bcc79491_watcher_executor] INFO kafka.consumer.RangeAssignor  - nasa.gov.mission.newControl-portable_zion-mainframe-1510725585418-bcc79491-0 attempting to claim partition 0
66308 [nasa.gov.mission.newControl-portable_zion-mainframe-1510725585418-bcc79491_watcher_executor] INFO kafka.consumer.ZookeeperConsumerConnector  - [nasa.gov.mission.newControl-portable_zion-mainframe-1510725585418-bcc79491], nasa.gov.mission.newControl-portable_zion-mainframe-1510725585418-bcc79491-0 successfully owned partition 0 for topic curiosity_to_earth_4
66314 [nasa.gov.mission.newControl-portable_zion-mainframe-1510725585418-bcc79491_watcher_executor] INFO kafka.consumer.ZookeeperConsumerConnector  - [nasa.gov.mission.newControl-portable_zion-mainframe-1510725585418-bcc79491], Consumer nasa.gov.mission.newControl-portable_zion-mainframe-1510725585418-bcc79491 selected partitions : curiosity_to_earth_4:0: fetched offset = -1: consumed offset = -1
66315 [nasa.gov.mission.newControl-portable_zion-mainframe-1510725585418-bcc79491_watcher_executor] INFO kafka.consumer.ZookeeperConsumerConnector  - [nasa.gov.mission.newControl-portable_zion-mainframe-1510725585418-bcc79491], end rebalancing consumer nasa.gov.mission.newControl-portable_zion-mainframe-1510725585418-bcc79491 try #0
66315 [nasa.gov.mission.newControl-portable_zion-mainframe-1510725585418-bcc79491-leader-finder-thread] INFO kafka.consumer.ConsumerFetcherManager$LeaderFinderThread  - [nasa.gov.mission.newControl-portable_zion-mainframe-1510725585418-bcc79491-leader-finder-thread], Starting 
66339 [nasa.gov.mission.newControl-portable_zion-mainframe-1510725585418-bcc79491-leader-finder-thread] INFO kafka.utils.VerifiableProperties  - Verifying properties
66339 [nasa.gov.mission.newControl-portable_zion-mainframe-1510725585418-bcc79491-leader-finder-thread] INFO kafka.utils.VerifiableProperties  - Property client.id is overridden to nasa.gov.mission.newControl-portable
66339 [nasa.gov.mission.newControl-portable_zion-mainframe-1510725585418-bcc79491-leader-finder-thread] INFO kafka.utils.VerifiableProperties  - Property metadata.broker.list is overridden to zion-mainframe:9092
66339 [nasa.gov.mission.newControl-portable_zion-mainframe-1510725585418-bcc79491-leader-finder-thread] INFO kafka.utils.VerifiableProperties  - Property request.timeout.ms is overridden to 30000
66353 [nasa.gov.mission.newControl-portable_zion-mainframe-1510725585418-bcc79491-leader-finder-thread] INFO kafka.client.ClientUtils$  - Fetching metadata from broker BrokerEndPoint(0,zion-mainframe,9092) with correlation id 0 for 1 topic(s) Set(curiosity_to_earth_4)
66372 [nasa.gov.mission.newControl-portable_zion-mainframe-1510725585418-bcc79491-leader-finder-thread] INFO kafka.producer.SyncProducer  - Connected to zion-mainframe:9092 for producing
66387 [nasa.gov.mission.newControl-portable_zion-mainframe-1510725585418-bcc79491-leader-finder-thread] INFO kafka.producer.SyncProducer  - Disconnecting from zion-mainframe:9092
66407 [ConsumerFetcherThread-nasa.gov.mission.newControl-portable_zion-mainframe-1510725585418-bcc79491-0-0] INFO kafka.consumer.ConsumerFetcherThread  - [ConsumerFetcherThread-nasa.gov.mission.newControl-portable_zion-mainframe-1510725585418-bcc79491-0-0], Starting 
66420 [nasa.gov.mission.newControl-portable_zion-mainframe-1510725585418-bcc79491-leader-finder-thread] INFO kafka.consumer.ConsumerFetcherManager  - [ConsumerFetcherManager-1510725585504] Added fetcher for partitions ArrayBuffer([[curiosity_to_earth_4,0], initOffset -1 to broker BrokerEndPoint(0,zion-mainframe,9092)] )
44942328 [ConsumerFetcherThread-nasa.gov.mission.newControl-portable_zion-mainframe-1510725585418-bcc79491-0-0] INFO kafka.consumer.SimpleConsumer  - Reconnect due to error:
java.io.EOFException
	at org.apache.kafka.common.network.NetworkReceive.readFromReadableChannel(NetworkReceive.java:83)
	at kafka.network.BlockingChannel.readCompletely(BlockingChannel.scala:129)
	at kafka.network.BlockingChannel.receive(BlockingChannel.scala:120)
	at kafka.consumer.SimpleConsumer.liftedTree1$1(SimpleConsumer.scala:86)
	at kafka.consumer.SimpleConsumer.kafka$consumer$SimpleConsumer$$sendRequest(SimpleConsumer.scala:83)
	at kafka.consumer.SimpleConsumer$$anonfun$fetch$1$$anonfun$apply$mcV$sp$1.apply$mcV$sp(SimpleConsumer.scala:132)
	at kafka.consumer.SimpleConsumer$$anonfun$fetch$1$$anonfun$apply$mcV$sp$1.apply(SimpleConsumer.scala:132)
	at kafka.consumer.SimpleConsumer$$anonfun$fetch$1$$anonfun$apply$mcV$sp$1.apply(SimpleConsumer.scala:132)
	at kafka.metrics.KafkaTimer.time(KafkaTimer.scala:33)
	at kafka.consumer.SimpleConsumer$$anonfun$fetch$1.apply$mcV$sp(SimpleConsumer.scala:131)
	at kafka.consumer.SimpleConsumer$$anonfun$fetch$1.apply(SimpleConsumer.scala:131)
	at kafka.consumer.SimpleConsumer$$anonfun$fetch$1.apply(SimpleConsumer.scala:131)
	at kafka.metrics.KafkaTimer.time(KafkaTimer.scala:33)
	at kafka.consumer.SimpleConsumer.fetch(SimpleConsumer.scala:130)
	at kafka.consumer.ConsumerFetcherThread.fetch(ConsumerFetcherThread.scala:108)
	at kafka.consumer.ConsumerFetcherThread.fetch(ConsumerFetcherThread.scala:29)
	at kafka.server.AbstractFetcherThread.processFetchRequest(AbstractFetcherThread.scala:102)
	at kafka.server.AbstractFetcherThread.doWork(AbstractFetcherThread.scala:93)
	at kafka.utils.ShutdownableThread.run(ShutdownableThread.scala:63)
