0 [main] INFO kafka.utils.VerifiableProperties  - Verifying properties
20 [main] INFO kafka.utils.VerifiableProperties  - Property auto.offset.reset is overridden to largest
20 [main] WARN kafka.utils.VerifiableProperties  - Property bootstrap.servers is not valid
20 [main] WARN kafka.utils.VerifiableProperties  - Property destination.topic is not valid
21 [main] INFO kafka.utils.VerifiableProperties  - Property group.id is overridden to space.exploration.mars.rover.curiosity.1543082174263
21 [main] WARN kafka.utils.VerifiableProperties  - Property key.serializer is not valid
21 [main] WARN kafka.utils.VerifiableProperties  - Property metadata.broker.list is not valid
21 [main] WARN kafka.utils.VerifiableProperties  - Property source.topic is not valid
21 [main] WARN kafka.utils.VerifiableProperties  - Property value.serializer is not valid
21 [main] INFO kafka.utils.VerifiableProperties  - Property zookeeper.connect is overridden to antares-mainframe:2181
54 [main] INFO kafka.consumer.ZookeeperConsumerConnector  - [space.exploration.mars.rover.curiosity.1543082174263_antares-mainframe-1543082174515-94d28367], Connecting to zookeeper instance at antares-mainframe:2181
59 [ZkClient-EventThread-28-antares-mainframe:2181] INFO org.I0Itec.zkclient.ZkEventThread  - Starting ZkClient event thread.
62 [main] INFO org.apache.zookeeper.ZooKeeper  - Client environment:zookeeper.version=3.4.6-1569965, built on 02/20/2014 09:09 GMT
62 [main] INFO org.apache.zookeeper.ZooKeeper  - Client environment:host.name=antares-mainframe
62 [main] INFO org.apache.zookeeper.ZooKeeper  - Client environment:java.version=10.0.2
62 [main] INFO org.apache.zookeeper.ZooKeeper  - Client environment:java.vendor=Oracle Corporation
62 [main] INFO org.apache.zookeeper.ZooKeeper  - Client environment:java.home=/usr/lib/jvm/java-11-openjdk-amd64
62 [main] INFO org.apache.zookeeper.ZooKeeper  - Client environment:java.class.path=target/mission.control-2.0-shaded.jar
62 [main] INFO org.apache.zookeeper.ZooKeeper  - Client environment:java.library.path=/usr/java/packages/lib:/usr/lib/x86_64-linux-gnu/jni:/lib/x86_64-linux-gnu:/usr/lib/x86_64-linux-gnu:/usr/lib/jni:/lib:/usr/lib
62 [main] INFO org.apache.zookeeper.ZooKeeper  - Client environment:java.io.tmpdir=/tmp
62 [main] INFO org.apache.zookeeper.ZooKeeper  - Client environment:java.compiler=<NA>
62 [main] INFO org.apache.zookeeper.ZooKeeper  - Client environment:os.name=Linux
62 [main] INFO org.apache.zookeeper.ZooKeeper  - Client environment:os.arch=amd64
62 [main] INFO org.apache.zookeeper.ZooKeeper  - Client environment:os.version=4.15.0-39-generic
62 [main] INFO org.apache.zookeeper.ZooKeeper  - Client environment:user.name=sanket
62 [main] INFO org.apache.zookeeper.ZooKeeper  - Client environment:user.home=/home/sanket
62 [main] INFO org.apache.zookeeper.ZooKeeper  - Client environment:user.dir=/home/sanket/Documents/workspace/Mission.Control
63 [main] INFO org.apache.zookeeper.ZooKeeper  - Initiating client connection, connectString=antares-mainframe:2181 sessionTimeout=6000 watcher=org.I0Itec.zkclient.ZkClient@4bbf6d0e
71 [main] INFO org.I0Itec.zkclient.ZkClient  - Waiting for keeper state SyncConnected
76 [main-SendThread(antares-mainframe:2181)] INFO org.apache.zookeeper.ClientCnxn  - Opening socket connection to server antares-mainframe/127.0.1.1:2181. Will not attempt to authenticate using SASL (unknown error)
82 [main-SendThread(antares-mainframe:2181)] INFO org.apache.zookeeper.ClientCnxn  - Socket connection established to antares-mainframe/127.0.1.1:2181, initiating session
101 [main-SendThread(antares-mainframe:2181)] INFO org.apache.zookeeper.ClientCnxn  - Session establishment complete on server antares-mainframe/127.0.1.1:2181, sessionid = 0x16746c2f4950005, negotiated timeout = 6000
103 [main-EventThread] INFO org.I0Itec.zkclient.ZkClient  - zookeeper state changed (SyncConnected)
110 [main] INFO kafka.consumer.ZookeeperConsumerConnector  - [space.exploration.mars.rover.curiosity.1543082174263_antares-mainframe-1543082174515-94d28367], starting auto committer every 60000 ms
135 [Thread-0] INFO kafka.consumer.ZookeeperConsumerConnector  - [space.exploration.mars.rover.curiosity.1543082174263_antares-mainframe-1543082174515-94d28367], begin registering consumer space.exploration.mars.rover.curiosity.1543082174263_antares-mainframe-1543082174515-94d28367 in ZK
150 [Thread-0] INFO kafka.utils.ZKCheckedEphemeral  - Creating /consumers/space.exploration.mars.rover.curiosity.1543082174263/ids/space.exploration.mars.rover.curiosity.1543082174263_antares-mainframe-1543082174515-94d28367 (is it secure? false)
160 [Thread-0] INFO kafka.utils.ZKCheckedEphemeral  - Result of znode creation is: OK
160 [Thread-0] INFO kafka.consumer.ZookeeperConsumerConnector  - [space.exploration.mars.rover.curiosity.1543082174263_antares-mainframe-1543082174515-94d28367], end registering consumer space.exploration.mars.rover.curiosity.1543082174263_antares-mainframe-1543082174515-94d28367 in ZK
163 [space.exploration.mars.rover.curiosity.1543082174263_antares-mainframe-1543082174515-94d28367_watcher_executor] INFO kafka.consumer.ZookeeperConsumerConnector  - [space.exploration.mars.rover.curiosity.1543082174263_antares-mainframe-1543082174515-94d28367], starting watcher executor thread for consumer space.exploration.mars.rover.curiosity.1543082174263_antares-mainframe-1543082174515-94d28367
178 [Thread-0] INFO kafka.consumer.ZookeeperConsumerConnector  - [space.exploration.mars.rover.curiosity.1543082174263_antares-mainframe-1543082174515-94d28367], begin rebalancing consumer space.exploration.mars.rover.curiosity.1543082174263_antares-mainframe-1543082174515-94d28367 try #0
246 [Thread-0] INFO kafka.consumer.ConsumerFetcherManager  - [ConsumerFetcherManager-1543082174569] Stopping leader finder thread
246 [Thread-0] INFO kafka.consumer.ConsumerFetcherManager  - [ConsumerFetcherManager-1543082174569] Stopping all fetchers
246 [Thread-0] INFO kafka.consumer.ConsumerFetcherManager  - [ConsumerFetcherManager-1543082174569] All connections stopped
247 [Thread-0] INFO kafka.consumer.ZookeeperConsumerConnector  - [space.exploration.mars.rover.curiosity.1543082174263_antares-mainframe-1543082174515-94d28367], Cleared all relevant queues for this fetcher
247 [Thread-0] INFO kafka.consumer.ZookeeperConsumerConnector  - [space.exploration.mars.rover.curiosity.1543082174263_antares-mainframe-1543082174515-94d28367], Cleared the data chunks in all the consumer message iterators
247 [Thread-0] INFO kafka.consumer.ZookeeperConsumerConnector  - [space.exploration.mars.rover.curiosity.1543082174263_antares-mainframe-1543082174515-94d28367], Committing all offsets after clearing the fetcher queues
248 [Thread-0] INFO kafka.consumer.ZookeeperConsumerConnector  - [space.exploration.mars.rover.curiosity.1543082174263_antares-mainframe-1543082174515-94d28367], Releasing partition ownership
265 [Thread-0] INFO kafka.consumer.RangeAssignor  - Consumer space.exploration.mars.rover.curiosity.1543082174263_antares-mainframe-1543082174515-94d28367 rebalancing the following partitions: ArrayBuffer(0) for topic curiosity_to_earth_6 with consumers: List(space.exploration.mars.rover.curiosity.1543082174263_antares-mainframe-1543082174515-94d28367-0)
266 [Thread-0] INFO kafka.consumer.RangeAssignor  - space.exploration.mars.rover.curiosity.1543082174263_antares-mainframe-1543082174515-94d28367-0 attempting to claim partition 0
292 [Thread-0] INFO kafka.consumer.ZookeeperConsumerConnector  - [space.exploration.mars.rover.curiosity.1543082174263_antares-mainframe-1543082174515-94d28367], space.exploration.mars.rover.curiosity.1543082174263_antares-mainframe-1543082174515-94d28367-0 successfully owned partition 0 for topic curiosity_to_earth_6
306 [Thread-0] INFO kafka.consumer.ZookeeperConsumerConnector  - [space.exploration.mars.rover.curiosity.1543082174263_antares-mainframe-1543082174515-94d28367], Consumer space.exploration.mars.rover.curiosity.1543082174263_antares-mainframe-1543082174515-94d28367 selected partitions : curiosity_to_earth_6:0: fetched offset = -1: consumed offset = -1
307 [space.exploration.mars.rover.curiosity.1543082174263_antares-mainframe-1543082174515-94d28367-leader-finder-thread] INFO kafka.consumer.ConsumerFetcherManager$LeaderFinderThread  - [space.exploration.mars.rover.curiosity.1543082174263_antares-mainframe-1543082174515-94d28367-leader-finder-thread], Starting 
308 [Thread-0] INFO kafka.consumer.ZookeeperConsumerConnector  - [space.exploration.mars.rover.curiosity.1543082174263_antares-mainframe-1543082174515-94d28367], end rebalancing consumer space.exploration.mars.rover.curiosity.1543082174263_antares-mainframe-1543082174515-94d28367 try #0
318 [space.exploration.mars.rover.curiosity.1543082174263_antares-mainframe-1543082174515-94d28367-leader-finder-thread] INFO kafka.utils.VerifiableProperties  - Verifying properties
319 [space.exploration.mars.rover.curiosity.1543082174263_antares-mainframe-1543082174515-94d28367-leader-finder-thread] INFO kafka.utils.VerifiableProperties  - Property client.id is overridden to space.exploration.mars.rover.curiosity.1543082174263
319 [space.exploration.mars.rover.curiosity.1543082174263_antares-mainframe-1543082174515-94d28367-leader-finder-thread] INFO kafka.utils.VerifiableProperties  - Property metadata.broker.list is overridden to antares-mainframe:9092
319 [space.exploration.mars.rover.curiosity.1543082174263_antares-mainframe-1543082174515-94d28367-leader-finder-thread] INFO kafka.utils.VerifiableProperties  - Property request.timeout.ms is overridden to 30000
328 [space.exploration.mars.rover.curiosity.1543082174263_antares-mainframe-1543082174515-94d28367-leader-finder-thread] INFO kafka.client.ClientUtils$  - Fetching metadata from broker BrokerEndPoint(0,antares-mainframe,9092) with correlation id 0 for 1 topic(s) Set(curiosity_to_earth_6)
330 [space.exploration.mars.rover.curiosity.1543082174263_antares-mainframe-1543082174515-94d28367-leader-finder-thread] INFO kafka.producer.SyncProducer  - Connected to antares-mainframe:9092 for producing
340 [space.exploration.mars.rover.curiosity.1543082174263_antares-mainframe-1543082174515-94d28367-leader-finder-thread] INFO kafka.producer.SyncProducer  - Disconnecting from antares-mainframe:9092
364 [ConsumerFetcherThread-space.exploration.mars.rover.curiosity.1543082174263_antares-mainframe-1543082174515-94d28367-0-0] INFO kafka.consumer.ConsumerFetcherThread  - [ConsumerFetcherThread-space.exploration.mars.rover.curiosity.1543082174263_antares-mainframe-1543082174515-94d28367-0-0], Starting 
370 [space.exploration.mars.rover.curiosity.1543082174263_antares-mainframe-1543082174515-94d28367-leader-finder-thread] INFO kafka.consumer.ConsumerFetcherManager  - [ConsumerFetcherManager-1543082174569] Added fetcher for partitions ArrayBuffer([[curiosity_to_earth_6,0], initOffset -1 to broker BrokerEndPoint(0,antares-mainframe,9092)] )
