0 [main] INFO kafka.utils.VerifiableProperties  - Verifying properties
63 [main] WARN kafka.utils.VerifiableProperties  - Property auto.offset.reset is not valid
63 [main] WARN kafka.utils.VerifiableProperties  - Property bootstrap.servers is not valid
64 [main] WARN kafka.utils.VerifiableProperties  - Property destination.topic is not valid
64 [main] WARN kafka.utils.VerifiableProperties  - Property group.id is not valid
64 [main] WARN kafka.utils.VerifiableProperties  - Property key.serializer is not valid
64 [main] INFO kafka.utils.VerifiableProperties  - Property metadata.broker.list is overridden to localhost:9092
64 [main] WARN kafka.utils.VerifiableProperties  - Property source.topic is not valid
65 [main] WARN kafka.utils.VerifiableProperties  - Property value.serializer is not valid
65 [main] WARN kafka.utils.VerifiableProperties  - Property zookeeper.connect is not valid
374 [main] INFO kafka.client.ClientUtils$  - Fetching metadata from broker BrokerEndPoint(0,localhost,9092) with correlation id 0 for 1 topic(s) Set(earth_to_curiosity_5)
526 [main] INFO kafka.producer.SyncProducer  - Connected to localhost:9092 for producing
564 [main] INFO kafka.producer.SyncProducer  - Disconnecting from localhost:9092
678 [main] INFO kafka.producer.SyncProducer  - Connected to zion-mainframe:9092 for producing
630789 [main] INFO kafka.client.ClientUtils$  - Fetching metadata from broker BrokerEndPoint(0,localhost,9092) with correlation id 41 for 1 topic(s) Set(earth_to_curiosity_5)
630793 [main] INFO kafka.producer.SyncProducer  - Connected to localhost:9092 for producing
630796 [main] INFO kafka.producer.SyncProducer  - Disconnecting from localhost:9092
630798 [main] INFO kafka.producer.SyncProducer  - Disconnecting from zion-mainframe:9092
630804 [main] INFO kafka.producer.SyncProducer  - Connected to zion-mainframe:9092 for producing
1260868 [main] INFO kafka.client.ClientUtils$  - Fetching metadata from broker BrokerEndPoint(0,localhost,9092) with correlation id 82 for 1 topic(s) Set(earth_to_curiosity_5)
1260871 [main] INFO kafka.producer.SyncProducer  - Connected to localhost:9092 for producing
1260873 [main] INFO kafka.producer.SyncProducer  - Disconnecting from localhost:9092
1260874 [main] INFO kafka.producer.SyncProducer  - Disconnecting from zion-mainframe:9092
1260878 [main] INFO kafka.producer.SyncProducer  - Connected to zion-mainframe:9092 for producing
1890933 [main] INFO kafka.client.ClientUtils$  - Fetching metadata from broker BrokerEndPoint(0,localhost,9092) with correlation id 123 for 1 topic(s) Set(earth_to_curiosity_5)
1890935 [main] INFO kafka.producer.SyncProducer  - Connected to localhost:9092 for producing
1890937 [main] INFO kafka.producer.SyncProducer  - Disconnecting from localhost:9092
1890938 [main] INFO kafka.producer.SyncProducer  - Disconnecting from zion-mainframe:9092
1890941 [main] INFO kafka.producer.SyncProducer  - Connected to zion-mainframe:9092 for producing
