1 [main] INFO kafka.utils.VerifiableProperties  - Verifying properties
25 [main] WARN kafka.utils.VerifiableProperties  - Property auto.offset.reset is not valid
25 [main] WARN kafka.utils.VerifiableProperties  - Property bootstrap.servers is not valid
26 [main] WARN kafka.utils.VerifiableProperties  - Property destination.topic is not valid
26 [main] WARN kafka.utils.VerifiableProperties  - Property group.id is not valid
26 [main] WARN kafka.utils.VerifiableProperties  - Property key.serializer is not valid
26 [main] INFO kafka.utils.VerifiableProperties  - Property metadata.broker.list is overridden to localhost:9092
27 [main] WARN kafka.utils.VerifiableProperties  - Property source.topic is not valid
27 [main] WARN kafka.utils.VerifiableProperties  - Property value.serializer is not valid
27 [main] WARN kafka.utils.VerifiableProperties  - Property zookeeper.connect is not valid
269 [main] INFO kafka.client.ClientUtils$  - Fetching metadata from broker BrokerEndPoint(0,localhost,9092) with correlation id 0 for 1 topic(s) Set(earth_to_curiosity_5)
277 [main] INFO kafka.producer.SyncProducer  - Connected to localhost:9092 for producing
291 [main] INFO kafka.producer.SyncProducer  - Disconnecting from localhost:9092
336 [main] INFO kafka.producer.SyncProducer  - Connected to zion-mainframe:9092 for producing
611872 [main] INFO kafka.client.ClientUtils$  - Fetching metadata from broker BrokerEndPoint(0,localhost,9092) with correlation id 49 for 1 topic(s) Set(earth_to_curiosity_5)
611873 [main] INFO kafka.producer.SyncProducer  - Connected to localhost:9092 for producing
611874 [main] INFO kafka.producer.SyncProducer  - Disconnecting from localhost:9092
611874 [main] INFO kafka.producer.SyncProducer  - Disconnecting from zion-mainframe:9092
611876 [main] INFO kafka.producer.SyncProducer  - Connected to zion-mainframe:9092 for producing
1227723 [main] INFO kafka.client.ClientUtils$  - Fetching metadata from broker BrokerEndPoint(0,localhost,9092) with correlation id 104 for 1 topic(s) Set(earth_to_curiosity_5)
1227724 [main] INFO kafka.producer.SyncProducer  - Connected to localhost:9092 for producing
1227725 [main] INFO kafka.producer.SyncProducer  - Disconnecting from localhost:9092
1227726 [main] INFO kafka.producer.SyncProducer  - Disconnecting from zion-mainframe:9092
1227727 [main] INFO kafka.producer.SyncProducer  - Connected to zion-mainframe:9092 for producing
1842005 [main] INFO kafka.client.ClientUtils$  - Fetching metadata from broker BrokerEndPoint(0,localhost,9092) with correlation id 157 for 1 topic(s) Set(earth_to_curiosity_5)
1842005 [main] INFO kafka.producer.SyncProducer  - Connected to localhost:9092 for producing
1842005 [main] INFO kafka.producer.SyncProducer  - Disconnecting from localhost:9092
1842006 [main] INFO kafka.producer.SyncProducer  - Disconnecting from zion-mainframe:9092
1842006 [main] INFO kafka.producer.SyncProducer  - Connected to zion-mainframe:9092 for producing
2456255 [main] INFO kafka.client.ClientUtils$  - Fetching metadata from broker BrokerEndPoint(0,localhost,9092) with correlation id 210 for 1 topic(s) Set(earth_to_curiosity_5)
2456255 [main] INFO kafka.producer.SyncProducer  - Connected to localhost:9092 for producing
2456256 [main] INFO kafka.producer.SyncProducer  - Disconnecting from localhost:9092
2456257 [main] INFO kafka.producer.SyncProducer  - Disconnecting from zion-mainframe:9092
2456257 [main] INFO kafka.producer.SyncProducer  - Connected to zion-mainframe:9092 for producing
3067455 [main] INFO kafka.client.ClientUtils$  - Fetching metadata from broker BrokerEndPoint(0,localhost,9092) with correlation id 259 for 1 topic(s) Set(earth_to_curiosity_5)
3067455 [main] INFO kafka.producer.SyncProducer  - Connected to localhost:9092 for producing
3067456 [main] INFO kafka.producer.SyncProducer  - Disconnecting from localhost:9092
3067456 [main] INFO kafka.producer.SyncProducer  - Disconnecting from zion-mainframe:9092
3067457 [main] INFO kafka.producer.SyncProducer  - Connected to zion-mainframe:9092 for producing
3681706 [main] INFO kafka.client.ClientUtils$  - Fetching metadata from broker BrokerEndPoint(0,localhost,9092) with correlation id 312 for 1 topic(s) Set(earth_to_curiosity_5)
3681706 [main] INFO kafka.producer.SyncProducer  - Connected to localhost:9092 for producing
3681707 [main] INFO kafka.producer.SyncProducer  - Disconnecting from localhost:9092
3681707 [main] INFO kafka.producer.SyncProducer  - Disconnecting from zion-mainframe:9092
3681708 [main] INFO kafka.producer.SyncProducer  - Connected to zion-mainframe:9092 for producing
4295986 [main] INFO kafka.client.ClientUtils$  - Fetching metadata from broker BrokerEndPoint(0,localhost,9092) with correlation id 365 for 1 topic(s) Set(earth_to_curiosity_5)
4295987 [main] INFO kafka.producer.SyncProducer  - Connected to localhost:9092 for producing
4295987 [main] INFO kafka.producer.SyncProducer  - Disconnecting from localhost:9092
4295988 [main] INFO kafka.producer.SyncProducer  - Disconnecting from zion-mainframe:9092
4295988 [main] INFO kafka.producer.SyncProducer  - Connected to zion-mainframe:9092 for producing
4905660 [main] INFO kafka.client.ClientUtils$  - Fetching metadata from broker BrokerEndPoint(0,localhost,9092) with correlation id 412 for 1 topic(s) Set(earth_to_curiosity_5)
4905660 [main] INFO kafka.producer.SyncProducer  - Connected to localhost:9092 for producing
4905661 [main] INFO kafka.producer.SyncProducer  - Disconnecting from localhost:9092
4905661 [main] INFO kafka.producer.SyncProducer  - Disconnecting from zion-mainframe:9092
4905662 [main] INFO kafka.producer.SyncProducer  - Connected to zion-mainframe:9092 for producing
5521389 [main] INFO kafka.client.ClientUtils$  - Fetching metadata from broker BrokerEndPoint(0,localhost,9092) with correlation id 467 for 1 topic(s) Set(earth_to_curiosity_5)
5521389 [main] INFO kafka.producer.SyncProducer  - Connected to localhost:9092 for producing
5521390 [main] INFO kafka.producer.SyncProducer  - Disconnecting from localhost:9092
5521390 [main] INFO kafka.producer.SyncProducer  - Disconnecting from zion-mainframe:9092
5521391 [main] INFO kafka.producer.SyncProducer  - Connected to zion-mainframe:9092 for producing
6135578 [main] INFO kafka.client.ClientUtils$  - Fetching metadata from broker BrokerEndPoint(0,localhost,9092) with correlation id 520 for 1 topic(s) Set(earth_to_curiosity_5)
6135579 [main] INFO kafka.producer.SyncProducer  - Connected to localhost:9092 for producing
6135579 [main] INFO kafka.producer.SyncProducer  - Disconnecting from localhost:9092
6135579 [main] INFO kafka.producer.SyncProducer  - Disconnecting from zion-mainframe:9092
6135580 [main] INFO kafka.producer.SyncProducer  - Connected to zion-mainframe:9092 for producing
6749812 [main] INFO kafka.client.ClientUtils$  - Fetching metadata from broker BrokerEndPoint(0,localhost,9092) with correlation id 573 for 1 topic(s) Set(earth_to_curiosity_5)
6749813 [main] INFO kafka.producer.SyncProducer  - Connected to localhost:9092 for producing
6749815 [main] INFO kafka.producer.SyncProducer  - Disconnecting from localhost:9092
6749816 [main] INFO kafka.producer.SyncProducer  - Disconnecting from zion-mainframe:9092
6749818 [main] INFO kafka.producer.SyncProducer  - Connected to zion-mainframe:9092 for producing
7361095 [main] INFO kafka.client.ClientUtils$  - Fetching metadata from broker BrokerEndPoint(0,localhost,9092) with correlation id 622 for 1 topic(s) Set(earth_to_curiosity_5)
7361096 [main] INFO kafka.producer.SyncProducer  - Connected to localhost:9092 for producing
7361096 [main] INFO kafka.producer.SyncProducer  - Disconnecting from localhost:9092
7361097 [main] INFO kafka.producer.SyncProducer  - Disconnecting from zion-mainframe:9092
7361097 [main] INFO kafka.producer.SyncProducer  - Connected to zion-mainframe:9092 for producing
7973966 [main] INFO kafka.client.ClientUtils$  - Fetching metadata from broker BrokerEndPoint(0,localhost,9092) with correlation id 673 for 1 topic(s) Set(earth_to_curiosity_5)
7973967 [main] INFO kafka.producer.SyncProducer  - Connected to localhost:9092 for producing
7973967 [main] INFO kafka.producer.SyncProducer  - Disconnecting from localhost:9092
7973967 [main] INFO kafka.producer.SyncProducer  - Disconnecting from zion-mainframe:9092
7973968 [main] INFO kafka.producer.SyncProducer  - Connected to zion-mainframe:9092 for producing
8585159 [main] INFO kafka.client.ClientUtils$  - Fetching metadata from broker BrokerEndPoint(0,localhost,9092) with correlation id 722 for 1 topic(s) Set(earth_to_curiosity_5)
8585159 [main] INFO kafka.producer.SyncProducer  - Connected to localhost:9092 for producing
8585160 [main] INFO kafka.producer.SyncProducer  - Disconnecting from localhost:9092
8585160 [main] INFO kafka.producer.SyncProducer  - Disconnecting from zion-mainframe:9092
8585161 [main] INFO kafka.producer.SyncProducer  - Connected to zion-mainframe:9092 for producing
9196172 [main] INFO kafka.client.ClientUtils$  - Fetching metadata from broker BrokerEndPoint(0,localhost,9092) with correlation id 771 for 1 topic(s) Set(earth_to_curiosity_5)
9196172 [main] INFO kafka.producer.SyncProducer  - Connected to localhost:9092 for producing
9196174 [main] INFO kafka.producer.SyncProducer  - Disconnecting from localhost:9092
9196174 [main] INFO kafka.producer.SyncProducer  - Disconnecting from zion-mainframe:9092
9196175 [main] INFO kafka.producer.SyncProducer  - Connected to zion-mainframe:9092 for producing
