0 [main] INFO kafka.utils.VerifiableProperties  - Verifying properties
35 [main] INFO kafka.utils.VerifiableProperties  - Property auto.offset.reset is overridden to largest
35 [main] WARN kafka.utils.VerifiableProperties  - Property bootstrap.servers is not valid
35 [main] WARN kafka.utils.VerifiableProperties  - Property destination.topic is not valid
35 [main] INFO kafka.utils.VerifiableProperties  - Property group.id is overridden to space.exploration.mars.rover.curiosity.1516941857816
35 [main] WARN kafka.utils.VerifiableProperties  - Property key.serializer is not valid
35 [main] WARN kafka.utils.VerifiableProperties  - Property metadata.broker.list is not valid
35 [main] WARN kafka.utils.VerifiableProperties  - Property source.topic is not valid
36 [main] WARN kafka.utils.VerifiableProperties  - Property value.serializer is not valid
36 [main] INFO kafka.utils.VerifiableProperties  - Property zookeeper.connect is overridden to localhost:2181
97 [main] INFO kafka.consumer.ZookeeperConsumerConnector  - [space.exploration.mars.rover.curiosity.1516941857816_zion-mainframe-1516941858189-bd5fd645], Connecting to zookeeper instance at localhost:2181
119 [ZkClient-EventThread-14-localhost:2181] INFO org.I0Itec.zkclient.ZkEventThread  - Starting ZkClient event thread.
138 [main] INFO org.apache.zookeeper.ZooKeeper  - Client environment:zookeeper.version=3.4.6-1569965, built on 02/20/2014 09:09 GMT
138 [main] INFO org.apache.zookeeper.ZooKeeper  - Client environment:host.name=zion-mainframe
138 [main] INFO org.apache.zookeeper.ZooKeeper  - Client environment:java.version=1.8.0_151
138 [main] INFO org.apache.zookeeper.ZooKeeper  - Client environment:java.vendor=Oracle Corporation
138 [main] INFO org.apache.zookeeper.ZooKeeper  - Client environment:java.home=/usr/lib/jvm/java-8-openjdk-amd64/jre
138 [main] INFO org.apache.zookeeper.ZooKeeper  - Client environment:java.class.path=target/mission.control-1.2-shaded.jar
138 [main] INFO org.apache.zookeeper.ZooKeeper  - Client environment:java.library.path=$LD_LIBRARY_PATH:"/home/sanket/Documents/workspace/SpiceUtilities/src/main/resources/JNISpice/lib/libJNISpice.so":/usr/java/packages/lib/amd64:/usr/lib/x86_64-linux-gnu/jni:/lib/x86_64-linux-gnu:/usr/lib/x86_64-linux-gnu:/usr/lib/jni:/lib:/usr/lib
138 [main] INFO org.apache.zookeeper.ZooKeeper  - Client environment:java.io.tmpdir=/tmp
138 [main] INFO org.apache.zookeeper.ZooKeeper  - Client environment:java.compiler=<NA>
138 [main] INFO org.apache.zookeeper.ZooKeeper  - Client environment:os.name=Linux
138 [main] INFO org.apache.zookeeper.ZooKeeper  - Client environment:os.arch=amd64
138 [main] INFO org.apache.zookeeper.ZooKeeper  - Client environment:os.version=4.13.0-26-generic
138 [main] INFO org.apache.zookeeper.ZooKeeper  - Client environment:user.name=sanket
138 [main] INFO org.apache.zookeeper.ZooKeeper  - Client environment:user.home=/home/sanket
138 [main] INFO org.apache.zookeeper.ZooKeeper  - Client environment:user.dir=/home/sanket/Documents/workspace/Mission.Control
139 [main] INFO org.apache.zookeeper.ZooKeeper  - Initiating client connection, connectString=localhost:2181 sessionTimeout=6000 watcher=org.I0Itec.zkclient.ZkClient@2d127a61
164 [main] INFO org.I0Itec.zkclient.ZkClient  - Waiting for keeper state SyncConnected
170 [main-SendThread(localhost:2181)] INFO org.apache.zookeeper.ClientCnxn  - Opening socket connection to server localhost/127.0.0.1:2181. Will not attempt to authenticate using SASL (unknown error)
233 [main-SendThread(localhost:2181)] INFO org.apache.zookeeper.ClientCnxn  - Socket connection established to localhost/127.0.0.1:2181, initiating session
257 [main-SendThread(localhost:2181)] INFO org.apache.zookeeper.ClientCnxn  - Session establishment complete on server localhost/127.0.0.1:2181, sessionid = 0x16111f6ce220025, negotiated timeout = 6000
258 [main-EventThread] INFO org.I0Itec.zkclient.ZkClient  - zookeeper state changed (SyncConnected)
268 [main] INFO kafka.consumer.ZookeeperConsumerConnector  - [space.exploration.mars.rover.curiosity.1516941857816_zion-mainframe-1516941858189-bd5fd645], starting auto committer every 60000 ms
290 [Thread-0] INFO kafka.consumer.ZookeeperConsumerConnector  - [space.exploration.mars.rover.curiosity.1516941857816_zion-mainframe-1516941858189-bd5fd645], begin registering consumer space.exploration.mars.rover.curiosity.1516941857816_zion-mainframe-1516941858189-bd5fd645 in ZK
311 [Thread-0] INFO kafka.utils.ZKCheckedEphemeral  - Creating /consumers/space.exploration.mars.rover.curiosity.1516941857816/ids/space.exploration.mars.rover.curiosity.1516941857816_zion-mainframe-1516941858189-bd5fd645 (is it secure? false)
323 [Thread-0] INFO kafka.utils.ZKCheckedEphemeral  - Result of znode creation is: OK
323 [Thread-0] INFO kafka.consumer.ZookeeperConsumerConnector  - [space.exploration.mars.rover.curiosity.1516941857816_zion-mainframe-1516941858189-bd5fd645], end registering consumer space.exploration.mars.rover.curiosity.1516941857816_zion-mainframe-1516941858189-bd5fd645 in ZK
326 [space.exploration.mars.rover.curiosity.1516941857816_zion-mainframe-1516941858189-bd5fd645_watcher_executor] INFO kafka.consumer.ZookeeperConsumerConnector  - [space.exploration.mars.rover.curiosity.1516941857816_zion-mainframe-1516941858189-bd5fd645], starting watcher executor thread for consumer space.exploration.mars.rover.curiosity.1516941857816_zion-mainframe-1516941858189-bd5fd645
341 [Thread-0] INFO kafka.consumer.ZookeeperConsumerConnector  - [space.exploration.mars.rover.curiosity.1516941857816_zion-mainframe-1516941858189-bd5fd645], begin rebalancing consumer space.exploration.mars.rover.curiosity.1516941857816_zion-mainframe-1516941858189-bd5fd645 try #0
438 [Thread-0] INFO kafka.consumer.ConsumerFetcherManager  - [ConsumerFetcherManager-1516941858358] Stopping leader finder thread
438 [Thread-0] INFO kafka.consumer.ConsumerFetcherManager  - [ConsumerFetcherManager-1516941858358] Stopping all fetchers
439 [Thread-0] INFO kafka.consumer.ConsumerFetcherManager  - [ConsumerFetcherManager-1516941858358] All connections stopped
441 [Thread-0] INFO kafka.consumer.ZookeeperConsumerConnector  - [space.exploration.mars.rover.curiosity.1516941857816_zion-mainframe-1516941858189-bd5fd645], Cleared all relevant queues for this fetcher
442 [Thread-0] INFO kafka.consumer.ZookeeperConsumerConnector  - [space.exploration.mars.rover.curiosity.1516941857816_zion-mainframe-1516941858189-bd5fd645], Cleared the data chunks in all the consumer message iterators
442 [Thread-0] INFO kafka.consumer.ZookeeperConsumerConnector  - [space.exploration.mars.rover.curiosity.1516941857816_zion-mainframe-1516941858189-bd5fd645], Committing all offsets after clearing the fetcher queues
442 [Thread-0] INFO kafka.consumer.ZookeeperConsumerConnector  - [space.exploration.mars.rover.curiosity.1516941857816_zion-mainframe-1516941858189-bd5fd645], Releasing partition ownership
479 [Thread-0] INFO kafka.consumer.RangeAssignor  - Consumer space.exploration.mars.rover.curiosity.1516941857816_zion-mainframe-1516941858189-bd5fd645 rebalancing the following partitions: ArrayBuffer(0) for topic curiosity_to_earth_5 with consumers: List(space.exploration.mars.rover.curiosity.1516941857816_zion-mainframe-1516941858189-bd5fd645-0)
481 [Thread-0] INFO kafka.consumer.RangeAssignor  - space.exploration.mars.rover.curiosity.1516941857816_zion-mainframe-1516941858189-bd5fd645-0 attempting to claim partition 0
516 [Thread-0] INFO kafka.consumer.ZookeeperConsumerConnector  - [space.exploration.mars.rover.curiosity.1516941857816_zion-mainframe-1516941858189-bd5fd645], space.exploration.mars.rover.curiosity.1516941857816_zion-mainframe-1516941858189-bd5fd645-0 successfully owned partition 0 for topic curiosity_to_earth_5
531 [Thread-0] INFO kafka.consumer.ZookeeperConsumerConnector  - [space.exploration.mars.rover.curiosity.1516941857816_zion-mainframe-1516941858189-bd5fd645], Consumer space.exploration.mars.rover.curiosity.1516941857816_zion-mainframe-1516941858189-bd5fd645 selected partitions : curiosity_to_earth_5:0: fetched offset = -1: consumed offset = -1
532 [space.exploration.mars.rover.curiosity.1516941857816_zion-mainframe-1516941858189-bd5fd645-leader-finder-thread] INFO kafka.consumer.ConsumerFetcherManager$LeaderFinderThread  - [space.exploration.mars.rover.curiosity.1516941857816_zion-mainframe-1516941858189-bd5fd645-leader-finder-thread], Starting 
533 [Thread-0] INFO kafka.consumer.ZookeeperConsumerConnector  - [space.exploration.mars.rover.curiosity.1516941857816_zion-mainframe-1516941858189-bd5fd645], end rebalancing consumer space.exploration.mars.rover.curiosity.1516941857816_zion-mainframe-1516941858189-bd5fd645 try #0
555 [space.exploration.mars.rover.curiosity.1516941857816_zion-mainframe-1516941858189-bd5fd645-leader-finder-thread] INFO kafka.utils.VerifiableProperties  - Verifying properties
556 [space.exploration.mars.rover.curiosity.1516941857816_zion-mainframe-1516941858189-bd5fd645-leader-finder-thread] INFO kafka.utils.VerifiableProperties  - Property client.id is overridden to space.exploration.mars.rover.curiosity.1516941857816
556 [space.exploration.mars.rover.curiosity.1516941857816_zion-mainframe-1516941858189-bd5fd645-leader-finder-thread] INFO kafka.utils.VerifiableProperties  - Property metadata.broker.list is overridden to zion-mainframe:9092
557 [space.exploration.mars.rover.curiosity.1516941857816_zion-mainframe-1516941858189-bd5fd645-leader-finder-thread] INFO kafka.utils.VerifiableProperties  - Property request.timeout.ms is overridden to 30000
575 [space.exploration.mars.rover.curiosity.1516941857816_zion-mainframe-1516941858189-bd5fd645-leader-finder-thread] INFO kafka.client.ClientUtils$  - Fetching metadata from broker BrokerEndPoint(0,zion-mainframe,9092) with correlation id 0 for 1 topic(s) Set(curiosity_to_earth_5)
582 [space.exploration.mars.rover.curiosity.1516941857816_zion-mainframe-1516941858189-bd5fd645-leader-finder-thread] INFO kafka.producer.SyncProducer  - Connected to zion-mainframe:9092 for producing
592 [space.exploration.mars.rover.curiosity.1516941857816_zion-mainframe-1516941858189-bd5fd645-leader-finder-thread] INFO kafka.producer.SyncProducer  - Disconnecting from zion-mainframe:9092
633 [ConsumerFetcherThread-space.exploration.mars.rover.curiosity.1516941857816_zion-mainframe-1516941858189-bd5fd645-0-0] INFO kafka.consumer.ConsumerFetcherThread  - [ConsumerFetcherThread-space.exploration.mars.rover.curiosity.1516941857816_zion-mainframe-1516941858189-bd5fd645-0-0], Starting 
661 [space.exploration.mars.rover.curiosity.1516941857816_zion-mainframe-1516941858189-bd5fd645-leader-finder-thread] INFO kafka.consumer.ConsumerFetcherManager  - [ConsumerFetcherManager-1516941858358] Added fetcher for partitions ArrayBuffer([[curiosity_to_earth_5,0], initOffset -1 to broker BrokerEndPoint(0,zion-mainframe,9092)] )
