0 [main] INFO kafka.utils.VerifiableProperties  - Verifying properties
23 [main] INFO kafka.utils.VerifiableProperties  - Property auto.offset.reset is overridden to largest
24 [main] WARN kafka.utils.VerifiableProperties  - Property bootstrap.servers is not valid
24 [main] WARN kafka.utils.VerifiableProperties  - Property destination.topic is not valid
24 [main] INFO kafka.utils.VerifiableProperties  - Property group.id is overridden to space.exploration.mars.rover.curiosity.1515905433612
24 [main] WARN kafka.utils.VerifiableProperties  - Property key.serializer is not valid
24 [main] WARN kafka.utils.VerifiableProperties  - Property metadata.broker.list is not valid
24 [main] WARN kafka.utils.VerifiableProperties  - Property source.topic is not valid
24 [main] WARN kafka.utils.VerifiableProperties  - Property value.serializer is not valid
24 [main] INFO kafka.utils.VerifiableProperties  - Property zookeeper.connect is overridden to localhost:2181
63 [main] INFO kafka.consumer.ZookeeperConsumerConnector  - [space.exploration.mars.rover.curiosity.1515905433612_zion-mainframe-1515905433831-f0b10840], Connecting to zookeeper instance at localhost:2181
68 [ZkClient-EventThread-14-localhost:2181] INFO org.I0Itec.zkclient.ZkEventThread  - Starting ZkClient event thread.
71 [main] INFO org.apache.zookeeper.ZooKeeper  - Client environment:zookeeper.version=3.4.6-1569965, built on 02/20/2014 09:09 GMT
71 [main] INFO org.apache.zookeeper.ZooKeeper  - Client environment:host.name=zion-mainframe
71 [main] INFO org.apache.zookeeper.ZooKeeper  - Client environment:java.version=1.8.0_151
71 [main] INFO org.apache.zookeeper.ZooKeeper  - Client environment:java.vendor=Oracle Corporation
71 [main] INFO org.apache.zookeeper.ZooKeeper  - Client environment:java.home=/usr/lib/jvm/java-8-openjdk-amd64/jre
71 [main] INFO org.apache.zookeeper.ZooKeeper  - Client environment:java.class.path=target/mission.control-1.2-shaded.jar
71 [main] INFO org.apache.zookeeper.ZooKeeper  - Client environment:java.library.path=$LD_LIBRARY_PATH:"/home/sanket/Documents/workspace/SpiceUtilities/src/main/resources/JNISpice/lib/libJNISpice.so":/home/sanket/Documents/workspace/SpiceUtilities/src/main/resources/JNISpice/lib/libJNISpice.so:/usr/java/packages/lib/amd64:/usr/lib/x86_64-linux-gnu/jni:/lib/x86_64-linux-gnu:/usr/lib/x86_64-linux-gnu:/usr/lib/jni:/lib:/usr/lib
71 [main] INFO org.apache.zookeeper.ZooKeeper  - Client environment:java.io.tmpdir=/tmp
71 [main] INFO org.apache.zookeeper.ZooKeeper  - Client environment:java.compiler=<NA>
72 [main] INFO org.apache.zookeeper.ZooKeeper  - Client environment:os.name=Linux
72 [main] INFO org.apache.zookeeper.ZooKeeper  - Client environment:os.arch=amd64
72 [main] INFO org.apache.zookeeper.ZooKeeper  - Client environment:os.version=4.13.0-26-generic
72 [main] INFO org.apache.zookeeper.ZooKeeper  - Client environment:user.name=sanket
72 [main] INFO org.apache.zookeeper.ZooKeeper  - Client environment:user.home=/home/sanket
72 [main] INFO org.apache.zookeeper.ZooKeeper  - Client environment:user.dir=/home/sanket/Documents/workspace/Mission.Control
72 [main] INFO org.apache.zookeeper.ZooKeeper  - Initiating client connection, connectString=localhost:2181 sessionTimeout=6000 watcher=org.I0Itec.zkclient.ZkClient@2d127a61
83 [main] INFO org.I0Itec.zkclient.ZkClient  - Waiting for keeper state SyncConnected
86 [main-SendThread(localhost:2181)] INFO org.apache.zookeeper.ClientCnxn  - Opening socket connection to server localhost/127.0.0.1:2181. Will not attempt to authenticate using SASL (unknown error)
122 [main-SendThread(localhost:2181)] INFO org.apache.zookeeper.ClientCnxn  - Socket connection established to localhost/127.0.0.1:2181, initiating session
126 [main-SendThread(localhost:2181)] INFO org.apache.zookeeper.ClientCnxn  - Session establishment complete on server localhost/127.0.0.1:2181, sessionid = 0x160ece624150032, negotiated timeout = 6000
127 [main-EventThread] INFO org.I0Itec.zkclient.ZkClient  - zookeeper state changed (SyncConnected)
134 [main] INFO kafka.consumer.ZookeeperConsumerConnector  - [space.exploration.mars.rover.curiosity.1515905433612_zion-mainframe-1515905433831-f0b10840], starting auto committer every 60000 ms
153 [Thread-0] INFO kafka.consumer.ZookeeperConsumerConnector  - [space.exploration.mars.rover.curiosity.1515905433612_zion-mainframe-1515905433831-f0b10840], begin registering consumer space.exploration.mars.rover.curiosity.1515905433612_zion-mainframe-1515905433831-f0b10840 in ZK
173 [Thread-0] INFO kafka.utils.ZKCheckedEphemeral  - Creating /consumers/space.exploration.mars.rover.curiosity.1515905433612/ids/space.exploration.mars.rover.curiosity.1515905433612_zion-mainframe-1515905433831-f0b10840 (is it secure? false)
182 [Thread-0] INFO kafka.utils.ZKCheckedEphemeral  - Result of znode creation is: OK
182 [Thread-0] INFO kafka.consumer.ZookeeperConsumerConnector  - [space.exploration.mars.rover.curiosity.1515905433612_zion-mainframe-1515905433831-f0b10840], end registering consumer space.exploration.mars.rover.curiosity.1515905433612_zion-mainframe-1515905433831-f0b10840 in ZK
185 [space.exploration.mars.rover.curiosity.1515905433612_zion-mainframe-1515905433831-f0b10840_watcher_executor] INFO kafka.consumer.ZookeeperConsumerConnector  - [space.exploration.mars.rover.curiosity.1515905433612_zion-mainframe-1515905433831-f0b10840], starting watcher executor thread for consumer space.exploration.mars.rover.curiosity.1515905433612_zion-mainframe-1515905433831-f0b10840
198 [Thread-0] INFO kafka.consumer.ZookeeperConsumerConnector  - [space.exploration.mars.rover.curiosity.1515905433612_zion-mainframe-1515905433831-f0b10840], begin rebalancing consumer space.exploration.mars.rover.curiosity.1515905433612_zion-mainframe-1515905433831-f0b10840 try #0
272 [Thread-0] INFO kafka.consumer.ConsumerFetcherManager  - [ConsumerFetcherManager-1515905433899] Stopping leader finder thread
272 [Thread-0] INFO kafka.consumer.ConsumerFetcherManager  - [ConsumerFetcherManager-1515905433899] Stopping all fetchers
272 [Thread-0] INFO kafka.consumer.ConsumerFetcherManager  - [ConsumerFetcherManager-1515905433899] All connections stopped
273 [Thread-0] INFO kafka.consumer.ZookeeperConsumerConnector  - [space.exploration.mars.rover.curiosity.1515905433612_zion-mainframe-1515905433831-f0b10840], Cleared all relevant queues for this fetcher
273 [Thread-0] INFO kafka.consumer.ZookeeperConsumerConnector  - [space.exploration.mars.rover.curiosity.1515905433612_zion-mainframe-1515905433831-f0b10840], Cleared the data chunks in all the consumer message iterators
274 [Thread-0] INFO kafka.consumer.ZookeeperConsumerConnector  - [space.exploration.mars.rover.curiosity.1515905433612_zion-mainframe-1515905433831-f0b10840], Committing all offsets after clearing the fetcher queues
274 [Thread-0] INFO kafka.consumer.ZookeeperConsumerConnector  - [space.exploration.mars.rover.curiosity.1515905433612_zion-mainframe-1515905433831-f0b10840], Releasing partition ownership
299 [Thread-0] INFO kafka.consumer.RangeAssignor  - Consumer space.exploration.mars.rover.curiosity.1515905433612_zion-mainframe-1515905433831-f0b10840 rebalancing the following partitions: ArrayBuffer(0) for topic curiosity_to_earth_5 with consumers: List(space.exploration.mars.rover.curiosity.1515905433612_zion-mainframe-1515905433831-f0b10840-0)
301 [Thread-0] INFO kafka.consumer.RangeAssignor  - space.exploration.mars.rover.curiosity.1515905433612_zion-mainframe-1515905433831-f0b10840-0 attempting to claim partition 0
328 [Thread-0] INFO kafka.consumer.ZookeeperConsumerConnector  - [space.exploration.mars.rover.curiosity.1515905433612_zion-mainframe-1515905433831-f0b10840], space.exploration.mars.rover.curiosity.1515905433612_zion-mainframe-1515905433831-f0b10840-0 successfully owned partition 0 for topic curiosity_to_earth_5
339 [Thread-0] INFO kafka.consumer.ZookeeperConsumerConnector  - [space.exploration.mars.rover.curiosity.1515905433612_zion-mainframe-1515905433831-f0b10840], Consumer space.exploration.mars.rover.curiosity.1515905433612_zion-mainframe-1515905433831-f0b10840 selected partitions : curiosity_to_earth_5:0: fetched offset = -1: consumed offset = -1
340 [space.exploration.mars.rover.curiosity.1515905433612_zion-mainframe-1515905433831-f0b10840-leader-finder-thread] INFO kafka.consumer.ConsumerFetcherManager$LeaderFinderThread  - [space.exploration.mars.rover.curiosity.1515905433612_zion-mainframe-1515905433831-f0b10840-leader-finder-thread], Starting 
341 [Thread-0] INFO kafka.consumer.ZookeeperConsumerConnector  - [space.exploration.mars.rover.curiosity.1515905433612_zion-mainframe-1515905433831-f0b10840], end rebalancing consumer space.exploration.mars.rover.curiosity.1515905433612_zion-mainframe-1515905433831-f0b10840 try #0
352 [space.exploration.mars.rover.curiosity.1515905433612_zion-mainframe-1515905433831-f0b10840-leader-finder-thread] INFO kafka.utils.VerifiableProperties  - Verifying properties
353 [space.exploration.mars.rover.curiosity.1515905433612_zion-mainframe-1515905433831-f0b10840-leader-finder-thread] INFO kafka.utils.VerifiableProperties  - Property client.id is overridden to space.exploration.mars.rover.curiosity.1515905433612
353 [space.exploration.mars.rover.curiosity.1515905433612_zion-mainframe-1515905433831-f0b10840-leader-finder-thread] INFO kafka.utils.VerifiableProperties  - Property metadata.broker.list is overridden to zion-mainframe:9092
353 [space.exploration.mars.rover.curiosity.1515905433612_zion-mainframe-1515905433831-f0b10840-leader-finder-thread] INFO kafka.utils.VerifiableProperties  - Property request.timeout.ms is overridden to 30000
362 [space.exploration.mars.rover.curiosity.1515905433612_zion-mainframe-1515905433831-f0b10840-leader-finder-thread] INFO kafka.client.ClientUtils$  - Fetching metadata from broker BrokerEndPoint(0,zion-mainframe,9092) with correlation id 0 for 1 topic(s) Set(curiosity_to_earth_5)
366 [space.exploration.mars.rover.curiosity.1515905433612_zion-mainframe-1515905433831-f0b10840-leader-finder-thread] INFO kafka.producer.SyncProducer  - Connected to zion-mainframe:9092 for producing
378 [space.exploration.mars.rover.curiosity.1515905433612_zion-mainframe-1515905433831-f0b10840-leader-finder-thread] INFO kafka.producer.SyncProducer  - Disconnecting from zion-mainframe:9092
396 [ConsumerFetcherThread-space.exploration.mars.rover.curiosity.1515905433612_zion-mainframe-1515905433831-f0b10840-0-0] INFO kafka.consumer.ConsumerFetcherThread  - [ConsumerFetcherThread-space.exploration.mars.rover.curiosity.1515905433612_zion-mainframe-1515905433831-f0b10840-0-0], Starting 
403 [space.exploration.mars.rover.curiosity.1515905433612_zion-mainframe-1515905433831-f0b10840-leader-finder-thread] INFO kafka.consumer.ConsumerFetcherManager  - [ConsumerFetcherManager-1515905433899] Added fetcher for partitions ArrayBuffer([[curiosity_to_earth_5,0], initOffset -1 to broker BrokerEndPoint(0,zion-mainframe,9092)] )
26140 [Thread-0] INFO naasa.gov.mission.control.Receiver  - Message received from 
56219 [Thread-0] INFO naasa.gov.mission.control.Receiver  - Message received from 
232088 [Thread-0] INFO naasa.gov.mission.control.Receiver  - Message received from 
265987 [Thread-0] INFO naasa.gov.mission.control.Receiver  - Message received from 
299926 [Thread-0] INFO naasa.gov.mission.control.Receiver  - Message received from 
553320 [Thread-0] INFO naasa.gov.mission.control.Receiver  - Message received from 
613354 [Thread-0] INFO naasa.gov.mission.control.Receiver  - Message received from 
1033406 [Thread-0] INFO naasa.gov.mission.control.Receiver  - Message received from 
1093391 [Thread-0] INFO naasa.gov.mission.control.Receiver  - Message received from 
1513337 [Thread-0] INFO naasa.gov.mission.control.Receiver  - Message received from 
1573348 [Thread-0] INFO naasa.gov.mission.control.Receiver  - Message received from 
1993324 [Thread-0] INFO naasa.gov.mission.control.Receiver  - Message received from 
2053325 [Thread-0] INFO naasa.gov.mission.control.Receiver  - Message received from 
2473324 [Thread-0] INFO naasa.gov.mission.control.Receiver  - Message received from 
2533346 [Thread-0] INFO naasa.gov.mission.control.Receiver  - Message received from 
2953300 [Thread-0] INFO naasa.gov.mission.control.Receiver  - Message received from 
3013328 [Thread-0] INFO naasa.gov.mission.control.Receiver  - Message received from 
3433326 [Thread-0] INFO naasa.gov.mission.control.Receiver  - Message received from 
3493294 [Thread-0] INFO naasa.gov.mission.control.Receiver  - Message received from 
3913300 [Thread-0] INFO naasa.gov.mission.control.Receiver  - Message received from 
3973327 [Thread-0] INFO naasa.gov.mission.control.Receiver  - Message received from 
4393324 [Thread-0] INFO naasa.gov.mission.control.Receiver  - Message received from 
4453327 [Thread-0] INFO naasa.gov.mission.control.Receiver  - Message received from 
4873323 [Thread-0] INFO naasa.gov.mission.control.Receiver  - Message received from 
4933327 [Thread-0] INFO naasa.gov.mission.control.Receiver  - Message received from 
5288851 [Thread-0] INFO naasa.gov.mission.control.Receiver  - Message received from 
5298030 [Thread-0] INFO naasa.gov.mission.control.Receiver  - Message received from 
5352748 [Thread-0] INFO naasa.gov.mission.control.Receiver  - Message received from 
5464958 [Thread-0] INFO naasa.gov.mission.control.Receiver  - Message received from 
5499298 [Thread-0] INFO naasa.gov.mission.control.Receiver  - Message received from 
5499298 [Thread-0] INFO naasa.gov.mission.control.Receiver  - Message received from 
5533552 [Thread-0] INFO naasa.gov.mission.control.Receiver  - Message received from Spacecraft Clock
5546045 [Thread-0] INFO naasa.gov.mission.control.Receiver  - Message received from 
5580329 [Thread-0] INFO naasa.gov.mission.control.Receiver  - Message received from 
