0 [main] INFO kafka.utils.VerifiableProperties  - Verifying properties
46 [main] WARN kafka.utils.VerifiableProperties  - Property auto.offset.reset is not valid
46 [main] WARN kafka.utils.VerifiableProperties  - Property bootstrap.servers is not valid
46 [main] WARN kafka.utils.VerifiableProperties  - Property destination.topic is not valid
46 [main] WARN kafka.utils.VerifiableProperties  - Property group.id is not valid
46 [main] WARN kafka.utils.VerifiableProperties  - Property key.serializer is not valid
47 [main] INFO kafka.utils.VerifiableProperties  - Property metadata.broker.list is overridden to localhost:9092
47 [main] WARN kafka.utils.VerifiableProperties  - Property source.topic is not valid
47 [main] WARN kafka.utils.VerifiableProperties  - Property value.serializer is not valid
48 [main] WARN kafka.utils.VerifiableProperties  - Property zookeeper.connect is not valid
253 [main] INFO kafka.client.ClientUtils$  - Fetching metadata from broker BrokerEndPoint(0,localhost,9092) with correlation id 0 for 1 topic(s) Set(earth_to_curiosity_5)
331 [main] INFO kafka.producer.SyncProducer  - Connected to localhost:9092 for producing
363 [main] INFO kafka.producer.SyncProducer  - Disconnecting from localhost:9092
444 [main] INFO kafka.producer.SyncProducer  - Connected to zion-mainframe:9092 for producing
615492 [main] INFO kafka.client.ClientUtils$  - Fetching metadata from broker BrokerEndPoint(0,localhost,9092) with correlation id 21 for 1 topic(s) Set(earth_to_curiosity_5)
615493 [main] INFO kafka.producer.SyncProducer  - Connected to localhost:9092 for producing
615493 [main] INFO kafka.producer.SyncProducer  - Disconnecting from localhost:9092
615494 [main] INFO kafka.producer.SyncProducer  - Disconnecting from zion-mainframe:9092
615495 [main] INFO kafka.producer.SyncProducer  - Connected to zion-mainframe:9092 for producing
1230530 [main] INFO kafka.client.ClientUtils$  - Fetching metadata from broker BrokerEndPoint(0,localhost,9092) with correlation id 42 for 1 topic(s) Set(earth_to_curiosity_5)
1230533 [main] INFO kafka.producer.SyncProducer  - Connected to localhost:9092 for producing
1230536 [main] INFO kafka.producer.SyncProducer  - Disconnecting from localhost:9092
1230537 [main] INFO kafka.producer.SyncProducer  - Disconnecting from zion-mainframe:9092
1230543 [main] INFO kafka.producer.SyncProducer  - Connected to zion-mainframe:9092 for producing
1845567 [main] INFO kafka.client.ClientUtils$  - Fetching metadata from broker BrokerEndPoint(0,localhost,9092) with correlation id 63 for 1 topic(s) Set(earth_to_curiosity_5)
1845568 [main] INFO kafka.producer.SyncProducer  - Connected to localhost:9092 for producing
1845569 [main] INFO kafka.producer.SyncProducer  - Disconnecting from localhost:9092
1845570 [main] INFO kafka.producer.SyncProducer  - Disconnecting from zion-mainframe:9092
1845572 [main] INFO kafka.producer.SyncProducer  - Connected to zion-mainframe:9092 for producing
2460606 [main] INFO kafka.client.ClientUtils$  - Fetching metadata from broker BrokerEndPoint(0,localhost,9092) with correlation id 84 for 1 topic(s) Set(earth_to_curiosity_5)
2460606 [main] INFO kafka.producer.SyncProducer  - Connected to localhost:9092 for producing
2460608 [main] INFO kafka.producer.SyncProducer  - Disconnecting from localhost:9092
2460608 [main] INFO kafka.producer.SyncProducer  - Disconnecting from zion-mainframe:9092
2460610 [main] INFO kafka.producer.SyncProducer  - Connected to zion-mainframe:9092 for producing
3075627 [main] INFO kafka.client.ClientUtils$  - Fetching metadata from broker BrokerEndPoint(0,localhost,9092) with correlation id 105 for 1 topic(s) Set(earth_to_curiosity_5)
3075627 [main] INFO kafka.producer.SyncProducer  - Connected to localhost:9092 for producing
3075628 [main] INFO kafka.producer.SyncProducer  - Disconnecting from localhost:9092
3075628 [main] INFO kafka.producer.SyncProducer  - Disconnecting from zion-mainframe:9092
3075629 [main] INFO kafka.producer.SyncProducer  - Connected to zion-mainframe:9092 for producing
3690649 [main] INFO kafka.client.ClientUtils$  - Fetching metadata from broker BrokerEndPoint(0,localhost,9092) with correlation id 126 for 1 topic(s) Set(earth_to_curiosity_5)
3690650 [main] INFO kafka.producer.SyncProducer  - Connected to localhost:9092 for producing
3690651 [main] INFO kafka.producer.SyncProducer  - Disconnecting from localhost:9092
3690651 [main] INFO kafka.producer.SyncProducer  - Disconnecting from zion-mainframe:9092
3690652 [main] INFO kafka.producer.SyncProducer  - Connected to zion-mainframe:9092 for producing
4305667 [main] INFO kafka.client.ClientUtils$  - Fetching metadata from broker BrokerEndPoint(0,localhost,9092) with correlation id 147 for 1 topic(s) Set(earth_to_curiosity_5)
4305668 [main] INFO kafka.producer.SyncProducer  - Connected to localhost:9092 for producing
4305669 [main] INFO kafka.producer.SyncProducer  - Disconnecting from localhost:9092
4305670 [main] INFO kafka.producer.SyncProducer  - Disconnecting from zion-mainframe:9092
4305671 [main] INFO kafka.producer.SyncProducer  - Connected to zion-mainframe:9092 for producing
4920686 [main] INFO kafka.client.ClientUtils$  - Fetching metadata from broker BrokerEndPoint(0,localhost,9092) with correlation id 168 for 1 topic(s) Set(earth_to_curiosity_5)
4920687 [main] INFO kafka.producer.SyncProducer  - Connected to localhost:9092 for producing
4920687 [main] INFO kafka.producer.SyncProducer  - Disconnecting from localhost:9092
4920688 [main] INFO kafka.producer.SyncProducer  - Disconnecting from zion-mainframe:9092
4920689 [main] INFO kafka.producer.SyncProducer  - Connected to zion-mainframe:9092 for producing
5535706 [main] INFO kafka.client.ClientUtils$  - Fetching metadata from broker BrokerEndPoint(0,localhost,9092) with correlation id 189 for 1 topic(s) Set(earth_to_curiosity_5)
5535707 [main] INFO kafka.producer.SyncProducer  - Connected to localhost:9092 for producing
5535708 [main] INFO kafka.producer.SyncProducer  - Disconnecting from localhost:9092
5535708 [main] INFO kafka.producer.SyncProducer  - Disconnecting from zion-mainframe:9092
5535709 [main] INFO kafka.producer.SyncProducer  - Connected to zion-mainframe:9092 for producing
6150722 [main] INFO kafka.client.ClientUtils$  - Fetching metadata from broker BrokerEndPoint(0,localhost,9092) with correlation id 210 for 1 topic(s) Set(earth_to_curiosity_5)
6150722 [main] INFO kafka.producer.SyncProducer  - Connected to localhost:9092 for producing
6150723 [main] INFO kafka.producer.SyncProducer  - Disconnecting from localhost:9092
6150723 [main] INFO kafka.producer.SyncProducer  - Disconnecting from zion-mainframe:9092
6150724 [main] INFO kafka.producer.SyncProducer  - Connected to zion-mainframe:9092 for producing
6765741 [main] INFO kafka.client.ClientUtils$  - Fetching metadata from broker BrokerEndPoint(0,localhost,9092) with correlation id 231 for 1 topic(s) Set(earth_to_curiosity_5)
6765742 [main] INFO kafka.producer.SyncProducer  - Connected to localhost:9092 for producing
6765742 [main] INFO kafka.producer.SyncProducer  - Disconnecting from localhost:9092
6765743 [main] INFO kafka.producer.SyncProducer  - Disconnecting from zion-mainframe:9092
6765744 [main] INFO kafka.producer.SyncProducer  - Connected to zion-mainframe:9092 for producing
7380762 [main] INFO kafka.client.ClientUtils$  - Fetching metadata from broker BrokerEndPoint(0,localhost,9092) with correlation id 252 for 1 topic(s) Set(earth_to_curiosity_5)
7380763 [main] INFO kafka.producer.SyncProducer  - Connected to localhost:9092 for producing
7380766 [main] INFO kafka.producer.SyncProducer  - Disconnecting from localhost:9092
7380767 [main] INFO kafka.producer.SyncProducer  - Disconnecting from zion-mainframe:9092
7380772 [main] INFO kafka.producer.SyncProducer  - Connected to zion-mainframe:9092 for producing
7995783 [main] INFO kafka.client.ClientUtils$  - Fetching metadata from broker BrokerEndPoint(0,localhost,9092) with correlation id 273 for 1 topic(s) Set(earth_to_curiosity_5)
7995787 [main] INFO kafka.producer.SyncProducer  - Connected to localhost:9092 for producing
7995788 [main] INFO kafka.producer.SyncProducer  - Disconnecting from localhost:9092
7995788 [main] INFO kafka.producer.SyncProducer  - Disconnecting from zion-mainframe:9092
7995789 [main] INFO kafka.producer.SyncProducer  - Connected to zion-mainframe:9092 for producing
8610800 [main] INFO kafka.client.ClientUtils$  - Fetching metadata from broker BrokerEndPoint(0,localhost,9092) with correlation id 294 for 1 topic(s) Set(earth_to_curiosity_5)
8610802 [main] INFO kafka.producer.SyncProducer  - Connected to localhost:9092 for producing
8610802 [main] INFO kafka.producer.SyncProducer  - Disconnecting from localhost:9092
8610802 [main] INFO kafka.producer.SyncProducer  - Disconnecting from zion-mainframe:9092
8610803 [main] INFO kafka.producer.SyncProducer  - Connected to zion-mainframe:9092 for producing
9225813 [main] INFO kafka.client.ClientUtils$  - Fetching metadata from broker BrokerEndPoint(0,localhost,9092) with correlation id 315 for 1 topic(s) Set(earth_to_curiosity_5)
9225813 [main] INFO kafka.producer.SyncProducer  - Connected to localhost:9092 for producing
9225814 [main] INFO kafka.producer.SyncProducer  - Disconnecting from localhost:9092
9225814 [main] INFO kafka.producer.SyncProducer  - Disconnecting from zion-mainframe:9092
9225815 [main] INFO kafka.producer.SyncProducer  - Connected to zion-mainframe:9092 for producing
9840825 [main] INFO kafka.client.ClientUtils$  - Fetching metadata from broker BrokerEndPoint(0,localhost,9092) with correlation id 336 for 1 topic(s) Set(earth_to_curiosity_5)
9840826 [main] INFO kafka.producer.SyncProducer  - Connected to localhost:9092 for producing
9840826 [main] INFO kafka.producer.SyncProducer  - Disconnecting from localhost:9092
9840827 [main] INFO kafka.producer.SyncProducer  - Disconnecting from zion-mainframe:9092
9840828 [main] INFO kafka.producer.SyncProducer  - Connected to zion-mainframe:9092 for producing
10455839 [main] INFO kafka.client.ClientUtils$  - Fetching metadata from broker BrokerEndPoint(0,localhost,9092) with correlation id 357 for 1 topic(s) Set(earth_to_curiosity_5)
10455840 [main] INFO kafka.producer.SyncProducer  - Connected to localhost:9092 for producing
10455843 [main] INFO kafka.producer.SyncProducer  - Disconnecting from localhost:9092
10455844 [main] INFO kafka.producer.SyncProducer  - Disconnecting from zion-mainframe:9092
10455847 [main] INFO kafka.producer.SyncProducer  - Connected to zion-mainframe:9092 for producing
11070859 [main] INFO kafka.client.ClientUtils$  - Fetching metadata from broker BrokerEndPoint(0,localhost,9092) with correlation id 378 for 1 topic(s) Set(earth_to_curiosity_5)
11070861 [main] INFO kafka.producer.SyncProducer  - Connected to localhost:9092 for producing
11070861 [main] INFO kafka.producer.SyncProducer  - Disconnecting from localhost:9092
11070862 [main] INFO kafka.producer.SyncProducer  - Disconnecting from zion-mainframe:9092
11070862 [main] INFO kafka.producer.SyncProducer  - Connected to zion-mainframe:9092 for producing
11685871 [main] INFO kafka.client.ClientUtils$  - Fetching metadata from broker BrokerEndPoint(0,localhost,9092) with correlation id 399 for 1 topic(s) Set(earth_to_curiosity_5)
11685873 [main] INFO kafka.producer.SyncProducer  - Connected to localhost:9092 for producing
11685874 [main] INFO kafka.producer.SyncProducer  - Disconnecting from localhost:9092
11685874 [main] INFO kafka.producer.SyncProducer  - Disconnecting from zion-mainframe:9092
11685877 [main] INFO kafka.producer.SyncProducer  - Connected to zion-mainframe:9092 for producing
12300891 [main] INFO kafka.client.ClientUtils$  - Fetching metadata from broker BrokerEndPoint(0,localhost,9092) with correlation id 420 for 1 topic(s) Set(earth_to_curiosity_5)
12300892 [main] INFO kafka.producer.SyncProducer  - Connected to localhost:9092 for producing
12300892 [main] INFO kafka.producer.SyncProducer  - Disconnecting from localhost:9092
12300892 [main] INFO kafka.producer.SyncProducer  - Disconnecting from zion-mainframe:9092
12300893 [main] INFO kafka.producer.SyncProducer  - Connected to zion-mainframe:9092 for producing
12915904 [main] INFO kafka.client.ClientUtils$  - Fetching metadata from broker BrokerEndPoint(0,localhost,9092) with correlation id 441 for 1 topic(s) Set(earth_to_curiosity_5)
12915905 [main] INFO kafka.producer.SyncProducer  - Connected to localhost:9092 for producing
12915906 [main] INFO kafka.producer.SyncProducer  - Disconnecting from localhost:9092
12915906 [main] INFO kafka.producer.SyncProducer  - Disconnecting from zion-mainframe:9092
12915907 [main] INFO kafka.producer.SyncProducer  - Connected to zion-mainframe:9092 for producing
13530918 [main] INFO kafka.client.ClientUtils$  - Fetching metadata from broker BrokerEndPoint(0,localhost,9092) with correlation id 462 for 1 topic(s) Set(earth_to_curiosity_5)
13530918 [main] INFO kafka.producer.SyncProducer  - Connected to localhost:9092 for producing
13530919 [main] INFO kafka.producer.SyncProducer  - Disconnecting from localhost:9092
13530919 [main] INFO kafka.producer.SyncProducer  - Disconnecting from zion-mainframe:9092
13530920 [main] INFO kafka.producer.SyncProducer  - Connected to zion-mainframe:9092 for producing
14145928 [main] INFO kafka.client.ClientUtils$  - Fetching metadata from broker BrokerEndPoint(0,localhost,9092) with correlation id 483 for 1 topic(s) Set(earth_to_curiosity_5)
14145929 [main] INFO kafka.producer.SyncProducer  - Connected to localhost:9092 for producing
14145929 [main] INFO kafka.producer.SyncProducer  - Disconnecting from localhost:9092
14145929 [main] INFO kafka.producer.SyncProducer  - Disconnecting from zion-mainframe:9092
14145930 [main] INFO kafka.producer.SyncProducer  - Connected to zion-mainframe:9092 for producing
14760949 [main] INFO kafka.client.ClientUtils$  - Fetching metadata from broker BrokerEndPoint(0,localhost,9092) with correlation id 504 for 1 topic(s) Set(earth_to_curiosity_5)
14760950 [main] INFO kafka.producer.SyncProducer  - Connected to localhost:9092 for producing
14760952 [main] INFO kafka.producer.SyncProducer  - Disconnecting from localhost:9092
14760952 [main] INFO kafka.producer.SyncProducer  - Disconnecting from zion-mainframe:9092
14760954 [main] INFO kafka.producer.SyncProducer  - Connected to zion-mainframe:9092 for producing
15375964 [main] INFO kafka.client.ClientUtils$  - Fetching metadata from broker BrokerEndPoint(0,localhost,9092) with correlation id 525 for 1 topic(s) Set(earth_to_curiosity_5)
15375964 [main] INFO kafka.producer.SyncProducer  - Connected to localhost:9092 for producing
15375965 [main] INFO kafka.producer.SyncProducer  - Disconnecting from localhost:9092
15375965 [main] INFO kafka.producer.SyncProducer  - Disconnecting from zion-mainframe:9092
15375965 [main] INFO kafka.producer.SyncProducer  - Connected to zion-mainframe:9092 for producing
15990976 [main] INFO kafka.client.ClientUtils$  - Fetching metadata from broker BrokerEndPoint(0,localhost,9092) with correlation id 546 for 1 topic(s) Set(earth_to_curiosity_5)
15990977 [main] INFO kafka.producer.SyncProducer  - Connected to localhost:9092 for producing
15990978 [main] INFO kafka.producer.SyncProducer  - Disconnecting from localhost:9092
15990978 [main] INFO kafka.producer.SyncProducer  - Disconnecting from zion-mainframe:9092
15990979 [main] INFO kafka.producer.SyncProducer  - Connected to zion-mainframe:9092 for producing
16605987 [main] INFO kafka.client.ClientUtils$  - Fetching metadata from broker BrokerEndPoint(0,localhost,9092) with correlation id 567 for 1 topic(s) Set(earth_to_curiosity_5)
16605987 [main] INFO kafka.producer.SyncProducer  - Connected to localhost:9092 for producing
16605988 [main] INFO kafka.producer.SyncProducer  - Disconnecting from localhost:9092
16605988 [main] INFO kafka.producer.SyncProducer  - Disconnecting from zion-mainframe:9092
16605989 [main] INFO kafka.producer.SyncProducer  - Connected to zion-mainframe:9092 for producing
17221008 [main] INFO kafka.client.ClientUtils$  - Fetching metadata from broker BrokerEndPoint(0,localhost,9092) with correlation id 588 for 1 topic(s) Set(earth_to_curiosity_5)
17221009 [main] INFO kafka.producer.SyncProducer  - Connected to localhost:9092 for producing
17221011 [main] INFO kafka.producer.SyncProducer  - Disconnecting from localhost:9092
17221011 [main] INFO kafka.producer.SyncProducer  - Disconnecting from zion-mainframe:9092
17221013 [main] INFO kafka.producer.SyncProducer  - Connected to zion-mainframe:9092 for producing
17836021 [main] INFO kafka.client.ClientUtils$  - Fetching metadata from broker BrokerEndPoint(0,localhost,9092) with correlation id 609 for 1 topic(s) Set(earth_to_curiosity_5)
17836023 [main] INFO kafka.producer.SyncProducer  - Connected to localhost:9092 for producing
17836025 [main] INFO kafka.producer.SyncProducer  - Disconnecting from localhost:9092
17836025 [main] INFO kafka.producer.SyncProducer  - Disconnecting from zion-mainframe:9092
17836026 [main] INFO kafka.producer.SyncProducer  - Connected to zion-mainframe:9092 for producing
18451036 [main] INFO kafka.client.ClientUtils$  - Fetching metadata from broker BrokerEndPoint(0,localhost,9092) with correlation id 630 for 1 topic(s) Set(earth_to_curiosity_5)
18451037 [main] INFO kafka.producer.SyncProducer  - Connected to localhost:9092 for producing
18451039 [main] INFO kafka.producer.SyncProducer  - Disconnecting from localhost:9092
18451039 [main] INFO kafka.producer.SyncProducer  - Disconnecting from zion-mainframe:9092
18451042 [main] INFO kafka.producer.SyncProducer  - Connected to zion-mainframe:9092 for producing
19066050 [main] INFO kafka.client.ClientUtils$  - Fetching metadata from broker BrokerEndPoint(0,localhost,9092) with correlation id 651 for 1 topic(s) Set(earth_to_curiosity_5)
19066051 [main] INFO kafka.producer.SyncProducer  - Connected to localhost:9092 for producing
19066051 [main] INFO kafka.producer.SyncProducer  - Disconnecting from localhost:9092
19066051 [main] INFO kafka.producer.SyncProducer  - Disconnecting from zion-mainframe:9092
19066052 [main] INFO kafka.producer.SyncProducer  - Connected to zion-mainframe:9092 for producing
19681060 [main] INFO kafka.client.ClientUtils$  - Fetching metadata from broker BrokerEndPoint(0,localhost,9092) with correlation id 672 for 1 topic(s) Set(earth_to_curiosity_5)
19681062 [main] INFO kafka.producer.SyncProducer  - Connected to localhost:9092 for producing
19681066 [main] INFO kafka.producer.SyncProducer  - Disconnecting from localhost:9092
19681067 [main] INFO kafka.producer.SyncProducer  - Disconnecting from zion-mainframe:9092
19681074 [main] INFO kafka.producer.SyncProducer  - Connected to zion-mainframe:9092 for producing
20296083 [main] INFO kafka.client.ClientUtils$  - Fetching metadata from broker BrokerEndPoint(0,localhost,9092) with correlation id 693 for 1 topic(s) Set(earth_to_curiosity_5)
20296083 [main] INFO kafka.producer.SyncProducer  - Connected to localhost:9092 for producing
20296084 [main] INFO kafka.producer.SyncProducer  - Disconnecting from localhost:9092
20296084 [main] INFO kafka.producer.SyncProducer  - Disconnecting from zion-mainframe:9092
20296085 [main] INFO kafka.producer.SyncProducer  - Connected to zion-mainframe:9092 for producing
20911093 [main] INFO kafka.client.ClientUtils$  - Fetching metadata from broker BrokerEndPoint(0,localhost,9092) with correlation id 714 for 1 topic(s) Set(earth_to_curiosity_5)
20911093 [main] INFO kafka.producer.SyncProducer  - Connected to localhost:9092 for producing
20911094 [main] INFO kafka.producer.SyncProducer  - Disconnecting from localhost:9092
20911094 [main] INFO kafka.producer.SyncProducer  - Disconnecting from zion-mainframe:9092
20911095 [main] INFO kafka.producer.SyncProducer  - Connected to zion-mainframe:9092 for producing
21526102 [main] INFO kafka.client.ClientUtils$  - Fetching metadata from broker BrokerEndPoint(0,localhost,9092) with correlation id 735 for 1 topic(s) Set(earth_to_curiosity_5)
21526103 [main] INFO kafka.producer.SyncProducer  - Connected to localhost:9092 for producing
21526103 [main] INFO kafka.producer.SyncProducer  - Disconnecting from localhost:9092
21526103 [main] INFO kafka.producer.SyncProducer  - Disconnecting from zion-mainframe:9092
21526104 [main] INFO kafka.producer.SyncProducer  - Connected to zion-mainframe:9092 for producing
