0 [main] INFO kafka.utils.VerifiableProperties  - Verifying properties
28 [main] INFO kafka.utils.VerifiableProperties  - Property auto.offset.reset is overridden to largest
28 [main] WARN kafka.utils.VerifiableProperties  - Property bootstrap.servers is not valid
28 [main] WARN kafka.utils.VerifiableProperties  - Property destination.topic is not valid
28 [main] INFO kafka.utils.VerifiableProperties  - Property group.id is overridden to space.exploration.mars.rover.curiosity.1514431526515
29 [main] WARN kafka.utils.VerifiableProperties  - Property key.serializer is not valid
29 [main] WARN kafka.utils.VerifiableProperties  - Property metadata.broker.list is not valid
29 [main] WARN kafka.utils.VerifiableProperties  - Property source.topic is not valid
29 [main] WARN kafka.utils.VerifiableProperties  - Property value.serializer is not valid
29 [main] INFO kafka.utils.VerifiableProperties  - Property zookeeper.connect is overridden to localhost:2181
65 [main] INFO kafka.consumer.ZookeeperConsumerConnector  - [space.exploration.mars.rover.curiosity.1514431526515_zion-mainframe-1514431526718-d18a9124], Connecting to zookeeper instance at localhost:2181
70 [ZkClient-EventThread-14-localhost:2181] INFO org.I0Itec.zkclient.ZkEventThread  - Starting ZkClient event thread.
72 [main] INFO org.apache.zookeeper.ZooKeeper  - Client environment:zookeeper.version=3.4.6-1569965, built on 02/20/2014 09:09 GMT
72 [main] INFO org.apache.zookeeper.ZooKeeper  - Client environment:host.name=zion-mainframe
72 [main] INFO org.apache.zookeeper.ZooKeeper  - Client environment:java.version=1.8.0_151
72 [main] INFO org.apache.zookeeper.ZooKeeper  - Client environment:java.vendor=Oracle Corporation
72 [main] INFO org.apache.zookeeper.ZooKeeper  - Client environment:java.home=/usr/lib/jvm/java-8-openjdk-amd64/jre
72 [main] INFO org.apache.zookeeper.ZooKeeper  - Client environment:java.class.path=target/mission.control-1.1.1-shaded.jar
72 [main] INFO org.apache.zookeeper.ZooKeeper  - Client environment:java.library.path=$LD_LIBRARY_PATH:"/home/sanket/Documents/workspace/SpiceUtilities/src/main/resources/JNISpice/lib/libJNISpice.so":/home/sanket/Documents/workspace/SpiceUtilities/src/main/resources/JNISpice/lib/libJNISpice.so:/usr/java/packages/lib/amd64:/usr/lib/x86_64-linux-gnu/jni:/lib/x86_64-linux-gnu:/usr/lib/x86_64-linux-gnu:/usr/lib/jni:/lib:/usr/lib
73 [main] INFO org.apache.zookeeper.ZooKeeper  - Client environment:java.io.tmpdir=/tmp
73 [main] INFO org.apache.zookeeper.ZooKeeper  - Client environment:java.compiler=<NA>
73 [main] INFO org.apache.zookeeper.ZooKeeper  - Client environment:os.name=Linux
73 [main] INFO org.apache.zookeeper.ZooKeeper  - Client environment:os.arch=amd64
73 [main] INFO org.apache.zookeeper.ZooKeeper  - Client environment:os.version=4.10.0-42-generic
73 [main] INFO org.apache.zookeeper.ZooKeeper  - Client environment:user.name=sanket
73 [main] INFO org.apache.zookeeper.ZooKeeper  - Client environment:user.home=/home/sanket
73 [main] INFO org.apache.zookeeper.ZooKeeper  - Client environment:user.dir=/home/sanket/Documents/workspace/Mission.Control
73 [main] INFO org.apache.zookeeper.ZooKeeper  - Initiating client connection, connectString=localhost:2181 sessionTimeout=6000 watcher=org.I0Itec.zkclient.ZkClient@2d127a61
81 [main] INFO org.I0Itec.zkclient.ZkClient  - Waiting for keeper state SyncConnected
83 [main-SendThread(localhost:2181)] INFO org.apache.zookeeper.ClientCnxn  - Opening socket connection to server localhost/127.0.0.1:2181. Will not attempt to authenticate using SASL (unknown error)
119 [main-SendThread(localhost:2181)] INFO org.apache.zookeeper.ClientCnxn  - Socket connection established to localhost/127.0.0.1:2181, initiating session
123 [main-SendThread(localhost:2181)] INFO org.apache.zookeeper.ClientCnxn  - Session establishment complete on server localhost/127.0.0.1:2181, sessionid = 0x1609b132fb90005, negotiated timeout = 6000
124 [main-EventThread] INFO org.I0Itec.zkclient.ZkClient  - zookeeper state changed (SyncConnected)
131 [main] INFO kafka.consumer.ZookeeperConsumerConnector  - [space.exploration.mars.rover.curiosity.1514431526515_zion-mainframe-1514431526718-d18a9124], starting auto committer every 60000 ms
149 [Thread-0] INFO kafka.consumer.ZookeeperConsumerConnector  - [space.exploration.mars.rover.curiosity.1514431526515_zion-mainframe-1514431526718-d18a9124], begin registering consumer space.exploration.mars.rover.curiosity.1514431526515_zion-mainframe-1514431526718-d18a9124 in ZK
167 [Thread-0] INFO kafka.utils.ZKCheckedEphemeral  - Creating /consumers/space.exploration.mars.rover.curiosity.1514431526515/ids/space.exploration.mars.rover.curiosity.1514431526515_zion-mainframe-1514431526718-d18a9124 (is it secure? false)
179 [Thread-0] INFO kafka.utils.ZKCheckedEphemeral  - Result of znode creation is: OK
179 [Thread-0] INFO kafka.consumer.ZookeeperConsumerConnector  - [space.exploration.mars.rover.curiosity.1514431526515_zion-mainframe-1514431526718-d18a9124], end registering consumer space.exploration.mars.rover.curiosity.1514431526515_zion-mainframe-1514431526718-d18a9124 in ZK
182 [space.exploration.mars.rover.curiosity.1514431526515_zion-mainframe-1514431526718-d18a9124_watcher_executor] INFO kafka.consumer.ZookeeperConsumerConnector  - [space.exploration.mars.rover.curiosity.1514431526515_zion-mainframe-1514431526718-d18a9124], starting watcher executor thread for consumer space.exploration.mars.rover.curiosity.1514431526515_zion-mainframe-1514431526718-d18a9124
194 [Thread-0] INFO kafka.consumer.ZookeeperConsumerConnector  - [space.exploration.mars.rover.curiosity.1514431526515_zion-mainframe-1514431526718-d18a9124], begin rebalancing consumer space.exploration.mars.rover.curiosity.1514431526515_zion-mainframe-1514431526718-d18a9124 try #0
262 [Thread-0] INFO kafka.consumer.ConsumerFetcherManager  - [ConsumerFetcherManager-1514431526782] Stopping leader finder thread
262 [Thread-0] INFO kafka.consumer.ConsumerFetcherManager  - [ConsumerFetcherManager-1514431526782] Stopping all fetchers
263 [Thread-0] INFO kafka.consumer.ConsumerFetcherManager  - [ConsumerFetcherManager-1514431526782] All connections stopped
263 [Thread-0] INFO kafka.consumer.ZookeeperConsumerConnector  - [space.exploration.mars.rover.curiosity.1514431526515_zion-mainframe-1514431526718-d18a9124], Cleared all relevant queues for this fetcher
264 [Thread-0] INFO kafka.consumer.ZookeeperConsumerConnector  - [space.exploration.mars.rover.curiosity.1514431526515_zion-mainframe-1514431526718-d18a9124], Cleared the data chunks in all the consumer message iterators
264 [Thread-0] INFO kafka.consumer.ZookeeperConsumerConnector  - [space.exploration.mars.rover.curiosity.1514431526515_zion-mainframe-1514431526718-d18a9124], Committing all offsets after clearing the fetcher queues
265 [Thread-0] INFO kafka.consumer.ZookeeperConsumerConnector  - [space.exploration.mars.rover.curiosity.1514431526515_zion-mainframe-1514431526718-d18a9124], Releasing partition ownership
286 [Thread-0] INFO kafka.consumer.RangeAssignor  - Consumer space.exploration.mars.rover.curiosity.1514431526515_zion-mainframe-1514431526718-d18a9124 rebalancing the following partitions: ArrayBuffer(0) for topic curiosity_to_earth_5 with consumers: List(space.exploration.mars.rover.curiosity.1514431526515_zion-mainframe-1514431526718-d18a9124-0)
287 [Thread-0] INFO kafka.consumer.RangeAssignor  - space.exploration.mars.rover.curiosity.1514431526515_zion-mainframe-1514431526718-d18a9124-0 attempting to claim partition 0
312 [Thread-0] INFO kafka.consumer.ZookeeperConsumerConnector  - [space.exploration.mars.rover.curiosity.1514431526515_zion-mainframe-1514431526718-d18a9124], space.exploration.mars.rover.curiosity.1514431526515_zion-mainframe-1514431526718-d18a9124-0 successfully owned partition 0 for topic curiosity_to_earth_5
327 [Thread-0] INFO kafka.consumer.ZookeeperConsumerConnector  - [space.exploration.mars.rover.curiosity.1514431526515_zion-mainframe-1514431526718-d18a9124], Consumer space.exploration.mars.rover.curiosity.1514431526515_zion-mainframe-1514431526718-d18a9124 selected partitions : curiosity_to_earth_5:0: fetched offset = -1: consumed offset = -1
328 [space.exploration.mars.rover.curiosity.1514431526515_zion-mainframe-1514431526718-d18a9124-leader-finder-thread] INFO kafka.consumer.ConsumerFetcherManager$LeaderFinderThread  - [space.exploration.mars.rover.curiosity.1514431526515_zion-mainframe-1514431526718-d18a9124-leader-finder-thread], Starting 
329 [Thread-0] INFO kafka.consumer.ZookeeperConsumerConnector  - [space.exploration.mars.rover.curiosity.1514431526515_zion-mainframe-1514431526718-d18a9124], end rebalancing consumer space.exploration.mars.rover.curiosity.1514431526515_zion-mainframe-1514431526718-d18a9124 try #0
344 [space.exploration.mars.rover.curiosity.1514431526515_zion-mainframe-1514431526718-d18a9124-leader-finder-thread] INFO kafka.utils.VerifiableProperties  - Verifying properties
344 [space.exploration.mars.rover.curiosity.1514431526515_zion-mainframe-1514431526718-d18a9124-leader-finder-thread] INFO kafka.utils.VerifiableProperties  - Property client.id is overridden to space.exploration.mars.rover.curiosity.1514431526515
344 [space.exploration.mars.rover.curiosity.1514431526515_zion-mainframe-1514431526718-d18a9124-leader-finder-thread] INFO kafka.utils.VerifiableProperties  - Property metadata.broker.list is overridden to zion-mainframe:9092
344 [space.exploration.mars.rover.curiosity.1514431526515_zion-mainframe-1514431526718-d18a9124-leader-finder-thread] INFO kafka.utils.VerifiableProperties  - Property request.timeout.ms is overridden to 30000
359 [space.exploration.mars.rover.curiosity.1514431526515_zion-mainframe-1514431526718-d18a9124-leader-finder-thread] INFO kafka.client.ClientUtils$  - Fetching metadata from broker BrokerEndPoint(0,zion-mainframe,9092) with correlation id 0 for 1 topic(s) Set(curiosity_to_earth_5)
363 [space.exploration.mars.rover.curiosity.1514431526515_zion-mainframe-1514431526718-d18a9124-leader-finder-thread] INFO kafka.producer.SyncProducer  - Connected to zion-mainframe:9092 for producing
372 [space.exploration.mars.rover.curiosity.1514431526515_zion-mainframe-1514431526718-d18a9124-leader-finder-thread] INFO kafka.producer.SyncProducer  - Disconnecting from zion-mainframe:9092
387 [ConsumerFetcherThread-space.exploration.mars.rover.curiosity.1514431526515_zion-mainframe-1514431526718-d18a9124-0-0] INFO kafka.consumer.ConsumerFetcherThread  - [ConsumerFetcherThread-space.exploration.mars.rover.curiosity.1514431526515_zion-mainframe-1514431526718-d18a9124-0-0], Starting 
393 [space.exploration.mars.rover.curiosity.1514431526515_zion-mainframe-1514431526718-d18a9124-leader-finder-thread] INFO kafka.consumer.ConsumerFetcherManager  - [ConsumerFetcherManager-1514431526782] Added fetcher for partitions ArrayBuffer([[curiosity_to_earth_5,0], initOffset -1 to broker BrokerEndPoint(0,zion-mainframe,9092)] )
17813 [Thread-0] INFO naasa.gov.mission.control.Receiver  - Message received from 
49369 [Thread-0] INFO naasa.gov.mission.control.Receiver  - Message received from 
64813 [Thread-0] INFO naasa.gov.mission.control.Receiver  - Message received from 
101488 [Thread-0] INFO naasa.gov.mission.control.Receiver  - Message received from 
204187 [Thread-0] INFO naasa.gov.mission.control.Receiver  - Message received from Spacecraft Clock
216687 [Thread-0] INFO naasa.gov.mission.control.Receiver  - Message received from 
259636 [Thread-0] INFO naasa.gov.mission.control.Receiver  - Message received from 
288717 [Thread-0] INFO naasa.gov.mission.control.Receiver  - Message received from 
306649 [Thread-0] INFO naasa.gov.mission.control.Receiver  - Message received from 
336176 [Thread-0] INFO naasa.gov.mission.control.Receiver  - Message received from 
351491 [Thread-0] INFO naasa.gov.mission.control.Receiver  - Message received from Spacecraft Clock
366617 [Thread-0] INFO naasa.gov.mission.control.Receiver  - Message received from 
386755 [Thread-0] INFO naasa.gov.mission.control.Receiver  - Message received from 
