0 [main] INFO kafka.utils.VerifiableProperties  - Verifying properties
19 [main] INFO kafka.utils.VerifiableProperties  - Property auto.offset.reset is overridden to largest
20 [main] WARN kafka.utils.VerifiableProperties  - Property bootstrap.servers is not valid
20 [main] WARN kafka.utils.VerifiableProperties  - Property destination.topic is not valid
20 [main] INFO kafka.utils.VerifiableProperties  - Property group.id is overridden to space.exploration.mars.rover.curiosity.1540602591865
20 [main] WARN kafka.utils.VerifiableProperties  - Property key.serializer is not valid
20 [main] WARN kafka.utils.VerifiableProperties  - Property metadata.broker.list is not valid
20 [main] WARN kafka.utils.VerifiableProperties  - Property source.topic is not valid
20 [main] WARN kafka.utils.VerifiableProperties  - Property value.serializer is not valid
20 [main] INFO kafka.utils.VerifiableProperties  - Property zookeeper.connect is overridden to localhost:2181
59 [main] INFO kafka.consumer.ZookeeperConsumerConnector  - [space.exploration.mars.rover.curiosity.1540602591865_antares-mainframe-1540602592150-8859b5dd], Connecting to zookeeper instance at localhost:2181
63 [ZkClient-EventThread-28-localhost:2181] INFO org.I0Itec.zkclient.ZkEventThread  - Starting ZkClient event thread.
67 [main] INFO org.apache.zookeeper.ZooKeeper  - Client environment:zookeeper.version=3.4.6-1569965, built on 02/20/2014 09:09 GMT
67 [main] INFO org.apache.zookeeper.ZooKeeper  - Client environment:host.name=antares-mainframe
67 [main] INFO org.apache.zookeeper.ZooKeeper  - Client environment:java.version=10.0.2
67 [main] INFO org.apache.zookeeper.ZooKeeper  - Client environment:java.vendor=Oracle Corporation
67 [main] INFO org.apache.zookeeper.ZooKeeper  - Client environment:java.home=/usr/lib/jvm/java-11-openjdk-amd64
67 [main] INFO org.apache.zookeeper.ZooKeeper  - Client environment:java.class.path=target/mission.control-2.0-shaded.jar
67 [main] INFO org.apache.zookeeper.ZooKeeper  - Client environment:java.library.path=/usr/java/packages/lib:/usr/lib/x86_64-linux-gnu/jni:/lib/x86_64-linux-gnu:/usr/lib/x86_64-linux-gnu:/usr/lib/jni:/lib:/usr/lib
67 [main] INFO org.apache.zookeeper.ZooKeeper  - Client environment:java.io.tmpdir=/tmp
67 [main] INFO org.apache.zookeeper.ZooKeeper  - Client environment:java.compiler=<NA>
67 [main] INFO org.apache.zookeeper.ZooKeeper  - Client environment:os.name=Linux
67 [main] INFO org.apache.zookeeper.ZooKeeper  - Client environment:os.arch=amd64
67 [main] INFO org.apache.zookeeper.ZooKeeper  - Client environment:os.version=4.15.0-36-generic
67 [main] INFO org.apache.zookeeper.ZooKeeper  - Client environment:user.name=sanket
68 [main] INFO org.apache.zookeeper.ZooKeeper  - Client environment:user.home=/home/sanket
68 [main] INFO org.apache.zookeeper.ZooKeeper  - Client environment:user.dir=/home/sanket/Documents/workspace/Mission.Control
68 [main] INFO org.apache.zookeeper.ZooKeeper  - Initiating client connection, connectString=localhost:2181 sessionTimeout=6000 watcher=org.I0Itec.zkclient.ZkClient@791d1f8b
81 [main] INFO org.I0Itec.zkclient.ZkClient  - Waiting for keeper state SyncConnected
87 [main-SendThread(localhost:2181)] INFO org.apache.zookeeper.ClientCnxn  - Opening socket connection to server localhost/127.0.0.1:2181. Will not attempt to authenticate using SASL (unknown error)
95 [main-SendThread(localhost:2181)] INFO org.apache.zookeeper.ClientCnxn  - Socket connection established to localhost/127.0.0.1:2181, initiating session
101 [main-SendThread(localhost:2181)] INFO org.apache.zookeeper.ClientCnxn  - Session establishment complete on server localhost/127.0.0.1:2181, sessionid = 0x166b311df820001, negotiated timeout = 6000
103 [main-EventThread] INFO org.I0Itec.zkclient.ZkClient  - zookeeper state changed (SyncConnected)
114 [main] INFO kafka.consumer.ZookeeperConsumerConnector  - [space.exploration.mars.rover.curiosity.1540602591865_antares-mainframe-1540602592150-8859b5dd], starting auto committer every 60000 ms
139 [Thread-0] INFO kafka.consumer.ZookeeperConsumerConnector  - [space.exploration.mars.rover.curiosity.1540602591865_antares-mainframe-1540602592150-8859b5dd], begin registering consumer space.exploration.mars.rover.curiosity.1540602591865_antares-mainframe-1540602592150-8859b5dd in ZK
154 [Thread-0] INFO kafka.utils.ZKCheckedEphemeral  - Creating /consumers/space.exploration.mars.rover.curiosity.1540602591865/ids/space.exploration.mars.rover.curiosity.1540602591865_antares-mainframe-1540602592150-8859b5dd (is it secure? false)
163 [Thread-0] INFO kafka.utils.ZKCheckedEphemeral  - Result of znode creation is: OK
164 [Thread-0] INFO kafka.consumer.ZookeeperConsumerConnector  - [space.exploration.mars.rover.curiosity.1540602591865_antares-mainframe-1540602592150-8859b5dd], end registering consumer space.exploration.mars.rover.curiosity.1540602591865_antares-mainframe-1540602592150-8859b5dd in ZK
167 [space.exploration.mars.rover.curiosity.1540602591865_antares-mainframe-1540602592150-8859b5dd_watcher_executor] INFO kafka.consumer.ZookeeperConsumerConnector  - [space.exploration.mars.rover.curiosity.1540602591865_antares-mainframe-1540602592150-8859b5dd], starting watcher executor thread for consumer space.exploration.mars.rover.curiosity.1540602591865_antares-mainframe-1540602592150-8859b5dd
182 [Thread-0] INFO kafka.consumer.ZookeeperConsumerConnector  - [space.exploration.mars.rover.curiosity.1540602591865_antares-mainframe-1540602592150-8859b5dd], begin rebalancing consumer space.exploration.mars.rover.curiosity.1540602591865_antares-mainframe-1540602592150-8859b5dd try #0
252 [Thread-0] INFO kafka.consumer.ConsumerFetcherManager  - [ConsumerFetcherManager-1540602592203] Stopping leader finder thread
252 [Thread-0] INFO kafka.consumer.ConsumerFetcherManager  - [ConsumerFetcherManager-1540602592203] Stopping all fetchers
253 [Thread-0] INFO kafka.consumer.ConsumerFetcherManager  - [ConsumerFetcherManager-1540602592203] All connections stopped
253 [Thread-0] INFO kafka.consumer.ZookeeperConsumerConnector  - [space.exploration.mars.rover.curiosity.1540602591865_antares-mainframe-1540602592150-8859b5dd], Cleared all relevant queues for this fetcher
253 [Thread-0] INFO kafka.consumer.ZookeeperConsumerConnector  - [space.exploration.mars.rover.curiosity.1540602591865_antares-mainframe-1540602592150-8859b5dd], Cleared the data chunks in all the consumer message iterators
253 [Thread-0] INFO kafka.consumer.ZookeeperConsumerConnector  - [space.exploration.mars.rover.curiosity.1540602591865_antares-mainframe-1540602592150-8859b5dd], Committing all offsets after clearing the fetcher queues
254 [Thread-0] INFO kafka.consumer.ZookeeperConsumerConnector  - [space.exploration.mars.rover.curiosity.1540602591865_antares-mainframe-1540602592150-8859b5dd], Releasing partition ownership
269 [Thread-0] INFO kafka.consumer.RangeAssignor  - Consumer space.exploration.mars.rover.curiosity.1540602591865_antares-mainframe-1540602592150-8859b5dd rebalancing the following partitions: ArrayBuffer() for topic curiosity_to_earth_6 with consumers: List(space.exploration.mars.rover.curiosity.1540602591865_antares-mainframe-1540602592150-8859b5dd-0)
270 [Thread-0] WARN kafka.consumer.RangeAssignor  - No broker partitions consumed by consumer thread space.exploration.mars.rover.curiosity.1540602591865_antares-mainframe-1540602592150-8859b5dd-0 for topic curiosity_to_earth_6
278 [Thread-0] INFO kafka.consumer.ZookeeperConsumerConnector  - [space.exploration.mars.rover.curiosity.1540602591865_antares-mainframe-1540602592150-8859b5dd], Consumer space.exploration.mars.rover.curiosity.1540602591865_antares-mainframe-1540602592150-8859b5dd selected partitions : 
280 [space.exploration.mars.rover.curiosity.1540602591865_antares-mainframe-1540602592150-8859b5dd-leader-finder-thread] INFO kafka.consumer.ConsumerFetcherManager$LeaderFinderThread  - [space.exploration.mars.rover.curiosity.1540602591865_antares-mainframe-1540602592150-8859b5dd-leader-finder-thread], Starting 
280 [Thread-0] INFO kafka.consumer.ZookeeperConsumerConnector  - [space.exploration.mars.rover.curiosity.1540602591865_antares-mainframe-1540602592150-8859b5dd], end rebalancing consumer space.exploration.mars.rover.curiosity.1540602591865_antares-mainframe-1540602592150-8859b5dd try #0
47531 [ZkClient-EventThread-28-localhost:2181] INFO kafka.consumer.ZookeeperConsumerConnector  - [space.exploration.mars.rover.curiosity.1540602591865_antares-mainframe-1540602592150-8859b5dd], Topic info for path /brokers/topics/curiosity_to_earth_6 changed to {"version":1,"partitions":{"0":[0]}}, triggering rebalance
47532 [space.exploration.mars.rover.curiosity.1540602591865_antares-mainframe-1540602592150-8859b5dd_watcher_executor] INFO kafka.consumer.ZookeeperConsumerConnector  - [space.exploration.mars.rover.curiosity.1540602591865_antares-mainframe-1540602592150-8859b5dd], begin rebalancing consumer space.exploration.mars.rover.curiosity.1540602591865_antares-mainframe-1540602592150-8859b5dd try #0
47552 [space.exploration.mars.rover.curiosity.1540602591865_antares-mainframe-1540602592150-8859b5dd_watcher_executor] INFO kafka.consumer.ConsumerFetcherManager  - [ConsumerFetcherManager-1540602592203] Stopping leader finder thread
47553 [space.exploration.mars.rover.curiosity.1540602591865_antares-mainframe-1540602592150-8859b5dd_watcher_executor] INFO kafka.consumer.ConsumerFetcherManager$LeaderFinderThread  - [space.exploration.mars.rover.curiosity.1540602591865_antares-mainframe-1540602592150-8859b5dd-leader-finder-thread], Shutting down
47553 [space.exploration.mars.rover.curiosity.1540602591865_antares-mainframe-1540602592150-8859b5dd_watcher_executor] INFO kafka.consumer.ConsumerFetcherManager$LeaderFinderThread  - [space.exploration.mars.rover.curiosity.1540602591865_antares-mainframe-1540602592150-8859b5dd-leader-finder-thread], Shutdown completed
47553 [space.exploration.mars.rover.curiosity.1540602591865_antares-mainframe-1540602592150-8859b5dd-leader-finder-thread] INFO kafka.consumer.ConsumerFetcherManager$LeaderFinderThread  - [space.exploration.mars.rover.curiosity.1540602591865_antares-mainframe-1540602592150-8859b5dd-leader-finder-thread], Stopped 
47553 [space.exploration.mars.rover.curiosity.1540602591865_antares-mainframe-1540602592150-8859b5dd_watcher_executor] INFO kafka.consumer.ConsumerFetcherManager  - [ConsumerFetcherManager-1540602592203] Stopping all fetchers
47554 [space.exploration.mars.rover.curiosity.1540602591865_antares-mainframe-1540602592150-8859b5dd_watcher_executor] INFO kafka.consumer.ConsumerFetcherManager  - [ConsumerFetcherManager-1540602592203] All connections stopped
47554 [space.exploration.mars.rover.curiosity.1540602591865_antares-mainframe-1540602592150-8859b5dd_watcher_executor] INFO kafka.consumer.ZookeeperConsumerConnector  - [space.exploration.mars.rover.curiosity.1540602591865_antares-mainframe-1540602592150-8859b5dd], Cleared all relevant queues for this fetcher
47554 [space.exploration.mars.rover.curiosity.1540602591865_antares-mainframe-1540602592150-8859b5dd_watcher_executor] INFO kafka.consumer.ZookeeperConsumerConnector  - [space.exploration.mars.rover.curiosity.1540602591865_antares-mainframe-1540602592150-8859b5dd], Cleared the data chunks in all the consumer message iterators
47554 [space.exploration.mars.rover.curiosity.1540602591865_antares-mainframe-1540602592150-8859b5dd_watcher_executor] INFO kafka.consumer.ZookeeperConsumerConnector  - [space.exploration.mars.rover.curiosity.1540602591865_antares-mainframe-1540602592150-8859b5dd], Committing all offsets after clearing the fetcher queues
47554 [space.exploration.mars.rover.curiosity.1540602591865_antares-mainframe-1540602592150-8859b5dd_watcher_executor] INFO kafka.consumer.ZookeeperConsumerConnector  - [space.exploration.mars.rover.curiosity.1540602591865_antares-mainframe-1540602592150-8859b5dd], Releasing partition ownership
47567 [space.exploration.mars.rover.curiosity.1540602591865_antares-mainframe-1540602592150-8859b5dd_watcher_executor] INFO kafka.consumer.RangeAssignor  - Consumer space.exploration.mars.rover.curiosity.1540602591865_antares-mainframe-1540602592150-8859b5dd rebalancing the following partitions: ArrayBuffer(0) for topic curiosity_to_earth_6 with consumers: List(space.exploration.mars.rover.curiosity.1540602591865_antares-mainframe-1540602592150-8859b5dd-0)
47567 [space.exploration.mars.rover.curiosity.1540602591865_antares-mainframe-1540602592150-8859b5dd_watcher_executor] INFO kafka.consumer.RangeAssignor  - space.exploration.mars.rover.curiosity.1540602591865_antares-mainframe-1540602592150-8859b5dd-0 attempting to claim partition 0
47587 [space.exploration.mars.rover.curiosity.1540602591865_antares-mainframe-1540602592150-8859b5dd_watcher_executor] INFO kafka.consumer.ZookeeperConsumerConnector  - [space.exploration.mars.rover.curiosity.1540602591865_antares-mainframe-1540602592150-8859b5dd], space.exploration.mars.rover.curiosity.1540602591865_antares-mainframe-1540602592150-8859b5dd-0 successfully owned partition 0 for topic curiosity_to_earth_6
47594 [space.exploration.mars.rover.curiosity.1540602591865_antares-mainframe-1540602592150-8859b5dd_watcher_executor] INFO kafka.consumer.ZookeeperConsumerConnector  - [space.exploration.mars.rover.curiosity.1540602591865_antares-mainframe-1540602592150-8859b5dd], Consumer space.exploration.mars.rover.curiosity.1540602591865_antares-mainframe-1540602592150-8859b5dd selected partitions : curiosity_to_earth_6:0: fetched offset = -1: consumed offset = -1
47594 [space.exploration.mars.rover.curiosity.1540602591865_antares-mainframe-1540602592150-8859b5dd_watcher_executor] INFO kafka.consumer.ZookeeperConsumerConnector  - [space.exploration.mars.rover.curiosity.1540602591865_antares-mainframe-1540602592150-8859b5dd], end rebalancing consumer space.exploration.mars.rover.curiosity.1540602591865_antares-mainframe-1540602592150-8859b5dd try #0
47594 [space.exploration.mars.rover.curiosity.1540602591865_antares-mainframe-1540602592150-8859b5dd-leader-finder-thread] INFO kafka.consumer.ConsumerFetcherManager$LeaderFinderThread  - [space.exploration.mars.rover.curiosity.1540602591865_antares-mainframe-1540602592150-8859b5dd-leader-finder-thread], Starting 
47607 [space.exploration.mars.rover.curiosity.1540602591865_antares-mainframe-1540602592150-8859b5dd-leader-finder-thread] INFO kafka.utils.VerifiableProperties  - Verifying properties
47608 [space.exploration.mars.rover.curiosity.1540602591865_antares-mainframe-1540602592150-8859b5dd-leader-finder-thread] INFO kafka.utils.VerifiableProperties  - Property client.id is overridden to space.exploration.mars.rover.curiosity.1540602591865
47608 [space.exploration.mars.rover.curiosity.1540602591865_antares-mainframe-1540602592150-8859b5dd-leader-finder-thread] INFO kafka.utils.VerifiableProperties  - Property metadata.broker.list is overridden to antares-mainframe:9092
47608 [space.exploration.mars.rover.curiosity.1540602591865_antares-mainframe-1540602592150-8859b5dd-leader-finder-thread] INFO kafka.utils.VerifiableProperties  - Property request.timeout.ms is overridden to 30000
47621 [space.exploration.mars.rover.curiosity.1540602591865_antares-mainframe-1540602592150-8859b5dd-leader-finder-thread] INFO kafka.client.ClientUtils$  - Fetching metadata from broker BrokerEndPoint(0,antares-mainframe,9092) with correlation id 0 for 1 topic(s) Set(curiosity_to_earth_6)
47625 [space.exploration.mars.rover.curiosity.1540602591865_antares-mainframe-1540602592150-8859b5dd-leader-finder-thread] INFO kafka.producer.SyncProducer  - Connected to antares-mainframe:9092 for producing
47645 [space.exploration.mars.rover.curiosity.1540602591865_antares-mainframe-1540602592150-8859b5dd-leader-finder-thread] INFO kafka.producer.SyncProducer  - Disconnecting from antares-mainframe:9092
47662 [ConsumerFetcherThread-space.exploration.mars.rover.curiosity.1540602591865_antares-mainframe-1540602592150-8859b5dd-0-0] INFO kafka.consumer.ConsumerFetcherThread  - [ConsumerFetcherThread-space.exploration.mars.rover.curiosity.1540602591865_antares-mainframe-1540602592150-8859b5dd-0-0], Starting 
47678 [space.exploration.mars.rover.curiosity.1540602591865_antares-mainframe-1540602592150-8859b5dd-leader-finder-thread] INFO kafka.consumer.ConsumerFetcherManager  - [ConsumerFetcherManager-1540602592203] Added fetcher for partitions ArrayBuffer([[curiosity_to_earth_6,0], initOffset -1 to broker BrokerEndPoint(0,antares-mainframe,9092)] )
