0 [main] INFO kafka.utils.VerifiableProperties  - Verifying properties
22 [main] WARN kafka.utils.VerifiableProperties  - Property auto.offset.reset is not valid
22 [main] WARN kafka.utils.VerifiableProperties  - Property bootstrap.servers is not valid
22 [main] WARN kafka.utils.VerifiableProperties  - Property destination.topic is not valid
22 [main] WARN kafka.utils.VerifiableProperties  - Property group.id is not valid
22 [main] WARN kafka.utils.VerifiableProperties  - Property key.serializer is not valid
23 [main] INFO kafka.utils.VerifiableProperties  - Property metadata.broker.list is overridden to localhost:9092
23 [main] WARN kafka.utils.VerifiableProperties  - Property source.topic is not valid
23 [main] WARN kafka.utils.VerifiableProperties  - Property value.serializer is not valid
23 [main] WARN kafka.utils.VerifiableProperties  - Property zookeeper.connect is not valid
277 [main] INFO kafka.client.ClientUtils$  - Fetching metadata from broker BrokerEndPoint(0,localhost,9092) with correlation id 0 for 1 topic(s) Set(earth_to_curiosity_6)
290 [main] INFO kafka.producer.SyncProducer  - Connected to localhost:9092 for producing
303 [main] INFO kafka.producer.SyncProducer  - Disconnecting from localhost:9092
333 [main] INFO kafka.producer.SyncProducer  - Connected to zion-mainframe:9092 for producing
605271 [main] INFO kafka.client.ClientUtils$  - Fetching metadata from broker BrokerEndPoint(0,localhost,9092) with correlation id 27 for 1 topic(s) Set(earth_to_curiosity_6)
605272 [main] INFO kafka.producer.SyncProducer  - Connected to localhost:9092 for producing
605274 [main] INFO kafka.producer.SyncProducer  - Disconnecting from localhost:9092
605274 [main] INFO kafka.producer.SyncProducer  - Disconnecting from zion-mainframe:9092
605277 [main] INFO kafka.producer.SyncProducer  - Connected to zion-mainframe:9092 for producing
1211580 [main] INFO kafka.client.ClientUtils$  - Fetching metadata from broker BrokerEndPoint(0,localhost,9092) with correlation id 56 for 1 topic(s) Set(earth_to_curiosity_6)
1211581 [main] INFO kafka.producer.SyncProducer  - Connected to localhost:9092 for producing
1211582 [main] INFO kafka.producer.SyncProducer  - Disconnecting from localhost:9092
1211583 [main] INFO kafka.producer.SyncProducer  - Disconnecting from zion-mainframe:9092
1211584 [main] INFO kafka.producer.SyncProducer  - Connected to zion-mainframe:9092 for producing
1816474 [main] INFO kafka.client.ClientUtils$  - Fetching metadata from broker BrokerEndPoint(0,localhost,9092) with correlation id 83 for 1 topic(s) Set(earth_to_curiosity_6)
1816474 [main] INFO kafka.producer.SyncProducer  - Connected to localhost:9092 for producing
1816475 [main] INFO kafka.producer.SyncProducer  - Disconnecting from localhost:9092
1816475 [main] INFO kafka.producer.SyncProducer  - Disconnecting from zion-mainframe:9092
1816476 [main] INFO kafka.producer.SyncProducer  - Connected to zion-mainframe:9092 for producing
2425762 [main] INFO kafka.client.ClientUtils$  - Fetching metadata from broker BrokerEndPoint(0,localhost,9092) with correlation id 116 for 1 topic(s) Set(earth_to_curiosity_6)
2425762 [main] INFO kafka.producer.SyncProducer  - Connected to localhost:9092 for producing
2425763 [main] INFO kafka.producer.SyncProducer  - Disconnecting from localhost:9092
2425764 [main] INFO kafka.producer.SyncProducer  - Disconnecting from zion-mainframe:9092
2425765 [main] INFO kafka.producer.SyncProducer  - Connected to zion-mainframe:9092 for producing
3030581 [main] INFO kafka.client.ClientUtils$  - Fetching metadata from broker BrokerEndPoint(0,localhost,9092) with correlation id 143 for 1 topic(s) Set(earth_to_curiosity_6)
3030582 [main] INFO kafka.producer.SyncProducer  - Connected to localhost:9092 for producing
3030584 [main] INFO kafka.producer.SyncProducer  - Disconnecting from localhost:9092
3030585 [main] INFO kafka.producer.SyncProducer  - Disconnecting from zion-mainframe:9092
3030588 [main] INFO kafka.producer.SyncProducer  - Connected to zion-mainframe:9092 for producing
3635306 [main] INFO kafka.client.ClientUtils$  - Fetching metadata from broker BrokerEndPoint(0,localhost,9092) with correlation id 170 for 1 topic(s) Set(earth_to_curiosity_6)
3635307 [main] INFO kafka.producer.SyncProducer  - Connected to localhost:9092 for producing
3635309 [main] INFO kafka.producer.SyncProducer  - Disconnecting from localhost:9092
3635309 [main] INFO kafka.producer.SyncProducer  - Disconnecting from zion-mainframe:9092
3635313 [main] INFO kafka.producer.SyncProducer  - Connected to zion-mainframe:9092 for producing
4240022 [main] INFO kafka.client.ClientUtils$  - Fetching metadata from broker BrokerEndPoint(0,localhost,9092) with correlation id 197 for 1 topic(s) Set(earth_to_curiosity_6)
4240023 [main] INFO kafka.producer.SyncProducer  - Connected to localhost:9092 for producing
4240026 [main] INFO kafka.producer.SyncProducer  - Disconnecting from localhost:9092
4240027 [main] INFO kafka.producer.SyncProducer  - Disconnecting from zion-mainframe:9092
4240029 [main] INFO kafka.producer.SyncProducer  - Connected to zion-mainframe:9092 for producing
4846271 [main] INFO kafka.client.ClientUtils$  - Fetching metadata from broker BrokerEndPoint(0,localhost,9092) with correlation id 226 for 1 topic(s) Set(earth_to_curiosity_6)
4846272 [main] INFO kafka.producer.SyncProducer  - Connected to localhost:9092 for producing
4846275 [main] INFO kafka.producer.SyncProducer  - Disconnecting from localhost:9092
4846276 [main] INFO kafka.producer.SyncProducer  - Disconnecting from zion-mainframe:9092
4846279 [main] INFO kafka.producer.SyncProducer  - Connected to zion-mainframe:9092 for producing
5450990 [main] INFO kafka.client.ClientUtils$  - Fetching metadata from broker BrokerEndPoint(0,localhost,9092) with correlation id 253 for 1 topic(s) Set(earth_to_curiosity_6)
5450990 [main] INFO kafka.producer.SyncProducer  - Connected to localhost:9092 for producing
5450991 [main] INFO kafka.producer.SyncProducer  - Disconnecting from localhost:9092
5450991 [main] INFO kafka.producer.SyncProducer  - Disconnecting from zion-mainframe:9092
5450992 [main] INFO kafka.producer.SyncProducer  - Connected to zion-mainframe:9092 for producing
6057255 [main] INFO kafka.client.ClientUtils$  - Fetching metadata from broker BrokerEndPoint(0,localhost,9092) with correlation id 282 for 1 topic(s) Set(earth_to_curiosity_6)
6057256 [main] INFO kafka.producer.SyncProducer  - Connected to localhost:9092 for producing
6057258 [main] INFO kafka.producer.SyncProducer  - Disconnecting from localhost:9092
6057259 [main] INFO kafka.producer.SyncProducer  - Disconnecting from zion-mainframe:9092
6057261 [main] INFO kafka.producer.SyncProducer  - Connected to zion-mainframe:9092 for producing
6664987 [main] INFO kafka.client.ClientUtils$  - Fetching metadata from broker BrokerEndPoint(0,localhost,9092) with correlation id 313 for 1 topic(s) Set(earth_to_curiosity_6)
6664988 [main] INFO kafka.producer.SyncProducer  - Connected to localhost:9092 for producing
6664990 [main] INFO kafka.producer.SyncProducer  - Disconnecting from localhost:9092
6664991 [main] INFO kafka.producer.SyncProducer  - Disconnecting from zion-mainframe:9092
6664993 [main] INFO kafka.producer.SyncProducer  - Connected to zion-mainframe:9092 for producing
7271198 [main] INFO kafka.client.ClientUtils$  - Fetching metadata from broker BrokerEndPoint(0,localhost,9092) with correlation id 342 for 1 topic(s) Set(earth_to_curiosity_6)
7271199 [main] INFO kafka.producer.SyncProducer  - Connected to localhost:9092 for producing
7271201 [main] INFO kafka.producer.SyncProducer  - Disconnecting from localhost:9092
7271202 [main] INFO kafka.producer.SyncProducer  - Disconnecting from zion-mainframe:9092
7271208 [main] INFO kafka.producer.SyncProducer  - Connected to zion-mainframe:9092 for producing
7875886 [main] INFO kafka.client.ClientUtils$  - Fetching metadata from broker BrokerEndPoint(0,localhost,9092) with correlation id 369 for 1 topic(s) Set(earth_to_curiosity_6)
7875887 [main] INFO kafka.producer.SyncProducer  - Connected to localhost:9092 for producing
7875888 [main] INFO kafka.producer.SyncProducer  - Disconnecting from localhost:9092
7875888 [main] INFO kafka.producer.SyncProducer  - Disconnecting from zion-mainframe:9092
7875888 [main] INFO kafka.producer.SyncProducer  - Connected to zion-mainframe:9092 for producing
8480597 [main] INFO kafka.client.ClientUtils$  - Fetching metadata from broker BrokerEndPoint(0,localhost,9092) with correlation id 396 for 1 topic(s) Set(earth_to_curiosity_6)
8480598 [main] INFO kafka.producer.SyncProducer  - Connected to localhost:9092 for producing
8480600 [main] INFO kafka.producer.SyncProducer  - Disconnecting from localhost:9092
8480601 [main] INFO kafka.producer.SyncProducer  - Disconnecting from zion-mainframe:9092
8480603 [main] INFO kafka.producer.SyncProducer  - Connected to zion-mainframe:9092 for producing
9089828 [main] INFO kafka.client.ClientUtils$  - Fetching metadata from broker BrokerEndPoint(0,localhost,9092) with correlation id 429 for 1 topic(s) Set(earth_to_curiosity_6)
9089829 [main] INFO kafka.producer.SyncProducer  - Connected to localhost:9092 for producing
9089831 [main] INFO kafka.producer.SyncProducer  - Disconnecting from localhost:9092
9089831 [main] INFO kafka.producer.SyncProducer  - Disconnecting from zion-mainframe:9092
9089833 [main] INFO kafka.producer.SyncProducer  - Connected to zion-mainframe:9092 for producing
9694497 [main] INFO kafka.client.ClientUtils$  - Fetching metadata from broker BrokerEndPoint(0,localhost,9092) with correlation id 456 for 1 topic(s) Set(earth_to_curiosity_6)
9694497 [main] INFO kafka.producer.SyncProducer  - Connected to localhost:9092 for producing
9694498 [main] INFO kafka.producer.SyncProducer  - Disconnecting from localhost:9092
9694498 [main] INFO kafka.producer.SyncProducer  - Disconnecting from zion-mainframe:9092
9694498 [main] INFO kafka.producer.SyncProducer  - Connected to zion-mainframe:9092 for producing
10299194 [main] INFO kafka.client.ClientUtils$  - Fetching metadata from broker BrokerEndPoint(0,localhost,9092) with correlation id 483 for 1 topic(s) Set(earth_to_curiosity_6)
10299195 [main] INFO kafka.producer.SyncProducer  - Connected to localhost:9092 for producing
10299195 [main] INFO kafka.producer.SyncProducer  - Disconnecting from localhost:9092
10299195 [main] INFO kafka.producer.SyncProducer  - Disconnecting from zion-mainframe:9092
10299196 [main] INFO kafka.producer.SyncProducer  - Connected to zion-mainframe:9092 for producing
10906894 [main] INFO kafka.client.ClientUtils$  - Fetching metadata from broker BrokerEndPoint(0,localhost,9092) with correlation id 514 for 1 topic(s) Set(earth_to_curiosity_6)
10906895 [main] INFO kafka.producer.SyncProducer  - Connected to localhost:9092 for producing
10906897 [main] INFO kafka.producer.SyncProducer  - Disconnecting from localhost:9092
10906897 [main] INFO kafka.producer.SyncProducer  - Disconnecting from zion-mainframe:9092
10906902 [main] INFO kafka.producer.SyncProducer  - Connected to zion-mainframe:9092 for producing
11511611 [main] INFO kafka.client.ClientUtils$  - Fetching metadata from broker BrokerEndPoint(0,localhost,9092) with correlation id 541 for 1 topic(s) Set(earth_to_curiosity_6)
11511611 [main] INFO kafka.producer.SyncProducer  - Connected to localhost:9092 for producing
11511612 [main] INFO kafka.producer.SyncProducer  - Disconnecting from localhost:9092
11511612 [main] INFO kafka.producer.SyncProducer  - Disconnecting from zion-mainframe:9092
11511612 [main] INFO kafka.producer.SyncProducer  - Connected to zion-mainframe:9092 for producing
12117802 [main] INFO kafka.client.ClientUtils$  - Fetching metadata from broker BrokerEndPoint(0,localhost,9092) with correlation id 570 for 1 topic(s) Set(earth_to_curiosity_6)
12117802 [main] INFO kafka.producer.SyncProducer  - Connected to localhost:9092 for producing
12117803 [main] INFO kafka.producer.SyncProducer  - Disconnecting from localhost:9092
12117803 [main] INFO kafka.producer.SyncProducer  - Disconnecting from zion-mainframe:9092
12117804 [main] INFO kafka.producer.SyncProducer  - Connected to zion-mainframe:9092 for producing
12724038 [main] INFO kafka.client.ClientUtils$  - Fetching metadata from broker BrokerEndPoint(0,localhost,9092) with correlation id 599 for 1 topic(s) Set(earth_to_curiosity_6)
12724039 [main] INFO kafka.producer.SyncProducer  - Connected to localhost:9092 for producing
12724041 [main] INFO kafka.producer.SyncProducer  - Disconnecting from localhost:9092
12724041 [main] INFO kafka.producer.SyncProducer  - Disconnecting from zion-mainframe:9092
12724043 [main] INFO kafka.producer.SyncProducer  - Connected to zion-mainframe:9092 for producing
13328726 [main] INFO kafka.client.ClientUtils$  - Fetching metadata from broker BrokerEndPoint(0,localhost,9092) with correlation id 626 for 1 topic(s) Set(earth_to_curiosity_6)
13328726 [main] INFO kafka.producer.SyncProducer  - Connected to localhost:9092 for producing
13328727 [main] INFO kafka.producer.SyncProducer  - Disconnecting from localhost:9092
13328727 [main] INFO kafka.producer.SyncProducer  - Disconnecting from zion-mainframe:9092
13328728 [main] INFO kafka.producer.SyncProducer  - Connected to zion-mainframe:9092 for producing
13936471 [main] INFO kafka.client.ClientUtils$  - Fetching metadata from broker BrokerEndPoint(0,localhost,9092) with correlation id 657 for 1 topic(s) Set(earth_to_curiosity_6)
13936471 [main] INFO kafka.producer.SyncProducer  - Connected to localhost:9092 for producing
13936472 [main] INFO kafka.producer.SyncProducer  - Disconnecting from localhost:9092
13936472 [main] INFO kafka.producer.SyncProducer  - Disconnecting from zion-mainframe:9092
13936473 [main] INFO kafka.producer.SyncProducer  - Connected to zion-mainframe:9092 for producing
14544197 [main] INFO kafka.client.ClientUtils$  - Fetching metadata from broker BrokerEndPoint(0,localhost,9092) with correlation id 688 for 1 topic(s) Set(earth_to_curiosity_6)
14544198 [main] INFO kafka.producer.SyncProducer  - Connected to localhost:9092 for producing
14544200 [main] INFO kafka.producer.SyncProducer  - Disconnecting from localhost:9092
14544200 [main] INFO kafka.producer.SyncProducer  - Disconnecting from zion-mainframe:9092
14544204 [main] INFO kafka.producer.SyncProducer  - Connected to zion-mainframe:9092 for producing
15150399 [main] INFO kafka.client.ClientUtils$  - Fetching metadata from broker BrokerEndPoint(0,localhost,9092) with correlation id 717 for 1 topic(s) Set(earth_to_curiosity_6)
15150400 [main] INFO kafka.producer.SyncProducer  - Connected to localhost:9092 for producing
15150400 [main] INFO kafka.producer.SyncProducer  - Disconnecting from localhost:9092
15150401 [main] INFO kafka.producer.SyncProducer  - Disconnecting from zion-mainframe:9092
15150401 [main] INFO kafka.producer.SyncProducer  - Connected to zion-mainframe:9092 for producing
15756604 [main] INFO kafka.client.ClientUtils$  - Fetching metadata from broker BrokerEndPoint(0,localhost,9092) with correlation id 746 for 1 topic(s) Set(earth_to_curiosity_6)
15756605 [main] INFO kafka.producer.SyncProducer  - Connected to localhost:9092 for producing
15756607 [main] INFO kafka.producer.SyncProducer  - Disconnecting from localhost:9092
15756607 [main] INFO kafka.producer.SyncProducer  - Disconnecting from zion-mainframe:9092
15756609 [main] INFO kafka.producer.SyncProducer  - Connected to zion-mainframe:9092 for producing
16364332 [main] INFO kafka.client.ClientUtils$  - Fetching metadata from broker BrokerEndPoint(0,localhost,9092) with correlation id 777 for 1 topic(s) Set(earth_to_curiosity_6)
16364333 [main] INFO kafka.producer.SyncProducer  - Connected to localhost:9092 for producing
16364335 [main] INFO kafka.producer.SyncProducer  - Disconnecting from localhost:9092
16364335 [main] INFO kafka.producer.SyncProducer  - Disconnecting from zion-mainframe:9092
16364337 [main] INFO kafka.producer.SyncProducer  - Connected to zion-mainframe:9092 for producing
16972042 [main] INFO kafka.client.ClientUtils$  - Fetching metadata from broker BrokerEndPoint(0,localhost,9092) with correlation id 808 for 1 topic(s) Set(earth_to_curiosity_6)
16972043 [main] INFO kafka.producer.SyncProducer  - Connected to localhost:9092 for producing
16972045 [main] INFO kafka.producer.SyncProducer  - Disconnecting from localhost:9092
16972046 [main] INFO kafka.producer.SyncProducer  - Disconnecting from zion-mainframe:9092
16972047 [main] INFO kafka.producer.SyncProducer  - Connected to zion-mainframe:9092 for producing
17579771 [main] INFO kafka.client.ClientUtils$  - Fetching metadata from broker BrokerEndPoint(0,localhost,9092) with correlation id 839 for 1 topic(s) Set(earth_to_curiosity_6)
17579772 [main] INFO kafka.producer.SyncProducer  - Connected to localhost:9092 for producing
17579772 [main] INFO kafka.producer.SyncProducer  - Disconnecting from localhost:9092
17579773 [main] INFO kafka.producer.SyncProducer  - Disconnecting from zion-mainframe:9092
17579773 [main] INFO kafka.producer.SyncProducer  - Connected to zion-mainframe:9092 for producing
18186012 [main] INFO kafka.client.ClientUtils$  - Fetching metadata from broker BrokerEndPoint(0,localhost,9092) with correlation id 868 for 1 topic(s) Set(earth_to_curiosity_6)
18186013 [main] INFO kafka.producer.SyncProducer  - Connected to localhost:9092 for producing
18186013 [main] INFO kafka.producer.SyncProducer  - Disconnecting from localhost:9092
18186013 [main] INFO kafka.producer.SyncProducer  - Disconnecting from zion-mainframe:9092
18186015 [main] INFO kafka.producer.SyncProducer  - Connected to zion-mainframe:9092 for producing
18795256 [main] INFO kafka.client.ClientUtils$  - Fetching metadata from broker BrokerEndPoint(0,localhost,9092) with correlation id 901 for 1 topic(s) Set(earth_to_curiosity_6)
18795257 [main] INFO kafka.producer.SyncProducer  - Connected to localhost:9092 for producing
18795259 [main] INFO kafka.producer.SyncProducer  - Disconnecting from localhost:9092
18795259 [main] INFO kafka.producer.SyncProducer  - Disconnecting from zion-mainframe:9092
18795261 [main] INFO kafka.producer.SyncProducer  - Connected to zion-mainframe:9092 for producing
19402851 [main] INFO kafka.client.ClientUtils$  - Fetching metadata from broker BrokerEndPoint(0,localhost,9092) with correlation id 932 for 1 topic(s) Set(earth_to_curiosity_6)
19402851 [main] INFO kafka.producer.SyncProducer  - Connected to localhost:9092 for producing
19402852 [main] INFO kafka.producer.SyncProducer  - Disconnecting from localhost:9092
19402852 [main] INFO kafka.producer.SyncProducer  - Disconnecting from zion-mainframe:9092
19402852 [main] INFO kafka.producer.SyncProducer  - Connected to zion-mainframe:9092 for producing
20008910 [main] INFO kafka.client.ClientUtils$  - Fetching metadata from broker BrokerEndPoint(0,localhost,9092) with correlation id 961 for 1 topic(s) Set(earth_to_curiosity_6)
20008910 [main] INFO kafka.producer.SyncProducer  - Connected to localhost:9092 for producing
20008911 [main] INFO kafka.producer.SyncProducer  - Disconnecting from localhost:9092
20008911 [main] INFO kafka.producer.SyncProducer  - Disconnecting from zion-mainframe:9092
20008912 [main] INFO kafka.producer.SyncProducer  - Connected to zion-mainframe:9092 for producing
20613543 [main] INFO kafka.client.ClientUtils$  - Fetching metadata from broker BrokerEndPoint(0,localhost,9092) with correlation id 988 for 1 topic(s) Set(earth_to_curiosity_6)
20613543 [main] INFO kafka.producer.SyncProducer  - Connected to localhost:9092 for producing
20613545 [main] INFO kafka.producer.SyncProducer  - Disconnecting from localhost:9092
20613546 [main] INFO kafka.producer.SyncProducer  - Disconnecting from zion-mainframe:9092
20613546 [main] INFO kafka.producer.SyncProducer  - Connected to zion-mainframe:9092 for producing
21219683 [main] INFO kafka.client.ClientUtils$  - Fetching metadata from broker BrokerEndPoint(0,localhost,9092) with correlation id 1017 for 1 topic(s) Set(earth_to_curiosity_6)
21219684 [main] INFO kafka.producer.SyncProducer  - Connected to localhost:9092 for producing
21219684 [main] INFO kafka.producer.SyncProducer  - Disconnecting from localhost:9092
21219684 [main] INFO kafka.producer.SyncProducer  - Disconnecting from zion-mainframe:9092
21219685 [main] INFO kafka.producer.SyncProducer  - Connected to zion-mainframe:9092 for producing
21828813 [main] INFO kafka.client.ClientUtils$  - Fetching metadata from broker BrokerEndPoint(0,localhost,9092) with correlation id 1050 for 1 topic(s) Set(earth_to_curiosity_6)
21828813 [main] INFO kafka.producer.SyncProducer  - Connected to localhost:9092 for producing
21828814 [main] INFO kafka.producer.SyncProducer  - Disconnecting from localhost:9092
21828814 [main] INFO kafka.producer.SyncProducer  - Disconnecting from zion-mainframe:9092
21828815 [main] INFO kafka.producer.SyncProducer  - Connected to zion-mainframe:9092 for producing
22433449 [main] INFO kafka.client.ClientUtils$  - Fetching metadata from broker BrokerEndPoint(0,localhost,9092) with correlation id 1077 for 1 topic(s) Set(earth_to_curiosity_6)
22433450 [main] INFO kafka.producer.SyncProducer  - Connected to localhost:9092 for producing
22433450 [main] INFO kafka.producer.SyncProducer  - Disconnecting from localhost:9092
22433450 [main] INFO kafka.producer.SyncProducer  - Disconnecting from zion-mainframe:9092
22433451 [main] INFO kafka.producer.SyncProducer  - Connected to zion-mainframe:9092 for producing
23039587 [main] INFO kafka.client.ClientUtils$  - Fetching metadata from broker BrokerEndPoint(0,localhost,9092) with correlation id 1106 for 1 topic(s) Set(earth_to_curiosity_6)
23039587 [main] INFO kafka.producer.SyncProducer  - Connected to localhost:9092 for producing
23039588 [main] INFO kafka.producer.SyncProducer  - Disconnecting from localhost:9092
23039588 [main] INFO kafka.producer.SyncProducer  - Disconnecting from zion-mainframe:9092
23039589 [main] INFO kafka.producer.SyncProducer  - Connected to zion-mainframe:9092 for producing
23645720 [main] INFO kafka.client.ClientUtils$  - Fetching metadata from broker BrokerEndPoint(0,localhost,9092) with correlation id 1135 for 1 topic(s) Set(earth_to_curiosity_6)
23645720 [main] INFO kafka.producer.SyncProducer  - Connected to localhost:9092 for producing
23645721 [main] INFO kafka.producer.SyncProducer  - Disconnecting from localhost:9092
23645721 [main] INFO kafka.producer.SyncProducer  - Disconnecting from zion-mainframe:9092
23645721 [main] INFO kafka.producer.SyncProducer  - Connected to zion-mainframe:9092 for producing
24251851 [main] INFO kafka.client.ClientUtils$  - Fetching metadata from broker BrokerEndPoint(0,localhost,9092) with correlation id 1164 for 1 topic(s) Set(earth_to_curiosity_6)
24251852 [main] INFO kafka.producer.SyncProducer  - Connected to localhost:9092 for producing
24251852 [main] INFO kafka.producer.SyncProducer  - Disconnecting from localhost:9092
24251852 [main] INFO kafka.producer.SyncProducer  - Disconnecting from zion-mainframe:9092
24251853 [main] INFO kafka.producer.SyncProducer  - Connected to zion-mainframe:9092 for producing
24858002 [main] INFO kafka.client.ClientUtils$  - Fetching metadata from broker BrokerEndPoint(0,localhost,9092) with correlation id 1193 for 1 topic(s) Set(earth_to_curiosity_6)
24858003 [main] INFO kafka.producer.SyncProducer  - Connected to localhost:9092 for producing
24858003 [main] INFO kafka.producer.SyncProducer  - Disconnecting from localhost:9092
24858003 [main] INFO kafka.producer.SyncProducer  - Disconnecting from zion-mainframe:9092
24858004 [main] INFO kafka.producer.SyncProducer  - Connected to zion-mainframe:9092 for producing
25464148 [main] INFO kafka.client.ClientUtils$  - Fetching metadata from broker BrokerEndPoint(0,localhost,9092) with correlation id 1222 for 1 topic(s) Set(earth_to_curiosity_6)
25464148 [main] INFO kafka.producer.SyncProducer  - Connected to localhost:9092 for producing
25464149 [main] INFO kafka.producer.SyncProducer  - Disconnecting from localhost:9092
25464149 [main] INFO kafka.producer.SyncProducer  - Disconnecting from zion-mainframe:9092
25464150 [main] INFO kafka.producer.SyncProducer  - Connected to zion-mainframe:9092 for producing
26070262 [main] INFO kafka.client.ClientUtils$  - Fetching metadata from broker BrokerEndPoint(0,localhost,9092) with correlation id 1251 for 1 topic(s) Set(earth_to_curiosity_6)
26070262 [main] INFO kafka.producer.SyncProducer  - Connected to localhost:9092 for producing
26070263 [main] INFO kafka.producer.SyncProducer  - Disconnecting from localhost:9092
26070263 [main] INFO kafka.producer.SyncProducer  - Disconnecting from zion-mainframe:9092
26070264 [main] INFO kafka.producer.SyncProducer  - Connected to zion-mainframe:9092 for producing
26679418 [main] INFO kafka.client.ClientUtils$  - Fetching metadata from broker BrokerEndPoint(0,localhost,9092) with correlation id 1284 for 1 topic(s) Set(earth_to_curiosity_6)
26679418 [main] INFO kafka.producer.SyncProducer  - Connected to localhost:9092 for producing
26679419 [main] INFO kafka.producer.SyncProducer  - Disconnecting from localhost:9092
26679419 [main] INFO kafka.producer.SyncProducer  - Disconnecting from zion-mainframe:9092
26679419 [main] INFO kafka.producer.SyncProducer  - Connected to zion-mainframe:9092 for producing
27284055 [main] INFO kafka.client.ClientUtils$  - Fetching metadata from broker BrokerEndPoint(0,localhost,9092) with correlation id 1311 for 1 topic(s) Set(earth_to_curiosity_6)
27284055 [main] INFO kafka.producer.SyncProducer  - Connected to localhost:9092 for producing
27284056 [main] INFO kafka.producer.SyncProducer  - Disconnecting from localhost:9092
27284056 [main] INFO kafka.producer.SyncProducer  - Disconnecting from zion-mainframe:9092
27284057 [main] INFO kafka.producer.SyncProducer  - Connected to zion-mainframe:9092 for producing
27891710 [main] INFO kafka.client.ClientUtils$  - Fetching metadata from broker BrokerEndPoint(0,localhost,9092) with correlation id 1342 for 1 topic(s) Set(earth_to_curiosity_6)
27891710 [main] INFO kafka.producer.SyncProducer  - Connected to localhost:9092 for producing
27891711 [main] INFO kafka.producer.SyncProducer  - Disconnecting from localhost:9092
27891711 [main] INFO kafka.producer.SyncProducer  - Disconnecting from zion-mainframe:9092
27891711 [main] INFO kafka.producer.SyncProducer  - Connected to zion-mainframe:9092 for producing
28497853 [main] INFO kafka.client.ClientUtils$  - Fetching metadata from broker BrokerEndPoint(0,localhost,9092) with correlation id 1371 for 1 topic(s) Set(earth_to_curiosity_6)
28497853 [main] INFO kafka.producer.SyncProducer  - Connected to localhost:9092 for producing
28497854 [main] INFO kafka.producer.SyncProducer  - Disconnecting from localhost:9092
28497854 [main] INFO kafka.producer.SyncProducer  - Disconnecting from zion-mainframe:9092
28497855 [main] INFO kafka.producer.SyncProducer  - Connected to zion-mainframe:9092 for producing
29102491 [main] INFO kafka.client.ClientUtils$  - Fetching metadata from broker BrokerEndPoint(0,localhost,9092) with correlation id 1398 for 1 topic(s) Set(earth_to_curiosity_6)
29102492 [main] INFO kafka.producer.SyncProducer  - Connected to localhost:9092 for producing
29102492 [main] INFO kafka.producer.SyncProducer  - Disconnecting from localhost:9092
29102492 [main] INFO kafka.producer.SyncProducer  - Disconnecting from zion-mainframe:9092
29102493 [main] INFO kafka.producer.SyncProducer  - Connected to zion-mainframe:9092 for producing
29707124 [main] INFO kafka.client.ClientUtils$  - Fetching metadata from broker BrokerEndPoint(0,localhost,9092) with correlation id 1425 for 1 topic(s) Set(earth_to_curiosity_6)
29707125 [main] INFO kafka.producer.SyncProducer  - Connected to localhost:9092 for producing
29707125 [main] INFO kafka.producer.SyncProducer  - Disconnecting from localhost:9092
29707125 [main] INFO kafka.producer.SyncProducer  - Disconnecting from zion-mainframe:9092
29707126 [main] INFO kafka.producer.SyncProducer  - Connected to zion-mainframe:9092 for producing
30311751 [main] INFO kafka.client.ClientUtils$  - Fetching metadata from broker BrokerEndPoint(0,localhost,9092) with correlation id 1452 for 1 topic(s) Set(earth_to_curiosity_6)
30311751 [main] INFO kafka.producer.SyncProducer  - Connected to localhost:9092 for producing
30311752 [main] INFO kafka.producer.SyncProducer  - Disconnecting from localhost:9092
30311752 [main] INFO kafka.producer.SyncProducer  - Disconnecting from zion-mainframe:9092
30311752 [main] INFO kafka.producer.SyncProducer  - Connected to zion-mainframe:9092 for producing
30917915 [main] INFO kafka.client.ClientUtils$  - Fetching metadata from broker BrokerEndPoint(0,localhost,9092) with correlation id 1481 for 1 topic(s) Set(earth_to_curiosity_6)
30917916 [main] INFO kafka.producer.SyncProducer  - Connected to localhost:9092 for producing
30917916 [main] INFO kafka.producer.SyncProducer  - Disconnecting from localhost:9092
30917916 [main] INFO kafka.producer.SyncProducer  - Disconnecting from zion-mainframe:9092
30917917 [main] INFO kafka.producer.SyncProducer  - Connected to zion-mainframe:9092 for producing
31525587 [main] INFO kafka.client.ClientUtils$  - Fetching metadata from broker BrokerEndPoint(0,localhost,9092) with correlation id 1512 for 1 topic(s) Set(earth_to_curiosity_6)
31525587 [main] INFO kafka.producer.SyncProducer  - Connected to localhost:9092 for producing
31525588 [main] INFO kafka.producer.SyncProducer  - Disconnecting from localhost:9092
31525588 [main] INFO kafka.producer.SyncProducer  - Disconnecting from zion-mainframe:9092
31525589 [main] INFO kafka.producer.SyncProducer  - Connected to zion-mainframe:9092 for producing
32134749 [main] INFO kafka.client.ClientUtils$  - Fetching metadata from broker BrokerEndPoint(0,localhost,9092) with correlation id 1545 for 1 topic(s) Set(earth_to_curiosity_6)
32134749 [main] INFO kafka.producer.SyncProducer  - Connected to localhost:9092 for producing
32134750 [main] INFO kafka.producer.SyncProducer  - Disconnecting from localhost:9092
32134750 [main] INFO kafka.producer.SyncProducer  - Disconnecting from zion-mainframe:9092
32134750 [main] INFO kafka.producer.SyncProducer  - Connected to zion-mainframe:9092 for producing
32743949 [main] INFO kafka.client.ClientUtils$  - Fetching metadata from broker BrokerEndPoint(0,localhost,9092) with correlation id 1578 for 1 topic(s) Set(earth_to_curiosity_6)
32743949 [main] INFO kafka.producer.SyncProducer  - Connected to localhost:9092 for producing
32743950 [main] INFO kafka.producer.SyncProducer  - Disconnecting from localhost:9092
32743950 [main] INFO kafka.producer.SyncProducer  - Disconnecting from zion-mainframe:9092
32743951 [main] INFO kafka.producer.SyncProducer  - Connected to zion-mainframe:9092 for producing
33350120 [main] INFO kafka.client.ClientUtils$  - Fetching metadata from broker BrokerEndPoint(0,localhost,9092) with correlation id 1607 for 1 topic(s) Set(earth_to_curiosity_6)
33350121 [main] INFO kafka.producer.SyncProducer  - Connected to localhost:9092 for producing
33350121 [main] INFO kafka.producer.SyncProducer  - Disconnecting from localhost:9092
33350121 [main] INFO kafka.producer.SyncProducer  - Disconnecting from zion-mainframe:9092
33350122 [main] INFO kafka.producer.SyncProducer  - Connected to zion-mainframe:9092 for producing
33954739 [main] INFO kafka.client.ClientUtils$  - Fetching metadata from broker BrokerEndPoint(0,localhost,9092) with correlation id 1634 for 1 topic(s) Set(earth_to_curiosity_6)
33954739 [main] INFO kafka.producer.SyncProducer  - Connected to localhost:9092 for producing
33954740 [main] INFO kafka.producer.SyncProducer  - Disconnecting from localhost:9092
33954740 [main] INFO kafka.producer.SyncProducer  - Disconnecting from zion-mainframe:9092
33954740 [main] INFO kafka.producer.SyncProducer  - Connected to zion-mainframe:9092 for producing
34560879 [main] INFO kafka.client.ClientUtils$  - Fetching metadata from broker BrokerEndPoint(0,localhost,9092) with correlation id 1663 for 1 topic(s) Set(earth_to_curiosity_6)
34560879 [main] INFO kafka.producer.SyncProducer  - Connected to localhost:9092 for producing
34560880 [main] INFO kafka.producer.SyncProducer  - Disconnecting from localhost:9092
34560880 [main] INFO kafka.producer.SyncProducer  - Disconnecting from zion-mainframe:9092
34560880 [main] INFO kafka.producer.SyncProducer  - Connected to zion-mainframe:9092 for producing
35165523 [main] INFO kafka.client.ClientUtils$  - Fetching metadata from broker BrokerEndPoint(0,localhost,9092) with correlation id 1690 for 1 topic(s) Set(earth_to_curiosity_6)
35165523 [main] INFO kafka.producer.SyncProducer  - Connected to localhost:9092 for producing
35165524 [main] INFO kafka.producer.SyncProducer  - Disconnecting from localhost:9092
35165524 [main] INFO kafka.producer.SyncProducer  - Disconnecting from zion-mainframe:9092
35165524 [main] INFO kafka.producer.SyncProducer  - Connected to zion-mainframe:9092 for producing
35770182 [main] INFO kafka.client.ClientUtils$  - Fetching metadata from broker BrokerEndPoint(0,localhost,9092) with correlation id 1717 for 1 topic(s) Set(earth_to_curiosity_6)
35770182 [main] INFO kafka.producer.SyncProducer  - Connected to localhost:9092 for producing
35770183 [main] INFO kafka.producer.SyncProducer  - Disconnecting from localhost:9092
35770183 [main] INFO kafka.producer.SyncProducer  - Disconnecting from zion-mainframe:9092
35770183 [main] INFO kafka.producer.SyncProducer  - Connected to zion-mainframe:9092 for producing
36377877 [main] INFO kafka.client.ClientUtils$  - Fetching metadata from broker BrokerEndPoint(0,localhost,9092) with correlation id 1748 for 1 topic(s) Set(earth_to_curiosity_6)
36377878 [main] INFO kafka.producer.SyncProducer  - Connected to localhost:9092 for producing
36377878 [main] INFO kafka.producer.SyncProducer  - Disconnecting from localhost:9092
36377878 [main] INFO kafka.producer.SyncProducer  - Disconnecting from zion-mainframe:9092
36377880 [main] INFO kafka.producer.SyncProducer  - Connected to zion-mainframe:9092 for producing
36982542 [main] INFO kafka.client.ClientUtils$  - Fetching metadata from broker BrokerEndPoint(0,localhost,9092) with correlation id 1775 for 1 topic(s) Set(earth_to_curiosity_6)
36982542 [main] INFO kafka.producer.SyncProducer  - Connected to localhost:9092 for producing
36982543 [main] INFO kafka.producer.SyncProducer  - Disconnecting from localhost:9092
36982543 [main] INFO kafka.producer.SyncProducer  - Disconnecting from zion-mainframe:9092
36982543 [main] INFO kafka.producer.SyncProducer  - Connected to zion-mainframe:9092 for producing
37588691 [main] INFO kafka.client.ClientUtils$  - Fetching metadata from broker BrokerEndPoint(0,localhost,9092) with correlation id 1804 for 1 topic(s) Set(earth_to_curiosity_6)
37588692 [main] INFO kafka.producer.SyncProducer  - Connected to localhost:9092 for producing
37588692 [main] INFO kafka.producer.SyncProducer  - Disconnecting from localhost:9092
37588692 [main] INFO kafka.producer.SyncProducer  - Disconnecting from zion-mainframe:9092
37588693 [main] INFO kafka.producer.SyncProducer  - Connected to zion-mainframe:9092 for producing
38193341 [main] INFO kafka.client.ClientUtils$  - Fetching metadata from broker BrokerEndPoint(0,localhost,9092) with correlation id 1831 for 1 topic(s) Set(earth_to_curiosity_6)
38193342 [main] INFO kafka.producer.SyncProducer  - Connected to localhost:9092 for producing
38193342 [main] INFO kafka.producer.SyncProducer  - Disconnecting from localhost:9092
38193342 [main] INFO kafka.producer.SyncProducer  - Disconnecting from zion-mainframe:9092
38193343 [main] INFO kafka.producer.SyncProducer  - Connected to zion-mainframe:9092 for producing
38799493 [main] INFO kafka.client.ClientUtils$  - Fetching metadata from broker BrokerEndPoint(0,localhost,9092) with correlation id 1860 for 1 topic(s) Set(earth_to_curiosity_6)
38799494 [main] INFO kafka.producer.SyncProducer  - Connected to localhost:9092 for producing
38799494 [main] INFO kafka.producer.SyncProducer  - Disconnecting from localhost:9092
38799494 [main] INFO kafka.producer.SyncProducer  - Disconnecting from zion-mainframe:9092
38799495 [main] INFO kafka.producer.SyncProducer  - Connected to zion-mainframe:9092 for producing
39405665 [main] INFO kafka.client.ClientUtils$  - Fetching metadata from broker BrokerEndPoint(0,localhost,9092) with correlation id 1889 for 1 topic(s) Set(earth_to_curiosity_6)
39405665 [main] INFO kafka.producer.SyncProducer  - Connected to localhost:9092 for producing
39405666 [main] INFO kafka.producer.SyncProducer  - Disconnecting from localhost:9092
39405666 [main] INFO kafka.producer.SyncProducer  - Disconnecting from zion-mainframe:9092
39405667 [main] INFO kafka.producer.SyncProducer  - Connected to zion-mainframe:9092 for producing
40010311 [main] INFO kafka.client.ClientUtils$  - Fetching metadata from broker BrokerEndPoint(0,localhost,9092) with correlation id 1916 for 1 topic(s) Set(earth_to_curiosity_6)
40010312 [main] INFO kafka.producer.SyncProducer  - Connected to localhost:9092 for producing
40010312 [main] INFO kafka.producer.SyncProducer  - Disconnecting from localhost:9092
40010312 [main] INFO kafka.producer.SyncProducer  - Disconnecting from zion-mainframe:9092
40010313 [main] INFO kafka.producer.SyncProducer  - Connected to zion-mainframe:9092 for producing
40616465 [main] INFO kafka.client.ClientUtils$  - Fetching metadata from broker BrokerEndPoint(0,localhost,9092) with correlation id 1945 for 1 topic(s) Set(earth_to_curiosity_6)
40616466 [main] INFO kafka.producer.SyncProducer  - Connected to localhost:9092 for producing
40616467 [main] INFO kafka.producer.SyncProducer  - Disconnecting from localhost:9092
40616467 [main] INFO kafka.producer.SyncProducer  - Disconnecting from zion-mainframe:9092
40616468 [main] INFO kafka.producer.SyncProducer  - Connected to zion-mainframe:9092 for producing
41222624 [main] INFO kafka.client.ClientUtils$  - Fetching metadata from broker BrokerEndPoint(0,localhost,9092) with correlation id 1974 for 1 topic(s) Set(earth_to_curiosity_6)
41222625 [main] INFO kafka.producer.SyncProducer  - Connected to localhost:9092 for producing
41222625 [main] INFO kafka.producer.SyncProducer  - Disconnecting from localhost:9092
41222625 [main] INFO kafka.producer.SyncProducer  - Disconnecting from zion-mainframe:9092
41222625 [main] INFO kafka.producer.SyncProducer  - Connected to zion-mainframe:9092 for producing
41831807 [main] INFO kafka.client.ClientUtils$  - Fetching metadata from broker BrokerEndPoint(0,localhost,9092) with correlation id 2007 for 1 topic(s) Set(earth_to_curiosity_6)
41831807 [main] INFO kafka.producer.SyncProducer  - Connected to localhost:9092 for producing
41831808 [main] INFO kafka.producer.SyncProducer  - Disconnecting from localhost:9092
41831808 [main] INFO kafka.producer.SyncProducer  - Disconnecting from zion-mainframe:9092
41831808 [main] INFO kafka.producer.SyncProducer  - Connected to zion-mainframe:9092 for producing
42439465 [main] INFO kafka.client.ClientUtils$  - Fetching metadata from broker BrokerEndPoint(0,localhost,9092) with correlation id 2038 for 1 topic(s) Set(earth_to_curiosity_6)
42439466 [main] INFO kafka.producer.SyncProducer  - Connected to localhost:9092 for producing
42439466 [main] INFO kafka.producer.SyncProducer  - Disconnecting from localhost:9092
42439466 [main] INFO kafka.producer.SyncProducer  - Disconnecting from zion-mainframe:9092
42439467 [main] INFO kafka.producer.SyncProducer  - Connected to zion-mainframe:9092 for producing
43045634 [main] INFO kafka.client.ClientUtils$  - Fetching metadata from broker BrokerEndPoint(0,localhost,9092) with correlation id 2067 for 1 topic(s) Set(earth_to_curiosity_6)
43045634 [main] INFO kafka.producer.SyncProducer  - Connected to localhost:9092 for producing
43045635 [main] INFO kafka.producer.SyncProducer  - Disconnecting from localhost:9092
43045635 [main] INFO kafka.producer.SyncProducer  - Disconnecting from zion-mainframe:9092
43045636 [main] INFO kafka.producer.SyncProducer  - Connected to zion-mainframe:9092 for producing
