0 [main] INFO kafka.utils.VerifiableProperties  - Verifying properties
102 [main] WARN kafka.utils.VerifiableProperties  - Property auto.offset.reset is not valid
104 [main] WARN kafka.utils.VerifiableProperties  - Property bootstrap.servers is not valid
105 [main] WARN kafka.utils.VerifiableProperties  - Property destination.topic is not valid
105 [main] WARN kafka.utils.VerifiableProperties  - Property group.id is not valid
105 [main] WARN kafka.utils.VerifiableProperties  - Property key.serializer is not valid
105 [main] INFO kafka.utils.VerifiableProperties  - Property metadata.broker.list is overridden to localhost:9092
106 [main] WARN kafka.utils.VerifiableProperties  - Property source.topic is not valid
106 [main] WARN kafka.utils.VerifiableProperties  - Property value.serializer is not valid
106 [main] WARN kafka.utils.VerifiableProperties  - Property zookeeper.connect is not valid
399 [main] INFO kafka.client.ClientUtils$  - Fetching metadata from broker BrokerEndPoint(0,localhost,9092) with correlation id 0 for 1 topic(s) Set(earth_to_curiosity_5)
635 [main] INFO kafka.producer.SyncProducer  - Connected to localhost:9092 for producing
670 [main] INFO kafka.producer.SyncProducer  - Disconnecting from localhost:9092
753 [main] INFO kafka.producer.SyncProducer  - Connected to zion-mainframe:9092 for producing
630863 [main] INFO kafka.client.ClientUtils$  - Fetching metadata from broker BrokerEndPoint(0,localhost,9092) with correlation id 41 for 1 topic(s) Set(earth_to_curiosity_5)
630864 [main] INFO kafka.producer.SyncProducer  - Connected to localhost:9092 for producing
630865 [main] INFO kafka.producer.SyncProducer  - Disconnecting from localhost:9092
630866 [main] INFO kafka.producer.SyncProducer  - Disconnecting from zion-mainframe:9092
630867 [main] INFO kafka.producer.SyncProducer  - Connected to zion-mainframe:9092 for producing
1260925 [main] INFO kafka.client.ClientUtils$  - Fetching metadata from broker BrokerEndPoint(0,localhost,9092) with correlation id 82 for 1 topic(s) Set(earth_to_curiosity_5)
1260925 [main] INFO kafka.producer.SyncProducer  - Connected to localhost:9092 for producing
1260926 [main] INFO kafka.producer.SyncProducer  - Disconnecting from localhost:9092
1260927 [main] INFO kafka.producer.SyncProducer  - Disconnecting from zion-mainframe:9092
1260928 [main] INFO kafka.producer.SyncProducer  - Connected to zion-mainframe:9092 for producing
