1 [main] INFO kafka.utils.VerifiableProperties  - Verifying properties
33 [main] WARN kafka.utils.VerifiableProperties  - Property auto.offset.reset is not valid
33 [main] WARN kafka.utils.VerifiableProperties  - Property bootstrap.servers is not valid
33 [main] WARN kafka.utils.VerifiableProperties  - Property destination.topic is not valid
33 [main] WARN kafka.utils.VerifiableProperties  - Property group.id is not valid
33 [main] WARN kafka.utils.VerifiableProperties  - Property key.serializer is not valid
34 [main] INFO kafka.utils.VerifiableProperties  - Property metadata.broker.list is overridden to localhost:9092
34 [main] WARN kafka.utils.VerifiableProperties  - Property source.topic is not valid
34 [main] WARN kafka.utils.VerifiableProperties  - Property value.serializer is not valid
34 [main] WARN kafka.utils.VerifiableProperties  - Property zookeeper.connect is not valid
181 [main] INFO kafka.client.ClientUtils$  - Fetching metadata from broker BrokerEndPoint(0,localhost,9092) with correlation id 0 for 1 topic(s) Set(earth_to_curiosity_5)
240 [main] INFO kafka.producer.SyncProducer  - Connected to localhost:9092 for producing
261 [main] INFO kafka.producer.SyncProducer  - Disconnecting from localhost:9092
309 [main] INFO kafka.producer.SyncProducer  - Connected to zion-mainframe:9092 for producing
615369 [main] INFO kafka.client.ClientUtils$  - Fetching metadata from broker BrokerEndPoint(0,localhost,9092) with correlation id 21 for 1 topic(s) Set(earth_to_curiosity_5)
615370 [main] INFO kafka.producer.SyncProducer  - Connected to localhost:9092 for producing
615373 [main] INFO kafka.producer.SyncProducer  - Disconnecting from localhost:9092
615374 [main] INFO kafka.producer.SyncProducer  - Disconnecting from zion-mainframe:9092
615379 [main] INFO kafka.producer.SyncProducer  - Connected to zion-mainframe:9092 for producing
1230451 [main] INFO kafka.client.ClientUtils$  - Fetching metadata from broker BrokerEndPoint(0,localhost,9092) with correlation id 42 for 1 topic(s) Set(earth_to_curiosity_5)
1230452 [main] INFO kafka.producer.SyncProducer  - Connected to localhost:9092 for producing
1230454 [main] INFO kafka.producer.SyncProducer  - Disconnecting from localhost:9092
1230454 [main] INFO kafka.producer.SyncProducer  - Disconnecting from zion-mainframe:9092
1230458 [main] INFO kafka.producer.SyncProducer  - Connected to zion-mainframe:9092 for producing
1845501 [main] INFO kafka.client.ClientUtils$  - Fetching metadata from broker BrokerEndPoint(0,localhost,9092) with correlation id 63 for 1 topic(s) Set(earth_to_curiosity_5)
1845502 [main] INFO kafka.producer.SyncProducer  - Connected to localhost:9092 for producing
1845505 [main] INFO kafka.producer.SyncProducer  - Disconnecting from localhost:9092
1845506 [main] INFO kafka.producer.SyncProducer  - Disconnecting from zion-mainframe:9092
1845511 [main] INFO kafka.producer.SyncProducer  - Connected to zion-mainframe:9092 for producing
2460552 [main] INFO kafka.client.ClientUtils$  - Fetching metadata from broker BrokerEndPoint(0,localhost,9092) with correlation id 84 for 1 topic(s) Set(earth_to_curiosity_5)
2460553 [main] INFO kafka.producer.SyncProducer  - Connected to localhost:9092 for producing
2460556 [main] INFO kafka.producer.SyncProducer  - Disconnecting from localhost:9092
2460556 [main] INFO kafka.producer.SyncProducer  - Disconnecting from zion-mainframe:9092
2460560 [main] INFO kafka.producer.SyncProducer  - Connected to zion-mainframe:9092 for producing
3075604 [main] INFO kafka.client.ClientUtils$  - Fetching metadata from broker BrokerEndPoint(0,localhost,9092) with correlation id 105 for 1 topic(s) Set(earth_to_curiosity_5)
3075605 [main] INFO kafka.producer.SyncProducer  - Connected to localhost:9092 for producing
3075608 [main] INFO kafka.producer.SyncProducer  - Disconnecting from localhost:9092
3075611 [main] INFO kafka.producer.SyncProducer  - Disconnecting from zion-mainframe:9092
3075615 [main] INFO kafka.producer.SyncProducer  - Connected to zion-mainframe:9092 for producing
3690660 [main] INFO kafka.client.ClientUtils$  - Fetching metadata from broker BrokerEndPoint(0,localhost,9092) with correlation id 126 for 1 topic(s) Set(earth_to_curiosity_5)
3690662 [main] INFO kafka.producer.SyncProducer  - Connected to localhost:9092 for producing
3690665 [main] INFO kafka.producer.SyncProducer  - Disconnecting from localhost:9092
3690667 [main] INFO kafka.producer.SyncProducer  - Disconnecting from zion-mainframe:9092
3690671 [main] INFO kafka.producer.SyncProducer  - Connected to zion-mainframe:9092 for producing
4305710 [main] INFO kafka.client.ClientUtils$  - Fetching metadata from broker BrokerEndPoint(0,localhost,9092) with correlation id 147 for 1 topic(s) Set(earth_to_curiosity_5)
4305713 [main] INFO kafka.producer.SyncProducer  - Connected to localhost:9092 for producing
4305716 [main] INFO kafka.producer.SyncProducer  - Disconnecting from localhost:9092
4305717 [main] INFO kafka.producer.SyncProducer  - Disconnecting from zion-mainframe:9092
4305723 [main] INFO kafka.producer.SyncProducer  - Connected to zion-mainframe:9092 for producing
4920754 [main] INFO kafka.client.ClientUtils$  - Fetching metadata from broker BrokerEndPoint(0,localhost,9092) with correlation id 168 for 1 topic(s) Set(earth_to_curiosity_5)
4920755 [main] INFO kafka.producer.SyncProducer  - Connected to localhost:9092 for producing
4920758 [main] INFO kafka.producer.SyncProducer  - Disconnecting from localhost:9092
4920759 [main] INFO kafka.producer.SyncProducer  - Disconnecting from zion-mainframe:9092
4920762 [main] INFO kafka.producer.SyncProducer  - Connected to zion-mainframe:9092 for producing
