0 [main] INFO kafka.utils.VerifiableProperties  - Verifying properties
21 [main] INFO kafka.utils.VerifiableProperties  - Property auto.offset.reset is overridden to largest
21 [main] WARN kafka.utils.VerifiableProperties  - Property bootstrap.servers is not valid
21 [main] WARN kafka.utils.VerifiableProperties  - Property destination.topic is not valid
21 [main] INFO kafka.utils.VerifiableProperties  - Property group.id is overridden to space.exploration.mars.rover.curiosity.1512952088166
21 [main] WARN kafka.utils.VerifiableProperties  - Property key.serializer is not valid
22 [main] WARN kafka.utils.VerifiableProperties  - Property metadata.broker.list is not valid
22 [main] WARN kafka.utils.VerifiableProperties  - Property source.topic is not valid
22 [main] WARN kafka.utils.VerifiableProperties  - Property value.serializer is not valid
22 [main] INFO kafka.utils.VerifiableProperties  - Property zookeeper.connect is overridden to localhost:2181
59 [main] INFO kafka.consumer.ZookeeperConsumerConnector  - [space.exploration.mars.rover.curiosity.1512952088166_zion-mainframe-1512952088377-1f40f589], Connecting to zookeeper instance at localhost:2181
64 [ZkClient-EventThread-14-localhost:2181] INFO org.I0Itec.zkclient.ZkEventThread  - Starting ZkClient event thread.
67 [main] INFO org.apache.zookeeper.ZooKeeper  - Client environment:zookeeper.version=3.4.6-1569965, built on 02/20/2014 09:09 GMT
67 [main] INFO org.apache.zookeeper.ZooKeeper  - Client environment:host.name=zion-mainframe
67 [main] INFO org.apache.zookeeper.ZooKeeper  - Client environment:java.version=1.8.0_151
67 [main] INFO org.apache.zookeeper.ZooKeeper  - Client environment:java.vendor=Oracle Corporation
67 [main] INFO org.apache.zookeeper.ZooKeeper  - Client environment:java.home=/usr/lib/jvm/java-8-openjdk-amd64/jre
67 [main] INFO org.apache.zookeeper.ZooKeeper  - Client environment:java.class.path=target/mission.control-1.1.1-shaded.jar
67 [main] INFO org.apache.zookeeper.ZooKeeper  - Client environment:java.library.path=$LD_LIBRARY_PATH:"/home/sanket/Documents/workspace/SpiceUtilities/src/main/resources/JNISpice/lib/libJNISpice.so":/home/sanket/Documents/workspace/SpiceUtilities/src/main/resources/JNISpice/lib/libJNISpice.so:/usr/java/packages/lib/amd64:/usr/lib/x86_64-linux-gnu/jni:/lib/x86_64-linux-gnu:/usr/lib/x86_64-linux-gnu:/usr/lib/jni:/lib:/usr/lib
67 [main] INFO org.apache.zookeeper.ZooKeeper  - Client environment:java.io.tmpdir=/tmp
67 [main] INFO org.apache.zookeeper.ZooKeeper  - Client environment:java.compiler=<NA>
68 [main] INFO org.apache.zookeeper.ZooKeeper  - Client environment:os.name=Linux
68 [main] INFO org.apache.zookeeper.ZooKeeper  - Client environment:os.arch=amd64
68 [main] INFO org.apache.zookeeper.ZooKeeper  - Client environment:os.version=4.10.0-42-generic
68 [main] INFO org.apache.zookeeper.ZooKeeper  - Client environment:user.name=sanket
68 [main] INFO org.apache.zookeeper.ZooKeeper  - Client environment:user.home=/home/sanket
68 [main] INFO org.apache.zookeeper.ZooKeeper  - Client environment:user.dir=/home/sanket/Documents/workspace/Mission.Control
68 [main] INFO org.apache.zookeeper.ZooKeeper  - Initiating client connection, connectString=localhost:2181 sessionTimeout=6000 watcher=org.I0Itec.zkclient.ZkClient@2d127a61
78 [main] INFO org.I0Itec.zkclient.ZkClient  - Waiting for keeper state SyncConnected
80 [main-SendThread(localhost:2181)] INFO org.apache.zookeeper.ClientCnxn  - Opening socket connection to server localhost/127.0.0.1:2181. Will not attempt to authenticate using SASL (unknown error)
117 [main-SendThread(localhost:2181)] INFO org.apache.zookeeper.ClientCnxn  - Socket connection established to localhost/127.0.0.1:2181, initiating session
122 [main-SendThread(localhost:2181)] INFO org.apache.zookeeper.ClientCnxn  - Session establishment complete on server localhost/127.0.0.1:2181, sessionid = 0x1603ebdaa18001c, negotiated timeout = 6000
123 [main-EventThread] INFO org.I0Itec.zkclient.ZkClient  - zookeeper state changed (SyncConnected)
131 [main] INFO kafka.consumer.ZookeeperConsumerConnector  - [space.exploration.mars.rover.curiosity.1512952088166_zion-mainframe-1512952088377-1f40f589], starting auto committer every 60000 ms
154 [Thread-0] INFO kafka.consumer.ZookeeperConsumerConnector  - [space.exploration.mars.rover.curiosity.1512952088166_zion-mainframe-1512952088377-1f40f589], begin registering consumer space.exploration.mars.rover.curiosity.1512952088166_zion-mainframe-1512952088377-1f40f589 in ZK
170 [Thread-0] INFO kafka.utils.ZKCheckedEphemeral  - Creating /consumers/space.exploration.mars.rover.curiosity.1512952088166/ids/space.exploration.mars.rover.curiosity.1512952088166_zion-mainframe-1512952088377-1f40f589 (is it secure? false)
177 [Thread-0] INFO kafka.utils.ZKCheckedEphemeral  - Result of znode creation is: OK
178 [Thread-0] INFO kafka.consumer.ZookeeperConsumerConnector  - [space.exploration.mars.rover.curiosity.1512952088166_zion-mainframe-1512952088377-1f40f589], end registering consumer space.exploration.mars.rover.curiosity.1512952088166_zion-mainframe-1512952088377-1f40f589 in ZK
180 [space.exploration.mars.rover.curiosity.1512952088166_zion-mainframe-1512952088377-1f40f589_watcher_executor] INFO kafka.consumer.ZookeeperConsumerConnector  - [space.exploration.mars.rover.curiosity.1512952088166_zion-mainframe-1512952088377-1f40f589], starting watcher executor thread for consumer space.exploration.mars.rover.curiosity.1512952088166_zion-mainframe-1512952088377-1f40f589
191 [Thread-0] INFO kafka.consumer.ZookeeperConsumerConnector  - [space.exploration.mars.rover.curiosity.1512952088166_zion-mainframe-1512952088377-1f40f589], begin rebalancing consumer space.exploration.mars.rover.curiosity.1512952088166_zion-mainframe-1512952088377-1f40f589 try #0
257 [Thread-0] INFO kafka.consumer.ConsumerFetcherManager  - [ConsumerFetcherManager-1512952088446] Stopping leader finder thread
257 [Thread-0] INFO kafka.consumer.ConsumerFetcherManager  - [ConsumerFetcherManager-1512952088446] Stopping all fetchers
257 [Thread-0] INFO kafka.consumer.ConsumerFetcherManager  - [ConsumerFetcherManager-1512952088446] All connections stopped
258 [Thread-0] INFO kafka.consumer.ZookeeperConsumerConnector  - [space.exploration.mars.rover.curiosity.1512952088166_zion-mainframe-1512952088377-1f40f589], Cleared all relevant queues for this fetcher
258 [Thread-0] INFO kafka.consumer.ZookeeperConsumerConnector  - [space.exploration.mars.rover.curiosity.1512952088166_zion-mainframe-1512952088377-1f40f589], Cleared the data chunks in all the consumer message iterators
258 [Thread-0] INFO kafka.consumer.ZookeeperConsumerConnector  - [space.exploration.mars.rover.curiosity.1512952088166_zion-mainframe-1512952088377-1f40f589], Committing all offsets after clearing the fetcher queues
259 [Thread-0] INFO kafka.consumer.ZookeeperConsumerConnector  - [space.exploration.mars.rover.curiosity.1512952088166_zion-mainframe-1512952088377-1f40f589], Releasing partition ownership
277 [Thread-0] INFO kafka.consumer.RangeAssignor  - Consumer space.exploration.mars.rover.curiosity.1512952088166_zion-mainframe-1512952088377-1f40f589 rebalancing the following partitions: ArrayBuffer(0) for topic curiosity_to_earth_5 with consumers: List(space.exploration.mars.rover.curiosity.1512952088166_zion-mainframe-1512952088377-1f40f589-0)
278 [Thread-0] INFO kafka.consumer.RangeAssignor  - space.exploration.mars.rover.curiosity.1512952088166_zion-mainframe-1512952088377-1f40f589-0 attempting to claim partition 0
302 [Thread-0] INFO kafka.consumer.ZookeeperConsumerConnector  - [space.exploration.mars.rover.curiosity.1512952088166_zion-mainframe-1512952088377-1f40f589], space.exploration.mars.rover.curiosity.1512952088166_zion-mainframe-1512952088377-1f40f589-0 successfully owned partition 0 for topic curiosity_to_earth_5
316 [Thread-0] INFO kafka.consumer.ZookeeperConsumerConnector  - [space.exploration.mars.rover.curiosity.1512952088166_zion-mainframe-1512952088377-1f40f589], Consumer space.exploration.mars.rover.curiosity.1512952088166_zion-mainframe-1512952088377-1f40f589 selected partitions : curiosity_to_earth_5:0: fetched offset = -1: consumed offset = -1
318 [space.exploration.mars.rover.curiosity.1512952088166_zion-mainframe-1512952088377-1f40f589-leader-finder-thread] INFO kafka.consumer.ConsumerFetcherManager$LeaderFinderThread  - [space.exploration.mars.rover.curiosity.1512952088166_zion-mainframe-1512952088377-1f40f589-leader-finder-thread], Starting 
318 [Thread-0] INFO kafka.consumer.ZookeeperConsumerConnector  - [space.exploration.mars.rover.curiosity.1512952088166_zion-mainframe-1512952088377-1f40f589], end rebalancing consumer space.exploration.mars.rover.curiosity.1512952088166_zion-mainframe-1512952088377-1f40f589 try #0
328 [space.exploration.mars.rover.curiosity.1512952088166_zion-mainframe-1512952088377-1f40f589-leader-finder-thread] INFO kafka.utils.VerifiableProperties  - Verifying properties
328 [space.exploration.mars.rover.curiosity.1512952088166_zion-mainframe-1512952088377-1f40f589-leader-finder-thread] INFO kafka.utils.VerifiableProperties  - Property client.id is overridden to space.exploration.mars.rover.curiosity.1512952088166
328 [space.exploration.mars.rover.curiosity.1512952088166_zion-mainframe-1512952088377-1f40f589-leader-finder-thread] INFO kafka.utils.VerifiableProperties  - Property metadata.broker.list is overridden to zion-mainframe:9092
329 [space.exploration.mars.rover.curiosity.1512952088166_zion-mainframe-1512952088377-1f40f589-leader-finder-thread] INFO kafka.utils.VerifiableProperties  - Property request.timeout.ms is overridden to 30000
342 [space.exploration.mars.rover.curiosity.1512952088166_zion-mainframe-1512952088377-1f40f589-leader-finder-thread] INFO kafka.client.ClientUtils$  - Fetching metadata from broker BrokerEndPoint(0,zion-mainframe,9092) with correlation id 0 for 1 topic(s) Set(curiosity_to_earth_5)
347 [space.exploration.mars.rover.curiosity.1512952088166_zion-mainframe-1512952088377-1f40f589-leader-finder-thread] INFO kafka.producer.SyncProducer  - Connected to zion-mainframe:9092 for producing
358 [space.exploration.mars.rover.curiosity.1512952088166_zion-mainframe-1512952088377-1f40f589-leader-finder-thread] INFO kafka.producer.SyncProducer  - Disconnecting from zion-mainframe:9092
376 [ConsumerFetcherThread-space.exploration.mars.rover.curiosity.1512952088166_zion-mainframe-1512952088377-1f40f589-0-0] INFO kafka.consumer.ConsumerFetcherThread  - [ConsumerFetcherThread-space.exploration.mars.rover.curiosity.1512952088166_zion-mainframe-1512952088377-1f40f589-0-0], Starting 
386 [space.exploration.mars.rover.curiosity.1512952088166_zion-mainframe-1512952088377-1f40f589-leader-finder-thread] INFO kafka.consumer.ConsumerFetcherManager  - [ConsumerFetcherManager-1512952088446] Added fetcher for partitions ArrayBuffer([[curiosity_to_earth_5,0], initOffset -1 to broker BrokerEndPoint(0,zion-mainframe,9092)] )
