0 [main] INFO kafka.utils.VerifiableProperties  - Verifying properties
87 [main] WARN kafka.utils.VerifiableProperties  - Property auto.offset.reset is not valid
87 [main] WARN kafka.utils.VerifiableProperties  - Property bootstrap.servers is not valid
87 [main] WARN kafka.utils.VerifiableProperties  - Property destination.topic is not valid
87 [main] WARN kafka.utils.VerifiableProperties  - Property group.id is not valid
87 [main] WARN kafka.utils.VerifiableProperties  - Property key.serializer is not valid
88 [main] INFO kafka.utils.VerifiableProperties  - Property metadata.broker.list is overridden to localhost:9092
89 [main] WARN kafka.utils.VerifiableProperties  - Property source.topic is not valid
89 [main] WARN kafka.utils.VerifiableProperties  - Property value.serializer is not valid
89 [main] WARN kafka.utils.VerifiableProperties  - Property zookeeper.connect is not valid
376 [main] INFO kafka.client.ClientUtils$  - Fetching metadata from broker BrokerEndPoint(0,localhost,9092) with correlation id 0 for 1 topic(s) Set(earth_to_curiosity_5)
456 [main] INFO kafka.producer.SyncProducer  - Connected to localhost:9092 for producing
476 [main] INFO kafka.producer.SyncProducer  - Disconnecting from localhost:9092
531 [main] INFO kafka.producer.SyncProducer  - Connected to zion-mainframe:9092 for producing
615594 [main] INFO kafka.client.ClientUtils$  - Fetching metadata from broker BrokerEndPoint(0,localhost,9092) with correlation id 21 for 1 topic(s) Set(earth_to_curiosity_5)
615598 [main] INFO kafka.producer.SyncProducer  - Connected to localhost:9092 for producing
615601 [main] INFO kafka.producer.SyncProducer  - Disconnecting from localhost:9092
615602 [main] INFO kafka.producer.SyncProducer  - Disconnecting from zion-mainframe:9092
615610 [main] INFO kafka.producer.SyncProducer  - Connected to zion-mainframe:9092 for producing
1230691 [main] INFO kafka.client.ClientUtils$  - Fetching metadata from broker BrokerEndPoint(0,localhost,9092) with correlation id 42 for 1 topic(s) Set(earth_to_curiosity_5)
1230693 [main] INFO kafka.producer.SyncProducer  - Connected to localhost:9092 for producing
1230695 [main] INFO kafka.producer.SyncProducer  - Disconnecting from localhost:9092
1230696 [main] INFO kafka.producer.SyncProducer  - Disconnecting from zion-mainframe:9092
1230701 [main] INFO kafka.producer.SyncProducer  - Connected to zion-mainframe:9092 for producing
1845750 [main] INFO kafka.client.ClientUtils$  - Fetching metadata from broker BrokerEndPoint(0,localhost,9092) with correlation id 63 for 1 topic(s) Set(earth_to_curiosity_5)
1845751 [main] INFO kafka.producer.SyncProducer  - Connected to localhost:9092 for producing
1845754 [main] INFO kafka.producer.SyncProducer  - Disconnecting from localhost:9092
1845755 [main] INFO kafka.producer.SyncProducer  - Disconnecting from zion-mainframe:9092
1845759 [main] INFO kafka.producer.SyncProducer  - Connected to zion-mainframe:9092 for producing
2460801 [main] INFO kafka.client.ClientUtils$  - Fetching metadata from broker BrokerEndPoint(0,localhost,9092) with correlation id 84 for 1 topic(s) Set(earth_to_curiosity_5)
2460803 [main] INFO kafka.producer.SyncProducer  - Connected to localhost:9092 for producing
2460805 [main] INFO kafka.producer.SyncProducer  - Disconnecting from localhost:9092
2460806 [main] INFO kafka.producer.SyncProducer  - Disconnecting from zion-mainframe:9092
2460809 [main] INFO kafka.producer.SyncProducer  - Connected to zion-mainframe:9092 for producing
3075845 [main] INFO kafka.client.ClientUtils$  - Fetching metadata from broker BrokerEndPoint(0,localhost,9092) with correlation id 105 for 1 topic(s) Set(earth_to_curiosity_5)
3075847 [main] INFO kafka.producer.SyncProducer  - Connected to localhost:9092 for producing
3075849 [main] INFO kafka.producer.SyncProducer  - Disconnecting from localhost:9092
3075849 [main] INFO kafka.producer.SyncProducer  - Disconnecting from zion-mainframe:9092
3075853 [main] INFO kafka.producer.SyncProducer  - Connected to zion-mainframe:9092 for producing
3690889 [main] INFO kafka.client.ClientUtils$  - Fetching metadata from broker BrokerEndPoint(0,localhost,9092) with correlation id 126 for 1 topic(s) Set(earth_to_curiosity_5)
3690891 [main] INFO kafka.producer.SyncProducer  - Connected to localhost:9092 for producing
3690895 [main] INFO kafka.producer.SyncProducer  - Disconnecting from localhost:9092
3690896 [main] INFO kafka.producer.SyncProducer  - Disconnecting from zion-mainframe:9092
3690900 [main] INFO kafka.producer.SyncProducer  - Connected to zion-mainframe:9092 for producing
4305929 [main] INFO kafka.client.ClientUtils$  - Fetching metadata from broker BrokerEndPoint(0,localhost,9092) with correlation id 147 for 1 topic(s) Set(earth_to_curiosity_5)
4305930 [main] INFO kafka.producer.SyncProducer  - Connected to localhost:9092 for producing
4305931 [main] INFO kafka.producer.SyncProducer  - Disconnecting from localhost:9092
4305932 [main] INFO kafka.producer.SyncProducer  - Disconnecting from zion-mainframe:9092
4305934 [main] INFO kafka.producer.SyncProducer  - Connected to zion-mainframe:9092 for producing
4920957 [main] INFO kafka.client.ClientUtils$  - Fetching metadata from broker BrokerEndPoint(0,localhost,9092) with correlation id 168 for 1 topic(s) Set(earth_to_curiosity_5)
4920959 [main] INFO kafka.producer.SyncProducer  - Connected to localhost:9092 for producing
4920961 [main] INFO kafka.producer.SyncProducer  - Disconnecting from localhost:9092
4920963 [main] INFO kafka.producer.SyncProducer  - Disconnecting from zion-mainframe:9092
4920966 [main] INFO kafka.producer.SyncProducer  - Connected to zion-mainframe:9092 for producing
5535992 [main] INFO kafka.client.ClientUtils$  - Fetching metadata from broker BrokerEndPoint(0,localhost,9092) with correlation id 189 for 1 topic(s) Set(earth_to_curiosity_5)
5535993 [main] INFO kafka.producer.SyncProducer  - Connected to localhost:9092 for producing
5535994 [main] INFO kafka.producer.SyncProducer  - Disconnecting from localhost:9092
5535994 [main] INFO kafka.producer.SyncProducer  - Disconnecting from zion-mainframe:9092
5535995 [main] INFO kafka.producer.SyncProducer  - Connected to zion-mainframe:9092 for producing
6151017 [main] INFO kafka.client.ClientUtils$  - Fetching metadata from broker BrokerEndPoint(0,localhost,9092) with correlation id 210 for 1 topic(s) Set(earth_to_curiosity_5)
6151018 [main] INFO kafka.producer.SyncProducer  - Connected to localhost:9092 for producing
6151020 [main] INFO kafka.producer.SyncProducer  - Disconnecting from localhost:9092
6151021 [main] INFO kafka.producer.SyncProducer  - Disconnecting from zion-mainframe:9092
6151023 [main] INFO kafka.producer.SyncProducer  - Connected to zion-mainframe:9092 for producing
6766043 [main] INFO kafka.client.ClientUtils$  - Fetching metadata from broker BrokerEndPoint(0,localhost,9092) with correlation id 231 for 1 topic(s) Set(earth_to_curiosity_5)
6766044 [main] INFO kafka.producer.SyncProducer  - Connected to localhost:9092 for producing
6766047 [main] INFO kafka.producer.SyncProducer  - Disconnecting from localhost:9092
6766047 [main] INFO kafka.producer.SyncProducer  - Disconnecting from zion-mainframe:9092
6766051 [main] INFO kafka.producer.SyncProducer  - Connected to zion-mainframe:9092 for producing
7381092 [main] INFO kafka.client.ClientUtils$  - Fetching metadata from broker BrokerEndPoint(0,localhost,9092) with correlation id 252 for 1 topic(s) Set(earth_to_curiosity_5)
7381094 [main] INFO kafka.producer.SyncProducer  - Connected to localhost:9092 for producing
7381096 [main] INFO kafka.producer.SyncProducer  - Disconnecting from localhost:9092
7381096 [main] INFO kafka.producer.SyncProducer  - Disconnecting from zion-mainframe:9092
7381100 [main] INFO kafka.producer.SyncProducer  - Connected to zion-mainframe:9092 for producing
7996128 [main] INFO kafka.client.ClientUtils$  - Fetching metadata from broker BrokerEndPoint(0,localhost,9092) with correlation id 273 for 1 topic(s) Set(earth_to_curiosity_5)
7996129 [main] INFO kafka.producer.SyncProducer  - Connected to localhost:9092 for producing
7996134 [main] INFO kafka.producer.SyncProducer  - Disconnecting from localhost:9092
7996135 [main] INFO kafka.producer.SyncProducer  - Disconnecting from zion-mainframe:9092
7996142 [main] INFO kafka.producer.SyncProducer  - Connected to zion-mainframe:9092 for producing
8611162 [main] INFO kafka.client.ClientUtils$  - Fetching metadata from broker BrokerEndPoint(0,localhost,9092) with correlation id 294 for 1 topic(s) Set(earth_to_curiosity_5)
8611163 [main] INFO kafka.producer.SyncProducer  - Connected to localhost:9092 for producing
8611166 [main] INFO kafka.producer.SyncProducer  - Disconnecting from localhost:9092
8611168 [main] INFO kafka.producer.SyncProducer  - Disconnecting from zion-mainframe:9092
8611173 [main] INFO kafka.producer.SyncProducer  - Connected to zion-mainframe:9092 for producing
9226197 [main] INFO kafka.client.ClientUtils$  - Fetching metadata from broker BrokerEndPoint(0,localhost,9092) with correlation id 315 for 1 topic(s) Set(earth_to_curiosity_5)
9226198 [main] INFO kafka.producer.SyncProducer  - Connected to localhost:9092 for producing
9226200 [main] INFO kafka.producer.SyncProducer  - Disconnecting from localhost:9092
9226200 [main] INFO kafka.producer.SyncProducer  - Disconnecting from zion-mainframe:9092
9226204 [main] INFO kafka.producer.SyncProducer  - Connected to zion-mainframe:9092 for producing
9841217 [main] INFO kafka.client.ClientUtils$  - Fetching metadata from broker BrokerEndPoint(0,localhost,9092) with correlation id 336 for 1 topic(s) Set(earth_to_curiosity_5)
9841217 [main] INFO kafka.producer.SyncProducer  - Connected to localhost:9092 for producing
9841218 [main] INFO kafka.producer.SyncProducer  - Disconnecting from localhost:9092
9841218 [main] INFO kafka.producer.SyncProducer  - Disconnecting from zion-mainframe:9092
9841219 [main] INFO kafka.producer.SyncProducer  - Connected to zion-mainframe:9092 for producing
10456232 [main] INFO kafka.client.ClientUtils$  - Fetching metadata from broker BrokerEndPoint(0,localhost,9092) with correlation id 357 for 1 topic(s) Set(earth_to_curiosity_5)
10456233 [main] INFO kafka.producer.SyncProducer  - Connected to localhost:9092 for producing
10456233 [main] INFO kafka.producer.SyncProducer  - Disconnecting from localhost:9092
10456234 [main] INFO kafka.producer.SyncProducer  - Disconnecting from zion-mainframe:9092
10456235 [main] INFO kafka.producer.SyncProducer  - Connected to zion-mainframe:9092 for producing
11071256 [main] INFO kafka.client.ClientUtils$  - Fetching metadata from broker BrokerEndPoint(0,localhost,9092) with correlation id 378 for 1 topic(s) Set(earth_to_curiosity_5)
11071258 [main] INFO kafka.producer.SyncProducer  - Connected to localhost:9092 for producing
11071259 [main] INFO kafka.producer.SyncProducer  - Disconnecting from localhost:9092
11071260 [main] INFO kafka.producer.SyncProducer  - Disconnecting from zion-mainframe:9092
11071262 [main] INFO kafka.producer.SyncProducer  - Connected to zion-mainframe:9092 for producing
11686283 [main] INFO kafka.client.ClientUtils$  - Fetching metadata from broker BrokerEndPoint(0,localhost,9092) with correlation id 399 for 1 topic(s) Set(earth_to_curiosity_5)
11686285 [main] INFO kafka.producer.SyncProducer  - Connected to localhost:9092 for producing
11686286 [main] INFO kafka.producer.SyncProducer  - Disconnecting from localhost:9092
11686287 [main] INFO kafka.producer.SyncProducer  - Disconnecting from zion-mainframe:9092
11686290 [main] INFO kafka.producer.SyncProducer  - Connected to zion-mainframe:9092 for producing
12301313 [main] INFO kafka.client.ClientUtils$  - Fetching metadata from broker BrokerEndPoint(0,localhost,9092) with correlation id 420 for 1 topic(s) Set(earth_to_curiosity_5)
12301314 [main] INFO kafka.producer.SyncProducer  - Connected to localhost:9092 for producing
12301316 [main] INFO kafka.producer.SyncProducer  - Disconnecting from localhost:9092
12301316 [main] INFO kafka.producer.SyncProducer  - Disconnecting from zion-mainframe:9092
12301319 [main] INFO kafka.producer.SyncProducer  - Connected to zion-mainframe:9092 for producing
12916340 [main] INFO kafka.client.ClientUtils$  - Fetching metadata from broker BrokerEndPoint(0,localhost,9092) with correlation id 441 for 1 topic(s) Set(earth_to_curiosity_5)
12916342 [main] INFO kafka.producer.SyncProducer  - Connected to localhost:9092 for producing
12916343 [main] INFO kafka.producer.SyncProducer  - Disconnecting from localhost:9092
12916344 [main] INFO kafka.producer.SyncProducer  - Disconnecting from zion-mainframe:9092
12916346 [main] INFO kafka.producer.SyncProducer  - Connected to zion-mainframe:9092 for producing
13531368 [main] INFO kafka.client.ClientUtils$  - Fetching metadata from broker BrokerEndPoint(0,localhost,9092) with correlation id 462 for 1 topic(s) Set(earth_to_curiosity_5)
13531370 [main] INFO kafka.producer.SyncProducer  - Connected to localhost:9092 for producing
13531373 [main] INFO kafka.producer.SyncProducer  - Disconnecting from localhost:9092
13531373 [main] INFO kafka.producer.SyncProducer  - Disconnecting from zion-mainframe:9092
13531377 [main] INFO kafka.producer.SyncProducer  - Connected to zion-mainframe:9092 for producing
14146402 [main] INFO kafka.client.ClientUtils$  - Fetching metadata from broker BrokerEndPoint(0,localhost,9092) with correlation id 483 for 1 topic(s) Set(earth_to_curiosity_5)
14146402 [main] INFO kafka.producer.SyncProducer  - Connected to localhost:9092 for producing
14146405 [main] INFO kafka.producer.SyncProducer  - Disconnecting from localhost:9092
14146406 [main] INFO kafka.producer.SyncProducer  - Disconnecting from zion-mainframe:9092
14146408 [main] INFO kafka.producer.SyncProducer  - Connected to zion-mainframe:9092 for producing
14761445 [main] INFO kafka.client.ClientUtils$  - Fetching metadata from broker BrokerEndPoint(0,localhost,9092) with correlation id 504 for 1 topic(s) Set(earth_to_curiosity_5)
14761446 [main] INFO kafka.producer.SyncProducer  - Connected to localhost:9092 for producing
14761448 [main] INFO kafka.producer.SyncProducer  - Disconnecting from localhost:9092
14761449 [main] INFO kafka.producer.SyncProducer  - Disconnecting from zion-mainframe:9092
14761451 [main] INFO kafka.producer.SyncProducer  - Connected to zion-mainframe:9092 for producing
15376468 [main] INFO kafka.client.ClientUtils$  - Fetching metadata from broker BrokerEndPoint(0,localhost,9092) with correlation id 525 for 1 topic(s) Set(earth_to_curiosity_5)
15376469 [main] INFO kafka.producer.SyncProducer  - Connected to localhost:9092 for producing
15376472 [main] INFO kafka.producer.SyncProducer  - Disconnecting from localhost:9092
15376472 [main] INFO kafka.producer.SyncProducer  - Disconnecting from zion-mainframe:9092
15376474 [main] INFO kafka.producer.SyncProducer  - Connected to zion-mainframe:9092 for producing
15991492 [main] INFO kafka.client.ClientUtils$  - Fetching metadata from broker BrokerEndPoint(0,localhost,9092) with correlation id 546 for 1 topic(s) Set(earth_to_curiosity_5)
15991493 [main] INFO kafka.producer.SyncProducer  - Connected to localhost:9092 for producing
15991495 [main] INFO kafka.producer.SyncProducer  - Disconnecting from localhost:9092
15991495 [main] INFO kafka.producer.SyncProducer  - Disconnecting from zion-mainframe:9092
15991496 [main] INFO kafka.producer.SyncProducer  - Connected to zion-mainframe:9092 for producing
16606512 [main] INFO kafka.client.ClientUtils$  - Fetching metadata from broker BrokerEndPoint(0,localhost,9092) with correlation id 567 for 1 topic(s) Set(earth_to_curiosity_5)
16606513 [main] INFO kafka.producer.SyncProducer  - Connected to localhost:9092 for producing
16606515 [main] INFO kafka.producer.SyncProducer  - Disconnecting from localhost:9092
16606516 [main] INFO kafka.producer.SyncProducer  - Disconnecting from zion-mainframe:9092
16606518 [main] INFO kafka.producer.SyncProducer  - Connected to zion-mainframe:9092 for producing
17221546 [main] INFO kafka.client.ClientUtils$  - Fetching metadata from broker BrokerEndPoint(0,localhost,9092) with correlation id 588 for 1 topic(s) Set(earth_to_curiosity_5)
17221547 [main] INFO kafka.producer.SyncProducer  - Connected to localhost:9092 for producing
17221549 [main] INFO kafka.producer.SyncProducer  - Disconnecting from localhost:9092
17221550 [main] INFO kafka.producer.SyncProducer  - Disconnecting from zion-mainframe:9092
17221552 [main] INFO kafka.producer.SyncProducer  - Connected to zion-mainframe:9092 for producing
17836570 [main] INFO kafka.client.ClientUtils$  - Fetching metadata from broker BrokerEndPoint(0,localhost,9092) with correlation id 609 for 1 topic(s) Set(earth_to_curiosity_5)
17836571 [main] INFO kafka.producer.SyncProducer  - Connected to localhost:9092 for producing
17836571 [main] INFO kafka.producer.SyncProducer  - Disconnecting from localhost:9092
17836572 [main] INFO kafka.producer.SyncProducer  - Disconnecting from zion-mainframe:9092
17836573 [main] INFO kafka.producer.SyncProducer  - Connected to zion-mainframe:9092 for producing
18451592 [main] INFO kafka.client.ClientUtils$  - Fetching metadata from broker BrokerEndPoint(0,localhost,9092) with correlation id 630 for 1 topic(s) Set(earth_to_curiosity_5)
18451594 [main] INFO kafka.producer.SyncProducer  - Connected to localhost:9092 for producing
18451596 [main] INFO kafka.producer.SyncProducer  - Disconnecting from localhost:9092
18451597 [main] INFO kafka.producer.SyncProducer  - Disconnecting from zion-mainframe:9092
18451601 [main] INFO kafka.producer.SyncProducer  - Connected to zion-mainframe:9092 for producing
19066620 [main] INFO kafka.client.ClientUtils$  - Fetching metadata from broker BrokerEndPoint(0,localhost,9092) with correlation id 651 for 1 topic(s) Set(earth_to_curiosity_5)
19066621 [main] INFO kafka.producer.SyncProducer  - Connected to localhost:9092 for producing
19066623 [main] INFO kafka.producer.SyncProducer  - Disconnecting from localhost:9092
19066623 [main] INFO kafka.producer.SyncProducer  - Disconnecting from zion-mainframe:9092
19066626 [main] INFO kafka.producer.SyncProducer  - Connected to zion-mainframe:9092 for producing
19681644 [main] INFO kafka.client.ClientUtils$  - Fetching metadata from broker BrokerEndPoint(0,localhost,9092) with correlation id 672 for 1 topic(s) Set(earth_to_curiosity_5)
19681645 [main] INFO kafka.producer.SyncProducer  - Connected to localhost:9092 for producing
19681647 [main] INFO kafka.producer.SyncProducer  - Disconnecting from localhost:9092
19681647 [main] INFO kafka.producer.SyncProducer  - Disconnecting from zion-mainframe:9092
19681649 [main] INFO kafka.producer.SyncProducer  - Connected to zion-mainframe:9092 for producing
20296667 [main] INFO kafka.client.ClientUtils$  - Fetching metadata from broker BrokerEndPoint(0,localhost,9092) with correlation id 693 for 1 topic(s) Set(earth_to_curiosity_5)
20296668 [main] INFO kafka.producer.SyncProducer  - Connected to localhost:9092 for producing
20296670 [main] INFO kafka.producer.SyncProducer  - Disconnecting from localhost:9092
20296670 [main] INFO kafka.producer.SyncProducer  - Disconnecting from zion-mainframe:9092
20296672 [main] INFO kafka.producer.SyncProducer  - Connected to zion-mainframe:9092 for producing
20911688 [main] INFO kafka.client.ClientUtils$  - Fetching metadata from broker BrokerEndPoint(0,localhost,9092) with correlation id 714 for 1 topic(s) Set(earth_to_curiosity_5)
20911690 [main] INFO kafka.producer.SyncProducer  - Connected to localhost:9092 for producing
20911691 [main] INFO kafka.producer.SyncProducer  - Disconnecting from localhost:9092
20911692 [main] INFO kafka.producer.SyncProducer  - Disconnecting from zion-mainframe:9092
20911694 [main] INFO kafka.producer.SyncProducer  - Connected to zion-mainframe:9092 for producing
21526710 [main] INFO kafka.client.ClientUtils$  - Fetching metadata from broker BrokerEndPoint(0,localhost,9092) with correlation id 735 for 1 topic(s) Set(earth_to_curiosity_5)
21526711 [main] INFO kafka.producer.SyncProducer  - Connected to localhost:9092 for producing
21526713 [main] INFO kafka.producer.SyncProducer  - Disconnecting from localhost:9092
21526713 [main] INFO kafka.producer.SyncProducer  - Disconnecting from zion-mainframe:9092
21526715 [main] INFO kafka.producer.SyncProducer  - Connected to zion-mainframe:9092 for producing
