10 [main] INFO kafka.utils.VerifiableProperties  - Verifying properties
77 [main] WARN kafka.utils.VerifiableProperties  - Property auto.offset.reset is not valid
80 [main] WARN kafka.utils.VerifiableProperties  - Property bootstrap.servers is not valid
80 [main] WARN kafka.utils.VerifiableProperties  - Property destination.topic is not valid
80 [main] WARN kafka.utils.VerifiableProperties  - Property group.id is not valid
80 [main] WARN kafka.utils.VerifiableProperties  - Property key.serializer is not valid
81 [main] INFO kafka.utils.VerifiableProperties  - Property metadata.broker.list is overridden to localhost:9092
82 [main] WARN kafka.utils.VerifiableProperties  - Property source.topic is not valid
83 [main] WARN kafka.utils.VerifiableProperties  - Property value.serializer is not valid
83 [main] WARN kafka.utils.VerifiableProperties  - Property zookeeper.connect is not valid
405 [main] INFO kafka.client.ClientUtils$  - Fetching metadata from broker BrokerEndPoint(0,localhost,9092) with correlation id 0 for 1 topic(s) Set(earth_to_curiosity_5)
548 [main] INFO kafka.producer.SyncProducer  - Connected to localhost:9092 for producing
585 [main] INFO kafka.producer.SyncProducer  - Disconnecting from localhost:9092
654 [main] INFO kafka.producer.SyncProducer  - Connected to zion-mainframe:9092 for producing
615695 [main] INFO kafka.client.ClientUtils$  - Fetching metadata from broker BrokerEndPoint(0,localhost,9092) with correlation id 21 for 1 topic(s) Set(earth_to_curiosity_5)
615696 [main] INFO kafka.producer.SyncProducer  - Connected to localhost:9092 for producing
615697 [main] INFO kafka.producer.SyncProducer  - Disconnecting from localhost:9092
615697 [main] INFO kafka.producer.SyncProducer  - Disconnecting from zion-mainframe:9092
615703 [main] INFO kafka.producer.SyncProducer  - Connected to zion-mainframe:9092 for producing
1230734 [main] INFO kafka.client.ClientUtils$  - Fetching metadata from broker BrokerEndPoint(0,localhost,9092) with correlation id 42 for 1 topic(s) Set(earth_to_curiosity_5)
1230735 [main] INFO kafka.producer.SyncProducer  - Connected to localhost:9092 for producing
1230736 [main] INFO kafka.producer.SyncProducer  - Disconnecting from localhost:9092
1230737 [main] INFO kafka.producer.SyncProducer  - Disconnecting from zion-mainframe:9092
1230740 [main] INFO kafka.producer.SyncProducer  - Connected to zion-mainframe:9092 for producing
1845767 [main] INFO kafka.client.ClientUtils$  - Fetching metadata from broker BrokerEndPoint(0,localhost,9092) with correlation id 63 for 1 topic(s) Set(earth_to_curiosity_5)
1845768 [main] INFO kafka.producer.SyncProducer  - Connected to localhost:9092 for producing
1845769 [main] INFO kafka.producer.SyncProducer  - Disconnecting from localhost:9092
1845769 [main] INFO kafka.producer.SyncProducer  - Disconnecting from zion-mainframe:9092
1845771 [main] INFO kafka.producer.SyncProducer  - Connected to zion-mainframe:9092 for producing
2460796 [main] INFO kafka.client.ClientUtils$  - Fetching metadata from broker BrokerEndPoint(0,localhost,9092) with correlation id 84 for 1 topic(s) Set(earth_to_curiosity_5)
2460796 [main] INFO kafka.producer.SyncProducer  - Connected to localhost:9092 for producing
2460797 [main] INFO kafka.producer.SyncProducer  - Disconnecting from localhost:9092
2460798 [main] INFO kafka.producer.SyncProducer  - Disconnecting from zion-mainframe:9092
2460800 [main] INFO kafka.producer.SyncProducer  - Connected to zion-mainframe:9092 for producing
3075821 [main] INFO kafka.client.ClientUtils$  - Fetching metadata from broker BrokerEndPoint(0,localhost,9092) with correlation id 105 for 1 topic(s) Set(earth_to_curiosity_5)
3075822 [main] INFO kafka.producer.SyncProducer  - Connected to localhost:9092 for producing
3075823 [main] INFO kafka.producer.SyncProducer  - Disconnecting from localhost:9092
3075823 [main] INFO kafka.producer.SyncProducer  - Disconnecting from zion-mainframe:9092
3075825 [main] INFO kafka.producer.SyncProducer  - Connected to zion-mainframe:9092 for producing
3690845 [main] INFO kafka.client.ClientUtils$  - Fetching metadata from broker BrokerEndPoint(0,localhost,9092) with correlation id 126 for 1 topic(s) Set(earth_to_curiosity_5)
3690846 [main] INFO kafka.producer.SyncProducer  - Connected to localhost:9092 for producing
3690847 [main] INFO kafka.producer.SyncProducer  - Disconnecting from localhost:9092
3690847 [main] INFO kafka.producer.SyncProducer  - Disconnecting from zion-mainframe:9092
3690849 [main] INFO kafka.producer.SyncProducer  - Connected to zion-mainframe:9092 for producing
4305867 [main] INFO kafka.client.ClientUtils$  - Fetching metadata from broker BrokerEndPoint(0,localhost,9092) with correlation id 147 for 1 topic(s) Set(earth_to_curiosity_5)
4305868 [main] INFO kafka.producer.SyncProducer  - Connected to localhost:9092 for producing
4305869 [main] INFO kafka.producer.SyncProducer  - Disconnecting from localhost:9092
4305869 [main] INFO kafka.producer.SyncProducer  - Disconnecting from zion-mainframe:9092
4305870 [main] INFO kafka.producer.SyncProducer  - Connected to zion-mainframe:9092 for producing
4920886 [main] INFO kafka.client.ClientUtils$  - Fetching metadata from broker BrokerEndPoint(0,localhost,9092) with correlation id 168 for 1 topic(s) Set(earth_to_curiosity_5)
4920887 [main] INFO kafka.producer.SyncProducer  - Connected to localhost:9092 for producing
4920887 [main] INFO kafka.producer.SyncProducer  - Disconnecting from localhost:9092
4920888 [main] INFO kafka.producer.SyncProducer  - Disconnecting from zion-mainframe:9092
4920889 [main] INFO kafka.producer.SyncProducer  - Connected to zion-mainframe:9092 for producing
5535908 [main] INFO kafka.client.ClientUtils$  - Fetching metadata from broker BrokerEndPoint(0,localhost,9092) with correlation id 189 for 1 topic(s) Set(earth_to_curiosity_5)
5535909 [main] INFO kafka.producer.SyncProducer  - Connected to localhost:9092 for producing
5535912 [main] INFO kafka.producer.SyncProducer  - Disconnecting from localhost:9092
5535913 [main] INFO kafka.producer.SyncProducer  - Disconnecting from zion-mainframe:9092
5535916 [main] INFO kafka.producer.SyncProducer  - Connected to zion-mainframe:9092 for producing
6150935 [main] INFO kafka.client.ClientUtils$  - Fetching metadata from broker BrokerEndPoint(0,localhost,9092) with correlation id 210 for 1 topic(s) Set(earth_to_curiosity_5)
6150936 [main] INFO kafka.producer.SyncProducer  - Connected to localhost:9092 for producing
6150936 [main] INFO kafka.producer.SyncProducer  - Disconnecting from localhost:9092
6150937 [main] INFO kafka.producer.SyncProducer  - Disconnecting from zion-mainframe:9092
6150938 [main] INFO kafka.producer.SyncProducer  - Connected to zion-mainframe:9092 for producing
6765951 [main] INFO kafka.client.ClientUtils$  - Fetching metadata from broker BrokerEndPoint(0,localhost,9092) with correlation id 231 for 1 topic(s) Set(earth_to_curiosity_5)
6765951 [main] INFO kafka.producer.SyncProducer  - Connected to localhost:9092 for producing
6765952 [main] INFO kafka.producer.SyncProducer  - Disconnecting from localhost:9092
6765953 [main] INFO kafka.producer.SyncProducer  - Disconnecting from zion-mainframe:9092
6765954 [main] INFO kafka.producer.SyncProducer  - Connected to zion-mainframe:9092 for producing
7380971 [main] INFO kafka.client.ClientUtils$  - Fetching metadata from broker BrokerEndPoint(0,localhost,9092) with correlation id 252 for 1 topic(s) Set(earth_to_curiosity_5)
7380971 [main] INFO kafka.producer.SyncProducer  - Connected to localhost:9092 for producing
7380972 [main] INFO kafka.producer.SyncProducer  - Disconnecting from localhost:9092
7380972 [main] INFO kafka.producer.SyncProducer  - Disconnecting from zion-mainframe:9092
7380973 [main] INFO kafka.producer.SyncProducer  - Connected to zion-mainframe:9092 for producing
7995989 [main] INFO kafka.client.ClientUtils$  - Fetching metadata from broker BrokerEndPoint(0,localhost,9092) with correlation id 273 for 1 topic(s) Set(earth_to_curiosity_5)
7995990 [main] INFO kafka.producer.SyncProducer  - Connected to localhost:9092 for producing
7995992 [main] INFO kafka.producer.SyncProducer  - Disconnecting from localhost:9092
7995992 [main] INFO kafka.producer.SyncProducer  - Disconnecting from zion-mainframe:9092
7995995 [main] INFO kafka.producer.SyncProducer  - Connected to zion-mainframe:9092 for producing
8611011 [main] INFO kafka.client.ClientUtils$  - Fetching metadata from broker BrokerEndPoint(0,localhost,9092) with correlation id 294 for 1 topic(s) Set(earth_to_curiosity_5)
8611011 [main] INFO kafka.producer.SyncProducer  - Connected to localhost:9092 for producing
8611012 [main] INFO kafka.producer.SyncProducer  - Disconnecting from localhost:9092
8611012 [main] INFO kafka.producer.SyncProducer  - Disconnecting from zion-mainframe:9092
8611014 [main] INFO kafka.producer.SyncProducer  - Connected to zion-mainframe:9092 for producing
9226023 [main] INFO kafka.client.ClientUtils$  - Fetching metadata from broker BrokerEndPoint(0,localhost,9092) with correlation id 315 for 1 topic(s) Set(earth_to_curiosity_5)
9226024 [main] INFO kafka.producer.SyncProducer  - Connected to localhost:9092 for producing
9226024 [main] INFO kafka.producer.SyncProducer  - Disconnecting from localhost:9092
9226024 [main] INFO kafka.producer.SyncProducer  - Disconnecting from zion-mainframe:9092
9226025 [main] INFO kafka.producer.SyncProducer  - Connected to zion-mainframe:9092 for producing
9841037 [main] INFO kafka.client.ClientUtils$  - Fetching metadata from broker BrokerEndPoint(0,localhost,9092) with correlation id 336 for 1 topic(s) Set(earth_to_curiosity_5)
9841037 [main] INFO kafka.producer.SyncProducer  - Connected to localhost:9092 for producing
9841037 [main] INFO kafka.producer.SyncProducer  - Disconnecting from localhost:9092
9841037 [main] INFO kafka.producer.SyncProducer  - Disconnecting from zion-mainframe:9092
9841038 [main] INFO kafka.producer.SyncProducer  - Connected to zion-mainframe:9092 for producing
10456049 [main] INFO kafka.client.ClientUtils$  - Fetching metadata from broker BrokerEndPoint(0,localhost,9092) with correlation id 357 for 1 topic(s) Set(earth_to_curiosity_5)
10456050 [main] INFO kafka.producer.SyncProducer  - Connected to localhost:9092 for producing
10456051 [main] INFO kafka.producer.SyncProducer  - Disconnecting from localhost:9092
10456051 [main] INFO kafka.producer.SyncProducer  - Disconnecting from zion-mainframe:9092
10456052 [main] INFO kafka.producer.SyncProducer  - Connected to zion-mainframe:9092 for producing
11071064 [main] INFO kafka.client.ClientUtils$  - Fetching metadata from broker BrokerEndPoint(0,localhost,9092) with correlation id 378 for 1 topic(s) Set(earth_to_curiosity_5)
11071065 [main] INFO kafka.producer.SyncProducer  - Connected to localhost:9092 for producing
11071066 [main] INFO kafka.producer.SyncProducer  - Disconnecting from localhost:9092
11071066 [main] INFO kafka.producer.SyncProducer  - Disconnecting from zion-mainframe:9092
11071067 [main] INFO kafka.producer.SyncProducer  - Connected to zion-mainframe:9092 for producing
11686083 [main] INFO kafka.client.ClientUtils$  - Fetching metadata from broker BrokerEndPoint(0,localhost,9092) with correlation id 399 for 1 topic(s) Set(earth_to_curiosity_5)
11686083 [main] INFO kafka.producer.SyncProducer  - Connected to localhost:9092 for producing
11686084 [main] INFO kafka.producer.SyncProducer  - Disconnecting from localhost:9092
11686084 [main] INFO kafka.producer.SyncProducer  - Disconnecting from zion-mainframe:9092
11686085 [main] INFO kafka.producer.SyncProducer  - Connected to zion-mainframe:9092 for producing
12301099 [main] INFO kafka.client.ClientUtils$  - Fetching metadata from broker BrokerEndPoint(0,localhost,9092) with correlation id 420 for 1 topic(s) Set(earth_to_curiosity_5)
12301100 [main] INFO kafka.producer.SyncProducer  - Connected to localhost:9092 for producing
12301101 [main] INFO kafka.producer.SyncProducer  - Disconnecting from localhost:9092
12301101 [main] INFO kafka.producer.SyncProducer  - Disconnecting from zion-mainframe:9092
12301104 [main] INFO kafka.producer.SyncProducer  - Connected to zion-mainframe:9092 for producing
12916118 [main] INFO kafka.client.ClientUtils$  - Fetching metadata from broker BrokerEndPoint(0,localhost,9092) with correlation id 441 for 1 topic(s) Set(earth_to_curiosity_5)
12916119 [main] INFO kafka.producer.SyncProducer  - Connected to localhost:9092 for producing
12916120 [main] INFO kafka.producer.SyncProducer  - Disconnecting from localhost:9092
12916120 [main] INFO kafka.producer.SyncProducer  - Disconnecting from zion-mainframe:9092
12916121 [main] INFO kafka.producer.SyncProducer  - Connected to zion-mainframe:9092 for producing
13531131 [main] INFO kafka.client.ClientUtils$  - Fetching metadata from broker BrokerEndPoint(0,localhost,9092) with correlation id 462 for 1 topic(s) Set(earth_to_curiosity_5)
13531132 [main] INFO kafka.producer.SyncProducer  - Connected to localhost:9092 for producing
13531133 [main] INFO kafka.producer.SyncProducer  - Disconnecting from localhost:9092
13531133 [main] INFO kafka.producer.SyncProducer  - Disconnecting from zion-mainframe:9092
13531134 [main] INFO kafka.producer.SyncProducer  - Connected to zion-mainframe:9092 for producing
14146145 [main] INFO kafka.client.ClientUtils$  - Fetching metadata from broker BrokerEndPoint(0,localhost,9092) with correlation id 483 for 1 topic(s) Set(earth_to_curiosity_5)
14146146 [main] INFO kafka.producer.SyncProducer  - Connected to localhost:9092 for producing
14146147 [main] INFO kafka.producer.SyncProducer  - Disconnecting from localhost:9092
14146147 [main] INFO kafka.producer.SyncProducer  - Disconnecting from zion-mainframe:9092
14146149 [main] INFO kafka.producer.SyncProducer  - Connected to zion-mainframe:9092 for producing
14761164 [main] INFO kafka.client.ClientUtils$  - Fetching metadata from broker BrokerEndPoint(0,localhost,9092) with correlation id 504 for 1 topic(s) Set(earth_to_curiosity_5)
14761164 [main] INFO kafka.producer.SyncProducer  - Connected to localhost:9092 for producing
14761165 [main] INFO kafka.producer.SyncProducer  - Disconnecting from localhost:9092
14761165 [main] INFO kafka.producer.SyncProducer  - Disconnecting from zion-mainframe:9092
14761166 [main] INFO kafka.producer.SyncProducer  - Connected to zion-mainframe:9092 for producing
15376175 [main] INFO kafka.client.ClientUtils$  - Fetching metadata from broker BrokerEndPoint(0,localhost,9092) with correlation id 525 for 1 topic(s) Set(earth_to_curiosity_5)
15376175 [main] INFO kafka.producer.SyncProducer  - Connected to localhost:9092 for producing
15376176 [main] INFO kafka.producer.SyncProducer  - Disconnecting from localhost:9092
15376176 [main] INFO kafka.producer.SyncProducer  - Disconnecting from zion-mainframe:9092
15376177 [main] INFO kafka.producer.SyncProducer  - Connected to zion-mainframe:9092 for producing
15991190 [main] INFO kafka.client.ClientUtils$  - Fetching metadata from broker BrokerEndPoint(0,localhost,9092) with correlation id 546 for 1 topic(s) Set(earth_to_curiosity_5)
15991190 [main] INFO kafka.producer.SyncProducer  - Connected to localhost:9092 for producing
15991190 [main] INFO kafka.producer.SyncProducer  - Disconnecting from localhost:9092
15991191 [main] INFO kafka.producer.SyncProducer  - Disconnecting from zion-mainframe:9092
15991191 [main] INFO kafka.producer.SyncProducer  - Connected to zion-mainframe:9092 for producing
16606199 [main] INFO kafka.client.ClientUtils$  - Fetching metadata from broker BrokerEndPoint(0,localhost,9092) with correlation id 567 for 1 topic(s) Set(earth_to_curiosity_5)
16606199 [main] INFO kafka.producer.SyncProducer  - Connected to localhost:9092 for producing
16606200 [main] INFO kafka.producer.SyncProducer  - Disconnecting from localhost:9092
16606200 [main] INFO kafka.producer.SyncProducer  - Disconnecting from zion-mainframe:9092
16606201 [main] INFO kafka.producer.SyncProducer  - Connected to zion-mainframe:9092 for producing
17221238 [main] INFO kafka.client.ClientUtils$  - Fetching metadata from broker BrokerEndPoint(0,localhost,9092) with correlation id 588 for 1 topic(s) Set(earth_to_curiosity_5)
17221239 [main] INFO kafka.producer.SyncProducer  - Connected to localhost:9092 for producing
17221239 [main] INFO kafka.producer.SyncProducer  - Disconnecting from localhost:9092
17221239 [main] INFO kafka.producer.SyncProducer  - Disconnecting from zion-mainframe:9092
17221240 [main] INFO kafka.producer.SyncProducer  - Connected to zion-mainframe:9092 for producing
17836250 [main] INFO kafka.client.ClientUtils$  - Fetching metadata from broker BrokerEndPoint(0,localhost,9092) with correlation id 609 for 1 topic(s) Set(earth_to_curiosity_5)
17836250 [main] INFO kafka.producer.SyncProducer  - Connected to localhost:9092 for producing
17836251 [main] INFO kafka.producer.SyncProducer  - Disconnecting from localhost:9092
17836251 [main] INFO kafka.producer.SyncProducer  - Disconnecting from zion-mainframe:9092
17836252 [main] INFO kafka.producer.SyncProducer  - Connected to zion-mainframe:9092 for producing
18451260 [main] INFO kafka.client.ClientUtils$  - Fetching metadata from broker BrokerEndPoint(0,localhost,9092) with correlation id 630 for 1 topic(s) Set(earth_to_curiosity_5)
18451261 [main] INFO kafka.producer.SyncProducer  - Connected to localhost:9092 for producing
18451262 [main] INFO kafka.producer.SyncProducer  - Disconnecting from localhost:9092
18451262 [main] INFO kafka.producer.SyncProducer  - Disconnecting from zion-mainframe:9092
18451263 [main] INFO kafka.producer.SyncProducer  - Connected to zion-mainframe:9092 for producing
19066271 [main] INFO kafka.client.ClientUtils$  - Fetching metadata from broker BrokerEndPoint(0,localhost,9092) with correlation id 651 for 1 topic(s) Set(earth_to_curiosity_5)
19066271 [main] INFO kafka.producer.SyncProducer  - Connected to localhost:9092 for producing
19066272 [main] INFO kafka.producer.SyncProducer  - Disconnecting from localhost:9092
19066272 [main] INFO kafka.producer.SyncProducer  - Disconnecting from zion-mainframe:9092
19066273 [main] INFO kafka.producer.SyncProducer  - Connected to zion-mainframe:9092 for producing
19681282 [main] INFO kafka.client.ClientUtils$  - Fetching metadata from broker BrokerEndPoint(0,localhost,9092) with correlation id 672 for 1 topic(s) Set(earth_to_curiosity_5)
19681282 [main] INFO kafka.producer.SyncProducer  - Connected to localhost:9092 for producing
19681283 [main] INFO kafka.producer.SyncProducer  - Disconnecting from localhost:9092
19681283 [main] INFO kafka.producer.SyncProducer  - Disconnecting from zion-mainframe:9092
19681284 [main] INFO kafka.producer.SyncProducer  - Connected to zion-mainframe:9092 for producing
20296291 [main] INFO kafka.client.ClientUtils$  - Fetching metadata from broker BrokerEndPoint(0,localhost,9092) with correlation id 693 for 1 topic(s) Set(earth_to_curiosity_5)
20296292 [main] INFO kafka.producer.SyncProducer  - Connected to localhost:9092 for producing
20296292 [main] INFO kafka.producer.SyncProducer  - Disconnecting from localhost:9092
20296292 [main] INFO kafka.producer.SyncProducer  - Disconnecting from zion-mainframe:9092
20296293 [main] INFO kafka.producer.SyncProducer  - Connected to zion-mainframe:9092 for producing
20911300 [main] INFO kafka.client.ClientUtils$  - Fetching metadata from broker BrokerEndPoint(0,localhost,9092) with correlation id 714 for 1 topic(s) Set(earth_to_curiosity_5)
20911300 [main] INFO kafka.producer.SyncProducer  - Connected to localhost:9092 for producing
20911301 [main] INFO kafka.producer.SyncProducer  - Disconnecting from localhost:9092
20911301 [main] INFO kafka.producer.SyncProducer  - Disconnecting from zion-mainframe:9092
20911303 [main] INFO kafka.producer.SyncProducer  - Connected to zion-mainframe:9092 for producing
21526312 [main] INFO kafka.client.ClientUtils$  - Fetching metadata from broker BrokerEndPoint(0,localhost,9092) with correlation id 735 for 1 topic(s) Set(earth_to_curiosity_5)
21526313 [main] INFO kafka.producer.SyncProducer  - Connected to localhost:9092 for producing
21526314 [main] INFO kafka.producer.SyncProducer  - Disconnecting from localhost:9092
21526314 [main] INFO kafka.producer.SyncProducer  - Disconnecting from zion-mainframe:9092
21526315 [main] INFO kafka.producer.SyncProducer  - Connected to zion-mainframe:9092 for producing
22141325 [main] INFO kafka.client.ClientUtils$  - Fetching metadata from broker BrokerEndPoint(0,localhost,9092) with correlation id 756 for 1 topic(s) Set(earth_to_curiosity_5)
22141325 [main] INFO kafka.producer.SyncProducer  - Connected to localhost:9092 for producing
22141326 [main] INFO kafka.producer.SyncProducer  - Disconnecting from localhost:9092
22141326 [main] INFO kafka.producer.SyncProducer  - Disconnecting from zion-mainframe:9092
22141327 [main] INFO kafka.producer.SyncProducer  - Connected to zion-mainframe:9092 for producing
22756334 [main] INFO kafka.client.ClientUtils$  - Fetching metadata from broker BrokerEndPoint(0,localhost,9092) with correlation id 777 for 1 topic(s) Set(earth_to_curiosity_5)
22756336 [main] INFO kafka.producer.SyncProducer  - Connected to localhost:9092 for producing
22756336 [main] INFO kafka.producer.SyncProducer  - Disconnecting from localhost:9092
22756337 [main] INFO kafka.producer.SyncProducer  - Disconnecting from zion-mainframe:9092
22756338 [main] INFO kafka.producer.SyncProducer  - Connected to zion-mainframe:9092 for producing
23371346 [main] INFO kafka.client.ClientUtils$  - Fetching metadata from broker BrokerEndPoint(0,localhost,9092) with correlation id 798 for 1 topic(s) Set(earth_to_curiosity_5)
23371346 [main] INFO kafka.producer.SyncProducer  - Connected to localhost:9092 for producing
23371348 [main] INFO kafka.producer.SyncProducer  - Disconnecting from localhost:9092
23371348 [main] INFO kafka.producer.SyncProducer  - Disconnecting from zion-mainframe:9092
23371352 [main] INFO kafka.producer.SyncProducer  - Connected to zion-mainframe:9092 for producing
23986361 [main] INFO kafka.client.ClientUtils$  - Fetching metadata from broker BrokerEndPoint(0,localhost,9092) with correlation id 819 for 1 topic(s) Set(earth_to_curiosity_5)
23986362 [main] INFO kafka.producer.SyncProducer  - Connected to localhost:9092 for producing
23986362 [main] INFO kafka.producer.SyncProducer  - Disconnecting from localhost:9092
23986362 [main] INFO kafka.producer.SyncProducer  - Disconnecting from zion-mainframe:9092
23986363 [main] INFO kafka.producer.SyncProducer  - Connected to zion-mainframe:9092 for producing
24601370 [main] INFO kafka.client.ClientUtils$  - Fetching metadata from broker BrokerEndPoint(0,localhost,9092) with correlation id 840 for 1 topic(s) Set(earth_to_curiosity_5)
24601371 [main] INFO kafka.producer.SyncProducer  - Connected to localhost:9092 for producing
24601371 [main] INFO kafka.producer.SyncProducer  - Disconnecting from localhost:9092
24601371 [main] INFO kafka.producer.SyncProducer  - Disconnecting from zion-mainframe:9092
24601372 [main] INFO kafka.producer.SyncProducer  - Connected to zion-mainframe:9092 for producing
25216379 [main] INFO kafka.client.ClientUtils$  - Fetching metadata from broker BrokerEndPoint(0,localhost,9092) with correlation id 861 for 1 topic(s) Set(earth_to_curiosity_5)
25216380 [main] INFO kafka.producer.SyncProducer  - Connected to localhost:9092 for producing
25216380 [main] INFO kafka.producer.SyncProducer  - Disconnecting from localhost:9092
25216381 [main] INFO kafka.producer.SyncProducer  - Disconnecting from zion-mainframe:9092
25216381 [main] INFO kafka.producer.SyncProducer  - Connected to zion-mainframe:9092 for producing
25831391 [main] INFO kafka.client.ClientUtils$  - Fetching metadata from broker BrokerEndPoint(0,localhost,9092) with correlation id 882 for 1 topic(s) Set(earth_to_curiosity_5)
25831391 [main] INFO kafka.producer.SyncProducer  - Connected to localhost:9092 for producing
25831392 [main] INFO kafka.producer.SyncProducer  - Disconnecting from localhost:9092
25831392 [main] INFO kafka.producer.SyncProducer  - Disconnecting from zion-mainframe:9092
25831392 [main] INFO kafka.producer.SyncProducer  - Connected to zion-mainframe:9092 for producing
26446399 [main] INFO kafka.client.ClientUtils$  - Fetching metadata from broker BrokerEndPoint(0,localhost,9092) with correlation id 903 for 1 topic(s) Set(earth_to_curiosity_5)
26446402 [main] INFO kafka.producer.SyncProducer  - Connected to localhost:9092 for producing
26446402 [main] INFO kafka.producer.SyncProducer  - Disconnecting from localhost:9092
26446403 [main] INFO kafka.producer.SyncProducer  - Disconnecting from zion-mainframe:9092
26446404 [main] INFO kafka.producer.SyncProducer  - Connected to zion-mainframe:9092 for producing
27061412 [main] INFO kafka.client.ClientUtils$  - Fetching metadata from broker BrokerEndPoint(0,localhost,9092) with correlation id 924 for 1 topic(s) Set(earth_to_curiosity_5)
27061413 [main] INFO kafka.producer.SyncProducer  - Connected to localhost:9092 for producing
27061413 [main] INFO kafka.producer.SyncProducer  - Disconnecting from localhost:9092
27061413 [main] INFO kafka.producer.SyncProducer  - Disconnecting from zion-mainframe:9092
27061414 [main] INFO kafka.producer.SyncProducer  - Connected to zion-mainframe:9092 for producing
27676422 [main] INFO kafka.client.ClientUtils$  - Fetching metadata from broker BrokerEndPoint(0,localhost,9092) with correlation id 945 for 1 topic(s) Set(earth_to_curiosity_5)
27676423 [main] INFO kafka.producer.SyncProducer  - Connected to localhost:9092 for producing
27676424 [main] INFO kafka.producer.SyncProducer  - Disconnecting from localhost:9092
27676424 [main] INFO kafka.producer.SyncProducer  - Disconnecting from zion-mainframe:9092
27676424 [main] INFO kafka.producer.SyncProducer  - Connected to zion-mainframe:9092 for producing
28291432 [main] INFO kafka.client.ClientUtils$  - Fetching metadata from broker BrokerEndPoint(0,localhost,9092) with correlation id 966 for 1 topic(s) Set(earth_to_curiosity_5)
28291433 [main] INFO kafka.producer.SyncProducer  - Connected to localhost:9092 for producing
28291433 [main] INFO kafka.producer.SyncProducer  - Disconnecting from localhost:9092
28291434 [main] INFO kafka.producer.SyncProducer  - Disconnecting from zion-mainframe:9092
28291434 [main] INFO kafka.producer.SyncProducer  - Connected to zion-mainframe:9092 for producing
