0 [main] INFO org.apache.kafka.clients.producer.ProducerConfig  - ProducerConfig values: 
	compression.type = none
	metric.reporters = []
	metadata.max.age.ms = 300000
	metadata.fetch.timeout.ms = 60000
	reconnect.backoff.ms = 50
	sasl.kerberos.ticket.renew.window.factor = 0.8
	bootstrap.servers = [zion-portable:9092]
	retry.backoff.ms = 100
	sasl.kerberos.kinit.cmd = /usr/bin/kinit
	buffer.memory = 33554432
	timeout.ms = 30000
	key.serializer = class org.apache.kafka.common.serialization.StringSerializer
	sasl.kerberos.service.name = null
	sasl.kerberos.ticket.renew.jitter = 0.05
	ssl.keystore.type = JKS
	ssl.trustmanager.algorithm = PKIX
	block.on.buffer.full = false
	ssl.key.password = null
	max.block.ms = 60000
	sasl.kerberos.min.time.before.relogin = 60000
	connections.max.idle.ms = 540000
	ssl.truststore.password = null
	max.in.flight.requests.per.connection = 5
	metrics.num.samples = 2
	client.id = 
	ssl.endpoint.identification.algorithm = null
	ssl.protocol = TLS
	request.timeout.ms = 30000
	ssl.provider = null
	ssl.enabled.protocols = [TLSv1.2, TLSv1.1, TLSv1]
	acks = 1
	batch.size = 16384
	ssl.keystore.location = null
	receive.buffer.bytes = 32768
	ssl.cipher.suites = null
	ssl.truststore.type = JKS
	security.protocol = PLAINTEXT
	retries = 0
	max.request.size = 1048576
	value.serializer = class org.apache.kafka.common.serialization.ByteArraySerializer
	ssl.truststore.location = null
	ssl.keystore.password = null
	ssl.keymanager.algorithm = SunX509
	metrics.sample.window.ms = 30000
	partitioner.class = class org.apache.kafka.clients.producer.internals.DefaultPartitioner
	send.buffer.bytes = 131072
	linger.ms = 0

92 [main] WARN org.apache.kafka.clients.producer.ProducerConfig  - The configuration zookeeper.connect = zion-portable:2181 was supplied but isn't a known config.
93 [main] WARN org.apache.kafka.clients.producer.ProducerConfig  - The configuration group.id = space.exploration.mars.rover.curiosity.1542170692783 was supplied but isn't a known config.
93 [main] WARN org.apache.kafka.clients.producer.ProducerConfig  - The configuration source.topic = curiosity_to_earth_6 was supplied but isn't a known config.
93 [main] WARN org.apache.kafka.clients.producer.ProducerConfig  - The configuration auto.offset.reset = largest was supplied but isn't a known config.
93 [main] WARN org.apache.kafka.clients.producer.ProducerConfig  - The configuration metadata.broker.list = zion-portable:9092 was supplied but isn't a known config.
93 [main] WARN org.apache.kafka.clients.producer.ProducerConfig  - The configuration destination.topic = earth_to_curiosity_6 was supplied but isn't a known config.
94 [main] INFO org.apache.kafka.common.utils.AppInfoParser  - Kafka version : 0.9.0.1
94 [main] INFO org.apache.kafka.common.utils.AppInfoParser  - Kafka commitId : 23c69d62a0cabf06
