0 [main] INFO kafka.utils.VerifiableProperties  - Verifying properties
32 [main] INFO kafka.utils.VerifiableProperties  - Property auto.offset.reset is overridden to largest
33 [main] WARN kafka.utils.VerifiableProperties  - Property bootstrap.servers is not valid
33 [main] WARN kafka.utils.VerifiableProperties  - Property destination.topic is not valid
33 [main] INFO kafka.utils.VerifiableProperties  - Property group.id is overridden to space.exploration.mars.rover.curiosity.1545354130272
33 [main] WARN kafka.utils.VerifiableProperties  - Property key.serializer is not valid
33 [main] WARN kafka.utils.VerifiableProperties  - Property metadata.broker.list is not valid
33 [main] WARN kafka.utils.VerifiableProperties  - Property source.topic is not valid
33 [main] WARN kafka.utils.VerifiableProperties  - Property value.serializer is not valid
34 [main] INFO kafka.utils.VerifiableProperties  - Property zookeeper.connect is overridden to antares-mainframe:2181
101 [main] INFO kafka.consumer.ZookeeperConsumerConnector  - [space.exploration.mars.rover.curiosity.1545354130272_antares-mainframe-1545354130741-dc451ae3], Connecting to zookeeper instance at antares-mainframe:2181
111 [ZkClient-EventThread-28-antares-mainframe:2181] INFO org.I0Itec.zkclient.ZkEventThread  - Starting ZkClient event thread.
117 [main] INFO org.apache.zookeeper.ZooKeeper  - Client environment:zookeeper.version=3.4.6-1569965, built on 02/20/2014 09:09 GMT
117 [main] INFO org.apache.zookeeper.ZooKeeper  - Client environment:host.name=antares-mainframe
117 [main] INFO org.apache.zookeeper.ZooKeeper  - Client environment:java.version=10.0.2
118 [main] INFO org.apache.zookeeper.ZooKeeper  - Client environment:java.vendor=Oracle Corporation
118 [main] INFO org.apache.zookeeper.ZooKeeper  - Client environment:java.home=/usr/lib/jvm/java-11-openjdk-amd64
118 [main] INFO org.apache.zookeeper.ZooKeeper  - Client environment:java.class.path=target/mission.control-2.0-shaded.jar
118 [main] INFO org.apache.zookeeper.ZooKeeper  - Client environment:java.library.path=/usr/java/packages/lib:/usr/lib/x86_64-linux-gnu/jni:/lib/x86_64-linux-gnu:/usr/lib/x86_64-linux-gnu:/usr/lib/jni:/lib:/usr/lib
118 [main] INFO org.apache.zookeeper.ZooKeeper  - Client environment:java.io.tmpdir=/tmp
118 [main] INFO org.apache.zookeeper.ZooKeeper  - Client environment:java.compiler=<NA>
118 [main] INFO org.apache.zookeeper.ZooKeeper  - Client environment:os.name=Linux
118 [main] INFO org.apache.zookeeper.ZooKeeper  - Client environment:os.arch=amd64
118 [main] INFO org.apache.zookeeper.ZooKeeper  - Client environment:os.version=4.15.0-43-generic
118 [main] INFO org.apache.zookeeper.ZooKeeper  - Client environment:user.name=sanket
118 [main] INFO org.apache.zookeeper.ZooKeeper  - Client environment:user.home=/home/sanket
118 [main] INFO org.apache.zookeeper.ZooKeeper  - Client environment:user.dir=/home/sanket/Documents/workspace/Mission.Control
118 [main] INFO org.apache.zookeeper.ZooKeeper  - Initiating client connection, connectString=antares-mainframe:2181 sessionTimeout=6000 watcher=org.I0Itec.zkclient.ZkClient@791d1f8b
136 [main] INFO org.I0Itec.zkclient.ZkClient  - Waiting for keeper state SyncConnected
143 [main-SendThread(antares-mainframe:2181)] INFO org.apache.zookeeper.ClientCnxn  - Opening socket connection to server antares-mainframe/127.0.1.1:2181. Will not attempt to authenticate using SASL (unknown error)
152 [main-SendThread(antares-mainframe:2181)] INFO org.apache.zookeeper.ClientCnxn  - Socket connection established to antares-mainframe/127.0.1.1:2181, initiating session
159 [main-SendThread(antares-mainframe:2181)] INFO org.apache.zookeeper.ClientCnxn  - Session establishment complete on server antares-mainframe/127.0.1.1:2181, sessionid = 0x167ce486f120001, negotiated timeout = 6000
161 [main-EventThread] INFO org.I0Itec.zkclient.ZkClient  - zookeeper state changed (SyncConnected)
176 [main] INFO kafka.consumer.ZookeeperConsumerConnector  - [space.exploration.mars.rover.curiosity.1545354130272_antares-mainframe-1545354130741-dc451ae3], starting auto committer every 60000 ms
209 [Thread-0] INFO kafka.consumer.ZookeeperConsumerConnector  - [space.exploration.mars.rover.curiosity.1545354130272_antares-mainframe-1545354130741-dc451ae3], begin registering consumer space.exploration.mars.rover.curiosity.1545354130272_antares-mainframe-1545354130741-dc451ae3 in ZK
233 [Thread-0] INFO kafka.utils.ZKCheckedEphemeral  - Creating /consumers/space.exploration.mars.rover.curiosity.1545354130272/ids/space.exploration.mars.rover.curiosity.1545354130272_antares-mainframe-1545354130741-dc451ae3 (is it secure? false)
245 [Thread-0] INFO kafka.utils.ZKCheckedEphemeral  - Result of znode creation is: OK
245 [Thread-0] INFO kafka.consumer.ZookeeperConsumerConnector  - [space.exploration.mars.rover.curiosity.1545354130272_antares-mainframe-1545354130741-dc451ae3], end registering consumer space.exploration.mars.rover.curiosity.1545354130272_antares-mainframe-1545354130741-dc451ae3 in ZK
248 [space.exploration.mars.rover.curiosity.1545354130272_antares-mainframe-1545354130741-dc451ae3_watcher_executor] INFO kafka.consumer.ZookeeperConsumerConnector  - [space.exploration.mars.rover.curiosity.1545354130272_antares-mainframe-1545354130741-dc451ae3], starting watcher executor thread for consumer space.exploration.mars.rover.curiosity.1545354130272_antares-mainframe-1545354130741-dc451ae3
265 [Thread-0] INFO kafka.consumer.ZookeeperConsumerConnector  - [space.exploration.mars.rover.curiosity.1545354130272_antares-mainframe-1545354130741-dc451ae3], begin rebalancing consumer space.exploration.mars.rover.curiosity.1545354130272_antares-mainframe-1545354130741-dc451ae3 try #0
347 [Thread-0] INFO kafka.consumer.ConsumerFetcherManager  - [ConsumerFetcherManager-1545354130813] Stopping leader finder thread
347 [Thread-0] INFO kafka.consumer.ConsumerFetcherManager  - [ConsumerFetcherManager-1545354130813] Stopping all fetchers
348 [Thread-0] INFO kafka.consumer.ConsumerFetcherManager  - [ConsumerFetcherManager-1545354130813] All connections stopped
348 [Thread-0] INFO kafka.consumer.ZookeeperConsumerConnector  - [space.exploration.mars.rover.curiosity.1545354130272_antares-mainframe-1545354130741-dc451ae3], Cleared all relevant queues for this fetcher
349 [Thread-0] INFO kafka.consumer.ZookeeperConsumerConnector  - [space.exploration.mars.rover.curiosity.1545354130272_antares-mainframe-1545354130741-dc451ae3], Cleared the data chunks in all the consumer message iterators
349 [Thread-0] INFO kafka.consumer.ZookeeperConsumerConnector  - [space.exploration.mars.rover.curiosity.1545354130272_antares-mainframe-1545354130741-dc451ae3], Committing all offsets after clearing the fetcher queues
350 [Thread-0] INFO kafka.consumer.ZookeeperConsumerConnector  - [space.exploration.mars.rover.curiosity.1545354130272_antares-mainframe-1545354130741-dc451ae3], Releasing partition ownership
367 [Thread-0] INFO kafka.consumer.RangeAssignor  - Consumer space.exploration.mars.rover.curiosity.1545354130272_antares-mainframe-1545354130741-dc451ae3 rebalancing the following partitions: ArrayBuffer() for topic curiosity_to_earth_6 with consumers: List(space.exploration.mars.rover.curiosity.1545354130272_antares-mainframe-1545354130741-dc451ae3-0)
368 [Thread-0] WARN kafka.consumer.RangeAssignor  - No broker partitions consumed by consumer thread space.exploration.mars.rover.curiosity.1545354130272_antares-mainframe-1545354130741-dc451ae3-0 for topic curiosity_to_earth_6
376 [Thread-0] INFO kafka.consumer.ZookeeperConsumerConnector  - [space.exploration.mars.rover.curiosity.1545354130272_antares-mainframe-1545354130741-dc451ae3], Consumer space.exploration.mars.rover.curiosity.1545354130272_antares-mainframe-1545354130741-dc451ae3 selected partitions : 
377 [space.exploration.mars.rover.curiosity.1545354130272_antares-mainframe-1545354130741-dc451ae3-leader-finder-thread] INFO kafka.consumer.ConsumerFetcherManager$LeaderFinderThread  - [space.exploration.mars.rover.curiosity.1545354130272_antares-mainframe-1545354130741-dc451ae3-leader-finder-thread], Starting 
377 [Thread-0] INFO kafka.consumer.ZookeeperConsumerConnector  - [space.exploration.mars.rover.curiosity.1545354130272_antares-mainframe-1545354130741-dc451ae3], end rebalancing consumer space.exploration.mars.rover.curiosity.1545354130272_antares-mainframe-1545354130741-dc451ae3 try #0
43674 [ZkClient-EventThread-28-antares-mainframe:2181] INFO kafka.consumer.ZookeeperConsumerConnector  - [space.exploration.mars.rover.curiosity.1545354130272_antares-mainframe-1545354130741-dc451ae3], Topic info for path /brokers/topics/curiosity_to_earth_6 changed to {"version":1,"partitions":{"0":[0]}}, triggering rebalance
43675 [space.exploration.mars.rover.curiosity.1545354130272_antares-mainframe-1545354130741-dc451ae3_watcher_executor] INFO kafka.consumer.ZookeeperConsumerConnector  - [space.exploration.mars.rover.curiosity.1545354130272_antares-mainframe-1545354130741-dc451ae3], begin rebalancing consumer space.exploration.mars.rover.curiosity.1545354130272_antares-mainframe-1545354130741-dc451ae3 try #0
43704 [space.exploration.mars.rover.curiosity.1545354130272_antares-mainframe-1545354130741-dc451ae3_watcher_executor] INFO kafka.consumer.ConsumerFetcherManager  - [ConsumerFetcherManager-1545354130813] Stopping leader finder thread
43705 [space.exploration.mars.rover.curiosity.1545354130272_antares-mainframe-1545354130741-dc451ae3_watcher_executor] INFO kafka.consumer.ConsumerFetcherManager$LeaderFinderThread  - [space.exploration.mars.rover.curiosity.1545354130272_antares-mainframe-1545354130741-dc451ae3-leader-finder-thread], Shutting down
43705 [space.exploration.mars.rover.curiosity.1545354130272_antares-mainframe-1545354130741-dc451ae3_watcher_executor] INFO kafka.consumer.ConsumerFetcherManager$LeaderFinderThread  - [space.exploration.mars.rover.curiosity.1545354130272_antares-mainframe-1545354130741-dc451ae3-leader-finder-thread], Shutdown completed
43705 [space.exploration.mars.rover.curiosity.1545354130272_antares-mainframe-1545354130741-dc451ae3_watcher_executor] INFO kafka.consumer.ConsumerFetcherManager  - [ConsumerFetcherManager-1545354130813] Stopping all fetchers
43705 [space.exploration.mars.rover.curiosity.1545354130272_antares-mainframe-1545354130741-dc451ae3-leader-finder-thread] INFO kafka.consumer.ConsumerFetcherManager$LeaderFinderThread  - [space.exploration.mars.rover.curiosity.1545354130272_antares-mainframe-1545354130741-dc451ae3-leader-finder-thread], Stopped 
43706 [space.exploration.mars.rover.curiosity.1545354130272_antares-mainframe-1545354130741-dc451ae3_watcher_executor] INFO kafka.consumer.ConsumerFetcherManager  - [ConsumerFetcherManager-1545354130813] All connections stopped
43706 [space.exploration.mars.rover.curiosity.1545354130272_antares-mainframe-1545354130741-dc451ae3_watcher_executor] INFO kafka.consumer.ZookeeperConsumerConnector  - [space.exploration.mars.rover.curiosity.1545354130272_antares-mainframe-1545354130741-dc451ae3], Cleared all relevant queues for this fetcher
43706 [space.exploration.mars.rover.curiosity.1545354130272_antares-mainframe-1545354130741-dc451ae3_watcher_executor] INFO kafka.consumer.ZookeeperConsumerConnector  - [space.exploration.mars.rover.curiosity.1545354130272_antares-mainframe-1545354130741-dc451ae3], Cleared the data chunks in all the consumer message iterators
43706 [space.exploration.mars.rover.curiosity.1545354130272_antares-mainframe-1545354130741-dc451ae3_watcher_executor] INFO kafka.consumer.ZookeeperConsumerConnector  - [space.exploration.mars.rover.curiosity.1545354130272_antares-mainframe-1545354130741-dc451ae3], Committing all offsets after clearing the fetcher queues
43706 [space.exploration.mars.rover.curiosity.1545354130272_antares-mainframe-1545354130741-dc451ae3_watcher_executor] INFO kafka.consumer.ZookeeperConsumerConnector  - [space.exploration.mars.rover.curiosity.1545354130272_antares-mainframe-1545354130741-dc451ae3], Releasing partition ownership
43721 [space.exploration.mars.rover.curiosity.1545354130272_antares-mainframe-1545354130741-dc451ae3_watcher_executor] INFO kafka.consumer.RangeAssignor  - Consumer space.exploration.mars.rover.curiosity.1545354130272_antares-mainframe-1545354130741-dc451ae3 rebalancing the following partitions: ArrayBuffer(0) for topic curiosity_to_earth_6 with consumers: List(space.exploration.mars.rover.curiosity.1545354130272_antares-mainframe-1545354130741-dc451ae3-0)
43722 [space.exploration.mars.rover.curiosity.1545354130272_antares-mainframe-1545354130741-dc451ae3_watcher_executor] INFO kafka.consumer.RangeAssignor  - space.exploration.mars.rover.curiosity.1545354130272_antares-mainframe-1545354130741-dc451ae3-0 attempting to claim partition 0
43744 [space.exploration.mars.rover.curiosity.1545354130272_antares-mainframe-1545354130741-dc451ae3_watcher_executor] INFO kafka.consumer.ZookeeperConsumerConnector  - [space.exploration.mars.rover.curiosity.1545354130272_antares-mainframe-1545354130741-dc451ae3], space.exploration.mars.rover.curiosity.1545354130272_antares-mainframe-1545354130741-dc451ae3-0 successfully owned partition 0 for topic curiosity_to_earth_6
43750 [space.exploration.mars.rover.curiosity.1545354130272_antares-mainframe-1545354130741-dc451ae3_watcher_executor] INFO kafka.consumer.ZookeeperConsumerConnector  - [space.exploration.mars.rover.curiosity.1545354130272_antares-mainframe-1545354130741-dc451ae3], Consumer space.exploration.mars.rover.curiosity.1545354130272_antares-mainframe-1545354130741-dc451ae3 selected partitions : curiosity_to_earth_6:0: fetched offset = -1: consumed offset = -1
43750 [space.exploration.mars.rover.curiosity.1545354130272_antares-mainframe-1545354130741-dc451ae3_watcher_executor] INFO kafka.consumer.ZookeeperConsumerConnector  - [space.exploration.mars.rover.curiosity.1545354130272_antares-mainframe-1545354130741-dc451ae3], end rebalancing consumer space.exploration.mars.rover.curiosity.1545354130272_antares-mainframe-1545354130741-dc451ae3 try #0
43750 [space.exploration.mars.rover.curiosity.1545354130272_antares-mainframe-1545354130741-dc451ae3-leader-finder-thread] INFO kafka.consumer.ConsumerFetcherManager$LeaderFinderThread  - [space.exploration.mars.rover.curiosity.1545354130272_antares-mainframe-1545354130741-dc451ae3-leader-finder-thread], Starting 
43767 [space.exploration.mars.rover.curiosity.1545354130272_antares-mainframe-1545354130741-dc451ae3-leader-finder-thread] INFO kafka.utils.VerifiableProperties  - Verifying properties
43768 [space.exploration.mars.rover.curiosity.1545354130272_antares-mainframe-1545354130741-dc451ae3-leader-finder-thread] INFO kafka.utils.VerifiableProperties  - Property client.id is overridden to space.exploration.mars.rover.curiosity.1545354130272
43768 [space.exploration.mars.rover.curiosity.1545354130272_antares-mainframe-1545354130741-dc451ae3-leader-finder-thread] INFO kafka.utils.VerifiableProperties  - Property metadata.broker.list is overridden to antares-mainframe:9092
43768 [space.exploration.mars.rover.curiosity.1545354130272_antares-mainframe-1545354130741-dc451ae3-leader-finder-thread] INFO kafka.utils.VerifiableProperties  - Property request.timeout.ms is overridden to 30000
43781 [space.exploration.mars.rover.curiosity.1545354130272_antares-mainframe-1545354130741-dc451ae3-leader-finder-thread] INFO kafka.client.ClientUtils$  - Fetching metadata from broker BrokerEndPoint(0,antares-mainframe,9092) with correlation id 0 for 1 topic(s) Set(curiosity_to_earth_6)
43785 [space.exploration.mars.rover.curiosity.1545354130272_antares-mainframe-1545354130741-dc451ae3-leader-finder-thread] INFO kafka.producer.SyncProducer  - Connected to antares-mainframe:9092 for producing
43810 [space.exploration.mars.rover.curiosity.1545354130272_antares-mainframe-1545354130741-dc451ae3-leader-finder-thread] INFO kafka.producer.SyncProducer  - Disconnecting from antares-mainframe:9092
43829 [ConsumerFetcherThread-space.exploration.mars.rover.curiosity.1545354130272_antares-mainframe-1545354130741-dc451ae3-0-0] INFO kafka.consumer.ConsumerFetcherThread  - [ConsumerFetcherThread-space.exploration.mars.rover.curiosity.1545354130272_antares-mainframe-1545354130741-dc451ae3-0-0], Starting 
43848 [space.exploration.mars.rover.curiosity.1545354130272_antares-mainframe-1545354130741-dc451ae3-leader-finder-thread] INFO kafka.consumer.ConsumerFetcherManager  - [ConsumerFetcherManager-1545354130813] Added fetcher for partitions ArrayBuffer([[curiosity_to_earth_6,0], initOffset -1 to broker BrokerEndPoint(0,antares-mainframe,9092)] )
