0 [main] INFO kafka.utils.VerifiableProperties  - Verifying properties
22 [main] INFO kafka.utils.VerifiableProperties  - Property auto.offset.reset is overridden to largest
22 [main] WARN kafka.utils.VerifiableProperties  - Property bootstrap.servers is not valid
22 [main] WARN kafka.utils.VerifiableProperties  - Property destination.topic is not valid
22 [main] INFO kafka.utils.VerifiableProperties  - Property group.id is overridden to space.exploration.mars.rover.curiosity.1533183196681
23 [main] WARN kafka.utils.VerifiableProperties  - Property key.serializer is not valid
23 [main] WARN kafka.utils.VerifiableProperties  - Property metadata.broker.list is not valid
23 [main] WARN kafka.utils.VerifiableProperties  - Property source.topic is not valid
23 [main] WARN kafka.utils.VerifiableProperties  - Property value.serializer is not valid
23 [main] INFO kafka.utils.VerifiableProperties  - Property zookeeper.connect is overridden to localhost:2181
58 [main] INFO kafka.consumer.ZookeeperConsumerConnector  - [space.exploration.mars.rover.curiosity.1533183196681_zion-mainframe-1533183196896-2a5f85b2], Connecting to zookeeper instance at localhost:2181
64 [ZkClient-EventThread-15-localhost:2181] INFO org.I0Itec.zkclient.ZkEventThread  - Starting ZkClient event thread.
68 [main] INFO org.apache.zookeeper.ZooKeeper  - Client environment:zookeeper.version=3.4.6-1569965, built on 02/20/2014 09:09 GMT
68 [main] INFO org.apache.zookeeper.ZooKeeper  - Client environment:host.name=zion-mainframe
68 [main] INFO org.apache.zookeeper.ZooKeeper  - Client environment:java.version=1.8.0_171
68 [main] INFO org.apache.zookeeper.ZooKeeper  - Client environment:java.vendor=Oracle Corporation
68 [main] INFO org.apache.zookeeper.ZooKeeper  - Client environment:java.home=/usr/lib/jvm/java-8-openjdk-amd64/jre
68 [main] INFO org.apache.zookeeper.ZooKeeper  - Client environment:java.class.path=target/mission.control-2.0-shaded.jar
68 [main] INFO org.apache.zookeeper.ZooKeeper  - Client environment:java.library.path=/usr/java/packages/lib/amd64:/usr/lib/x86_64-linux-gnu/jni:/lib/x86_64-linux-gnu:/usr/lib/x86_64-linux-gnu:/usr/lib/jni:/lib:/usr/lib
68 [main] INFO org.apache.zookeeper.ZooKeeper  - Client environment:java.io.tmpdir=/tmp
68 [main] INFO org.apache.zookeeper.ZooKeeper  - Client environment:java.compiler=<NA>
68 [main] INFO org.apache.zookeeper.ZooKeeper  - Client environment:os.name=Linux
68 [main] INFO org.apache.zookeeper.ZooKeeper  - Client environment:os.arch=amd64
68 [main] INFO org.apache.zookeeper.ZooKeeper  - Client environment:os.version=4.15.0-29-generic
68 [main] INFO org.apache.zookeeper.ZooKeeper  - Client environment:user.name=sanket
68 [main] INFO org.apache.zookeeper.ZooKeeper  - Client environment:user.home=/home/sanket
68 [main] INFO org.apache.zookeeper.ZooKeeper  - Client environment:user.dir=/home/sanket/Documents/workspace/Mission.Control
69 [main] INFO org.apache.zookeeper.ZooKeeper  - Initiating client connection, connectString=localhost:2181 sessionTimeout=6000 watcher=org.I0Itec.zkclient.ZkClient@17776a8
77 [main] INFO org.I0Itec.zkclient.ZkClient  - Waiting for keeper state SyncConnected
78 [main-SendThread(localhost:2181)] INFO org.apache.zookeeper.ClientCnxn  - Opening socket connection to server localhost/127.0.0.1:2181. Will not attempt to authenticate using SASL (unknown error)
109 [main-SendThread(localhost:2181)] INFO org.apache.zookeeper.ClientCnxn  - Socket connection established to localhost/127.0.0.1:2181, initiating session
113 [main-SendThread(localhost:2181)] INFO org.apache.zookeeper.ClientCnxn  - Session establishment complete on server localhost/127.0.0.1:2181, sessionid = 0x164d97376a40009, negotiated timeout = 6000
114 [main-EventThread] INFO org.I0Itec.zkclient.ZkClient  - zookeeper state changed (SyncConnected)
122 [main] INFO kafka.consumer.ZookeeperConsumerConnector  - [space.exploration.mars.rover.curiosity.1533183196681_zion-mainframe-1533183196896-2a5f85b2], starting auto committer every 60000 ms
140 [Thread-0] INFO kafka.consumer.ZookeeperConsumerConnector  - [space.exploration.mars.rover.curiosity.1533183196681_zion-mainframe-1533183196896-2a5f85b2], begin registering consumer space.exploration.mars.rover.curiosity.1533183196681_zion-mainframe-1533183196896-2a5f85b2 in ZK
159 [Thread-0] INFO kafka.utils.ZKCheckedEphemeral  - Creating /consumers/space.exploration.mars.rover.curiosity.1533183196681/ids/space.exploration.mars.rover.curiosity.1533183196681_zion-mainframe-1533183196896-2a5f85b2 (is it secure? false)
167 [Thread-0] INFO kafka.utils.ZKCheckedEphemeral  - Result of znode creation is: OK
167 [Thread-0] INFO kafka.consumer.ZookeeperConsumerConnector  - [space.exploration.mars.rover.curiosity.1533183196681_zion-mainframe-1533183196896-2a5f85b2], end registering consumer space.exploration.mars.rover.curiosity.1533183196681_zion-mainframe-1533183196896-2a5f85b2 in ZK
172 [space.exploration.mars.rover.curiosity.1533183196681_zion-mainframe-1533183196896-2a5f85b2_watcher_executor] INFO kafka.consumer.ZookeeperConsumerConnector  - [space.exploration.mars.rover.curiosity.1533183196681_zion-mainframe-1533183196896-2a5f85b2], starting watcher executor thread for consumer space.exploration.mars.rover.curiosity.1533183196681_zion-mainframe-1533183196896-2a5f85b2
184 [Thread-0] INFO kafka.consumer.ZookeeperConsumerConnector  - [space.exploration.mars.rover.curiosity.1533183196681_zion-mainframe-1533183196896-2a5f85b2], begin rebalancing consumer space.exploration.mars.rover.curiosity.1533183196681_zion-mainframe-1533183196896-2a5f85b2 try #0
246 [Thread-0] INFO kafka.consumer.ConsumerFetcherManager  - [ConsumerFetcherManager-1533183196957] Stopping leader finder thread
246 [Thread-0] INFO kafka.consumer.ConsumerFetcherManager  - [ConsumerFetcherManager-1533183196957] Stopping all fetchers
246 [Thread-0] INFO kafka.consumer.ConsumerFetcherManager  - [ConsumerFetcherManager-1533183196957] All connections stopped
246 [Thread-0] INFO kafka.consumer.ZookeeperConsumerConnector  - [space.exploration.mars.rover.curiosity.1533183196681_zion-mainframe-1533183196896-2a5f85b2], Cleared all relevant queues for this fetcher
247 [Thread-0] INFO kafka.consumer.ZookeeperConsumerConnector  - [space.exploration.mars.rover.curiosity.1533183196681_zion-mainframe-1533183196896-2a5f85b2], Cleared the data chunks in all the consumer message iterators
247 [Thread-0] INFO kafka.consumer.ZookeeperConsumerConnector  - [space.exploration.mars.rover.curiosity.1533183196681_zion-mainframe-1533183196896-2a5f85b2], Committing all offsets after clearing the fetcher queues
247 [Thread-0] INFO kafka.consumer.ZookeeperConsumerConnector  - [space.exploration.mars.rover.curiosity.1533183196681_zion-mainframe-1533183196896-2a5f85b2], Releasing partition ownership
262 [Thread-0] INFO kafka.consumer.RangeAssignor  - Consumer space.exploration.mars.rover.curiosity.1533183196681_zion-mainframe-1533183196896-2a5f85b2 rebalancing the following partitions: ArrayBuffer(0) for topic curiosity_to_earth_5 with consumers: List(space.exploration.mars.rover.curiosity.1533183196681_zion-mainframe-1533183196896-2a5f85b2-0)
263 [Thread-0] INFO kafka.consumer.RangeAssignor  - space.exploration.mars.rover.curiosity.1533183196681_zion-mainframe-1533183196896-2a5f85b2-0 attempting to claim partition 0
281 [Thread-0] INFO kafka.consumer.ZookeeperConsumerConnector  - [space.exploration.mars.rover.curiosity.1533183196681_zion-mainframe-1533183196896-2a5f85b2], space.exploration.mars.rover.curiosity.1533183196681_zion-mainframe-1533183196896-2a5f85b2-0 successfully owned partition 0 for topic curiosity_to_earth_5
291 [Thread-0] INFO kafka.consumer.ZookeeperConsumerConnector  - [space.exploration.mars.rover.curiosity.1533183196681_zion-mainframe-1533183196896-2a5f85b2], Consumer space.exploration.mars.rover.curiosity.1533183196681_zion-mainframe-1533183196896-2a5f85b2 selected partitions : curiosity_to_earth_5:0: fetched offset = -1: consumed offset = -1
292 [space.exploration.mars.rover.curiosity.1533183196681_zion-mainframe-1533183196896-2a5f85b2-leader-finder-thread] INFO kafka.consumer.ConsumerFetcherManager$LeaderFinderThread  - [space.exploration.mars.rover.curiosity.1533183196681_zion-mainframe-1533183196896-2a5f85b2-leader-finder-thread], Starting 
292 [Thread-0] INFO kafka.consumer.ZookeeperConsumerConnector  - [space.exploration.mars.rover.curiosity.1533183196681_zion-mainframe-1533183196896-2a5f85b2], end rebalancing consumer space.exploration.mars.rover.curiosity.1533183196681_zion-mainframe-1533183196896-2a5f85b2 try #0
302 [space.exploration.mars.rover.curiosity.1533183196681_zion-mainframe-1533183196896-2a5f85b2-leader-finder-thread] INFO kafka.utils.VerifiableProperties  - Verifying properties
302 [space.exploration.mars.rover.curiosity.1533183196681_zion-mainframe-1533183196896-2a5f85b2-leader-finder-thread] INFO kafka.utils.VerifiableProperties  - Property client.id is overridden to space.exploration.mars.rover.curiosity.1533183196681
302 [space.exploration.mars.rover.curiosity.1533183196681_zion-mainframe-1533183196896-2a5f85b2-leader-finder-thread] INFO kafka.utils.VerifiableProperties  - Property metadata.broker.list is overridden to zion-mainframe:9092
302 [space.exploration.mars.rover.curiosity.1533183196681_zion-mainframe-1533183196896-2a5f85b2-leader-finder-thread] INFO kafka.utils.VerifiableProperties  - Property request.timeout.ms is overridden to 30000
312 [space.exploration.mars.rover.curiosity.1533183196681_zion-mainframe-1533183196896-2a5f85b2-leader-finder-thread] INFO kafka.client.ClientUtils$  - Fetching metadata from broker BrokerEndPoint(0,zion-mainframe,9092) with correlation id 0 for 1 topic(s) Set(curiosity_to_earth_5)
316 [space.exploration.mars.rover.curiosity.1533183196681_zion-mainframe-1533183196896-2a5f85b2-leader-finder-thread] INFO kafka.producer.SyncProducer  - Connected to zion-mainframe:9092 for producing
324 [space.exploration.mars.rover.curiosity.1533183196681_zion-mainframe-1533183196896-2a5f85b2-leader-finder-thread] INFO kafka.producer.SyncProducer  - Disconnecting from zion-mainframe:9092
341 [ConsumerFetcherThread-space.exploration.mars.rover.curiosity.1533183196681_zion-mainframe-1533183196896-2a5f85b2-0-0] INFO kafka.consumer.ConsumerFetcherThread  - [ConsumerFetcherThread-space.exploration.mars.rover.curiosity.1533183196681_zion-mainframe-1533183196896-2a5f85b2-0-0], Starting 
349 [space.exploration.mars.rover.curiosity.1533183196681_zion-mainframe-1533183196896-2a5f85b2-leader-finder-thread] INFO kafka.consumer.ConsumerFetcherManager  - [ConsumerFetcherManager-1533183196957] Added fetcher for partitions ArrayBuffer([[curiosity_to_earth_5,0], initOffset -1 to broker BrokerEndPoint(0,zion-mainframe,9092)] )
