0 [main] INFO kafka.utils.VerifiableProperties  - Verifying properties
38 [main] WARN kafka.utils.VerifiableProperties  - Property auto.offset.reset is not valid
39 [main] WARN kafka.utils.VerifiableProperties  - Property bootstrap.servers is not valid
39 [main] WARN kafka.utils.VerifiableProperties  - Property destination.topic is not valid
39 [main] WARN kafka.utils.VerifiableProperties  - Property group.id is not valid
39 [main] WARN kafka.utils.VerifiableProperties  - Property key.serializer is not valid
40 [main] INFO kafka.utils.VerifiableProperties  - Property metadata.broker.list is overridden to localhost:9092
40 [main] WARN kafka.utils.VerifiableProperties  - Property source.topic is not valid
40 [main] WARN kafka.utils.VerifiableProperties  - Property value.serializer is not valid
40 [main] WARN kafka.utils.VerifiableProperties  - Property zookeeper.connect is not valid
194 [main] INFO kafka.client.ClientUtils$  - Fetching metadata from broker BrokerEndPoint(0,localhost,9092) with correlation id 0 for 1 topic(s) Set(earth_to_curiosity_5)
300 [main] INFO kafka.producer.SyncProducer  - Connected to localhost:9092 for producing
346 [main] INFO kafka.producer.SyncProducer  - Disconnecting from localhost:9092
454 [main] INFO kafka.producer.SyncProducer  - Connected to zion-mainframe:9092 for producing
615512 [main] INFO kafka.client.ClientUtils$  - Fetching metadata from broker BrokerEndPoint(0,localhost,9092) with correlation id 21 for 1 topic(s) Set(earth_to_curiosity_5)
615512 [main] INFO kafka.producer.SyncProducer  - Connected to localhost:9092 for producing
615513 [main] INFO kafka.producer.SyncProducer  - Disconnecting from localhost:9092
615514 [main] INFO kafka.producer.SyncProducer  - Disconnecting from zion-mainframe:9092
615516 [main] INFO kafka.producer.SyncProducer  - Connected to zion-mainframe:9092 for producing
1230546 [main] INFO kafka.client.ClientUtils$  - Fetching metadata from broker BrokerEndPoint(0,localhost,9092) with correlation id 42 for 1 topic(s) Set(earth_to_curiosity_5)
1230548 [main] INFO kafka.producer.SyncProducer  - Connected to localhost:9092 for producing
1230550 [main] INFO kafka.producer.SyncProducer  - Disconnecting from localhost:9092
1230550 [main] INFO kafka.producer.SyncProducer  - Disconnecting from zion-mainframe:9092
1230556 [main] INFO kafka.producer.SyncProducer  - Connected to zion-mainframe:9092 for producing
1845580 [main] INFO kafka.client.ClientUtils$  - Fetching metadata from broker BrokerEndPoint(0,localhost,9092) with correlation id 63 for 1 topic(s) Set(earth_to_curiosity_5)
1845581 [main] INFO kafka.producer.SyncProducer  - Connected to localhost:9092 for producing
1845581 [main] INFO kafka.producer.SyncProducer  - Disconnecting from localhost:9092
1845582 [main] INFO kafka.producer.SyncProducer  - Disconnecting from zion-mainframe:9092
1845583 [main] INFO kafka.producer.SyncProducer  - Connected to zion-mainframe:9092 for producing
2460599 [main] INFO kafka.client.ClientUtils$  - Fetching metadata from broker BrokerEndPoint(0,localhost,9092) with correlation id 84 for 1 topic(s) Set(earth_to_curiosity_5)
2460600 [main] INFO kafka.producer.SyncProducer  - Connected to localhost:9092 for producing
2460600 [main] INFO kafka.producer.SyncProducer  - Disconnecting from localhost:9092
2460600 [main] INFO kafka.producer.SyncProducer  - Disconnecting from zion-mainframe:9092
2460602 [main] INFO kafka.producer.SyncProducer  - Connected to zion-mainframe:9092 for producing
3075615 [main] INFO kafka.client.ClientUtils$  - Fetching metadata from broker BrokerEndPoint(0,localhost,9092) with correlation id 105 for 1 topic(s) Set(earth_to_curiosity_5)
3075616 [main] INFO kafka.producer.SyncProducer  - Connected to localhost:9092 for producing
3075617 [main] INFO kafka.producer.SyncProducer  - Disconnecting from localhost:9092
3075617 [main] INFO kafka.producer.SyncProducer  - Disconnecting from zion-mainframe:9092
3075620 [main] INFO kafka.producer.SyncProducer  - Connected to zion-mainframe:9092 for producing
3690644 [main] INFO kafka.client.ClientUtils$  - Fetching metadata from broker BrokerEndPoint(0,localhost,9092) with correlation id 126 for 1 topic(s) Set(earth_to_curiosity_5)
3690645 [main] INFO kafka.producer.SyncProducer  - Connected to localhost:9092 for producing
3690648 [main] INFO kafka.producer.SyncProducer  - Disconnecting from localhost:9092
3690649 [main] INFO kafka.producer.SyncProducer  - Disconnecting from zion-mainframe:9092
3690652 [main] INFO kafka.producer.SyncProducer  - Connected to zion-mainframe:9092 for producing
4305680 [main] INFO kafka.client.ClientUtils$  - Fetching metadata from broker BrokerEndPoint(0,localhost,9092) with correlation id 147 for 1 topic(s) Set(earth_to_curiosity_5)
4305680 [main] INFO kafka.producer.SyncProducer  - Connected to localhost:9092 for producing
4305681 [main] INFO kafka.producer.SyncProducer  - Disconnecting from localhost:9092
4305681 [main] INFO kafka.producer.SyncProducer  - Disconnecting from zion-mainframe:9092
4305682 [main] INFO kafka.producer.SyncProducer  - Connected to zion-mainframe:9092 for producing
4920703 [main] INFO kafka.client.ClientUtils$  - Fetching metadata from broker BrokerEndPoint(0,localhost,9092) with correlation id 168 for 1 topic(s) Set(earth_to_curiosity_5)
4920704 [main] INFO kafka.producer.SyncProducer  - Connected to localhost:9092 for producing
4920706 [main] INFO kafka.producer.SyncProducer  - Disconnecting from localhost:9092
4920707 [main] INFO kafka.producer.SyncProducer  - Disconnecting from zion-mainframe:9092
4920711 [main] INFO kafka.producer.SyncProducer  - Connected to zion-mainframe:9092 for producing
5535728 [main] INFO kafka.client.ClientUtils$  - Fetching metadata from broker BrokerEndPoint(0,localhost,9092) with correlation id 189 for 1 topic(s) Set(earth_to_curiosity_5)
5535729 [main] INFO kafka.producer.SyncProducer  - Connected to localhost:9092 for producing
5535729 [main] INFO kafka.producer.SyncProducer  - Disconnecting from localhost:9092
5535730 [main] INFO kafka.producer.SyncProducer  - Disconnecting from zion-mainframe:9092
5535730 [main] INFO kafka.producer.SyncProducer  - Connected to zion-mainframe:9092 for producing
6150744 [main] INFO kafka.client.ClientUtils$  - Fetching metadata from broker BrokerEndPoint(0,localhost,9092) with correlation id 210 for 1 topic(s) Set(earth_to_curiosity_5)
6150744 [main] INFO kafka.producer.SyncProducer  - Connected to localhost:9092 for producing
6150745 [main] INFO kafka.producer.SyncProducer  - Disconnecting from localhost:9092
6150745 [main] INFO kafka.producer.SyncProducer  - Disconnecting from zion-mainframe:9092
6150746 [main] INFO kafka.producer.SyncProducer  - Connected to zion-mainframe:9092 for producing
6765764 [main] INFO kafka.client.ClientUtils$  - Fetching metadata from broker BrokerEndPoint(0,localhost,9092) with correlation id 231 for 1 topic(s) Set(earth_to_curiosity_5)
6765764 [main] INFO kafka.producer.SyncProducer  - Connected to localhost:9092 for producing
6765765 [main] INFO kafka.producer.SyncProducer  - Disconnecting from localhost:9092
6765766 [main] INFO kafka.producer.SyncProducer  - Disconnecting from zion-mainframe:9092
6765769 [main] INFO kafka.producer.SyncProducer  - Connected to zion-mainframe:9092 for producing
7380795 [main] INFO kafka.client.ClientUtils$  - Fetching metadata from broker BrokerEndPoint(0,localhost,9092) with correlation id 252 for 1 topic(s) Set(earth_to_curiosity_5)
7380795 [main] INFO kafka.producer.SyncProducer  - Connected to localhost:9092 for producing
7380796 [main] INFO kafka.producer.SyncProducer  - Disconnecting from localhost:9092
7380796 [main] INFO kafka.producer.SyncProducer  - Disconnecting from zion-mainframe:9092
7380797 [main] INFO kafka.producer.SyncProducer  - Connected to zion-mainframe:9092 for producing
7995811 [main] INFO kafka.client.ClientUtils$  - Fetching metadata from broker BrokerEndPoint(0,localhost,9092) with correlation id 273 for 1 topic(s) Set(earth_to_curiosity_5)
7995812 [main] INFO kafka.producer.SyncProducer  - Connected to localhost:9092 for producing
7995812 [main] INFO kafka.producer.SyncProducer  - Disconnecting from localhost:9092
7995813 [main] INFO kafka.producer.SyncProducer  - Disconnecting from zion-mainframe:9092
7995813 [main] INFO kafka.producer.SyncProducer  - Connected to zion-mainframe:9092 for producing
8610824 [main] INFO kafka.client.ClientUtils$  - Fetching metadata from broker BrokerEndPoint(0,localhost,9092) with correlation id 294 for 1 topic(s) Set(earth_to_curiosity_5)
8610825 [main] INFO kafka.producer.SyncProducer  - Connected to localhost:9092 for producing
8610826 [main] INFO kafka.producer.SyncProducer  - Disconnecting from localhost:9092
8610826 [main] INFO kafka.producer.SyncProducer  - Disconnecting from zion-mainframe:9092
8610827 [main] INFO kafka.producer.SyncProducer  - Connected to zion-mainframe:9092 for producing
9225842 [main] INFO kafka.client.ClientUtils$  - Fetching metadata from broker BrokerEndPoint(0,localhost,9092) with correlation id 315 for 1 topic(s) Set(earth_to_curiosity_5)
9225842 [main] INFO kafka.producer.SyncProducer  - Connected to localhost:9092 for producing
9225843 [main] INFO kafka.producer.SyncProducer  - Disconnecting from localhost:9092
9225843 [main] INFO kafka.producer.SyncProducer  - Disconnecting from zion-mainframe:9092
9225844 [main] INFO kafka.producer.SyncProducer  - Connected to zion-mainframe:9092 for producing
9840855 [main] INFO kafka.client.ClientUtils$  - Fetching metadata from broker BrokerEndPoint(0,localhost,9092) with correlation id 336 for 1 topic(s) Set(earth_to_curiosity_5)
9840856 [main] INFO kafka.producer.SyncProducer  - Connected to localhost:9092 for producing
9840856 [main] INFO kafka.producer.SyncProducer  - Disconnecting from localhost:9092
9840857 [main] INFO kafka.producer.SyncProducer  - Disconnecting from zion-mainframe:9092
9840858 [main] INFO kafka.producer.SyncProducer  - Connected to zion-mainframe:9092 for producing
10455873 [main] INFO kafka.client.ClientUtils$  - Fetching metadata from broker BrokerEndPoint(0,localhost,9092) with correlation id 357 for 1 topic(s) Set(earth_to_curiosity_5)
10455874 [main] INFO kafka.producer.SyncProducer  - Connected to localhost:9092 for producing
10455874 [main] INFO kafka.producer.SyncProducer  - Disconnecting from localhost:9092
10455874 [main] INFO kafka.producer.SyncProducer  - Disconnecting from zion-mainframe:9092
10455875 [main] INFO kafka.producer.SyncProducer  - Connected to zion-mainframe:9092 for producing
11070891 [main] INFO kafka.client.ClientUtils$  - Fetching metadata from broker BrokerEndPoint(0,localhost,9092) with correlation id 378 for 1 topic(s) Set(earth_to_curiosity_5)
11070892 [main] INFO kafka.producer.SyncProducer  - Connected to localhost:9092 for producing
11070892 [main] INFO kafka.producer.SyncProducer  - Disconnecting from localhost:9092
11070893 [main] INFO kafka.producer.SyncProducer  - Disconnecting from zion-mainframe:9092
11070894 [main] INFO kafka.producer.SyncProducer  - Connected to zion-mainframe:9092 for producing
11685903 [main] INFO kafka.client.ClientUtils$  - Fetching metadata from broker BrokerEndPoint(0,localhost,9092) with correlation id 399 for 1 topic(s) Set(earth_to_curiosity_5)
11685904 [main] INFO kafka.producer.SyncProducer  - Connected to localhost:9092 for producing
11685905 [main] INFO kafka.producer.SyncProducer  - Disconnecting from localhost:9092
11685905 [main] INFO kafka.producer.SyncProducer  - Disconnecting from zion-mainframe:9092
11685906 [main] INFO kafka.producer.SyncProducer  - Connected to zion-mainframe:9092 for producing
12300920 [main] INFO kafka.client.ClientUtils$  - Fetching metadata from broker BrokerEndPoint(0,localhost,9092) with correlation id 420 for 1 topic(s) Set(earth_to_curiosity_5)
12300921 [main] INFO kafka.producer.SyncProducer  - Connected to localhost:9092 for producing
12300921 [main] INFO kafka.producer.SyncProducer  - Disconnecting from localhost:9092
12300921 [main] INFO kafka.producer.SyncProducer  - Disconnecting from zion-mainframe:9092
12300922 [main] INFO kafka.producer.SyncProducer  - Connected to zion-mainframe:9092 for producing
12915937 [main] INFO kafka.client.ClientUtils$  - Fetching metadata from broker BrokerEndPoint(0,localhost,9092) with correlation id 441 for 1 topic(s) Set(earth_to_curiosity_5)
12915937 [main] INFO kafka.producer.SyncProducer  - Connected to localhost:9092 for producing
12915938 [main] INFO kafka.producer.SyncProducer  - Disconnecting from localhost:9092
12915938 [main] INFO kafka.producer.SyncProducer  - Disconnecting from zion-mainframe:9092
12915939 [main] INFO kafka.producer.SyncProducer  - Connected to zion-mainframe:9092 for producing
13530950 [main] INFO kafka.client.ClientUtils$  - Fetching metadata from broker BrokerEndPoint(0,localhost,9092) with correlation id 462 for 1 topic(s) Set(earth_to_curiosity_5)
13530950 [main] INFO kafka.producer.SyncProducer  - Connected to localhost:9092 for producing
13530951 [main] INFO kafka.producer.SyncProducer  - Disconnecting from localhost:9092
13530951 [main] INFO kafka.producer.SyncProducer  - Disconnecting from zion-mainframe:9092
13530952 [main] INFO kafka.producer.SyncProducer  - Connected to zion-mainframe:9092 for producing
14145963 [main] INFO kafka.client.ClientUtils$  - Fetching metadata from broker BrokerEndPoint(0,localhost,9092) with correlation id 483 for 1 topic(s) Set(earth_to_curiosity_5)
14145963 [main] INFO kafka.producer.SyncProducer  - Connected to localhost:9092 for producing
14145964 [main] INFO kafka.producer.SyncProducer  - Disconnecting from localhost:9092
14145965 [main] INFO kafka.producer.SyncProducer  - Disconnecting from zion-mainframe:9092
14145966 [main] INFO kafka.producer.SyncProducer  - Connected to zion-mainframe:9092 for producing
14760985 [main] INFO kafka.client.ClientUtils$  - Fetching metadata from broker BrokerEndPoint(0,localhost,9092) with correlation id 504 for 1 topic(s) Set(earth_to_curiosity_5)
14760986 [main] INFO kafka.producer.SyncProducer  - Connected to localhost:9092 for producing
14760987 [main] INFO kafka.producer.SyncProducer  - Disconnecting from localhost:9092
14760988 [main] INFO kafka.producer.SyncProducer  - Disconnecting from zion-mainframe:9092
14760989 [main] INFO kafka.producer.SyncProducer  - Connected to zion-mainframe:9092 for producing
15375999 [main] INFO kafka.client.ClientUtils$  - Fetching metadata from broker BrokerEndPoint(0,localhost,9092) with correlation id 525 for 1 topic(s) Set(earth_to_curiosity_5)
15375999 [main] INFO kafka.producer.SyncProducer  - Connected to localhost:9092 for producing
15376000 [main] INFO kafka.producer.SyncProducer  - Disconnecting from localhost:9092
15376000 [main] INFO kafka.producer.SyncProducer  - Disconnecting from zion-mainframe:9092
15376001 [main] INFO kafka.producer.SyncProducer  - Connected to zion-mainframe:9092 for producing
15991012 [main] INFO kafka.client.ClientUtils$  - Fetching metadata from broker BrokerEndPoint(0,localhost,9092) with correlation id 546 for 1 topic(s) Set(earth_to_curiosity_5)
15991013 [main] INFO kafka.producer.SyncProducer  - Connected to localhost:9092 for producing
15991013 [main] INFO kafka.producer.SyncProducer  - Disconnecting from localhost:9092
15991013 [main] INFO kafka.producer.SyncProducer  - Disconnecting from zion-mainframe:9092
15991014 [main] INFO kafka.producer.SyncProducer  - Connected to zion-mainframe:9092 for producing
16606025 [main] INFO kafka.client.ClientUtils$  - Fetching metadata from broker BrokerEndPoint(0,localhost,9092) with correlation id 567 for 1 topic(s) Set(earth_to_curiosity_5)
16606026 [main] INFO kafka.producer.SyncProducer  - Connected to localhost:9092 for producing
16606028 [main] INFO kafka.producer.SyncProducer  - Disconnecting from localhost:9092
16606029 [main] INFO kafka.producer.SyncProducer  - Disconnecting from zion-mainframe:9092
16606031 [main] INFO kafka.producer.SyncProducer  - Connected to zion-mainframe:9092 for producing
17221059 [main] INFO kafka.client.ClientUtils$  - Fetching metadata from broker BrokerEndPoint(0,localhost,9092) with correlation id 588 for 1 topic(s) Set(earth_to_curiosity_5)
17221059 [main] INFO kafka.producer.SyncProducer  - Connected to localhost:9092 for producing
17221060 [main] INFO kafka.producer.SyncProducer  - Disconnecting from localhost:9092
17221060 [main] INFO kafka.producer.SyncProducer  - Disconnecting from zion-mainframe:9092
17221060 [main] INFO kafka.producer.SyncProducer  - Connected to zion-mainframe:9092 for producing
17836069 [main] INFO kafka.client.ClientUtils$  - Fetching metadata from broker BrokerEndPoint(0,localhost,9092) with correlation id 609 for 1 topic(s) Set(earth_to_curiosity_5)
17836070 [main] INFO kafka.producer.SyncProducer  - Connected to localhost:9092 for producing
17836071 [main] INFO kafka.producer.SyncProducer  - Disconnecting from localhost:9092
17836071 [main] INFO kafka.producer.SyncProducer  - Disconnecting from zion-mainframe:9092
17836071 [main] INFO kafka.producer.SyncProducer  - Connected to zion-mainframe:9092 for producing
18451080 [main] INFO kafka.client.ClientUtils$  - Fetching metadata from broker BrokerEndPoint(0,localhost,9092) with correlation id 630 for 1 topic(s) Set(earth_to_curiosity_5)
18451081 [main] INFO kafka.producer.SyncProducer  - Connected to localhost:9092 for producing
18451081 [main] INFO kafka.producer.SyncProducer  - Disconnecting from localhost:9092
18451081 [main] INFO kafka.producer.SyncProducer  - Disconnecting from zion-mainframe:9092
18451082 [main] INFO kafka.producer.SyncProducer  - Connected to zion-mainframe:9092 for producing
19066093 [main] INFO kafka.client.ClientUtils$  - Fetching metadata from broker BrokerEndPoint(0,localhost,9092) with correlation id 651 for 1 topic(s) Set(earth_to_curiosity_5)
19066095 [main] INFO kafka.producer.SyncProducer  - Connected to localhost:9092 for producing
19066097 [main] INFO kafka.producer.SyncProducer  - Disconnecting from localhost:9092
19066097 [main] INFO kafka.producer.SyncProducer  - Disconnecting from zion-mainframe:9092
19066100 [main] INFO kafka.producer.SyncProducer  - Connected to zion-mainframe:9092 for producing
19681110 [main] INFO kafka.client.ClientUtils$  - Fetching metadata from broker BrokerEndPoint(0,localhost,9092) with correlation id 672 for 1 topic(s) Set(earth_to_curiosity_5)
19681110 [main] INFO kafka.producer.SyncProducer  - Connected to localhost:9092 for producing
19681111 [main] INFO kafka.producer.SyncProducer  - Disconnecting from localhost:9092
19681111 [main] INFO kafka.producer.SyncProducer  - Disconnecting from zion-mainframe:9092
19681112 [main] INFO kafka.producer.SyncProducer  - Connected to zion-mainframe:9092 for producing
20296120 [main] INFO kafka.client.ClientUtils$  - Fetching metadata from broker BrokerEndPoint(0,localhost,9092) with correlation id 693 for 1 topic(s) Set(earth_to_curiosity_5)
20296120 [main] INFO kafka.producer.SyncProducer  - Connected to localhost:9092 for producing
20296121 [main] INFO kafka.producer.SyncProducer  - Disconnecting from localhost:9092
20296121 [main] INFO kafka.producer.SyncProducer  - Disconnecting from zion-mainframe:9092
20296122 [main] INFO kafka.producer.SyncProducer  - Connected to zion-mainframe:9092 for producing
20911130 [main] INFO kafka.client.ClientUtils$  - Fetching metadata from broker BrokerEndPoint(0,localhost,9092) with correlation id 714 for 1 topic(s) Set(earth_to_curiosity_5)
20911130 [main] INFO kafka.producer.SyncProducer  - Connected to localhost:9092 for producing
20911131 [main] INFO kafka.producer.SyncProducer  - Disconnecting from localhost:9092
20911131 [main] INFO kafka.producer.SyncProducer  - Disconnecting from zion-mainframe:9092
20911131 [main] INFO kafka.producer.SyncProducer  - Connected to zion-mainframe:9092 for producing
21526149 [main] INFO kafka.client.ClientUtils$  - Fetching metadata from broker BrokerEndPoint(0,localhost,9092) with correlation id 735 for 1 topic(s) Set(earth_to_curiosity_5)
21526150 [main] INFO kafka.producer.SyncProducer  - Connected to localhost:9092 for producing
21526150 [main] INFO kafka.producer.SyncProducer  - Disconnecting from localhost:9092
21526150 [main] INFO kafka.producer.SyncProducer  - Disconnecting from zion-mainframe:9092
21526151 [main] INFO kafka.producer.SyncProducer  - Connected to zion-mainframe:9092 for producing
22141163 [main] INFO kafka.client.ClientUtils$  - Fetching metadata from broker BrokerEndPoint(0,localhost,9092) with correlation id 756 for 1 topic(s) Set(earth_to_curiosity_5)
22141164 [main] INFO kafka.producer.SyncProducer  - Connected to localhost:9092 for producing
22141165 [main] INFO kafka.producer.SyncProducer  - Disconnecting from localhost:9092
22141165 [main] INFO kafka.producer.SyncProducer  - Disconnecting from zion-mainframe:9092
22141166 [main] INFO kafka.producer.SyncProducer  - Connected to zion-mainframe:9092 for producing
22756175 [main] INFO kafka.client.ClientUtils$  - Fetching metadata from broker BrokerEndPoint(0,localhost,9092) with correlation id 777 for 1 topic(s) Set(earth_to_curiosity_5)
22756176 [main] INFO kafka.producer.SyncProducer  - Connected to localhost:9092 for producing
22756176 [main] INFO kafka.producer.SyncProducer  - Disconnecting from localhost:9092
22756176 [main] INFO kafka.producer.SyncProducer  - Disconnecting from zion-mainframe:9092
22756177 [main] INFO kafka.producer.SyncProducer  - Connected to zion-mainframe:9092 for producing
23371186 [main] INFO kafka.client.ClientUtils$  - Fetching metadata from broker BrokerEndPoint(0,localhost,9092) with correlation id 798 for 1 topic(s) Set(earth_to_curiosity_5)
23371187 [main] INFO kafka.producer.SyncProducer  - Connected to localhost:9092 for producing
23371188 [main] INFO kafka.producer.SyncProducer  - Disconnecting from localhost:9092
23371189 [main] INFO kafka.producer.SyncProducer  - Disconnecting from zion-mainframe:9092
23371190 [main] INFO kafka.producer.SyncProducer  - Connected to zion-mainframe:9092 for producing
23986200 [main] INFO kafka.client.ClientUtils$  - Fetching metadata from broker BrokerEndPoint(0,localhost,9092) with correlation id 819 for 1 topic(s) Set(earth_to_curiosity_5)
23986201 [main] INFO kafka.producer.SyncProducer  - Connected to localhost:9092 for producing
23986201 [main] INFO kafka.producer.SyncProducer  - Disconnecting from localhost:9092
23986201 [main] INFO kafka.producer.SyncProducer  - Disconnecting from zion-mainframe:9092
23986202 [main] INFO kafka.producer.SyncProducer  - Connected to zion-mainframe:9092 for producing
24601211 [main] INFO kafka.client.ClientUtils$  - Fetching metadata from broker BrokerEndPoint(0,localhost,9092) with correlation id 840 for 1 topic(s) Set(earth_to_curiosity_5)
24601212 [main] INFO kafka.producer.SyncProducer  - Connected to localhost:9092 for producing
24601213 [main] INFO kafka.producer.SyncProducer  - Disconnecting from localhost:9092
24601213 [main] INFO kafka.producer.SyncProducer  - Disconnecting from zion-mainframe:9092
24601214 [main] INFO kafka.producer.SyncProducer  - Connected to zion-mainframe:9092 for producing
25216222 [main] INFO kafka.client.ClientUtils$  - Fetching metadata from broker BrokerEndPoint(0,localhost,9092) with correlation id 861 for 1 topic(s) Set(earth_to_curiosity_5)
25216222 [main] INFO kafka.producer.SyncProducer  - Connected to localhost:9092 for producing
25216222 [main] INFO kafka.producer.SyncProducer  - Disconnecting from localhost:9092
25216223 [main] INFO kafka.producer.SyncProducer  - Disconnecting from zion-mainframe:9092
25216223 [main] INFO kafka.producer.SyncProducer  - Connected to zion-mainframe:9092 for producing
25831233 [main] INFO kafka.client.ClientUtils$  - Fetching metadata from broker BrokerEndPoint(0,localhost,9092) with correlation id 882 for 1 topic(s) Set(earth_to_curiosity_5)
25831234 [main] INFO kafka.producer.SyncProducer  - Connected to localhost:9092 for producing
25831234 [main] INFO kafka.producer.SyncProducer  - Disconnecting from localhost:9092
25831234 [main] INFO kafka.producer.SyncProducer  - Disconnecting from zion-mainframe:9092
25831235 [main] INFO kafka.producer.SyncProducer  - Connected to zion-mainframe:9092 for producing
26446243 [main] INFO kafka.client.ClientUtils$  - Fetching metadata from broker BrokerEndPoint(0,localhost,9092) with correlation id 903 for 1 topic(s) Set(earth_to_curiosity_5)
26446243 [main] INFO kafka.producer.SyncProducer  - Connected to localhost:9092 for producing
26446244 [main] INFO kafka.producer.SyncProducer  - Disconnecting from localhost:9092
26446244 [main] INFO kafka.producer.SyncProducer  - Disconnecting from zion-mainframe:9092
26446245 [main] INFO kafka.producer.SyncProducer  - Connected to zion-mainframe:9092 for producing
