0 [main] INFO kafka.utils.VerifiableProperties  - Verifying properties
32 [main] INFO kafka.utils.VerifiableProperties  - Property auto.offset.reset is overridden to largest
32 [main] WARN kafka.utils.VerifiableProperties  - Property bootstrap.servers is not valid
32 [main] WARN kafka.utils.VerifiableProperties  - Property destination.topic is not valid
33 [main] INFO kafka.utils.VerifiableProperties  - Property group.id is overridden to space.exploration.mars.rover.curiosity.1546713738151
33 [main] WARN kafka.utils.VerifiableProperties  - Property key.serializer is not valid
33 [main] WARN kafka.utils.VerifiableProperties  - Property metadata.broker.list is not valid
33 [main] WARN kafka.utils.VerifiableProperties  - Property source.topic is not valid
33 [main] WARN kafka.utils.VerifiableProperties  - Property value.serializer is not valid
34 [main] INFO kafka.utils.VerifiableProperties  - Property zookeeper.connect is overridden to antares-mainframe:2181
97 [main] INFO kafka.consumer.ZookeeperConsumerConnector  - [space.exploration.mars.rover.curiosity.1546713738151_antares-mainframe-1546713738558-6e5f73f0], Connecting to zookeeper instance at antares-mainframe:2181
108 [ZkClient-EventThread-28-antares-mainframe:2181] INFO org.I0Itec.zkclient.ZkEventThread  - Starting ZkClient event thread.
114 [main] INFO org.apache.zookeeper.ZooKeeper  - Client environment:zookeeper.version=3.4.6-1569965, built on 02/20/2014 09:09 GMT
114 [main] INFO org.apache.zookeeper.ZooKeeper  - Client environment:host.name=antares-mainframe
114 [main] INFO org.apache.zookeeper.ZooKeeper  - Client environment:java.version=10.0.2
114 [main] INFO org.apache.zookeeper.ZooKeeper  - Client environment:java.vendor=Oracle Corporation
114 [main] INFO org.apache.zookeeper.ZooKeeper  - Client environment:java.home=/usr/lib/jvm/java-11-openjdk-amd64
114 [main] INFO org.apache.zookeeper.ZooKeeper  - Client environment:java.class.path=target/mission.control-2.0-shaded.jar
114 [main] INFO org.apache.zookeeper.ZooKeeper  - Client environment:java.library.path=/usr/java/packages/lib:/usr/lib/x86_64-linux-gnu/jni:/lib/x86_64-linux-gnu:/usr/lib/x86_64-linux-gnu:/usr/lib/jni:/lib:/usr/lib
115 [main] INFO org.apache.zookeeper.ZooKeeper  - Client environment:java.io.tmpdir=/tmp
115 [main] INFO org.apache.zookeeper.ZooKeeper  - Client environment:java.compiler=<NA>
115 [main] INFO org.apache.zookeeper.ZooKeeper  - Client environment:os.name=Linux
115 [main] INFO org.apache.zookeeper.ZooKeeper  - Client environment:os.arch=amd64
115 [main] INFO org.apache.zookeeper.ZooKeeper  - Client environment:os.version=4.15.0-43-generic
115 [main] INFO org.apache.zookeeper.ZooKeeper  - Client environment:user.name=sanket
115 [main] INFO org.apache.zookeeper.ZooKeeper  - Client environment:user.home=/home/sanket
115 [main] INFO org.apache.zookeeper.ZooKeeper  - Client environment:user.dir=/home/sanket/Documents/workspace/Mission.Control
115 [main] INFO org.apache.zookeeper.ZooKeeper  - Initiating client connection, connectString=antares-mainframe:2181 sessionTimeout=6000 watcher=org.I0Itec.zkclient.ZkClient@4bbf6d0e
131 [main] INFO org.I0Itec.zkclient.ZkClient  - Waiting for keeper state SyncConnected
138 [main-SendThread(antares-mainframe:2181)] INFO org.apache.zookeeper.ClientCnxn  - Opening socket connection to server antares-mainframe/127.0.1.1:2181. Will not attempt to authenticate using SASL (unknown error)
144 [main-SendThread(antares-mainframe:2181)] INFO org.apache.zookeeper.ClientCnxn  - Socket connection established to antares-mainframe/127.0.1.1:2181, initiating session
151 [main-SendThread(antares-mainframe:2181)] INFO org.apache.zookeeper.ClientCnxn  - Session establishment complete on server antares-mainframe/127.0.1.1:2181, sessionid = 0x100001dfea60001, negotiated timeout = 6000
153 [main-EventThread] INFO org.I0Itec.zkclient.ZkClient  - zookeeper state changed (SyncConnected)
168 [main] INFO kafka.consumer.ZookeeperConsumerConnector  - [space.exploration.mars.rover.curiosity.1546713738151_antares-mainframe-1546713738558-6e5f73f0], starting auto committer every 60000 ms
203 [Thread-0] INFO kafka.consumer.ZookeeperConsumerConnector  - [space.exploration.mars.rover.curiosity.1546713738151_antares-mainframe-1546713738558-6e5f73f0], begin registering consumer space.exploration.mars.rover.curiosity.1546713738151_antares-mainframe-1546713738558-6e5f73f0 in ZK
232 [Thread-0] INFO kafka.utils.ZKCheckedEphemeral  - Creating /consumers/space.exploration.mars.rover.curiosity.1546713738151/ids/space.exploration.mars.rover.curiosity.1546713738151_antares-mainframe-1546713738558-6e5f73f0 (is it secure? false)
244 [Thread-0] INFO kafka.utils.ZKCheckedEphemeral  - Result of znode creation is: OK
244 [Thread-0] INFO kafka.consumer.ZookeeperConsumerConnector  - [space.exploration.mars.rover.curiosity.1546713738151_antares-mainframe-1546713738558-6e5f73f0], end registering consumer space.exploration.mars.rover.curiosity.1546713738151_antares-mainframe-1546713738558-6e5f73f0 in ZK
248 [space.exploration.mars.rover.curiosity.1546713738151_antares-mainframe-1546713738558-6e5f73f0_watcher_executor] INFO kafka.consumer.ZookeeperConsumerConnector  - [space.exploration.mars.rover.curiosity.1546713738151_antares-mainframe-1546713738558-6e5f73f0], starting watcher executor thread for consumer space.exploration.mars.rover.curiosity.1546713738151_antares-mainframe-1546713738558-6e5f73f0
264 [Thread-0] INFO kafka.consumer.ZookeeperConsumerConnector  - [space.exploration.mars.rover.curiosity.1546713738151_antares-mainframe-1546713738558-6e5f73f0], begin rebalancing consumer space.exploration.mars.rover.curiosity.1546713738151_antares-mainframe-1546713738558-6e5f73f0 try #0
347 [Thread-0] INFO kafka.consumer.ConsumerFetcherManager  - [ConsumerFetcherManager-1546713738627] Stopping leader finder thread
347 [Thread-0] INFO kafka.consumer.ConsumerFetcherManager  - [ConsumerFetcherManager-1546713738627] Stopping all fetchers
348 [Thread-0] INFO kafka.consumer.ConsumerFetcherManager  - [ConsumerFetcherManager-1546713738627] All connections stopped
348 [Thread-0] INFO kafka.consumer.ZookeeperConsumerConnector  - [space.exploration.mars.rover.curiosity.1546713738151_antares-mainframe-1546713738558-6e5f73f0], Cleared all relevant queues for this fetcher
349 [Thread-0] INFO kafka.consumer.ZookeeperConsumerConnector  - [space.exploration.mars.rover.curiosity.1546713738151_antares-mainframe-1546713738558-6e5f73f0], Cleared the data chunks in all the consumer message iterators
349 [Thread-0] INFO kafka.consumer.ZookeeperConsumerConnector  - [space.exploration.mars.rover.curiosity.1546713738151_antares-mainframe-1546713738558-6e5f73f0], Committing all offsets after clearing the fetcher queues
350 [Thread-0] INFO kafka.consumer.ZookeeperConsumerConnector  - [space.exploration.mars.rover.curiosity.1546713738151_antares-mainframe-1546713738558-6e5f73f0], Releasing partition ownership
371 [Thread-0] INFO kafka.consumer.RangeAssignor  - Consumer space.exploration.mars.rover.curiosity.1546713738151_antares-mainframe-1546713738558-6e5f73f0 rebalancing the following partitions: ArrayBuffer() for topic curiosity_to_earth_6 with consumers: List(space.exploration.mars.rover.curiosity.1546713738151_antares-mainframe-1546713738558-6e5f73f0-0)
372 [Thread-0] WARN kafka.consumer.RangeAssignor  - No broker partitions consumed by consumer thread space.exploration.mars.rover.curiosity.1546713738151_antares-mainframe-1546713738558-6e5f73f0-0 for topic curiosity_to_earth_6
383 [Thread-0] INFO kafka.consumer.ZookeeperConsumerConnector  - [space.exploration.mars.rover.curiosity.1546713738151_antares-mainframe-1546713738558-6e5f73f0], Consumer space.exploration.mars.rover.curiosity.1546713738151_antares-mainframe-1546713738558-6e5f73f0 selected partitions : 
384 [space.exploration.mars.rover.curiosity.1546713738151_antares-mainframe-1546713738558-6e5f73f0-leader-finder-thread] INFO kafka.consumer.ConsumerFetcherManager$LeaderFinderThread  - [space.exploration.mars.rover.curiosity.1546713738151_antares-mainframe-1546713738558-6e5f73f0-leader-finder-thread], Starting 
384 [Thread-0] INFO kafka.consumer.ZookeeperConsumerConnector  - [space.exploration.mars.rover.curiosity.1546713738151_antares-mainframe-1546713738558-6e5f73f0], end rebalancing consumer space.exploration.mars.rover.curiosity.1546713738151_antares-mainframe-1546713738558-6e5f73f0 try #0
145723 [ZkClient-EventThread-28-antares-mainframe:2181] INFO kafka.consumer.ZookeeperConsumerConnector  - [space.exploration.mars.rover.curiosity.1546713738151_antares-mainframe-1546713738558-6e5f73f0], Topic info for path /brokers/topics/curiosity_to_earth_6 changed to {"version":1,"partitions":{"0":[0]}}, triggering rebalance
145723 [space.exploration.mars.rover.curiosity.1546713738151_antares-mainframe-1546713738558-6e5f73f0_watcher_executor] INFO kafka.consumer.ZookeeperConsumerConnector  - [space.exploration.mars.rover.curiosity.1546713738151_antares-mainframe-1546713738558-6e5f73f0], begin rebalancing consumer space.exploration.mars.rover.curiosity.1546713738151_antares-mainframe-1546713738558-6e5f73f0 try #0
145752 [space.exploration.mars.rover.curiosity.1546713738151_antares-mainframe-1546713738558-6e5f73f0_watcher_executor] INFO kafka.consumer.ConsumerFetcherManager  - [ConsumerFetcherManager-1546713738627] Stopping leader finder thread
145752 [space.exploration.mars.rover.curiosity.1546713738151_antares-mainframe-1546713738558-6e5f73f0_watcher_executor] INFO kafka.consumer.ConsumerFetcherManager$LeaderFinderThread  - [space.exploration.mars.rover.curiosity.1546713738151_antares-mainframe-1546713738558-6e5f73f0-leader-finder-thread], Shutting down
145753 [space.exploration.mars.rover.curiosity.1546713738151_antares-mainframe-1546713738558-6e5f73f0-leader-finder-thread] INFO kafka.consumer.ConsumerFetcherManager$LeaderFinderThread  - [space.exploration.mars.rover.curiosity.1546713738151_antares-mainframe-1546713738558-6e5f73f0-leader-finder-thread], Stopped 
145753 [space.exploration.mars.rover.curiosity.1546713738151_antares-mainframe-1546713738558-6e5f73f0_watcher_executor] INFO kafka.consumer.ConsumerFetcherManager$LeaderFinderThread  - [space.exploration.mars.rover.curiosity.1546713738151_antares-mainframe-1546713738558-6e5f73f0-leader-finder-thread], Shutdown completed
145753 [space.exploration.mars.rover.curiosity.1546713738151_antares-mainframe-1546713738558-6e5f73f0_watcher_executor] INFO kafka.consumer.ConsumerFetcherManager  - [ConsumerFetcherManager-1546713738627] Stopping all fetchers
145753 [space.exploration.mars.rover.curiosity.1546713738151_antares-mainframe-1546713738558-6e5f73f0_watcher_executor] INFO kafka.consumer.ConsumerFetcherManager  - [ConsumerFetcherManager-1546713738627] All connections stopped
145753 [space.exploration.mars.rover.curiosity.1546713738151_antares-mainframe-1546713738558-6e5f73f0_watcher_executor] INFO kafka.consumer.ZookeeperConsumerConnector  - [space.exploration.mars.rover.curiosity.1546713738151_antares-mainframe-1546713738558-6e5f73f0], Cleared all relevant queues for this fetcher
145753 [space.exploration.mars.rover.curiosity.1546713738151_antares-mainframe-1546713738558-6e5f73f0_watcher_executor] INFO kafka.consumer.ZookeeperConsumerConnector  - [space.exploration.mars.rover.curiosity.1546713738151_antares-mainframe-1546713738558-6e5f73f0], Cleared the data chunks in all the consumer message iterators
145753 [space.exploration.mars.rover.curiosity.1546713738151_antares-mainframe-1546713738558-6e5f73f0_watcher_executor] INFO kafka.consumer.ZookeeperConsumerConnector  - [space.exploration.mars.rover.curiosity.1546713738151_antares-mainframe-1546713738558-6e5f73f0], Committing all offsets after clearing the fetcher queues
145753 [space.exploration.mars.rover.curiosity.1546713738151_antares-mainframe-1546713738558-6e5f73f0_watcher_executor] INFO kafka.consumer.ZookeeperConsumerConnector  - [space.exploration.mars.rover.curiosity.1546713738151_antares-mainframe-1546713738558-6e5f73f0], Releasing partition ownership
145768 [space.exploration.mars.rover.curiosity.1546713738151_antares-mainframe-1546713738558-6e5f73f0_watcher_executor] INFO kafka.consumer.RangeAssignor  - Consumer space.exploration.mars.rover.curiosity.1546713738151_antares-mainframe-1546713738558-6e5f73f0 rebalancing the following partitions: ArrayBuffer(0) for topic curiosity_to_earth_6 with consumers: List(space.exploration.mars.rover.curiosity.1546713738151_antares-mainframe-1546713738558-6e5f73f0-0)
145769 [space.exploration.mars.rover.curiosity.1546713738151_antares-mainframe-1546713738558-6e5f73f0_watcher_executor] INFO kafka.consumer.RangeAssignor  - space.exploration.mars.rover.curiosity.1546713738151_antares-mainframe-1546713738558-6e5f73f0-0 attempting to claim partition 0
145790 [space.exploration.mars.rover.curiosity.1546713738151_antares-mainframe-1546713738558-6e5f73f0_watcher_executor] INFO kafka.consumer.ZookeeperConsumerConnector  - [space.exploration.mars.rover.curiosity.1546713738151_antares-mainframe-1546713738558-6e5f73f0], space.exploration.mars.rover.curiosity.1546713738151_antares-mainframe-1546713738558-6e5f73f0-0 successfully owned partition 0 for topic curiosity_to_earth_6
145796 [space.exploration.mars.rover.curiosity.1546713738151_antares-mainframe-1546713738558-6e5f73f0_watcher_executor] INFO kafka.consumer.ZookeeperConsumerConnector  - [space.exploration.mars.rover.curiosity.1546713738151_antares-mainframe-1546713738558-6e5f73f0], Consumer space.exploration.mars.rover.curiosity.1546713738151_antares-mainframe-1546713738558-6e5f73f0 selected partitions : curiosity_to_earth_6:0: fetched offset = -1: consumed offset = -1
145797 [space.exploration.mars.rover.curiosity.1546713738151_antares-mainframe-1546713738558-6e5f73f0_watcher_executor] INFO kafka.consumer.ZookeeperConsumerConnector  - [space.exploration.mars.rover.curiosity.1546713738151_antares-mainframe-1546713738558-6e5f73f0], end rebalancing consumer space.exploration.mars.rover.curiosity.1546713738151_antares-mainframe-1546713738558-6e5f73f0 try #0
145797 [space.exploration.mars.rover.curiosity.1546713738151_antares-mainframe-1546713738558-6e5f73f0-leader-finder-thread] INFO kafka.consumer.ConsumerFetcherManager$LeaderFinderThread  - [space.exploration.mars.rover.curiosity.1546713738151_antares-mainframe-1546713738558-6e5f73f0-leader-finder-thread], Starting 
145812 [space.exploration.mars.rover.curiosity.1546713738151_antares-mainframe-1546713738558-6e5f73f0-leader-finder-thread] INFO kafka.utils.VerifiableProperties  - Verifying properties
145812 [space.exploration.mars.rover.curiosity.1546713738151_antares-mainframe-1546713738558-6e5f73f0-leader-finder-thread] INFO kafka.utils.VerifiableProperties  - Property client.id is overridden to space.exploration.mars.rover.curiosity.1546713738151
145813 [space.exploration.mars.rover.curiosity.1546713738151_antares-mainframe-1546713738558-6e5f73f0-leader-finder-thread] INFO kafka.utils.VerifiableProperties  - Property metadata.broker.list is overridden to antares-mainframe:9092
145813 [space.exploration.mars.rover.curiosity.1546713738151_antares-mainframe-1546713738558-6e5f73f0-leader-finder-thread] INFO kafka.utils.VerifiableProperties  - Property request.timeout.ms is overridden to 30000
145824 [space.exploration.mars.rover.curiosity.1546713738151_antares-mainframe-1546713738558-6e5f73f0-leader-finder-thread] INFO kafka.client.ClientUtils$  - Fetching metadata from broker BrokerEndPoint(0,antares-mainframe,9092) with correlation id 0 for 1 topic(s) Set(curiosity_to_earth_6)
145829 [space.exploration.mars.rover.curiosity.1546713738151_antares-mainframe-1546713738558-6e5f73f0-leader-finder-thread] INFO kafka.producer.SyncProducer  - Connected to antares-mainframe:9092 for producing
145849 [space.exploration.mars.rover.curiosity.1546713738151_antares-mainframe-1546713738558-6e5f73f0-leader-finder-thread] INFO kafka.producer.SyncProducer  - Disconnecting from antares-mainframe:9092
145868 [ConsumerFetcherThread-space.exploration.mars.rover.curiosity.1546713738151_antares-mainframe-1546713738558-6e5f73f0-0-0] INFO kafka.consumer.ConsumerFetcherThread  - [ConsumerFetcherThread-space.exploration.mars.rover.curiosity.1546713738151_antares-mainframe-1546713738558-6e5f73f0-0-0], Starting 
145885 [space.exploration.mars.rover.curiosity.1546713738151_antares-mainframe-1546713738558-6e5f73f0-leader-finder-thread] INFO kafka.consumer.ConsumerFetcherManager  - [ConsumerFetcherManager-1546713738627] Added fetcher for partitions ArrayBuffer([[curiosity_to_earth_6,0], initOffset -1 to broker BrokerEndPoint(0,antares-mainframe,9092)] )
146000 [Thread-0] INFO encryption.EncryptionUtil  - Number of processors = 32
268952 [Thread-0] INFO encryption.EncryptionUtil  - Number of processors = 32
278234 [Thread-0] INFO encryption.EncryptionUtil  - Number of processors = 32
317183 [Thread-0] INFO encryption.EncryptionUtil  - Number of processors = 32
362205 [Thread-0] INFO encryption.EncryptionUtil  - Number of processors = 32
376450 [Thread-0] INFO encryption.EncryptionUtil  - Number of processors = 32
415809 [Thread-0] INFO encryption.EncryptionUtil  - Number of processors = 32
457022 [Thread-0] INFO encryption.EncryptionUtil  - Number of processors = 32
504776 [Thread-0] INFO encryption.EncryptionUtil  - Number of processors = 32
546341 [Thread-0] INFO encryption.EncryptionUtil  - Number of processors = 32
585845 [Thread-0] INFO encryption.EncryptionUtil  - Number of processors = 32
587398 [Thread-0] INFO encryption.EncryptionUtil  - Number of processors = 32
601620 [Thread-0] INFO encryption.EncryptionUtil  - Number of processors = 32
641750 [Thread-0] INFO encryption.EncryptionUtil  - Number of processors = 32
646277 [Thread-0] INFO encryption.EncryptionUtil  - Number of processors = 32
660572 [Thread-0] INFO encryption.EncryptionUtil  - Number of processors = 32
700861 [Thread-0] INFO encryption.EncryptionUtil  - Number of processors = 32
715275 [Thread-0] INFO encryption.EncryptionUtil  - Number of processors = 32
757019 [Thread-0] INFO encryption.EncryptionUtil  - Number of processors = 32
810955 [Thread-0] INFO encryption.EncryptionUtil  - Number of processors = 32
1014559 [Thread-0] INFO encryption.EncryptionUtil  - Number of processors = 32
1054543 [Thread-0] INFO encryption.EncryptionUtil  - Number of processors = 32
1057481 [Thread-0] INFO encryption.EncryptionUtil  - Number of processors = 32
1097367 [Thread-0] INFO encryption.EncryptionUtil  - Number of processors = 32
1111002 [Thread-0] INFO encryption.EncryptionUtil  - Number of processors = 32
