0 [main] INFO kafka.utils.VerifiableProperties  - Verifying properties
40 [main] WARN kafka.utils.VerifiableProperties  - Property auto.offset.reset is not valid
41 [main] WARN kafka.utils.VerifiableProperties  - Property bootstrap.servers is not valid
41 [main] WARN kafka.utils.VerifiableProperties  - Property destination.topic is not valid
41 [main] WARN kafka.utils.VerifiableProperties  - Property group.id is not valid
41 [main] WARN kafka.utils.VerifiableProperties  - Property key.serializer is not valid
42 [main] INFO kafka.utils.VerifiableProperties  - Property metadata.broker.list is overridden to localhost:9092
42 [main] WARN kafka.utils.VerifiableProperties  - Property source.topic is not valid
42 [main] WARN kafka.utils.VerifiableProperties  - Property value.serializer is not valid
42 [main] WARN kafka.utils.VerifiableProperties  - Property zookeeper.connect is not valid
609 [main] INFO kafka.client.ClientUtils$  - Fetching metadata from broker BrokerEndPoint(0,localhost,9092) with correlation id 0 for 1 topic(s) Set(earth_to_curiosity_5)
783 [main] INFO kafka.producer.SyncProducer  - Connected to localhost:9092 for producing
813 [main] INFO kafka.producer.SyncProducer  - Disconnecting from localhost:9092
895 [main] INFO kafka.producer.SyncProducer  - Connected to zion-mainframe:9092 for producing
615963 [main] INFO kafka.client.ClientUtils$  - Fetching metadata from broker BrokerEndPoint(0,localhost,9092) with correlation id 21 for 1 topic(s) Set(earth_to_curiosity_5)
615964 [main] INFO kafka.producer.SyncProducer  - Connected to localhost:9092 for producing
615966 [main] INFO kafka.producer.SyncProducer  - Disconnecting from localhost:9092
615968 [main] INFO kafka.producer.SyncProducer  - Disconnecting from zion-mainframe:9092
615974 [main] INFO kafka.producer.SyncProducer  - Connected to zion-mainframe:9092 for producing
1231026 [main] INFO kafka.client.ClientUtils$  - Fetching metadata from broker BrokerEndPoint(0,localhost,9092) with correlation id 42 for 1 topic(s) Set(earth_to_curiosity_5)
1231027 [main] INFO kafka.producer.SyncProducer  - Connected to localhost:9092 for producing
1231028 [main] INFO kafka.producer.SyncProducer  - Disconnecting from localhost:9092
1231028 [main] INFO kafka.producer.SyncProducer  - Disconnecting from zion-mainframe:9092
1231030 [main] INFO kafka.producer.SyncProducer  - Connected to zion-mainframe:9092 for producing
1846058 [main] INFO kafka.client.ClientUtils$  - Fetching metadata from broker BrokerEndPoint(0,localhost,9092) with correlation id 63 for 1 topic(s) Set(earth_to_curiosity_5)
1846059 [main] INFO kafka.producer.SyncProducer  - Connected to localhost:9092 for producing
1846061 [main] INFO kafka.producer.SyncProducer  - Disconnecting from localhost:9092
1846061 [main] INFO kafka.producer.SyncProducer  - Disconnecting from zion-mainframe:9092
1846065 [main] INFO kafka.producer.SyncProducer  - Connected to zion-mainframe:9092 for producing
2461102 [main] INFO kafka.client.ClientUtils$  - Fetching metadata from broker BrokerEndPoint(0,localhost,9092) with correlation id 84 for 1 topic(s) Set(earth_to_curiosity_5)
2461104 [main] INFO kafka.producer.SyncProducer  - Connected to localhost:9092 for producing
2461106 [main] INFO kafka.producer.SyncProducer  - Disconnecting from localhost:9092
2461107 [main] INFO kafka.producer.SyncProducer  - Disconnecting from zion-mainframe:9092
2461111 [main] INFO kafka.producer.SyncProducer  - Connected to zion-mainframe:9092 for producing
3076133 [main] INFO kafka.client.ClientUtils$  - Fetching metadata from broker BrokerEndPoint(0,localhost,9092) with correlation id 105 for 1 topic(s) Set(earth_to_curiosity_5)
3076134 [main] INFO kafka.producer.SyncProducer  - Connected to localhost:9092 for producing
3076136 [main] INFO kafka.producer.SyncProducer  - Disconnecting from localhost:9092
3076137 [main] INFO kafka.producer.SyncProducer  - Disconnecting from zion-mainframe:9092
3076142 [main] INFO kafka.producer.SyncProducer  - Connected to zion-mainframe:9092 for producing
3691169 [main] INFO kafka.client.ClientUtils$  - Fetching metadata from broker BrokerEndPoint(0,localhost,9092) with correlation id 126 for 1 topic(s) Set(earth_to_curiosity_5)
3691170 [main] INFO kafka.producer.SyncProducer  - Connected to localhost:9092 for producing
3691170 [main] INFO kafka.producer.SyncProducer  - Disconnecting from localhost:9092
3691170 [main] INFO kafka.producer.SyncProducer  - Disconnecting from zion-mainframe:9092
3691172 [main] INFO kafka.producer.SyncProducer  - Connected to zion-mainframe:9092 for producing
4306185 [main] INFO kafka.client.ClientUtils$  - Fetching metadata from broker BrokerEndPoint(0,localhost,9092) with correlation id 147 for 1 topic(s) Set(earth_to_curiosity_5)
4306185 [main] INFO kafka.producer.SyncProducer  - Connected to localhost:9092 for producing
4306186 [main] INFO kafka.producer.SyncProducer  - Disconnecting from localhost:9092
4306186 [main] INFO kafka.producer.SyncProducer  - Disconnecting from zion-mainframe:9092
4306187 [main] INFO kafka.producer.SyncProducer  - Connected to zion-mainframe:9092 for producing
4921207 [main] INFO kafka.client.ClientUtils$  - Fetching metadata from broker BrokerEndPoint(0,localhost,9092) with correlation id 168 for 1 topic(s) Set(earth_to_curiosity_5)
4921208 [main] INFO kafka.producer.SyncProducer  - Connected to localhost:9092 for producing
4921210 [main] INFO kafka.producer.SyncProducer  - Disconnecting from localhost:9092
4921212 [main] INFO kafka.producer.SyncProducer  - Disconnecting from zion-mainframe:9092
4921214 [main] INFO kafka.producer.SyncProducer  - Connected to zion-mainframe:9092 for producing
5536231 [main] INFO kafka.client.ClientUtils$  - Fetching metadata from broker BrokerEndPoint(0,localhost,9092) with correlation id 189 for 1 topic(s) Set(earth_to_curiosity_5)
5536232 [main] INFO kafka.producer.SyncProducer  - Connected to localhost:9092 for producing
5536232 [main] INFO kafka.producer.SyncProducer  - Disconnecting from localhost:9092
5536232 [main] INFO kafka.producer.SyncProducer  - Disconnecting from zion-mainframe:9092
5536233 [main] INFO kafka.producer.SyncProducer  - Connected to zion-mainframe:9092 for producing
6151254 [main] INFO kafka.client.ClientUtils$  - Fetching metadata from broker BrokerEndPoint(0,localhost,9092) with correlation id 210 for 1 topic(s) Set(earth_to_curiosity_5)
6151254 [main] INFO kafka.producer.SyncProducer  - Connected to localhost:9092 for producing
6151255 [main] INFO kafka.producer.SyncProducer  - Disconnecting from localhost:9092
6151255 [main] INFO kafka.producer.SyncProducer  - Disconnecting from zion-mainframe:9092
6151256 [main] INFO kafka.producer.SyncProducer  - Connected to zion-mainframe:9092 for producing
6766274 [main] INFO kafka.client.ClientUtils$  - Fetching metadata from broker BrokerEndPoint(0,localhost,9092) with correlation id 231 for 1 topic(s) Set(earth_to_curiosity_5)
6766274 [main] INFO kafka.producer.SyncProducer  - Connected to localhost:9092 for producing
6766275 [main] INFO kafka.producer.SyncProducer  - Disconnecting from localhost:9092
6766276 [main] INFO kafka.producer.SyncProducer  - Disconnecting from zion-mainframe:9092
6766277 [main] INFO kafka.producer.SyncProducer  - Connected to zion-mainframe:9092 for producing
7381294 [main] INFO kafka.client.ClientUtils$  - Fetching metadata from broker BrokerEndPoint(0,localhost,9092) with correlation id 252 for 1 topic(s) Set(earth_to_curiosity_5)
7381294 [main] INFO kafka.producer.SyncProducer  - Connected to localhost:9092 for producing
7381295 [main] INFO kafka.producer.SyncProducer  - Disconnecting from localhost:9092
7381295 [main] INFO kafka.producer.SyncProducer  - Disconnecting from zion-mainframe:9092
7381296 [main] INFO kafka.producer.SyncProducer  - Connected to zion-mainframe:9092 for producing
7996306 [main] INFO kafka.client.ClientUtils$  - Fetching metadata from broker BrokerEndPoint(0,localhost,9092) with correlation id 273 for 1 topic(s) Set(earth_to_curiosity_5)
7996307 [main] INFO kafka.producer.SyncProducer  - Connected to localhost:9092 for producing
7996308 [main] INFO kafka.producer.SyncProducer  - Disconnecting from localhost:9092
7996309 [main] INFO kafka.producer.SyncProducer  - Disconnecting from zion-mainframe:9092
7996309 [main] INFO kafka.producer.SyncProducer  - Connected to zion-mainframe:9092 for producing
8611322 [main] INFO kafka.client.ClientUtils$  - Fetching metadata from broker BrokerEndPoint(0,localhost,9092) with correlation id 294 for 1 topic(s) Set(earth_to_curiosity_5)
8611322 [main] INFO kafka.producer.SyncProducer  - Connected to localhost:9092 for producing
8611323 [main] INFO kafka.producer.SyncProducer  - Disconnecting from localhost:9092
8611323 [main] INFO kafka.producer.SyncProducer  - Disconnecting from zion-mainframe:9092
8611325 [main] INFO kafka.producer.SyncProducer  - Connected to zion-mainframe:9092 for producing
9226339 [main] INFO kafka.client.ClientUtils$  - Fetching metadata from broker BrokerEndPoint(0,localhost,9092) with correlation id 315 for 1 topic(s) Set(earth_to_curiosity_5)
9226339 [main] INFO kafka.producer.SyncProducer  - Connected to localhost:9092 for producing
9226340 [main] INFO kafka.producer.SyncProducer  - Disconnecting from localhost:9092
9226340 [main] INFO kafka.producer.SyncProducer  - Disconnecting from zion-mainframe:9092
9226341 [main] INFO kafka.producer.SyncProducer  - Connected to zion-mainframe:9092 for producing
9841356 [main] INFO kafka.client.ClientUtils$  - Fetching metadata from broker BrokerEndPoint(0,localhost,9092) with correlation id 336 for 1 topic(s) Set(earth_to_curiosity_5)
9841356 [main] INFO kafka.producer.SyncProducer  - Connected to localhost:9092 for producing
9841357 [main] INFO kafka.producer.SyncProducer  - Disconnecting from localhost:9092
9841357 [main] INFO kafka.producer.SyncProducer  - Disconnecting from zion-mainframe:9092
9841358 [main] INFO kafka.producer.SyncProducer  - Connected to zion-mainframe:9092 for producing
10456372 [main] INFO kafka.client.ClientUtils$  - Fetching metadata from broker BrokerEndPoint(0,localhost,9092) with correlation id 357 for 1 topic(s) Set(earth_to_curiosity_5)
10456373 [main] INFO kafka.producer.SyncProducer  - Connected to localhost:9092 for producing
10456374 [main] INFO kafka.producer.SyncProducer  - Disconnecting from localhost:9092
10456374 [main] INFO kafka.producer.SyncProducer  - Disconnecting from zion-mainframe:9092
10456375 [main] INFO kafka.producer.SyncProducer  - Connected to zion-mainframe:9092 for producing
11071391 [main] INFO kafka.client.ClientUtils$  - Fetching metadata from broker BrokerEndPoint(0,localhost,9092) with correlation id 378 for 1 topic(s) Set(earth_to_curiosity_5)
11071392 [main] INFO kafka.producer.SyncProducer  - Connected to localhost:9092 for producing
11071393 [main] INFO kafka.producer.SyncProducer  - Disconnecting from localhost:9092
11071393 [main] INFO kafka.producer.SyncProducer  - Disconnecting from zion-mainframe:9092
11071395 [main] INFO kafka.producer.SyncProducer  - Connected to zion-mainframe:9092 for producing
11686408 [main] INFO kafka.client.ClientUtils$  - Fetching metadata from broker BrokerEndPoint(0,localhost,9092) with correlation id 399 for 1 topic(s) Set(earth_to_curiosity_5)
11686409 [main] INFO kafka.producer.SyncProducer  - Connected to localhost:9092 for producing
11686411 [main] INFO kafka.producer.SyncProducer  - Disconnecting from localhost:9092
11686411 [main] INFO kafka.producer.SyncProducer  - Disconnecting from zion-mainframe:9092
11686414 [main] INFO kafka.producer.SyncProducer  - Connected to zion-mainframe:9092 for producing
12301434 [main] INFO kafka.client.ClientUtils$  - Fetching metadata from broker BrokerEndPoint(0,localhost,9092) with correlation id 420 for 1 topic(s) Set(earth_to_curiosity_5)
12301435 [main] INFO kafka.producer.SyncProducer  - Connected to localhost:9092 for producing
12301437 [main] INFO kafka.producer.SyncProducer  - Disconnecting from localhost:9092
12301437 [main] INFO kafka.producer.SyncProducer  - Disconnecting from zion-mainframe:9092
12301440 [main] INFO kafka.producer.SyncProducer  - Connected to zion-mainframe:9092 for producing
12916457 [main] INFO kafka.client.ClientUtils$  - Fetching metadata from broker BrokerEndPoint(0,localhost,9092) with correlation id 441 for 1 topic(s) Set(earth_to_curiosity_5)
12916458 [main] INFO kafka.producer.SyncProducer  - Connected to localhost:9092 for producing
12916460 [main] INFO kafka.producer.SyncProducer  - Disconnecting from localhost:9092
12916460 [main] INFO kafka.producer.SyncProducer  - Disconnecting from zion-mainframe:9092
12916463 [main] INFO kafka.producer.SyncProducer  - Connected to zion-mainframe:9092 for producing
13531478 [main] INFO kafka.client.ClientUtils$  - Fetching metadata from broker BrokerEndPoint(0,localhost,9092) with correlation id 462 for 1 topic(s) Set(earth_to_curiosity_5)
13531480 [main] INFO kafka.producer.SyncProducer  - Connected to localhost:9092 for producing
13531481 [main] INFO kafka.producer.SyncProducer  - Disconnecting from localhost:9092
13531482 [main] INFO kafka.producer.SyncProducer  - Disconnecting from zion-mainframe:9092
13531484 [main] INFO kafka.producer.SyncProducer  - Connected to zion-mainframe:9092 for producing
14146496 [main] INFO kafka.client.ClientUtils$  - Fetching metadata from broker BrokerEndPoint(0,localhost,9092) with correlation id 483 for 1 topic(s) Set(earth_to_curiosity_5)
14146497 [main] INFO kafka.producer.SyncProducer  - Connected to localhost:9092 for producing
14146498 [main] INFO kafka.producer.SyncProducer  - Disconnecting from localhost:9092
14146498 [main] INFO kafka.producer.SyncProducer  - Disconnecting from zion-mainframe:9092
14146499 [main] INFO kafka.producer.SyncProducer  - Connected to zion-mainframe:9092 for producing
14761516 [main] INFO kafka.client.ClientUtils$  - Fetching metadata from broker BrokerEndPoint(0,localhost,9092) with correlation id 504 for 1 topic(s) Set(earth_to_curiosity_5)
14761516 [main] INFO kafka.producer.SyncProducer  - Connected to localhost:9092 for producing
14761518 [main] INFO kafka.producer.SyncProducer  - Disconnecting from localhost:9092
14761518 [main] INFO kafka.producer.SyncProducer  - Disconnecting from zion-mainframe:9092
14761519 [main] INFO kafka.producer.SyncProducer  - Connected to zion-mainframe:9092 for producing
15376533 [main] INFO kafka.client.ClientUtils$  - Fetching metadata from broker BrokerEndPoint(0,localhost,9092) with correlation id 525 for 1 topic(s) Set(earth_to_curiosity_5)
15376535 [main] INFO kafka.producer.SyncProducer  - Connected to localhost:9092 for producing
15376539 [main] INFO kafka.producer.SyncProducer  - Disconnecting from localhost:9092
15376540 [main] INFO kafka.producer.SyncProducer  - Disconnecting from zion-mainframe:9092
15376543 [main] INFO kafka.producer.SyncProducer  - Connected to zion-mainframe:9092 for producing
15991560 [main] INFO kafka.client.ClientUtils$  - Fetching metadata from broker BrokerEndPoint(0,localhost,9092) with correlation id 546 for 1 topic(s) Set(earth_to_curiosity_5)
15991561 [main] INFO kafka.producer.SyncProducer  - Connected to localhost:9092 for producing
15991562 [main] INFO kafka.producer.SyncProducer  - Disconnecting from localhost:9092
15991562 [main] INFO kafka.producer.SyncProducer  - Disconnecting from zion-mainframe:9092
15991563 [main] INFO kafka.producer.SyncProducer  - Connected to zion-mainframe:9092 for producing
16606576 [main] INFO kafka.client.ClientUtils$  - Fetching metadata from broker BrokerEndPoint(0,localhost,9092) with correlation id 567 for 1 topic(s) Set(earth_to_curiosity_5)
16606577 [main] INFO kafka.producer.SyncProducer  - Connected to localhost:9092 for producing
16606579 [main] INFO kafka.producer.SyncProducer  - Disconnecting from localhost:9092
16606579 [main] INFO kafka.producer.SyncProducer  - Disconnecting from zion-mainframe:9092
16606580 [main] INFO kafka.producer.SyncProducer  - Connected to zion-mainframe:9092 for producing
17221625 [main] INFO kafka.client.ClientUtils$  - Fetching metadata from broker BrokerEndPoint(0,localhost,9092) with correlation id 588 for 1 topic(s) Set(earth_to_curiosity_5)
17221626 [main] INFO kafka.producer.SyncProducer  - Connected to localhost:9092 for producing
17221628 [main] INFO kafka.producer.SyncProducer  - Disconnecting from localhost:9092
17221628 [main] INFO kafka.producer.SyncProducer  - Disconnecting from zion-mainframe:9092
17221630 [main] INFO kafka.producer.SyncProducer  - Connected to zion-mainframe:9092 for producing
17836644 [main] INFO kafka.client.ClientUtils$  - Fetching metadata from broker BrokerEndPoint(0,localhost,9092) with correlation id 609 for 1 topic(s) Set(earth_to_curiosity_5)
17836644 [main] INFO kafka.producer.SyncProducer  - Connected to localhost:9092 for producing
17836645 [main] INFO kafka.producer.SyncProducer  - Disconnecting from localhost:9092
17836645 [main] INFO kafka.producer.SyncProducer  - Disconnecting from zion-mainframe:9092
17836646 [main] INFO kafka.producer.SyncProducer  - Connected to zion-mainframe:9092 for producing
18451660 [main] INFO kafka.client.ClientUtils$  - Fetching metadata from broker BrokerEndPoint(0,localhost,9092) with correlation id 630 for 1 topic(s) Set(earth_to_curiosity_5)
18451661 [main] INFO kafka.producer.SyncProducer  - Connected to localhost:9092 for producing
18451663 [main] INFO kafka.producer.SyncProducer  - Disconnecting from localhost:9092
18451664 [main] INFO kafka.producer.SyncProducer  - Disconnecting from zion-mainframe:9092
18451669 [main] INFO kafka.producer.SyncProducer  - Connected to zion-mainframe:9092 for producing
19066682 [main] INFO kafka.client.ClientUtils$  - Fetching metadata from broker BrokerEndPoint(0,localhost,9092) with correlation id 651 for 1 topic(s) Set(earth_to_curiosity_5)
19066683 [main] INFO kafka.producer.SyncProducer  - Connected to localhost:9092 for producing
19066683 [main] INFO kafka.producer.SyncProducer  - Disconnecting from localhost:9092
19066684 [main] INFO kafka.producer.SyncProducer  - Disconnecting from zion-mainframe:9092
19066685 [main] INFO kafka.producer.SyncProducer  - Connected to zion-mainframe:9092 for producing
19681699 [main] INFO kafka.client.ClientUtils$  - Fetching metadata from broker BrokerEndPoint(0,localhost,9092) with correlation id 672 for 1 topic(s) Set(earth_to_curiosity_5)
19681703 [main] INFO kafka.producer.SyncProducer  - Connected to localhost:9092 for producing
19681714 [main] INFO kafka.producer.SyncProducer  - Disconnecting from localhost:9092
19681715 [main] INFO kafka.producer.SyncProducer  - Disconnecting from zion-mainframe:9092
19681716 [main] INFO kafka.producer.SyncProducer  - Connected to zion-mainframe:9092 for producing
20296729 [main] INFO kafka.client.ClientUtils$  - Fetching metadata from broker BrokerEndPoint(0,localhost,9092) with correlation id 693 for 1 topic(s) Set(earth_to_curiosity_5)
20296730 [main] INFO kafka.producer.SyncProducer  - Connected to localhost:9092 for producing
20296730 [main] INFO kafka.producer.SyncProducer  - Disconnecting from localhost:9092
20296731 [main] INFO kafka.producer.SyncProducer  - Disconnecting from zion-mainframe:9092
20296732 [main] INFO kafka.producer.SyncProducer  - Connected to zion-mainframe:9092 for producing
20911743 [main] INFO kafka.client.ClientUtils$  - Fetching metadata from broker BrokerEndPoint(0,localhost,9092) with correlation id 714 for 1 topic(s) Set(earth_to_curiosity_5)
20911744 [main] INFO kafka.producer.SyncProducer  - Connected to localhost:9092 for producing
20911745 [main] INFO kafka.producer.SyncProducer  - Disconnecting from localhost:9092
20911746 [main] INFO kafka.producer.SyncProducer  - Disconnecting from zion-mainframe:9092
20911748 [main] INFO kafka.producer.SyncProducer  - Connected to zion-mainframe:9092 for producing
21526764 [main] INFO kafka.client.ClientUtils$  - Fetching metadata from broker BrokerEndPoint(0,localhost,9092) with correlation id 735 for 1 topic(s) Set(earth_to_curiosity_5)
21526765 [main] INFO kafka.producer.SyncProducer  - Connected to localhost:9092 for producing
21526765 [main] INFO kafka.producer.SyncProducer  - Disconnecting from localhost:9092
21526766 [main] INFO kafka.producer.SyncProducer  - Disconnecting from zion-mainframe:9092
21526766 [main] INFO kafka.producer.SyncProducer  - Connected to zion-mainframe:9092 for producing
