0 [main] INFO kafka.utils.VerifiableProperties  - Verifying properties
25 [main] INFO kafka.utils.VerifiableProperties  - Property auto.offset.reset is overridden to largest
25 [main] WARN kafka.utils.VerifiableProperties  - Property bootstrap.servers is not valid
26 [main] WARN kafka.utils.VerifiableProperties  - Property destination.topic is not valid
26 [main] INFO kafka.utils.VerifiableProperties  - Property group.id is overridden to space.exploration.mars.rover.curiosity.1515479009722
26 [main] WARN kafka.utils.VerifiableProperties  - Property key.serializer is not valid
26 [main] WARN kafka.utils.VerifiableProperties  - Property metadata.broker.list is not valid
26 [main] WARN kafka.utils.VerifiableProperties  - Property source.topic is not valid
26 [main] WARN kafka.utils.VerifiableProperties  - Property value.serializer is not valid
26 [main] INFO kafka.utils.VerifiableProperties  - Property zookeeper.connect is overridden to localhost:2181
67 [main] INFO kafka.consumer.ZookeeperConsumerConnector  - [space.exploration.mars.rover.curiosity.1515479009722_zion-mainframe-1515479009956-2f1817aa], Connecting to zookeeper instance at localhost:2181
72 [ZkClient-EventThread-14-localhost:2181] INFO org.I0Itec.zkclient.ZkEventThread  - Starting ZkClient event thread.
75 [main] INFO org.apache.zookeeper.ZooKeeper  - Client environment:zookeeper.version=3.4.6-1569965, built on 02/20/2014 09:09 GMT
76 [main] INFO org.apache.zookeeper.ZooKeeper  - Client environment:host.name=zion-mainframe
76 [main] INFO org.apache.zookeeper.ZooKeeper  - Client environment:java.version=1.8.0_151
76 [main] INFO org.apache.zookeeper.ZooKeeper  - Client environment:java.vendor=Oracle Corporation
76 [main] INFO org.apache.zookeeper.ZooKeeper  - Client environment:java.home=/usr/lib/jvm/java-8-openjdk-amd64/jre
76 [main] INFO org.apache.zookeeper.ZooKeeper  - Client environment:java.class.path=target/mission.control-1.2-shaded.jar
76 [main] INFO org.apache.zookeeper.ZooKeeper  - Client environment:java.library.path=$LD_LIBRARY_PATH:"/home/sanket/Documents/workspace/SpiceUtilities/src/main/resources/JNISpice/lib/libJNISpice.so":/home/sanket/Documents/workspace/SpiceUtilities/src/main/resources/JNISpice/lib/libJNISpice.so:/usr/java/packages/lib/amd64:/usr/lib/x86_64-linux-gnu/jni:/lib/x86_64-linux-gnu:/usr/lib/x86_64-linux-gnu:/usr/lib/jni:/lib:/usr/lib
76 [main] INFO org.apache.zookeeper.ZooKeeper  - Client environment:java.io.tmpdir=/tmp
76 [main] INFO org.apache.zookeeper.ZooKeeper  - Client environment:java.compiler=<NA>
76 [main] INFO org.apache.zookeeper.ZooKeeper  - Client environment:os.name=Linux
76 [main] INFO org.apache.zookeeper.ZooKeeper  - Client environment:os.arch=amd64
76 [main] INFO org.apache.zookeeper.ZooKeeper  - Client environment:os.version=4.10.0-42-generic
76 [main] INFO org.apache.zookeeper.ZooKeeper  - Client environment:user.name=sanket
76 [main] INFO org.apache.zookeeper.ZooKeeper  - Client environment:user.home=/home/sanket
76 [main] INFO org.apache.zookeeper.ZooKeeper  - Client environment:user.dir=/home/sanket/Documents/workspace/Mission.Control
77 [main] INFO org.apache.zookeeper.ZooKeeper  - Initiating client connection, connectString=localhost:2181 sessionTimeout=6000 watcher=org.I0Itec.zkclient.ZkClient@2d127a61
87 [main] INFO org.I0Itec.zkclient.ZkClient  - Waiting for keeper state SyncConnected
89 [main-SendThread(localhost:2181)] INFO org.apache.zookeeper.ClientCnxn  - Opening socket connection to server localhost/127.0.0.1:2181. Will not attempt to authenticate using SASL (unknown error)
124 [main-SendThread(localhost:2181)] INFO org.apache.zookeeper.ClientCnxn  - Socket connection established to localhost/127.0.0.1:2181, initiating session
128 [main-SendThread(localhost:2181)] INFO org.apache.zookeeper.ClientCnxn  - Session establishment complete on server localhost/127.0.0.1:2181, sessionid = 0x160d47047e20010, negotiated timeout = 6000
129 [main-EventThread] INFO org.I0Itec.zkclient.ZkClient  - zookeeper state changed (SyncConnected)
136 [main] INFO kafka.consumer.ZookeeperConsumerConnector  - [space.exploration.mars.rover.curiosity.1515479009722_zion-mainframe-1515479009956-2f1817aa], starting auto committer every 60000 ms
156 [Thread-0] INFO kafka.consumer.ZookeeperConsumerConnector  - [space.exploration.mars.rover.curiosity.1515479009722_zion-mainframe-1515479009956-2f1817aa], begin registering consumer space.exploration.mars.rover.curiosity.1515479009722_zion-mainframe-1515479009956-2f1817aa in ZK
178 [Thread-0] INFO kafka.utils.ZKCheckedEphemeral  - Creating /consumers/space.exploration.mars.rover.curiosity.1515479009722/ids/space.exploration.mars.rover.curiosity.1515479009722_zion-mainframe-1515479009956-2f1817aa (is it secure? false)
185 [Thread-0] INFO kafka.utils.ZKCheckedEphemeral  - Result of znode creation is: OK
185 [Thread-0] INFO kafka.consumer.ZookeeperConsumerConnector  - [space.exploration.mars.rover.curiosity.1515479009722_zion-mainframe-1515479009956-2f1817aa], end registering consumer space.exploration.mars.rover.curiosity.1515479009722_zion-mainframe-1515479009956-2f1817aa in ZK
188 [space.exploration.mars.rover.curiosity.1515479009722_zion-mainframe-1515479009956-2f1817aa_watcher_executor] INFO kafka.consumer.ZookeeperConsumerConnector  - [space.exploration.mars.rover.curiosity.1515479009722_zion-mainframe-1515479009956-2f1817aa], starting watcher executor thread for consumer space.exploration.mars.rover.curiosity.1515479009722_zion-mainframe-1515479009956-2f1817aa
201 [Thread-0] INFO kafka.consumer.ZookeeperConsumerConnector  - [space.exploration.mars.rover.curiosity.1515479009722_zion-mainframe-1515479009956-2f1817aa], begin rebalancing consumer space.exploration.mars.rover.curiosity.1515479009722_zion-mainframe-1515479009956-2f1817aa try #0
287 [Thread-0] INFO kafka.consumer.ConsumerFetcherManager  - [ConsumerFetcherManager-1515479010024] Stopping leader finder thread
287 [Thread-0] INFO kafka.consumer.ConsumerFetcherManager  - [ConsumerFetcherManager-1515479010024] Stopping all fetchers
287 [Thread-0] INFO kafka.consumer.ConsumerFetcherManager  - [ConsumerFetcherManager-1515479010024] All connections stopped
288 [Thread-0] INFO kafka.consumer.ZookeeperConsumerConnector  - [space.exploration.mars.rover.curiosity.1515479009722_zion-mainframe-1515479009956-2f1817aa], Cleared all relevant queues for this fetcher
288 [Thread-0] INFO kafka.consumer.ZookeeperConsumerConnector  - [space.exploration.mars.rover.curiosity.1515479009722_zion-mainframe-1515479009956-2f1817aa], Cleared the data chunks in all the consumer message iterators
289 [Thread-0] INFO kafka.consumer.ZookeeperConsumerConnector  - [space.exploration.mars.rover.curiosity.1515479009722_zion-mainframe-1515479009956-2f1817aa], Committing all offsets after clearing the fetcher queues
289 [Thread-0] INFO kafka.consumer.ZookeeperConsumerConnector  - [space.exploration.mars.rover.curiosity.1515479009722_zion-mainframe-1515479009956-2f1817aa], Releasing partition ownership
311 [Thread-0] INFO kafka.consumer.RangeAssignor  - Consumer space.exploration.mars.rover.curiosity.1515479009722_zion-mainframe-1515479009956-2f1817aa rebalancing the following partitions: ArrayBuffer(0) for topic curiosity_to_earth_5 with consumers: List(space.exploration.mars.rover.curiosity.1515479009722_zion-mainframe-1515479009956-2f1817aa-0)
312 [Thread-0] INFO kafka.consumer.RangeAssignor  - space.exploration.mars.rover.curiosity.1515479009722_zion-mainframe-1515479009956-2f1817aa-0 attempting to claim partition 0
334 [Thread-0] INFO kafka.consumer.ZookeeperConsumerConnector  - [space.exploration.mars.rover.curiosity.1515479009722_zion-mainframe-1515479009956-2f1817aa], space.exploration.mars.rover.curiosity.1515479009722_zion-mainframe-1515479009956-2f1817aa-0 successfully owned partition 0 for topic curiosity_to_earth_5
346 [Thread-0] INFO kafka.consumer.ZookeeperConsumerConnector  - [space.exploration.mars.rover.curiosity.1515479009722_zion-mainframe-1515479009956-2f1817aa], Consumer space.exploration.mars.rover.curiosity.1515479009722_zion-mainframe-1515479009956-2f1817aa selected partitions : curiosity_to_earth_5:0: fetched offset = -1: consumed offset = -1
348 [space.exploration.mars.rover.curiosity.1515479009722_zion-mainframe-1515479009956-2f1817aa-leader-finder-thread] INFO kafka.consumer.ConsumerFetcherManager$LeaderFinderThread  - [space.exploration.mars.rover.curiosity.1515479009722_zion-mainframe-1515479009956-2f1817aa-leader-finder-thread], Starting 
350 [Thread-0] INFO kafka.consumer.ZookeeperConsumerConnector  - [space.exploration.mars.rover.curiosity.1515479009722_zion-mainframe-1515479009956-2f1817aa], end rebalancing consumer space.exploration.mars.rover.curiosity.1515479009722_zion-mainframe-1515479009956-2f1817aa try #0
361 [space.exploration.mars.rover.curiosity.1515479009722_zion-mainframe-1515479009956-2f1817aa-leader-finder-thread] INFO kafka.utils.VerifiableProperties  - Verifying properties
362 [space.exploration.mars.rover.curiosity.1515479009722_zion-mainframe-1515479009956-2f1817aa-leader-finder-thread] INFO kafka.utils.VerifiableProperties  - Property client.id is overridden to space.exploration.mars.rover.curiosity.1515479009722
362 [space.exploration.mars.rover.curiosity.1515479009722_zion-mainframe-1515479009956-2f1817aa-leader-finder-thread] INFO kafka.utils.VerifiableProperties  - Property metadata.broker.list is overridden to zion-mainframe:9092
362 [space.exploration.mars.rover.curiosity.1515479009722_zion-mainframe-1515479009956-2f1817aa-leader-finder-thread] INFO kafka.utils.VerifiableProperties  - Property request.timeout.ms is overridden to 30000
372 [space.exploration.mars.rover.curiosity.1515479009722_zion-mainframe-1515479009956-2f1817aa-leader-finder-thread] INFO kafka.client.ClientUtils$  - Fetching metadata from broker BrokerEndPoint(0,zion-mainframe,9092) with correlation id 0 for 1 topic(s) Set(curiosity_to_earth_5)
375 [space.exploration.mars.rover.curiosity.1515479009722_zion-mainframe-1515479009956-2f1817aa-leader-finder-thread] INFO kafka.producer.SyncProducer  - Connected to zion-mainframe:9092 for producing
384 [space.exploration.mars.rover.curiosity.1515479009722_zion-mainframe-1515479009956-2f1817aa-leader-finder-thread] INFO kafka.producer.SyncProducer  - Disconnecting from zion-mainframe:9092
400 [ConsumerFetcherThread-space.exploration.mars.rover.curiosity.1515479009722_zion-mainframe-1515479009956-2f1817aa-0-0] INFO kafka.consumer.ConsumerFetcherThread  - [ConsumerFetcherThread-space.exploration.mars.rover.curiosity.1515479009722_zion-mainframe-1515479009956-2f1817aa-0-0], Starting 
408 [space.exploration.mars.rover.curiosity.1515479009722_zion-mainframe-1515479009956-2f1817aa-leader-finder-thread] INFO kafka.consumer.ConsumerFetcherManager  - [ConsumerFetcherManager-1515479010024] Added fetcher for partitions ArrayBuffer([[curiosity_to_earth_5,0], initOffset -1 to broker BrokerEndPoint(0,zion-mainframe,9092)] )
26167 [Thread-0] INFO naasa.gov.mission.control.Receiver  - Message received from 
53280 [Thread-0] INFO naasa.gov.mission.control.Receiver  - Message received from 
106606 [Thread-0] INFO naasa.gov.mission.control.Receiver  - Message received from Spacecraft Clock
124986 [Thread-0] INFO naasa.gov.mission.control.Receiver  - Message received from 
166684 [Thread-0] INFO naasa.gov.mission.control.Receiver  - Message received from 
226691 [Thread-0] INFO naasa.gov.mission.control.Receiver  - Message received from 
286709 [Thread-0] INFO naasa.gov.mission.control.Receiver  - Message received from 
646679 [Thread-0] INFO naasa.gov.mission.control.Receiver  - Message received from 
860887 [Thread-0] INFO naasa.gov.mission.control.Receiver  - Message received from 
907943 [Thread-0] INFO naasa.gov.mission.control.Receiver  - Message received from 
967885 [Thread-0] INFO naasa.gov.mission.control.Receiver  - Message received from 
1148240 [Thread-0] INFO naasa.gov.mission.control.Receiver  - Message received from 
1195257 [Thread-0] INFO naasa.gov.mission.control.Receiver  - Message received from 
1255259 [Thread-0] INFO naasa.gov.mission.control.Receiver  - Message received from 
1287134 [Thread-0] INFO naasa.gov.mission.control.Receiver  - Message received from 
