0 [main] INFO kafka.utils.VerifiableProperties  - Verifying properties
18 [main] INFO kafka.utils.VerifiableProperties  - Property auto.offset.reset is overridden to largest
18 [main] WARN kafka.utils.VerifiableProperties  - Property bootstrap.servers is not valid
18 [main] WARN kafka.utils.VerifiableProperties  - Property destination.topic is not valid
18 [main] INFO kafka.utils.VerifiableProperties  - Property group.id is overridden to space.exploration.mars.rover.curiosity.1533872458652
18 [main] WARN kafka.utils.VerifiableProperties  - Property key.serializer is not valid
18 [main] WARN kafka.utils.VerifiableProperties  - Property metadata.broker.list is not valid
18 [main] WARN kafka.utils.VerifiableProperties  - Property source.topic is not valid
18 [main] WARN kafka.utils.VerifiableProperties  - Property value.serializer is not valid
19 [main] INFO kafka.utils.VerifiableProperties  - Property zookeeper.connect is overridden to localhost:2181
46 [main] INFO kafka.consumer.ZookeeperConsumerConnector  - [space.exploration.mars.rover.curiosity.1533872458652_zion-mainframe-1533872458813-28eafbf6], Connecting to zookeeper instance at localhost:2181
50 [ZkClient-EventThread-15-localhost:2181] INFO org.I0Itec.zkclient.ZkEventThread  - Starting ZkClient event thread.
52 [main] INFO org.apache.zookeeper.ZooKeeper  - Client environment:zookeeper.version=3.4.6-1569965, built on 02/20/2014 09:09 GMT
52 [main] INFO org.apache.zookeeper.ZooKeeper  - Client environment:host.name=zion-mainframe
52 [main] INFO org.apache.zookeeper.ZooKeeper  - Client environment:java.version=1.8.0_181
52 [main] INFO org.apache.zookeeper.ZooKeeper  - Client environment:java.vendor=Oracle Corporation
52 [main] INFO org.apache.zookeeper.ZooKeeper  - Client environment:java.home=/usr/lib/jvm/java-8-openjdk-amd64/jre
52 [main] INFO org.apache.zookeeper.ZooKeeper  - Client environment:java.class.path=target/mission.control-2.0-shaded.jar
52 [main] INFO org.apache.zookeeper.ZooKeeper  - Client environment:java.library.path=/usr/java/packages/lib/amd64:/usr/lib/x86_64-linux-gnu/jni:/lib/x86_64-linux-gnu:/usr/lib/x86_64-linux-gnu:/usr/lib/jni:/lib:/usr/lib
52 [main] INFO org.apache.zookeeper.ZooKeeper  - Client environment:java.io.tmpdir=/tmp
52 [main] INFO org.apache.zookeeper.ZooKeeper  - Client environment:java.compiler=<NA>
52 [main] INFO org.apache.zookeeper.ZooKeeper  - Client environment:os.name=Linux
52 [main] INFO org.apache.zookeeper.ZooKeeper  - Client environment:os.arch=amd64
52 [main] INFO org.apache.zookeeper.ZooKeeper  - Client environment:os.version=4.15.0-30-generic
52 [main] INFO org.apache.zookeeper.ZooKeeper  - Client environment:user.name=sanket
52 [main] INFO org.apache.zookeeper.ZooKeeper  - Client environment:user.home=/home/sanket
52 [main] INFO org.apache.zookeeper.ZooKeeper  - Client environment:user.dir=/home/sanket/Documents/workspace/Mission.Control
53 [main] INFO org.apache.zookeeper.ZooKeeper  - Initiating client connection, connectString=localhost:2181 sessionTimeout=6000 watcher=org.I0Itec.zkclient.ZkClient@17776a8
59 [main] INFO org.I0Itec.zkclient.ZkClient  - Waiting for keeper state SyncConnected
61 [main-SendThread(localhost:2181)] INFO org.apache.zookeeper.ClientCnxn  - Opening socket connection to server localhost/127.0.0.1:2181. Will not attempt to authenticate using SASL (unknown error)
91 [main-SendThread(localhost:2181)] INFO org.apache.zookeeper.ClientCnxn  - Socket connection established to localhost/127.0.0.1:2181, initiating session
95 [main-SendThread(localhost:2181)] INFO org.apache.zookeeper.ClientCnxn  - Session establishment complete on server localhost/127.0.0.1:2181, sessionid = 0x16521e5edae0001, negotiated timeout = 6000
95 [main-EventThread] INFO org.I0Itec.zkclient.ZkClient  - zookeeper state changed (SyncConnected)
101 [main] INFO kafka.consumer.ZookeeperConsumerConnector  - [space.exploration.mars.rover.curiosity.1533872458652_zion-mainframe-1533872458813-28eafbf6], starting auto committer every 60000 ms
116 [Thread-0] INFO kafka.consumer.ZookeeperConsumerConnector  - [space.exploration.mars.rover.curiosity.1533872458652_zion-mainframe-1533872458813-28eafbf6], begin registering consumer space.exploration.mars.rover.curiosity.1533872458652_zion-mainframe-1533872458813-28eafbf6 in ZK
131 [Thread-0] INFO kafka.utils.ZKCheckedEphemeral  - Creating /consumers/space.exploration.mars.rover.curiosity.1533872458652/ids/space.exploration.mars.rover.curiosity.1533872458652_zion-mainframe-1533872458813-28eafbf6 (is it secure? false)
139 [Thread-0] INFO kafka.utils.ZKCheckedEphemeral  - Result of znode creation is: OK
139 [Thread-0] INFO kafka.consumer.ZookeeperConsumerConnector  - [space.exploration.mars.rover.curiosity.1533872458652_zion-mainframe-1533872458813-28eafbf6], end registering consumer space.exploration.mars.rover.curiosity.1533872458652_zion-mainframe-1533872458813-28eafbf6 in ZK
142 [space.exploration.mars.rover.curiosity.1533872458652_zion-mainframe-1533872458813-28eafbf6_watcher_executor] INFO kafka.consumer.ZookeeperConsumerConnector  - [space.exploration.mars.rover.curiosity.1533872458652_zion-mainframe-1533872458813-28eafbf6], starting watcher executor thread for consumer space.exploration.mars.rover.curiosity.1533872458652_zion-mainframe-1533872458813-28eafbf6
152 [Thread-0] INFO kafka.consumer.ZookeeperConsumerConnector  - [space.exploration.mars.rover.curiosity.1533872458652_zion-mainframe-1533872458813-28eafbf6], begin rebalancing consumer space.exploration.mars.rover.curiosity.1533872458652_zion-mainframe-1533872458813-28eafbf6 try #0
207 [Thread-0] INFO kafka.consumer.ConsumerFetcherManager  - [ConsumerFetcherManager-1533872458867] Stopping leader finder thread
207 [Thread-0] INFO kafka.consumer.ConsumerFetcherManager  - [ConsumerFetcherManager-1533872458867] Stopping all fetchers
207 [Thread-0] INFO kafka.consumer.ConsumerFetcherManager  - [ConsumerFetcherManager-1533872458867] All connections stopped
208 [Thread-0] INFO kafka.consumer.ZookeeperConsumerConnector  - [space.exploration.mars.rover.curiosity.1533872458652_zion-mainframe-1533872458813-28eafbf6], Cleared all relevant queues for this fetcher
208 [Thread-0] INFO kafka.consumer.ZookeeperConsumerConnector  - [space.exploration.mars.rover.curiosity.1533872458652_zion-mainframe-1533872458813-28eafbf6], Cleared the data chunks in all the consumer message iterators
208 [Thread-0] INFO kafka.consumer.ZookeeperConsumerConnector  - [space.exploration.mars.rover.curiosity.1533872458652_zion-mainframe-1533872458813-28eafbf6], Committing all offsets after clearing the fetcher queues
209 [Thread-0] INFO kafka.consumer.ZookeeperConsumerConnector  - [space.exploration.mars.rover.curiosity.1533872458652_zion-mainframe-1533872458813-28eafbf6], Releasing partition ownership
223 [Thread-0] INFO kafka.consumer.RangeAssignor  - Consumer space.exploration.mars.rover.curiosity.1533872458652_zion-mainframe-1533872458813-28eafbf6 rebalancing the following partitions: ArrayBuffer() for topic curiosity_to_earth_5 with consumers: List(space.exploration.mars.rover.curiosity.1533872458652_zion-mainframe-1533872458813-28eafbf6-0)
224 [Thread-0] WARN kafka.consumer.RangeAssignor  - No broker partitions consumed by consumer thread space.exploration.mars.rover.curiosity.1533872458652_zion-mainframe-1533872458813-28eafbf6-0 for topic curiosity_to_earth_5
230 [Thread-0] INFO kafka.consumer.ZookeeperConsumerConnector  - [space.exploration.mars.rover.curiosity.1533872458652_zion-mainframe-1533872458813-28eafbf6], Consumer space.exploration.mars.rover.curiosity.1533872458652_zion-mainframe-1533872458813-28eafbf6 selected partitions : 
231 [space.exploration.mars.rover.curiosity.1533872458652_zion-mainframe-1533872458813-28eafbf6-leader-finder-thread] INFO kafka.consumer.ConsumerFetcherManager$LeaderFinderThread  - [space.exploration.mars.rover.curiosity.1533872458652_zion-mainframe-1533872458813-28eafbf6-leader-finder-thread], Starting 
231 [Thread-0] INFO kafka.consumer.ZookeeperConsumerConnector  - [space.exploration.mars.rover.curiosity.1533872458652_zion-mainframe-1533872458813-28eafbf6], end rebalancing consumer space.exploration.mars.rover.curiosity.1533872458652_zion-mainframe-1533872458813-28eafbf6 try #0
27745 [ZkClient-EventThread-15-localhost:2181] INFO kafka.consumer.ZookeeperConsumerConnector  - [space.exploration.mars.rover.curiosity.1533872458652_zion-mainframe-1533872458813-28eafbf6], Topic info for path /brokers/topics/curiosity_to_earth_5 changed to {"version":1,"partitions":{"0":[0]}}, triggering rebalance
27745 [space.exploration.mars.rover.curiosity.1533872458652_zion-mainframe-1533872458813-28eafbf6_watcher_executor] INFO kafka.consumer.ZookeeperConsumerConnector  - [space.exploration.mars.rover.curiosity.1533872458652_zion-mainframe-1533872458813-28eafbf6], begin rebalancing consumer space.exploration.mars.rover.curiosity.1533872458652_zion-mainframe-1533872458813-28eafbf6 try #0
27764 [space.exploration.mars.rover.curiosity.1533872458652_zion-mainframe-1533872458813-28eafbf6_watcher_executor] INFO kafka.consumer.ConsumerFetcherManager  - [ConsumerFetcherManager-1533872458867] Stopping leader finder thread
27764 [space.exploration.mars.rover.curiosity.1533872458652_zion-mainframe-1533872458813-28eafbf6_watcher_executor] INFO kafka.consumer.ConsumerFetcherManager$LeaderFinderThread  - [space.exploration.mars.rover.curiosity.1533872458652_zion-mainframe-1533872458813-28eafbf6-leader-finder-thread], Shutting down
27765 [space.exploration.mars.rover.curiosity.1533872458652_zion-mainframe-1533872458813-28eafbf6-leader-finder-thread] INFO kafka.consumer.ConsumerFetcherManager$LeaderFinderThread  - [space.exploration.mars.rover.curiosity.1533872458652_zion-mainframe-1533872458813-28eafbf6-leader-finder-thread], Stopped 
27765 [space.exploration.mars.rover.curiosity.1533872458652_zion-mainframe-1533872458813-28eafbf6_watcher_executor] INFO kafka.consumer.ConsumerFetcherManager$LeaderFinderThread  - [space.exploration.mars.rover.curiosity.1533872458652_zion-mainframe-1533872458813-28eafbf6-leader-finder-thread], Shutdown completed
27765 [space.exploration.mars.rover.curiosity.1533872458652_zion-mainframe-1533872458813-28eafbf6_watcher_executor] INFO kafka.consumer.ConsumerFetcherManager  - [ConsumerFetcherManager-1533872458867] Stopping all fetchers
27765 [space.exploration.mars.rover.curiosity.1533872458652_zion-mainframe-1533872458813-28eafbf6_watcher_executor] INFO kafka.consumer.ConsumerFetcherManager  - [ConsumerFetcherManager-1533872458867] All connections stopped
27765 [space.exploration.mars.rover.curiosity.1533872458652_zion-mainframe-1533872458813-28eafbf6_watcher_executor] INFO kafka.consumer.ZookeeperConsumerConnector  - [space.exploration.mars.rover.curiosity.1533872458652_zion-mainframe-1533872458813-28eafbf6], Cleared all relevant queues for this fetcher
27765 [space.exploration.mars.rover.curiosity.1533872458652_zion-mainframe-1533872458813-28eafbf6_watcher_executor] INFO kafka.consumer.ZookeeperConsumerConnector  - [space.exploration.mars.rover.curiosity.1533872458652_zion-mainframe-1533872458813-28eafbf6], Cleared the data chunks in all the consumer message iterators
27765 [space.exploration.mars.rover.curiosity.1533872458652_zion-mainframe-1533872458813-28eafbf6_watcher_executor] INFO kafka.consumer.ZookeeperConsumerConnector  - [space.exploration.mars.rover.curiosity.1533872458652_zion-mainframe-1533872458813-28eafbf6], Committing all offsets after clearing the fetcher queues
27765 [space.exploration.mars.rover.curiosity.1533872458652_zion-mainframe-1533872458813-28eafbf6_watcher_executor] INFO kafka.consumer.ZookeeperConsumerConnector  - [space.exploration.mars.rover.curiosity.1533872458652_zion-mainframe-1533872458813-28eafbf6], Releasing partition ownership
27776 [space.exploration.mars.rover.curiosity.1533872458652_zion-mainframe-1533872458813-28eafbf6_watcher_executor] INFO kafka.consumer.RangeAssignor  - Consumer space.exploration.mars.rover.curiosity.1533872458652_zion-mainframe-1533872458813-28eafbf6 rebalancing the following partitions: ArrayBuffer(0) for topic curiosity_to_earth_5 with consumers: List(space.exploration.mars.rover.curiosity.1533872458652_zion-mainframe-1533872458813-28eafbf6-0)
27777 [space.exploration.mars.rover.curiosity.1533872458652_zion-mainframe-1533872458813-28eafbf6_watcher_executor] INFO kafka.consumer.RangeAssignor  - space.exploration.mars.rover.curiosity.1533872458652_zion-mainframe-1533872458813-28eafbf6-0 attempting to claim partition 0
27796 [space.exploration.mars.rover.curiosity.1533872458652_zion-mainframe-1533872458813-28eafbf6_watcher_executor] INFO kafka.consumer.ZookeeperConsumerConnector  - [space.exploration.mars.rover.curiosity.1533872458652_zion-mainframe-1533872458813-28eafbf6], space.exploration.mars.rover.curiosity.1533872458652_zion-mainframe-1533872458813-28eafbf6-0 successfully owned partition 0 for topic curiosity_to_earth_5
27801 [space.exploration.mars.rover.curiosity.1533872458652_zion-mainframe-1533872458813-28eafbf6_watcher_executor] INFO kafka.consumer.ZookeeperConsumerConnector  - [space.exploration.mars.rover.curiosity.1533872458652_zion-mainframe-1533872458813-28eafbf6], Consumer space.exploration.mars.rover.curiosity.1533872458652_zion-mainframe-1533872458813-28eafbf6 selected partitions : curiosity_to_earth_5:0: fetched offset = -1: consumed offset = -1
27801 [space.exploration.mars.rover.curiosity.1533872458652_zion-mainframe-1533872458813-28eafbf6_watcher_executor] INFO kafka.consumer.ZookeeperConsumerConnector  - [space.exploration.mars.rover.curiosity.1533872458652_zion-mainframe-1533872458813-28eafbf6], end rebalancing consumer space.exploration.mars.rover.curiosity.1533872458652_zion-mainframe-1533872458813-28eafbf6 try #0
27801 [space.exploration.mars.rover.curiosity.1533872458652_zion-mainframe-1533872458813-28eafbf6-leader-finder-thread] INFO kafka.consumer.ConsumerFetcherManager$LeaderFinderThread  - [space.exploration.mars.rover.curiosity.1533872458652_zion-mainframe-1533872458813-28eafbf6-leader-finder-thread], Starting 
27808 [space.exploration.mars.rover.curiosity.1533872458652_zion-mainframe-1533872458813-28eafbf6-leader-finder-thread] INFO kafka.utils.VerifiableProperties  - Verifying properties
27809 [space.exploration.mars.rover.curiosity.1533872458652_zion-mainframe-1533872458813-28eafbf6-leader-finder-thread] INFO kafka.utils.VerifiableProperties  - Property client.id is overridden to space.exploration.mars.rover.curiosity.1533872458652
27809 [space.exploration.mars.rover.curiosity.1533872458652_zion-mainframe-1533872458813-28eafbf6-leader-finder-thread] INFO kafka.utils.VerifiableProperties  - Property metadata.broker.list is overridden to zion-mainframe:9092
27809 [space.exploration.mars.rover.curiosity.1533872458652_zion-mainframe-1533872458813-28eafbf6-leader-finder-thread] INFO kafka.utils.VerifiableProperties  - Property request.timeout.ms is overridden to 30000
27816 [space.exploration.mars.rover.curiosity.1533872458652_zion-mainframe-1533872458813-28eafbf6-leader-finder-thread] INFO kafka.client.ClientUtils$  - Fetching metadata from broker BrokerEndPoint(0,zion-mainframe,9092) with correlation id 0 for 1 topic(s) Set(curiosity_to_earth_5)
27819 [space.exploration.mars.rover.curiosity.1533872458652_zion-mainframe-1533872458813-28eafbf6-leader-finder-thread] INFO kafka.producer.SyncProducer  - Connected to zion-mainframe:9092 for producing
27825 [space.exploration.mars.rover.curiosity.1533872458652_zion-mainframe-1533872458813-28eafbf6-leader-finder-thread] INFO kafka.producer.SyncProducer  - Disconnecting from zion-mainframe:9092
27842 [ConsumerFetcherThread-space.exploration.mars.rover.curiosity.1533872458652_zion-mainframe-1533872458813-28eafbf6-0-0] INFO kafka.consumer.ConsumerFetcherThread  - [ConsumerFetcherThread-space.exploration.mars.rover.curiosity.1533872458652_zion-mainframe-1533872458813-28eafbf6-0-0], Starting 
27849 [space.exploration.mars.rover.curiosity.1533872458652_zion-mainframe-1533872458813-28eafbf6-leader-finder-thread] INFO kafka.consumer.ConsumerFetcherManager  - [ConsumerFetcherManager-1533872458867] Added fetcher for partitions ArrayBuffer([[curiosity_to_earth_5,0], initOffset -1 to broker BrokerEndPoint(0,zion-mainframe,9092)] )
10142086 [ConsumerFetcherThread-space.exploration.mars.rover.curiosity.1533872458652_zion-mainframe-1533872458813-28eafbf6-0-0] INFO kafka.consumer.SimpleConsumer  - Reconnect due to error:
java.io.EOFException
	at org.apache.kafka.common.network.NetworkReceive.readFromReadableChannel(NetworkReceive.java:83)
	at kafka.network.BlockingChannel.readCompletely(BlockingChannel.scala:129)
	at kafka.network.BlockingChannel.receive(BlockingChannel.scala:120)
	at kafka.consumer.SimpleConsumer.liftedTree1$1(SimpleConsumer.scala:86)
	at kafka.consumer.SimpleConsumer.kafka$consumer$SimpleConsumer$$sendRequest(SimpleConsumer.scala:83)
	at kafka.consumer.SimpleConsumer$$anonfun$fetch$1$$anonfun$apply$mcV$sp$1.apply$mcV$sp(SimpleConsumer.scala:132)
	at kafka.consumer.SimpleConsumer$$anonfun$fetch$1$$anonfun$apply$mcV$sp$1.apply(SimpleConsumer.scala:132)
	at kafka.consumer.SimpleConsumer$$anonfun$fetch$1$$anonfun$apply$mcV$sp$1.apply(SimpleConsumer.scala:132)
	at kafka.metrics.KafkaTimer.time(KafkaTimer.scala:33)
	at kafka.consumer.SimpleConsumer$$anonfun$fetch$1.apply$mcV$sp(SimpleConsumer.scala:131)
	at kafka.consumer.SimpleConsumer$$anonfun$fetch$1.apply(SimpleConsumer.scala:131)
	at kafka.consumer.SimpleConsumer$$anonfun$fetch$1.apply(SimpleConsumer.scala:131)
	at kafka.metrics.KafkaTimer.time(KafkaTimer.scala:33)
	at kafka.consumer.SimpleConsumer.fetch(SimpleConsumer.scala:130)
	at kafka.consumer.ConsumerFetcherThread.fetch(ConsumerFetcherThread.scala:108)
	at kafka.consumer.ConsumerFetcherThread.fetch(ConsumerFetcherThread.scala:29)
	at kafka.server.AbstractFetcherThread.processFetchRequest(AbstractFetcherThread.scala:102)
	at kafka.server.AbstractFetcherThread.doWork(AbstractFetcherThread.scala:93)
	at kafka.utils.ShutdownableThread.run(ShutdownableThread.scala:63)
11068190 [ConsumerFetcherThread-space.exploration.mars.rover.curiosity.1533872458652_zion-mainframe-1533872458813-28eafbf6-0-0] INFO kafka.consumer.SimpleConsumer  - Reconnect due to error:
java.io.EOFException
	at org.apache.kafka.common.network.NetworkReceive.readFromReadableChannel(NetworkReceive.java:83)
	at kafka.network.BlockingChannel.readCompletely(BlockingChannel.scala:129)
	at kafka.network.BlockingChannel.receive(BlockingChannel.scala:120)
	at kafka.consumer.SimpleConsumer.liftedTree1$1(SimpleConsumer.scala:86)
	at kafka.consumer.SimpleConsumer.kafka$consumer$SimpleConsumer$$sendRequest(SimpleConsumer.scala:83)
	at kafka.consumer.SimpleConsumer$$anonfun$fetch$1$$anonfun$apply$mcV$sp$1.apply$mcV$sp(SimpleConsumer.scala:132)
	at kafka.consumer.SimpleConsumer$$anonfun$fetch$1$$anonfun$apply$mcV$sp$1.apply(SimpleConsumer.scala:132)
	at kafka.consumer.SimpleConsumer$$anonfun$fetch$1$$anonfun$apply$mcV$sp$1.apply(SimpleConsumer.scala:132)
	at kafka.metrics.KafkaTimer.time(KafkaTimer.scala:33)
	at kafka.consumer.SimpleConsumer$$anonfun$fetch$1.apply$mcV$sp(SimpleConsumer.scala:131)
	at kafka.consumer.SimpleConsumer$$anonfun$fetch$1.apply(SimpleConsumer.scala:131)
	at kafka.consumer.SimpleConsumer$$anonfun$fetch$1.apply(SimpleConsumer.scala:131)
	at kafka.metrics.KafkaTimer.time(KafkaTimer.scala:33)
	at kafka.consumer.SimpleConsumer.fetch(SimpleConsumer.scala:130)
	at kafka.consumer.ConsumerFetcherThread.fetch(ConsumerFetcherThread.scala:108)
	at kafka.consumer.ConsumerFetcherThread.fetch(ConsumerFetcherThread.scala:29)
	at kafka.server.AbstractFetcherThread.processFetchRequest(AbstractFetcherThread.scala:102)
	at kafka.server.AbstractFetcherThread.doWork(AbstractFetcherThread.scala:93)
	at kafka.utils.ShutdownableThread.run(ShutdownableThread.scala:63)
11749356 [ConsumerFetcherThread-space.exploration.mars.rover.curiosity.1533872458652_zion-mainframe-1533872458813-28eafbf6-0-0] INFO kafka.consumer.SimpleConsumer  - Reconnect due to error:
java.io.EOFException
	at org.apache.kafka.common.network.NetworkReceive.readFromReadableChannel(NetworkReceive.java:83)
	at kafka.network.BlockingChannel.readCompletely(BlockingChannel.scala:129)
	at kafka.network.BlockingChannel.receive(BlockingChannel.scala:120)
	at kafka.consumer.SimpleConsumer.liftedTree1$1(SimpleConsumer.scala:86)
	at kafka.consumer.SimpleConsumer.kafka$consumer$SimpleConsumer$$sendRequest(SimpleConsumer.scala:83)
	at kafka.consumer.SimpleConsumer$$anonfun$fetch$1$$anonfun$apply$mcV$sp$1.apply$mcV$sp(SimpleConsumer.scala:132)
	at kafka.consumer.SimpleConsumer$$anonfun$fetch$1$$anonfun$apply$mcV$sp$1.apply(SimpleConsumer.scala:132)
	at kafka.consumer.SimpleConsumer$$anonfun$fetch$1$$anonfun$apply$mcV$sp$1.apply(SimpleConsumer.scala:132)
	at kafka.metrics.KafkaTimer.time(KafkaTimer.scala:33)
	at kafka.consumer.SimpleConsumer$$anonfun$fetch$1.apply$mcV$sp(SimpleConsumer.scala:131)
	at kafka.consumer.SimpleConsumer$$anonfun$fetch$1.apply(SimpleConsumer.scala:131)
	at kafka.consumer.SimpleConsumer$$anonfun$fetch$1.apply(SimpleConsumer.scala:131)
	at kafka.metrics.KafkaTimer.time(KafkaTimer.scala:33)
	at kafka.consumer.SimpleConsumer.fetch(SimpleConsumer.scala:130)
	at kafka.consumer.ConsumerFetcherThread.fetch(ConsumerFetcherThread.scala:108)
	at kafka.consumer.ConsumerFetcherThread.fetch(ConsumerFetcherThread.scala:29)
	at kafka.server.AbstractFetcherThread.processFetchRequest(AbstractFetcherThread.scala:102)
	at kafka.server.AbstractFetcherThread.doWork(AbstractFetcherThread.scala:93)
	at kafka.utils.ShutdownableThread.run(ShutdownableThread.scala:63)
13388374 [ConsumerFetcherThread-space.exploration.mars.rover.curiosity.1533872458652_zion-mainframe-1533872458813-28eafbf6-0-0] INFO kafka.consumer.SimpleConsumer  - Reconnect due to error:
java.io.EOFException
	at org.apache.kafka.common.network.NetworkReceive.readFromReadableChannel(NetworkReceive.java:83)
	at kafka.network.BlockingChannel.readCompletely(BlockingChannel.scala:129)
	at kafka.network.BlockingChannel.receive(BlockingChannel.scala:120)
	at kafka.consumer.SimpleConsumer.liftedTree1$1(SimpleConsumer.scala:86)
	at kafka.consumer.SimpleConsumer.kafka$consumer$SimpleConsumer$$sendRequest(SimpleConsumer.scala:83)
	at kafka.consumer.SimpleConsumer$$anonfun$fetch$1$$anonfun$apply$mcV$sp$1.apply$mcV$sp(SimpleConsumer.scala:132)
	at kafka.consumer.SimpleConsumer$$anonfun$fetch$1$$anonfun$apply$mcV$sp$1.apply(SimpleConsumer.scala:132)
	at kafka.consumer.SimpleConsumer$$anonfun$fetch$1$$anonfun$apply$mcV$sp$1.apply(SimpleConsumer.scala:132)
	at kafka.metrics.KafkaTimer.time(KafkaTimer.scala:33)
	at kafka.consumer.SimpleConsumer$$anonfun$fetch$1.apply$mcV$sp(SimpleConsumer.scala:131)
	at kafka.consumer.SimpleConsumer$$anonfun$fetch$1.apply(SimpleConsumer.scala:131)
	at kafka.consumer.SimpleConsumer$$anonfun$fetch$1.apply(SimpleConsumer.scala:131)
	at kafka.metrics.KafkaTimer.time(KafkaTimer.scala:33)
	at kafka.consumer.SimpleConsumer.fetch(SimpleConsumer.scala:130)
	at kafka.consumer.ConsumerFetcherThread.fetch(ConsumerFetcherThread.scala:108)
	at kafka.consumer.ConsumerFetcherThread.fetch(ConsumerFetcherThread.scala:29)
	at kafka.server.AbstractFetcherThread.processFetchRequest(AbstractFetcherThread.scala:102)
	at kafka.server.AbstractFetcherThread.doWork(AbstractFetcherThread.scala:93)
	at kafka.utils.ShutdownableThread.run(ShutdownableThread.scala:63)
15152128 [ConsumerFetcherThread-space.exploration.mars.rover.curiosity.1533872458652_zion-mainframe-1533872458813-28eafbf6-0-0] INFO kafka.consumer.SimpleConsumer  - Reconnect due to error:
java.io.EOFException
	at org.apache.kafka.common.network.NetworkReceive.readFromReadableChannel(NetworkReceive.java:83)
	at kafka.network.BlockingChannel.readCompletely(BlockingChannel.scala:129)
	at kafka.network.BlockingChannel.receive(BlockingChannel.scala:120)
	at kafka.consumer.SimpleConsumer.liftedTree1$1(SimpleConsumer.scala:86)
	at kafka.consumer.SimpleConsumer.kafka$consumer$SimpleConsumer$$sendRequest(SimpleConsumer.scala:83)
	at kafka.consumer.SimpleConsumer$$anonfun$fetch$1$$anonfun$apply$mcV$sp$1.apply$mcV$sp(SimpleConsumer.scala:132)
	at kafka.consumer.SimpleConsumer$$anonfun$fetch$1$$anonfun$apply$mcV$sp$1.apply(SimpleConsumer.scala:132)
	at kafka.consumer.SimpleConsumer$$anonfun$fetch$1$$anonfun$apply$mcV$sp$1.apply(SimpleConsumer.scala:132)
	at kafka.metrics.KafkaTimer.time(KafkaTimer.scala:33)
	at kafka.consumer.SimpleConsumer$$anonfun$fetch$1.apply$mcV$sp(SimpleConsumer.scala:131)
	at kafka.consumer.SimpleConsumer$$anonfun$fetch$1.apply(SimpleConsumer.scala:131)
	at kafka.consumer.SimpleConsumer$$anonfun$fetch$1.apply(SimpleConsumer.scala:131)
	at kafka.metrics.KafkaTimer.time(KafkaTimer.scala:33)
	at kafka.consumer.SimpleConsumer.fetch(SimpleConsumer.scala:130)
	at kafka.consumer.ConsumerFetcherThread.fetch(ConsumerFetcherThread.scala:108)
	at kafka.consumer.ConsumerFetcherThread.fetch(ConsumerFetcherThread.scala:29)
	at kafka.server.AbstractFetcherThread.processFetchRequest(AbstractFetcherThread.scala:102)
	at kafka.server.AbstractFetcherThread.doWork(AbstractFetcherThread.scala:93)
	at kafka.utils.ShutdownableThread.run(ShutdownableThread.scala:63)
