0 [main] INFO kafka.utils.VerifiableProperties  - Verifying properties
20 [main] INFO kafka.utils.VerifiableProperties  - Property auto.offset.reset is overridden to largest
21 [main] WARN kafka.utils.VerifiableProperties  - Property bootstrap.servers is not valid
21 [main] WARN kafka.utils.VerifiableProperties  - Property destination.topic is not valid
21 [main] INFO kafka.utils.VerifiableProperties  - Property group.id is overridden to space.exploration.mars.rover.curiosity.1543017889666
21 [main] WARN kafka.utils.VerifiableProperties  - Property key.serializer is not valid
21 [main] WARN kafka.utils.VerifiableProperties  - Property metadata.broker.list is not valid
21 [main] WARN kafka.utils.VerifiableProperties  - Property source.topic is not valid
21 [main] WARN kafka.utils.VerifiableProperties  - Property value.serializer is not valid
21 [main] INFO kafka.utils.VerifiableProperties  - Property zookeeper.connect is overridden to antares-mainframe:2181
55 [main] INFO kafka.consumer.ZookeeperConsumerConnector  - [space.exploration.mars.rover.curiosity.1543017889666_antares-mainframe-1543017889925-ef4e7a3b], Connecting to zookeeper instance at antares-mainframe:2181
59 [ZkClient-EventThread-28-antares-mainframe:2181] INFO org.I0Itec.zkclient.ZkEventThread  - Starting ZkClient event thread.
62 [main] INFO org.apache.zookeeper.ZooKeeper  - Client environment:zookeeper.version=3.4.6-1569965, built on 02/20/2014 09:09 GMT
63 [main] INFO org.apache.zookeeper.ZooKeeper  - Client environment:host.name=antares-mainframe
63 [main] INFO org.apache.zookeeper.ZooKeeper  - Client environment:java.version=10.0.2
63 [main] INFO org.apache.zookeeper.ZooKeeper  - Client environment:java.vendor=Oracle Corporation
63 [main] INFO org.apache.zookeeper.ZooKeeper  - Client environment:java.home=/usr/lib/jvm/java-11-openjdk-amd64
63 [main] INFO org.apache.zookeeper.ZooKeeper  - Client environment:java.class.path=target/mission.control-2.0-shaded.jar
63 [main] INFO org.apache.zookeeper.ZooKeeper  - Client environment:java.library.path=/usr/java/packages/lib:/usr/lib/x86_64-linux-gnu/jni:/lib/x86_64-linux-gnu:/usr/lib/x86_64-linux-gnu:/usr/lib/jni:/lib:/usr/lib
63 [main] INFO org.apache.zookeeper.ZooKeeper  - Client environment:java.io.tmpdir=/tmp
63 [main] INFO org.apache.zookeeper.ZooKeeper  - Client environment:java.compiler=<NA>
63 [main] INFO org.apache.zookeeper.ZooKeeper  - Client environment:os.name=Linux
63 [main] INFO org.apache.zookeeper.ZooKeeper  - Client environment:os.arch=amd64
63 [main] INFO org.apache.zookeeper.ZooKeeper  - Client environment:os.version=4.15.0-39-generic
63 [main] INFO org.apache.zookeeper.ZooKeeper  - Client environment:user.name=sanket
63 [main] INFO org.apache.zookeeper.ZooKeeper  - Client environment:user.home=/home/sanket
63 [main] INFO org.apache.zookeeper.ZooKeeper  - Client environment:user.dir=/home/sanket/Documents/workspace/Mission.Control
63 [main] INFO org.apache.zookeeper.ZooKeeper  - Initiating client connection, connectString=antares-mainframe:2181 sessionTimeout=6000 watcher=org.I0Itec.zkclient.ZkClient@4bbf6d0e
71 [main] INFO org.I0Itec.zkclient.ZkClient  - Waiting for keeper state SyncConnected
75 [main-SendThread(antares-mainframe:2181)] INFO org.apache.zookeeper.ClientCnxn  - Opening socket connection to server antares-mainframe/127.0.1.1:2181. Will not attempt to authenticate using SASL (unknown error)
78 [main-SendThread(antares-mainframe:2181)] INFO org.apache.zookeeper.ClientCnxn  - Socket connection established to antares-mainframe/127.0.1.1:2181, initiating session
98 [main-SendThread(antares-mainframe:2181)] INFO org.apache.zookeeper.ClientCnxn  - Session establishment complete on server antares-mainframe/127.0.1.1:2181, sessionid = 0x1673ead6ac60003, negotiated timeout = 6000
99 [main-EventThread] INFO org.I0Itec.zkclient.ZkClient  - zookeeper state changed (SyncConnected)
108 [main] INFO kafka.consumer.ZookeeperConsumerConnector  - [space.exploration.mars.rover.curiosity.1543017889666_antares-mainframe-1543017889925-ef4e7a3b], starting auto committer every 60000 ms
133 [Thread-0] INFO kafka.consumer.ZookeeperConsumerConnector  - [space.exploration.mars.rover.curiosity.1543017889666_antares-mainframe-1543017889925-ef4e7a3b], begin registering consumer space.exploration.mars.rover.curiosity.1543017889666_antares-mainframe-1543017889925-ef4e7a3b in ZK
147 [Thread-0] INFO kafka.utils.ZKCheckedEphemeral  - Creating /consumers/space.exploration.mars.rover.curiosity.1543017889666/ids/space.exploration.mars.rover.curiosity.1543017889666_antares-mainframe-1543017889925-ef4e7a3b (is it secure? false)
157 [Thread-0] INFO kafka.utils.ZKCheckedEphemeral  - Result of znode creation is: OK
157 [Thread-0] INFO kafka.consumer.ZookeeperConsumerConnector  - [space.exploration.mars.rover.curiosity.1543017889666_antares-mainframe-1543017889925-ef4e7a3b], end registering consumer space.exploration.mars.rover.curiosity.1543017889666_antares-mainframe-1543017889925-ef4e7a3b in ZK
161 [space.exploration.mars.rover.curiosity.1543017889666_antares-mainframe-1543017889925-ef4e7a3b_watcher_executor] INFO kafka.consumer.ZookeeperConsumerConnector  - [space.exploration.mars.rover.curiosity.1543017889666_antares-mainframe-1543017889925-ef4e7a3b], starting watcher executor thread for consumer space.exploration.mars.rover.curiosity.1543017889666_antares-mainframe-1543017889925-ef4e7a3b
174 [Thread-0] INFO kafka.consumer.ZookeeperConsumerConnector  - [space.exploration.mars.rover.curiosity.1543017889666_antares-mainframe-1543017889925-ef4e7a3b], begin rebalancing consumer space.exploration.mars.rover.curiosity.1543017889666_antares-mainframe-1543017889925-ef4e7a3b try #0
242 [Thread-0] INFO kafka.consumer.ConsumerFetcherManager  - [ConsumerFetcherManager-1543017889976] Stopping leader finder thread
242 [Thread-0] INFO kafka.consumer.ConsumerFetcherManager  - [ConsumerFetcherManager-1543017889976] Stopping all fetchers
243 [Thread-0] INFO kafka.consumer.ConsumerFetcherManager  - [ConsumerFetcherManager-1543017889976] All connections stopped
243 [Thread-0] INFO kafka.consumer.ZookeeperConsumerConnector  - [space.exploration.mars.rover.curiosity.1543017889666_antares-mainframe-1543017889925-ef4e7a3b], Cleared all relevant queues for this fetcher
243 [Thread-0] INFO kafka.consumer.ZookeeperConsumerConnector  - [space.exploration.mars.rover.curiosity.1543017889666_antares-mainframe-1543017889925-ef4e7a3b], Cleared the data chunks in all the consumer message iterators
243 [Thread-0] INFO kafka.consumer.ZookeeperConsumerConnector  - [space.exploration.mars.rover.curiosity.1543017889666_antares-mainframe-1543017889925-ef4e7a3b], Committing all offsets after clearing the fetcher queues
244 [Thread-0] INFO kafka.consumer.ZookeeperConsumerConnector  - [space.exploration.mars.rover.curiosity.1543017889666_antares-mainframe-1543017889925-ef4e7a3b], Releasing partition ownership
258 [Thread-0] INFO kafka.consumer.RangeAssignor  - Consumer space.exploration.mars.rover.curiosity.1543017889666_antares-mainframe-1543017889925-ef4e7a3b rebalancing the following partitions: ArrayBuffer() for topic curiosity_to_earth_6 with consumers: List(space.exploration.mars.rover.curiosity.1543017889666_antares-mainframe-1543017889925-ef4e7a3b-0)
259 [Thread-0] WARN kafka.consumer.RangeAssignor  - No broker partitions consumed by consumer thread space.exploration.mars.rover.curiosity.1543017889666_antares-mainframe-1543017889925-ef4e7a3b-0 for topic curiosity_to_earth_6
265 [Thread-0] INFO kafka.consumer.ZookeeperConsumerConnector  - [space.exploration.mars.rover.curiosity.1543017889666_antares-mainframe-1543017889925-ef4e7a3b], Consumer space.exploration.mars.rover.curiosity.1543017889666_antares-mainframe-1543017889925-ef4e7a3b selected partitions : 
267 [space.exploration.mars.rover.curiosity.1543017889666_antares-mainframe-1543017889925-ef4e7a3b-leader-finder-thread] INFO kafka.consumer.ConsumerFetcherManager$LeaderFinderThread  - [space.exploration.mars.rover.curiosity.1543017889666_antares-mainframe-1543017889925-ef4e7a3b-leader-finder-thread], Starting 
267 [Thread-0] INFO kafka.consumer.ZookeeperConsumerConnector  - [space.exploration.mars.rover.curiosity.1543017889666_antares-mainframe-1543017889925-ef4e7a3b], end rebalancing consumer space.exploration.mars.rover.curiosity.1543017889666_antares-mainframe-1543017889925-ef4e7a3b try #0
42767 [ZkClient-EventThread-28-antares-mainframe:2181] INFO kafka.consumer.ZookeeperConsumerConnector  - [space.exploration.mars.rover.curiosity.1543017889666_antares-mainframe-1543017889925-ef4e7a3b], Topic info for path /brokers/topics/curiosity_to_earth_6 changed to {"version":1,"partitions":{"0":[0]}}, triggering rebalance
42768 [space.exploration.mars.rover.curiosity.1543017889666_antares-mainframe-1543017889925-ef4e7a3b_watcher_executor] INFO kafka.consumer.ZookeeperConsumerConnector  - [space.exploration.mars.rover.curiosity.1543017889666_antares-mainframe-1543017889925-ef4e7a3b], begin rebalancing consumer space.exploration.mars.rover.curiosity.1543017889666_antares-mainframe-1543017889925-ef4e7a3b try #0
42788 [space.exploration.mars.rover.curiosity.1543017889666_antares-mainframe-1543017889925-ef4e7a3b_watcher_executor] INFO kafka.consumer.ConsumerFetcherManager  - [ConsumerFetcherManager-1543017889976] Stopping leader finder thread
42789 [space.exploration.mars.rover.curiosity.1543017889666_antares-mainframe-1543017889925-ef4e7a3b_watcher_executor] INFO kafka.consumer.ConsumerFetcherManager$LeaderFinderThread  - [space.exploration.mars.rover.curiosity.1543017889666_antares-mainframe-1543017889925-ef4e7a3b-leader-finder-thread], Shutting down
42789 [space.exploration.mars.rover.curiosity.1543017889666_antares-mainframe-1543017889925-ef4e7a3b_watcher_executor] INFO kafka.consumer.ConsumerFetcherManager$LeaderFinderThread  - [space.exploration.mars.rover.curiosity.1543017889666_antares-mainframe-1543017889925-ef4e7a3b-leader-finder-thread], Shutdown completed
42789 [space.exploration.mars.rover.curiosity.1543017889666_antares-mainframe-1543017889925-ef4e7a3b_watcher_executor] INFO kafka.consumer.ConsumerFetcherManager  - [ConsumerFetcherManager-1543017889976] Stopping all fetchers
42790 [space.exploration.mars.rover.curiosity.1543017889666_antares-mainframe-1543017889925-ef4e7a3b_watcher_executor] INFO kafka.consumer.ConsumerFetcherManager  - [ConsumerFetcherManager-1543017889976] All connections stopped
42790 [space.exploration.mars.rover.curiosity.1543017889666_antares-mainframe-1543017889925-ef4e7a3b_watcher_executor] INFO kafka.consumer.ZookeeperConsumerConnector  - [space.exploration.mars.rover.curiosity.1543017889666_antares-mainframe-1543017889925-ef4e7a3b], Cleared all relevant queues for this fetcher
42790 [space.exploration.mars.rover.curiosity.1543017889666_antares-mainframe-1543017889925-ef4e7a3b-leader-finder-thread] INFO kafka.consumer.ConsumerFetcherManager$LeaderFinderThread  - [space.exploration.mars.rover.curiosity.1543017889666_antares-mainframe-1543017889925-ef4e7a3b-leader-finder-thread], Stopped 
42790 [space.exploration.mars.rover.curiosity.1543017889666_antares-mainframe-1543017889925-ef4e7a3b_watcher_executor] INFO kafka.consumer.ZookeeperConsumerConnector  - [space.exploration.mars.rover.curiosity.1543017889666_antares-mainframe-1543017889925-ef4e7a3b], Cleared the data chunks in all the consumer message iterators
42790 [space.exploration.mars.rover.curiosity.1543017889666_antares-mainframe-1543017889925-ef4e7a3b_watcher_executor] INFO kafka.consumer.ZookeeperConsumerConnector  - [space.exploration.mars.rover.curiosity.1543017889666_antares-mainframe-1543017889925-ef4e7a3b], Committing all offsets after clearing the fetcher queues
42790 [space.exploration.mars.rover.curiosity.1543017889666_antares-mainframe-1543017889925-ef4e7a3b_watcher_executor] INFO kafka.consumer.ZookeeperConsumerConnector  - [space.exploration.mars.rover.curiosity.1543017889666_antares-mainframe-1543017889925-ef4e7a3b], Releasing partition ownership
42809 [space.exploration.mars.rover.curiosity.1543017889666_antares-mainframe-1543017889925-ef4e7a3b_watcher_executor] INFO kafka.consumer.RangeAssignor  - Consumer space.exploration.mars.rover.curiosity.1543017889666_antares-mainframe-1543017889925-ef4e7a3b rebalancing the following partitions: ArrayBuffer(0) for topic curiosity_to_earth_6 with consumers: List(space.exploration.mars.rover.curiosity.1543017889666_antares-mainframe-1543017889925-ef4e7a3b-0)
42810 [space.exploration.mars.rover.curiosity.1543017889666_antares-mainframe-1543017889925-ef4e7a3b_watcher_executor] INFO kafka.consumer.RangeAssignor  - space.exploration.mars.rover.curiosity.1543017889666_antares-mainframe-1543017889925-ef4e7a3b-0 attempting to claim partition 0
42832 [space.exploration.mars.rover.curiosity.1543017889666_antares-mainframe-1543017889925-ef4e7a3b_watcher_executor] INFO kafka.consumer.ZookeeperConsumerConnector  - [space.exploration.mars.rover.curiosity.1543017889666_antares-mainframe-1543017889925-ef4e7a3b], space.exploration.mars.rover.curiosity.1543017889666_antares-mainframe-1543017889925-ef4e7a3b-0 successfully owned partition 0 for topic curiosity_to_earth_6
42837 [space.exploration.mars.rover.curiosity.1543017889666_antares-mainframe-1543017889925-ef4e7a3b_watcher_executor] INFO kafka.consumer.ZookeeperConsumerConnector  - [space.exploration.mars.rover.curiosity.1543017889666_antares-mainframe-1543017889925-ef4e7a3b], Consumer space.exploration.mars.rover.curiosity.1543017889666_antares-mainframe-1543017889925-ef4e7a3b selected partitions : curiosity_to_earth_6:0: fetched offset = -1: consumed offset = -1
42837 [space.exploration.mars.rover.curiosity.1543017889666_antares-mainframe-1543017889925-ef4e7a3b_watcher_executor] INFO kafka.consumer.ZookeeperConsumerConnector  - [space.exploration.mars.rover.curiosity.1543017889666_antares-mainframe-1543017889925-ef4e7a3b], end rebalancing consumer space.exploration.mars.rover.curiosity.1543017889666_antares-mainframe-1543017889925-ef4e7a3b try #0
42838 [space.exploration.mars.rover.curiosity.1543017889666_antares-mainframe-1543017889925-ef4e7a3b-leader-finder-thread] INFO kafka.consumer.ConsumerFetcherManager$LeaderFinderThread  - [space.exploration.mars.rover.curiosity.1543017889666_antares-mainframe-1543017889925-ef4e7a3b-leader-finder-thread], Starting 
42850 [space.exploration.mars.rover.curiosity.1543017889666_antares-mainframe-1543017889925-ef4e7a3b-leader-finder-thread] INFO kafka.utils.VerifiableProperties  - Verifying properties
42850 [space.exploration.mars.rover.curiosity.1543017889666_antares-mainframe-1543017889925-ef4e7a3b-leader-finder-thread] INFO kafka.utils.VerifiableProperties  - Property client.id is overridden to space.exploration.mars.rover.curiosity.1543017889666
42850 [space.exploration.mars.rover.curiosity.1543017889666_antares-mainframe-1543017889925-ef4e7a3b-leader-finder-thread] INFO kafka.utils.VerifiableProperties  - Property metadata.broker.list is overridden to antares-mainframe:9092
42850 [space.exploration.mars.rover.curiosity.1543017889666_antares-mainframe-1543017889925-ef4e7a3b-leader-finder-thread] INFO kafka.utils.VerifiableProperties  - Property request.timeout.ms is overridden to 30000
42860 [space.exploration.mars.rover.curiosity.1543017889666_antares-mainframe-1543017889925-ef4e7a3b-leader-finder-thread] INFO kafka.client.ClientUtils$  - Fetching metadata from broker BrokerEndPoint(0,antares-mainframe,9092) with correlation id 0 for 1 topic(s) Set(curiosity_to_earth_6)
42863 [space.exploration.mars.rover.curiosity.1543017889666_antares-mainframe-1543017889925-ef4e7a3b-leader-finder-thread] INFO kafka.producer.SyncProducer  - Connected to antares-mainframe:9092 for producing
42896 [space.exploration.mars.rover.curiosity.1543017889666_antares-mainframe-1543017889925-ef4e7a3b-leader-finder-thread] INFO kafka.producer.SyncProducer  - Disconnecting from antares-mainframe:9092
42907 [space.exploration.mars.rover.curiosity.1543017889666_antares-mainframe-1543017889925-ef4e7a3b-leader-finder-thread] INFO kafka.consumer.ConsumerFetcherManager  - [ConsumerFetcherManager-1543017889976] Added fetcher for partitions ArrayBuffer()
43115 [space.exploration.mars.rover.curiosity.1543017889666_antares-mainframe-1543017889925-ef4e7a3b-leader-finder-thread] INFO kafka.utils.VerifiableProperties  - Verifying properties
43115 [space.exploration.mars.rover.curiosity.1543017889666_antares-mainframe-1543017889925-ef4e7a3b-leader-finder-thread] INFO kafka.utils.VerifiableProperties  - Property client.id is overridden to space.exploration.mars.rover.curiosity.1543017889666
43115 [space.exploration.mars.rover.curiosity.1543017889666_antares-mainframe-1543017889925-ef4e7a3b-leader-finder-thread] INFO kafka.utils.VerifiableProperties  - Property metadata.broker.list is overridden to antares-mainframe:9092
43115 [space.exploration.mars.rover.curiosity.1543017889666_antares-mainframe-1543017889925-ef4e7a3b-leader-finder-thread] INFO kafka.utils.VerifiableProperties  - Property request.timeout.ms is overridden to 30000
43116 [space.exploration.mars.rover.curiosity.1543017889666_antares-mainframe-1543017889925-ef4e7a3b-leader-finder-thread] INFO kafka.client.ClientUtils$  - Fetching metadata from broker BrokerEndPoint(0,antares-mainframe,9092) with correlation id 1 for 1 topic(s) Set(curiosity_to_earth_6)
43117 [space.exploration.mars.rover.curiosity.1543017889666_antares-mainframe-1543017889925-ef4e7a3b-leader-finder-thread] INFO kafka.producer.SyncProducer  - Connected to antares-mainframe:9092 for producing
43126 [space.exploration.mars.rover.curiosity.1543017889666_antares-mainframe-1543017889925-ef4e7a3b-leader-finder-thread] INFO kafka.producer.SyncProducer  - Disconnecting from antares-mainframe:9092
43126 [space.exploration.mars.rover.curiosity.1543017889666_antares-mainframe-1543017889925-ef4e7a3b-leader-finder-thread] INFO kafka.consumer.ConsumerFetcherManager  - [ConsumerFetcherManager-1543017889976] Added fetcher for partitions ArrayBuffer()
43330 [space.exploration.mars.rover.curiosity.1543017889666_antares-mainframe-1543017889925-ef4e7a3b-leader-finder-thread] INFO kafka.utils.VerifiableProperties  - Verifying properties
43331 [space.exploration.mars.rover.curiosity.1543017889666_antares-mainframe-1543017889925-ef4e7a3b-leader-finder-thread] INFO kafka.utils.VerifiableProperties  - Property client.id is overridden to space.exploration.mars.rover.curiosity.1543017889666
43331 [space.exploration.mars.rover.curiosity.1543017889666_antares-mainframe-1543017889925-ef4e7a3b-leader-finder-thread] INFO kafka.utils.VerifiableProperties  - Property metadata.broker.list is overridden to antares-mainframe:9092
43331 [space.exploration.mars.rover.curiosity.1543017889666_antares-mainframe-1543017889925-ef4e7a3b-leader-finder-thread] INFO kafka.utils.VerifiableProperties  - Property request.timeout.ms is overridden to 30000
43331 [space.exploration.mars.rover.curiosity.1543017889666_antares-mainframe-1543017889925-ef4e7a3b-leader-finder-thread] INFO kafka.client.ClientUtils$  - Fetching metadata from broker BrokerEndPoint(0,antares-mainframe,9092) with correlation id 2 for 1 topic(s) Set(curiosity_to_earth_6)
43332 [space.exploration.mars.rover.curiosity.1543017889666_antares-mainframe-1543017889925-ef4e7a3b-leader-finder-thread] INFO kafka.producer.SyncProducer  - Connected to antares-mainframe:9092 for producing
43335 [space.exploration.mars.rover.curiosity.1543017889666_antares-mainframe-1543017889925-ef4e7a3b-leader-finder-thread] INFO kafka.producer.SyncProducer  - Disconnecting from antares-mainframe:9092
43343 [ConsumerFetcherThread-space.exploration.mars.rover.curiosity.1543017889666_antares-mainframe-1543017889925-ef4e7a3b-0-0] INFO kafka.consumer.ConsumerFetcherThread  - [ConsumerFetcherThread-space.exploration.mars.rover.curiosity.1543017889666_antares-mainframe-1543017889925-ef4e7a3b-0-0], Starting 
43361 [space.exploration.mars.rover.curiosity.1543017889666_antares-mainframe-1543017889925-ef4e7a3b-leader-finder-thread] INFO kafka.consumer.ConsumerFetcherManager  - [ConsumerFetcherManager-1543017889976] Added fetcher for partitions ArrayBuffer([[curiosity_to_earth_6,0], initOffset -1 to broker BrokerEndPoint(0,antares-mainframe,9092)] )
