0 [main] INFO kafka.utils.VerifiableProperties  - Verifying properties
19 [main] INFO kafka.utils.VerifiableProperties  - Property auto.offset.reset is overridden to largest
19 [main] WARN kafka.utils.VerifiableProperties  - Property bootstrap.servers is not valid
19 [main] WARN kafka.utils.VerifiableProperties  - Property destination.topic is not valid
20 [main] INFO kafka.utils.VerifiableProperties  - Property group.id is overridden to space.exploration.mars.rover.curiosity.1543080452135
20 [main] WARN kafka.utils.VerifiableProperties  - Property key.serializer is not valid
20 [main] WARN kafka.utils.VerifiableProperties  - Property metadata.broker.list is not valid
20 [main] WARN kafka.utils.VerifiableProperties  - Property source.topic is not valid
20 [main] WARN kafka.utils.VerifiableProperties  - Property value.serializer is not valid
20 [main] INFO kafka.utils.VerifiableProperties  - Property zookeeper.connect is overridden to antares-mainframe:2181
62 [main] INFO kafka.consumer.ZookeeperConsumerConnector  - [space.exploration.mars.rover.curiosity.1543080452135_antares-mainframe-1543080452421-2945c063], Connecting to zookeeper instance at antares-mainframe:2181
68 [ZkClient-EventThread-28-antares-mainframe:2181] INFO org.I0Itec.zkclient.ZkEventThread  - Starting ZkClient event thread.
71 [main] INFO org.apache.zookeeper.ZooKeeper  - Client environment:zookeeper.version=3.4.6-1569965, built on 02/20/2014 09:09 GMT
71 [main] INFO org.apache.zookeeper.ZooKeeper  - Client environment:host.name=antares-mainframe
71 [main] INFO org.apache.zookeeper.ZooKeeper  - Client environment:java.version=10.0.2
71 [main] INFO org.apache.zookeeper.ZooKeeper  - Client environment:java.vendor=Oracle Corporation
71 [main] INFO org.apache.zookeeper.ZooKeeper  - Client environment:java.home=/usr/lib/jvm/java-11-openjdk-amd64
71 [main] INFO org.apache.zookeeper.ZooKeeper  - Client environment:java.class.path=target/mission.control-2.0-shaded.jar
71 [main] INFO org.apache.zookeeper.ZooKeeper  - Client environment:java.library.path=/usr/java/packages/lib:/usr/lib/x86_64-linux-gnu/jni:/lib/x86_64-linux-gnu:/usr/lib/x86_64-linux-gnu:/usr/lib/jni:/lib:/usr/lib
71 [main] INFO org.apache.zookeeper.ZooKeeper  - Client environment:java.io.tmpdir=/tmp
71 [main] INFO org.apache.zookeeper.ZooKeeper  - Client environment:java.compiler=<NA>
71 [main] INFO org.apache.zookeeper.ZooKeeper  - Client environment:os.name=Linux
71 [main] INFO org.apache.zookeeper.ZooKeeper  - Client environment:os.arch=amd64
72 [main] INFO org.apache.zookeeper.ZooKeeper  - Client environment:os.version=4.15.0-39-generic
72 [main] INFO org.apache.zookeeper.ZooKeeper  - Client environment:user.name=sanket
72 [main] INFO org.apache.zookeeper.ZooKeeper  - Client environment:user.home=/home/sanket
72 [main] INFO org.apache.zookeeper.ZooKeeper  - Client environment:user.dir=/home/sanket/Documents/workspace/Mission.Control
72 [main] INFO org.apache.zookeeper.ZooKeeper  - Initiating client connection, connectString=antares-mainframe:2181 sessionTimeout=6000 watcher=org.I0Itec.zkclient.ZkClient@791d1f8b
82 [main] INFO org.I0Itec.zkclient.ZkClient  - Waiting for keeper state SyncConnected
88 [main-SendThread(antares-mainframe:2181)] INFO org.apache.zookeeper.ClientCnxn  - Opening socket connection to server antares-mainframe/127.0.1.1:2181. Will not attempt to authenticate using SASL (unknown error)
96 [main-SendThread(antares-mainframe:2181)] INFO org.apache.zookeeper.ClientCnxn  - Socket connection established to antares-mainframe/127.0.1.1:2181, initiating session
102 [main-SendThread(antares-mainframe:2181)] INFO org.apache.zookeeper.ClientCnxn  - Session establishment complete on server antares-mainframe/127.0.1.1:2181, sessionid = 0x16746c2f4950001, negotiated timeout = 6000
103 [main-EventThread] INFO org.I0Itec.zkclient.ZkClient  - zookeeper state changed (SyncConnected)
113 [main] INFO kafka.consumer.ZookeeperConsumerConnector  - [space.exploration.mars.rover.curiosity.1543080452135_antares-mainframe-1543080452421-2945c063], starting auto committer every 60000 ms
140 [Thread-0] INFO kafka.consumer.ZookeeperConsumerConnector  - [space.exploration.mars.rover.curiosity.1543080452135_antares-mainframe-1543080452421-2945c063], begin registering consumer space.exploration.mars.rover.curiosity.1543080452135_antares-mainframe-1543080452421-2945c063 in ZK
155 [Thread-0] INFO kafka.utils.ZKCheckedEphemeral  - Creating /consumers/space.exploration.mars.rover.curiosity.1543080452135/ids/space.exploration.mars.rover.curiosity.1543080452135_antares-mainframe-1543080452421-2945c063 (is it secure? false)
164 [Thread-0] INFO kafka.utils.ZKCheckedEphemeral  - Result of znode creation is: OK
165 [Thread-0] INFO kafka.consumer.ZookeeperConsumerConnector  - [space.exploration.mars.rover.curiosity.1543080452135_antares-mainframe-1543080452421-2945c063], end registering consumer space.exploration.mars.rover.curiosity.1543080452135_antares-mainframe-1543080452421-2945c063 in ZK
168 [space.exploration.mars.rover.curiosity.1543080452135_antares-mainframe-1543080452421-2945c063_watcher_executor] INFO kafka.consumer.ZookeeperConsumerConnector  - [space.exploration.mars.rover.curiosity.1543080452135_antares-mainframe-1543080452421-2945c063], starting watcher executor thread for consumer space.exploration.mars.rover.curiosity.1543080452135_antares-mainframe-1543080452421-2945c063
181 [Thread-0] INFO kafka.consumer.ZookeeperConsumerConnector  - [space.exploration.mars.rover.curiosity.1543080452135_antares-mainframe-1543080452421-2945c063], begin rebalancing consumer space.exploration.mars.rover.curiosity.1543080452135_antares-mainframe-1543080452421-2945c063 try #0
253 [Thread-0] INFO kafka.consumer.ConsumerFetcherManager  - [ConsumerFetcherManager-1543080452469] Stopping leader finder thread
253 [Thread-0] INFO kafka.consumer.ConsumerFetcherManager  - [ConsumerFetcherManager-1543080452469] Stopping all fetchers
254 [Thread-0] INFO kafka.consumer.ConsumerFetcherManager  - [ConsumerFetcherManager-1543080452469] All connections stopped
254 [Thread-0] INFO kafka.consumer.ZookeeperConsumerConnector  - [space.exploration.mars.rover.curiosity.1543080452135_antares-mainframe-1543080452421-2945c063], Cleared all relevant queues for this fetcher
255 [Thread-0] INFO kafka.consumer.ZookeeperConsumerConnector  - [space.exploration.mars.rover.curiosity.1543080452135_antares-mainframe-1543080452421-2945c063], Cleared the data chunks in all the consumer message iterators
255 [Thread-0] INFO kafka.consumer.ZookeeperConsumerConnector  - [space.exploration.mars.rover.curiosity.1543080452135_antares-mainframe-1543080452421-2945c063], Committing all offsets after clearing the fetcher queues
256 [Thread-0] INFO kafka.consumer.ZookeeperConsumerConnector  - [space.exploration.mars.rover.curiosity.1543080452135_antares-mainframe-1543080452421-2945c063], Releasing partition ownership
274 [Thread-0] INFO kafka.consumer.RangeAssignor  - Consumer space.exploration.mars.rover.curiosity.1543080452135_antares-mainframe-1543080452421-2945c063 rebalancing the following partitions: ArrayBuffer() for topic curiosity_to_earth_6 with consumers: List(space.exploration.mars.rover.curiosity.1543080452135_antares-mainframe-1543080452421-2945c063-0)
274 [Thread-0] WARN kafka.consumer.RangeAssignor  - No broker partitions consumed by consumer thread space.exploration.mars.rover.curiosity.1543080452135_antares-mainframe-1543080452421-2945c063-0 for topic curiosity_to_earth_6
281 [Thread-0] INFO kafka.consumer.ZookeeperConsumerConnector  - [space.exploration.mars.rover.curiosity.1543080452135_antares-mainframe-1543080452421-2945c063], Consumer space.exploration.mars.rover.curiosity.1543080452135_antares-mainframe-1543080452421-2945c063 selected partitions : 
282 [space.exploration.mars.rover.curiosity.1543080452135_antares-mainframe-1543080452421-2945c063-leader-finder-thread] INFO kafka.consumer.ConsumerFetcherManager$LeaderFinderThread  - [space.exploration.mars.rover.curiosity.1543080452135_antares-mainframe-1543080452421-2945c063-leader-finder-thread], Starting 
283 [Thread-0] INFO kafka.consumer.ZookeeperConsumerConnector  - [space.exploration.mars.rover.curiosity.1543080452135_antares-mainframe-1543080452421-2945c063], end rebalancing consumer space.exploration.mars.rover.curiosity.1543080452135_antares-mainframe-1543080452421-2945c063 try #0
50892 [ZkClient-EventThread-28-antares-mainframe:2181] INFO kafka.consumer.ZookeeperConsumerConnector  - [space.exploration.mars.rover.curiosity.1543080452135_antares-mainframe-1543080452421-2945c063], Topic info for path /brokers/topics/curiosity_to_earth_6 changed to {"version":1,"partitions":{"0":[0]}}, triggering rebalance
50893 [space.exploration.mars.rover.curiosity.1543080452135_antares-mainframe-1543080452421-2945c063_watcher_executor] INFO kafka.consumer.ZookeeperConsumerConnector  - [space.exploration.mars.rover.curiosity.1543080452135_antares-mainframe-1543080452421-2945c063], begin rebalancing consumer space.exploration.mars.rover.curiosity.1543080452135_antares-mainframe-1543080452421-2945c063 try #0
50919 [space.exploration.mars.rover.curiosity.1543080452135_antares-mainframe-1543080452421-2945c063_watcher_executor] INFO kafka.consumer.ConsumerFetcherManager  - [ConsumerFetcherManager-1543080452469] Stopping leader finder thread
50919 [space.exploration.mars.rover.curiosity.1543080452135_antares-mainframe-1543080452421-2945c063_watcher_executor] INFO kafka.consumer.ConsumerFetcherManager$LeaderFinderThread  - [space.exploration.mars.rover.curiosity.1543080452135_antares-mainframe-1543080452421-2945c063-leader-finder-thread], Shutting down
50920 [space.exploration.mars.rover.curiosity.1543080452135_antares-mainframe-1543080452421-2945c063-leader-finder-thread] INFO kafka.consumer.ConsumerFetcherManager$LeaderFinderThread  - [space.exploration.mars.rover.curiosity.1543080452135_antares-mainframe-1543080452421-2945c063-leader-finder-thread], Stopped 
50920 [space.exploration.mars.rover.curiosity.1543080452135_antares-mainframe-1543080452421-2945c063_watcher_executor] INFO kafka.consumer.ConsumerFetcherManager$LeaderFinderThread  - [space.exploration.mars.rover.curiosity.1543080452135_antares-mainframe-1543080452421-2945c063-leader-finder-thread], Shutdown completed
50920 [space.exploration.mars.rover.curiosity.1543080452135_antares-mainframe-1543080452421-2945c063_watcher_executor] INFO kafka.consumer.ConsumerFetcherManager  - [ConsumerFetcherManager-1543080452469] Stopping all fetchers
50920 [space.exploration.mars.rover.curiosity.1543080452135_antares-mainframe-1543080452421-2945c063_watcher_executor] INFO kafka.consumer.ConsumerFetcherManager  - [ConsumerFetcherManager-1543080452469] All connections stopped
50920 [space.exploration.mars.rover.curiosity.1543080452135_antares-mainframe-1543080452421-2945c063_watcher_executor] INFO kafka.consumer.ZookeeperConsumerConnector  - [space.exploration.mars.rover.curiosity.1543080452135_antares-mainframe-1543080452421-2945c063], Cleared all relevant queues for this fetcher
50920 [space.exploration.mars.rover.curiosity.1543080452135_antares-mainframe-1543080452421-2945c063_watcher_executor] INFO kafka.consumer.ZookeeperConsumerConnector  - [space.exploration.mars.rover.curiosity.1543080452135_antares-mainframe-1543080452421-2945c063], Cleared the data chunks in all the consumer message iterators
50920 [space.exploration.mars.rover.curiosity.1543080452135_antares-mainframe-1543080452421-2945c063_watcher_executor] INFO kafka.consumer.ZookeeperConsumerConnector  - [space.exploration.mars.rover.curiosity.1543080452135_antares-mainframe-1543080452421-2945c063], Committing all offsets after clearing the fetcher queues
50921 [space.exploration.mars.rover.curiosity.1543080452135_antares-mainframe-1543080452421-2945c063_watcher_executor] INFO kafka.consumer.ZookeeperConsumerConnector  - [space.exploration.mars.rover.curiosity.1543080452135_antares-mainframe-1543080452421-2945c063], Releasing partition ownership
50937 [space.exploration.mars.rover.curiosity.1543080452135_antares-mainframe-1543080452421-2945c063_watcher_executor] INFO kafka.consumer.RangeAssignor  - Consumer space.exploration.mars.rover.curiosity.1543080452135_antares-mainframe-1543080452421-2945c063 rebalancing the following partitions: ArrayBuffer(0) for topic curiosity_to_earth_6 with consumers: List(space.exploration.mars.rover.curiosity.1543080452135_antares-mainframe-1543080452421-2945c063-0)
50939 [space.exploration.mars.rover.curiosity.1543080452135_antares-mainframe-1543080452421-2945c063_watcher_executor] INFO kafka.consumer.RangeAssignor  - space.exploration.mars.rover.curiosity.1543080452135_antares-mainframe-1543080452421-2945c063-0 attempting to claim partition 0
50962 [space.exploration.mars.rover.curiosity.1543080452135_antares-mainframe-1543080452421-2945c063_watcher_executor] INFO kafka.consumer.ZookeeperConsumerConnector  - [space.exploration.mars.rover.curiosity.1543080452135_antares-mainframe-1543080452421-2945c063], space.exploration.mars.rover.curiosity.1543080452135_antares-mainframe-1543080452421-2945c063-0 successfully owned partition 0 for topic curiosity_to_earth_6
50966 [space.exploration.mars.rover.curiosity.1543080452135_antares-mainframe-1543080452421-2945c063_watcher_executor] INFO kafka.consumer.ZookeeperConsumerConnector  - [space.exploration.mars.rover.curiosity.1543080452135_antares-mainframe-1543080452421-2945c063], Consumer space.exploration.mars.rover.curiosity.1543080452135_antares-mainframe-1543080452421-2945c063 selected partitions : curiosity_to_earth_6:0: fetched offset = -1: consumed offset = -1
50966 [space.exploration.mars.rover.curiosity.1543080452135_antares-mainframe-1543080452421-2945c063_watcher_executor] INFO kafka.consumer.ZookeeperConsumerConnector  - [space.exploration.mars.rover.curiosity.1543080452135_antares-mainframe-1543080452421-2945c063], end rebalancing consumer space.exploration.mars.rover.curiosity.1543080452135_antares-mainframe-1543080452421-2945c063 try #0
50967 [space.exploration.mars.rover.curiosity.1543080452135_antares-mainframe-1543080452421-2945c063-leader-finder-thread] INFO kafka.consumer.ConsumerFetcherManager$LeaderFinderThread  - [space.exploration.mars.rover.curiosity.1543080452135_antares-mainframe-1543080452421-2945c063-leader-finder-thread], Starting 
50981 [space.exploration.mars.rover.curiosity.1543080452135_antares-mainframe-1543080452421-2945c063-leader-finder-thread] INFO kafka.utils.VerifiableProperties  - Verifying properties
50981 [space.exploration.mars.rover.curiosity.1543080452135_antares-mainframe-1543080452421-2945c063-leader-finder-thread] INFO kafka.utils.VerifiableProperties  - Property client.id is overridden to space.exploration.mars.rover.curiosity.1543080452135
50981 [space.exploration.mars.rover.curiosity.1543080452135_antares-mainframe-1543080452421-2945c063-leader-finder-thread] INFO kafka.utils.VerifiableProperties  - Property metadata.broker.list is overridden to antares-mainframe:9092
50981 [space.exploration.mars.rover.curiosity.1543080452135_antares-mainframe-1543080452421-2945c063-leader-finder-thread] INFO kafka.utils.VerifiableProperties  - Property request.timeout.ms is overridden to 30000
50989 [space.exploration.mars.rover.curiosity.1543080452135_antares-mainframe-1543080452421-2945c063-leader-finder-thread] INFO kafka.client.ClientUtils$  - Fetching metadata from broker BrokerEndPoint(0,antares-mainframe,9092) with correlation id 0 for 1 topic(s) Set(curiosity_to_earth_6)
50991 [space.exploration.mars.rover.curiosity.1543080452135_antares-mainframe-1543080452421-2945c063-leader-finder-thread] INFO kafka.producer.SyncProducer  - Connected to antares-mainframe:9092 for producing
51015 [space.exploration.mars.rover.curiosity.1543080452135_antares-mainframe-1543080452421-2945c063-leader-finder-thread] INFO kafka.producer.SyncProducer  - Disconnecting from antares-mainframe:9092
51029 [ConsumerFetcherThread-space.exploration.mars.rover.curiosity.1543080452135_antares-mainframe-1543080452421-2945c063-0-0] INFO kafka.consumer.ConsumerFetcherThread  - [ConsumerFetcherThread-space.exploration.mars.rover.curiosity.1543080452135_antares-mainframe-1543080452421-2945c063-0-0], Starting 
51047 [space.exploration.mars.rover.curiosity.1543080452135_antares-mainframe-1543080452421-2945c063-leader-finder-thread] INFO kafka.consumer.ConsumerFetcherManager  - [ConsumerFetcherManager-1543080452469] Added fetcher for partitions ArrayBuffer([[curiosity_to_earth_6,0], initOffset -1 to broker BrokerEndPoint(0,antares-mainframe,9092)] )
