0 [main] INFO kafka.utils.VerifiableProperties  - Verifying properties
74 [main] INFO kafka.utils.VerifiableProperties  - Property auto.offset.reset is overridden to largest
75 [main] WARN kafka.utils.VerifiableProperties  - Property bootstrap.servers is not valid
75 [main] WARN kafka.utils.VerifiableProperties  - Property destination.topic is not valid
75 [main] INFO kafka.utils.VerifiableProperties  - Property group.id is overridden to space.exploration.mars.rover.curiosity.1512837840778
75 [main] WARN kafka.utils.VerifiableProperties  - Property key.serializer is not valid
76 [main] WARN kafka.utils.VerifiableProperties  - Property metadata.broker.list is not valid
76 [main] WARN kafka.utils.VerifiableProperties  - Property source.topic is not valid
76 [main] WARN kafka.utils.VerifiableProperties  - Property value.serializer is not valid
77 [main] INFO kafka.utils.VerifiableProperties  - Property zookeeper.connect is overridden to localhost:2181
145 [main] INFO kafka.consumer.ZookeeperConsumerConnector  - [space.exploration.mars.rover.curiosity.1512837840778_zion-mainframe-1512837841264-905df7aa], Connecting to zookeeper instance at localhost:2181
155 [ZkClient-EventThread-14-localhost:2181] INFO org.I0Itec.zkclient.ZkEventThread  - Starting ZkClient event thread.
160 [main] INFO org.apache.zookeeper.ZooKeeper  - Client environment:zookeeper.version=3.4.6-1569965, built on 02/20/2014 09:09 GMT
160 [main] INFO org.apache.zookeeper.ZooKeeper  - Client environment:host.name=zion-mainframe
160 [main] INFO org.apache.zookeeper.ZooKeeper  - Client environment:java.version=1.8.0_151
160 [main] INFO org.apache.zookeeper.ZooKeeper  - Client environment:java.vendor=Oracle Corporation
160 [main] INFO org.apache.zookeeper.ZooKeeper  - Client environment:java.home=/usr/lib/jvm/java-8-openjdk-amd64/jre
160 [main] INFO org.apache.zookeeper.ZooKeeper  - Client environment:java.class.path=target/mission.control-1.1.1-shaded.jar
160 [main] INFO org.apache.zookeeper.ZooKeeper  - Client environment:java.library.path=$LD_LIBRARY_PATH:"/home/sanket/Documents/workspace/SpiceUtilities/src/main/resources/JNISpice/lib/libJNISpice.so":/home/sanket/Documents/workspace/SpiceUtilities/src/main/resources/JNISpice/lib/libJNISpice.so:/usr/java/packages/lib/amd64:/usr/lib/x86_64-linux-gnu/jni:/lib/x86_64-linux-gnu:/usr/lib/x86_64-linux-gnu:/usr/lib/jni:/lib:/usr/lib
160 [main] INFO org.apache.zookeeper.ZooKeeper  - Client environment:java.io.tmpdir=/tmp
160 [main] INFO org.apache.zookeeper.ZooKeeper  - Client environment:java.compiler=<NA>
160 [main] INFO org.apache.zookeeper.ZooKeeper  - Client environment:os.name=Linux
160 [main] INFO org.apache.zookeeper.ZooKeeper  - Client environment:os.arch=amd64
160 [main] INFO org.apache.zookeeper.ZooKeeper  - Client environment:os.version=4.10.0-40-generic
160 [main] INFO org.apache.zookeeper.ZooKeeper  - Client environment:user.name=sanket
160 [main] INFO org.apache.zookeeper.ZooKeeper  - Client environment:user.home=/home/sanket
161 [main] INFO org.apache.zookeeper.ZooKeeper  - Client environment:user.dir=/home/sanket/Documents/workspace/Mission.Control
161 [main] INFO org.apache.zookeeper.ZooKeeper  - Initiating client connection, connectString=localhost:2181 sessionTimeout=6000 watcher=org.I0Itec.zkclient.ZkClient@32cf48b7
186 [main-SendThread(localhost:2181)] INFO org.apache.zookeeper.ClientCnxn  - Opening socket connection to server localhost/127.0.0.1:2181. Will not attempt to authenticate using SASL (unknown error)
187 [main] INFO org.I0Itec.zkclient.ZkClient  - Waiting for keeper state SyncConnected
269 [main-SendThread(localhost:2181)] INFO org.apache.zookeeper.ClientCnxn  - Socket connection established to localhost/127.0.0.1:2181, initiating session
276 [main-SendThread(localhost:2181)] INFO org.apache.zookeeper.ClientCnxn  - Session establishment complete on server localhost/127.0.0.1:2181, sessionid = 0x1603964872b000c, negotiated timeout = 6000
277 [main-EventThread] INFO org.I0Itec.zkclient.ZkClient  - zookeeper state changed (SyncConnected)
289 [main] INFO kafka.consumer.ZookeeperConsumerConnector  - [space.exploration.mars.rover.curiosity.1512837840778_zion-mainframe-1512837841264-905df7aa], starting auto committer every 60000 ms
318 [Thread-0] INFO kafka.consumer.ZookeeperConsumerConnector  - [space.exploration.mars.rover.curiosity.1512837840778_zion-mainframe-1512837841264-905df7aa], begin registering consumer space.exploration.mars.rover.curiosity.1512837840778_zion-mainframe-1512837841264-905df7aa in ZK
357 [Thread-0] INFO kafka.utils.ZKCheckedEphemeral  - Creating /consumers/space.exploration.mars.rover.curiosity.1512837840778/ids/space.exploration.mars.rover.curiosity.1512837840778_zion-mainframe-1512837841264-905df7aa (is it secure? false)
375 [Thread-0] INFO kafka.utils.ZKCheckedEphemeral  - Result of znode creation is: OK
375 [Thread-0] INFO kafka.consumer.ZookeeperConsumerConnector  - [space.exploration.mars.rover.curiosity.1512837840778_zion-mainframe-1512837841264-905df7aa], end registering consumer space.exploration.mars.rover.curiosity.1512837840778_zion-mainframe-1512837841264-905df7aa in ZK
387 [space.exploration.mars.rover.curiosity.1512837840778_zion-mainframe-1512837841264-905df7aa_watcher_executor] INFO kafka.consumer.ZookeeperConsumerConnector  - [space.exploration.mars.rover.curiosity.1512837840778_zion-mainframe-1512837841264-905df7aa], starting watcher executor thread for consumer space.exploration.mars.rover.curiosity.1512837840778_zion-mainframe-1512837841264-905df7aa
405 [Thread-0] INFO kafka.consumer.ZookeeperConsumerConnector  - [space.exploration.mars.rover.curiosity.1512837840778_zion-mainframe-1512837841264-905df7aa], begin rebalancing consumer space.exploration.mars.rover.curiosity.1512837840778_zion-mainframe-1512837841264-905df7aa try #0
546 [Thread-0] INFO kafka.consumer.ConsumerFetcherManager  - [ConsumerFetcherManager-1512837841406] Stopping leader finder thread
546 [Thread-0] INFO kafka.consumer.ConsumerFetcherManager  - [ConsumerFetcherManager-1512837841406] Stopping all fetchers
549 [Thread-0] INFO kafka.consumer.ConsumerFetcherManager  - [ConsumerFetcherManager-1512837841406] All connections stopped
550 [Thread-0] INFO kafka.consumer.ZookeeperConsumerConnector  - [space.exploration.mars.rover.curiosity.1512837840778_zion-mainframe-1512837841264-905df7aa], Cleared all relevant queues for this fetcher
551 [Thread-0] INFO kafka.consumer.ZookeeperConsumerConnector  - [space.exploration.mars.rover.curiosity.1512837840778_zion-mainframe-1512837841264-905df7aa], Cleared the data chunks in all the consumer message iterators
551 [Thread-0] INFO kafka.consumer.ZookeeperConsumerConnector  - [space.exploration.mars.rover.curiosity.1512837840778_zion-mainframe-1512837841264-905df7aa], Committing all offsets after clearing the fetcher queues
552 [Thread-0] INFO kafka.consumer.ZookeeperConsumerConnector  - [space.exploration.mars.rover.curiosity.1512837840778_zion-mainframe-1512837841264-905df7aa], Releasing partition ownership
595 [Thread-0] INFO kafka.consumer.RangeAssignor  - Consumer space.exploration.mars.rover.curiosity.1512837840778_zion-mainframe-1512837841264-905df7aa rebalancing the following partitions: ArrayBuffer(0) for topic curiosity_to_earth_5 with consumers: List(space.exploration.mars.rover.curiosity.1512837840778_zion-mainframe-1512837841264-905df7aa-0)
598 [Thread-0] INFO kafka.consumer.RangeAssignor  - space.exploration.mars.rover.curiosity.1512837840778_zion-mainframe-1512837841264-905df7aa-0 attempting to claim partition 0
641 [Thread-0] INFO kafka.consumer.ZookeeperConsumerConnector  - [space.exploration.mars.rover.curiosity.1512837840778_zion-mainframe-1512837841264-905df7aa], space.exploration.mars.rover.curiosity.1512837840778_zion-mainframe-1512837841264-905df7aa-0 successfully owned partition 0 for topic curiosity_to_earth_5
668 [Thread-0] INFO kafka.consumer.ZookeeperConsumerConnector  - [space.exploration.mars.rover.curiosity.1512837840778_zion-mainframe-1512837841264-905df7aa], Consumer space.exploration.mars.rover.curiosity.1512837840778_zion-mainframe-1512837841264-905df7aa selected partitions : curiosity_to_earth_5:0: fetched offset = -1: consumed offset = -1
670 [space.exploration.mars.rover.curiosity.1512837840778_zion-mainframe-1512837841264-905df7aa-leader-finder-thread] INFO kafka.consumer.ConsumerFetcherManager$LeaderFinderThread  - [space.exploration.mars.rover.curiosity.1512837840778_zion-mainframe-1512837841264-905df7aa-leader-finder-thread], Starting 
671 [Thread-0] INFO kafka.consumer.ZookeeperConsumerConnector  - [space.exploration.mars.rover.curiosity.1512837840778_zion-mainframe-1512837841264-905df7aa], end rebalancing consumer space.exploration.mars.rover.curiosity.1512837840778_zion-mainframe-1512837841264-905df7aa try #0
707 [space.exploration.mars.rover.curiosity.1512837840778_zion-mainframe-1512837841264-905df7aa-leader-finder-thread] INFO kafka.utils.VerifiableProperties  - Verifying properties
708 [space.exploration.mars.rover.curiosity.1512837840778_zion-mainframe-1512837841264-905df7aa-leader-finder-thread] INFO kafka.utils.VerifiableProperties  - Property client.id is overridden to space.exploration.mars.rover.curiosity.1512837840778
708 [space.exploration.mars.rover.curiosity.1512837840778_zion-mainframe-1512837841264-905df7aa-leader-finder-thread] INFO kafka.utils.VerifiableProperties  - Property metadata.broker.list is overridden to zion-mainframe:9092
709 [space.exploration.mars.rover.curiosity.1512837840778_zion-mainframe-1512837841264-905df7aa-leader-finder-thread] INFO kafka.utils.VerifiableProperties  - Property request.timeout.ms is overridden to 30000
749 [space.exploration.mars.rover.curiosity.1512837840778_zion-mainframe-1512837841264-905df7aa-leader-finder-thread] INFO kafka.client.ClientUtils$  - Fetching metadata from broker BrokerEndPoint(0,zion-mainframe,9092) with correlation id 0 for 1 topic(s) Set(curiosity_to_earth_5)
765 [space.exploration.mars.rover.curiosity.1512837840778_zion-mainframe-1512837841264-905df7aa-leader-finder-thread] INFO kafka.producer.SyncProducer  - Connected to zion-mainframe:9092 for producing
781 [space.exploration.mars.rover.curiosity.1512837840778_zion-mainframe-1512837841264-905df7aa-leader-finder-thread] INFO kafka.producer.SyncProducer  - Disconnecting from zion-mainframe:9092
816 [ConsumerFetcherThread-space.exploration.mars.rover.curiosity.1512837840778_zion-mainframe-1512837841264-905df7aa-0-0] INFO kafka.consumer.ConsumerFetcherThread  - [ConsumerFetcherThread-space.exploration.mars.rover.curiosity.1512837840778_zion-mainframe-1512837841264-905df7aa-0-0], Starting 
823 [space.exploration.mars.rover.curiosity.1512837840778_zion-mainframe-1512837841264-905df7aa-leader-finder-thread] INFO kafka.consumer.ConsumerFetcherManager  - [ConsumerFetcherManager-1512837841406] Added fetcher for partitions ArrayBuffer([[curiosity_to_earth_5,0], initOffset -1 to broker BrokerEndPoint(0,zion-mainframe,9092)] )
11966 [Thread-0] INFO naasa.gov.mission.control.Receiver  - Message received from 
112675 [Thread-0] INFO naasa.gov.mission.control.Receiver  - Message received from 
131929 [Thread-0] INFO naasa.gov.mission.control.Receiver  - Message received from 
225965 [Thread-0] INFO naasa.gov.mission.control.Receiver  - Message received from 
253895 [Thread-0] INFO naasa.gov.mission.control.Receiver  - Message received from 
311917 [Thread-0] INFO naasa.gov.mission.control.Receiver  - Message received from 
