0 [main] INFO kafka.utils.VerifiableProperties  - Verifying properties
218 [main] WARN kafka.utils.VerifiableProperties  - Property auto.offset.reset is not valid
221 [main] WARN kafka.utils.VerifiableProperties  - Property bootstrap.servers is not valid
221 [main] WARN kafka.utils.VerifiableProperties  - Property destination.topic is not valid
221 [main] WARN kafka.utils.VerifiableProperties  - Property group.id is not valid
221 [main] WARN kafka.utils.VerifiableProperties  - Property key.serializer is not valid
222 [main] INFO kafka.utils.VerifiableProperties  - Property metadata.broker.list is overridden to localhost:9092
223 [main] WARN kafka.utils.VerifiableProperties  - Property source.topic is not valid
223 [main] WARN kafka.utils.VerifiableProperties  - Property value.serializer is not valid
223 [main] WARN kafka.utils.VerifiableProperties  - Property zookeeper.connect is not valid
682 [main] INFO kafka.client.ClientUtils$  - Fetching metadata from broker BrokerEndPoint(0,localhost,9092) with correlation id 0 for 1 topic(s) Set(earth_to_curiosity_5)
808 [main] INFO kafka.producer.SyncProducer  - Connected to localhost:9092 for producing
907 [main] INFO kafka.producer.SyncProducer  - Disconnecting from localhost:9092
1002 [main] WARN kafka.producer.BrokerPartitionInfo  - Error while fetching metadata [{TopicMetadata for topic earth_to_curiosity_5 -> 
No partition metadata for topic earth_to_curiosity_5 due to kafka.common.LeaderNotAvailableException}] for topic [earth_to_curiosity_5]: class kafka.common.LeaderNotAvailableException 
1019 [main] INFO kafka.client.ClientUtils$  - Fetching metadata from broker BrokerEndPoint(0,localhost,9092) with correlation id 1 for 1 topic(s) Set(earth_to_curiosity_5)
1022 [main] INFO kafka.producer.SyncProducer  - Connected to localhost:9092 for producing
1031 [main] INFO kafka.producer.SyncProducer  - Disconnecting from localhost:9092
1179 [main] INFO kafka.producer.SyncProducer  - Connected to zion-mainframe:9092 for producing
616216 [main] INFO kafka.client.ClientUtils$  - Fetching metadata from broker BrokerEndPoint(0,localhost,9092) with correlation id 21 for 1 topic(s) Set(earth_to_curiosity_5)
616217 [main] INFO kafka.producer.SyncProducer  - Connected to localhost:9092 for producing
616218 [main] INFO kafka.producer.SyncProducer  - Disconnecting from localhost:9092
616219 [main] INFO kafka.producer.SyncProducer  - Disconnecting from zion-mainframe:9092
616225 [main] INFO kafka.producer.SyncProducer  - Connected to zion-mainframe:9092 for producing
1231257 [main] INFO kafka.client.ClientUtils$  - Fetching metadata from broker BrokerEndPoint(0,localhost,9092) with correlation id 42 for 1 topic(s) Set(earth_to_curiosity_5)
1231259 [main] INFO kafka.producer.SyncProducer  - Connected to localhost:9092 for producing
1231262 [main] INFO kafka.producer.SyncProducer  - Disconnecting from localhost:9092
1231265 [main] INFO kafka.producer.SyncProducer  - Disconnecting from zion-mainframe:9092
1231269 [main] INFO kafka.producer.SyncProducer  - Connected to zion-mainframe:9092 for producing
1846310 [main] INFO kafka.client.ClientUtils$  - Fetching metadata from broker BrokerEndPoint(0,localhost,9092) with correlation id 63 for 1 topic(s) Set(earth_to_curiosity_5)
1846312 [main] INFO kafka.producer.SyncProducer  - Connected to localhost:9092 for producing
1846318 [main] INFO kafka.producer.SyncProducer  - Disconnecting from localhost:9092
1846321 [main] INFO kafka.producer.SyncProducer  - Disconnecting from zion-mainframe:9092
1846329 [main] INFO kafka.producer.SyncProducer  - Connected to zion-mainframe:9092 for producing
2461361 [main] INFO kafka.client.ClientUtils$  - Fetching metadata from broker BrokerEndPoint(0,localhost,9092) with correlation id 84 for 1 topic(s) Set(earth_to_curiosity_5)
2461363 [main] INFO kafka.producer.SyncProducer  - Connected to localhost:9092 for producing
2461366 [main] INFO kafka.producer.SyncProducer  - Disconnecting from localhost:9092
2461367 [main] INFO kafka.producer.SyncProducer  - Disconnecting from zion-mainframe:9092
2461372 [main] INFO kafka.producer.SyncProducer  - Connected to zion-mainframe:9092 for producing
3076411 [main] INFO kafka.client.ClientUtils$  - Fetching metadata from broker BrokerEndPoint(0,localhost,9092) with correlation id 105 for 1 topic(s) Set(earth_to_curiosity_5)
3076412 [main] INFO kafka.producer.SyncProducer  - Connected to localhost:9092 for producing
3076414 [main] INFO kafka.producer.SyncProducer  - Disconnecting from localhost:9092
3076415 [main] INFO kafka.producer.SyncProducer  - Disconnecting from zion-mainframe:9092
3076418 [main] INFO kafka.producer.SyncProducer  - Connected to zion-mainframe:9092 for producing
3691453 [main] INFO kafka.client.ClientUtils$  - Fetching metadata from broker BrokerEndPoint(0,localhost,9092) with correlation id 126 for 1 topic(s) Set(earth_to_curiosity_5)
3691455 [main] INFO kafka.producer.SyncProducer  - Connected to localhost:9092 for producing
3691458 [main] INFO kafka.producer.SyncProducer  - Disconnecting from localhost:9092
3691458 [main] INFO kafka.producer.SyncProducer  - Disconnecting from zion-mainframe:9092
3691462 [main] INFO kafka.producer.SyncProducer  - Connected to zion-mainframe:9092 for producing
4306499 [main] INFO kafka.client.ClientUtils$  - Fetching metadata from broker BrokerEndPoint(0,localhost,9092) with correlation id 147 for 1 topic(s) Set(earth_to_curiosity_5)
4306500 [main] INFO kafka.producer.SyncProducer  - Connected to localhost:9092 for producing
4306501 [main] INFO kafka.producer.SyncProducer  - Disconnecting from localhost:9092
4306502 [main] INFO kafka.producer.SyncProducer  - Disconnecting from zion-mainframe:9092
4306503 [main] INFO kafka.producer.SyncProducer  - Connected to zion-mainframe:9092 for producing
4921532 [main] INFO kafka.client.ClientUtils$  - Fetching metadata from broker BrokerEndPoint(0,localhost,9092) with correlation id 168 for 1 topic(s) Set(earth_to_curiosity_5)
4921533 [main] INFO kafka.producer.SyncProducer  - Connected to localhost:9092 for producing
4921539 [main] INFO kafka.producer.SyncProducer  - Disconnecting from localhost:9092
4921540 [main] INFO kafka.producer.SyncProducer  - Disconnecting from zion-mainframe:9092
4921541 [main] INFO kafka.producer.SyncProducer  - Connected to zion-mainframe:9092 for producing
5536569 [main] INFO kafka.client.ClientUtils$  - Fetching metadata from broker BrokerEndPoint(0,localhost,9092) with correlation id 189 for 1 topic(s) Set(earth_to_curiosity_5)
5536570 [main] INFO kafka.producer.SyncProducer  - Connected to localhost:9092 for producing
5536573 [main] INFO kafka.producer.SyncProducer  - Disconnecting from localhost:9092
5536574 [main] INFO kafka.producer.SyncProducer  - Disconnecting from zion-mainframe:9092
5536578 [main] INFO kafka.producer.SyncProducer  - Connected to zion-mainframe:9092 for producing
6151605 [main] INFO kafka.client.ClientUtils$  - Fetching metadata from broker BrokerEndPoint(0,localhost,9092) with correlation id 210 for 1 topic(s) Set(earth_to_curiosity_5)
6151607 [main] INFO kafka.producer.SyncProducer  - Connected to localhost:9092 for producing
6151609 [main] INFO kafka.producer.SyncProducer  - Disconnecting from localhost:9092
6151610 [main] INFO kafka.producer.SyncProducer  - Disconnecting from zion-mainframe:9092
6151612 [main] INFO kafka.producer.SyncProducer  - Connected to zion-mainframe:9092 for producing
6766639 [main] INFO kafka.client.ClientUtils$  - Fetching metadata from broker BrokerEndPoint(0,localhost,9092) with correlation id 231 for 1 topic(s) Set(earth_to_curiosity_5)
6766641 [main] INFO kafka.producer.SyncProducer  - Connected to localhost:9092 for producing
6766643 [main] INFO kafka.producer.SyncProducer  - Disconnecting from localhost:9092
6766643 [main] INFO kafka.producer.SyncProducer  - Disconnecting from zion-mainframe:9092
6766647 [main] INFO kafka.producer.SyncProducer  - Connected to zion-mainframe:9092 for producing
7381679 [main] INFO kafka.client.ClientUtils$  - Fetching metadata from broker BrokerEndPoint(0,localhost,9092) with correlation id 252 for 1 topic(s) Set(earth_to_curiosity_5)
7381680 [main] INFO kafka.producer.SyncProducer  - Connected to localhost:9092 for producing
7381683 [main] INFO kafka.producer.SyncProducer  - Disconnecting from localhost:9092
7381683 [main] INFO kafka.producer.SyncProducer  - Disconnecting from zion-mainframe:9092
7381686 [main] INFO kafka.producer.SyncProducer  - Connected to zion-mainframe:9092 for producing
7996713 [main] INFO kafka.client.ClientUtils$  - Fetching metadata from broker BrokerEndPoint(0,localhost,9092) with correlation id 273 for 1 topic(s) Set(earth_to_curiosity_5)
7996715 [main] INFO kafka.producer.SyncProducer  - Connected to localhost:9092 for producing
7996717 [main] INFO kafka.producer.SyncProducer  - Disconnecting from localhost:9092
7996718 [main] INFO kafka.producer.SyncProducer  - Disconnecting from zion-mainframe:9092
7996722 [main] INFO kafka.producer.SyncProducer  - Connected to zion-mainframe:9092 for producing
8611743 [main] INFO kafka.client.ClientUtils$  - Fetching metadata from broker BrokerEndPoint(0,localhost,9092) with correlation id 294 for 1 topic(s) Set(earth_to_curiosity_5)
8611744 [main] INFO kafka.producer.SyncProducer  - Connected to localhost:9092 for producing
8611746 [main] INFO kafka.producer.SyncProducer  - Disconnecting from localhost:9092
8611747 [main] INFO kafka.producer.SyncProducer  - Disconnecting from zion-mainframe:9092
8611749 [main] INFO kafka.producer.SyncProducer  - Connected to zion-mainframe:9092 for producing
9226769 [main] INFO kafka.client.ClientUtils$  - Fetching metadata from broker BrokerEndPoint(0,localhost,9092) with correlation id 315 for 1 topic(s) Set(earth_to_curiosity_5)
9226770 [main] INFO kafka.producer.SyncProducer  - Connected to localhost:9092 for producing
9226772 [main] INFO kafka.producer.SyncProducer  - Disconnecting from localhost:9092
9226773 [main] INFO kafka.producer.SyncProducer  - Disconnecting from zion-mainframe:9092
9226775 [main] INFO kafka.producer.SyncProducer  - Connected to zion-mainframe:9092 for producing
9841796 [main] INFO kafka.client.ClientUtils$  - Fetching metadata from broker BrokerEndPoint(0,localhost,9092) with correlation id 336 for 1 topic(s) Set(earth_to_curiosity_5)
9841797 [main] INFO kafka.producer.SyncProducer  - Connected to localhost:9092 for producing
9841800 [main] INFO kafka.producer.SyncProducer  - Disconnecting from localhost:9092
9841800 [main] INFO kafka.producer.SyncProducer  - Disconnecting from zion-mainframe:9092
9841803 [main] INFO kafka.producer.SyncProducer  - Connected to zion-mainframe:9092 for producing
10456823 [main] INFO kafka.client.ClientUtils$  - Fetching metadata from broker BrokerEndPoint(0,localhost,9092) with correlation id 357 for 1 topic(s) Set(earth_to_curiosity_5)
10456824 [main] INFO kafka.producer.SyncProducer  - Connected to localhost:9092 for producing
10456826 [main] INFO kafka.producer.SyncProducer  - Disconnecting from localhost:9092
10456827 [main] INFO kafka.producer.SyncProducer  - Disconnecting from zion-mainframe:9092
10456831 [main] INFO kafka.producer.SyncProducer  - Connected to zion-mainframe:9092 for producing
11071860 [main] INFO kafka.client.ClientUtils$  - Fetching metadata from broker BrokerEndPoint(0,localhost,9092) with correlation id 378 for 1 topic(s) Set(earth_to_curiosity_5)
11071861 [main] INFO kafka.producer.SyncProducer  - Connected to localhost:9092 for producing
11071863 [main] INFO kafka.producer.SyncProducer  - Disconnecting from localhost:9092
11071864 [main] INFO kafka.producer.SyncProducer  - Disconnecting from zion-mainframe:9092
11071866 [main] INFO kafka.producer.SyncProducer  - Connected to zion-mainframe:9092 for producing
11686887 [main] INFO kafka.client.ClientUtils$  - Fetching metadata from broker BrokerEndPoint(0,localhost,9092) with correlation id 399 for 1 topic(s) Set(earth_to_curiosity_5)
11686888 [main] INFO kafka.producer.SyncProducer  - Connected to localhost:9092 for producing
11686890 [main] INFO kafka.producer.SyncProducer  - Disconnecting from localhost:9092
11686891 [main] INFO kafka.producer.SyncProducer  - Disconnecting from zion-mainframe:9092
11686894 [main] INFO kafka.producer.SyncProducer  - Connected to zion-mainframe:9092 for producing
12301917 [main] INFO kafka.client.ClientUtils$  - Fetching metadata from broker BrokerEndPoint(0,localhost,9092) with correlation id 420 for 1 topic(s) Set(earth_to_curiosity_5)
12301918 [main] INFO kafka.producer.SyncProducer  - Connected to localhost:9092 for producing
12301920 [main] INFO kafka.producer.SyncProducer  - Disconnecting from localhost:9092
12301921 [main] INFO kafka.producer.SyncProducer  - Disconnecting from zion-mainframe:9092
12301924 [main] INFO kafka.producer.SyncProducer  - Connected to zion-mainframe:9092 for producing
12916943 [main] INFO kafka.client.ClientUtils$  - Fetching metadata from broker BrokerEndPoint(0,localhost,9092) with correlation id 441 for 1 topic(s) Set(earth_to_curiosity_5)
12916945 [main] INFO kafka.producer.SyncProducer  - Connected to localhost:9092 for producing
12916947 [main] INFO kafka.producer.SyncProducer  - Disconnecting from localhost:9092
12916948 [main] INFO kafka.producer.SyncProducer  - Disconnecting from zion-mainframe:9092
12916951 [main] INFO kafka.producer.SyncProducer  - Connected to zion-mainframe:9092 for producing
13531973 [main] INFO kafka.client.ClientUtils$  - Fetching metadata from broker BrokerEndPoint(0,localhost,9092) with correlation id 462 for 1 topic(s) Set(earth_to_curiosity_5)
13531974 [main] INFO kafka.producer.SyncProducer  - Connected to localhost:9092 for producing
13531976 [main] INFO kafka.producer.SyncProducer  - Disconnecting from localhost:9092
13531976 [main] INFO kafka.producer.SyncProducer  - Disconnecting from zion-mainframe:9092
13531979 [main] INFO kafka.producer.SyncProducer  - Connected to zion-mainframe:9092 for producing
14146998 [main] INFO kafka.client.ClientUtils$  - Fetching metadata from broker BrokerEndPoint(0,localhost,9092) with correlation id 483 for 1 topic(s) Set(earth_to_curiosity_5)
14146999 [main] INFO kafka.producer.SyncProducer  - Connected to localhost:9092 for producing
14147002 [main] INFO kafka.producer.SyncProducer  - Disconnecting from localhost:9092
14147002 [main] INFO kafka.producer.SyncProducer  - Disconnecting from zion-mainframe:9092
14147005 [main] INFO kafka.producer.SyncProducer  - Connected to zion-mainframe:9092 for producing
14762028 [main] INFO kafka.client.ClientUtils$  - Fetching metadata from broker BrokerEndPoint(0,localhost,9092) with correlation id 504 for 1 topic(s) Set(earth_to_curiosity_5)
14762030 [main] INFO kafka.producer.SyncProducer  - Connected to localhost:9092 for producing
14762032 [main] INFO kafka.producer.SyncProducer  - Disconnecting from localhost:9092
14762032 [main] INFO kafka.producer.SyncProducer  - Disconnecting from zion-mainframe:9092
14762035 [main] INFO kafka.producer.SyncProducer  - Connected to zion-mainframe:9092 for producing
15377053 [main] INFO kafka.client.ClientUtils$  - Fetching metadata from broker BrokerEndPoint(0,localhost,9092) with correlation id 525 for 1 topic(s) Set(earth_to_curiosity_5)
15377055 [main] INFO kafka.producer.SyncProducer  - Connected to localhost:9092 for producing
15377057 [main] INFO kafka.producer.SyncProducer  - Disconnecting from localhost:9092
15377057 [main] INFO kafka.producer.SyncProducer  - Disconnecting from zion-mainframe:9092
15377060 [main] INFO kafka.producer.SyncProducer  - Connected to zion-mainframe:9092 for producing
15992083 [main] INFO kafka.client.ClientUtils$  - Fetching metadata from broker BrokerEndPoint(0,localhost,9092) with correlation id 546 for 1 topic(s) Set(earth_to_curiosity_5)
15992084 [main] INFO kafka.producer.SyncProducer  - Connected to localhost:9092 for producing
15992086 [main] INFO kafka.producer.SyncProducer  - Disconnecting from localhost:9092
15992087 [main] INFO kafka.producer.SyncProducer  - Disconnecting from zion-mainframe:9092
15992089 [main] INFO kafka.producer.SyncProducer  - Connected to zion-mainframe:9092 for producing
16607108 [main] INFO kafka.client.ClientUtils$  - Fetching metadata from broker BrokerEndPoint(0,localhost,9092) with correlation id 567 for 1 topic(s) Set(earth_to_curiosity_5)
16607109 [main] INFO kafka.producer.SyncProducer  - Connected to localhost:9092 for producing
16607137 [main] INFO kafka.producer.SyncProducer  - Disconnecting from localhost:9092
16607138 [main] INFO kafka.producer.SyncProducer  - Disconnecting from zion-mainframe:9092
16607140 [main] INFO kafka.producer.SyncProducer  - Connected to zion-mainframe:9092 for producing
17222158 [main] INFO kafka.client.ClientUtils$  - Fetching metadata from broker BrokerEndPoint(0,localhost,9092) with correlation id 588 for 1 topic(s) Set(earth_to_curiosity_5)
17222159 [main] INFO kafka.producer.SyncProducer  - Connected to localhost:9092 for producing
17222161 [main] INFO kafka.producer.SyncProducer  - Disconnecting from localhost:9092
17222162 [main] INFO kafka.producer.SyncProducer  - Disconnecting from zion-mainframe:9092
17222164 [main] INFO kafka.producer.SyncProducer  - Connected to zion-mainframe:9092 for producing
17837184 [main] INFO kafka.client.ClientUtils$  - Fetching metadata from broker BrokerEndPoint(0,localhost,9092) with correlation id 609 for 1 topic(s) Set(earth_to_curiosity_5)
17837185 [main] INFO kafka.producer.SyncProducer  - Connected to localhost:9092 for producing
17837187 [main] INFO kafka.producer.SyncProducer  - Disconnecting from localhost:9092
17837188 [main] INFO kafka.producer.SyncProducer  - Disconnecting from zion-mainframe:9092
17837190 [main] INFO kafka.producer.SyncProducer  - Connected to zion-mainframe:9092 for producing
18452211 [main] INFO kafka.client.ClientUtils$  - Fetching metadata from broker BrokerEndPoint(0,localhost,9092) with correlation id 630 for 1 topic(s) Set(earth_to_curiosity_5)
18452212 [main] INFO kafka.producer.SyncProducer  - Connected to localhost:9092 for producing
18452214 [main] INFO kafka.producer.SyncProducer  - Disconnecting from localhost:9092
18452215 [main] INFO kafka.producer.SyncProducer  - Disconnecting from zion-mainframe:9092
18452217 [main] INFO kafka.producer.SyncProducer  - Connected to zion-mainframe:9092 for producing
19067234 [main] INFO kafka.client.ClientUtils$  - Fetching metadata from broker BrokerEndPoint(0,localhost,9092) with correlation id 651 for 1 topic(s) Set(earth_to_curiosity_5)
19067235 [main] INFO kafka.producer.SyncProducer  - Connected to localhost:9092 for producing
19067237 [main] INFO kafka.producer.SyncProducer  - Disconnecting from localhost:9092
19067238 [main] INFO kafka.producer.SyncProducer  - Disconnecting from zion-mainframe:9092
19067242 [main] INFO kafka.producer.SyncProducer  - Connected to zion-mainframe:9092 for producing
19682258 [main] INFO kafka.client.ClientUtils$  - Fetching metadata from broker BrokerEndPoint(0,localhost,9092) with correlation id 672 for 1 topic(s) Set(earth_to_curiosity_5)
19682259 [main] INFO kafka.producer.SyncProducer  - Connected to localhost:9092 for producing
19682261 [main] INFO kafka.producer.SyncProducer  - Disconnecting from localhost:9092
19682262 [main] INFO kafka.producer.SyncProducer  - Disconnecting from zion-mainframe:9092
19682265 [main] INFO kafka.producer.SyncProducer  - Connected to zion-mainframe:9092 for producing
20297278 [main] INFO kafka.client.ClientUtils$  - Fetching metadata from broker BrokerEndPoint(0,localhost,9092) with correlation id 693 for 1 topic(s) Set(earth_to_curiosity_5)
20297278 [main] INFO kafka.producer.SyncProducer  - Connected to localhost:9092 for producing
20297279 [main] INFO kafka.producer.SyncProducer  - Disconnecting from localhost:9092
20297279 [main] INFO kafka.producer.SyncProducer  - Disconnecting from zion-mainframe:9092
20297280 [main] INFO kafka.producer.SyncProducer  - Connected to zion-mainframe:9092 for producing
20912295 [main] INFO kafka.client.ClientUtils$  - Fetching metadata from broker BrokerEndPoint(0,localhost,9092) with correlation id 714 for 1 topic(s) Set(earth_to_curiosity_5)
20912296 [main] INFO kafka.producer.SyncProducer  - Connected to localhost:9092 for producing
20912298 [main] INFO kafka.producer.SyncProducer  - Disconnecting from localhost:9092
20912299 [main] INFO kafka.producer.SyncProducer  - Disconnecting from zion-mainframe:9092
20912301 [main] INFO kafka.producer.SyncProducer  - Connected to zion-mainframe:9092 for producing
21527318 [main] INFO kafka.client.ClientUtils$  - Fetching metadata from broker BrokerEndPoint(0,localhost,9092) with correlation id 735 for 1 topic(s) Set(earth_to_curiosity_5)
21527319 [main] INFO kafka.producer.SyncProducer  - Connected to localhost:9092 for producing
21527321 [main] INFO kafka.producer.SyncProducer  - Disconnecting from localhost:9092
21527321 [main] INFO kafka.producer.SyncProducer  - Disconnecting from zion-mainframe:9092
21527324 [main] INFO kafka.producer.SyncProducer  - Connected to zion-mainframe:9092 for producing
