0 [main] INFO kafka.utils.VerifiableProperties  - Verifying properties
89 [main] WARN kafka.utils.VerifiableProperties  - Property auto.offset.reset is not valid
90 [main] WARN kafka.utils.VerifiableProperties  - Property bootstrap.servers is not valid
91 [main] WARN kafka.utils.VerifiableProperties  - Property destination.topic is not valid
91 [main] WARN kafka.utils.VerifiableProperties  - Property group.id is not valid
92 [main] WARN kafka.utils.VerifiableProperties  - Property key.serializer is not valid
94 [main] INFO kafka.utils.VerifiableProperties  - Property metadata.broker.list is overridden to localhost:9092
94 [main] WARN kafka.utils.VerifiableProperties  - Property source.topic is not valid
95 [main] WARN kafka.utils.VerifiableProperties  - Property value.serializer is not valid
96 [main] WARN kafka.utils.VerifiableProperties  - Property zookeeper.connect is not valid
344 [main] INFO kafka.client.ClientUtils$  - Fetching metadata from broker BrokerEndPoint(0,localhost,9092) with correlation id 0 for 1 topic(s) Set(earth_to_curiosity_5)
464 [main] INFO kafka.producer.SyncProducer  - Connected to localhost:9092 for producing
487 [main] INFO kafka.producer.SyncProducer  - Disconnecting from localhost:9092
567 [main] INFO kafka.producer.SyncProducer  - Connected to zion-mainframe:9092 for producing
615651 [main] INFO kafka.client.ClientUtils$  - Fetching metadata from broker BrokerEndPoint(0,localhost,9092) with correlation id 21 for 1 topic(s) Set(earth_to_curiosity_5)
615653 [main] INFO kafka.producer.SyncProducer  - Connected to localhost:9092 for producing
615656 [main] INFO kafka.producer.SyncProducer  - Disconnecting from localhost:9092
615660 [main] INFO kafka.producer.SyncProducer  - Disconnecting from zion-mainframe:9092
615671 [main] INFO kafka.producer.SyncProducer  - Connected to zion-mainframe:9092 for producing
1230728 [main] INFO kafka.client.ClientUtils$  - Fetching metadata from broker BrokerEndPoint(0,localhost,9092) with correlation id 42 for 1 topic(s) Set(earth_to_curiosity_5)
1230730 [main] INFO kafka.producer.SyncProducer  - Connected to localhost:9092 for producing
1230733 [main] INFO kafka.producer.SyncProducer  - Disconnecting from localhost:9092
1230734 [main] INFO kafka.producer.SyncProducer  - Disconnecting from zion-mainframe:9092
1230741 [main] INFO kafka.producer.SyncProducer  - Connected to zion-mainframe:9092 for producing
1845780 [main] INFO kafka.client.ClientUtils$  - Fetching metadata from broker BrokerEndPoint(0,localhost,9092) with correlation id 63 for 1 topic(s) Set(earth_to_curiosity_5)
1845782 [main] INFO kafka.producer.SyncProducer  - Connected to localhost:9092 for producing
1845784 [main] INFO kafka.producer.SyncProducer  - Disconnecting from localhost:9092
1845785 [main] INFO kafka.producer.SyncProducer  - Disconnecting from zion-mainframe:9092
1845788 [main] INFO kafka.producer.SyncProducer  - Connected to zion-mainframe:9092 for producing
2460838 [main] INFO kafka.client.ClientUtils$  - Fetching metadata from broker BrokerEndPoint(0,localhost,9092) with correlation id 84 for 1 topic(s) Set(earth_to_curiosity_5)
2460839 [main] INFO kafka.producer.SyncProducer  - Connected to localhost:9092 for producing
2460839 [main] INFO kafka.producer.SyncProducer  - Disconnecting from localhost:9092
2460840 [main] INFO kafka.producer.SyncProducer  - Disconnecting from zion-mainframe:9092
2460841 [main] INFO kafka.producer.SyncProducer  - Connected to zion-mainframe:9092 for producing
3075868 [main] INFO kafka.client.ClientUtils$  - Fetching metadata from broker BrokerEndPoint(0,localhost,9092) with correlation id 105 for 1 topic(s) Set(earth_to_curiosity_5)
3075869 [main] INFO kafka.producer.SyncProducer  - Connected to localhost:9092 for producing
3075870 [main] INFO kafka.producer.SyncProducer  - Disconnecting from localhost:9092
3075871 [main] INFO kafka.producer.SyncProducer  - Disconnecting from zion-mainframe:9092
3075874 [main] INFO kafka.producer.SyncProducer  - Connected to zion-mainframe:9092 for producing
3690910 [main] INFO kafka.client.ClientUtils$  - Fetching metadata from broker BrokerEndPoint(0,localhost,9092) with correlation id 126 for 1 topic(s) Set(earth_to_curiosity_5)
3690912 [main] INFO kafka.producer.SyncProducer  - Connected to localhost:9092 for producing
3690916 [main] INFO kafka.producer.SyncProducer  - Disconnecting from localhost:9092
3690917 [main] INFO kafka.producer.SyncProducer  - Disconnecting from zion-mainframe:9092
3690924 [main] INFO kafka.producer.SyncProducer  - Connected to zion-mainframe:9092 for producing
4305960 [main] INFO kafka.client.ClientUtils$  - Fetching metadata from broker BrokerEndPoint(0,localhost,9092) with correlation id 147 for 1 topic(s) Set(earth_to_curiosity_5)
4305961 [main] INFO kafka.producer.SyncProducer  - Connected to localhost:9092 for producing
4305962 [main] INFO kafka.producer.SyncProducer  - Disconnecting from localhost:9092
4305962 [main] INFO kafka.producer.SyncProducer  - Disconnecting from zion-mainframe:9092
4305964 [main] INFO kafka.producer.SyncProducer  - Connected to zion-mainframe:9092 for producing
4920986 [main] INFO kafka.client.ClientUtils$  - Fetching metadata from broker BrokerEndPoint(0,localhost,9092) with correlation id 168 for 1 topic(s) Set(earth_to_curiosity_5)
4920987 [main] INFO kafka.producer.SyncProducer  - Connected to localhost:9092 for producing
4920989 [main] INFO kafka.producer.SyncProducer  - Disconnecting from localhost:9092
4920991 [main] INFO kafka.producer.SyncProducer  - Disconnecting from zion-mainframe:9092
4920995 [main] INFO kafka.producer.SyncProducer  - Connected to zion-mainframe:9092 for producing
5536023 [main] INFO kafka.client.ClientUtils$  - Fetching metadata from broker BrokerEndPoint(0,localhost,9092) with correlation id 189 for 1 topic(s) Set(earth_to_curiosity_5)
5536024 [main] INFO kafka.producer.SyncProducer  - Connected to localhost:9092 for producing
5536026 [main] INFO kafka.producer.SyncProducer  - Disconnecting from localhost:9092
5536027 [main] INFO kafka.producer.SyncProducer  - Disconnecting from zion-mainframe:9092
5536029 [main] INFO kafka.producer.SyncProducer  - Connected to zion-mainframe:9092 for producing
6151051 [main] INFO kafka.client.ClientUtils$  - Fetching metadata from broker BrokerEndPoint(0,localhost,9092) with correlation id 210 for 1 topic(s) Set(earth_to_curiosity_5)
6151052 [main] INFO kafka.producer.SyncProducer  - Connected to localhost:9092 for producing
6151054 [main] INFO kafka.producer.SyncProducer  - Disconnecting from localhost:9092
6151055 [main] INFO kafka.producer.SyncProducer  - Disconnecting from zion-mainframe:9092
6151058 [main] INFO kafka.producer.SyncProducer  - Connected to zion-mainframe:9092 for producing
6766084 [main] INFO kafka.client.ClientUtils$  - Fetching metadata from broker BrokerEndPoint(0,localhost,9092) with correlation id 231 for 1 topic(s) Set(earth_to_curiosity_5)
6766085 [main] INFO kafka.producer.SyncProducer  - Connected to localhost:9092 for producing
6766087 [main] INFO kafka.producer.SyncProducer  - Disconnecting from localhost:9092
6766087 [main] INFO kafka.producer.SyncProducer  - Disconnecting from zion-mainframe:9092
6766091 [main] INFO kafka.producer.SyncProducer  - Connected to zion-mainframe:9092 for producing
7381118 [main] INFO kafka.client.ClientUtils$  - Fetching metadata from broker BrokerEndPoint(0,localhost,9092) with correlation id 252 for 1 topic(s) Set(earth_to_curiosity_5)
7381119 [main] INFO kafka.producer.SyncProducer  - Connected to localhost:9092 for producing
7381121 [main] INFO kafka.producer.SyncProducer  - Disconnecting from localhost:9092
7381121 [main] INFO kafka.producer.SyncProducer  - Disconnecting from zion-mainframe:9092
7381125 [main] INFO kafka.producer.SyncProducer  - Connected to zion-mainframe:9092 for producing
7996147 [main] INFO kafka.client.ClientUtils$  - Fetching metadata from broker BrokerEndPoint(0,localhost,9092) with correlation id 273 for 1 topic(s) Set(earth_to_curiosity_5)
7996148 [main] INFO kafka.producer.SyncProducer  - Connected to localhost:9092 for producing
7996150 [main] INFO kafka.producer.SyncProducer  - Disconnecting from localhost:9092
7996153 [main] INFO kafka.producer.SyncProducer  - Disconnecting from zion-mainframe:9092
7996160 [main] INFO kafka.producer.SyncProducer  - Connected to zion-mainframe:9092 for producing
8611182 [main] INFO kafka.client.ClientUtils$  - Fetching metadata from broker BrokerEndPoint(0,localhost,9092) with correlation id 294 for 1 topic(s) Set(earth_to_curiosity_5)
8611183 [main] INFO kafka.producer.SyncProducer  - Connected to localhost:9092 for producing
8611183 [main] INFO kafka.producer.SyncProducer  - Disconnecting from localhost:9092
8611184 [main] INFO kafka.producer.SyncProducer  - Disconnecting from zion-mainframe:9092
8611184 [main] INFO kafka.producer.SyncProducer  - Connected to zion-mainframe:9092 for producing
9226205 [main] INFO kafka.client.ClientUtils$  - Fetching metadata from broker BrokerEndPoint(0,localhost,9092) with correlation id 315 for 1 topic(s) Set(earth_to_curiosity_5)
9226206 [main] INFO kafka.producer.SyncProducer  - Connected to localhost:9092 for producing
9226209 [main] INFO kafka.producer.SyncProducer  - Disconnecting from localhost:9092
9226209 [main] INFO kafka.producer.SyncProducer  - Disconnecting from zion-mainframe:9092
9226213 [main] INFO kafka.producer.SyncProducer  - Connected to zion-mainframe:9092 for producing
9841239 [main] INFO kafka.client.ClientUtils$  - Fetching metadata from broker BrokerEndPoint(0,localhost,9092) with correlation id 336 for 1 topic(s) Set(earth_to_curiosity_5)
9841240 [main] INFO kafka.producer.SyncProducer  - Connected to localhost:9092 for producing
9841242 [main] INFO kafka.producer.SyncProducer  - Disconnecting from localhost:9092
9841243 [main] INFO kafka.producer.SyncProducer  - Disconnecting from zion-mainframe:9092
9841245 [main] INFO kafka.producer.SyncProducer  - Connected to zion-mainframe:9092 for producing
10456270 [main] INFO kafka.client.ClientUtils$  - Fetching metadata from broker BrokerEndPoint(0,localhost,9092) with correlation id 357 for 1 topic(s) Set(earth_to_curiosity_5)
10456271 [main] INFO kafka.producer.SyncProducer  - Connected to localhost:9092 for producing
10456273 [main] INFO kafka.producer.SyncProducer  - Disconnecting from localhost:9092
10456274 [main] INFO kafka.producer.SyncProducer  - Disconnecting from zion-mainframe:9092
10456278 [main] INFO kafka.producer.SyncProducer  - Connected to zion-mainframe:9092 for producing
11071306 [main] INFO kafka.client.ClientUtils$  - Fetching metadata from broker BrokerEndPoint(0,localhost,9092) with correlation id 378 for 1 topic(s) Set(earth_to_curiosity_5)
11071307 [main] INFO kafka.producer.SyncProducer  - Connected to localhost:9092 for producing
11071309 [main] INFO kafka.producer.SyncProducer  - Disconnecting from localhost:9092
11071310 [main] INFO kafka.producer.SyncProducer  - Disconnecting from zion-mainframe:9092
11071312 [main] INFO kafka.producer.SyncProducer  - Connected to zion-mainframe:9092 for producing
11686334 [main] INFO kafka.client.ClientUtils$  - Fetching metadata from broker BrokerEndPoint(0,localhost,9092) with correlation id 399 for 1 topic(s) Set(earth_to_curiosity_5)
11686335 [main] INFO kafka.producer.SyncProducer  - Connected to localhost:9092 for producing
11686337 [main] INFO kafka.producer.SyncProducer  - Disconnecting from localhost:9092
11686338 [main] INFO kafka.producer.SyncProducer  - Disconnecting from zion-mainframe:9092
11686342 [main] INFO kafka.producer.SyncProducer  - Connected to zion-mainframe:9092 for producing
12301362 [main] INFO kafka.client.ClientUtils$  - Fetching metadata from broker BrokerEndPoint(0,localhost,9092) with correlation id 420 for 1 topic(s) Set(earth_to_curiosity_5)
12301363 [main] INFO kafka.producer.SyncProducer  - Connected to localhost:9092 for producing
12301365 [main] INFO kafka.producer.SyncProducer  - Disconnecting from localhost:9092
12301366 [main] INFO kafka.producer.SyncProducer  - Disconnecting from zion-mainframe:9092
12301368 [main] INFO kafka.producer.SyncProducer  - Connected to zion-mainframe:9092 for producing
12916389 [main] INFO kafka.client.ClientUtils$  - Fetching metadata from broker BrokerEndPoint(0,localhost,9092) with correlation id 441 for 1 topic(s) Set(earth_to_curiosity_5)
12916391 [main] INFO kafka.producer.SyncProducer  - Connected to localhost:9092 for producing
12916392 [main] INFO kafka.producer.SyncProducer  - Disconnecting from localhost:9092
12916393 [main] INFO kafka.producer.SyncProducer  - Disconnecting from zion-mainframe:9092
12916395 [main] INFO kafka.producer.SyncProducer  - Connected to zion-mainframe:9092 for producing
13531416 [main] INFO kafka.client.ClientUtils$  - Fetching metadata from broker BrokerEndPoint(0,localhost,9092) with correlation id 462 for 1 topic(s) Set(earth_to_curiosity_5)
13531416 [main] INFO kafka.producer.SyncProducer  - Connected to localhost:9092 for producing
13531417 [main] INFO kafka.producer.SyncProducer  - Disconnecting from localhost:9092
13531417 [main] INFO kafka.producer.SyncProducer  - Disconnecting from zion-mainframe:9092
13531418 [main] INFO kafka.producer.SyncProducer  - Connected to zion-mainframe:9092 for producing
14146434 [main] INFO kafka.client.ClientUtils$  - Fetching metadata from broker BrokerEndPoint(0,localhost,9092) with correlation id 483 for 1 topic(s) Set(earth_to_curiosity_5)
14146434 [main] INFO kafka.producer.SyncProducer  - Connected to localhost:9092 for producing
14146435 [main] INFO kafka.producer.SyncProducer  - Disconnecting from localhost:9092
14146435 [main] INFO kafka.producer.SyncProducer  - Disconnecting from zion-mainframe:9092
14146436 [main] INFO kafka.producer.SyncProducer  - Connected to zion-mainframe:9092 for producing
14761458 [main] INFO kafka.client.ClientUtils$  - Fetching metadata from broker BrokerEndPoint(0,localhost,9092) with correlation id 504 for 1 topic(s) Set(earth_to_curiosity_5)
14761459 [main] INFO kafka.producer.SyncProducer  - Connected to localhost:9092 for producing
14761461 [main] INFO kafka.producer.SyncProducer  - Disconnecting from localhost:9092
14761463 [main] INFO kafka.producer.SyncProducer  - Disconnecting from zion-mainframe:9092
14761466 [main] INFO kafka.producer.SyncProducer  - Connected to zion-mainframe:9092 for producing
15376483 [main] INFO kafka.client.ClientUtils$  - Fetching metadata from broker BrokerEndPoint(0,localhost,9092) with correlation id 525 for 1 topic(s) Set(earth_to_curiosity_5)
15376483 [main] INFO kafka.producer.SyncProducer  - Connected to localhost:9092 for producing
15376484 [main] INFO kafka.producer.SyncProducer  - Disconnecting from localhost:9092
15376484 [main] INFO kafka.producer.SyncProducer  - Disconnecting from zion-mainframe:9092
15376485 [main] INFO kafka.producer.SyncProducer  - Connected to zion-mainframe:9092 for producing
15991499 [main] INFO kafka.client.ClientUtils$  - Fetching metadata from broker BrokerEndPoint(0,localhost,9092) with correlation id 546 for 1 topic(s) Set(earth_to_curiosity_5)
15991500 [main] INFO kafka.producer.SyncProducer  - Connected to localhost:9092 for producing
15991501 [main] INFO kafka.producer.SyncProducer  - Disconnecting from localhost:9092
15991501 [main] INFO kafka.producer.SyncProducer  - Disconnecting from zion-mainframe:9092
15991502 [main] INFO kafka.producer.SyncProducer  - Connected to zion-mainframe:9092 for producing
16606515 [main] INFO kafka.client.ClientUtils$  - Fetching metadata from broker BrokerEndPoint(0,localhost,9092) with correlation id 567 for 1 topic(s) Set(earth_to_curiosity_5)
16606516 [main] INFO kafka.producer.SyncProducer  - Connected to localhost:9092 for producing
16606517 [main] INFO kafka.producer.SyncProducer  - Disconnecting from localhost:9092
16606517 [main] INFO kafka.producer.SyncProducer  - Disconnecting from zion-mainframe:9092
16606517 [main] INFO kafka.producer.SyncProducer  - Connected to zion-mainframe:9092 for producing
17221538 [main] INFO kafka.client.ClientUtils$  - Fetching metadata from broker BrokerEndPoint(0,localhost,9092) with correlation id 588 for 1 topic(s) Set(earth_to_curiosity_5)
17221539 [main] INFO kafka.producer.SyncProducer  - Connected to localhost:9092 for producing
17221540 [main] INFO kafka.producer.SyncProducer  - Disconnecting from localhost:9092
17221541 [main] INFO kafka.producer.SyncProducer  - Disconnecting from zion-mainframe:9092
17221542 [main] INFO kafka.producer.SyncProducer  - Connected to zion-mainframe:9092 for producing
17836559 [main] INFO kafka.client.ClientUtils$  - Fetching metadata from broker BrokerEndPoint(0,localhost,9092) with correlation id 609 for 1 topic(s) Set(earth_to_curiosity_5)
17836560 [main] INFO kafka.producer.SyncProducer  - Connected to localhost:9092 for producing
17836562 [main] INFO kafka.producer.SyncProducer  - Disconnecting from localhost:9092
17836563 [main] INFO kafka.producer.SyncProducer  - Disconnecting from zion-mainframe:9092
17836566 [main] INFO kafka.producer.SyncProducer  - Connected to zion-mainframe:9092 for producing
18451588 [main] INFO kafka.client.ClientUtils$  - Fetching metadata from broker BrokerEndPoint(0,localhost,9092) with correlation id 630 for 1 topic(s) Set(earth_to_curiosity_5)
18451590 [main] INFO kafka.producer.SyncProducer  - Connected to localhost:9092 for producing
18451592 [main] INFO kafka.producer.SyncProducer  - Disconnecting from localhost:9092
18451592 [main] INFO kafka.producer.SyncProducer  - Disconnecting from zion-mainframe:9092
18451597 [main] INFO kafka.producer.SyncProducer  - Connected to zion-mainframe:9092 for producing
19066615 [main] INFO kafka.client.ClientUtils$  - Fetching metadata from broker BrokerEndPoint(0,localhost,9092) with correlation id 651 for 1 topic(s) Set(earth_to_curiosity_5)
19066616 [main] INFO kafka.producer.SyncProducer  - Connected to localhost:9092 for producing
19066618 [main] INFO kafka.producer.SyncProducer  - Disconnecting from localhost:9092
19066618 [main] INFO kafka.producer.SyncProducer  - Disconnecting from zion-mainframe:9092
19066621 [main] INFO kafka.producer.SyncProducer  - Connected to zion-mainframe:9092 for producing
19681636 [main] INFO kafka.client.ClientUtils$  - Fetching metadata from broker BrokerEndPoint(0,localhost,9092) with correlation id 672 for 1 topic(s) Set(earth_to_curiosity_5)
19681637 [main] INFO kafka.producer.SyncProducer  - Connected to localhost:9092 for producing
19681639 [main] INFO kafka.producer.SyncProducer  - Disconnecting from localhost:9092
19681639 [main] INFO kafka.producer.SyncProducer  - Disconnecting from zion-mainframe:9092
19681642 [main] INFO kafka.producer.SyncProducer  - Connected to zion-mainframe:9092 for producing
20296659 [main] INFO kafka.client.ClientUtils$  - Fetching metadata from broker BrokerEndPoint(0,localhost,9092) with correlation id 693 for 1 topic(s) Set(earth_to_curiosity_5)
20296660 [main] INFO kafka.producer.SyncProducer  - Connected to localhost:9092 for producing
20296662 [main] INFO kafka.producer.SyncProducer  - Disconnecting from localhost:9092
20296663 [main] INFO kafka.producer.SyncProducer  - Disconnecting from zion-mainframe:9092
20296665 [main] INFO kafka.producer.SyncProducer  - Connected to zion-mainframe:9092 for producing
20911682 [main] INFO kafka.client.ClientUtils$  - Fetching metadata from broker BrokerEndPoint(0,localhost,9092) with correlation id 714 for 1 topic(s) Set(earth_to_curiosity_5)
20911683 [main] INFO kafka.producer.SyncProducer  - Connected to localhost:9092 for producing
20911685 [main] INFO kafka.producer.SyncProducer  - Disconnecting from localhost:9092
20911685 [main] INFO kafka.producer.SyncProducer  - Disconnecting from zion-mainframe:9092
20911688 [main] INFO kafka.producer.SyncProducer  - Connected to zion-mainframe:9092 for producing
21526701 [main] INFO kafka.client.ClientUtils$  - Fetching metadata from broker BrokerEndPoint(0,localhost,9092) with correlation id 735 for 1 topic(s) Set(earth_to_curiosity_5)
21526702 [main] INFO kafka.producer.SyncProducer  - Connected to localhost:9092 for producing
21526703 [main] INFO kafka.producer.SyncProducer  - Disconnecting from localhost:9092
21526703 [main] INFO kafka.producer.SyncProducer  - Disconnecting from zion-mainframe:9092
21526704 [main] INFO kafka.producer.SyncProducer  - Connected to zion-mainframe:9092 for producing
