0 [main] INFO kafka.utils.VerifiableProperties  - Verifying properties
21 [main] INFO kafka.utils.VerifiableProperties  - Property auto.offset.reset is overridden to largest
21 [main] WARN kafka.utils.VerifiableProperties  - Property bootstrap.servers is not valid
21 [main] WARN kafka.utils.VerifiableProperties  - Property destination.topic is not valid
21 [main] INFO kafka.utils.VerifiableProperties  - Property group.id is overridden to space.exploration.mars.rover.curiosity.1538901671435
21 [main] WARN kafka.utils.VerifiableProperties  - Property key.serializer is not valid
22 [main] WARN kafka.utils.VerifiableProperties  - Property metadata.broker.list is not valid
22 [main] WARN kafka.utils.VerifiableProperties  - Property source.topic is not valid
22 [main] WARN kafka.utils.VerifiableProperties  - Property value.serializer is not valid
22 [main] INFO kafka.utils.VerifiableProperties  - Property zookeeper.connect is overridden to localhost:2181
69 [main] INFO kafka.consumer.ZookeeperConsumerConnector  - [space.exploration.mars.rover.curiosity.1538901671435_zion-mainframe-1538901671749-30a270ab], Connecting to zookeeper instance at localhost:2181
74 [ZkClient-EventThread-17-localhost:2181] INFO org.I0Itec.zkclient.ZkEventThread  - Starting ZkClient event thread.
78 [main] INFO org.apache.zookeeper.ZooKeeper  - Client environment:zookeeper.version=3.4.6-1569965, built on 02/20/2014 09:09 GMT
78 [main] INFO org.apache.zookeeper.ZooKeeper  - Client environment:host.name=zion-mainframe
78 [main] INFO org.apache.zookeeper.ZooKeeper  - Client environment:java.version=10.0.2
78 [main] INFO org.apache.zookeeper.ZooKeeper  - Client environment:java.vendor=Oracle Corporation
78 [main] INFO org.apache.zookeeper.ZooKeeper  - Client environment:java.home=/usr/lib/jvm/java-11-openjdk-amd64
78 [main] INFO org.apache.zookeeper.ZooKeeper  - Client environment:java.class.path=target/mission.control-2.0-shaded.jar
79 [main] INFO org.apache.zookeeper.ZooKeeper  - Client environment:java.library.path=/usr/java/packages/lib:/usr/lib/x86_64-linux-gnu/jni:/lib/x86_64-linux-gnu:/usr/lib/x86_64-linux-gnu:/usr/lib/jni:/lib:/usr/lib
79 [main] INFO org.apache.zookeeper.ZooKeeper  - Client environment:java.io.tmpdir=/tmp
79 [main] INFO org.apache.zookeeper.ZooKeeper  - Client environment:java.compiler=<NA>
79 [main] INFO org.apache.zookeeper.ZooKeeper  - Client environment:os.name=Linux
79 [main] INFO org.apache.zookeeper.ZooKeeper  - Client environment:os.arch=amd64
79 [main] INFO org.apache.zookeeper.ZooKeeper  - Client environment:os.version=4.15.0-36-generic
79 [main] INFO org.apache.zookeeper.ZooKeeper  - Client environment:user.name=sanket
79 [main] INFO org.apache.zookeeper.ZooKeeper  - Client environment:user.home=/home/sanket
79 [main] INFO org.apache.zookeeper.ZooKeeper  - Client environment:user.dir=/home/sanket/Documents/workspace/Mission.Control
79 [main] INFO org.apache.zookeeper.ZooKeeper  - Initiating client connection, connectString=localhost:2181 sessionTimeout=6000 watcher=org.I0Itec.zkclient.ZkClient@791d1f8b
92 [main] INFO org.I0Itec.zkclient.ZkClient  - Waiting for keeper state SyncConnected
97 [main-SendThread(localhost:2181)] INFO org.apache.zookeeper.ClientCnxn  - Opening socket connection to server localhost/127.0.0.1:2181. Will not attempt to authenticate using SASL (unknown error)
104 [main-SendThread(localhost:2181)] INFO org.apache.zookeeper.ClientCnxn  - Socket connection established to localhost/127.0.0.1:2181, initiating session
109 [main-SendThread(localhost:2181)] INFO org.apache.zookeeper.ClientCnxn  - Session establishment complete on server localhost/127.0.0.1:2181, sessionid = 0x1664dafb8b80001, negotiated timeout = 6000
109 [main-EventThread] INFO org.I0Itec.zkclient.ZkClient  - zookeeper state changed (SyncConnected)
117 [main] INFO kafka.consumer.ZookeeperConsumerConnector  - [space.exploration.mars.rover.curiosity.1538901671435_zion-mainframe-1538901671749-30a270ab], starting auto committer every 60000 ms
135 [Thread-0] INFO kafka.consumer.ZookeeperConsumerConnector  - [space.exploration.mars.rover.curiosity.1538901671435_zion-mainframe-1538901671749-30a270ab], begin registering consumer space.exploration.mars.rover.curiosity.1538901671435_zion-mainframe-1538901671749-30a270ab in ZK
153 [Thread-0] INFO kafka.utils.ZKCheckedEphemeral  - Creating /consumers/space.exploration.mars.rover.curiosity.1538901671435/ids/space.exploration.mars.rover.curiosity.1538901671435_zion-mainframe-1538901671749-30a270ab (is it secure? false)
162 [Thread-0] INFO kafka.utils.ZKCheckedEphemeral  - Result of znode creation is: OK
163 [Thread-0] INFO kafka.consumer.ZookeeperConsumerConnector  - [space.exploration.mars.rover.curiosity.1538901671435_zion-mainframe-1538901671749-30a270ab], end registering consumer space.exploration.mars.rover.curiosity.1538901671435_zion-mainframe-1538901671749-30a270ab in ZK
165 [space.exploration.mars.rover.curiosity.1538901671435_zion-mainframe-1538901671749-30a270ab_watcher_executor] INFO kafka.consumer.ZookeeperConsumerConnector  - [space.exploration.mars.rover.curiosity.1538901671435_zion-mainframe-1538901671749-30a270ab], starting watcher executor thread for consumer space.exploration.mars.rover.curiosity.1538901671435_zion-mainframe-1538901671749-30a270ab
175 [Thread-0] INFO kafka.consumer.ZookeeperConsumerConnector  - [space.exploration.mars.rover.curiosity.1538901671435_zion-mainframe-1538901671749-30a270ab], begin rebalancing consumer space.exploration.mars.rover.curiosity.1538901671435_zion-mainframe-1538901671749-30a270ab try #0
236 [Thread-0] INFO kafka.consumer.ConsumerFetcherManager  - [ConsumerFetcherManager-1538901671796] Stopping leader finder thread
236 [Thread-0] INFO kafka.consumer.ConsumerFetcherManager  - [ConsumerFetcherManager-1538901671796] Stopping all fetchers
236 [Thread-0] INFO kafka.consumer.ConsumerFetcherManager  - [ConsumerFetcherManager-1538901671796] All connections stopped
237 [Thread-0] INFO kafka.consumer.ZookeeperConsumerConnector  - [space.exploration.mars.rover.curiosity.1538901671435_zion-mainframe-1538901671749-30a270ab], Cleared all relevant queues for this fetcher
237 [Thread-0] INFO kafka.consumer.ZookeeperConsumerConnector  - [space.exploration.mars.rover.curiosity.1538901671435_zion-mainframe-1538901671749-30a270ab], Cleared the data chunks in all the consumer message iterators
237 [Thread-0] INFO kafka.consumer.ZookeeperConsumerConnector  - [space.exploration.mars.rover.curiosity.1538901671435_zion-mainframe-1538901671749-30a270ab], Committing all offsets after clearing the fetcher queues
238 [Thread-0] INFO kafka.consumer.ZookeeperConsumerConnector  - [space.exploration.mars.rover.curiosity.1538901671435_zion-mainframe-1538901671749-30a270ab], Releasing partition ownership
254 [Thread-0] INFO kafka.consumer.RangeAssignor  - Consumer space.exploration.mars.rover.curiosity.1538901671435_zion-mainframe-1538901671749-30a270ab rebalancing the following partitions: ArrayBuffer() for topic curiosity_to_earth_6 with consumers: List(space.exploration.mars.rover.curiosity.1538901671435_zion-mainframe-1538901671749-30a270ab-0)
254 [Thread-0] WARN kafka.consumer.RangeAssignor  - No broker partitions consumed by consumer thread space.exploration.mars.rover.curiosity.1538901671435_zion-mainframe-1538901671749-30a270ab-0 for topic curiosity_to_earth_6
260 [Thread-0] INFO kafka.consumer.ZookeeperConsumerConnector  - [space.exploration.mars.rover.curiosity.1538901671435_zion-mainframe-1538901671749-30a270ab], Consumer space.exploration.mars.rover.curiosity.1538901671435_zion-mainframe-1538901671749-30a270ab selected partitions : 
261 [space.exploration.mars.rover.curiosity.1538901671435_zion-mainframe-1538901671749-30a270ab-leader-finder-thread] INFO kafka.consumer.ConsumerFetcherManager$LeaderFinderThread  - [space.exploration.mars.rover.curiosity.1538901671435_zion-mainframe-1538901671749-30a270ab-leader-finder-thread], Starting 
261 [Thread-0] INFO kafka.consumer.ZookeeperConsumerConnector  - [space.exploration.mars.rover.curiosity.1538901671435_zion-mainframe-1538901671749-30a270ab], end rebalancing consumer space.exploration.mars.rover.curiosity.1538901671435_zion-mainframe-1538901671749-30a270ab try #0
54148 [ZkClient-EventThread-17-localhost:2181] INFO kafka.consumer.ZookeeperConsumerConnector  - [space.exploration.mars.rover.curiosity.1538901671435_zion-mainframe-1538901671749-30a270ab], Topic info for path /brokers/topics/curiosity_to_earth_6 changed to {"version":1,"partitions":{"0":[0]}}, triggering rebalance
54148 [space.exploration.mars.rover.curiosity.1538901671435_zion-mainframe-1538901671749-30a270ab_watcher_executor] INFO kafka.consumer.ZookeeperConsumerConnector  - [space.exploration.mars.rover.curiosity.1538901671435_zion-mainframe-1538901671749-30a270ab], begin rebalancing consumer space.exploration.mars.rover.curiosity.1538901671435_zion-mainframe-1538901671749-30a270ab try #0
54167 [space.exploration.mars.rover.curiosity.1538901671435_zion-mainframe-1538901671749-30a270ab_watcher_executor] INFO kafka.consumer.ConsumerFetcherManager  - [ConsumerFetcherManager-1538901671796] Stopping leader finder thread
54169 [space.exploration.mars.rover.curiosity.1538901671435_zion-mainframe-1538901671749-30a270ab_watcher_executor] INFO kafka.consumer.ConsumerFetcherManager$LeaderFinderThread  - [space.exploration.mars.rover.curiosity.1538901671435_zion-mainframe-1538901671749-30a270ab-leader-finder-thread], Shutting down
54171 [space.exploration.mars.rover.curiosity.1538901671435_zion-mainframe-1538901671749-30a270ab_watcher_executor] INFO kafka.consumer.ConsumerFetcherManager$LeaderFinderThread  - [space.exploration.mars.rover.curiosity.1538901671435_zion-mainframe-1538901671749-30a270ab-leader-finder-thread], Shutdown completed
54171 [space.exploration.mars.rover.curiosity.1538901671435_zion-mainframe-1538901671749-30a270ab_watcher_executor] INFO kafka.consumer.ConsumerFetcherManager  - [ConsumerFetcherManager-1538901671796] Stopping all fetchers
54171 [space.exploration.mars.rover.curiosity.1538901671435_zion-mainframe-1538901671749-30a270ab-leader-finder-thread] INFO kafka.consumer.ConsumerFetcherManager$LeaderFinderThread  - [space.exploration.mars.rover.curiosity.1538901671435_zion-mainframe-1538901671749-30a270ab-leader-finder-thread], Stopped 
54171 [space.exploration.mars.rover.curiosity.1538901671435_zion-mainframe-1538901671749-30a270ab_watcher_executor] INFO kafka.consumer.ConsumerFetcherManager  - [ConsumerFetcherManager-1538901671796] All connections stopped
54171 [space.exploration.mars.rover.curiosity.1538901671435_zion-mainframe-1538901671749-30a270ab_watcher_executor] INFO kafka.consumer.ZookeeperConsumerConnector  - [space.exploration.mars.rover.curiosity.1538901671435_zion-mainframe-1538901671749-30a270ab], Cleared all relevant queues for this fetcher
54172 [space.exploration.mars.rover.curiosity.1538901671435_zion-mainframe-1538901671749-30a270ab_watcher_executor] INFO kafka.consumer.ZookeeperConsumerConnector  - [space.exploration.mars.rover.curiosity.1538901671435_zion-mainframe-1538901671749-30a270ab], Cleared the data chunks in all the consumer message iterators
54172 [space.exploration.mars.rover.curiosity.1538901671435_zion-mainframe-1538901671749-30a270ab_watcher_executor] INFO kafka.consumer.ZookeeperConsumerConnector  - [space.exploration.mars.rover.curiosity.1538901671435_zion-mainframe-1538901671749-30a270ab], Committing all offsets after clearing the fetcher queues
54172 [space.exploration.mars.rover.curiosity.1538901671435_zion-mainframe-1538901671749-30a270ab_watcher_executor] INFO kafka.consumer.ZookeeperConsumerConnector  - [space.exploration.mars.rover.curiosity.1538901671435_zion-mainframe-1538901671749-30a270ab], Releasing partition ownership
54189 [space.exploration.mars.rover.curiosity.1538901671435_zion-mainframe-1538901671749-30a270ab_watcher_executor] INFO kafka.consumer.RangeAssignor  - Consumer space.exploration.mars.rover.curiosity.1538901671435_zion-mainframe-1538901671749-30a270ab rebalancing the following partitions: ArrayBuffer(0) for topic curiosity_to_earth_6 with consumers: List(space.exploration.mars.rover.curiosity.1538901671435_zion-mainframe-1538901671749-30a270ab-0)
54189 [space.exploration.mars.rover.curiosity.1538901671435_zion-mainframe-1538901671749-30a270ab_watcher_executor] INFO kafka.consumer.RangeAssignor  - space.exploration.mars.rover.curiosity.1538901671435_zion-mainframe-1538901671749-30a270ab-0 attempting to claim partition 0
54211 [space.exploration.mars.rover.curiosity.1538901671435_zion-mainframe-1538901671749-30a270ab_watcher_executor] INFO kafka.consumer.ZookeeperConsumerConnector  - [space.exploration.mars.rover.curiosity.1538901671435_zion-mainframe-1538901671749-30a270ab], space.exploration.mars.rover.curiosity.1538901671435_zion-mainframe-1538901671749-30a270ab-0 successfully owned partition 0 for topic curiosity_to_earth_6
54216 [space.exploration.mars.rover.curiosity.1538901671435_zion-mainframe-1538901671749-30a270ab_watcher_executor] INFO kafka.consumer.ZookeeperConsumerConnector  - [space.exploration.mars.rover.curiosity.1538901671435_zion-mainframe-1538901671749-30a270ab], Consumer space.exploration.mars.rover.curiosity.1538901671435_zion-mainframe-1538901671749-30a270ab selected partitions : curiosity_to_earth_6:0: fetched offset = -1: consumed offset = -1
54216 [space.exploration.mars.rover.curiosity.1538901671435_zion-mainframe-1538901671749-30a270ab-leader-finder-thread] INFO kafka.consumer.ConsumerFetcherManager$LeaderFinderThread  - [space.exploration.mars.rover.curiosity.1538901671435_zion-mainframe-1538901671749-30a270ab-leader-finder-thread], Starting 
54217 [space.exploration.mars.rover.curiosity.1538901671435_zion-mainframe-1538901671749-30a270ab_watcher_executor] INFO kafka.consumer.ZookeeperConsumerConnector  - [space.exploration.mars.rover.curiosity.1538901671435_zion-mainframe-1538901671749-30a270ab], end rebalancing consumer space.exploration.mars.rover.curiosity.1538901671435_zion-mainframe-1538901671749-30a270ab try #0
54228 [space.exploration.mars.rover.curiosity.1538901671435_zion-mainframe-1538901671749-30a270ab-leader-finder-thread] INFO kafka.utils.VerifiableProperties  - Verifying properties
54229 [space.exploration.mars.rover.curiosity.1538901671435_zion-mainframe-1538901671749-30a270ab-leader-finder-thread] INFO kafka.utils.VerifiableProperties  - Property client.id is overridden to space.exploration.mars.rover.curiosity.1538901671435
54229 [space.exploration.mars.rover.curiosity.1538901671435_zion-mainframe-1538901671749-30a270ab-leader-finder-thread] INFO kafka.utils.VerifiableProperties  - Property metadata.broker.list is overridden to zion-mainframe:9092
54229 [space.exploration.mars.rover.curiosity.1538901671435_zion-mainframe-1538901671749-30a270ab-leader-finder-thread] INFO kafka.utils.VerifiableProperties  - Property request.timeout.ms is overridden to 30000
54238 [space.exploration.mars.rover.curiosity.1538901671435_zion-mainframe-1538901671749-30a270ab-leader-finder-thread] INFO kafka.client.ClientUtils$  - Fetching metadata from broker BrokerEndPoint(0,zion-mainframe,9092) with correlation id 0 for 1 topic(s) Set(curiosity_to_earth_6)
54242 [space.exploration.mars.rover.curiosity.1538901671435_zion-mainframe-1538901671749-30a270ab-leader-finder-thread] INFO kafka.producer.SyncProducer  - Connected to zion-mainframe:9092 for producing
54267 [space.exploration.mars.rover.curiosity.1538901671435_zion-mainframe-1538901671749-30a270ab-leader-finder-thread] INFO kafka.producer.SyncProducer  - Disconnecting from zion-mainframe:9092
54295 [space.exploration.mars.rover.curiosity.1538901671435_zion-mainframe-1538901671749-30a270ab-leader-finder-thread] INFO kafka.consumer.ConsumerFetcherManager  - [ConsumerFetcherManager-1538901671796] Added fetcher for partitions ArrayBuffer()
54500 [space.exploration.mars.rover.curiosity.1538901671435_zion-mainframe-1538901671749-30a270ab-leader-finder-thread] INFO kafka.utils.VerifiableProperties  - Verifying properties
54500 [space.exploration.mars.rover.curiosity.1538901671435_zion-mainframe-1538901671749-30a270ab-leader-finder-thread] INFO kafka.utils.VerifiableProperties  - Property client.id is overridden to space.exploration.mars.rover.curiosity.1538901671435
54500 [space.exploration.mars.rover.curiosity.1538901671435_zion-mainframe-1538901671749-30a270ab-leader-finder-thread] INFO kafka.utils.VerifiableProperties  - Property metadata.broker.list is overridden to zion-mainframe:9092
54500 [space.exploration.mars.rover.curiosity.1538901671435_zion-mainframe-1538901671749-30a270ab-leader-finder-thread] INFO kafka.utils.VerifiableProperties  - Property request.timeout.ms is overridden to 30000
54500 [space.exploration.mars.rover.curiosity.1538901671435_zion-mainframe-1538901671749-30a270ab-leader-finder-thread] INFO kafka.client.ClientUtils$  - Fetching metadata from broker BrokerEndPoint(0,zion-mainframe,9092) with correlation id 1 for 1 topic(s) Set(curiosity_to_earth_6)
54501 [space.exploration.mars.rover.curiosity.1538901671435_zion-mainframe-1538901671749-30a270ab-leader-finder-thread] INFO kafka.producer.SyncProducer  - Connected to zion-mainframe:9092 for producing
54503 [space.exploration.mars.rover.curiosity.1538901671435_zion-mainframe-1538901671749-30a270ab-leader-finder-thread] INFO kafka.producer.SyncProducer  - Disconnecting from zion-mainframe:9092
54510 [ConsumerFetcherThread-space.exploration.mars.rover.curiosity.1538901671435_zion-mainframe-1538901671749-30a270ab-0-0] INFO kafka.consumer.ConsumerFetcherThread  - [ConsumerFetcherThread-space.exploration.mars.rover.curiosity.1538901671435_zion-mainframe-1538901671749-30a270ab-0-0], Starting 
54523 [space.exploration.mars.rover.curiosity.1538901671435_zion-mainframe-1538901671749-30a270ab-leader-finder-thread] INFO kafka.consumer.ConsumerFetcherManager  - [ConsumerFetcherManager-1538901671796] Added fetcher for partitions ArrayBuffer([[curiosity_to_earth_6,0], initOffset -1 to broker BrokerEndPoint(0,zion-mainframe,9092)] )
21092573 [ConsumerFetcherThread-space.exploration.mars.rover.curiosity.1538901671435_zion-mainframe-1538901671749-30a270ab-0-0] INFO kafka.consumer.SimpleConsumer  - Reconnect due to error:
java.io.EOFException
	at org.apache.kafka.common.network.NetworkReceive.readFromReadableChannel(NetworkReceive.java:83)
	at kafka.network.BlockingChannel.readCompletely(BlockingChannel.scala:129)
	at kafka.network.BlockingChannel.receive(BlockingChannel.scala:120)
	at kafka.consumer.SimpleConsumer.liftedTree1$1(SimpleConsumer.scala:86)
	at kafka.consumer.SimpleConsumer.kafka$consumer$SimpleConsumer$$sendRequest(SimpleConsumer.scala:83)
	at kafka.consumer.SimpleConsumer$$anonfun$fetch$1$$anonfun$apply$mcV$sp$1.apply$mcV$sp(SimpleConsumer.scala:132)
	at kafka.consumer.SimpleConsumer$$anonfun$fetch$1$$anonfun$apply$mcV$sp$1.apply(SimpleConsumer.scala:132)
	at kafka.consumer.SimpleConsumer$$anonfun$fetch$1$$anonfun$apply$mcV$sp$1.apply(SimpleConsumer.scala:132)
	at kafka.metrics.KafkaTimer.time(KafkaTimer.scala:33)
	at kafka.consumer.SimpleConsumer$$anonfun$fetch$1.apply$mcV$sp(SimpleConsumer.scala:131)
	at kafka.consumer.SimpleConsumer$$anonfun$fetch$1.apply(SimpleConsumer.scala:131)
	at kafka.consumer.SimpleConsumer$$anonfun$fetch$1.apply(SimpleConsumer.scala:131)
	at kafka.metrics.KafkaTimer.time(KafkaTimer.scala:33)
	at kafka.consumer.SimpleConsumer.fetch(SimpleConsumer.scala:130)
	at kafka.consumer.ConsumerFetcherThread.fetch(ConsumerFetcherThread.scala:108)
	at kafka.consumer.ConsumerFetcherThread.fetch(ConsumerFetcherThread.scala:29)
	at kafka.server.AbstractFetcherThread.processFetchRequest(AbstractFetcherThread.scala:102)
	at kafka.server.AbstractFetcherThread.doWork(AbstractFetcherThread.scala:93)
	at kafka.utils.ShutdownableThread.run(ShutdownableThread.scala:63)
74976663 [ConsumerFetcherThread-space.exploration.mars.rover.curiosity.1538901671435_zion-mainframe-1538901671749-30a270ab-0-0] INFO kafka.consumer.SimpleConsumer  - Reconnect due to error:
java.io.EOFException
	at org.apache.kafka.common.network.NetworkReceive.readFromReadableChannel(NetworkReceive.java:83)
	at kafka.network.BlockingChannel.readCompletely(BlockingChannel.scala:129)
	at kafka.network.BlockingChannel.receive(BlockingChannel.scala:120)
	at kafka.consumer.SimpleConsumer.liftedTree1$1(SimpleConsumer.scala:86)
	at kafka.consumer.SimpleConsumer.kafka$consumer$SimpleConsumer$$sendRequest(SimpleConsumer.scala:83)
	at kafka.consumer.SimpleConsumer$$anonfun$fetch$1$$anonfun$apply$mcV$sp$1.apply$mcV$sp(SimpleConsumer.scala:132)
	at kafka.consumer.SimpleConsumer$$anonfun$fetch$1$$anonfun$apply$mcV$sp$1.apply(SimpleConsumer.scala:132)
	at kafka.consumer.SimpleConsumer$$anonfun$fetch$1$$anonfun$apply$mcV$sp$1.apply(SimpleConsumer.scala:132)
	at kafka.metrics.KafkaTimer.time(KafkaTimer.scala:33)
	at kafka.consumer.SimpleConsumer$$anonfun$fetch$1.apply$mcV$sp(SimpleConsumer.scala:131)
	at kafka.consumer.SimpleConsumer$$anonfun$fetch$1.apply(SimpleConsumer.scala:131)
	at kafka.consumer.SimpleConsumer$$anonfun$fetch$1.apply(SimpleConsumer.scala:131)
	at kafka.metrics.KafkaTimer.time(KafkaTimer.scala:33)
	at kafka.consumer.SimpleConsumer.fetch(SimpleConsumer.scala:130)
	at kafka.consumer.ConsumerFetcherThread.fetch(ConsumerFetcherThread.scala:108)
	at kafka.consumer.ConsumerFetcherThread.fetch(ConsumerFetcherThread.scala:29)
	at kafka.server.AbstractFetcherThread.processFetchRequest(AbstractFetcherThread.scala:102)
	at kafka.server.AbstractFetcherThread.doWork(AbstractFetcherThread.scala:93)
	at kafka.utils.ShutdownableThread.run(ShutdownableThread.scala:63)
76823525 [ConsumerFetcherThread-space.exploration.mars.rover.curiosity.1538901671435_zion-mainframe-1538901671749-30a270ab-0-0] INFO kafka.consumer.SimpleConsumer  - Reconnect due to error:
java.io.EOFException
	at org.apache.kafka.common.network.NetworkReceive.readFromReadableChannel(NetworkReceive.java:83)
	at kafka.network.BlockingChannel.readCompletely(BlockingChannel.scala:129)
	at kafka.network.BlockingChannel.receive(BlockingChannel.scala:120)
	at kafka.consumer.SimpleConsumer.liftedTree1$1(SimpleConsumer.scala:86)
	at kafka.consumer.SimpleConsumer.kafka$consumer$SimpleConsumer$$sendRequest(SimpleConsumer.scala:83)
	at kafka.consumer.SimpleConsumer$$anonfun$fetch$1$$anonfun$apply$mcV$sp$1.apply$mcV$sp(SimpleConsumer.scala:132)
	at kafka.consumer.SimpleConsumer$$anonfun$fetch$1$$anonfun$apply$mcV$sp$1.apply(SimpleConsumer.scala:132)
	at kafka.consumer.SimpleConsumer$$anonfun$fetch$1$$anonfun$apply$mcV$sp$1.apply(SimpleConsumer.scala:132)
	at kafka.metrics.KafkaTimer.time(KafkaTimer.scala:33)
	at kafka.consumer.SimpleConsumer$$anonfun$fetch$1.apply$mcV$sp(SimpleConsumer.scala:131)
	at kafka.consumer.SimpleConsumer$$anonfun$fetch$1.apply(SimpleConsumer.scala:131)
	at kafka.consumer.SimpleConsumer$$anonfun$fetch$1.apply(SimpleConsumer.scala:131)
	at kafka.metrics.KafkaTimer.time(KafkaTimer.scala:33)
	at kafka.consumer.SimpleConsumer.fetch(SimpleConsumer.scala:130)
	at kafka.consumer.ConsumerFetcherThread.fetch(ConsumerFetcherThread.scala:108)
	at kafka.consumer.ConsumerFetcherThread.fetch(ConsumerFetcherThread.scala:29)
	at kafka.server.AbstractFetcherThread.processFetchRequest(AbstractFetcherThread.scala:102)
	at kafka.server.AbstractFetcherThread.doWork(AbstractFetcherThread.scala:93)
	at kafka.utils.ShutdownableThread.run(ShutdownableThread.scala:63)
78756958 [ConsumerFetcherThread-space.exploration.mars.rover.curiosity.1538901671435_zion-mainframe-1538901671749-30a270ab-0-0] INFO kafka.consumer.SimpleConsumer  - Reconnect due to error:
java.io.EOFException
	at org.apache.kafka.common.network.NetworkReceive.readFromReadableChannel(NetworkReceive.java:83)
	at kafka.network.BlockingChannel.readCompletely(BlockingChannel.scala:129)
	at kafka.network.BlockingChannel.receive(BlockingChannel.scala:120)
	at kafka.consumer.SimpleConsumer.liftedTree1$1(SimpleConsumer.scala:86)
	at kafka.consumer.SimpleConsumer.kafka$consumer$SimpleConsumer$$sendRequest(SimpleConsumer.scala:83)
	at kafka.consumer.SimpleConsumer$$anonfun$fetch$1$$anonfun$apply$mcV$sp$1.apply$mcV$sp(SimpleConsumer.scala:132)
	at kafka.consumer.SimpleConsumer$$anonfun$fetch$1$$anonfun$apply$mcV$sp$1.apply(SimpleConsumer.scala:132)
	at kafka.consumer.SimpleConsumer$$anonfun$fetch$1$$anonfun$apply$mcV$sp$1.apply(SimpleConsumer.scala:132)
	at kafka.metrics.KafkaTimer.time(KafkaTimer.scala:33)
	at kafka.consumer.SimpleConsumer$$anonfun$fetch$1.apply$mcV$sp(SimpleConsumer.scala:131)
	at kafka.consumer.SimpleConsumer$$anonfun$fetch$1.apply(SimpleConsumer.scala:131)
	at kafka.consumer.SimpleConsumer$$anonfun$fetch$1.apply(SimpleConsumer.scala:131)
	at kafka.metrics.KafkaTimer.time(KafkaTimer.scala:33)
	at kafka.consumer.SimpleConsumer.fetch(SimpleConsumer.scala:130)
	at kafka.consumer.ConsumerFetcherThread.fetch(ConsumerFetcherThread.scala:108)
	at kafka.consumer.ConsumerFetcherThread.fetch(ConsumerFetcherThread.scala:29)
	at kafka.server.AbstractFetcherThread.processFetchRequest(AbstractFetcherThread.scala:102)
	at kafka.server.AbstractFetcherThread.doWork(AbstractFetcherThread.scala:93)
	at kafka.utils.ShutdownableThread.run(ShutdownableThread.scala:63)
156440218 [ConsumerFetcherThread-space.exploration.mars.rover.curiosity.1538901671435_zion-mainframe-1538901671749-30a270ab-0-0] INFO kafka.consumer.SimpleConsumer  - Reconnect due to error:
java.io.EOFException
	at org.apache.kafka.common.network.NetworkReceive.readFromReadableChannel(NetworkReceive.java:83)
	at kafka.network.BlockingChannel.readCompletely(BlockingChannel.scala:129)
	at kafka.network.BlockingChannel.receive(BlockingChannel.scala:120)
	at kafka.consumer.SimpleConsumer.liftedTree1$1(SimpleConsumer.scala:86)
	at kafka.consumer.SimpleConsumer.kafka$consumer$SimpleConsumer$$sendRequest(SimpleConsumer.scala:83)
	at kafka.consumer.SimpleConsumer$$anonfun$fetch$1$$anonfun$apply$mcV$sp$1.apply$mcV$sp(SimpleConsumer.scala:132)
	at kafka.consumer.SimpleConsumer$$anonfun$fetch$1$$anonfun$apply$mcV$sp$1.apply(SimpleConsumer.scala:132)
	at kafka.consumer.SimpleConsumer$$anonfun$fetch$1$$anonfun$apply$mcV$sp$1.apply(SimpleConsumer.scala:132)
	at kafka.metrics.KafkaTimer.time(KafkaTimer.scala:33)
	at kafka.consumer.SimpleConsumer$$anonfun$fetch$1.apply$mcV$sp(SimpleConsumer.scala:131)
	at kafka.consumer.SimpleConsumer$$anonfun$fetch$1.apply(SimpleConsumer.scala:131)
	at kafka.consumer.SimpleConsumer$$anonfun$fetch$1.apply(SimpleConsumer.scala:131)
	at kafka.metrics.KafkaTimer.time(KafkaTimer.scala:33)
	at kafka.consumer.SimpleConsumer.fetch(SimpleConsumer.scala:130)
	at kafka.consumer.ConsumerFetcherThread.fetch(ConsumerFetcherThread.scala:108)
	at kafka.consumer.ConsumerFetcherThread.fetch(ConsumerFetcherThread.scala:29)
	at kafka.server.AbstractFetcherThread.processFetchRequest(AbstractFetcherThread.scala:102)
	at kafka.server.AbstractFetcherThread.doWork(AbstractFetcherThread.scala:93)
	at kafka.utils.ShutdownableThread.run(ShutdownableThread.scala:63)
157549492 [ConsumerFetcherThread-space.exploration.mars.rover.curiosity.1538901671435_zion-mainframe-1538901671749-30a270ab-0-0] INFO kafka.consumer.SimpleConsumer  - Reconnect due to error:
java.io.EOFException
	at org.apache.kafka.common.network.NetworkReceive.readFromReadableChannel(NetworkReceive.java:83)
	at kafka.network.BlockingChannel.readCompletely(BlockingChannel.scala:129)
	at kafka.network.BlockingChannel.receive(BlockingChannel.scala:120)
	at kafka.consumer.SimpleConsumer.liftedTree1$1(SimpleConsumer.scala:86)
	at kafka.consumer.SimpleConsumer.kafka$consumer$SimpleConsumer$$sendRequest(SimpleConsumer.scala:83)
	at kafka.consumer.SimpleConsumer$$anonfun$fetch$1$$anonfun$apply$mcV$sp$1.apply$mcV$sp(SimpleConsumer.scala:132)
	at kafka.consumer.SimpleConsumer$$anonfun$fetch$1$$anonfun$apply$mcV$sp$1.apply(SimpleConsumer.scala:132)
	at kafka.consumer.SimpleConsumer$$anonfun$fetch$1$$anonfun$apply$mcV$sp$1.apply(SimpleConsumer.scala:132)
	at kafka.metrics.KafkaTimer.time(KafkaTimer.scala:33)
	at kafka.consumer.SimpleConsumer$$anonfun$fetch$1.apply$mcV$sp(SimpleConsumer.scala:131)
	at kafka.consumer.SimpleConsumer$$anonfun$fetch$1.apply(SimpleConsumer.scala:131)
	at kafka.consumer.SimpleConsumer$$anonfun$fetch$1.apply(SimpleConsumer.scala:131)
	at kafka.metrics.KafkaTimer.time(KafkaTimer.scala:33)
	at kafka.consumer.SimpleConsumer.fetch(SimpleConsumer.scala:130)
	at kafka.consumer.ConsumerFetcherThread.fetch(ConsumerFetcherThread.scala:108)
	at kafka.consumer.ConsumerFetcherThread.fetch(ConsumerFetcherThread.scala:29)
	at kafka.server.AbstractFetcherThread.processFetchRequest(AbstractFetcherThread.scala:102)
	at kafka.server.AbstractFetcherThread.doWork(AbstractFetcherThread.scala:93)
	at kafka.utils.ShutdownableThread.run(ShutdownableThread.scala:63)
164938427 [ConsumerFetcherThread-space.exploration.mars.rover.curiosity.1538901671435_zion-mainframe-1538901671749-30a270ab-0-0] INFO kafka.consumer.SimpleConsumer  - Reconnect due to error:
java.io.EOFException
	at org.apache.kafka.common.network.NetworkReceive.readFromReadableChannel(NetworkReceive.java:83)
	at kafka.network.BlockingChannel.readCompletely(BlockingChannel.scala:129)
	at kafka.network.BlockingChannel.receive(BlockingChannel.scala:120)
	at kafka.consumer.SimpleConsumer.liftedTree1$1(SimpleConsumer.scala:86)
	at kafka.consumer.SimpleConsumer.kafka$consumer$SimpleConsumer$$sendRequest(SimpleConsumer.scala:83)
	at kafka.consumer.SimpleConsumer$$anonfun$fetch$1$$anonfun$apply$mcV$sp$1.apply$mcV$sp(SimpleConsumer.scala:132)
	at kafka.consumer.SimpleConsumer$$anonfun$fetch$1$$anonfun$apply$mcV$sp$1.apply(SimpleConsumer.scala:132)
	at kafka.consumer.SimpleConsumer$$anonfun$fetch$1$$anonfun$apply$mcV$sp$1.apply(SimpleConsumer.scala:132)
	at kafka.metrics.KafkaTimer.time(KafkaTimer.scala:33)
	at kafka.consumer.SimpleConsumer$$anonfun$fetch$1.apply$mcV$sp(SimpleConsumer.scala:131)
	at kafka.consumer.SimpleConsumer$$anonfun$fetch$1.apply(SimpleConsumer.scala:131)
	at kafka.consumer.SimpleConsumer$$anonfun$fetch$1.apply(SimpleConsumer.scala:131)
	at kafka.metrics.KafkaTimer.time(KafkaTimer.scala:33)
	at kafka.consumer.SimpleConsumer.fetch(SimpleConsumer.scala:130)
	at kafka.consumer.ConsumerFetcherThread.fetch(ConsumerFetcherThread.scala:108)
	at kafka.consumer.ConsumerFetcherThread.fetch(ConsumerFetcherThread.scala:29)
	at kafka.server.AbstractFetcherThread.processFetchRequest(AbstractFetcherThread.scala:102)
	at kafka.server.AbstractFetcherThread.doWork(AbstractFetcherThread.scala:93)
	at kafka.utils.ShutdownableThread.run(ShutdownableThread.scala:63)
166321303 [ConsumerFetcherThread-space.exploration.mars.rover.curiosity.1538901671435_zion-mainframe-1538901671749-30a270ab-0-0] INFO kafka.consumer.SimpleConsumer  - Reconnect due to error:
java.io.EOFException
	at org.apache.kafka.common.network.NetworkReceive.readFromReadableChannel(NetworkReceive.java:83)
	at kafka.network.BlockingChannel.readCompletely(BlockingChannel.scala:129)
	at kafka.network.BlockingChannel.receive(BlockingChannel.scala:120)
	at kafka.consumer.SimpleConsumer.liftedTree1$1(SimpleConsumer.scala:86)
	at kafka.consumer.SimpleConsumer.kafka$consumer$SimpleConsumer$$sendRequest(SimpleConsumer.scala:83)
	at kafka.consumer.SimpleConsumer$$anonfun$fetch$1$$anonfun$apply$mcV$sp$1.apply$mcV$sp(SimpleConsumer.scala:132)
	at kafka.consumer.SimpleConsumer$$anonfun$fetch$1$$anonfun$apply$mcV$sp$1.apply(SimpleConsumer.scala:132)
	at kafka.consumer.SimpleConsumer$$anonfun$fetch$1$$anonfun$apply$mcV$sp$1.apply(SimpleConsumer.scala:132)
	at kafka.metrics.KafkaTimer.time(KafkaTimer.scala:33)
	at kafka.consumer.SimpleConsumer$$anonfun$fetch$1.apply$mcV$sp(SimpleConsumer.scala:131)
	at kafka.consumer.SimpleConsumer$$anonfun$fetch$1.apply(SimpleConsumer.scala:131)
	at kafka.consumer.SimpleConsumer$$anonfun$fetch$1.apply(SimpleConsumer.scala:131)
	at kafka.metrics.KafkaTimer.time(KafkaTimer.scala:33)
	at kafka.consumer.SimpleConsumer.fetch(SimpleConsumer.scala:130)
	at kafka.consumer.ConsumerFetcherThread.fetch(ConsumerFetcherThread.scala:108)
	at kafka.consumer.ConsumerFetcherThread.fetch(ConsumerFetcherThread.scala:29)
	at kafka.server.AbstractFetcherThread.processFetchRequest(AbstractFetcherThread.scala:102)
	at kafka.server.AbstractFetcherThread.doWork(AbstractFetcherThread.scala:93)
	at kafka.utils.ShutdownableThread.run(ShutdownableThread.scala:63)
167566271 [ConsumerFetcherThread-space.exploration.mars.rover.curiosity.1538901671435_zion-mainframe-1538901671749-30a270ab-0-0] INFO kafka.consumer.SimpleConsumer  - Reconnect due to error:
java.io.EOFException
	at org.apache.kafka.common.network.NetworkReceive.readFromReadableChannel(NetworkReceive.java:83)
	at kafka.network.BlockingChannel.readCompletely(BlockingChannel.scala:129)
	at kafka.network.BlockingChannel.receive(BlockingChannel.scala:120)
	at kafka.consumer.SimpleConsumer.liftedTree1$1(SimpleConsumer.scala:86)
	at kafka.consumer.SimpleConsumer.kafka$consumer$SimpleConsumer$$sendRequest(SimpleConsumer.scala:83)
	at kafka.consumer.SimpleConsumer$$anonfun$fetch$1$$anonfun$apply$mcV$sp$1.apply$mcV$sp(SimpleConsumer.scala:132)
	at kafka.consumer.SimpleConsumer$$anonfun$fetch$1$$anonfun$apply$mcV$sp$1.apply(SimpleConsumer.scala:132)
	at kafka.consumer.SimpleConsumer$$anonfun$fetch$1$$anonfun$apply$mcV$sp$1.apply(SimpleConsumer.scala:132)
	at kafka.metrics.KafkaTimer.time(KafkaTimer.scala:33)
	at kafka.consumer.SimpleConsumer$$anonfun$fetch$1.apply$mcV$sp(SimpleConsumer.scala:131)
	at kafka.consumer.SimpleConsumer$$anonfun$fetch$1.apply(SimpleConsumer.scala:131)
	at kafka.consumer.SimpleConsumer$$anonfun$fetch$1.apply(SimpleConsumer.scala:131)
	at kafka.metrics.KafkaTimer.time(KafkaTimer.scala:33)
	at kafka.consumer.SimpleConsumer.fetch(SimpleConsumer.scala:130)
	at kafka.consumer.ConsumerFetcherThread.fetch(ConsumerFetcherThread.scala:108)
	at kafka.consumer.ConsumerFetcherThread.fetch(ConsumerFetcherThread.scala:29)
	at kafka.server.AbstractFetcherThread.processFetchRequest(AbstractFetcherThread.scala:102)
	at kafka.server.AbstractFetcherThread.doWork(AbstractFetcherThread.scala:93)
	at kafka.utils.ShutdownableThread.run(ShutdownableThread.scala:63)
173107230 [ConsumerFetcherThread-space.exploration.mars.rover.curiosity.1538901671435_zion-mainframe-1538901671749-30a270ab-0-0] INFO kafka.consumer.SimpleConsumer  - Reconnect due to error:
java.io.EOFException
	at org.apache.kafka.common.network.NetworkReceive.readFromReadableChannel(NetworkReceive.java:83)
	at kafka.network.BlockingChannel.readCompletely(BlockingChannel.scala:129)
	at kafka.network.BlockingChannel.receive(BlockingChannel.scala:120)
	at kafka.consumer.SimpleConsumer.liftedTree1$1(SimpleConsumer.scala:86)
	at kafka.consumer.SimpleConsumer.kafka$consumer$SimpleConsumer$$sendRequest(SimpleConsumer.scala:83)
	at kafka.consumer.SimpleConsumer$$anonfun$fetch$1$$anonfun$apply$mcV$sp$1.apply$mcV$sp(SimpleConsumer.scala:132)
	at kafka.consumer.SimpleConsumer$$anonfun$fetch$1$$anonfun$apply$mcV$sp$1.apply(SimpleConsumer.scala:132)
	at kafka.consumer.SimpleConsumer$$anonfun$fetch$1$$anonfun$apply$mcV$sp$1.apply(SimpleConsumer.scala:132)
	at kafka.metrics.KafkaTimer.time(KafkaTimer.scala:33)
	at kafka.consumer.SimpleConsumer$$anonfun$fetch$1.apply$mcV$sp(SimpleConsumer.scala:131)
	at kafka.consumer.SimpleConsumer$$anonfun$fetch$1.apply(SimpleConsumer.scala:131)
	at kafka.consumer.SimpleConsumer$$anonfun$fetch$1.apply(SimpleConsumer.scala:131)
	at kafka.metrics.KafkaTimer.time(KafkaTimer.scala:33)
	at kafka.consumer.SimpleConsumer.fetch(SimpleConsumer.scala:130)
	at kafka.consumer.ConsumerFetcherThread.fetch(ConsumerFetcherThread.scala:108)
	at kafka.consumer.ConsumerFetcherThread.fetch(ConsumerFetcherThread.scala:29)
	at kafka.server.AbstractFetcherThread.processFetchRequest(AbstractFetcherThread.scala:102)
	at kafka.server.AbstractFetcherThread.doWork(AbstractFetcherThread.scala:93)
	at kafka.utils.ShutdownableThread.run(ShutdownableThread.scala:63)
173852324 [ConsumerFetcherThread-space.exploration.mars.rover.curiosity.1538901671435_zion-mainframe-1538901671749-30a270ab-0-0] INFO kafka.consumer.SimpleConsumer  - Reconnect due to error:
java.io.EOFException
	at org.apache.kafka.common.network.NetworkReceive.readFromReadableChannel(NetworkReceive.java:83)
	at kafka.network.BlockingChannel.readCompletely(BlockingChannel.scala:129)
	at kafka.network.BlockingChannel.receive(BlockingChannel.scala:120)
	at kafka.consumer.SimpleConsumer.liftedTree1$1(SimpleConsumer.scala:86)
	at kafka.consumer.SimpleConsumer.kafka$consumer$SimpleConsumer$$sendRequest(SimpleConsumer.scala:83)
	at kafka.consumer.SimpleConsumer$$anonfun$fetch$1$$anonfun$apply$mcV$sp$1.apply$mcV$sp(SimpleConsumer.scala:132)
	at kafka.consumer.SimpleConsumer$$anonfun$fetch$1$$anonfun$apply$mcV$sp$1.apply(SimpleConsumer.scala:132)
	at kafka.consumer.SimpleConsumer$$anonfun$fetch$1$$anonfun$apply$mcV$sp$1.apply(SimpleConsumer.scala:132)
	at kafka.metrics.KafkaTimer.time(KafkaTimer.scala:33)
	at kafka.consumer.SimpleConsumer$$anonfun$fetch$1.apply$mcV$sp(SimpleConsumer.scala:131)
	at kafka.consumer.SimpleConsumer$$anonfun$fetch$1.apply(SimpleConsumer.scala:131)
	at kafka.consumer.SimpleConsumer$$anonfun$fetch$1.apply(SimpleConsumer.scala:131)
	at kafka.metrics.KafkaTimer.time(KafkaTimer.scala:33)
	at kafka.consumer.SimpleConsumer.fetch(SimpleConsumer.scala:130)
	at kafka.consumer.ConsumerFetcherThread.fetch(ConsumerFetcherThread.scala:108)
	at kafka.consumer.ConsumerFetcherThread.fetch(ConsumerFetcherThread.scala:29)
	at kafka.server.AbstractFetcherThread.processFetchRequest(AbstractFetcherThread.scala:102)
	at kafka.server.AbstractFetcherThread.doWork(AbstractFetcherThread.scala:93)
	at kafka.utils.ShutdownableThread.run(ShutdownableThread.scala:63)
174461700 [ConsumerFetcherThread-space.exploration.mars.rover.curiosity.1538901671435_zion-mainframe-1538901671749-30a270ab-0-0] INFO kafka.consumer.SimpleConsumer  - Reconnect due to error:
java.io.EOFException
	at org.apache.kafka.common.network.NetworkReceive.readFromReadableChannel(NetworkReceive.java:83)
	at kafka.network.BlockingChannel.readCompletely(BlockingChannel.scala:129)
	at kafka.network.BlockingChannel.receive(BlockingChannel.scala:120)
	at kafka.consumer.SimpleConsumer.liftedTree1$1(SimpleConsumer.scala:86)
	at kafka.consumer.SimpleConsumer.kafka$consumer$SimpleConsumer$$sendRequest(SimpleConsumer.scala:83)
	at kafka.consumer.SimpleConsumer$$anonfun$fetch$1$$anonfun$apply$mcV$sp$1.apply$mcV$sp(SimpleConsumer.scala:132)
	at kafka.consumer.SimpleConsumer$$anonfun$fetch$1$$anonfun$apply$mcV$sp$1.apply(SimpleConsumer.scala:132)
	at kafka.consumer.SimpleConsumer$$anonfun$fetch$1$$anonfun$apply$mcV$sp$1.apply(SimpleConsumer.scala:132)
	at kafka.metrics.KafkaTimer.time(KafkaTimer.scala:33)
	at kafka.consumer.SimpleConsumer$$anonfun$fetch$1.apply$mcV$sp(SimpleConsumer.scala:131)
	at kafka.consumer.SimpleConsumer$$anonfun$fetch$1.apply(SimpleConsumer.scala:131)
	at kafka.consumer.SimpleConsumer$$anonfun$fetch$1.apply(SimpleConsumer.scala:131)
	at kafka.metrics.KafkaTimer.time(KafkaTimer.scala:33)
	at kafka.consumer.SimpleConsumer.fetch(SimpleConsumer.scala:130)
	at kafka.consumer.ConsumerFetcherThread.fetch(ConsumerFetcherThread.scala:108)
	at kafka.consumer.ConsumerFetcherThread.fetch(ConsumerFetcherThread.scala:29)
	at kafka.server.AbstractFetcherThread.processFetchRequest(AbstractFetcherThread.scala:102)
	at kafka.server.AbstractFetcherThread.doWork(AbstractFetcherThread.scala:93)
	at kafka.utils.ShutdownableThread.run(ShutdownableThread.scala:63)
175205455 [ConsumerFetcherThread-space.exploration.mars.rover.curiosity.1538901671435_zion-mainframe-1538901671749-30a270ab-0-0] INFO kafka.consumer.SimpleConsumer  - Reconnect due to error:
java.io.EOFException
	at org.apache.kafka.common.network.NetworkReceive.readFromReadableChannel(NetworkReceive.java:83)
	at kafka.network.BlockingChannel.readCompletely(BlockingChannel.scala:129)
	at kafka.network.BlockingChannel.receive(BlockingChannel.scala:120)
	at kafka.consumer.SimpleConsumer.liftedTree1$1(SimpleConsumer.scala:86)
	at kafka.consumer.SimpleConsumer.kafka$consumer$SimpleConsumer$$sendRequest(SimpleConsumer.scala:83)
	at kafka.consumer.SimpleConsumer$$anonfun$fetch$1$$anonfun$apply$mcV$sp$1.apply$mcV$sp(SimpleConsumer.scala:132)
	at kafka.consumer.SimpleConsumer$$anonfun$fetch$1$$anonfun$apply$mcV$sp$1.apply(SimpleConsumer.scala:132)
	at kafka.consumer.SimpleConsumer$$anonfun$fetch$1$$anonfun$apply$mcV$sp$1.apply(SimpleConsumer.scala:132)
	at kafka.metrics.KafkaTimer.time(KafkaTimer.scala:33)
	at kafka.consumer.SimpleConsumer$$anonfun$fetch$1.apply$mcV$sp(SimpleConsumer.scala:131)
	at kafka.consumer.SimpleConsumer$$anonfun$fetch$1.apply(SimpleConsumer.scala:131)
	at kafka.consumer.SimpleConsumer$$anonfun$fetch$1.apply(SimpleConsumer.scala:131)
	at kafka.metrics.KafkaTimer.time(KafkaTimer.scala:33)
	at kafka.consumer.SimpleConsumer.fetch(SimpleConsumer.scala:130)
	at kafka.consumer.ConsumerFetcherThread.fetch(ConsumerFetcherThread.scala:108)
	at kafka.consumer.ConsumerFetcherThread.fetch(ConsumerFetcherThread.scala:29)
	at kafka.server.AbstractFetcherThread.processFetchRequest(AbstractFetcherThread.scala:102)
	at kafka.server.AbstractFetcherThread.doWork(AbstractFetcherThread.scala:93)
	at kafka.utils.ShutdownableThread.run(ShutdownableThread.scala:63)
176053257 [ConsumerFetcherThread-space.exploration.mars.rover.curiosity.1538901671435_zion-mainframe-1538901671749-30a270ab-0-0] INFO kafka.consumer.SimpleConsumer  - Reconnect due to error:
java.io.EOFException
	at org.apache.kafka.common.network.NetworkReceive.readFromReadableChannel(NetworkReceive.java:83)
	at kafka.network.BlockingChannel.readCompletely(BlockingChannel.scala:129)
	at kafka.network.BlockingChannel.receive(BlockingChannel.scala:120)
	at kafka.consumer.SimpleConsumer.liftedTree1$1(SimpleConsumer.scala:86)
	at kafka.consumer.SimpleConsumer.kafka$consumer$SimpleConsumer$$sendRequest(SimpleConsumer.scala:83)
	at kafka.consumer.SimpleConsumer$$anonfun$fetch$1$$anonfun$apply$mcV$sp$1.apply$mcV$sp(SimpleConsumer.scala:132)
	at kafka.consumer.SimpleConsumer$$anonfun$fetch$1$$anonfun$apply$mcV$sp$1.apply(SimpleConsumer.scala:132)
	at kafka.consumer.SimpleConsumer$$anonfun$fetch$1$$anonfun$apply$mcV$sp$1.apply(SimpleConsumer.scala:132)
	at kafka.metrics.KafkaTimer.time(KafkaTimer.scala:33)
	at kafka.consumer.SimpleConsumer$$anonfun$fetch$1.apply$mcV$sp(SimpleConsumer.scala:131)
	at kafka.consumer.SimpleConsumer$$anonfun$fetch$1.apply(SimpleConsumer.scala:131)
	at kafka.consumer.SimpleConsumer$$anonfun$fetch$1.apply(SimpleConsumer.scala:131)
	at kafka.metrics.KafkaTimer.time(KafkaTimer.scala:33)
	at kafka.consumer.SimpleConsumer.fetch(SimpleConsumer.scala:130)
	at kafka.consumer.ConsumerFetcherThread.fetch(ConsumerFetcherThread.scala:108)
	at kafka.consumer.ConsumerFetcherThread.fetch(ConsumerFetcherThread.scala:29)
	at kafka.server.AbstractFetcherThread.processFetchRequest(AbstractFetcherThread.scala:102)
	at kafka.server.AbstractFetcherThread.doWork(AbstractFetcherThread.scala:93)
	at kafka.utils.ShutdownableThread.run(ShutdownableThread.scala:63)
177404355 [ConsumerFetcherThread-space.exploration.mars.rover.curiosity.1538901671435_zion-mainframe-1538901671749-30a270ab-0-0] INFO kafka.consumer.SimpleConsumer  - Reconnect due to error:
java.io.EOFException
	at org.apache.kafka.common.network.NetworkReceive.readFromReadableChannel(NetworkReceive.java:83)
	at kafka.network.BlockingChannel.readCompletely(BlockingChannel.scala:129)
	at kafka.network.BlockingChannel.receive(BlockingChannel.scala:120)
	at kafka.consumer.SimpleConsumer.liftedTree1$1(SimpleConsumer.scala:86)
	at kafka.consumer.SimpleConsumer.kafka$consumer$SimpleConsumer$$sendRequest(SimpleConsumer.scala:83)
	at kafka.consumer.SimpleConsumer$$anonfun$fetch$1$$anonfun$apply$mcV$sp$1.apply$mcV$sp(SimpleConsumer.scala:132)
	at kafka.consumer.SimpleConsumer$$anonfun$fetch$1$$anonfun$apply$mcV$sp$1.apply(SimpleConsumer.scala:132)
	at kafka.consumer.SimpleConsumer$$anonfun$fetch$1$$anonfun$apply$mcV$sp$1.apply(SimpleConsumer.scala:132)
	at kafka.metrics.KafkaTimer.time(KafkaTimer.scala:33)
	at kafka.consumer.SimpleConsumer$$anonfun$fetch$1.apply$mcV$sp(SimpleConsumer.scala:131)
	at kafka.consumer.SimpleConsumer$$anonfun$fetch$1.apply(SimpleConsumer.scala:131)
	at kafka.consumer.SimpleConsumer$$anonfun$fetch$1.apply(SimpleConsumer.scala:131)
	at kafka.metrics.KafkaTimer.time(KafkaTimer.scala:33)
	at kafka.consumer.SimpleConsumer.fetch(SimpleConsumer.scala:130)
	at kafka.consumer.ConsumerFetcherThread.fetch(ConsumerFetcherThread.scala:108)
	at kafka.consumer.ConsumerFetcherThread.fetch(ConsumerFetcherThread.scala:29)
	at kafka.server.AbstractFetcherThread.processFetchRequest(AbstractFetcherThread.scala:102)
	at kafka.server.AbstractFetcherThread.doWork(AbstractFetcherThread.scala:93)
	at kafka.utils.ShutdownableThread.run(ShutdownableThread.scala:63)
178140366 [ConsumerFetcherThread-space.exploration.mars.rover.curiosity.1538901671435_zion-mainframe-1538901671749-30a270ab-0-0] INFO kafka.consumer.SimpleConsumer  - Reconnect due to error:
java.io.EOFException
	at org.apache.kafka.common.network.NetworkReceive.readFromReadableChannel(NetworkReceive.java:83)
	at kafka.network.BlockingChannel.readCompletely(BlockingChannel.scala:129)
	at kafka.network.BlockingChannel.receive(BlockingChannel.scala:120)
	at kafka.consumer.SimpleConsumer.liftedTree1$1(SimpleConsumer.scala:86)
	at kafka.consumer.SimpleConsumer.kafka$consumer$SimpleConsumer$$sendRequest(SimpleConsumer.scala:83)
	at kafka.consumer.SimpleConsumer$$anonfun$fetch$1$$anonfun$apply$mcV$sp$1.apply$mcV$sp(SimpleConsumer.scala:132)
	at kafka.consumer.SimpleConsumer$$anonfun$fetch$1$$anonfun$apply$mcV$sp$1.apply(SimpleConsumer.scala:132)
	at kafka.consumer.SimpleConsumer$$anonfun$fetch$1$$anonfun$apply$mcV$sp$1.apply(SimpleConsumer.scala:132)
	at kafka.metrics.KafkaTimer.time(KafkaTimer.scala:33)
	at kafka.consumer.SimpleConsumer$$anonfun$fetch$1.apply$mcV$sp(SimpleConsumer.scala:131)
	at kafka.consumer.SimpleConsumer$$anonfun$fetch$1.apply(SimpleConsumer.scala:131)
	at kafka.consumer.SimpleConsumer$$anonfun$fetch$1.apply(SimpleConsumer.scala:131)
	at kafka.metrics.KafkaTimer.time(KafkaTimer.scala:33)
	at kafka.consumer.SimpleConsumer.fetch(SimpleConsumer.scala:130)
	at kafka.consumer.ConsumerFetcherThread.fetch(ConsumerFetcherThread.scala:108)
	at kafka.consumer.ConsumerFetcherThread.fetch(ConsumerFetcherThread.scala:29)
	at kafka.server.AbstractFetcherThread.processFetchRequest(AbstractFetcherThread.scala:102)
	at kafka.server.AbstractFetcherThread.doWork(AbstractFetcherThread.scala:93)
	at kafka.utils.ShutdownableThread.run(ShutdownableThread.scala:63)
179720068 [ConsumerFetcherThread-space.exploration.mars.rover.curiosity.1538901671435_zion-mainframe-1538901671749-30a270ab-0-0] INFO kafka.consumer.SimpleConsumer  - Reconnect due to error:
java.io.EOFException
	at org.apache.kafka.common.network.NetworkReceive.readFromReadableChannel(NetworkReceive.java:83)
	at kafka.network.BlockingChannel.readCompletely(BlockingChannel.scala:129)
	at kafka.network.BlockingChannel.receive(BlockingChannel.scala:120)
	at kafka.consumer.SimpleConsumer.liftedTree1$1(SimpleConsumer.scala:86)
	at kafka.consumer.SimpleConsumer.kafka$consumer$SimpleConsumer$$sendRequest(SimpleConsumer.scala:83)
	at kafka.consumer.SimpleConsumer$$anonfun$fetch$1$$anonfun$apply$mcV$sp$1.apply$mcV$sp(SimpleConsumer.scala:132)
	at kafka.consumer.SimpleConsumer$$anonfun$fetch$1$$anonfun$apply$mcV$sp$1.apply(SimpleConsumer.scala:132)
	at kafka.consumer.SimpleConsumer$$anonfun$fetch$1$$anonfun$apply$mcV$sp$1.apply(SimpleConsumer.scala:132)
	at kafka.metrics.KafkaTimer.time(KafkaTimer.scala:33)
	at kafka.consumer.SimpleConsumer$$anonfun$fetch$1.apply$mcV$sp(SimpleConsumer.scala:131)
	at kafka.consumer.SimpleConsumer$$anonfun$fetch$1.apply(SimpleConsumer.scala:131)
	at kafka.consumer.SimpleConsumer$$anonfun$fetch$1.apply(SimpleConsumer.scala:131)
	at kafka.metrics.KafkaTimer.time(KafkaTimer.scala:33)
	at kafka.consumer.SimpleConsumer.fetch(SimpleConsumer.scala:130)
	at kafka.consumer.ConsumerFetcherThread.fetch(ConsumerFetcherThread.scala:108)
	at kafka.consumer.ConsumerFetcherThread.fetch(ConsumerFetcherThread.scala:29)
	at kafka.server.AbstractFetcherThread.processFetchRequest(AbstractFetcherThread.scala:102)
	at kafka.server.AbstractFetcherThread.doWork(AbstractFetcherThread.scala:93)
	at kafka.utils.ShutdownableThread.run(ShutdownableThread.scala:63)
180517728 [ConsumerFetcherThread-space.exploration.mars.rover.curiosity.1538901671435_zion-mainframe-1538901671749-30a270ab-0-0] INFO kafka.consumer.SimpleConsumer  - Reconnect due to error:
java.io.EOFException
	at org.apache.kafka.common.network.NetworkReceive.readFromReadableChannel(NetworkReceive.java:83)
	at kafka.network.BlockingChannel.readCompletely(BlockingChannel.scala:129)
	at kafka.network.BlockingChannel.receive(BlockingChannel.scala:120)
	at kafka.consumer.SimpleConsumer.liftedTree1$1(SimpleConsumer.scala:86)
	at kafka.consumer.SimpleConsumer.kafka$consumer$SimpleConsumer$$sendRequest(SimpleConsumer.scala:83)
	at kafka.consumer.SimpleConsumer$$anonfun$fetch$1$$anonfun$apply$mcV$sp$1.apply$mcV$sp(SimpleConsumer.scala:132)
	at kafka.consumer.SimpleConsumer$$anonfun$fetch$1$$anonfun$apply$mcV$sp$1.apply(SimpleConsumer.scala:132)
	at kafka.consumer.SimpleConsumer$$anonfun$fetch$1$$anonfun$apply$mcV$sp$1.apply(SimpleConsumer.scala:132)
	at kafka.metrics.KafkaTimer.time(KafkaTimer.scala:33)
	at kafka.consumer.SimpleConsumer$$anonfun$fetch$1.apply$mcV$sp(SimpleConsumer.scala:131)
	at kafka.consumer.SimpleConsumer$$anonfun$fetch$1.apply(SimpleConsumer.scala:131)
	at kafka.consumer.SimpleConsumer$$anonfun$fetch$1.apply(SimpleConsumer.scala:131)
	at kafka.metrics.KafkaTimer.time(KafkaTimer.scala:33)
	at kafka.consumer.SimpleConsumer.fetch(SimpleConsumer.scala:130)
	at kafka.consumer.ConsumerFetcherThread.fetch(ConsumerFetcherThread.scala:108)
	at kafka.consumer.ConsumerFetcherThread.fetch(ConsumerFetcherThread.scala:29)
	at kafka.server.AbstractFetcherThread.processFetchRequest(AbstractFetcherThread.scala:102)
	at kafka.server.AbstractFetcherThread.doWork(AbstractFetcherThread.scala:93)
	at kafka.utils.ShutdownableThread.run(ShutdownableThread.scala:63)
182082028 [ConsumerFetcherThread-space.exploration.mars.rover.curiosity.1538901671435_zion-mainframe-1538901671749-30a270ab-0-0] INFO kafka.consumer.SimpleConsumer  - Reconnect due to error:
java.io.EOFException
	at org.apache.kafka.common.network.NetworkReceive.readFromReadableChannel(NetworkReceive.java:83)
	at kafka.network.BlockingChannel.readCompletely(BlockingChannel.scala:129)
	at kafka.network.BlockingChannel.receive(BlockingChannel.scala:120)
	at kafka.consumer.SimpleConsumer.liftedTree1$1(SimpleConsumer.scala:86)
	at kafka.consumer.SimpleConsumer.kafka$consumer$SimpleConsumer$$sendRequest(SimpleConsumer.scala:83)
	at kafka.consumer.SimpleConsumer$$anonfun$fetch$1$$anonfun$apply$mcV$sp$1.apply$mcV$sp(SimpleConsumer.scala:132)
	at kafka.consumer.SimpleConsumer$$anonfun$fetch$1$$anonfun$apply$mcV$sp$1.apply(SimpleConsumer.scala:132)
	at kafka.consumer.SimpleConsumer$$anonfun$fetch$1$$anonfun$apply$mcV$sp$1.apply(SimpleConsumer.scala:132)
	at kafka.metrics.KafkaTimer.time(KafkaTimer.scala:33)
	at kafka.consumer.SimpleConsumer$$anonfun$fetch$1.apply$mcV$sp(SimpleConsumer.scala:131)
	at kafka.consumer.SimpleConsumer$$anonfun$fetch$1.apply(SimpleConsumer.scala:131)
	at kafka.consumer.SimpleConsumer$$anonfun$fetch$1.apply(SimpleConsumer.scala:131)
	at kafka.metrics.KafkaTimer.time(KafkaTimer.scala:33)
	at kafka.consumer.SimpleConsumer.fetch(SimpleConsumer.scala:130)
	at kafka.consumer.ConsumerFetcherThread.fetch(ConsumerFetcherThread.scala:108)
	at kafka.consumer.ConsumerFetcherThread.fetch(ConsumerFetcherThread.scala:29)
	at kafka.server.AbstractFetcherThread.processFetchRequest(AbstractFetcherThread.scala:102)
	at kafka.server.AbstractFetcherThread.doWork(AbstractFetcherThread.scala:93)
	at kafka.utils.ShutdownableThread.run(ShutdownableThread.scala:63)
182926772 [ConsumerFetcherThread-space.exploration.mars.rover.curiosity.1538901671435_zion-mainframe-1538901671749-30a270ab-0-0] INFO kafka.consumer.SimpleConsumer  - Reconnect due to error:
java.io.EOFException
	at org.apache.kafka.common.network.NetworkReceive.readFromReadableChannel(NetworkReceive.java:83)
	at kafka.network.BlockingChannel.readCompletely(BlockingChannel.scala:129)
	at kafka.network.BlockingChannel.receive(BlockingChannel.scala:120)
	at kafka.consumer.SimpleConsumer.liftedTree1$1(SimpleConsumer.scala:86)
	at kafka.consumer.SimpleConsumer.kafka$consumer$SimpleConsumer$$sendRequest(SimpleConsumer.scala:83)
	at kafka.consumer.SimpleConsumer$$anonfun$fetch$1$$anonfun$apply$mcV$sp$1.apply$mcV$sp(SimpleConsumer.scala:132)
	at kafka.consumer.SimpleConsumer$$anonfun$fetch$1$$anonfun$apply$mcV$sp$1.apply(SimpleConsumer.scala:132)
	at kafka.consumer.SimpleConsumer$$anonfun$fetch$1$$anonfun$apply$mcV$sp$1.apply(SimpleConsumer.scala:132)
	at kafka.metrics.KafkaTimer.time(KafkaTimer.scala:33)
	at kafka.consumer.SimpleConsumer$$anonfun$fetch$1.apply$mcV$sp(SimpleConsumer.scala:131)
	at kafka.consumer.SimpleConsumer$$anonfun$fetch$1.apply(SimpleConsumer.scala:131)
	at kafka.consumer.SimpleConsumer$$anonfun$fetch$1.apply(SimpleConsumer.scala:131)
	at kafka.metrics.KafkaTimer.time(KafkaTimer.scala:33)
	at kafka.consumer.SimpleConsumer.fetch(SimpleConsumer.scala:130)
	at kafka.consumer.ConsumerFetcherThread.fetch(ConsumerFetcherThread.scala:108)
	at kafka.consumer.ConsumerFetcherThread.fetch(ConsumerFetcherThread.scala:29)
	at kafka.server.AbstractFetcherThread.processFetchRequest(AbstractFetcherThread.scala:102)
	at kafka.server.AbstractFetcherThread.doWork(AbstractFetcherThread.scala:93)
	at kafka.utils.ShutdownableThread.run(ShutdownableThread.scala:63)
184560054 [ConsumerFetcherThread-space.exploration.mars.rover.curiosity.1538901671435_zion-mainframe-1538901671749-30a270ab-0-0] INFO kafka.consumer.SimpleConsumer  - Reconnect due to error:
java.io.EOFException
	at org.apache.kafka.common.network.NetworkReceive.readFromReadableChannel(NetworkReceive.java:83)
	at kafka.network.BlockingChannel.readCompletely(BlockingChannel.scala:129)
	at kafka.network.BlockingChannel.receive(BlockingChannel.scala:120)
	at kafka.consumer.SimpleConsumer.liftedTree1$1(SimpleConsumer.scala:86)
	at kafka.consumer.SimpleConsumer.kafka$consumer$SimpleConsumer$$sendRequest(SimpleConsumer.scala:83)
	at kafka.consumer.SimpleConsumer$$anonfun$fetch$1$$anonfun$apply$mcV$sp$1.apply$mcV$sp(SimpleConsumer.scala:132)
	at kafka.consumer.SimpleConsumer$$anonfun$fetch$1$$anonfun$apply$mcV$sp$1.apply(SimpleConsumer.scala:132)
	at kafka.consumer.SimpleConsumer$$anonfun$fetch$1$$anonfun$apply$mcV$sp$1.apply(SimpleConsumer.scala:132)
	at kafka.metrics.KafkaTimer.time(KafkaTimer.scala:33)
	at kafka.consumer.SimpleConsumer$$anonfun$fetch$1.apply$mcV$sp(SimpleConsumer.scala:131)
	at kafka.consumer.SimpleConsumer$$anonfun$fetch$1.apply(SimpleConsumer.scala:131)
	at kafka.consumer.SimpleConsumer$$anonfun$fetch$1.apply(SimpleConsumer.scala:131)
	at kafka.metrics.KafkaTimer.time(KafkaTimer.scala:33)
	at kafka.consumer.SimpleConsumer.fetch(SimpleConsumer.scala:130)
	at kafka.consumer.ConsumerFetcherThread.fetch(ConsumerFetcherThread.scala:108)
	at kafka.consumer.ConsumerFetcherThread.fetch(ConsumerFetcherThread.scala:29)
	at kafka.server.AbstractFetcherThread.processFetchRequest(AbstractFetcherThread.scala:102)
	at kafka.server.AbstractFetcherThread.doWork(AbstractFetcherThread.scala:93)
	at kafka.utils.ShutdownableThread.run(ShutdownableThread.scala:63)
185509460 [ConsumerFetcherThread-space.exploration.mars.rover.curiosity.1538901671435_zion-mainframe-1538901671749-30a270ab-0-0] INFO kafka.consumer.SimpleConsumer  - Reconnect due to error:
java.io.EOFException
	at org.apache.kafka.common.network.NetworkReceive.readFromReadableChannel(NetworkReceive.java:83)
	at kafka.network.BlockingChannel.readCompletely(BlockingChannel.scala:129)
	at kafka.network.BlockingChannel.receive(BlockingChannel.scala:120)
	at kafka.consumer.SimpleConsumer.liftedTree1$1(SimpleConsumer.scala:86)
	at kafka.consumer.SimpleConsumer.kafka$consumer$SimpleConsumer$$sendRequest(SimpleConsumer.scala:83)
	at kafka.consumer.SimpleConsumer$$anonfun$fetch$1$$anonfun$apply$mcV$sp$1.apply$mcV$sp(SimpleConsumer.scala:132)
	at kafka.consumer.SimpleConsumer$$anonfun$fetch$1$$anonfun$apply$mcV$sp$1.apply(SimpleConsumer.scala:132)
	at kafka.consumer.SimpleConsumer$$anonfun$fetch$1$$anonfun$apply$mcV$sp$1.apply(SimpleConsumer.scala:132)
	at kafka.metrics.KafkaTimer.time(KafkaTimer.scala:33)
	at kafka.consumer.SimpleConsumer$$anonfun$fetch$1.apply$mcV$sp(SimpleConsumer.scala:131)
	at kafka.consumer.SimpleConsumer$$anonfun$fetch$1.apply(SimpleConsumer.scala:131)
	at kafka.consumer.SimpleConsumer$$anonfun$fetch$1.apply(SimpleConsumer.scala:131)
	at kafka.metrics.KafkaTimer.time(KafkaTimer.scala:33)
	at kafka.consumer.SimpleConsumer.fetch(SimpleConsumer.scala:130)
	at kafka.consumer.ConsumerFetcherThread.fetch(ConsumerFetcherThread.scala:108)
	at kafka.consumer.ConsumerFetcherThread.fetch(ConsumerFetcherThread.scala:29)
	at kafka.server.AbstractFetcherThread.processFetchRequest(AbstractFetcherThread.scala:102)
	at kafka.server.AbstractFetcherThread.doWork(AbstractFetcherThread.scala:93)
	at kafka.utils.ShutdownableThread.run(ShutdownableThread.scala:63)
186817440 [ConsumerFetcherThread-space.exploration.mars.rover.curiosity.1538901671435_zion-mainframe-1538901671749-30a270ab-0-0] INFO kafka.consumer.SimpleConsumer  - Reconnect due to error:
java.io.EOFException
	at org.apache.kafka.common.network.NetworkReceive.readFromReadableChannel(NetworkReceive.java:83)
	at kafka.network.BlockingChannel.readCompletely(BlockingChannel.scala:129)
	at kafka.network.BlockingChannel.receive(BlockingChannel.scala:120)
	at kafka.consumer.SimpleConsumer.liftedTree1$1(SimpleConsumer.scala:86)
	at kafka.consumer.SimpleConsumer.kafka$consumer$SimpleConsumer$$sendRequest(SimpleConsumer.scala:83)
	at kafka.consumer.SimpleConsumer$$anonfun$fetch$1$$anonfun$apply$mcV$sp$1.apply$mcV$sp(SimpleConsumer.scala:132)
	at kafka.consumer.SimpleConsumer$$anonfun$fetch$1$$anonfun$apply$mcV$sp$1.apply(SimpleConsumer.scala:132)
	at kafka.consumer.SimpleConsumer$$anonfun$fetch$1$$anonfun$apply$mcV$sp$1.apply(SimpleConsumer.scala:132)
	at kafka.metrics.KafkaTimer.time(KafkaTimer.scala:33)
	at kafka.consumer.SimpleConsumer$$anonfun$fetch$1.apply$mcV$sp(SimpleConsumer.scala:131)
	at kafka.consumer.SimpleConsumer$$anonfun$fetch$1.apply(SimpleConsumer.scala:131)
	at kafka.consumer.SimpleConsumer$$anonfun$fetch$1.apply(SimpleConsumer.scala:131)
	at kafka.metrics.KafkaTimer.time(KafkaTimer.scala:33)
	at kafka.consumer.SimpleConsumer.fetch(SimpleConsumer.scala:130)
	at kafka.consumer.ConsumerFetcherThread.fetch(ConsumerFetcherThread.scala:108)
	at kafka.consumer.ConsumerFetcherThread.fetch(ConsumerFetcherThread.scala:29)
	at kafka.server.AbstractFetcherThread.processFetchRequest(AbstractFetcherThread.scala:102)
	at kafka.server.AbstractFetcherThread.doWork(AbstractFetcherThread.scala:93)
	at kafka.utils.ShutdownableThread.run(ShutdownableThread.scala:63)
188963972 [ConsumerFetcherThread-space.exploration.mars.rover.curiosity.1538901671435_zion-mainframe-1538901671749-30a270ab-0-0] INFO kafka.consumer.SimpleConsumer  - Reconnect due to error:
java.io.EOFException
	at org.apache.kafka.common.network.NetworkReceive.readFromReadableChannel(NetworkReceive.java:83)
	at kafka.network.BlockingChannel.readCompletely(BlockingChannel.scala:129)
	at kafka.network.BlockingChannel.receive(BlockingChannel.scala:120)
	at kafka.consumer.SimpleConsumer.liftedTree1$1(SimpleConsumer.scala:86)
	at kafka.consumer.SimpleConsumer.kafka$consumer$SimpleConsumer$$sendRequest(SimpleConsumer.scala:83)
	at kafka.consumer.SimpleConsumer$$anonfun$fetch$1$$anonfun$apply$mcV$sp$1.apply$mcV$sp(SimpleConsumer.scala:132)
	at kafka.consumer.SimpleConsumer$$anonfun$fetch$1$$anonfun$apply$mcV$sp$1.apply(SimpleConsumer.scala:132)
	at kafka.consumer.SimpleConsumer$$anonfun$fetch$1$$anonfun$apply$mcV$sp$1.apply(SimpleConsumer.scala:132)
	at kafka.metrics.KafkaTimer.time(KafkaTimer.scala:33)
	at kafka.consumer.SimpleConsumer$$anonfun$fetch$1.apply$mcV$sp(SimpleConsumer.scala:131)
	at kafka.consumer.SimpleConsumer$$anonfun$fetch$1.apply(SimpleConsumer.scala:131)
	at kafka.consumer.SimpleConsumer$$anonfun$fetch$1.apply(SimpleConsumer.scala:131)
	at kafka.metrics.KafkaTimer.time(KafkaTimer.scala:33)
	at kafka.consumer.SimpleConsumer.fetch(SimpleConsumer.scala:130)
	at kafka.consumer.ConsumerFetcherThread.fetch(ConsumerFetcherThread.scala:108)
	at kafka.consumer.ConsumerFetcherThread.fetch(ConsumerFetcherThread.scala:29)
	at kafka.server.AbstractFetcherThread.processFetchRequest(AbstractFetcherThread.scala:102)
	at kafka.server.AbstractFetcherThread.doWork(AbstractFetcherThread.scala:93)
	at kafka.utils.ShutdownableThread.run(ShutdownableThread.scala:63)
190041430 [ConsumerFetcherThread-space.exploration.mars.rover.curiosity.1538901671435_zion-mainframe-1538901671749-30a270ab-0-0] INFO kafka.consumer.SimpleConsumer  - Reconnect due to error:
java.io.EOFException
	at org.apache.kafka.common.network.NetworkReceive.readFromReadableChannel(NetworkReceive.java:83)
	at kafka.network.BlockingChannel.readCompletely(BlockingChannel.scala:129)
	at kafka.network.BlockingChannel.receive(BlockingChannel.scala:120)
	at kafka.consumer.SimpleConsumer.liftedTree1$1(SimpleConsumer.scala:86)
	at kafka.consumer.SimpleConsumer.kafka$consumer$SimpleConsumer$$sendRequest(SimpleConsumer.scala:83)
	at kafka.consumer.SimpleConsumer$$anonfun$fetch$1$$anonfun$apply$mcV$sp$1.apply$mcV$sp(SimpleConsumer.scala:132)
	at kafka.consumer.SimpleConsumer$$anonfun$fetch$1$$anonfun$apply$mcV$sp$1.apply(SimpleConsumer.scala:132)
	at kafka.consumer.SimpleConsumer$$anonfun$fetch$1$$anonfun$apply$mcV$sp$1.apply(SimpleConsumer.scala:132)
	at kafka.metrics.KafkaTimer.time(KafkaTimer.scala:33)
	at kafka.consumer.SimpleConsumer$$anonfun$fetch$1.apply$mcV$sp(SimpleConsumer.scala:131)
	at kafka.consumer.SimpleConsumer$$anonfun$fetch$1.apply(SimpleConsumer.scala:131)
	at kafka.consumer.SimpleConsumer$$anonfun$fetch$1.apply(SimpleConsumer.scala:131)
	at kafka.metrics.KafkaTimer.time(KafkaTimer.scala:33)
	at kafka.consumer.SimpleConsumer.fetch(SimpleConsumer.scala:130)
	at kafka.consumer.ConsumerFetcherThread.fetch(ConsumerFetcherThread.scala:108)
	at kafka.consumer.ConsumerFetcherThread.fetch(ConsumerFetcherThread.scala:29)
	at kafka.server.AbstractFetcherThread.processFetchRequest(AbstractFetcherThread.scala:102)
	at kafka.server.AbstractFetcherThread.doWork(AbstractFetcherThread.scala:93)
	at kafka.utils.ShutdownableThread.run(ShutdownableThread.scala:63)
192286271 [ConsumerFetcherThread-space.exploration.mars.rover.curiosity.1538901671435_zion-mainframe-1538901671749-30a270ab-0-0] INFO kafka.consumer.SimpleConsumer  - Reconnect due to error:
java.io.EOFException
	at org.apache.kafka.common.network.NetworkReceive.readFromReadableChannel(NetworkReceive.java:83)
	at kafka.network.BlockingChannel.readCompletely(BlockingChannel.scala:129)
	at kafka.network.BlockingChannel.receive(BlockingChannel.scala:120)
	at kafka.consumer.SimpleConsumer.liftedTree1$1(SimpleConsumer.scala:86)
	at kafka.consumer.SimpleConsumer.kafka$consumer$SimpleConsumer$$sendRequest(SimpleConsumer.scala:83)
	at kafka.consumer.SimpleConsumer$$anonfun$fetch$1$$anonfun$apply$mcV$sp$1.apply$mcV$sp(SimpleConsumer.scala:132)
	at kafka.consumer.SimpleConsumer$$anonfun$fetch$1$$anonfun$apply$mcV$sp$1.apply(SimpleConsumer.scala:132)
	at kafka.consumer.SimpleConsumer$$anonfun$fetch$1$$anonfun$apply$mcV$sp$1.apply(SimpleConsumer.scala:132)
	at kafka.metrics.KafkaTimer.time(KafkaTimer.scala:33)
	at kafka.consumer.SimpleConsumer$$anonfun$fetch$1.apply$mcV$sp(SimpleConsumer.scala:131)
	at kafka.consumer.SimpleConsumer$$anonfun$fetch$1.apply(SimpleConsumer.scala:131)
	at kafka.consumer.SimpleConsumer$$anonfun$fetch$1.apply(SimpleConsumer.scala:131)
	at kafka.metrics.KafkaTimer.time(KafkaTimer.scala:33)
	at kafka.consumer.SimpleConsumer.fetch(SimpleConsumer.scala:130)
	at kafka.consumer.ConsumerFetcherThread.fetch(ConsumerFetcherThread.scala:108)
	at kafka.consumer.ConsumerFetcherThread.fetch(ConsumerFetcherThread.scala:29)
	at kafka.server.AbstractFetcherThread.processFetchRequest(AbstractFetcherThread.scala:102)
	at kafka.server.AbstractFetcherThread.doWork(AbstractFetcherThread.scala:93)
	at kafka.utils.ShutdownableThread.run(ShutdownableThread.scala:63)
