0 [main] INFO kafka.utils.VerifiableProperties  - Verifying properties
31 [main] INFO kafka.utils.VerifiableProperties  - Property auto.offset.reset is overridden to largest
32 [main] WARN kafka.utils.VerifiableProperties  - Property destination.topic is not valid
32 [main] INFO kafka.utils.VerifiableProperties  - Property group.id is overridden to nasa.gov.mission.newControl-portable
32 [main] WARN kafka.utils.VerifiableProperties  - Property metadata.broker.list is not valid
32 [main] WARN kafka.utils.VerifiableProperties  - Property source.topic is not valid
32 [main] INFO kafka.utils.VerifiableProperties  - Property zookeeper.connect is overridden to zion-mainframe:2181
75 [main] INFO kafka.consumer.ZookeeperConsumerConnector  - [nasa.gov.mission.newControl-portable_zion-mainframe-1511241355852-f878ccf5], Connecting to zookeeper instance at zion-mainframe:2181
80 [ZkClient-EventThread-14-zion-mainframe:2181] INFO org.I0Itec.zkclient.ZkEventThread  - Starting ZkClient event thread.
82 [main] INFO org.apache.zookeeper.ZooKeeper  - Client environment:zookeeper.version=3.4.6-1569965, built on 02/20/2014 09:09 GMT
82 [main] INFO org.apache.zookeeper.ZooKeeper  - Client environment:host.name=zion-mainframe
82 [main] INFO org.apache.zookeeper.ZooKeeper  - Client environment:java.version=1.8.0_151
82 [main] INFO org.apache.zookeeper.ZooKeeper  - Client environment:java.vendor=Oracle Corporation
82 [main] INFO org.apache.zookeeper.ZooKeeper  - Client environment:java.home=/usr/lib/jvm/java-8-openjdk-amd64/jre
82 [main] INFO org.apache.zookeeper.ZooKeeper  - Client environment:java.class.path=target/mission.control-0.0.1-SNAPSHOT-shaded.jar
82 [main] INFO org.apache.zookeeper.ZooKeeper  - Client environment:java.library.path=$LD_LIBRARY_PATH:"/home/sanket/Documents/workspace/SpiceUtilities/src/main/resources/JNISpice/lib/libJNISpice.so":/home/sanket/Documents/workspace/SpiceUtilities/src/main/resources/JNISpice/lib/libJNISpice.so:/usr/java/packages/lib/amd64:/usr/lib/x86_64-linux-gnu/jni:/lib/x86_64-linux-gnu:/usr/lib/x86_64-linux-gnu:/usr/lib/jni:/lib:/usr/lib
82 [main] INFO org.apache.zookeeper.ZooKeeper  - Client environment:java.io.tmpdir=/tmp
82 [main] INFO org.apache.zookeeper.ZooKeeper  - Client environment:java.compiler=<NA>
82 [main] INFO org.apache.zookeeper.ZooKeeper  - Client environment:os.name=Linux
82 [main] INFO org.apache.zookeeper.ZooKeeper  - Client environment:os.arch=amd64
82 [main] INFO org.apache.zookeeper.ZooKeeper  - Client environment:os.version=4.10.0-38-generic
82 [main] INFO org.apache.zookeeper.ZooKeeper  - Client environment:user.name=sanket
82 [main] INFO org.apache.zookeeper.ZooKeeper  - Client environment:user.home=/home/sanket
83 [main] INFO org.apache.zookeeper.ZooKeeper  - Client environment:user.dir=/home/sanket/Documents/workspace/Mission.Control/mission.control
83 [main] INFO org.apache.zookeeper.ZooKeeper  - Initiating client connection, connectString=zion-mainframe:2181 sessionTimeout=6000 watcher=org.I0Itec.zkclient.ZkClient@517cd4b
92 [main] INFO org.I0Itec.zkclient.ZkClient  - Waiting for keeper state SyncConnected
93 [main-SendThread(zion-mainframe:2181)] INFO org.apache.zookeeper.ClientCnxn  - Opening socket connection to server zion-mainframe/127.0.1.1:2181. Will not attempt to authenticate using SASL (unknown error)
135 [main-SendThread(zion-mainframe:2181)] INFO org.apache.zookeeper.ClientCnxn  - Socket connection established to zion-mainframe/127.0.1.1:2181, initiating session
140 [main-SendThread(zion-mainframe:2181)] INFO org.apache.zookeeper.ClientCnxn  - Session establishment complete on server zion-mainframe/127.0.1.1:2181, sessionid = 0x15fd568a77d0015, negotiated timeout = 6000
140 [main-EventThread] INFO org.I0Itec.zkclient.ZkClient  - zookeeper state changed (SyncConnected)
147 [main] INFO kafka.consumer.ZookeeperConsumerConnector  - [nasa.gov.mission.newControl-portable_zion-mainframe-1511241355852-f878ccf5], starting auto committer every 60000 ms
166 [Thread-0] INFO kafka.consumer.ZookeeperConsumerConnector  - [nasa.gov.mission.newControl-portable_zion-mainframe-1511241355852-f878ccf5], begin registering consumer nasa.gov.mission.newControl-portable_zion-mainframe-1511241355852-f878ccf5 in ZK
182 [Thread-0] INFO kafka.utils.ZKCheckedEphemeral  - Creating /consumers/nasa.gov.mission.newControl-portable/ids/nasa.gov.mission.newControl-portable_zion-mainframe-1511241355852-f878ccf5 (is it secure? false)
189 [Thread-0] INFO kafka.utils.ZKCheckedEphemeral  - Result of znode creation is: OK
189 [Thread-0] INFO kafka.consumer.ZookeeperConsumerConnector  - [nasa.gov.mission.newControl-portable_zion-mainframe-1511241355852-f878ccf5], end registering consumer nasa.gov.mission.newControl-portable_zion-mainframe-1511241355852-f878ccf5 in ZK
192 [nasa.gov.mission.newControl-portable_zion-mainframe-1511241355852-f878ccf5_watcher_executor] INFO kafka.consumer.ZookeeperConsumerConnector  - [nasa.gov.mission.newControl-portable_zion-mainframe-1511241355852-f878ccf5], starting watcher executor thread for consumer nasa.gov.mission.newControl-portable_zion-mainframe-1511241355852-f878ccf5
204 [Thread-0] INFO kafka.consumer.ZookeeperConsumerConnector  - [nasa.gov.mission.newControl-portable_zion-mainframe-1511241355852-f878ccf5], begin rebalancing consumer nasa.gov.mission.newControl-portable_zion-mainframe-1511241355852-f878ccf5 try #0
276 [Thread-0] INFO kafka.consumer.ConsumerFetcherManager  - [ConsumerFetcherManager-1511241355923] Stopping leader finder thread
276 [Thread-0] INFO kafka.consumer.ConsumerFetcherManager  - [ConsumerFetcherManager-1511241355923] Stopping all fetchers
277 [Thread-0] INFO kafka.consumer.ConsumerFetcherManager  - [ConsumerFetcherManager-1511241355923] All connections stopped
277 [Thread-0] INFO kafka.consumer.ZookeeperConsumerConnector  - [nasa.gov.mission.newControl-portable_zion-mainframe-1511241355852-f878ccf5], Cleared all relevant queues for this fetcher
278 [Thread-0] INFO kafka.consumer.ZookeeperConsumerConnector  - [nasa.gov.mission.newControl-portable_zion-mainframe-1511241355852-f878ccf5], Cleared the data chunks in all the consumer message iterators
278 [Thread-0] INFO kafka.consumer.ZookeeperConsumerConnector  - [nasa.gov.mission.newControl-portable_zion-mainframe-1511241355852-f878ccf5], Committing all offsets after clearing the fetcher queues
278 [Thread-0] INFO kafka.consumer.ZookeeperConsumerConnector  - [nasa.gov.mission.newControl-portable_zion-mainframe-1511241355852-f878ccf5], Releasing partition ownership
303 [Thread-0] INFO kafka.consumer.RangeAssignor  - Consumer nasa.gov.mission.newControl-portable_zion-mainframe-1511241355852-f878ccf5 rebalancing the following partitions: ArrayBuffer(0) for topic curiosity_to_earth_4 with consumers: List(nasa.gov.mission.newControl-portable_zion-mainframe-1511241355852-f878ccf5-0)
304 [Thread-0] INFO kafka.consumer.RangeAssignor  - nasa.gov.mission.newControl-portable_zion-mainframe-1511241355852-f878ccf5-0 attempting to claim partition 0
328 [Thread-0] INFO kafka.consumer.ZookeeperConsumerConnector  - [nasa.gov.mission.newControl-portable_zion-mainframe-1511241355852-f878ccf5], nasa.gov.mission.newControl-portable_zion-mainframe-1511241355852-f878ccf5-0 successfully owned partition 0 for topic curiosity_to_earth_4
343 [Thread-0] INFO kafka.consumer.ZookeeperConsumerConnector  - [nasa.gov.mission.newControl-portable_zion-mainframe-1511241355852-f878ccf5], Consumer nasa.gov.mission.newControl-portable_zion-mainframe-1511241355852-f878ccf5 selected partitions : curiosity_to_earth_4:0: fetched offset = 35: consumed offset = 35
344 [nasa.gov.mission.newControl-portable_zion-mainframe-1511241355852-f878ccf5-leader-finder-thread] INFO kafka.consumer.ConsumerFetcherManager$LeaderFinderThread  - [nasa.gov.mission.newControl-portable_zion-mainframe-1511241355852-f878ccf5-leader-finder-thread], Starting 
345 [Thread-0] INFO kafka.consumer.ZookeeperConsumerConnector  - [nasa.gov.mission.newControl-portable_zion-mainframe-1511241355852-f878ccf5], end rebalancing consumer nasa.gov.mission.newControl-portable_zion-mainframe-1511241355852-f878ccf5 try #0
368 [nasa.gov.mission.newControl-portable_zion-mainframe-1511241355852-f878ccf5-leader-finder-thread] INFO kafka.utils.VerifiableProperties  - Verifying properties
368 [nasa.gov.mission.newControl-portable_zion-mainframe-1511241355852-f878ccf5-leader-finder-thread] INFO kafka.utils.VerifiableProperties  - Property client.id is overridden to nasa.gov.mission.newControl-portable
370 [nasa.gov.mission.newControl-portable_zion-mainframe-1511241355852-f878ccf5-leader-finder-thread] INFO kafka.utils.VerifiableProperties  - Property metadata.broker.list is overridden to zion-mainframe:9092
370 [nasa.gov.mission.newControl-portable_zion-mainframe-1511241355852-f878ccf5-leader-finder-thread] INFO kafka.utils.VerifiableProperties  - Property request.timeout.ms is overridden to 30000
383 [nasa.gov.mission.newControl-portable_zion-mainframe-1511241355852-f878ccf5-leader-finder-thread] INFO kafka.client.ClientUtils$  - Fetching metadata from broker BrokerEndPoint(0,zion-mainframe,9092) with correlation id 0 for 1 topic(s) Set(curiosity_to_earth_4)
388 [nasa.gov.mission.newControl-portable_zion-mainframe-1511241355852-f878ccf5-leader-finder-thread] INFO kafka.producer.SyncProducer  - Connected to zion-mainframe:9092 for producing
396 [nasa.gov.mission.newControl-portable_zion-mainframe-1511241355852-f878ccf5-leader-finder-thread] INFO kafka.producer.SyncProducer  - Disconnecting from zion-mainframe:9092
406 [ConsumerFetcherThread-nasa.gov.mission.newControl-portable_zion-mainframe-1511241355852-f878ccf5-0-0] INFO kafka.consumer.ConsumerFetcherThread  - [ConsumerFetcherThread-nasa.gov.mission.newControl-portable_zion-mainframe-1511241355852-f878ccf5-0-0], Starting 
407 [nasa.gov.mission.newControl-portable_zion-mainframe-1511241355852-f878ccf5-leader-finder-thread] INFO kafka.consumer.ConsumerFetcherManager  - [ConsumerFetcherManager-1511241355923] Added fetcher for partitions ArrayBuffer([[curiosity_to_earth_4,0], initOffset 35 to broker BrokerEndPoint(0,zion-mainframe,9092)] )
441 [Thread-0] INFO naasa.gov.mission.control.Receiver  - Message received from 
15021 [Thread-0] INFO naasa.gov.mission.control.Receiver  - Message received from 
75237 [Thread-0] INFO naasa.gov.mission.control.Receiver  - Message received from Spacecraft Clock
126429 [Thread-0] INFO naasa.gov.mission.control.Receiver  - Message received from 
