0 [main] INFO kafka.utils.VerifiableProperties  - Verifying properties
21 [main] INFO kafka.utils.VerifiableProperties  - Property auto.offset.reset is overridden to largest
22 [main] WARN kafka.utils.VerifiableProperties  - Property bootstrap.servers is not valid
22 [main] WARN kafka.utils.VerifiableProperties  - Property destination.topic is not valid
22 [main] INFO kafka.utils.VerifiableProperties  - Property group.id is overridden to space.exploration.mars.rover.curiosity.1537923444507
22 [main] WARN kafka.utils.VerifiableProperties  - Property key.serializer is not valid
22 [main] WARN kafka.utils.VerifiableProperties  - Property metadata.broker.list is not valid
22 [main] WARN kafka.utils.VerifiableProperties  - Property source.topic is not valid
22 [main] WARN kafka.utils.VerifiableProperties  - Property value.serializer is not valid
22 [main] INFO kafka.utils.VerifiableProperties  - Property zookeeper.connect is overridden to localhost:2181
67 [main] INFO kafka.consumer.ZookeeperConsumerConnector  - [space.exploration.mars.rover.curiosity.1537923444507_zion-mainframe-1537923444812-fb8f7c53], Connecting to zookeeper instance at localhost:2181
75 [ZkClient-EventThread-17-localhost:2181] INFO org.I0Itec.zkclient.ZkEventThread  - Starting ZkClient event thread.
79 [main] INFO org.apache.zookeeper.ZooKeeper  - Client environment:zookeeper.version=3.4.6-1569965, built on 02/20/2014 09:09 GMT
79 [main] INFO org.apache.zookeeper.ZooKeeper  - Client environment:host.name=zion-mainframe
79 [main] INFO org.apache.zookeeper.ZooKeeper  - Client environment:java.version=10.0.2
79 [main] INFO org.apache.zookeeper.ZooKeeper  - Client environment:java.vendor=Oracle Corporation
79 [main] INFO org.apache.zookeeper.ZooKeeper  - Client environment:java.home=/usr/lib/jvm/java-11-openjdk-amd64
79 [main] INFO org.apache.zookeeper.ZooKeeper  - Client environment:java.class.path=target/mission.control-2.0-shaded.jar
79 [main] INFO org.apache.zookeeper.ZooKeeper  - Client environment:java.library.path=/usr/java/packages/lib:/usr/lib/x86_64-linux-gnu/jni:/lib/x86_64-linux-gnu:/usr/lib/x86_64-linux-gnu:/usr/lib/jni:/lib:/usr/lib
79 [main] INFO org.apache.zookeeper.ZooKeeper  - Client environment:java.io.tmpdir=/tmp
79 [main] INFO org.apache.zookeeper.ZooKeeper  - Client environment:java.compiler=<NA>
79 [main] INFO org.apache.zookeeper.ZooKeeper  - Client environment:os.name=Linux
79 [main] INFO org.apache.zookeeper.ZooKeeper  - Client environment:os.arch=amd64
79 [main] INFO org.apache.zookeeper.ZooKeeper  - Client environment:os.version=4.15.0-34-generic
79 [main] INFO org.apache.zookeeper.ZooKeeper  - Client environment:user.name=sanket
79 [main] INFO org.apache.zookeeper.ZooKeeper  - Client environment:user.home=/home/sanket
80 [main] INFO org.apache.zookeeper.ZooKeeper  - Client environment:user.dir=/home/sanket/Documents/workspace/Mission.Control
80 [main] INFO org.apache.zookeeper.ZooKeeper  - Initiating client connection, connectString=localhost:2181 sessionTimeout=6000 watcher=org.I0Itec.zkclient.ZkClient@791d1f8b
92 [main] INFO org.I0Itec.zkclient.ZkClient  - Waiting for keeper state SyncConnected
96 [main-SendThread(localhost:2181)] INFO org.apache.zookeeper.ClientCnxn  - Opening socket connection to server localhost/127.0.0.1:2181. Will not attempt to authenticate using SASL (unknown error)
102 [main-SendThread(localhost:2181)] INFO org.apache.zookeeper.ClientCnxn  - Socket connection established to localhost/127.0.0.1:2181, initiating session
106 [main-SendThread(localhost:2181)] INFO org.apache.zookeeper.ClientCnxn  - Session establishment complete on server localhost/127.0.0.1:2181, sessionid = 0x166136127c00001, negotiated timeout = 6000
107 [main-EventThread] INFO org.I0Itec.zkclient.ZkClient  - zookeeper state changed (SyncConnected)
116 [main] INFO kafka.consumer.ZookeeperConsumerConnector  - [space.exploration.mars.rover.curiosity.1537923444507_zion-mainframe-1537923444812-fb8f7c53], starting auto committer every 60000 ms
134 [Thread-0] INFO kafka.consumer.ZookeeperConsumerConnector  - [space.exploration.mars.rover.curiosity.1537923444507_zion-mainframe-1537923444812-fb8f7c53], begin registering consumer space.exploration.mars.rover.curiosity.1537923444507_zion-mainframe-1537923444812-fb8f7c53 in ZK
152 [Thread-0] INFO kafka.utils.ZKCheckedEphemeral  - Creating /consumers/space.exploration.mars.rover.curiosity.1537923444507/ids/space.exploration.mars.rover.curiosity.1537923444507_zion-mainframe-1537923444812-fb8f7c53 (is it secure? false)
163 [Thread-0] INFO kafka.utils.ZKCheckedEphemeral  - Result of znode creation is: OK
164 [Thread-0] INFO kafka.consumer.ZookeeperConsumerConnector  - [space.exploration.mars.rover.curiosity.1537923444507_zion-mainframe-1537923444812-fb8f7c53], end registering consumer space.exploration.mars.rover.curiosity.1537923444507_zion-mainframe-1537923444812-fb8f7c53 in ZK
166 [space.exploration.mars.rover.curiosity.1537923444507_zion-mainframe-1537923444812-fb8f7c53_watcher_executor] INFO kafka.consumer.ZookeeperConsumerConnector  - [space.exploration.mars.rover.curiosity.1537923444507_zion-mainframe-1537923444812-fb8f7c53], starting watcher executor thread for consumer space.exploration.mars.rover.curiosity.1537923444507_zion-mainframe-1537923444812-fb8f7c53
177 [Thread-0] INFO kafka.consumer.ZookeeperConsumerConnector  - [space.exploration.mars.rover.curiosity.1537923444507_zion-mainframe-1537923444812-fb8f7c53], begin rebalancing consumer space.exploration.mars.rover.curiosity.1537923444507_zion-mainframe-1537923444812-fb8f7c53 try #0
246 [Thread-0] INFO kafka.consumer.ConsumerFetcherManager  - [ConsumerFetcherManager-1537923444858] Stopping leader finder thread
246 [Thread-0] INFO kafka.consumer.ConsumerFetcherManager  - [ConsumerFetcherManager-1537923444858] Stopping all fetchers
246 [Thread-0] INFO kafka.consumer.ConsumerFetcherManager  - [ConsumerFetcherManager-1537923444858] All connections stopped
247 [Thread-0] INFO kafka.consumer.ZookeeperConsumerConnector  - [space.exploration.mars.rover.curiosity.1537923444507_zion-mainframe-1537923444812-fb8f7c53], Cleared all relevant queues for this fetcher
247 [Thread-0] INFO kafka.consumer.ZookeeperConsumerConnector  - [space.exploration.mars.rover.curiosity.1537923444507_zion-mainframe-1537923444812-fb8f7c53], Cleared the data chunks in all the consumer message iterators
247 [Thread-0] INFO kafka.consumer.ZookeeperConsumerConnector  - [space.exploration.mars.rover.curiosity.1537923444507_zion-mainframe-1537923444812-fb8f7c53], Committing all offsets after clearing the fetcher queues
248 [Thread-0] INFO kafka.consumer.ZookeeperConsumerConnector  - [space.exploration.mars.rover.curiosity.1537923444507_zion-mainframe-1537923444812-fb8f7c53], Releasing partition ownership
265 [Thread-0] INFO kafka.consumer.RangeAssignor  - Consumer space.exploration.mars.rover.curiosity.1537923444507_zion-mainframe-1537923444812-fb8f7c53 rebalancing the following partitions: ArrayBuffer() for topic curiosity_to_earth_5 with consumers: List(space.exploration.mars.rover.curiosity.1537923444507_zion-mainframe-1537923444812-fb8f7c53-0)
266 [Thread-0] WARN kafka.consumer.RangeAssignor  - No broker partitions consumed by consumer thread space.exploration.mars.rover.curiosity.1537923444507_zion-mainframe-1537923444812-fb8f7c53-0 for topic curiosity_to_earth_5
272 [Thread-0] INFO kafka.consumer.ZookeeperConsumerConnector  - [space.exploration.mars.rover.curiosity.1537923444507_zion-mainframe-1537923444812-fb8f7c53], Consumer space.exploration.mars.rover.curiosity.1537923444507_zion-mainframe-1537923444812-fb8f7c53 selected partitions : 
273 [space.exploration.mars.rover.curiosity.1537923444507_zion-mainframe-1537923444812-fb8f7c53-leader-finder-thread] INFO kafka.consumer.ConsumerFetcherManager$LeaderFinderThread  - [space.exploration.mars.rover.curiosity.1537923444507_zion-mainframe-1537923444812-fb8f7c53-leader-finder-thread], Starting 
273 [Thread-0] INFO kafka.consumer.ZookeeperConsumerConnector  - [space.exploration.mars.rover.curiosity.1537923444507_zion-mainframe-1537923444812-fb8f7c53], end rebalancing consumer space.exploration.mars.rover.curiosity.1537923444507_zion-mainframe-1537923444812-fb8f7c53 try #0
43998 [ZkClient-EventThread-17-localhost:2181] INFO kafka.consumer.ZookeeperConsumerConnector  - [space.exploration.mars.rover.curiosity.1537923444507_zion-mainframe-1537923444812-fb8f7c53], Topic info for path /brokers/topics/curiosity_to_earth_5 changed to {"version":1,"partitions":{"0":[0]}}, triggering rebalance
43999 [space.exploration.mars.rover.curiosity.1537923444507_zion-mainframe-1537923444812-fb8f7c53_watcher_executor] INFO kafka.consumer.ZookeeperConsumerConnector  - [space.exploration.mars.rover.curiosity.1537923444507_zion-mainframe-1537923444812-fb8f7c53], begin rebalancing consumer space.exploration.mars.rover.curiosity.1537923444507_zion-mainframe-1537923444812-fb8f7c53 try #0
44018 [space.exploration.mars.rover.curiosity.1537923444507_zion-mainframe-1537923444812-fb8f7c53_watcher_executor] INFO kafka.consumer.ConsumerFetcherManager  - [ConsumerFetcherManager-1537923444858] Stopping leader finder thread
44019 [space.exploration.mars.rover.curiosity.1537923444507_zion-mainframe-1537923444812-fb8f7c53_watcher_executor] INFO kafka.consumer.ConsumerFetcherManager$LeaderFinderThread  - [space.exploration.mars.rover.curiosity.1537923444507_zion-mainframe-1537923444812-fb8f7c53-leader-finder-thread], Shutting down
44020 [space.exploration.mars.rover.curiosity.1537923444507_zion-mainframe-1537923444812-fb8f7c53-leader-finder-thread] INFO kafka.consumer.ConsumerFetcherManager$LeaderFinderThread  - [space.exploration.mars.rover.curiosity.1537923444507_zion-mainframe-1537923444812-fb8f7c53-leader-finder-thread], Stopped 
44020 [space.exploration.mars.rover.curiosity.1537923444507_zion-mainframe-1537923444812-fb8f7c53_watcher_executor] INFO kafka.consumer.ConsumerFetcherManager$LeaderFinderThread  - [space.exploration.mars.rover.curiosity.1537923444507_zion-mainframe-1537923444812-fb8f7c53-leader-finder-thread], Shutdown completed
44020 [space.exploration.mars.rover.curiosity.1537923444507_zion-mainframe-1537923444812-fb8f7c53_watcher_executor] INFO kafka.consumer.ConsumerFetcherManager  - [ConsumerFetcherManager-1537923444858] Stopping all fetchers
44023 [space.exploration.mars.rover.curiosity.1537923444507_zion-mainframe-1537923444812-fb8f7c53_watcher_executor] INFO kafka.consumer.ConsumerFetcherManager  - [ConsumerFetcherManager-1537923444858] All connections stopped
44023 [space.exploration.mars.rover.curiosity.1537923444507_zion-mainframe-1537923444812-fb8f7c53_watcher_executor] INFO kafka.consumer.ZookeeperConsumerConnector  - [space.exploration.mars.rover.curiosity.1537923444507_zion-mainframe-1537923444812-fb8f7c53], Cleared all relevant queues for this fetcher
44023 [space.exploration.mars.rover.curiosity.1537923444507_zion-mainframe-1537923444812-fb8f7c53_watcher_executor] INFO kafka.consumer.ZookeeperConsumerConnector  - [space.exploration.mars.rover.curiosity.1537923444507_zion-mainframe-1537923444812-fb8f7c53], Cleared the data chunks in all the consumer message iterators
44023 [space.exploration.mars.rover.curiosity.1537923444507_zion-mainframe-1537923444812-fb8f7c53_watcher_executor] INFO kafka.consumer.ZookeeperConsumerConnector  - [space.exploration.mars.rover.curiosity.1537923444507_zion-mainframe-1537923444812-fb8f7c53], Committing all offsets after clearing the fetcher queues
44023 [space.exploration.mars.rover.curiosity.1537923444507_zion-mainframe-1537923444812-fb8f7c53_watcher_executor] INFO kafka.consumer.ZookeeperConsumerConnector  - [space.exploration.mars.rover.curiosity.1537923444507_zion-mainframe-1537923444812-fb8f7c53], Releasing partition ownership
44042 [space.exploration.mars.rover.curiosity.1537923444507_zion-mainframe-1537923444812-fb8f7c53_watcher_executor] INFO kafka.consumer.RangeAssignor  - Consumer space.exploration.mars.rover.curiosity.1537923444507_zion-mainframe-1537923444812-fb8f7c53 rebalancing the following partitions: ArrayBuffer(0) for topic curiosity_to_earth_5 with consumers: List(space.exploration.mars.rover.curiosity.1537923444507_zion-mainframe-1537923444812-fb8f7c53-0)
44043 [space.exploration.mars.rover.curiosity.1537923444507_zion-mainframe-1537923444812-fb8f7c53_watcher_executor] INFO kafka.consumer.RangeAssignor  - space.exploration.mars.rover.curiosity.1537923444507_zion-mainframe-1537923444812-fb8f7c53-0 attempting to claim partition 0
44066 [space.exploration.mars.rover.curiosity.1537923444507_zion-mainframe-1537923444812-fb8f7c53_watcher_executor] INFO kafka.consumer.ZookeeperConsumerConnector  - [space.exploration.mars.rover.curiosity.1537923444507_zion-mainframe-1537923444812-fb8f7c53], space.exploration.mars.rover.curiosity.1537923444507_zion-mainframe-1537923444812-fb8f7c53-0 successfully owned partition 0 for topic curiosity_to_earth_5
44071 [space.exploration.mars.rover.curiosity.1537923444507_zion-mainframe-1537923444812-fb8f7c53_watcher_executor] INFO kafka.consumer.ZookeeperConsumerConnector  - [space.exploration.mars.rover.curiosity.1537923444507_zion-mainframe-1537923444812-fb8f7c53], Consumer space.exploration.mars.rover.curiosity.1537923444507_zion-mainframe-1537923444812-fb8f7c53 selected partitions : curiosity_to_earth_5:0: fetched offset = -1: consumed offset = -1
44071 [space.exploration.mars.rover.curiosity.1537923444507_zion-mainframe-1537923444812-fb8f7c53-leader-finder-thread] INFO kafka.consumer.ConsumerFetcherManager$LeaderFinderThread  - [space.exploration.mars.rover.curiosity.1537923444507_zion-mainframe-1537923444812-fb8f7c53-leader-finder-thread], Starting 
44071 [space.exploration.mars.rover.curiosity.1537923444507_zion-mainframe-1537923444812-fb8f7c53_watcher_executor] INFO kafka.consumer.ZookeeperConsumerConnector  - [space.exploration.mars.rover.curiosity.1537923444507_zion-mainframe-1537923444812-fb8f7c53], end rebalancing consumer space.exploration.mars.rover.curiosity.1537923444507_zion-mainframe-1537923444812-fb8f7c53 try #0
44084 [space.exploration.mars.rover.curiosity.1537923444507_zion-mainframe-1537923444812-fb8f7c53-leader-finder-thread] INFO kafka.utils.VerifiableProperties  - Verifying properties
44084 [space.exploration.mars.rover.curiosity.1537923444507_zion-mainframe-1537923444812-fb8f7c53-leader-finder-thread] INFO kafka.utils.VerifiableProperties  - Property client.id is overridden to space.exploration.mars.rover.curiosity.1537923444507
44084 [space.exploration.mars.rover.curiosity.1537923444507_zion-mainframe-1537923444812-fb8f7c53-leader-finder-thread] INFO kafka.utils.VerifiableProperties  - Property metadata.broker.list is overridden to zion-mainframe:9092
44084 [space.exploration.mars.rover.curiosity.1537923444507_zion-mainframe-1537923444812-fb8f7c53-leader-finder-thread] INFO kafka.utils.VerifiableProperties  - Property request.timeout.ms is overridden to 30000
44097 [space.exploration.mars.rover.curiosity.1537923444507_zion-mainframe-1537923444812-fb8f7c53-leader-finder-thread] INFO kafka.client.ClientUtils$  - Fetching metadata from broker BrokerEndPoint(0,zion-mainframe,9092) with correlation id 0 for 1 topic(s) Set(curiosity_to_earth_5)
44102 [space.exploration.mars.rover.curiosity.1537923444507_zion-mainframe-1537923444812-fb8f7c53-leader-finder-thread] INFO kafka.producer.SyncProducer  - Connected to zion-mainframe:9092 for producing
44113 [space.exploration.mars.rover.curiosity.1537923444507_zion-mainframe-1537923444812-fb8f7c53-leader-finder-thread] INFO kafka.producer.SyncProducer  - Disconnecting from zion-mainframe:9092
44151 [ConsumerFetcherThread-space.exploration.mars.rover.curiosity.1537923444507_zion-mainframe-1537923444812-fb8f7c53-0-0] INFO kafka.consumer.ConsumerFetcherThread  - [ConsumerFetcherThread-space.exploration.mars.rover.curiosity.1537923444507_zion-mainframe-1537923444812-fb8f7c53-0-0], Starting 
44169 [space.exploration.mars.rover.curiosity.1537923444507_zion-mainframe-1537923444812-fb8f7c53-leader-finder-thread] INFO kafka.consumer.ConsumerFetcherManager  - [ConsumerFetcherManager-1537923444858] Added fetcher for partitions ArrayBuffer([[curiosity_to_earth_5,0], initOffset -1 to broker BrokerEndPoint(0,zion-mainframe,9092)] )
