0 [main] INFO kafka.utils.VerifiableProperties  - Verifying properties
28 [main] INFO kafka.utils.VerifiableProperties  - Property auto.offset.reset is overridden to largest
29 [main] WARN kafka.utils.VerifiableProperties  - Property bootstrap.servers is not valid
29 [main] WARN kafka.utils.VerifiableProperties  - Property destination.topic is not valid
29 [main] INFO kafka.utils.VerifiableProperties  - Property group.id is overridden to space.exploration.mars.rover.curiosity.1513482783718
29 [main] WARN kafka.utils.VerifiableProperties  - Property key.serializer is not valid
29 [main] WARN kafka.utils.VerifiableProperties  - Property metadata.broker.list is not valid
29 [main] WARN kafka.utils.VerifiableProperties  - Property source.topic is not valid
29 [main] WARN kafka.utils.VerifiableProperties  - Property value.serializer is not valid
29 [main] INFO kafka.utils.VerifiableProperties  - Property zookeeper.connect is overridden to localhost:2181
66 [main] INFO kafka.consumer.ZookeeperConsumerConnector  - [space.exploration.mars.rover.curiosity.1513482783718_zion-mainframe-1513482783954-7c30bb23], Connecting to zookeeper instance at localhost:2181
71 [ZkClient-EventThread-14-localhost:2181] INFO org.I0Itec.zkclient.ZkEventThread  - Starting ZkClient event thread.
74 [main] INFO org.apache.zookeeper.ZooKeeper  - Client environment:zookeeper.version=3.4.6-1569965, built on 02/20/2014 09:09 GMT
74 [main] INFO org.apache.zookeeper.ZooKeeper  - Client environment:host.name=zion-mainframe
74 [main] INFO org.apache.zookeeper.ZooKeeper  - Client environment:java.version=1.8.0_151
74 [main] INFO org.apache.zookeeper.ZooKeeper  - Client environment:java.vendor=Oracle Corporation
74 [main] INFO org.apache.zookeeper.ZooKeeper  - Client environment:java.home=/usr/lib/jvm/java-8-openjdk-amd64/jre
74 [main] INFO org.apache.zookeeper.ZooKeeper  - Client environment:java.class.path=target/mission.control-1.1.1-shaded.jar
74 [main] INFO org.apache.zookeeper.ZooKeeper  - Client environment:java.library.path=$LD_LIBRARY_PATH:"/home/sanket/Documents/workspace/SpiceUtilities/src/main/resources/JNISpice/lib/libJNISpice.so":/home/sanket/Documents/workspace/SpiceUtilities/src/main/resources/JNISpice/lib/libJNISpice.so:/usr/java/packages/lib/amd64:/usr/lib/x86_64-linux-gnu/jni:/lib/x86_64-linux-gnu:/usr/lib/x86_64-linux-gnu:/usr/lib/jni:/lib:/usr/lib
74 [main] INFO org.apache.zookeeper.ZooKeeper  - Client environment:java.io.tmpdir=/tmp
74 [main] INFO org.apache.zookeeper.ZooKeeper  - Client environment:java.compiler=<NA>
74 [main] INFO org.apache.zookeeper.ZooKeeper  - Client environment:os.name=Linux
74 [main] INFO org.apache.zookeeper.ZooKeeper  - Client environment:os.arch=amd64
74 [main] INFO org.apache.zookeeper.ZooKeeper  - Client environment:os.version=4.10.0-42-generic
74 [main] INFO org.apache.zookeeper.ZooKeeper  - Client environment:user.name=sanket
74 [main] INFO org.apache.zookeeper.ZooKeeper  - Client environment:user.home=/home/sanket
74 [main] INFO org.apache.zookeeper.ZooKeeper  - Client environment:user.dir=/home/sanket/Documents/workspace/Mission.Control
74 [main] INFO org.apache.zookeeper.ZooKeeper  - Initiating client connection, connectString=localhost:2181 sessionTimeout=6000 watcher=org.I0Itec.zkclient.ZkClient@2d127a61
82 [main] INFO org.I0Itec.zkclient.ZkClient  - Waiting for keeper state SyncConnected
84 [main-SendThread(localhost:2181)] INFO org.apache.zookeeper.ClientCnxn  - Opening socket connection to server localhost/127.0.0.1:2181. Will not attempt to authenticate using SASL (unknown error)
118 [main-SendThread(localhost:2181)] INFO org.apache.zookeeper.ClientCnxn  - Socket connection established to localhost/127.0.0.1:2181, initiating session
122 [main-SendThread(localhost:2181)] INFO org.apache.zookeeper.ClientCnxn  - Session establishment complete on server localhost/127.0.0.1:2181, sessionid = 0x160431894db001f, negotiated timeout = 6000
123 [main-EventThread] INFO org.I0Itec.zkclient.ZkClient  - zookeeper state changed (SyncConnected)
130 [main] INFO kafka.consumer.ZookeeperConsumerConnector  - [space.exploration.mars.rover.curiosity.1513482783718_zion-mainframe-1513482783954-7c30bb23], starting auto committer every 60000 ms
148 [Thread-0] INFO kafka.consumer.ZookeeperConsumerConnector  - [space.exploration.mars.rover.curiosity.1513482783718_zion-mainframe-1513482783954-7c30bb23], begin registering consumer space.exploration.mars.rover.curiosity.1513482783718_zion-mainframe-1513482783954-7c30bb23 in ZK
164 [Thread-0] INFO kafka.utils.ZKCheckedEphemeral  - Creating /consumers/space.exploration.mars.rover.curiosity.1513482783718/ids/space.exploration.mars.rover.curiosity.1513482783718_zion-mainframe-1513482783954-7c30bb23 (is it secure? false)
172 [Thread-0] INFO kafka.utils.ZKCheckedEphemeral  - Result of znode creation is: OK
172 [Thread-0] INFO kafka.consumer.ZookeeperConsumerConnector  - [space.exploration.mars.rover.curiosity.1513482783718_zion-mainframe-1513482783954-7c30bb23], end registering consumer space.exploration.mars.rover.curiosity.1513482783718_zion-mainframe-1513482783954-7c30bb23 in ZK
175 [space.exploration.mars.rover.curiosity.1513482783718_zion-mainframe-1513482783954-7c30bb23_watcher_executor] INFO kafka.consumer.ZookeeperConsumerConnector  - [space.exploration.mars.rover.curiosity.1513482783718_zion-mainframe-1513482783954-7c30bb23], starting watcher executor thread for consumer space.exploration.mars.rover.curiosity.1513482783718_zion-mainframe-1513482783954-7c30bb23
187 [Thread-0] INFO kafka.consumer.ZookeeperConsumerConnector  - [space.exploration.mars.rover.curiosity.1513482783718_zion-mainframe-1513482783954-7c30bb23], begin rebalancing consumer space.exploration.mars.rover.curiosity.1513482783718_zion-mainframe-1513482783954-7c30bb23 try #0
257 [Thread-0] INFO kafka.consumer.ConsumerFetcherManager  - [ConsumerFetcherManager-1513482784016] Stopping leader finder thread
258 [Thread-0] INFO kafka.consumer.ConsumerFetcherManager  - [ConsumerFetcherManager-1513482784016] Stopping all fetchers
258 [Thread-0] INFO kafka.consumer.ConsumerFetcherManager  - [ConsumerFetcherManager-1513482784016] All connections stopped
258 [Thread-0] INFO kafka.consumer.ZookeeperConsumerConnector  - [space.exploration.mars.rover.curiosity.1513482783718_zion-mainframe-1513482783954-7c30bb23], Cleared all relevant queues for this fetcher
259 [Thread-0] INFO kafka.consumer.ZookeeperConsumerConnector  - [space.exploration.mars.rover.curiosity.1513482783718_zion-mainframe-1513482783954-7c30bb23], Cleared the data chunks in all the consumer message iterators
259 [Thread-0] INFO kafka.consumer.ZookeeperConsumerConnector  - [space.exploration.mars.rover.curiosity.1513482783718_zion-mainframe-1513482783954-7c30bb23], Committing all offsets after clearing the fetcher queues
260 [Thread-0] INFO kafka.consumer.ZookeeperConsumerConnector  - [space.exploration.mars.rover.curiosity.1513482783718_zion-mainframe-1513482783954-7c30bb23], Releasing partition ownership
287 [Thread-0] INFO kafka.consumer.RangeAssignor  - Consumer space.exploration.mars.rover.curiosity.1513482783718_zion-mainframe-1513482783954-7c30bb23 rebalancing the following partitions: ArrayBuffer(0) for topic curiosity_to_earth_5 with consumers: List(space.exploration.mars.rover.curiosity.1513482783718_zion-mainframe-1513482783954-7c30bb23-0)
288 [Thread-0] INFO kafka.consumer.RangeAssignor  - space.exploration.mars.rover.curiosity.1513482783718_zion-mainframe-1513482783954-7c30bb23-0 attempting to claim partition 0
308 [Thread-0] INFO kafka.consumer.ZookeeperConsumerConnector  - [space.exploration.mars.rover.curiosity.1513482783718_zion-mainframe-1513482783954-7c30bb23], space.exploration.mars.rover.curiosity.1513482783718_zion-mainframe-1513482783954-7c30bb23-0 successfully owned partition 0 for topic curiosity_to_earth_5
320 [Thread-0] INFO kafka.consumer.ZookeeperConsumerConnector  - [space.exploration.mars.rover.curiosity.1513482783718_zion-mainframe-1513482783954-7c30bb23], Consumer space.exploration.mars.rover.curiosity.1513482783718_zion-mainframe-1513482783954-7c30bb23 selected partitions : curiosity_to_earth_5:0: fetched offset = -1: consumed offset = -1
322 [Thread-0] INFO kafka.consumer.ZookeeperConsumerConnector  - [space.exploration.mars.rover.curiosity.1513482783718_zion-mainframe-1513482783954-7c30bb23], end rebalancing consumer space.exploration.mars.rover.curiosity.1513482783718_zion-mainframe-1513482783954-7c30bb23 try #0
323 [space.exploration.mars.rover.curiosity.1513482783718_zion-mainframe-1513482783954-7c30bb23-leader-finder-thread] INFO kafka.consumer.ConsumerFetcherManager$LeaderFinderThread  - [space.exploration.mars.rover.curiosity.1513482783718_zion-mainframe-1513482783954-7c30bb23-leader-finder-thread], Starting 
335 [space.exploration.mars.rover.curiosity.1513482783718_zion-mainframe-1513482783954-7c30bb23-leader-finder-thread] INFO kafka.utils.VerifiableProperties  - Verifying properties
336 [space.exploration.mars.rover.curiosity.1513482783718_zion-mainframe-1513482783954-7c30bb23-leader-finder-thread] INFO kafka.utils.VerifiableProperties  - Property client.id is overridden to space.exploration.mars.rover.curiosity.1513482783718
336 [space.exploration.mars.rover.curiosity.1513482783718_zion-mainframe-1513482783954-7c30bb23-leader-finder-thread] INFO kafka.utils.VerifiableProperties  - Property metadata.broker.list is overridden to zion-mainframe:9092
336 [space.exploration.mars.rover.curiosity.1513482783718_zion-mainframe-1513482783954-7c30bb23-leader-finder-thread] INFO kafka.utils.VerifiableProperties  - Property request.timeout.ms is overridden to 30000
348 [space.exploration.mars.rover.curiosity.1513482783718_zion-mainframe-1513482783954-7c30bb23-leader-finder-thread] INFO kafka.client.ClientUtils$  - Fetching metadata from broker BrokerEndPoint(0,zion-mainframe,9092) with correlation id 0 for 1 topic(s) Set(curiosity_to_earth_5)
352 [space.exploration.mars.rover.curiosity.1513482783718_zion-mainframe-1513482783954-7c30bb23-leader-finder-thread] INFO kafka.producer.SyncProducer  - Connected to zion-mainframe:9092 for producing
363 [space.exploration.mars.rover.curiosity.1513482783718_zion-mainframe-1513482783954-7c30bb23-leader-finder-thread] INFO kafka.producer.SyncProducer  - Disconnecting from zion-mainframe:9092
381 [ConsumerFetcherThread-space.exploration.mars.rover.curiosity.1513482783718_zion-mainframe-1513482783954-7c30bb23-0-0] INFO kafka.consumer.ConsumerFetcherThread  - [ConsumerFetcherThread-space.exploration.mars.rover.curiosity.1513482783718_zion-mainframe-1513482783954-7c30bb23-0-0], Starting 
390 [space.exploration.mars.rover.curiosity.1513482783718_zion-mainframe-1513482783954-7c30bb23-leader-finder-thread] INFO kafka.consumer.ConsumerFetcherManager  - [ConsumerFetcherManager-1513482784016] Added fetcher for partitions ArrayBuffer([[curiosity_to_earth_5,0], initOffset -1 to broker BrokerEndPoint(0,zion-mainframe,9092)] )
17062202 [Thread-0] INFO naasa.gov.mission.control.Receiver  - Message received from 
17182796 [Thread-0] INFO naasa.gov.mission.control.Receiver  - Message received from 
17191963 [Thread-0] INFO naasa.gov.mission.control.Receiver  - Message received from 
17236106 [Thread-0] INFO naasa.gov.mission.control.Receiver  - Message received from Spacecraft Clock
17323189 [Thread-0] INFO naasa.gov.mission.control.Receiver  - Message received from 
17338831 [Thread-0] INFO naasa.gov.mission.control.Receiver  - Message received from 
17398804 [Thread-0] INFO naasa.gov.mission.control.Receiver  - Message received from 
17458784 [Thread-0] INFO naasa.gov.mission.control.Receiver  - Message received from 
17589624 [Thread-0] INFO naasa.gov.mission.control.Receiver  - Message received from Spacecraft Clock
46473516 [main-SendThread(localhost:2181)] INFO org.apache.zookeeper.ClientCnxn  - Client session timed out, have not heard from server in 28547153ms for sessionid 0x160431894db001f, closing socket connection and attempting reconnect
46473616 [main-EventThread] INFO org.I0Itec.zkclient.ZkClient  - zookeeper state changed (Disconnected)
46475521 [main-SendThread(localhost:2181)] INFO org.apache.zookeeper.ClientCnxn  - Opening socket connection to server localhost/127.0.0.1:2181. Will not attempt to authenticate using SASL (unknown error)
46475522 [main-SendThread(localhost:2181)] INFO org.apache.zookeeper.ClientCnxn  - Socket connection established to localhost/127.0.0.1:2181, initiating session
46475523 [main-EventThread] INFO org.I0Itec.zkclient.ZkClient  - zookeeper state changed (Expired)
46475523 [main-SendThread(localhost:2181)] INFO org.apache.zookeeper.ClientCnxn  - Unable to reconnect to ZooKeeper service, session 0x160431894db001f has expired, closing socket connection
46475524 [main-EventThread] INFO org.apache.zookeeper.ZooKeeper  - Initiating client connection, connectString=localhost:2181 sessionTimeout=6000 watcher=org.I0Itec.zkclient.ZkClient@2d127a61
46475525 [main-EventThread] INFO org.apache.zookeeper.ClientCnxn  - EventThread shut down
46475525 [ZkClient-EventThread-14-localhost:2181] INFO kafka.consumer.ZookeeperConsumerConnector  - [space.exploration.mars.rover.curiosity.1513482783718_zion-mainframe-1513482783954-7c30bb23], ZK expired; release old broker parition ownership; re-register consumer space.exploration.mars.rover.curiosity.1513482783718_zion-mainframe-1513482783954-7c30bb23
46475525 [ZkClient-EventThread-14-localhost:2181] INFO kafka.consumer.ZookeeperConsumerConnector  - [space.exploration.mars.rover.curiosity.1513482783718_zion-mainframe-1513482783954-7c30bb23], begin registering consumer space.exploration.mars.rover.curiosity.1513482783718_zion-mainframe-1513482783954-7c30bb23 in ZK
46475525 [ZkClient-EventThread-14-localhost:2181] INFO kafka.utils.ZKCheckedEphemeral  - Creating /consumers/space.exploration.mars.rover.curiosity.1513482783718/ids/space.exploration.mars.rover.curiosity.1513482783718_zion-mainframe-1513482783954-7c30bb23 (is it secure? false)
46475545 [main-SendThread(localhost:2181)] INFO org.apache.zookeeper.ClientCnxn  - Opening socket connection to server localhost/127.0.0.1:2181. Will not attempt to authenticate using SASL (unknown error)
46475547 [main-SendThread(localhost:2181)] INFO org.apache.zookeeper.ClientCnxn  - Socket connection established to localhost/127.0.0.1:2181, initiating session
46475556 [main-SendThread(localhost:2181)] INFO org.apache.zookeeper.ClientCnxn  - Session establishment complete on server localhost/127.0.0.1:2181, sessionid = 0x160431894db0022, negotiated timeout = 6000
46475556 [main-EventThread] INFO org.I0Itec.zkclient.ZkClient  - zookeeper state changed (SyncConnected)
46475564 [ZkClient-EventThread-14-localhost:2181] INFO kafka.utils.ZKCheckedEphemeral  - Result of znode creation is: OK
46475564 [ZkClient-EventThread-14-localhost:2181] INFO kafka.consumer.ZookeeperConsumerConnector  - [space.exploration.mars.rover.curiosity.1513482783718_zion-mainframe-1513482783954-7c30bb23], end registering consumer space.exploration.mars.rover.curiosity.1513482783718_zion-mainframe-1513482783954-7c30bb23 in ZK
46475564 [ZkClient-EventThread-14-localhost:2181] INFO kafka.consumer.ZookeeperConsumerConnector  - [space.exploration.mars.rover.curiosity.1513482783718_zion-mainframe-1513482783954-7c30bb23], begin rebalancing consumer space.exploration.mars.rover.curiosity.1513482783718_zion-mainframe-1513482783954-7c30bb23 try #0
46475602 [ZkClient-EventThread-14-localhost:2181] INFO kafka.consumer.ConsumerFetcherManager  - [ConsumerFetcherManager-1513482784016] Stopping leader finder thread
46475605 [ZkClient-EventThread-14-localhost:2181] INFO kafka.consumer.ConsumerFetcherManager$LeaderFinderThread  - [space.exploration.mars.rover.curiosity.1513482783718_zion-mainframe-1513482783954-7c30bb23-leader-finder-thread], Shutting down
46475606 [space.exploration.mars.rover.curiosity.1513482783718_zion-mainframe-1513482783954-7c30bb23-leader-finder-thread] INFO kafka.consumer.ConsumerFetcherManager$LeaderFinderThread  - [space.exploration.mars.rover.curiosity.1513482783718_zion-mainframe-1513482783954-7c30bb23-leader-finder-thread], Stopped 
46475608 [ZkClient-EventThread-14-localhost:2181] INFO kafka.consumer.ConsumerFetcherManager$LeaderFinderThread  - [space.exploration.mars.rover.curiosity.1513482783718_zion-mainframe-1513482783954-7c30bb23-leader-finder-thread], Shutdown completed
46475608 [ZkClient-EventThread-14-localhost:2181] INFO kafka.consumer.ConsumerFetcherManager  - [ConsumerFetcherManager-1513482784016] Stopping all fetchers
46475608 [ZkClient-EventThread-14-localhost:2181] INFO kafka.consumer.ConsumerFetcherThread  - [ConsumerFetcherThread-space.exploration.mars.rover.curiosity.1513482783718_zion-mainframe-1513482783954-7c30bb23-0-0], Shutting down
46475609 [ConsumerFetcherThread-space.exploration.mars.rover.curiosity.1513482783718_zion-mainframe-1513482783954-7c30bb23-0-0] INFO kafka.consumer.ConsumerFetcherThread  - [ConsumerFetcherThread-space.exploration.mars.rover.curiosity.1513482783718_zion-mainframe-1513482783954-7c30bb23-0-0], Stopped 
46475609 [ZkClient-EventThread-14-localhost:2181] INFO kafka.consumer.ConsumerFetcherThread  - [ConsumerFetcherThread-space.exploration.mars.rover.curiosity.1513482783718_zion-mainframe-1513482783954-7c30bb23-0-0], Shutdown completed
46475609 [ZkClient-EventThread-14-localhost:2181] INFO kafka.consumer.ConsumerFetcherManager  - [ConsumerFetcherManager-1513482784016] All connections stopped
46475609 [ZkClient-EventThread-14-localhost:2181] INFO kafka.consumer.ZookeeperConsumerConnector  - [space.exploration.mars.rover.curiosity.1513482783718_zion-mainframe-1513482783954-7c30bb23], Cleared all relevant queues for this fetcher
46475609 [ZkClient-EventThread-14-localhost:2181] INFO kafka.consumer.ZookeeperConsumerConnector  - [space.exploration.mars.rover.curiosity.1513482783718_zion-mainframe-1513482783954-7c30bb23], Cleared the data chunks in all the consumer message iterators
46475609 [ZkClient-EventThread-14-localhost:2181] INFO kafka.consumer.ZookeeperConsumerConnector  - [space.exploration.mars.rover.curiosity.1513482783718_zion-mainframe-1513482783954-7c30bb23], Committing all offsets after clearing the fetcher queues
46475609 [ZkClient-EventThread-14-localhost:2181] INFO kafka.consumer.ZookeeperConsumerConnector  - [space.exploration.mars.rover.curiosity.1513482783718_zion-mainframe-1513482783954-7c30bb23], Releasing partition ownership
46475636 [ZkClient-EventThread-14-localhost:2181] INFO kafka.consumer.RangeAssignor  - Consumer space.exploration.mars.rover.curiosity.1513482783718_zion-mainframe-1513482783954-7c30bb23 rebalancing the following partitions: ArrayBuffer(0) for topic curiosity_to_earth_5 with consumers: List(space.exploration.mars.rover.curiosity.1513482783718_zion-mainframe-1513482783954-7c30bb23-0)
46475636 [ZkClient-EventThread-14-localhost:2181] INFO kafka.consumer.RangeAssignor  - space.exploration.mars.rover.curiosity.1513482783718_zion-mainframe-1513482783954-7c30bb23-0 attempting to claim partition 0
46475643 [ZkClient-EventThread-14-localhost:2181] INFO kafka.consumer.ZookeeperConsumerConnector  - [space.exploration.mars.rover.curiosity.1513482783718_zion-mainframe-1513482783954-7c30bb23], space.exploration.mars.rover.curiosity.1513482783718_zion-mainframe-1513482783954-7c30bb23-0 successfully owned partition 0 for topic curiosity_to_earth_5
46475644 [ZkClient-EventThread-14-localhost:2181] INFO kafka.consumer.ZookeeperConsumerConnector  - [space.exploration.mars.rover.curiosity.1513482783718_zion-mainframe-1513482783954-7c30bb23], Consumer space.exploration.mars.rover.curiosity.1513482783718_zion-mainframe-1513482783954-7c30bb23 selected partitions : curiosity_to_earth_5:0: fetched offset = 1115: consumed offset = 1115
46475644 [ZkClient-EventThread-14-localhost:2181] INFO kafka.consumer.ZookeeperConsumerConnector  - [space.exploration.mars.rover.curiosity.1513482783718_zion-mainframe-1513482783954-7c30bb23], end rebalancing consumer space.exploration.mars.rover.curiosity.1513482783718_zion-mainframe-1513482783954-7c30bb23 try #0
46475646 [space.exploration.mars.rover.curiosity.1513482783718_zion-mainframe-1513482783954-7c30bb23_watcher_executor] INFO kafka.consumer.ZookeeperConsumerConnector  - [space.exploration.mars.rover.curiosity.1513482783718_zion-mainframe-1513482783954-7c30bb23], begin rebalancing consumer space.exploration.mars.rover.curiosity.1513482783718_zion-mainframe-1513482783954-7c30bb23 try #0
46475656 [ZkClient-EventThread-14-localhost:2181] INFO kafka.consumer.ZookeeperConsumerConnector  - [space.exploration.mars.rover.curiosity.1513482783718_zion-mainframe-1513482783954-7c30bb23], Topic info for path /brokers/topics/curiosity_to_earth_5 changed to {"version":1,"partitions":{"0":[0]}}, triggering rebalance
46475666 [space.exploration.mars.rover.curiosity.1513482783718_zion-mainframe-1513482783954-7c30bb23-leader-finder-thread] INFO kafka.consumer.ConsumerFetcherManager$LeaderFinderThread  - [space.exploration.mars.rover.curiosity.1513482783718_zion-mainframe-1513482783954-7c30bb23-leader-finder-thread], Starting 
46475670 [space.exploration.mars.rover.curiosity.1513482783718_zion-mainframe-1513482783954-7c30bb23_watcher_executor] INFO kafka.consumer.ConsumerFetcherManager  - [ConsumerFetcherManager-1513482784016] Stopping leader finder thread
46475670 [space.exploration.mars.rover.curiosity.1513482783718_zion-mainframe-1513482783954-7c30bb23_watcher_executor] INFO kafka.consumer.ConsumerFetcherManager$LeaderFinderThread  - [space.exploration.mars.rover.curiosity.1513482783718_zion-mainframe-1513482783954-7c30bb23-leader-finder-thread], Shutting down
46475672 [space.exploration.mars.rover.curiosity.1513482783718_zion-mainframe-1513482783954-7c30bb23-leader-finder-thread] INFO kafka.utils.VerifiableProperties  - Verifying properties
46475672 [space.exploration.mars.rover.curiosity.1513482783718_zion-mainframe-1513482783954-7c30bb23-leader-finder-thread] INFO kafka.utils.VerifiableProperties  - Property client.id is overridden to space.exploration.mars.rover.curiosity.1513482783718
46475672 [space.exploration.mars.rover.curiosity.1513482783718_zion-mainframe-1513482783954-7c30bb23-leader-finder-thread] INFO kafka.utils.VerifiableProperties  - Property metadata.broker.list is overridden to zion-mainframe:9092
46475672 [space.exploration.mars.rover.curiosity.1513482783718_zion-mainframe-1513482783954-7c30bb23-leader-finder-thread] INFO kafka.utils.VerifiableProperties  - Property request.timeout.ms is overridden to 30000
46475672 [space.exploration.mars.rover.curiosity.1513482783718_zion-mainframe-1513482783954-7c30bb23-leader-finder-thread] INFO kafka.client.ClientUtils$  - Fetching metadata from broker BrokerEndPoint(0,zion-mainframe,9092) with correlation id 1 for 1 topic(s) Set(curiosity_to_earth_5)
46475673 [space.exploration.mars.rover.curiosity.1513482783718_zion-mainframe-1513482783954-7c30bb23-leader-finder-thread] INFO kafka.producer.SyncProducer  - Connected to zion-mainframe:9092 for producing
46475673 [space.exploration.mars.rover.curiosity.1513482783718_zion-mainframe-1513482783954-7c30bb23-leader-finder-thread] INFO kafka.producer.SyncProducer  - Disconnecting from zion-mainframe:9092
46475675 [space.exploration.mars.rover.curiosity.1513482783718_zion-mainframe-1513482783954-7c30bb23-leader-finder-thread] WARN kafka.client.ClientUtils$  - Fetching topic metadata with correlation id 1 for topics [Set(curiosity_to_earth_5)] from broker [BrokerEndPoint(0,zion-mainframe,9092)] failed
java.nio.channels.ClosedChannelException
	at kafka.network.BlockingChannel.send(BlockingChannel.scala:110)
	at kafka.producer.SyncProducer.liftedTree1$1(SyncProducer.scala:75)
	at kafka.producer.SyncProducer.kafka$producer$SyncProducer$$doSend(SyncProducer.scala:74)
	at kafka.producer.SyncProducer.send(SyncProducer.scala:119)
	at kafka.client.ClientUtils$.fetchTopicMetadata(ClientUtils.scala:59)
	at kafka.client.ClientUtils$.fetchTopicMetadata(ClientUtils.scala:94)
	at kafka.consumer.ConsumerFetcherManager$LeaderFinderThread.doWork(ConsumerFetcherManager.scala:66)
	at kafka.utils.ShutdownableThread.run(ShutdownableThread.scala:63)
46475686 [space.exploration.mars.rover.curiosity.1513482783718_zion-mainframe-1513482783954-7c30bb23-leader-finder-thread] INFO kafka.producer.SyncProducer  - Disconnecting from zion-mainframe:9092
46475687 [space.exploration.mars.rover.curiosity.1513482783718_zion-mainframe-1513482783954-7c30bb23-leader-finder-thread] INFO kafka.consumer.ConsumerFetcherManager$LeaderFinderThread  - [space.exploration.mars.rover.curiosity.1513482783718_zion-mainframe-1513482783954-7c30bb23-leader-finder-thread], Stopped 
46475687 [space.exploration.mars.rover.curiosity.1513482783718_zion-mainframe-1513482783954-7c30bb23_watcher_executor] INFO kafka.consumer.ConsumerFetcherManager$LeaderFinderThread  - [space.exploration.mars.rover.curiosity.1513482783718_zion-mainframe-1513482783954-7c30bb23-leader-finder-thread], Shutdown completed
46475687 [space.exploration.mars.rover.curiosity.1513482783718_zion-mainframe-1513482783954-7c30bb23_watcher_executor] INFO kafka.consumer.ConsumerFetcherManager  - [ConsumerFetcherManager-1513482784016] Stopping all fetchers
46475687 [space.exploration.mars.rover.curiosity.1513482783718_zion-mainframe-1513482783954-7c30bb23_watcher_executor] INFO kafka.consumer.ConsumerFetcherManager  - [ConsumerFetcherManager-1513482784016] All connections stopped
46475687 [space.exploration.mars.rover.curiosity.1513482783718_zion-mainframe-1513482783954-7c30bb23_watcher_executor] INFO kafka.consumer.ZookeeperConsumerConnector  - [space.exploration.mars.rover.curiosity.1513482783718_zion-mainframe-1513482783954-7c30bb23], Cleared all relevant queues for this fetcher
46475687 [space.exploration.mars.rover.curiosity.1513482783718_zion-mainframe-1513482783954-7c30bb23_watcher_executor] INFO kafka.consumer.ZookeeperConsumerConnector  - [space.exploration.mars.rover.curiosity.1513482783718_zion-mainframe-1513482783954-7c30bb23], Cleared the data chunks in all the consumer message iterators
46475687 [space.exploration.mars.rover.curiosity.1513482783718_zion-mainframe-1513482783954-7c30bb23_watcher_executor] INFO kafka.consumer.ZookeeperConsumerConnector  - [space.exploration.mars.rover.curiosity.1513482783718_zion-mainframe-1513482783954-7c30bb23], Committing all offsets after clearing the fetcher queues
46475687 [space.exploration.mars.rover.curiosity.1513482783718_zion-mainframe-1513482783954-7c30bb23_watcher_executor] INFO kafka.consumer.ZookeeperConsumerConnector  - [space.exploration.mars.rover.curiosity.1513482783718_zion-mainframe-1513482783954-7c30bb23], Releasing partition ownership
46475707 [space.exploration.mars.rover.curiosity.1513482783718_zion-mainframe-1513482783954-7c30bb23_watcher_executor] INFO kafka.consumer.RangeAssignor  - Consumer space.exploration.mars.rover.curiosity.1513482783718_zion-mainframe-1513482783954-7c30bb23 rebalancing the following partitions: ArrayBuffer(0) for topic curiosity_to_earth_5 with consumers: List(space.exploration.mars.rover.curiosity.1513482783718_zion-mainframe-1513482783954-7c30bb23-0)
46475707 [space.exploration.mars.rover.curiosity.1513482783718_zion-mainframe-1513482783954-7c30bb23_watcher_executor] INFO kafka.consumer.RangeAssignor  - space.exploration.mars.rover.curiosity.1513482783718_zion-mainframe-1513482783954-7c30bb23-0 attempting to claim partition 0
46475711 [space.exploration.mars.rover.curiosity.1513482783718_zion-mainframe-1513482783954-7c30bb23_watcher_executor] INFO kafka.consumer.ZookeeperConsumerConnector  - [space.exploration.mars.rover.curiosity.1513482783718_zion-mainframe-1513482783954-7c30bb23], space.exploration.mars.rover.curiosity.1513482783718_zion-mainframe-1513482783954-7c30bb23-0 successfully owned partition 0 for topic curiosity_to_earth_5
46475712 [space.exploration.mars.rover.curiosity.1513482783718_zion-mainframe-1513482783954-7c30bb23_watcher_executor] INFO kafka.consumer.ZookeeperConsumerConnector  - [space.exploration.mars.rover.curiosity.1513482783718_zion-mainframe-1513482783954-7c30bb23], Consumer space.exploration.mars.rover.curiosity.1513482783718_zion-mainframe-1513482783954-7c30bb23 selected partitions : curiosity_to_earth_5:0: fetched offset = 1115: consumed offset = 1115
46475717 [space.exploration.mars.rover.curiosity.1513482783718_zion-mainframe-1513482783954-7c30bb23_watcher_executor] INFO kafka.consumer.ZookeeperConsumerConnector  - [space.exploration.mars.rover.curiosity.1513482783718_zion-mainframe-1513482783954-7c30bb23], end rebalancing consumer space.exploration.mars.rover.curiosity.1513482783718_zion-mainframe-1513482783954-7c30bb23 try #0
46475717 [space.exploration.mars.rover.curiosity.1513482783718_zion-mainframe-1513482783954-7c30bb23_watcher_executor] INFO kafka.consumer.ZookeeperConsumerConnector  - [space.exploration.mars.rover.curiosity.1513482783718_zion-mainframe-1513482783954-7c30bb23], begin rebalancing consumer space.exploration.mars.rover.curiosity.1513482783718_zion-mainframe-1513482783954-7c30bb23 try #0
46475729 [space.exploration.mars.rover.curiosity.1513482783718_zion-mainframe-1513482783954-7c30bb23-leader-finder-thread] INFO kafka.consumer.ConsumerFetcherManager$LeaderFinderThread  - [space.exploration.mars.rover.curiosity.1513482783718_zion-mainframe-1513482783954-7c30bb23-leader-finder-thread], Starting 
46475731 [space.exploration.mars.rover.curiosity.1513482783718_zion-mainframe-1513482783954-7c30bb23_watcher_executor] INFO kafka.consumer.ConsumerFetcherManager  - [ConsumerFetcherManager-1513482784016] Stopping leader finder thread
46475732 [space.exploration.mars.rover.curiosity.1513482783718_zion-mainframe-1513482783954-7c30bb23_watcher_executor] INFO kafka.consumer.ConsumerFetcherManager$LeaderFinderThread  - [space.exploration.mars.rover.curiosity.1513482783718_zion-mainframe-1513482783954-7c30bb23-leader-finder-thread], Shutting down
46475733 [space.exploration.mars.rover.curiosity.1513482783718_zion-mainframe-1513482783954-7c30bb23-leader-finder-thread] INFO kafka.utils.VerifiableProperties  - Verifying properties
46475734 [space.exploration.mars.rover.curiosity.1513482783718_zion-mainframe-1513482783954-7c30bb23-leader-finder-thread] INFO kafka.utils.VerifiableProperties  - Property client.id is overridden to space.exploration.mars.rover.curiosity.1513482783718
46475734 [space.exploration.mars.rover.curiosity.1513482783718_zion-mainframe-1513482783954-7c30bb23-leader-finder-thread] INFO kafka.utils.VerifiableProperties  - Property metadata.broker.list is overridden to zion-mainframe:9092
46475734 [space.exploration.mars.rover.curiosity.1513482783718_zion-mainframe-1513482783954-7c30bb23-leader-finder-thread] INFO kafka.utils.VerifiableProperties  - Property request.timeout.ms is overridden to 30000
46475734 [space.exploration.mars.rover.curiosity.1513482783718_zion-mainframe-1513482783954-7c30bb23-leader-finder-thread] INFO kafka.client.ClientUtils$  - Fetching metadata from broker BrokerEndPoint(0,zion-mainframe,9092) with correlation id 2 for 1 topic(s) Set(curiosity_to_earth_5)
46475734 [space.exploration.mars.rover.curiosity.1513482783718_zion-mainframe-1513482783954-7c30bb23-leader-finder-thread] INFO kafka.producer.SyncProducer  - Connected to zion-mainframe:9092 for producing
46475734 [space.exploration.mars.rover.curiosity.1513482783718_zion-mainframe-1513482783954-7c30bb23-leader-finder-thread] INFO kafka.producer.SyncProducer  - Disconnecting from zion-mainframe:9092
46475734 [space.exploration.mars.rover.curiosity.1513482783718_zion-mainframe-1513482783954-7c30bb23-leader-finder-thread] WARN kafka.client.ClientUtils$  - Fetching topic metadata with correlation id 2 for topics [Set(curiosity_to_earth_5)] from broker [BrokerEndPoint(0,zion-mainframe,9092)] failed
java.nio.channels.ClosedChannelException
	at kafka.network.BlockingChannel.send(BlockingChannel.scala:110)
	at kafka.producer.SyncProducer.liftedTree1$1(SyncProducer.scala:75)
	at kafka.producer.SyncProducer.kafka$producer$SyncProducer$$doSend(SyncProducer.scala:74)
	at kafka.producer.SyncProducer.send(SyncProducer.scala:119)
	at kafka.client.ClientUtils$.fetchTopicMetadata(ClientUtils.scala:59)
	at kafka.client.ClientUtils$.fetchTopicMetadata(ClientUtils.scala:94)
	at kafka.consumer.ConsumerFetcherManager$LeaderFinderThread.doWork(ConsumerFetcherManager.scala:66)
	at kafka.utils.ShutdownableThread.run(ShutdownableThread.scala:63)
46475735 [space.exploration.mars.rover.curiosity.1513482783718_zion-mainframe-1513482783954-7c30bb23-leader-finder-thread] INFO kafka.producer.SyncProducer  - Disconnecting from zion-mainframe:9092
46475735 [space.exploration.mars.rover.curiosity.1513482783718_zion-mainframe-1513482783954-7c30bb23-leader-finder-thread] INFO kafka.consumer.ConsumerFetcherManager$LeaderFinderThread  - [space.exploration.mars.rover.curiosity.1513482783718_zion-mainframe-1513482783954-7c30bb23-leader-finder-thread], Stopped 
46475735 [space.exploration.mars.rover.curiosity.1513482783718_zion-mainframe-1513482783954-7c30bb23_watcher_executor] INFO kafka.consumer.ConsumerFetcherManager$LeaderFinderThread  - [space.exploration.mars.rover.curiosity.1513482783718_zion-mainframe-1513482783954-7c30bb23-leader-finder-thread], Shutdown completed
46475735 [space.exploration.mars.rover.curiosity.1513482783718_zion-mainframe-1513482783954-7c30bb23_watcher_executor] INFO kafka.consumer.ConsumerFetcherManager  - [ConsumerFetcherManager-1513482784016] Stopping all fetchers
46475735 [space.exploration.mars.rover.curiosity.1513482783718_zion-mainframe-1513482783954-7c30bb23_watcher_executor] INFO kafka.consumer.ConsumerFetcherManager  - [ConsumerFetcherManager-1513482784016] All connections stopped
46475735 [space.exploration.mars.rover.curiosity.1513482783718_zion-mainframe-1513482783954-7c30bb23_watcher_executor] INFO kafka.consumer.ZookeeperConsumerConnector  - [space.exploration.mars.rover.curiosity.1513482783718_zion-mainframe-1513482783954-7c30bb23], Cleared all relevant queues for this fetcher
46475735 [space.exploration.mars.rover.curiosity.1513482783718_zion-mainframe-1513482783954-7c30bb23_watcher_executor] INFO kafka.consumer.ZookeeperConsumerConnector  - [space.exploration.mars.rover.curiosity.1513482783718_zion-mainframe-1513482783954-7c30bb23], Cleared the data chunks in all the consumer message iterators
46475735 [space.exploration.mars.rover.curiosity.1513482783718_zion-mainframe-1513482783954-7c30bb23_watcher_executor] INFO kafka.consumer.ZookeeperConsumerConnector  - [space.exploration.mars.rover.curiosity.1513482783718_zion-mainframe-1513482783954-7c30bb23], Committing all offsets after clearing the fetcher queues
46475735 [space.exploration.mars.rover.curiosity.1513482783718_zion-mainframe-1513482783954-7c30bb23_watcher_executor] INFO kafka.consumer.ZookeeperConsumerConnector  - [space.exploration.mars.rover.curiosity.1513482783718_zion-mainframe-1513482783954-7c30bb23], Releasing partition ownership
46475757 [space.exploration.mars.rover.curiosity.1513482783718_zion-mainframe-1513482783954-7c30bb23_watcher_executor] INFO kafka.consumer.RangeAssignor  - Consumer space.exploration.mars.rover.curiosity.1513482783718_zion-mainframe-1513482783954-7c30bb23 rebalancing the following partitions: ArrayBuffer(0) for topic curiosity_to_earth_5 with consumers: List(space.exploration.mars.rover.curiosity.1513482783718_zion-mainframe-1513482783954-7c30bb23-0)
46475757 [space.exploration.mars.rover.curiosity.1513482783718_zion-mainframe-1513482783954-7c30bb23_watcher_executor] INFO kafka.consumer.RangeAssignor  - space.exploration.mars.rover.curiosity.1513482783718_zion-mainframe-1513482783954-7c30bb23-0 attempting to claim partition 0
46475772 [space.exploration.mars.rover.curiosity.1513482783718_zion-mainframe-1513482783954-7c30bb23_watcher_executor] INFO kafka.consumer.ZookeeperConsumerConnector  - [space.exploration.mars.rover.curiosity.1513482783718_zion-mainframe-1513482783954-7c30bb23], space.exploration.mars.rover.curiosity.1513482783718_zion-mainframe-1513482783954-7c30bb23-0 successfully owned partition 0 for topic curiosity_to_earth_5
46475773 [space.exploration.mars.rover.curiosity.1513482783718_zion-mainframe-1513482783954-7c30bb23_watcher_executor] INFO kafka.consumer.ZookeeperConsumerConnector  - [space.exploration.mars.rover.curiosity.1513482783718_zion-mainframe-1513482783954-7c30bb23], Consumer space.exploration.mars.rover.curiosity.1513482783718_zion-mainframe-1513482783954-7c30bb23 selected partitions : curiosity_to_earth_5:0: fetched offset = 1115: consumed offset = 1115
46475779 [space.exploration.mars.rover.curiosity.1513482783718_zion-mainframe-1513482783954-7c30bb23_watcher_executor] INFO kafka.consumer.ZookeeperConsumerConnector  - [space.exploration.mars.rover.curiosity.1513482783718_zion-mainframe-1513482783954-7c30bb23], end rebalancing consumer space.exploration.mars.rover.curiosity.1513482783718_zion-mainframe-1513482783954-7c30bb23 try #0
46475780 [space.exploration.mars.rover.curiosity.1513482783718_zion-mainframe-1513482783954-7c30bb23-leader-finder-thread] INFO kafka.consumer.ConsumerFetcherManager$LeaderFinderThread  - [space.exploration.mars.rover.curiosity.1513482783718_zion-mainframe-1513482783954-7c30bb23-leader-finder-thread], Starting 
46475785 [space.exploration.mars.rover.curiosity.1513482783718_zion-mainframe-1513482783954-7c30bb23-leader-finder-thread] INFO kafka.utils.VerifiableProperties  - Verifying properties
46475785 [space.exploration.mars.rover.curiosity.1513482783718_zion-mainframe-1513482783954-7c30bb23-leader-finder-thread] INFO kafka.utils.VerifiableProperties  - Property client.id is overridden to space.exploration.mars.rover.curiosity.1513482783718
46475785 [space.exploration.mars.rover.curiosity.1513482783718_zion-mainframe-1513482783954-7c30bb23-leader-finder-thread] INFO kafka.utils.VerifiableProperties  - Property metadata.broker.list is overridden to zion-mainframe:9092
46475786 [space.exploration.mars.rover.curiosity.1513482783718_zion-mainframe-1513482783954-7c30bb23-leader-finder-thread] INFO kafka.utils.VerifiableProperties  - Property request.timeout.ms is overridden to 30000
46475786 [space.exploration.mars.rover.curiosity.1513482783718_zion-mainframe-1513482783954-7c30bb23-leader-finder-thread] INFO kafka.client.ClientUtils$  - Fetching metadata from broker BrokerEndPoint(0,zion-mainframe,9092) with correlation id 3 for 1 topic(s) Set(curiosity_to_earth_5)
46475786 [space.exploration.mars.rover.curiosity.1513482783718_zion-mainframe-1513482783954-7c30bb23-leader-finder-thread] INFO kafka.producer.SyncProducer  - Connected to zion-mainframe:9092 for producing
46475788 [space.exploration.mars.rover.curiosity.1513482783718_zion-mainframe-1513482783954-7c30bb23-leader-finder-thread] INFO kafka.producer.SyncProducer  - Disconnecting from zion-mainframe:9092
46475799 [space.exploration.mars.rover.curiosity.1513482783718_zion-mainframe-1513482783954-7c30bb23-leader-finder-thread] INFO kafka.consumer.ConsumerFetcherManager  - [ConsumerFetcherManager-1513482784016] Added fetcher for partitions ArrayBuffer([[curiosity_to_earth_5,0], initOffset 1115 to broker BrokerEndPoint(0,zion-mainframe,9092)] )
46475805 [ConsumerFetcherThread-space.exploration.mars.rover.curiosity.1513482783718_zion-mainframe-1513482783954-7c30bb23-0-0] INFO kafka.consumer.ConsumerFetcherThread  - [ConsumerFetcherThread-space.exploration.mars.rover.curiosity.1513482783718_zion-mainframe-1513482783954-7c30bb23-0-0], Starting 
