0 [main] INFO kafka.utils.VerifiableProperties  - Verifying properties
67 [main] WARN kafka.utils.VerifiableProperties  - Property auto.offset.reset is not valid
67 [main] WARN kafka.utils.VerifiableProperties  - Property bootstrap.servers is not valid
68 [main] WARN kafka.utils.VerifiableProperties  - Property destination.topic is not valid
68 [main] WARN kafka.utils.VerifiableProperties  - Property group.id is not valid
69 [main] WARN kafka.utils.VerifiableProperties  - Property key.serializer is not valid
70 [main] INFO kafka.utils.VerifiableProperties  - Property metadata.broker.list is overridden to localhost:9092
70 [main] WARN kafka.utils.VerifiableProperties  - Property source.topic is not valid
70 [main] WARN kafka.utils.VerifiableProperties  - Property value.serializer is not valid
70 [main] WARN kafka.utils.VerifiableProperties  - Property zookeeper.connect is not valid
397 [main] INFO kafka.client.ClientUtils$  - Fetching metadata from broker BrokerEndPoint(0,localhost,9092) with correlation id 0 for 1 topic(s) Set(earth_to_curiosity_5)
548 [main] INFO kafka.producer.SyncProducer  - Connected to localhost:9092 for producing
569 [main] INFO kafka.producer.SyncProducer  - Disconnecting from localhost:9092
666 [main] INFO kafka.producer.SyncProducer  - Connected to zion-mainframe:9092 for producing
610258 [main] INFO kafka.client.ClientUtils$  - Fetching metadata from broker BrokerEndPoint(0,localhost,9092) with correlation id 107 for 1 topic(s) Set(earth_to_curiosity_5)
610259 [main] INFO kafka.producer.SyncProducer  - Connected to localhost:9092 for producing
610260 [main] INFO kafka.producer.SyncProducer  - Disconnecting from localhost:9092
610260 [main] INFO kafka.producer.SyncProducer  - Disconnecting from zion-mainframe:9092
610261 [main] INFO kafka.producer.SyncProducer  - Connected to zion-mainframe:9092 for producing
1219821 [main] INFO kafka.client.ClientUtils$  - Fetching metadata from broker BrokerEndPoint(0,localhost,9092) with correlation id 214 for 1 topic(s) Set(earth_to_curiosity_5)
1219822 [main] INFO kafka.producer.SyncProducer  - Connected to localhost:9092 for producing
1219823 [main] INFO kafka.producer.SyncProducer  - Disconnecting from localhost:9092
1219823 [main] INFO kafka.producer.SyncProducer  - Disconnecting from zion-mainframe:9092
1219824 [main] INFO kafka.producer.SyncProducer  - Connected to zion-mainframe:9092 for producing
1829375 [main] INFO kafka.client.ClientUtils$  - Fetching metadata from broker BrokerEndPoint(0,localhost,9092) with correlation id 321 for 1 topic(s) Set(earth_to_curiosity_5)
1829375 [main] INFO kafka.producer.SyncProducer  - Connected to localhost:9092 for producing
1829376 [main] INFO kafka.producer.SyncProducer  - Disconnecting from localhost:9092
1829376 [main] INFO kafka.producer.SyncProducer  - Disconnecting from zion-mainframe:9092
1829377 [main] INFO kafka.producer.SyncProducer  - Connected to zion-mainframe:9092 for producing
2438925 [main] INFO kafka.client.ClientUtils$  - Fetching metadata from broker BrokerEndPoint(0,localhost,9092) with correlation id 428 for 1 topic(s) Set(earth_to_curiosity_5)
2438926 [main] INFO kafka.producer.SyncProducer  - Connected to localhost:9092 for producing
2438927 [main] INFO kafka.producer.SyncProducer  - Disconnecting from localhost:9092
2438927 [main] INFO kafka.producer.SyncProducer  - Disconnecting from zion-mainframe:9092
2438927 [main] INFO kafka.producer.SyncProducer  - Connected to zion-mainframe:9092 for producing
3048472 [main] INFO kafka.client.ClientUtils$  - Fetching metadata from broker BrokerEndPoint(0,localhost,9092) with correlation id 535 for 1 topic(s) Set(earth_to_curiosity_5)
3048473 [main] INFO kafka.producer.SyncProducer  - Connected to localhost:9092 for producing
3048473 [main] INFO kafka.producer.SyncProducer  - Disconnecting from localhost:9092
3048473 [main] INFO kafka.producer.SyncProducer  - Disconnecting from zion-mainframe:9092
3048474 [main] INFO kafka.producer.SyncProducer  - Connected to zion-mainframe:9092 for producing
3658022 [main] INFO kafka.client.ClientUtils$  - Fetching metadata from broker BrokerEndPoint(0,localhost,9092) with correlation id 642 for 1 topic(s) Set(earth_to_curiosity_5)
3658023 [main] INFO kafka.producer.SyncProducer  - Connected to localhost:9092 for producing
3658023 [main] INFO kafka.producer.SyncProducer  - Disconnecting from localhost:9092
3658024 [main] INFO kafka.producer.SyncProducer  - Disconnecting from zion-mainframe:9092
3658024 [main] INFO kafka.producer.SyncProducer  - Connected to zion-mainframe:9092 for producing
4267563 [main] INFO kafka.client.ClientUtils$  - Fetching metadata from broker BrokerEndPoint(0,localhost,9092) with correlation id 749 for 1 topic(s) Set(earth_to_curiosity_5)
4267564 [main] INFO kafka.producer.SyncProducer  - Connected to localhost:9092 for producing
4267564 [main] INFO kafka.producer.SyncProducer  - Disconnecting from localhost:9092
4267564 [main] INFO kafka.producer.SyncProducer  - Disconnecting from zion-mainframe:9092
4267565 [main] INFO kafka.producer.SyncProducer  - Connected to zion-mainframe:9092 for producing
4877113 [main] INFO kafka.client.ClientUtils$  - Fetching metadata from broker BrokerEndPoint(0,localhost,9092) with correlation id 856 for 1 topic(s) Set(earth_to_curiosity_5)
4877114 [main] INFO kafka.producer.SyncProducer  - Connected to localhost:9092 for producing
4877114 [main] INFO kafka.producer.SyncProducer  - Disconnecting from localhost:9092
4877115 [main] INFO kafka.producer.SyncProducer  - Disconnecting from zion-mainframe:9092
4877115 [main] INFO kafka.producer.SyncProducer  - Connected to zion-mainframe:9092 for producing
5486649 [main] INFO kafka.client.ClientUtils$  - Fetching metadata from broker BrokerEndPoint(0,localhost,9092) with correlation id 963 for 1 topic(s) Set(earth_to_curiosity_5)
5486649 [main] INFO kafka.producer.SyncProducer  - Connected to localhost:9092 for producing
5486650 [main] INFO kafka.producer.SyncProducer  - Disconnecting from localhost:9092
5486650 [main] INFO kafka.producer.SyncProducer  - Disconnecting from zion-mainframe:9092
5486651 [main] INFO kafka.producer.SyncProducer  - Connected to zion-mainframe:9092 for producing
6096184 [main] INFO kafka.client.ClientUtils$  - Fetching metadata from broker BrokerEndPoint(0,localhost,9092) with correlation id 1070 for 1 topic(s) Set(earth_to_curiosity_5)
6096184 [main] INFO kafka.producer.SyncProducer  - Connected to localhost:9092 for producing
6096185 [main] INFO kafka.producer.SyncProducer  - Disconnecting from localhost:9092
6096185 [main] INFO kafka.producer.SyncProducer  - Disconnecting from zion-mainframe:9092
6096186 [main] INFO kafka.producer.SyncProducer  - Connected to zion-mainframe:9092 for producing
6705718 [main] INFO kafka.client.ClientUtils$  - Fetching metadata from broker BrokerEndPoint(0,localhost,9092) with correlation id 1177 for 1 topic(s) Set(earth_to_curiosity_5)
6705719 [main] INFO kafka.producer.SyncProducer  - Connected to localhost:9092 for producing
6705719 [main] INFO kafka.producer.SyncProducer  - Disconnecting from localhost:9092
6705719 [main] INFO kafka.producer.SyncProducer  - Disconnecting from zion-mainframe:9092
6705720 [main] INFO kafka.producer.SyncProducer  - Connected to zion-mainframe:9092 for producing
7315256 [main] INFO kafka.client.ClientUtils$  - Fetching metadata from broker BrokerEndPoint(0,localhost,9092) with correlation id 1284 for 1 topic(s) Set(earth_to_curiosity_5)
7315257 [main] INFO kafka.producer.SyncProducer  - Connected to localhost:9092 for producing
7315257 [main] INFO kafka.producer.SyncProducer  - Disconnecting from localhost:9092
7315257 [main] INFO kafka.producer.SyncProducer  - Disconnecting from zion-mainframe:9092
7315258 [main] INFO kafka.producer.SyncProducer  - Connected to zion-mainframe:9092 for producing
7924789 [main] INFO kafka.client.ClientUtils$  - Fetching metadata from broker BrokerEndPoint(0,localhost,9092) with correlation id 1391 for 1 topic(s) Set(earth_to_curiosity_5)
7924790 [main] INFO kafka.producer.SyncProducer  - Connected to localhost:9092 for producing
7924790 [main] INFO kafka.producer.SyncProducer  - Disconnecting from localhost:9092
7924790 [main] INFO kafka.producer.SyncProducer  - Disconnecting from zion-mainframe:9092
7924791 [main] INFO kafka.producer.SyncProducer  - Connected to zion-mainframe:9092 for producing
8534322 [main] INFO kafka.client.ClientUtils$  - Fetching metadata from broker BrokerEndPoint(0,localhost,9092) with correlation id 1498 for 1 topic(s) Set(earth_to_curiosity_5)
8534323 [main] INFO kafka.producer.SyncProducer  - Connected to localhost:9092 for producing
8534323 [main] INFO kafka.producer.SyncProducer  - Disconnecting from localhost:9092
8534323 [main] INFO kafka.producer.SyncProducer  - Disconnecting from zion-mainframe:9092
8534324 [main] INFO kafka.producer.SyncProducer  - Connected to zion-mainframe:9092 for producing
9143854 [main] INFO kafka.client.ClientUtils$  - Fetching metadata from broker BrokerEndPoint(0,localhost,9092) with correlation id 1605 for 1 topic(s) Set(earth_to_curiosity_5)
9143856 [main] INFO kafka.producer.SyncProducer  - Connected to localhost:9092 for producing
9143857 [main] INFO kafka.producer.SyncProducer  - Disconnecting from localhost:9092
9143857 [main] INFO kafka.producer.SyncProducer  - Disconnecting from zion-mainframe:9092
9143858 [main] INFO kafka.producer.SyncProducer  - Connected to zion-mainframe:9092 for producing
9753398 [main] INFO kafka.client.ClientUtils$  - Fetching metadata from broker BrokerEndPoint(0,localhost,9092) with correlation id 1712 for 1 topic(s) Set(earth_to_curiosity_5)
9753399 [main] INFO kafka.producer.SyncProducer  - Connected to localhost:9092 for producing
9753400 [main] INFO kafka.producer.SyncProducer  - Disconnecting from localhost:9092
9753400 [main] INFO kafka.producer.SyncProducer  - Disconnecting from zion-mainframe:9092
9753400 [main] INFO kafka.producer.SyncProducer  - Connected to zion-mainframe:9092 for producing
10362950 [main] INFO kafka.client.ClientUtils$  - Fetching metadata from broker BrokerEndPoint(0,localhost,9092) with correlation id 1819 for 1 topic(s) Set(earth_to_curiosity_5)
10362951 [main] INFO kafka.producer.SyncProducer  - Connected to localhost:9092 for producing
10362952 [main] INFO kafka.producer.SyncProducer  - Disconnecting from localhost:9092
10362952 [main] INFO kafka.producer.SyncProducer  - Disconnecting from zion-mainframe:9092
10362953 [main] INFO kafka.producer.SyncProducer  - Connected to zion-mainframe:9092 for producing
10972489 [main] INFO kafka.client.ClientUtils$  - Fetching metadata from broker BrokerEndPoint(0,localhost,9092) with correlation id 1926 for 1 topic(s) Set(earth_to_curiosity_5)
10972490 [main] INFO kafka.producer.SyncProducer  - Connected to localhost:9092 for producing
10972490 [main] INFO kafka.producer.SyncProducer  - Disconnecting from localhost:9092
10972490 [main] INFO kafka.producer.SyncProducer  - Disconnecting from zion-mainframe:9092
10972491 [main] INFO kafka.producer.SyncProducer  - Connected to zion-mainframe:9092 for producing
11582020 [main] INFO kafka.client.ClientUtils$  - Fetching metadata from broker BrokerEndPoint(0,localhost,9092) with correlation id 2033 for 1 topic(s) Set(earth_to_curiosity_5)
11582021 [main] INFO kafka.producer.SyncProducer  - Connected to localhost:9092 for producing
11582022 [main] INFO kafka.producer.SyncProducer  - Disconnecting from localhost:9092
11582022 [main] INFO kafka.producer.SyncProducer  - Disconnecting from zion-mainframe:9092
11582023 [main] INFO kafka.producer.SyncProducer  - Connected to zion-mainframe:9092 for producing
12191555 [main] INFO kafka.client.ClientUtils$  - Fetching metadata from broker BrokerEndPoint(0,localhost,9092) with correlation id 2140 for 1 topic(s) Set(earth_to_curiosity_5)
12191555 [main] INFO kafka.producer.SyncProducer  - Connected to localhost:9092 for producing
12191555 [main] INFO kafka.producer.SyncProducer  - Disconnecting from localhost:9092
12191555 [main] INFO kafka.producer.SyncProducer  - Disconnecting from zion-mainframe:9092
12191556 [main] INFO kafka.producer.SyncProducer  - Connected to zion-mainframe:9092 for producing
12801083 [main] INFO kafka.client.ClientUtils$  - Fetching metadata from broker BrokerEndPoint(0,localhost,9092) with correlation id 2247 for 1 topic(s) Set(earth_to_curiosity_5)
12801083 [main] INFO kafka.producer.SyncProducer  - Connected to localhost:9092 for producing
12801084 [main] INFO kafka.producer.SyncProducer  - Disconnecting from localhost:9092
12801084 [main] INFO kafka.producer.SyncProducer  - Disconnecting from zion-mainframe:9092
12801084 [main] INFO kafka.producer.SyncProducer  - Connected to zion-mainframe:9092 for producing
13410617 [main] INFO kafka.client.ClientUtils$  - Fetching metadata from broker BrokerEndPoint(0,localhost,9092) with correlation id 2354 for 1 topic(s) Set(earth_to_curiosity_5)
13410617 [main] INFO kafka.producer.SyncProducer  - Connected to localhost:9092 for producing
13410618 [main] INFO kafka.producer.SyncProducer  - Disconnecting from localhost:9092
13410618 [main] INFO kafka.producer.SyncProducer  - Disconnecting from zion-mainframe:9092
13410618 [main] INFO kafka.producer.SyncProducer  - Connected to zion-mainframe:9092 for producing
14020145 [main] INFO kafka.client.ClientUtils$  - Fetching metadata from broker BrokerEndPoint(0,localhost,9092) with correlation id 2461 for 1 topic(s) Set(earth_to_curiosity_5)
14020146 [main] INFO kafka.producer.SyncProducer  - Connected to localhost:9092 for producing
14020147 [main] INFO kafka.producer.SyncProducer  - Disconnecting from localhost:9092
14020147 [main] INFO kafka.producer.SyncProducer  - Disconnecting from zion-mainframe:9092
14020148 [main] INFO kafka.producer.SyncProducer  - Connected to zion-mainframe:9092 for producing
14629680 [main] INFO kafka.client.ClientUtils$  - Fetching metadata from broker BrokerEndPoint(0,localhost,9092) with correlation id 2568 for 1 topic(s) Set(earth_to_curiosity_5)
14629681 [main] INFO kafka.producer.SyncProducer  - Connected to localhost:9092 for producing
14629681 [main] INFO kafka.producer.SyncProducer  - Disconnecting from localhost:9092
14629681 [main] INFO kafka.producer.SyncProducer  - Disconnecting from zion-mainframe:9092
14629682 [main] INFO kafka.producer.SyncProducer  - Connected to zion-mainframe:9092 for producing
15239209 [main] INFO kafka.client.ClientUtils$  - Fetching metadata from broker BrokerEndPoint(0,localhost,9092) with correlation id 2675 for 1 topic(s) Set(earth_to_curiosity_5)
15239210 [main] INFO kafka.producer.SyncProducer  - Connected to localhost:9092 for producing
15239212 [main] INFO kafka.producer.SyncProducer  - Disconnecting from localhost:9092
15239212 [main] INFO kafka.producer.SyncProducer  - Disconnecting from zion-mainframe:9092
15239214 [main] INFO kafka.producer.SyncProducer  - Connected to zion-mainframe:9092 for producing
15848743 [main] INFO kafka.client.ClientUtils$  - Fetching metadata from broker BrokerEndPoint(0,localhost,9092) with correlation id 2782 for 1 topic(s) Set(earth_to_curiosity_5)
15848743 [main] INFO kafka.producer.SyncProducer  - Connected to localhost:9092 for producing
15848743 [main] INFO kafka.producer.SyncProducer  - Disconnecting from localhost:9092
15848744 [main] INFO kafka.producer.SyncProducer  - Disconnecting from zion-mainframe:9092
15848744 [main] INFO kafka.producer.SyncProducer  - Connected to zion-mainframe:9092 for producing
16458269 [main] INFO kafka.client.ClientUtils$  - Fetching metadata from broker BrokerEndPoint(0,localhost,9092) with correlation id 2889 for 1 topic(s) Set(earth_to_curiosity_5)
16458270 [main] INFO kafka.producer.SyncProducer  - Connected to localhost:9092 for producing
16458270 [main] INFO kafka.producer.SyncProducer  - Disconnecting from localhost:9092
16458270 [main] INFO kafka.producer.SyncProducer  - Disconnecting from zion-mainframe:9092
16458271 [main] INFO kafka.producer.SyncProducer  - Connected to zion-mainframe:9092 for producing
17067794 [main] INFO kafka.client.ClientUtils$  - Fetching metadata from broker BrokerEndPoint(0,localhost,9092) with correlation id 2996 for 1 topic(s) Set(earth_to_curiosity_5)
17067795 [main] INFO kafka.producer.SyncProducer  - Connected to localhost:9092 for producing
17067795 [main] INFO kafka.producer.SyncProducer  - Disconnecting from localhost:9092
17067795 [main] INFO kafka.producer.SyncProducer  - Disconnecting from zion-mainframe:9092
17067796 [main] INFO kafka.producer.SyncProducer  - Connected to zion-mainframe:9092 for producing
17677320 [main] INFO kafka.client.ClientUtils$  - Fetching metadata from broker BrokerEndPoint(0,localhost,9092) with correlation id 3103 for 1 topic(s) Set(earth_to_curiosity_5)
17677321 [main] INFO kafka.producer.SyncProducer  - Connected to localhost:9092 for producing
17677322 [main] INFO kafka.producer.SyncProducer  - Disconnecting from localhost:9092
17677322 [main] INFO kafka.producer.SyncProducer  - Disconnecting from zion-mainframe:9092
17677322 [main] INFO kafka.producer.SyncProducer  - Connected to zion-mainframe:9092 for producing
18286848 [main] INFO kafka.client.ClientUtils$  - Fetching metadata from broker BrokerEndPoint(0,localhost,9092) with correlation id 3210 for 1 topic(s) Set(earth_to_curiosity_5)
18286848 [main] INFO kafka.producer.SyncProducer  - Connected to localhost:9092 for producing
18286849 [main] INFO kafka.producer.SyncProducer  - Disconnecting from localhost:9092
18286849 [main] INFO kafka.producer.SyncProducer  - Disconnecting from zion-mainframe:9092
18286849 [main] INFO kafka.producer.SyncProducer  - Connected to zion-mainframe:9092 for producing
18896373 [main] INFO kafka.client.ClientUtils$  - Fetching metadata from broker BrokerEndPoint(0,localhost,9092) with correlation id 3317 for 1 topic(s) Set(earth_to_curiosity_5)
18896373 [main] INFO kafka.producer.SyncProducer  - Connected to localhost:9092 for producing
18896374 [main] INFO kafka.producer.SyncProducer  - Disconnecting from localhost:9092
18896374 [main] INFO kafka.producer.SyncProducer  - Disconnecting from zion-mainframe:9092
18896374 [main] INFO kafka.producer.SyncProducer  - Connected to zion-mainframe:9092 for producing
19505899 [main] INFO kafka.client.ClientUtils$  - Fetching metadata from broker BrokerEndPoint(0,localhost,9092) with correlation id 3424 for 1 topic(s) Set(earth_to_curiosity_5)
19505899 [main] INFO kafka.producer.SyncProducer  - Connected to localhost:9092 for producing
19505900 [main] INFO kafka.producer.SyncProducer  - Disconnecting from localhost:9092
19505900 [main] INFO kafka.producer.SyncProducer  - Disconnecting from zion-mainframe:9092
19505901 [main] INFO kafka.producer.SyncProducer  - Connected to zion-mainframe:9092 for producing
20115423 [main] INFO kafka.client.ClientUtils$  - Fetching metadata from broker BrokerEndPoint(0,localhost,9092) with correlation id 3531 for 1 topic(s) Set(earth_to_curiosity_5)
20115424 [main] INFO kafka.producer.SyncProducer  - Connected to localhost:9092 for producing
20115424 [main] INFO kafka.producer.SyncProducer  - Disconnecting from localhost:9092
20115425 [main] INFO kafka.producer.SyncProducer  - Disconnecting from zion-mainframe:9092
20115425 [main] INFO kafka.producer.SyncProducer  - Connected to zion-mainframe:9092 for producing
20724949 [main] INFO kafka.client.ClientUtils$  - Fetching metadata from broker BrokerEndPoint(0,localhost,9092) with correlation id 3638 for 1 topic(s) Set(earth_to_curiosity_5)
20724950 [main] INFO kafka.producer.SyncProducer  - Connected to localhost:9092 for producing
20724950 [main] INFO kafka.producer.SyncProducer  - Disconnecting from localhost:9092
20724950 [main] INFO kafka.producer.SyncProducer  - Disconnecting from zion-mainframe:9092
20724951 [main] INFO kafka.producer.SyncProducer  - Connected to zion-mainframe:9092 for producing
21334482 [main] INFO kafka.client.ClientUtils$  - Fetching metadata from broker BrokerEndPoint(0,localhost,9092) with correlation id 3745 for 1 topic(s) Set(earth_to_curiosity_5)
21334482 [main] INFO kafka.producer.SyncProducer  - Connected to localhost:9092 for producing
21334483 [main] INFO kafka.producer.SyncProducer  - Disconnecting from localhost:9092
21334483 [main] INFO kafka.producer.SyncProducer  - Disconnecting from zion-mainframe:9092
21334483 [main] INFO kafka.producer.SyncProducer  - Connected to zion-mainframe:9092 for producing
21944008 [main] INFO kafka.client.ClientUtils$  - Fetching metadata from broker BrokerEndPoint(0,localhost,9092) with correlation id 3852 for 1 topic(s) Set(earth_to_curiosity_5)
21944009 [main] INFO kafka.producer.SyncProducer  - Connected to localhost:9092 for producing
21944009 [main] INFO kafka.producer.SyncProducer  - Disconnecting from localhost:9092
21944010 [main] INFO kafka.producer.SyncProducer  - Disconnecting from zion-mainframe:9092
21944010 [main] INFO kafka.producer.SyncProducer  - Connected to zion-mainframe:9092 for producing
22553533 [main] INFO kafka.client.ClientUtils$  - Fetching metadata from broker BrokerEndPoint(0,localhost,9092) with correlation id 3959 for 1 topic(s) Set(earth_to_curiosity_5)
22553536 [main] INFO kafka.producer.SyncProducer  - Connected to localhost:9092 for producing
22553536 [main] INFO kafka.producer.SyncProducer  - Disconnecting from localhost:9092
22553536 [main] INFO kafka.producer.SyncProducer  - Disconnecting from zion-mainframe:9092
22553537 [main] INFO kafka.producer.SyncProducer  - Connected to zion-mainframe:9092 for producing
23163060 [main] INFO kafka.client.ClientUtils$  - Fetching metadata from broker BrokerEndPoint(0,localhost,9092) with correlation id 4066 for 1 topic(s) Set(earth_to_curiosity_5)
23163061 [main] INFO kafka.producer.SyncProducer  - Connected to localhost:9092 for producing
23163061 [main] INFO kafka.producer.SyncProducer  - Disconnecting from localhost:9092
23163062 [main] INFO kafka.producer.SyncProducer  - Disconnecting from zion-mainframe:9092
23163062 [main] INFO kafka.producer.SyncProducer  - Connected to zion-mainframe:9092 for producing
23772585 [main] INFO kafka.client.ClientUtils$  - Fetching metadata from broker BrokerEndPoint(0,localhost,9092) with correlation id 4173 for 1 topic(s) Set(earth_to_curiosity_5)
23772586 [main] INFO kafka.producer.SyncProducer  - Connected to localhost:9092 for producing
23772586 [main] INFO kafka.producer.SyncProducer  - Disconnecting from localhost:9092
23772587 [main] INFO kafka.producer.SyncProducer  - Disconnecting from zion-mainframe:9092
23772587 [main] INFO kafka.producer.SyncProducer  - Connected to zion-mainframe:9092 for producing
24382113 [main] INFO kafka.client.ClientUtils$  - Fetching metadata from broker BrokerEndPoint(0,localhost,9092) with correlation id 4280 for 1 topic(s) Set(earth_to_curiosity_5)
24382115 [main] INFO kafka.producer.SyncProducer  - Connected to localhost:9092 for producing
24382116 [main] INFO kafka.producer.SyncProducer  - Disconnecting from localhost:9092
24382116 [main] INFO kafka.producer.SyncProducer  - Disconnecting from zion-mainframe:9092
24382117 [main] INFO kafka.producer.SyncProducer  - Connected to zion-mainframe:9092 for producing
24991642 [main] INFO kafka.client.ClientUtils$  - Fetching metadata from broker BrokerEndPoint(0,localhost,9092) with correlation id 4387 for 1 topic(s) Set(earth_to_curiosity_5)
24991643 [main] INFO kafka.producer.SyncProducer  - Connected to localhost:9092 for producing
24991643 [main] INFO kafka.producer.SyncProducer  - Disconnecting from localhost:9092
24991643 [main] INFO kafka.producer.SyncProducer  - Disconnecting from zion-mainframe:9092
24991644 [main] INFO kafka.producer.SyncProducer  - Connected to zion-mainframe:9092 for producing
25601174 [main] INFO kafka.client.ClientUtils$  - Fetching metadata from broker BrokerEndPoint(0,localhost,9092) with correlation id 4494 for 1 topic(s) Set(earth_to_curiosity_5)
25601174 [main] INFO kafka.producer.SyncProducer  - Connected to localhost:9092 for producing
25601175 [main] INFO kafka.producer.SyncProducer  - Disconnecting from localhost:9092
25601175 [main] INFO kafka.producer.SyncProducer  - Disconnecting from zion-mainframe:9092
25601176 [main] INFO kafka.producer.SyncProducer  - Connected to zion-mainframe:9092 for producing
26210698 [main] INFO kafka.client.ClientUtils$  - Fetching metadata from broker BrokerEndPoint(0,localhost,9092) with correlation id 4601 for 1 topic(s) Set(earth_to_curiosity_5)
26210698 [main] INFO kafka.producer.SyncProducer  - Connected to localhost:9092 for producing
26210699 [main] INFO kafka.producer.SyncProducer  - Disconnecting from localhost:9092
26210699 [main] INFO kafka.producer.SyncProducer  - Disconnecting from zion-mainframe:9092
26210700 [main] INFO kafka.producer.SyncProducer  - Connected to zion-mainframe:9092 for producing
26820224 [main] INFO kafka.client.ClientUtils$  - Fetching metadata from broker BrokerEndPoint(0,localhost,9092) with correlation id 4708 for 1 topic(s) Set(earth_to_curiosity_5)
26820224 [main] INFO kafka.producer.SyncProducer  - Connected to localhost:9092 for producing
26820225 [main] INFO kafka.producer.SyncProducer  - Disconnecting from localhost:9092
26820225 [main] INFO kafka.producer.SyncProducer  - Disconnecting from zion-mainframe:9092
26820225 [main] INFO kafka.producer.SyncProducer  - Connected to zion-mainframe:9092 for producing
27429749 [main] INFO kafka.client.ClientUtils$  - Fetching metadata from broker BrokerEndPoint(0,localhost,9092) with correlation id 4815 for 1 topic(s) Set(earth_to_curiosity_5)
27429749 [main] INFO kafka.producer.SyncProducer  - Connected to localhost:9092 for producing
27429750 [main] INFO kafka.producer.SyncProducer  - Disconnecting from localhost:9092
27429750 [main] INFO kafka.producer.SyncProducer  - Disconnecting from zion-mainframe:9092
27429751 [main] INFO kafka.producer.SyncProducer  - Connected to zion-mainframe:9092 for producing
28039273 [main] INFO kafka.client.ClientUtils$  - Fetching metadata from broker BrokerEndPoint(0,localhost,9092) with correlation id 4922 for 1 topic(s) Set(earth_to_curiosity_5)
28039273 [main] INFO kafka.producer.SyncProducer  - Connected to localhost:9092 for producing
28039273 [main] INFO kafka.producer.SyncProducer  - Disconnecting from localhost:9092
28039274 [main] INFO kafka.producer.SyncProducer  - Disconnecting from zion-mainframe:9092
28039274 [main] INFO kafka.producer.SyncProducer  - Connected to zion-mainframe:9092 for producing
28648804 [main] INFO kafka.client.ClientUtils$  - Fetching metadata from broker BrokerEndPoint(0,localhost,9092) with correlation id 5029 for 1 topic(s) Set(earth_to_curiosity_5)
28648804 [main] INFO kafka.producer.SyncProducer  - Connected to localhost:9092 for producing
28648805 [main] INFO kafka.producer.SyncProducer  - Disconnecting from localhost:9092
28648805 [main] INFO kafka.producer.SyncProducer  - Disconnecting from zion-mainframe:9092
28648806 [main] INFO kafka.producer.SyncProducer  - Connected to zion-mainframe:9092 for producing
