0 [main] INFO kafka.utils.VerifiableProperties  - Verifying properties
72 [main] WARN kafka.utils.VerifiableProperties  - Property auto.offset.reset is not valid
72 [main] WARN kafka.utils.VerifiableProperties  - Property bootstrap.servers is not valid
72 [main] WARN kafka.utils.VerifiableProperties  - Property destination.topic is not valid
72 [main] WARN kafka.utils.VerifiableProperties  - Property group.id is not valid
72 [main] WARN kafka.utils.VerifiableProperties  - Property key.serializer is not valid
73 [main] INFO kafka.utils.VerifiableProperties  - Property metadata.broker.list is overridden to localhost:9092
74 [main] WARN kafka.utils.VerifiableProperties  - Property source.topic is not valid
74 [main] WARN kafka.utils.VerifiableProperties  - Property value.serializer is not valid
74 [main] WARN kafka.utils.VerifiableProperties  - Property zookeeper.connect is not valid
333 [main] INFO kafka.client.ClientUtils$  - Fetching metadata from broker BrokerEndPoint(0,localhost,9092) with correlation id 0 for 1 topic(s) Set(earth_to_curiosity_5)
501 [main] INFO kafka.producer.SyncProducer  - Connected to localhost:9092 for producing
522 [main] INFO kafka.producer.SyncProducer  - Disconnecting from localhost:9092
586 [main] INFO kafka.producer.SyncProducer  - Connected to zion-mainframe:9092 for producing
630708 [main] INFO kafka.client.ClientUtils$  - Fetching metadata from broker BrokerEndPoint(0,localhost,9092) with correlation id 41 for 1 topic(s) Set(earth_to_curiosity_5)
630710 [main] INFO kafka.producer.SyncProducer  - Connected to localhost:9092 for producing
630712 [main] INFO kafka.producer.SyncProducer  - Disconnecting from localhost:9092
630713 [main] INFO kafka.producer.SyncProducer  - Disconnecting from zion-mainframe:9092
630718 [main] INFO kafka.producer.SyncProducer  - Connected to zion-mainframe:9092 for producing
1260793 [main] INFO kafka.client.ClientUtils$  - Fetching metadata from broker BrokerEndPoint(0,localhost,9092) with correlation id 82 for 1 topic(s) Set(earth_to_curiosity_5)
1260795 [main] INFO kafka.producer.SyncProducer  - Connected to localhost:9092 for producing
1260799 [main] INFO kafka.producer.SyncProducer  - Disconnecting from localhost:9092
1260800 [main] INFO kafka.producer.SyncProducer  - Disconnecting from zion-mainframe:9092
1260808 [main] INFO kafka.producer.SyncProducer  - Connected to zion-mainframe:9092 for producing
1890878 [main] INFO kafka.client.ClientUtils$  - Fetching metadata from broker BrokerEndPoint(0,localhost,9092) with correlation id 123 for 1 topic(s) Set(earth_to_curiosity_5)
1890879 [main] INFO kafka.producer.SyncProducer  - Connected to localhost:9092 for producing
1890881 [main] INFO kafka.producer.SyncProducer  - Disconnecting from localhost:9092
1890882 [main] INFO kafka.producer.SyncProducer  - Disconnecting from zion-mainframe:9092
1890885 [main] INFO kafka.producer.SyncProducer  - Connected to zion-mainframe:9092 for producing
2520937 [main] INFO kafka.client.ClientUtils$  - Fetching metadata from broker BrokerEndPoint(0,localhost,9092) with correlation id 164 for 1 topic(s) Set(earth_to_curiosity_5)
2520938 [main] INFO kafka.producer.SyncProducer  - Connected to localhost:9092 for producing
2520939 [main] INFO kafka.producer.SyncProducer  - Disconnecting from localhost:9092
2520940 [main] INFO kafka.producer.SyncProducer  - Disconnecting from zion-mainframe:9092
2520941 [main] INFO kafka.producer.SyncProducer  - Connected to zion-mainframe:9092 for producing
3150995 [main] INFO kafka.client.ClientUtils$  - Fetching metadata from broker BrokerEndPoint(0,localhost,9092) with correlation id 205 for 1 topic(s) Set(earth_to_curiosity_5)
3150996 [main] INFO kafka.producer.SyncProducer  - Connected to localhost:9092 for producing
3150999 [main] INFO kafka.producer.SyncProducer  - Disconnecting from localhost:9092
3150999 [main] INFO kafka.producer.SyncProducer  - Disconnecting from zion-mainframe:9092
3151004 [main] INFO kafka.producer.SyncProducer  - Connected to zion-mainframe:9092 for producing
3781066 [main] INFO kafka.client.ClientUtils$  - Fetching metadata from broker BrokerEndPoint(0,localhost,9092) with correlation id 246 for 1 topic(s) Set(earth_to_curiosity_5)
3781067 [main] INFO kafka.producer.SyncProducer  - Connected to localhost:9092 for producing
3781071 [main] INFO kafka.producer.SyncProducer  - Disconnecting from localhost:9092
3781071 [main] INFO kafka.producer.SyncProducer  - Disconnecting from zion-mainframe:9092
3781076 [main] INFO kafka.producer.SyncProducer  - Connected to zion-mainframe:9092 for producing
4411124 [main] INFO kafka.client.ClientUtils$  - Fetching metadata from broker BrokerEndPoint(0,localhost,9092) with correlation id 287 for 1 topic(s) Set(earth_to_curiosity_5)
4411124 [main] INFO kafka.producer.SyncProducer  - Connected to localhost:9092 for producing
4411125 [main] INFO kafka.producer.SyncProducer  - Disconnecting from localhost:9092
4411125 [main] INFO kafka.producer.SyncProducer  - Disconnecting from zion-mainframe:9092
4411126 [main] INFO kafka.producer.SyncProducer  - Connected to zion-mainframe:9092 for producing
5041170 [main] INFO kafka.client.ClientUtils$  - Fetching metadata from broker BrokerEndPoint(0,localhost,9092) with correlation id 328 for 1 topic(s) Set(earth_to_curiosity_5)
5041171 [main] INFO kafka.producer.SyncProducer  - Connected to localhost:9092 for producing
5041173 [main] INFO kafka.producer.SyncProducer  - Disconnecting from localhost:9092
5041173 [main] INFO kafka.producer.SyncProducer  - Disconnecting from zion-mainframe:9092
5041176 [main] INFO kafka.producer.SyncProducer  - Connected to zion-mainframe:9092 for producing
5671213 [main] INFO kafka.client.ClientUtils$  - Fetching metadata from broker BrokerEndPoint(0,localhost,9092) with correlation id 369 for 1 topic(s) Set(earth_to_curiosity_5)
5671214 [main] INFO kafka.producer.SyncProducer  - Connected to localhost:9092 for producing
5671215 [main] INFO kafka.producer.SyncProducer  - Disconnecting from localhost:9092
5671215 [main] INFO kafka.producer.SyncProducer  - Disconnecting from zion-mainframe:9092
5671216 [main] INFO kafka.producer.SyncProducer  - Connected to zion-mainframe:9092 for producing
6301251 [main] INFO kafka.client.ClientUtils$  - Fetching metadata from broker BrokerEndPoint(0,localhost,9092) with correlation id 410 for 1 topic(s) Set(earth_to_curiosity_5)
6301252 [main] INFO kafka.producer.SyncProducer  - Connected to localhost:9092 for producing
6301254 [main] INFO kafka.producer.SyncProducer  - Disconnecting from localhost:9092
6301255 [main] INFO kafka.producer.SyncProducer  - Disconnecting from zion-mainframe:9092
6301257 [main] INFO kafka.producer.SyncProducer  - Connected to zion-mainframe:9092 for producing
6931292 [main] INFO kafka.client.ClientUtils$  - Fetching metadata from broker BrokerEndPoint(0,localhost,9092) with correlation id 451 for 1 topic(s) Set(earth_to_curiosity_5)
6931293 [main] INFO kafka.producer.SyncProducer  - Connected to localhost:9092 for producing
6931294 [main] INFO kafka.producer.SyncProducer  - Disconnecting from localhost:9092
6931294 [main] INFO kafka.producer.SyncProducer  - Disconnecting from zion-mainframe:9092
6931295 [main] INFO kafka.producer.SyncProducer  - Connected to zion-mainframe:9092 for producing
7561339 [main] INFO kafka.client.ClientUtils$  - Fetching metadata from broker BrokerEndPoint(0,localhost,9092) with correlation id 492 for 1 topic(s) Set(earth_to_curiosity_5)
7561340 [main] INFO kafka.producer.SyncProducer  - Connected to localhost:9092 for producing
7561341 [main] INFO kafka.producer.SyncProducer  - Disconnecting from localhost:9092
7561342 [main] INFO kafka.producer.SyncProducer  - Disconnecting from zion-mainframe:9092
7561344 [main] INFO kafka.producer.SyncProducer  - Connected to zion-mainframe:9092 for producing
8191382 [main] INFO kafka.client.ClientUtils$  - Fetching metadata from broker BrokerEndPoint(0,localhost,9092) with correlation id 533 for 1 topic(s) Set(earth_to_curiosity_5)
8191383 [main] INFO kafka.producer.SyncProducer  - Connected to localhost:9092 for producing
8191385 [main] INFO kafka.producer.SyncProducer  - Disconnecting from localhost:9092
8191386 [main] INFO kafka.producer.SyncProducer  - Disconnecting from zion-mainframe:9092
8191388 [main] INFO kafka.producer.SyncProducer  - Connected to zion-mainframe:9092 for producing
8821421 [main] INFO kafka.client.ClientUtils$  - Fetching metadata from broker BrokerEndPoint(0,localhost,9092) with correlation id 574 for 1 topic(s) Set(earth_to_curiosity_5)
8821422 [main] INFO kafka.producer.SyncProducer  - Connected to localhost:9092 for producing
8821422 [main] INFO kafka.producer.SyncProducer  - Disconnecting from localhost:9092
8821422 [main] INFO kafka.producer.SyncProducer  - Disconnecting from zion-mainframe:9092
8821423 [main] INFO kafka.producer.SyncProducer  - Connected to zion-mainframe:9092 for producing
9451453 [main] INFO kafka.client.ClientUtils$  - Fetching metadata from broker BrokerEndPoint(0,localhost,9092) with correlation id 615 for 1 topic(s) Set(earth_to_curiosity_5)
9451453 [main] INFO kafka.producer.SyncProducer  - Connected to localhost:9092 for producing
9451454 [main] INFO kafka.producer.SyncProducer  - Disconnecting from localhost:9092
9451454 [main] INFO kafka.producer.SyncProducer  - Disconnecting from zion-mainframe:9092
9451455 [main] INFO kafka.producer.SyncProducer  - Connected to zion-mainframe:9092 for producing
10081488 [main] INFO kafka.client.ClientUtils$  - Fetching metadata from broker BrokerEndPoint(0,localhost,9092) with correlation id 656 for 1 topic(s) Set(earth_to_curiosity_5)
10081489 [main] INFO kafka.producer.SyncProducer  - Connected to localhost:9092 for producing
10081490 [main] INFO kafka.producer.SyncProducer  - Disconnecting from localhost:9092
10081490 [main] INFO kafka.producer.SyncProducer  - Disconnecting from zion-mainframe:9092
10081492 [main] INFO kafka.producer.SyncProducer  - Connected to zion-mainframe:9092 for producing
10711523 [main] INFO kafka.client.ClientUtils$  - Fetching metadata from broker BrokerEndPoint(0,localhost,9092) with correlation id 697 for 1 topic(s) Set(earth_to_curiosity_5)
10711524 [main] INFO kafka.producer.SyncProducer  - Connected to localhost:9092 for producing
10711527 [main] INFO kafka.producer.SyncProducer  - Disconnecting from localhost:9092
10711527 [main] INFO kafka.producer.SyncProducer  - Disconnecting from zion-mainframe:9092
10711529 [main] INFO kafka.producer.SyncProducer  - Connected to zion-mainframe:9092 for producing
