0 [main] INFO kafka.utils.VerifiableProperties  - Verifying properties
39 [main] INFO kafka.utils.VerifiableProperties  - Property auto.offset.reset is overridden to largest
40 [main] WARN kafka.utils.VerifiableProperties  - Property bootstrap.servers is not valid
40 [main] WARN kafka.utils.VerifiableProperties  - Property destination.topic is not valid
40 [main] INFO kafka.utils.VerifiableProperties  - Property group.id is overridden to space.exploration.mars.rover.curiosity.1512140117597
40 [main] WARN kafka.utils.VerifiableProperties  - Property key.serializer is not valid
40 [main] WARN kafka.utils.VerifiableProperties  - Property metadata.broker.list is not valid
40 [main] WARN kafka.utils.VerifiableProperties  - Property source.topic is not valid
40 [main] WARN kafka.utils.VerifiableProperties  - Property value.serializer is not valid
41 [main] INFO kafka.utils.VerifiableProperties  - Property zookeeper.connect is overridden to localhost:2181
95 [main] INFO kafka.consumer.ZookeeperConsumerConnector  - [space.exploration.mars.rover.curiosity.1512140117597_zion-mainframe-1512140117974-48ecd558], Connecting to zookeeper instance at localhost:2181
101 [ZkClient-EventThread-14-localhost:2181] INFO org.I0Itec.zkclient.ZkEventThread  - Starting ZkClient event thread.
105 [main] INFO org.apache.zookeeper.ZooKeeper  - Client environment:zookeeper.version=3.4.6-1569965, built on 02/20/2014 09:09 GMT
105 [main] INFO org.apache.zookeeper.ZooKeeper  - Client environment:host.name=zion-mainframe
105 [main] INFO org.apache.zookeeper.ZooKeeper  - Client environment:java.version=1.8.0_151
105 [main] INFO org.apache.zookeeper.ZooKeeper  - Client environment:java.vendor=Oracle Corporation
105 [main] INFO org.apache.zookeeper.ZooKeeper  - Client environment:java.home=/usr/lib/jvm/java-8-openjdk-amd64/jre
105 [main] INFO org.apache.zookeeper.ZooKeeper  - Client environment:java.class.path=target/mission.control-1.1.1-shaded.jar
105 [main] INFO org.apache.zookeeper.ZooKeeper  - Client environment:java.library.path=$LD_LIBRARY_PATH:"/home/sanket/Documents/workspace/SpiceUtilities/src/main/resources/JNISpice/lib/libJNISpice.so":/home/sanket/Documents/workspace/SpiceUtilities/src/main/resources/JNISpice/lib/libJNISpice.so:/usr/java/packages/lib/amd64:/usr/lib/x86_64-linux-gnu/jni:/lib/x86_64-linux-gnu:/usr/lib/x86_64-linux-gnu:/usr/lib/jni:/lib:/usr/lib
106 [main] INFO org.apache.zookeeper.ZooKeeper  - Client environment:java.io.tmpdir=/tmp
106 [main] INFO org.apache.zookeeper.ZooKeeper  - Client environment:java.compiler=<NA>
106 [main] INFO org.apache.zookeeper.ZooKeeper  - Client environment:os.name=Linux
106 [main] INFO org.apache.zookeeper.ZooKeeper  - Client environment:os.arch=amd64
106 [main] INFO org.apache.zookeeper.ZooKeeper  - Client environment:os.version=4.10.0-40-generic
106 [main] INFO org.apache.zookeeper.ZooKeeper  - Client environment:user.name=sanket
106 [main] INFO org.apache.zookeeper.ZooKeeper  - Client environment:user.home=/home/sanket
106 [main] INFO org.apache.zookeeper.ZooKeeper  - Client environment:user.dir=/home/sanket/Documents/workspace/Mission.Control
106 [main] INFO org.apache.zookeeper.ZooKeeper  - Initiating client connection, connectString=localhost:2181 sessionTimeout=6000 watcher=org.I0Itec.zkclient.ZkClient@32cf48b7
117 [main] INFO org.I0Itec.zkclient.ZkClient  - Waiting for keeper state SyncConnected
119 [main-SendThread(localhost:2181)] INFO org.apache.zookeeper.ClientCnxn  - Opening socket connection to server localhost/127.0.0.1:2181. Will not attempt to authenticate using SASL (unknown error)
172 [main-SendThread(localhost:2181)] INFO org.apache.zookeeper.ClientCnxn  - Socket connection established to localhost/127.0.0.1:2181, initiating session
178 [main-SendThread(localhost:2181)] INFO org.apache.zookeeper.ClientCnxn  - Session establishment complete on server localhost/127.0.0.1:2181, sessionid = 0x160124b24600002, negotiated timeout = 6000
178 [main-EventThread] INFO org.I0Itec.zkclient.ZkClient  - zookeeper state changed (SyncConnected)
188 [main] INFO kafka.consumer.ZookeeperConsumerConnector  - [space.exploration.mars.rover.curiosity.1512140117597_zion-mainframe-1512140117974-48ecd558], starting auto committer every 60000 ms
218 [Thread-0] INFO kafka.consumer.ZookeeperConsumerConnector  - [space.exploration.mars.rover.curiosity.1512140117597_zion-mainframe-1512140117974-48ecd558], begin registering consumer space.exploration.mars.rover.curiosity.1512140117597_zion-mainframe-1512140117974-48ecd558 in ZK
241 [Thread-0] INFO kafka.utils.ZKCheckedEphemeral  - Creating /consumers/space.exploration.mars.rover.curiosity.1512140117597/ids/space.exploration.mars.rover.curiosity.1512140117597_zion-mainframe-1512140117974-48ecd558 (is it secure? false)
250 [Thread-0] INFO kafka.utils.ZKCheckedEphemeral  - Result of znode creation is: OK
251 [Thread-0] INFO kafka.consumer.ZookeeperConsumerConnector  - [space.exploration.mars.rover.curiosity.1512140117597_zion-mainframe-1512140117974-48ecd558], end registering consumer space.exploration.mars.rover.curiosity.1512140117597_zion-mainframe-1512140117974-48ecd558 in ZK
265 [space.exploration.mars.rover.curiosity.1512140117597_zion-mainframe-1512140117974-48ecd558_watcher_executor] INFO kafka.consumer.ZookeeperConsumerConnector  - [space.exploration.mars.rover.curiosity.1512140117597_zion-mainframe-1512140117974-48ecd558], starting watcher executor thread for consumer space.exploration.mars.rover.curiosity.1512140117597_zion-mainframe-1512140117974-48ecd558
272 [Thread-0] INFO kafka.consumer.ZookeeperConsumerConnector  - [space.exploration.mars.rover.curiosity.1512140117597_zion-mainframe-1512140117974-48ecd558], begin rebalancing consumer space.exploration.mars.rover.curiosity.1512140117597_zion-mainframe-1512140117974-48ecd558 try #0
367 [Thread-0] INFO kafka.consumer.ConsumerFetcherManager  - [ConsumerFetcherManager-1512140118064] Stopping leader finder thread
367 [Thread-0] INFO kafka.consumer.ConsumerFetcherManager  - [ConsumerFetcherManager-1512140118064] Stopping all fetchers
368 [Thread-0] INFO kafka.consumer.ConsumerFetcherManager  - [ConsumerFetcherManager-1512140118064] All connections stopped
369 [Thread-0] INFO kafka.consumer.ZookeeperConsumerConnector  - [space.exploration.mars.rover.curiosity.1512140117597_zion-mainframe-1512140117974-48ecd558], Cleared all relevant queues for this fetcher
370 [Thread-0] INFO kafka.consumer.ZookeeperConsumerConnector  - [space.exploration.mars.rover.curiosity.1512140117597_zion-mainframe-1512140117974-48ecd558], Cleared the data chunks in all the consumer message iterators
371 [Thread-0] INFO kafka.consumer.ZookeeperConsumerConnector  - [space.exploration.mars.rover.curiosity.1512140117597_zion-mainframe-1512140117974-48ecd558], Committing all offsets after clearing the fetcher queues
372 [Thread-0] INFO kafka.consumer.ZookeeperConsumerConnector  - [space.exploration.mars.rover.curiosity.1512140117597_zion-mainframe-1512140117974-48ecd558], Releasing partition ownership
392 [Thread-0] INFO kafka.consumer.RangeAssignor  - Consumer space.exploration.mars.rover.curiosity.1512140117597_zion-mainframe-1512140117974-48ecd558 rebalancing the following partitions: ArrayBuffer(0) for topic curiosity_to_earth_5 with consumers: List(space.exploration.mars.rover.curiosity.1512140117597_zion-mainframe-1512140117974-48ecd558-0)
394 [Thread-0] INFO kafka.consumer.RangeAssignor  - space.exploration.mars.rover.curiosity.1512140117597_zion-mainframe-1512140117974-48ecd558-0 attempting to claim partition 0
425 [Thread-0] INFO kafka.consumer.ZookeeperConsumerConnector  - [space.exploration.mars.rover.curiosity.1512140117597_zion-mainframe-1512140117974-48ecd558], space.exploration.mars.rover.curiosity.1512140117597_zion-mainframe-1512140117974-48ecd558-0 successfully owned partition 0 for topic curiosity_to_earth_5
445 [Thread-0] INFO kafka.consumer.ZookeeperConsumerConnector  - [space.exploration.mars.rover.curiosity.1512140117597_zion-mainframe-1512140117974-48ecd558], Consumer space.exploration.mars.rover.curiosity.1512140117597_zion-mainframe-1512140117974-48ecd558 selected partitions : curiosity_to_earth_5:0: fetched offset = -1: consumed offset = -1
451 [Thread-0] INFO kafka.consumer.ZookeeperConsumerConnector  - [space.exploration.mars.rover.curiosity.1512140117597_zion-mainframe-1512140117974-48ecd558], end rebalancing consumer space.exploration.mars.rover.curiosity.1512140117597_zion-mainframe-1512140117974-48ecd558 try #0
454 [space.exploration.mars.rover.curiosity.1512140117597_zion-mainframe-1512140117974-48ecd558-leader-finder-thread] INFO kafka.consumer.ConsumerFetcherManager$LeaderFinderThread  - [space.exploration.mars.rover.curiosity.1512140117597_zion-mainframe-1512140117974-48ecd558-leader-finder-thread], Starting 
469 [space.exploration.mars.rover.curiosity.1512140117597_zion-mainframe-1512140117974-48ecd558-leader-finder-thread] INFO kafka.utils.VerifiableProperties  - Verifying properties
469 [space.exploration.mars.rover.curiosity.1512140117597_zion-mainframe-1512140117974-48ecd558-leader-finder-thread] INFO kafka.utils.VerifiableProperties  - Property client.id is overridden to space.exploration.mars.rover.curiosity.1512140117597
469 [space.exploration.mars.rover.curiosity.1512140117597_zion-mainframe-1512140117974-48ecd558-leader-finder-thread] INFO kafka.utils.VerifiableProperties  - Property metadata.broker.list is overridden to zion-mainframe:9092
469 [space.exploration.mars.rover.curiosity.1512140117597_zion-mainframe-1512140117974-48ecd558-leader-finder-thread] INFO kafka.utils.VerifiableProperties  - Property request.timeout.ms is overridden to 30000
483 [space.exploration.mars.rover.curiosity.1512140117597_zion-mainframe-1512140117974-48ecd558-leader-finder-thread] INFO kafka.client.ClientUtils$  - Fetching metadata from broker BrokerEndPoint(0,zion-mainframe,9092) with correlation id 0 for 1 topic(s) Set(curiosity_to_earth_5)
488 [space.exploration.mars.rover.curiosity.1512140117597_zion-mainframe-1512140117974-48ecd558-leader-finder-thread] INFO kafka.producer.SyncProducer  - Connected to zion-mainframe:9092 for producing
500 [space.exploration.mars.rover.curiosity.1512140117597_zion-mainframe-1512140117974-48ecd558-leader-finder-thread] INFO kafka.producer.SyncProducer  - Disconnecting from zion-mainframe:9092
528 [ConsumerFetcherThread-space.exploration.mars.rover.curiosity.1512140117597_zion-mainframe-1512140117974-48ecd558-0-0] INFO kafka.consumer.ConsumerFetcherThread  - [ConsumerFetcherThread-space.exploration.mars.rover.curiosity.1512140117597_zion-mainframe-1512140117974-48ecd558-0-0], Starting 
534 [space.exploration.mars.rover.curiosity.1512140117597_zion-mainframe-1512140117974-48ecd558-leader-finder-thread] INFO kafka.consumer.ConsumerFetcherManager  - [ConsumerFetcherManager-1512140118064] Added fetcher for partitions ArrayBuffer([[curiosity_to_earth_5,0], initOffset -1 to broker BrokerEndPoint(0,zion-mainframe,9092)] )
29027 [Thread-0] INFO naasa.gov.mission.control.Receiver  - Message received from 
123260 [Thread-0] INFO naasa.gov.mission.control.Receiver  - Message received from 
183174 [Thread-0] INFO naasa.gov.mission.control.Receiver  - Message received from 
