0 [main] INFO kafka.utils.VerifiableProperties  - Verifying properties
21 [main] INFO kafka.utils.VerifiableProperties  - Property auto.offset.reset is overridden to largest
22 [main] WARN kafka.utils.VerifiableProperties  - Property bootstrap.servers is not valid
22 [main] WARN kafka.utils.VerifiableProperties  - Property destination.topic is not valid
22 [main] INFO kafka.utils.VerifiableProperties  - Property group.id is overridden to space.exploration.mars.rover.curiosity.1528841462806
22 [main] WARN kafka.utils.VerifiableProperties  - Property key.serializer is not valid
22 [main] WARN kafka.utils.VerifiableProperties  - Property metadata.broker.list is not valid
22 [main] WARN kafka.utils.VerifiableProperties  - Property source.topic is not valid
22 [main] WARN kafka.utils.VerifiableProperties  - Property value.serializer is not valid
22 [main] INFO kafka.utils.VerifiableProperties  - Property zookeeper.connect is overridden to localhost:2181
55 [main] INFO kafka.consumer.ZookeeperConsumerConnector  - [space.exploration.mars.rover.curiosity.1528841462806_zion-portable-1528841462993-904f6c60], Connecting to zookeeper instance at localhost:2181
59 [ZkClient-EventThread-15-localhost:2181] INFO org.I0Itec.zkclient.ZkEventThread  - Starting ZkClient event thread.
62 [main] INFO org.apache.zookeeper.ZooKeeper  - Client environment:zookeeper.version=3.4.6-1569965, built on 02/20/2014 09:09 GMT
62 [main] INFO org.apache.zookeeper.ZooKeeper  - Client environment:host.name=zion-portable
62 [main] INFO org.apache.zookeeper.ZooKeeper  - Client environment:java.version=1.8.0_171
62 [main] INFO org.apache.zookeeper.ZooKeeper  - Client environment:java.vendor=Oracle Corporation
62 [main] INFO org.apache.zookeeper.ZooKeeper  - Client environment:java.home=/usr/lib/jvm/java-8-openjdk-amd64/jre
62 [main] INFO org.apache.zookeeper.ZooKeeper  - Client environment:java.class.path=target/mission.control-2.0-shaded.jar
62 [main] INFO org.apache.zookeeper.ZooKeeper  - Client environment:java.library.path=/usr/java/packages/lib/amd64:/usr/lib/x86_64-linux-gnu/jni:/lib/x86_64-linux-gnu:/usr/lib/x86_64-linux-gnu:/usr/lib/jni:/lib:/usr/lib
62 [main] INFO org.apache.zookeeper.ZooKeeper  - Client environment:java.io.tmpdir=/tmp
62 [main] INFO org.apache.zookeeper.ZooKeeper  - Client environment:java.compiler=<NA>
62 [main] INFO org.apache.zookeeper.ZooKeeper  - Client environment:os.name=Linux
62 [main] INFO org.apache.zookeeper.ZooKeeper  - Client environment:os.arch=amd64
62 [main] INFO org.apache.zookeeper.ZooKeeper  - Client environment:os.version=4.13.0-43-generic
62 [main] INFO org.apache.zookeeper.ZooKeeper  - Client environment:user.name=sanket
63 [main] INFO org.apache.zookeeper.ZooKeeper  - Client environment:user.home=/home/sanket
63 [main] INFO org.apache.zookeeper.ZooKeeper  - Client environment:user.dir=/home/sanket/Documents/workspace/Mission.Control
63 [main] INFO org.apache.zookeeper.ZooKeeper  - Initiating client connection, connectString=localhost:2181 sessionTimeout=6000 watcher=org.I0Itec.zkclient.ZkClient@17776a8
71 [main] INFO org.I0Itec.zkclient.ZkClient  - Waiting for keeper state SyncConnected
73 [main-SendThread(localhost:2181)] INFO org.apache.zookeeper.ClientCnxn  - Opening socket connection to server localhost/127.0.0.1:2181. Will not attempt to authenticate using SASL (unknown error)
107 [main-SendThread(localhost:2181)] INFO org.apache.zookeeper.ClientCnxn  - Socket connection established to localhost/127.0.0.1:2181, initiating session
118 [main-SendThread(localhost:2181)] INFO org.apache.zookeeper.ClientCnxn  - Session establishment complete on server localhost/127.0.0.1:2181, sessionid = 0x163f47baffb0004, negotiated timeout = 6000
118 [main-EventThread] INFO org.I0Itec.zkclient.ZkClient  - zookeeper state changed (SyncConnected)
126 [main] INFO kafka.consumer.ZookeeperConsumerConnector  - [space.exploration.mars.rover.curiosity.1528841462806_zion-portable-1528841462993-904f6c60], starting auto committer every 60000 ms
145 [Thread-0] INFO kafka.consumer.ZookeeperConsumerConnector  - [space.exploration.mars.rover.curiosity.1528841462806_zion-portable-1528841462993-904f6c60], begin registering consumer space.exploration.mars.rover.curiosity.1528841462806_zion-portable-1528841462993-904f6c60 in ZK
163 [Thread-0] INFO kafka.utils.ZKCheckedEphemeral  - Creating /consumers/space.exploration.mars.rover.curiosity.1528841462806/ids/space.exploration.mars.rover.curiosity.1528841462806_zion-portable-1528841462993-904f6c60 (is it secure? false)
171 [Thread-0] INFO kafka.utils.ZKCheckedEphemeral  - Result of znode creation is: OK
171 [Thread-0] INFO kafka.consumer.ZookeeperConsumerConnector  - [space.exploration.mars.rover.curiosity.1528841462806_zion-portable-1528841462993-904f6c60], end registering consumer space.exploration.mars.rover.curiosity.1528841462806_zion-portable-1528841462993-904f6c60 in ZK
174 [space.exploration.mars.rover.curiosity.1528841462806_zion-portable-1528841462993-904f6c60_watcher_executor] INFO kafka.consumer.ZookeeperConsumerConnector  - [space.exploration.mars.rover.curiosity.1528841462806_zion-portable-1528841462993-904f6c60], starting watcher executor thread for consumer space.exploration.mars.rover.curiosity.1528841462806_zion-portable-1528841462993-904f6c60
186 [Thread-0] INFO kafka.consumer.ZookeeperConsumerConnector  - [space.exploration.mars.rover.curiosity.1528841462806_zion-portable-1528841462993-904f6c60], begin rebalancing consumer space.exploration.mars.rover.curiosity.1528841462806_zion-portable-1528841462993-904f6c60 try #0
255 [Thread-0] INFO kafka.consumer.ConsumerFetcherManager  - [ConsumerFetcherManager-1528841463063] Stopping leader finder thread
255 [Thread-0] INFO kafka.consumer.ConsumerFetcherManager  - [ConsumerFetcherManager-1528841463063] Stopping all fetchers
255 [Thread-0] INFO kafka.consumer.ConsumerFetcherManager  - [ConsumerFetcherManager-1528841463063] All connections stopped
256 [Thread-0] INFO kafka.consumer.ZookeeperConsumerConnector  - [space.exploration.mars.rover.curiosity.1528841462806_zion-portable-1528841462993-904f6c60], Cleared all relevant queues for this fetcher
256 [Thread-0] INFO kafka.consumer.ZookeeperConsumerConnector  - [space.exploration.mars.rover.curiosity.1528841462806_zion-portable-1528841462993-904f6c60], Cleared the data chunks in all the consumer message iterators
256 [Thread-0] INFO kafka.consumer.ZookeeperConsumerConnector  - [space.exploration.mars.rover.curiosity.1528841462806_zion-portable-1528841462993-904f6c60], Committing all offsets after clearing the fetcher queues
257 [Thread-0] INFO kafka.consumer.ZookeeperConsumerConnector  - [space.exploration.mars.rover.curiosity.1528841462806_zion-portable-1528841462993-904f6c60], Releasing partition ownership
275 [Thread-0] INFO kafka.consumer.RangeAssignor  - Consumer space.exploration.mars.rover.curiosity.1528841462806_zion-portable-1528841462993-904f6c60 rebalancing the following partitions: ArrayBuffer(0) for topic curiosity_to_earth_5 with consumers: List(space.exploration.mars.rover.curiosity.1528841462806_zion-portable-1528841462993-904f6c60-0)
276 [Thread-0] INFO kafka.consumer.RangeAssignor  - space.exploration.mars.rover.curiosity.1528841462806_zion-portable-1528841462993-904f6c60-0 attempting to claim partition 0
300 [Thread-0] INFO kafka.consumer.ZookeeperConsumerConnector  - [space.exploration.mars.rover.curiosity.1528841462806_zion-portable-1528841462993-904f6c60], space.exploration.mars.rover.curiosity.1528841462806_zion-portable-1528841462993-904f6c60-0 successfully owned partition 0 for topic curiosity_to_earth_5
311 [Thread-0] INFO kafka.consumer.ZookeeperConsumerConnector  - [space.exploration.mars.rover.curiosity.1528841462806_zion-portable-1528841462993-904f6c60], Consumer space.exploration.mars.rover.curiosity.1528841462806_zion-portable-1528841462993-904f6c60 selected partitions : curiosity_to_earth_5:0: fetched offset = -1: consumed offset = -1
312 [space.exploration.mars.rover.curiosity.1528841462806_zion-portable-1528841462993-904f6c60-leader-finder-thread] INFO kafka.consumer.ConsumerFetcherManager$LeaderFinderThread  - [space.exploration.mars.rover.curiosity.1528841462806_zion-portable-1528841462993-904f6c60-leader-finder-thread], Starting 
312 [Thread-0] INFO kafka.consumer.ZookeeperConsumerConnector  - [space.exploration.mars.rover.curiosity.1528841462806_zion-portable-1528841462993-904f6c60], end rebalancing consumer space.exploration.mars.rover.curiosity.1528841462806_zion-portable-1528841462993-904f6c60 try #0
324 [space.exploration.mars.rover.curiosity.1528841462806_zion-portable-1528841462993-904f6c60-leader-finder-thread] INFO kafka.utils.VerifiableProperties  - Verifying properties
324 [space.exploration.mars.rover.curiosity.1528841462806_zion-portable-1528841462993-904f6c60-leader-finder-thread] INFO kafka.utils.VerifiableProperties  - Property client.id is overridden to space.exploration.mars.rover.curiosity.1528841462806
324 [space.exploration.mars.rover.curiosity.1528841462806_zion-portable-1528841462993-904f6c60-leader-finder-thread] INFO kafka.utils.VerifiableProperties  - Property metadata.broker.list is overridden to zion-portable:9092
324 [space.exploration.mars.rover.curiosity.1528841462806_zion-portable-1528841462993-904f6c60-leader-finder-thread] INFO kafka.utils.VerifiableProperties  - Property request.timeout.ms is overridden to 30000
334 [space.exploration.mars.rover.curiosity.1528841462806_zion-portable-1528841462993-904f6c60-leader-finder-thread] INFO kafka.client.ClientUtils$  - Fetching metadata from broker BrokerEndPoint(0,zion-portable,9092) with correlation id 0 for 1 topic(s) Set(curiosity_to_earth_5)
337 [space.exploration.mars.rover.curiosity.1528841462806_zion-portable-1528841462993-904f6c60-leader-finder-thread] INFO kafka.producer.SyncProducer  - Connected to zion-portable:9092 for producing
346 [space.exploration.mars.rover.curiosity.1528841462806_zion-portable-1528841462993-904f6c60-leader-finder-thread] INFO kafka.producer.SyncProducer  - Disconnecting from zion-portable:9092
361 [ConsumerFetcherThread-space.exploration.mars.rover.curiosity.1528841462806_zion-portable-1528841462993-904f6c60-0-0] INFO kafka.consumer.ConsumerFetcherThread  - [ConsumerFetcherThread-space.exploration.mars.rover.curiosity.1528841462806_zion-portable-1528841462993-904f6c60-0-0], Starting 
369 [space.exploration.mars.rover.curiosity.1528841462806_zion-portable-1528841462993-904f6c60-leader-finder-thread] INFO kafka.consumer.ConsumerFetcherManager  - [ConsumerFetcherManager-1528841463063] Added fetcher for partitions ArrayBuffer([[curiosity_to_earth_5,0], initOffset -1 to broker BrokerEndPoint(0,zion-portable,9092)] )
