0 [main] INFO kafka.utils.VerifiableProperties  - Verifying properties
23 [main] INFO kafka.utils.VerifiableProperties  - Property auto.offset.reset is overridden to largest
23 [main] WARN kafka.utils.VerifiableProperties  - Property bootstrap.servers is not valid
23 [main] WARN kafka.utils.VerifiableProperties  - Property destination.topic is not valid
23 [main] INFO kafka.utils.VerifiableProperties  - Property group.id is overridden to space.exploration.mars.rover.curiosity.1535943481408
23 [main] WARN kafka.utils.VerifiableProperties  - Property key.serializer is not valid
23 [main] WARN kafka.utils.VerifiableProperties  - Property metadata.broker.list is not valid
23 [main] WARN kafka.utils.VerifiableProperties  - Property source.topic is not valid
23 [main] WARN kafka.utils.VerifiableProperties  - Property value.serializer is not valid
24 [main] INFO kafka.utils.VerifiableProperties  - Property zookeeper.connect is overridden to localhost:2181
70 [main] INFO kafka.consumer.ZookeeperConsumerConnector  - [space.exploration.mars.rover.curiosity.1535943481408_zion-mainframe-1535943481724-d32191c3], Connecting to zookeeper instance at localhost:2181
78 [ZkClient-EventThread-17-localhost:2181] INFO org.I0Itec.zkclient.ZkEventThread  - Starting ZkClient event thread.
83 [main] INFO org.apache.zookeeper.ZooKeeper  - Client environment:zookeeper.version=3.4.6-1569965, built on 02/20/2014 09:09 GMT
83 [main] INFO org.apache.zookeeper.ZooKeeper  - Client environment:host.name=zion-mainframe
84 [main] INFO org.apache.zookeeper.ZooKeeper  - Client environment:java.version=10.0.2
84 [main] INFO org.apache.zookeeper.ZooKeeper  - Client environment:java.vendor=Oracle Corporation
84 [main] INFO org.apache.zookeeper.ZooKeeper  - Client environment:java.home=/usr/lib/jvm/java-11-openjdk-amd64
84 [main] INFO org.apache.zookeeper.ZooKeeper  - Client environment:java.class.path=target/mission.control-2.0-shaded.jar
84 [main] INFO org.apache.zookeeper.ZooKeeper  - Client environment:java.library.path=/usr/java/packages/lib:/usr/lib/x86_64-linux-gnu/jni:/lib/x86_64-linux-gnu:/usr/lib/x86_64-linux-gnu:/usr/lib/jni:/lib:/usr/lib
84 [main] INFO org.apache.zookeeper.ZooKeeper  - Client environment:java.io.tmpdir=/tmp
84 [main] INFO org.apache.zookeeper.ZooKeeper  - Client environment:java.compiler=<NA>
84 [main] INFO org.apache.zookeeper.ZooKeeper  - Client environment:os.name=Linux
84 [main] INFO org.apache.zookeeper.ZooKeeper  - Client environment:os.arch=amd64
84 [main] INFO org.apache.zookeeper.ZooKeeper  - Client environment:os.version=4.15.0-33-generic
84 [main] INFO org.apache.zookeeper.ZooKeeper  - Client environment:user.name=sanket
84 [main] INFO org.apache.zookeeper.ZooKeeper  - Client environment:user.home=/home/sanket
84 [main] INFO org.apache.zookeeper.ZooKeeper  - Client environment:user.dir=/home/sanket/Documents/workspace/Mission.Control
84 [main] INFO org.apache.zookeeper.ZooKeeper  - Initiating client connection, connectString=localhost:2181 sessionTimeout=6000 watcher=org.I0Itec.zkclient.ZkClient@791d1f8b
98 [main] INFO org.I0Itec.zkclient.ZkClient  - Waiting for keeper state SyncConnected
102 [main-SendThread(localhost:2181)] INFO org.apache.zookeeper.ClientCnxn  - Opening socket connection to server localhost/127.0.0.1:2181. Will not attempt to authenticate using SASL (unknown error)
108 [main-SendThread(localhost:2181)] INFO org.apache.zookeeper.ClientCnxn  - Socket connection established to localhost/127.0.0.1:2181, initiating session
113 [main-SendThread(localhost:2181)] INFO org.apache.zookeeper.ClientCnxn  - Session establishment complete on server localhost/127.0.0.1:2181, sessionid = 0x1658344534c0002, negotiated timeout = 6000
113 [main-EventThread] INFO org.I0Itec.zkclient.ZkClient  - zookeeper state changed (SyncConnected)
122 [main] INFO kafka.consumer.ZookeeperConsumerConnector  - [space.exploration.mars.rover.curiosity.1535943481408_zion-mainframe-1535943481724-d32191c3], starting auto committer every 60000 ms
141 [Thread-0] INFO kafka.consumer.ZookeeperConsumerConnector  - [space.exploration.mars.rover.curiosity.1535943481408_zion-mainframe-1535943481724-d32191c3], begin registering consumer space.exploration.mars.rover.curiosity.1535943481408_zion-mainframe-1535943481724-d32191c3 in ZK
160 [Thread-0] INFO kafka.utils.ZKCheckedEphemeral  - Creating /consumers/space.exploration.mars.rover.curiosity.1535943481408/ids/space.exploration.mars.rover.curiosity.1535943481408_zion-mainframe-1535943481724-d32191c3 (is it secure? false)
171 [Thread-0] INFO kafka.utils.ZKCheckedEphemeral  - Result of znode creation is: OK
171 [Thread-0] INFO kafka.consumer.ZookeeperConsumerConnector  - [space.exploration.mars.rover.curiosity.1535943481408_zion-mainframe-1535943481724-d32191c3], end registering consumer space.exploration.mars.rover.curiosity.1535943481408_zion-mainframe-1535943481724-d32191c3 in ZK
173 [space.exploration.mars.rover.curiosity.1535943481408_zion-mainframe-1535943481724-d32191c3_watcher_executor] INFO kafka.consumer.ZookeeperConsumerConnector  - [space.exploration.mars.rover.curiosity.1535943481408_zion-mainframe-1535943481724-d32191c3], starting watcher executor thread for consumer space.exploration.mars.rover.curiosity.1535943481408_zion-mainframe-1535943481724-d32191c3
185 [Thread-0] INFO kafka.consumer.ZookeeperConsumerConnector  - [space.exploration.mars.rover.curiosity.1535943481408_zion-mainframe-1535943481724-d32191c3], begin rebalancing consumer space.exploration.mars.rover.curiosity.1535943481408_zion-mainframe-1535943481724-d32191c3 try #0
249 [Thread-0] INFO kafka.consumer.ConsumerFetcherManager  - [ConsumerFetcherManager-1535943481774] Stopping leader finder thread
249 [Thread-0] INFO kafka.consumer.ConsumerFetcherManager  - [ConsumerFetcherManager-1535943481774] Stopping all fetchers
249 [Thread-0] INFO kafka.consumer.ConsumerFetcherManager  - [ConsumerFetcherManager-1535943481774] All connections stopped
250 [Thread-0] INFO kafka.consumer.ZookeeperConsumerConnector  - [space.exploration.mars.rover.curiosity.1535943481408_zion-mainframe-1535943481724-d32191c3], Cleared all relevant queues for this fetcher
250 [Thread-0] INFO kafka.consumer.ZookeeperConsumerConnector  - [space.exploration.mars.rover.curiosity.1535943481408_zion-mainframe-1535943481724-d32191c3], Cleared the data chunks in all the consumer message iterators
250 [Thread-0] INFO kafka.consumer.ZookeeperConsumerConnector  - [space.exploration.mars.rover.curiosity.1535943481408_zion-mainframe-1535943481724-d32191c3], Committing all offsets after clearing the fetcher queues
251 [Thread-0] INFO kafka.consumer.ZookeeperConsumerConnector  - [space.exploration.mars.rover.curiosity.1535943481408_zion-mainframe-1535943481724-d32191c3], Releasing partition ownership
265 [Thread-0] INFO kafka.consumer.RangeAssignor  - Consumer space.exploration.mars.rover.curiosity.1535943481408_zion-mainframe-1535943481724-d32191c3 rebalancing the following partitions: ArrayBuffer() for topic curiosity_to_earth_5 with consumers: List(space.exploration.mars.rover.curiosity.1535943481408_zion-mainframe-1535943481724-d32191c3-0)
266 [Thread-0] WARN kafka.consumer.RangeAssignor  - No broker partitions consumed by consumer thread space.exploration.mars.rover.curiosity.1535943481408_zion-mainframe-1535943481724-d32191c3-0 for topic curiosity_to_earth_5
272 [Thread-0] INFO kafka.consumer.ZookeeperConsumerConnector  - [space.exploration.mars.rover.curiosity.1535943481408_zion-mainframe-1535943481724-d32191c3], Consumer space.exploration.mars.rover.curiosity.1535943481408_zion-mainframe-1535943481724-d32191c3 selected partitions : 
273 [space.exploration.mars.rover.curiosity.1535943481408_zion-mainframe-1535943481724-d32191c3-leader-finder-thread] INFO kafka.consumer.ConsumerFetcherManager$LeaderFinderThread  - [space.exploration.mars.rover.curiosity.1535943481408_zion-mainframe-1535943481724-d32191c3-leader-finder-thread], Starting 
273 [Thread-0] INFO kafka.consumer.ZookeeperConsumerConnector  - [space.exploration.mars.rover.curiosity.1535943481408_zion-mainframe-1535943481724-d32191c3], end rebalancing consumer space.exploration.mars.rover.curiosity.1535943481408_zion-mainframe-1535943481724-d32191c3 try #0
1160648 [ZkClient-EventThread-17-localhost:2181] INFO kafka.consumer.ZookeeperConsumerConnector  - [space.exploration.mars.rover.curiosity.1535943481408_zion-mainframe-1535943481724-d32191c3], Topic info for path /brokers/topics/curiosity_to_earth_5 changed to {"version":1,"partitions":{"0":[0]}}, triggering rebalance
1160648 [space.exploration.mars.rover.curiosity.1535943481408_zion-mainframe-1535943481724-d32191c3_watcher_executor] INFO kafka.consumer.ZookeeperConsumerConnector  - [space.exploration.mars.rover.curiosity.1535943481408_zion-mainframe-1535943481724-d32191c3], begin rebalancing consumer space.exploration.mars.rover.curiosity.1535943481408_zion-mainframe-1535943481724-d32191c3 try #0
1160666 [space.exploration.mars.rover.curiosity.1535943481408_zion-mainframe-1535943481724-d32191c3_watcher_executor] INFO kafka.consumer.ConsumerFetcherManager  - [ConsumerFetcherManager-1535943481774] Stopping leader finder thread
1160666 [space.exploration.mars.rover.curiosity.1535943481408_zion-mainframe-1535943481724-d32191c3_watcher_executor] INFO kafka.consumer.ConsumerFetcherManager$LeaderFinderThread  - [space.exploration.mars.rover.curiosity.1535943481408_zion-mainframe-1535943481724-d32191c3-leader-finder-thread], Shutting down
1160667 [space.exploration.mars.rover.curiosity.1535943481408_zion-mainframe-1535943481724-d32191c3-leader-finder-thread] INFO kafka.consumer.ConsumerFetcherManager$LeaderFinderThread  - [space.exploration.mars.rover.curiosity.1535943481408_zion-mainframe-1535943481724-d32191c3-leader-finder-thread], Stopped 
1160667 [space.exploration.mars.rover.curiosity.1535943481408_zion-mainframe-1535943481724-d32191c3_watcher_executor] INFO kafka.consumer.ConsumerFetcherManager$LeaderFinderThread  - [space.exploration.mars.rover.curiosity.1535943481408_zion-mainframe-1535943481724-d32191c3-leader-finder-thread], Shutdown completed
1160667 [space.exploration.mars.rover.curiosity.1535943481408_zion-mainframe-1535943481724-d32191c3_watcher_executor] INFO kafka.consumer.ConsumerFetcherManager  - [ConsumerFetcherManager-1535943481774] Stopping all fetchers
1160667 [space.exploration.mars.rover.curiosity.1535943481408_zion-mainframe-1535943481724-d32191c3_watcher_executor] INFO kafka.consumer.ConsumerFetcherManager  - [ConsumerFetcherManager-1535943481774] All connections stopped
1160667 [space.exploration.mars.rover.curiosity.1535943481408_zion-mainframe-1535943481724-d32191c3_watcher_executor] INFO kafka.consumer.ZookeeperConsumerConnector  - [space.exploration.mars.rover.curiosity.1535943481408_zion-mainframe-1535943481724-d32191c3], Cleared all relevant queues for this fetcher
1160667 [space.exploration.mars.rover.curiosity.1535943481408_zion-mainframe-1535943481724-d32191c3_watcher_executor] INFO kafka.consumer.ZookeeperConsumerConnector  - [space.exploration.mars.rover.curiosity.1535943481408_zion-mainframe-1535943481724-d32191c3], Cleared the data chunks in all the consumer message iterators
1160667 [space.exploration.mars.rover.curiosity.1535943481408_zion-mainframe-1535943481724-d32191c3_watcher_executor] INFO kafka.consumer.ZookeeperConsumerConnector  - [space.exploration.mars.rover.curiosity.1535943481408_zion-mainframe-1535943481724-d32191c3], Committing all offsets after clearing the fetcher queues
1160667 [space.exploration.mars.rover.curiosity.1535943481408_zion-mainframe-1535943481724-d32191c3_watcher_executor] INFO kafka.consumer.ZookeeperConsumerConnector  - [space.exploration.mars.rover.curiosity.1535943481408_zion-mainframe-1535943481724-d32191c3], Releasing partition ownership
1160679 [space.exploration.mars.rover.curiosity.1535943481408_zion-mainframe-1535943481724-d32191c3_watcher_executor] INFO kafka.consumer.RangeAssignor  - Consumer space.exploration.mars.rover.curiosity.1535943481408_zion-mainframe-1535943481724-d32191c3 rebalancing the following partitions: ArrayBuffer(0) for topic curiosity_to_earth_5 with consumers: List(space.exploration.mars.rover.curiosity.1535943481408_zion-mainframe-1535943481724-d32191c3-0)
1160680 [space.exploration.mars.rover.curiosity.1535943481408_zion-mainframe-1535943481724-d32191c3_watcher_executor] INFO kafka.consumer.RangeAssignor  - space.exploration.mars.rover.curiosity.1535943481408_zion-mainframe-1535943481724-d32191c3-0 attempting to claim partition 0
1160699 [space.exploration.mars.rover.curiosity.1535943481408_zion-mainframe-1535943481724-d32191c3_watcher_executor] INFO kafka.consumer.ZookeeperConsumerConnector  - [space.exploration.mars.rover.curiosity.1535943481408_zion-mainframe-1535943481724-d32191c3], space.exploration.mars.rover.curiosity.1535943481408_zion-mainframe-1535943481724-d32191c3-0 successfully owned partition 0 for topic curiosity_to_earth_5
1160706 [space.exploration.mars.rover.curiosity.1535943481408_zion-mainframe-1535943481724-d32191c3_watcher_executor] INFO kafka.consumer.ZookeeperConsumerConnector  - [space.exploration.mars.rover.curiosity.1535943481408_zion-mainframe-1535943481724-d32191c3], Consumer space.exploration.mars.rover.curiosity.1535943481408_zion-mainframe-1535943481724-d32191c3 selected partitions : curiosity_to_earth_5:0: fetched offset = -1: consumed offset = -1
1160706 [space.exploration.mars.rover.curiosity.1535943481408_zion-mainframe-1535943481724-d32191c3-leader-finder-thread] INFO kafka.consumer.ConsumerFetcherManager$LeaderFinderThread  - [space.exploration.mars.rover.curiosity.1535943481408_zion-mainframe-1535943481724-d32191c3-leader-finder-thread], Starting 
1160706 [space.exploration.mars.rover.curiosity.1535943481408_zion-mainframe-1535943481724-d32191c3_watcher_executor] INFO kafka.consumer.ZookeeperConsumerConnector  - [space.exploration.mars.rover.curiosity.1535943481408_zion-mainframe-1535943481724-d32191c3], end rebalancing consumer space.exploration.mars.rover.curiosity.1535943481408_zion-mainframe-1535943481724-d32191c3 try #0
1160718 [space.exploration.mars.rover.curiosity.1535943481408_zion-mainframe-1535943481724-d32191c3-leader-finder-thread] INFO kafka.utils.VerifiableProperties  - Verifying properties
1160718 [space.exploration.mars.rover.curiosity.1535943481408_zion-mainframe-1535943481724-d32191c3-leader-finder-thread] INFO kafka.utils.VerifiableProperties  - Property client.id is overridden to space.exploration.mars.rover.curiosity.1535943481408
1160718 [space.exploration.mars.rover.curiosity.1535943481408_zion-mainframe-1535943481724-d32191c3-leader-finder-thread] INFO kafka.utils.VerifiableProperties  - Property metadata.broker.list is overridden to zion-mainframe:9092
1160718 [space.exploration.mars.rover.curiosity.1535943481408_zion-mainframe-1535943481724-d32191c3-leader-finder-thread] INFO kafka.utils.VerifiableProperties  - Property request.timeout.ms is overridden to 30000
1160731 [space.exploration.mars.rover.curiosity.1535943481408_zion-mainframe-1535943481724-d32191c3-leader-finder-thread] INFO kafka.client.ClientUtils$  - Fetching metadata from broker BrokerEndPoint(0,zion-mainframe,9092) with correlation id 0 for 1 topic(s) Set(curiosity_to_earth_5)
1160736 [space.exploration.mars.rover.curiosity.1535943481408_zion-mainframe-1535943481724-d32191c3-leader-finder-thread] INFO kafka.producer.SyncProducer  - Connected to zion-mainframe:9092 for producing
1160764 [space.exploration.mars.rover.curiosity.1535943481408_zion-mainframe-1535943481724-d32191c3-leader-finder-thread] INFO kafka.producer.SyncProducer  - Disconnecting from zion-mainframe:9092
1160774 [space.exploration.mars.rover.curiosity.1535943481408_zion-mainframe-1535943481724-d32191c3-leader-finder-thread] INFO kafka.consumer.ConsumerFetcherManager  - [ConsumerFetcherManager-1535943481774] Added fetcher for partitions ArrayBuffer()
1160990 [space.exploration.mars.rover.curiosity.1535943481408_zion-mainframe-1535943481724-d32191c3-leader-finder-thread] INFO kafka.utils.VerifiableProperties  - Verifying properties
1160991 [space.exploration.mars.rover.curiosity.1535943481408_zion-mainframe-1535943481724-d32191c3-leader-finder-thread] INFO kafka.utils.VerifiableProperties  - Property client.id is overridden to space.exploration.mars.rover.curiosity.1535943481408
1160991 [space.exploration.mars.rover.curiosity.1535943481408_zion-mainframe-1535943481724-d32191c3-leader-finder-thread] INFO kafka.utils.VerifiableProperties  - Property metadata.broker.list is overridden to zion-mainframe:9092
1160992 [space.exploration.mars.rover.curiosity.1535943481408_zion-mainframe-1535943481724-d32191c3-leader-finder-thread] INFO kafka.utils.VerifiableProperties  - Property request.timeout.ms is overridden to 30000
1160993 [space.exploration.mars.rover.curiosity.1535943481408_zion-mainframe-1535943481724-d32191c3-leader-finder-thread] INFO kafka.client.ClientUtils$  - Fetching metadata from broker BrokerEndPoint(0,zion-mainframe,9092) with correlation id 1 for 1 topic(s) Set(curiosity_to_earth_5)
1160994 [space.exploration.mars.rover.curiosity.1535943481408_zion-mainframe-1535943481724-d32191c3-leader-finder-thread] INFO kafka.producer.SyncProducer  - Connected to zion-mainframe:9092 for producing
1161012 [space.exploration.mars.rover.curiosity.1535943481408_zion-mainframe-1535943481724-d32191c3-leader-finder-thread] INFO kafka.producer.SyncProducer  - Disconnecting from zion-mainframe:9092
1161013 [space.exploration.mars.rover.curiosity.1535943481408_zion-mainframe-1535943481724-d32191c3-leader-finder-thread] INFO kafka.consumer.ConsumerFetcherManager  - [ConsumerFetcherManager-1535943481774] Added fetcher for partitions ArrayBuffer()
1161219 [space.exploration.mars.rover.curiosity.1535943481408_zion-mainframe-1535943481724-d32191c3-leader-finder-thread] INFO kafka.utils.VerifiableProperties  - Verifying properties
1161219 [space.exploration.mars.rover.curiosity.1535943481408_zion-mainframe-1535943481724-d32191c3-leader-finder-thread] INFO kafka.utils.VerifiableProperties  - Property client.id is overridden to space.exploration.mars.rover.curiosity.1535943481408
1161219 [space.exploration.mars.rover.curiosity.1535943481408_zion-mainframe-1535943481724-d32191c3-leader-finder-thread] INFO kafka.utils.VerifiableProperties  - Property metadata.broker.list is overridden to zion-mainframe:9092
1161219 [space.exploration.mars.rover.curiosity.1535943481408_zion-mainframe-1535943481724-d32191c3-leader-finder-thread] INFO kafka.utils.VerifiableProperties  - Property request.timeout.ms is overridden to 30000
1161220 [space.exploration.mars.rover.curiosity.1535943481408_zion-mainframe-1535943481724-d32191c3-leader-finder-thread] INFO kafka.client.ClientUtils$  - Fetching metadata from broker BrokerEndPoint(0,zion-mainframe,9092) with correlation id 2 for 1 topic(s) Set(curiosity_to_earth_5)
1161220 [space.exploration.mars.rover.curiosity.1535943481408_zion-mainframe-1535943481724-d32191c3-leader-finder-thread] INFO kafka.producer.SyncProducer  - Connected to zion-mainframe:9092 for producing
1161225 [space.exploration.mars.rover.curiosity.1535943481408_zion-mainframe-1535943481724-d32191c3-leader-finder-thread] INFO kafka.producer.SyncProducer  - Disconnecting from zion-mainframe:9092
1161244 [ConsumerFetcherThread-space.exploration.mars.rover.curiosity.1535943481408_zion-mainframe-1535943481724-d32191c3-0-0] INFO kafka.consumer.ConsumerFetcherThread  - [ConsumerFetcherThread-space.exploration.mars.rover.curiosity.1535943481408_zion-mainframe-1535943481724-d32191c3-0-0], Starting 
1161270 [space.exploration.mars.rover.curiosity.1535943481408_zion-mainframe-1535943481724-d32191c3-leader-finder-thread] INFO kafka.consumer.ConsumerFetcherManager  - [ConsumerFetcherManager-1535943481774] Added fetcher for partitions ArrayBuffer([[curiosity_to_earth_5,0], initOffset -1 to broker BrokerEndPoint(0,zion-mainframe,9092)] )
