0 [main] INFO kafka.utils.VerifiableProperties  - Verifying properties
75 [main] WARN kafka.utils.VerifiableProperties  - Property auto.offset.reset is not valid
76 [main] WARN kafka.utils.VerifiableProperties  - Property bootstrap.servers is not valid
77 [main] WARN kafka.utils.VerifiableProperties  - Property destination.topic is not valid
77 [main] WARN kafka.utils.VerifiableProperties  - Property group.id is not valid
78 [main] WARN kafka.utils.VerifiableProperties  - Property key.serializer is not valid
85 [main] INFO kafka.utils.VerifiableProperties  - Property metadata.broker.list is overridden to localhost:9092
85 [main] WARN kafka.utils.VerifiableProperties  - Property source.topic is not valid
85 [main] WARN kafka.utils.VerifiableProperties  - Property value.serializer is not valid
85 [main] WARN kafka.utils.VerifiableProperties  - Property zookeeper.connect is not valid
577 [main] INFO kafka.client.ClientUtils$  - Fetching metadata from broker BrokerEndPoint(0,localhost,9092) with correlation id 0 for 1 topic(s) Set(earth_to_curiosity_5)
676 [main] INFO kafka.producer.SyncProducer  - Connected to localhost:9092 for producing
707 [main] INFO kafka.producer.SyncProducer  - Disconnecting from localhost:9092
785 [main] INFO kafka.producer.SyncProducer  - Connected to zion-mainframe:9092 for producing
610560 [main] INFO kafka.client.ClientUtils$  - Fetching metadata from broker BrokerEndPoint(0,localhost,9092) with correlation id 107 for 1 topic(s) Set(earth_to_curiosity_5)
610563 [main] INFO kafka.producer.SyncProducer  - Connected to localhost:9092 for producing
610565 [main] INFO kafka.producer.SyncProducer  - Disconnecting from localhost:9092
610565 [main] INFO kafka.producer.SyncProducer  - Disconnecting from zion-mainframe:9092
610569 [main] INFO kafka.producer.SyncProducer  - Connected to zion-mainframe:9092 for producing
1220200 [main] INFO kafka.client.ClientUtils$  - Fetching metadata from broker BrokerEndPoint(0,localhost,9092) with correlation id 214 for 1 topic(s) Set(earth_to_curiosity_5)
1220201 [main] INFO kafka.producer.SyncProducer  - Connected to localhost:9092 for producing
1220202 [main] INFO kafka.producer.SyncProducer  - Disconnecting from localhost:9092
1220202 [main] INFO kafka.producer.SyncProducer  - Disconnecting from zion-mainframe:9092
1220203 [main] INFO kafka.producer.SyncProducer  - Connected to zion-mainframe:9092 for producing
1829829 [main] INFO kafka.client.ClientUtils$  - Fetching metadata from broker BrokerEndPoint(0,localhost,9092) with correlation id 321 for 1 topic(s) Set(earth_to_curiosity_5)
1829830 [main] INFO kafka.producer.SyncProducer  - Connected to localhost:9092 for producing
1829832 [main] INFO kafka.producer.SyncProducer  - Disconnecting from localhost:9092
1829832 [main] INFO kafka.producer.SyncProducer  - Disconnecting from zion-mainframe:9092
1829836 [main] INFO kafka.producer.SyncProducer  - Connected to zion-mainframe:9092 for producing
2439463 [main] INFO kafka.client.ClientUtils$  - Fetching metadata from broker BrokerEndPoint(0,localhost,9092) with correlation id 428 for 1 topic(s) Set(earth_to_curiosity_5)
2439465 [main] INFO kafka.producer.SyncProducer  - Connected to localhost:9092 for producing
2439467 [main] INFO kafka.producer.SyncProducer  - Disconnecting from localhost:9092
2439467 [main] INFO kafka.producer.SyncProducer  - Disconnecting from zion-mainframe:9092
2439469 [main] INFO kafka.producer.SyncProducer  - Connected to zion-mainframe:9092 for producing
3049086 [main] INFO kafka.client.ClientUtils$  - Fetching metadata from broker BrokerEndPoint(0,localhost,9092) with correlation id 535 for 1 topic(s) Set(earth_to_curiosity_5)
3049087 [main] INFO kafka.producer.SyncProducer  - Connected to localhost:9092 for producing
3049088 [main] INFO kafka.producer.SyncProducer  - Disconnecting from localhost:9092
3049088 [main] INFO kafka.producer.SyncProducer  - Disconnecting from zion-mainframe:9092
3049090 [main] INFO kafka.producer.SyncProducer  - Connected to zion-mainframe:9092 for producing
3658694 [main] INFO kafka.client.ClientUtils$  - Fetching metadata from broker BrokerEndPoint(0,localhost,9092) with correlation id 642 for 1 topic(s) Set(earth_to_curiosity_5)
3658700 [main] INFO kafka.producer.SyncProducer  - Connected to localhost:9092 for producing
3658702 [main] INFO kafka.producer.SyncProducer  - Disconnecting from localhost:9092
3658703 [main] INFO kafka.producer.SyncProducer  - Disconnecting from zion-mainframe:9092
3658707 [main] INFO kafka.producer.SyncProducer  - Connected to zion-mainframe:9092 for producing
4268280 [main] INFO kafka.client.ClientUtils$  - Fetching metadata from broker BrokerEndPoint(0,localhost,9092) with correlation id 749 for 1 topic(s) Set(earth_to_curiosity_5)
4268281 [main] INFO kafka.producer.SyncProducer  - Connected to localhost:9092 for producing
4268283 [main] INFO kafka.producer.SyncProducer  - Disconnecting from localhost:9092
4268283 [main] INFO kafka.producer.SyncProducer  - Disconnecting from zion-mainframe:9092
4268286 [main] INFO kafka.producer.SyncProducer  - Connected to zion-mainframe:9092 for producing
4877886 [main] INFO kafka.client.ClientUtils$  - Fetching metadata from broker BrokerEndPoint(0,localhost,9092) with correlation id 856 for 1 topic(s) Set(earth_to_curiosity_5)
4877888 [main] INFO kafka.producer.SyncProducer  - Connected to localhost:9092 for producing
4877889 [main] INFO kafka.producer.SyncProducer  - Disconnecting from localhost:9092
4877890 [main] INFO kafka.producer.SyncProducer  - Disconnecting from zion-mainframe:9092
4877893 [main] INFO kafka.producer.SyncProducer  - Connected to zion-mainframe:9092 for producing
5487472 [main] INFO kafka.client.ClientUtils$  - Fetching metadata from broker BrokerEndPoint(0,localhost,9092) with correlation id 963 for 1 topic(s) Set(earth_to_curiosity_5)
5487473 [main] INFO kafka.producer.SyncProducer  - Connected to localhost:9092 for producing
5487474 [main] INFO kafka.producer.SyncProducer  - Disconnecting from localhost:9092
5487474 [main] INFO kafka.producer.SyncProducer  - Disconnecting from zion-mainframe:9092
5487477 [main] INFO kafka.producer.SyncProducer  - Connected to zion-mainframe:9092 for producing
6097061 [main] INFO kafka.client.ClientUtils$  - Fetching metadata from broker BrokerEndPoint(0,localhost,9092) with correlation id 1070 for 1 topic(s) Set(earth_to_curiosity_5)
6097062 [main] INFO kafka.producer.SyncProducer  - Connected to localhost:9092 for producing
6097063 [main] INFO kafka.producer.SyncProducer  - Disconnecting from localhost:9092
6097063 [main] INFO kafka.producer.SyncProducer  - Disconnecting from zion-mainframe:9092
6097064 [main] INFO kafka.producer.SyncProducer  - Connected to zion-mainframe:9092 for producing
6706631 [main] INFO kafka.client.ClientUtils$  - Fetching metadata from broker BrokerEndPoint(0,localhost,9092) with correlation id 1177 for 1 topic(s) Set(earth_to_curiosity_5)
6706632 [main] INFO kafka.producer.SyncProducer  - Connected to localhost:9092 for producing
6706633 [main] INFO kafka.producer.SyncProducer  - Disconnecting from localhost:9092
6706633 [main] INFO kafka.producer.SyncProducer  - Disconnecting from zion-mainframe:9092
6706635 [main] INFO kafka.producer.SyncProducer  - Connected to zion-mainframe:9092 for producing
7316200 [main] INFO kafka.client.ClientUtils$  - Fetching metadata from broker BrokerEndPoint(0,localhost,9092) with correlation id 1284 for 1 topic(s) Set(earth_to_curiosity_5)
7316201 [main] INFO kafka.producer.SyncProducer  - Connected to localhost:9092 for producing
7316202 [main] INFO kafka.producer.SyncProducer  - Disconnecting from localhost:9092
7316203 [main] INFO kafka.producer.SyncProducer  - Disconnecting from zion-mainframe:9092
7316204 [main] INFO kafka.producer.SyncProducer  - Connected to zion-mainframe:9092 for producing
7925761 [main] INFO kafka.client.ClientUtils$  - Fetching metadata from broker BrokerEndPoint(0,localhost,9092) with correlation id 1391 for 1 topic(s) Set(earth_to_curiosity_5)
7925761 [main] INFO kafka.producer.SyncProducer  - Connected to localhost:9092 for producing
7925762 [main] INFO kafka.producer.SyncProducer  - Disconnecting from localhost:9092
7925762 [main] INFO kafka.producer.SyncProducer  - Disconnecting from zion-mainframe:9092
7925763 [main] INFO kafka.producer.SyncProducer  - Connected to zion-mainframe:9092 for producing
8535322 [main] INFO kafka.client.ClientUtils$  - Fetching metadata from broker BrokerEndPoint(0,localhost,9092) with correlation id 1498 for 1 topic(s) Set(earth_to_curiosity_5)
8535323 [main] INFO kafka.producer.SyncProducer  - Connected to localhost:9092 for producing
8535324 [main] INFO kafka.producer.SyncProducer  - Disconnecting from localhost:9092
8535325 [main] INFO kafka.producer.SyncProducer  - Disconnecting from zion-mainframe:9092
8535326 [main] INFO kafka.producer.SyncProducer  - Connected to zion-mainframe:9092 for producing
9144890 [main] INFO kafka.client.ClientUtils$  - Fetching metadata from broker BrokerEndPoint(0,localhost,9092) with correlation id 1605 for 1 topic(s) Set(earth_to_curiosity_5)
9144892 [main] INFO kafka.producer.SyncProducer  - Connected to localhost:9092 for producing
9144893 [main] INFO kafka.producer.SyncProducer  - Disconnecting from localhost:9092
9144893 [main] INFO kafka.producer.SyncProducer  - Disconnecting from zion-mainframe:9092
9144895 [main] INFO kafka.producer.SyncProducer  - Connected to zion-mainframe:9092 for producing
9754465 [main] INFO kafka.client.ClientUtils$  - Fetching metadata from broker BrokerEndPoint(0,localhost,9092) with correlation id 1712 for 1 topic(s) Set(earth_to_curiosity_5)
9754466 [main] INFO kafka.producer.SyncProducer  - Connected to localhost:9092 for producing
9754467 [main] INFO kafka.producer.SyncProducer  - Disconnecting from localhost:9092
9754467 [main] INFO kafka.producer.SyncProducer  - Disconnecting from zion-mainframe:9092
9754468 [main] INFO kafka.producer.SyncProducer  - Connected to zion-mainframe:9092 for producing
10364032 [main] INFO kafka.client.ClientUtils$  - Fetching metadata from broker BrokerEndPoint(0,localhost,9092) with correlation id 1819 for 1 topic(s) Set(earth_to_curiosity_5)
10364033 [main] INFO kafka.producer.SyncProducer  - Connected to localhost:9092 for producing
10364035 [main] INFO kafka.producer.SyncProducer  - Disconnecting from localhost:9092
10364035 [main] INFO kafka.producer.SyncProducer  - Disconnecting from zion-mainframe:9092
10364037 [main] INFO kafka.producer.SyncProducer  - Connected to zion-mainframe:9092 for producing
10973609 [main] INFO kafka.client.ClientUtils$  - Fetching metadata from broker BrokerEndPoint(0,localhost,9092) with correlation id 1926 for 1 topic(s) Set(earth_to_curiosity_5)
10973610 [main] INFO kafka.producer.SyncProducer  - Connected to localhost:9092 for producing
10973610 [main] INFO kafka.producer.SyncProducer  - Disconnecting from localhost:9092
10973611 [main] INFO kafka.producer.SyncProducer  - Disconnecting from zion-mainframe:9092
10973612 [main] INFO kafka.producer.SyncProducer  - Connected to zion-mainframe:9092 for producing
11583165 [main] INFO kafka.client.ClientUtils$  - Fetching metadata from broker BrokerEndPoint(0,localhost,9092) with correlation id 2033 for 1 topic(s) Set(earth_to_curiosity_5)
11583165 [main] INFO kafka.producer.SyncProducer  - Connected to localhost:9092 for producing
11583165 [main] INFO kafka.producer.SyncProducer  - Disconnecting from localhost:9092
11583166 [main] INFO kafka.producer.SyncProducer  - Disconnecting from zion-mainframe:9092
11583166 [main] INFO kafka.producer.SyncProducer  - Connected to zion-mainframe:9092 for producing
12192720 [main] INFO kafka.client.ClientUtils$  - Fetching metadata from broker BrokerEndPoint(0,localhost,9092) with correlation id 2140 for 1 topic(s) Set(earth_to_curiosity_5)
12192720 [main] INFO kafka.producer.SyncProducer  - Connected to localhost:9092 for producing
12192721 [main] INFO kafka.producer.SyncProducer  - Disconnecting from localhost:9092
12192721 [main] INFO kafka.producer.SyncProducer  - Disconnecting from zion-mainframe:9092
12192721 [main] INFO kafka.producer.SyncProducer  - Connected to zion-mainframe:9092 for producing
12802273 [main] INFO kafka.client.ClientUtils$  - Fetching metadata from broker BrokerEndPoint(0,localhost,9092) with correlation id 2247 for 1 topic(s) Set(earth_to_curiosity_5)
12802274 [main] INFO kafka.producer.SyncProducer  - Connected to localhost:9092 for producing
12802276 [main] INFO kafka.producer.SyncProducer  - Disconnecting from localhost:9092
12802276 [main] INFO kafka.producer.SyncProducer  - Disconnecting from zion-mainframe:9092
12802278 [main] INFO kafka.producer.SyncProducer  - Connected to zion-mainframe:9092 for producing
13411837 [main] INFO kafka.client.ClientUtils$  - Fetching metadata from broker BrokerEndPoint(0,localhost,9092) with correlation id 2354 for 1 topic(s) Set(earth_to_curiosity_5)
13411837 [main] INFO kafka.producer.SyncProducer  - Connected to localhost:9092 for producing
13411838 [main] INFO kafka.producer.SyncProducer  - Disconnecting from localhost:9092
13411838 [main] INFO kafka.producer.SyncProducer  - Disconnecting from zion-mainframe:9092
13411839 [main] INFO kafka.producer.SyncProducer  - Connected to zion-mainframe:9092 for producing
14021398 [main] INFO kafka.client.ClientUtils$  - Fetching metadata from broker BrokerEndPoint(0,localhost,9092) with correlation id 2461 for 1 topic(s) Set(earth_to_curiosity_5)
14021400 [main] INFO kafka.producer.SyncProducer  - Connected to localhost:9092 for producing
14021401 [main] INFO kafka.producer.SyncProducer  - Disconnecting from localhost:9092
14021402 [main] INFO kafka.producer.SyncProducer  - Disconnecting from zion-mainframe:9092
14021409 [main] INFO kafka.producer.SyncProducer  - Connected to zion-mainframe:9092 for producing
14630979 [main] INFO kafka.client.ClientUtils$  - Fetching metadata from broker BrokerEndPoint(0,localhost,9092) with correlation id 2568 for 1 topic(s) Set(earth_to_curiosity_5)
14630980 [main] INFO kafka.producer.SyncProducer  - Connected to localhost:9092 for producing
14630982 [main] INFO kafka.producer.SyncProducer  - Disconnecting from localhost:9092
14630982 [main] INFO kafka.producer.SyncProducer  - Disconnecting from zion-mainframe:9092
14630984 [main] INFO kafka.producer.SyncProducer  - Connected to zion-mainframe:9092 for producing
15240540 [main] INFO kafka.client.ClientUtils$  - Fetching metadata from broker BrokerEndPoint(0,localhost,9092) with correlation id 2675 for 1 topic(s) Set(earth_to_curiosity_5)
15240541 [main] INFO kafka.producer.SyncProducer  - Connected to localhost:9092 for producing
15240543 [main] INFO kafka.producer.SyncProducer  - Disconnecting from localhost:9092
15240543 [main] INFO kafka.producer.SyncProducer  - Disconnecting from zion-mainframe:9092
15240545 [main] INFO kafka.producer.SyncProducer  - Connected to zion-mainframe:9092 for producing
