0 [main] INFO kafka.utils.VerifiableProperties  - Verifying properties
81 [main] WARN kafka.utils.VerifiableProperties  - Property auto.offset.reset is not valid
82 [main] WARN kafka.utils.VerifiableProperties  - Property bootstrap.servers is not valid
82 [main] WARN kafka.utils.VerifiableProperties  - Property destination.topic is not valid
82 [main] WARN kafka.utils.VerifiableProperties  - Property group.id is not valid
83 [main] WARN kafka.utils.VerifiableProperties  - Property key.serializer is not valid
83 [main] INFO kafka.utils.VerifiableProperties  - Property metadata.broker.list is overridden to localhost:9092
84 [main] WARN kafka.utils.VerifiableProperties  - Property source.topic is not valid
84 [main] WARN kafka.utils.VerifiableProperties  - Property value.serializer is not valid
84 [main] WARN kafka.utils.VerifiableProperties  - Property zookeeper.connect is not valid
323 [main] INFO kafka.client.ClientUtils$  - Fetching metadata from broker BrokerEndPoint(0,localhost,9092) with correlation id 0 for 1 topic(s) Set(earth_to_curiosity_5)
430 [main] INFO kafka.producer.SyncProducer  - Connected to localhost:9092 for producing
465 [main] INFO kafka.producer.SyncProducer  - Disconnecting from localhost:9092
515 [main] INFO kafka.producer.SyncProducer  - Connected to zion-mainframe:9092 for producing
630652 [main] INFO kafka.client.ClientUtils$  - Fetching metadata from broker BrokerEndPoint(0,localhost,9092) with correlation id 41 for 1 topic(s) Set(earth_to_curiosity_5)
630656 [main] INFO kafka.producer.SyncProducer  - Connected to localhost:9092 for producing
630658 [main] INFO kafka.producer.SyncProducer  - Disconnecting from localhost:9092
630659 [main] INFO kafka.producer.SyncProducer  - Disconnecting from zion-mainframe:9092
630665 [main] INFO kafka.producer.SyncProducer  - Connected to zion-mainframe:9092 for producing
1260754 [main] INFO kafka.client.ClientUtils$  - Fetching metadata from broker BrokerEndPoint(0,localhost,9092) with correlation id 82 for 1 topic(s) Set(earth_to_curiosity_5)
1260757 [main] INFO kafka.producer.SyncProducer  - Connected to localhost:9092 for producing
1260762 [main] INFO kafka.producer.SyncProducer  - Disconnecting from localhost:9092
1260763 [main] INFO kafka.producer.SyncProducer  - Disconnecting from zion-mainframe:9092
1260766 [main] INFO kafka.producer.SyncProducer  - Connected to zion-mainframe:9092 for producing
1890836 [main] INFO kafka.client.ClientUtils$  - Fetching metadata from broker BrokerEndPoint(0,localhost,9092) with correlation id 123 for 1 topic(s) Set(earth_to_curiosity_5)
1890837 [main] INFO kafka.producer.SyncProducer  - Connected to localhost:9092 for producing
1890840 [main] INFO kafka.producer.SyncProducer  - Disconnecting from localhost:9092
1890841 [main] INFO kafka.producer.SyncProducer  - Disconnecting from zion-mainframe:9092
1890845 [main] INFO kafka.producer.SyncProducer  - Connected to zion-mainframe:9092 for producing
2520896 [main] INFO kafka.client.ClientUtils$  - Fetching metadata from broker BrokerEndPoint(0,localhost,9092) with correlation id 164 for 1 topic(s) Set(earth_to_curiosity_5)
2520896 [main] INFO kafka.producer.SyncProducer  - Connected to localhost:9092 for producing
2520898 [main] INFO kafka.producer.SyncProducer  - Disconnecting from localhost:9092
2520898 [main] INFO kafka.producer.SyncProducer  - Disconnecting from zion-mainframe:9092
2520900 [main] INFO kafka.producer.SyncProducer  - Connected to zion-mainframe:9092 for producing
3150956 [main] INFO kafka.client.ClientUtils$  - Fetching metadata from broker BrokerEndPoint(0,localhost,9092) with correlation id 205 for 1 topic(s) Set(earth_to_curiosity_5)
3150957 [main] INFO kafka.producer.SyncProducer  - Connected to localhost:9092 for producing
3150960 [main] INFO kafka.producer.SyncProducer  - Disconnecting from localhost:9092
3150960 [main] INFO kafka.producer.SyncProducer  - Disconnecting from zion-mainframe:9092
3150966 [main] INFO kafka.producer.SyncProducer  - Connected to zion-mainframe:9092 for producing
3781036 [main] INFO kafka.client.ClientUtils$  - Fetching metadata from broker BrokerEndPoint(0,localhost,9092) with correlation id 246 for 1 topic(s) Set(earth_to_curiosity_5)
3781037 [main] INFO kafka.producer.SyncProducer  - Connected to localhost:9092 for producing
3781040 [main] INFO kafka.producer.SyncProducer  - Disconnecting from localhost:9092
3781040 [main] INFO kafka.producer.SyncProducer  - Disconnecting from zion-mainframe:9092
3781044 [main] INFO kafka.producer.SyncProducer  - Connected to zion-mainframe:9092 for producing
4411093 [main] INFO kafka.client.ClientUtils$  - Fetching metadata from broker BrokerEndPoint(0,localhost,9092) with correlation id 287 for 1 topic(s) Set(earth_to_curiosity_5)
4411095 [main] INFO kafka.producer.SyncProducer  - Connected to localhost:9092 for producing
4411097 [main] INFO kafka.producer.SyncProducer  - Disconnecting from localhost:9092
4411098 [main] INFO kafka.producer.SyncProducer  - Disconnecting from zion-mainframe:9092
4411100 [main] INFO kafka.producer.SyncProducer  - Connected to zion-mainframe:9092 for producing
5041146 [main] INFO kafka.client.ClientUtils$  - Fetching metadata from broker BrokerEndPoint(0,localhost,9092) with correlation id 328 for 1 topic(s) Set(earth_to_curiosity_5)
5041148 [main] INFO kafka.producer.SyncProducer  - Connected to localhost:9092 for producing
5041149 [main] INFO kafka.producer.SyncProducer  - Disconnecting from localhost:9092
5041150 [main] INFO kafka.producer.SyncProducer  - Disconnecting from zion-mainframe:9092
5041152 [main] INFO kafka.producer.SyncProducer  - Connected to zion-mainframe:9092 for producing
5671197 [main] INFO kafka.client.ClientUtils$  - Fetching metadata from broker BrokerEndPoint(0,localhost,9092) with correlation id 369 for 1 topic(s) Set(earth_to_curiosity_5)
5671198 [main] INFO kafka.producer.SyncProducer  - Connected to localhost:9092 for producing
5671200 [main] INFO kafka.producer.SyncProducer  - Disconnecting from localhost:9092
5671201 [main] INFO kafka.producer.SyncProducer  - Disconnecting from zion-mainframe:9092
5671203 [main] INFO kafka.producer.SyncProducer  - Connected to zion-mainframe:9092 for producing
6301247 [main] INFO kafka.client.ClientUtils$  - Fetching metadata from broker BrokerEndPoint(0,localhost,9092) with correlation id 410 for 1 topic(s) Set(earth_to_curiosity_5)
6301248 [main] INFO kafka.producer.SyncProducer  - Connected to localhost:9092 for producing
6301250 [main] INFO kafka.producer.SyncProducer  - Disconnecting from localhost:9092
6301250 [main] INFO kafka.producer.SyncProducer  - Disconnecting from zion-mainframe:9092
6301253 [main] INFO kafka.producer.SyncProducer  - Connected to zion-mainframe:9092 for producing
6931292 [main] INFO kafka.client.ClientUtils$  - Fetching metadata from broker BrokerEndPoint(0,localhost,9092) with correlation id 451 for 1 topic(s) Set(earth_to_curiosity_5)
6931293 [main] INFO kafka.producer.SyncProducer  - Connected to localhost:9092 for producing
6931295 [main] INFO kafka.producer.SyncProducer  - Disconnecting from localhost:9092
6931296 [main] INFO kafka.producer.SyncProducer  - Disconnecting from zion-mainframe:9092
6931298 [main] INFO kafka.producer.SyncProducer  - Connected to zion-mainframe:9092 for producing
7561342 [main] INFO kafka.client.ClientUtils$  - Fetching metadata from broker BrokerEndPoint(0,localhost,9092) with correlation id 492 for 1 topic(s) Set(earth_to_curiosity_5)
7561343 [main] INFO kafka.producer.SyncProducer  - Connected to localhost:9092 for producing
7561344 [main] INFO kafka.producer.SyncProducer  - Disconnecting from localhost:9092
7561345 [main] INFO kafka.producer.SyncProducer  - Disconnecting from zion-mainframe:9092
7561348 [main] INFO kafka.producer.SyncProducer  - Connected to zion-mainframe:9092 for producing
8191385 [main] INFO kafka.client.ClientUtils$  - Fetching metadata from broker BrokerEndPoint(0,localhost,9092) with correlation id 533 for 1 topic(s) Set(earth_to_curiosity_5)
8191387 [main] INFO kafka.producer.SyncProducer  - Connected to localhost:9092 for producing
8191390 [main] INFO kafka.producer.SyncProducer  - Disconnecting from localhost:9092
8191390 [main] INFO kafka.producer.SyncProducer  - Disconnecting from zion-mainframe:9092
8191393 [main] INFO kafka.producer.SyncProducer  - Connected to zion-mainframe:9092 for producing
8821425 [main] INFO kafka.client.ClientUtils$  - Fetching metadata from broker BrokerEndPoint(0,localhost,9092) with correlation id 574 for 1 topic(s) Set(earth_to_curiosity_5)
8821426 [main] INFO kafka.producer.SyncProducer  - Connected to localhost:9092 for producing
8821428 [main] INFO kafka.producer.SyncProducer  - Disconnecting from localhost:9092
8821428 [main] INFO kafka.producer.SyncProducer  - Disconnecting from zion-mainframe:9092
8821430 [main] INFO kafka.producer.SyncProducer  - Connected to zion-mainframe:9092 for producing
9451470 [main] INFO kafka.client.ClientUtils$  - Fetching metadata from broker BrokerEndPoint(0,localhost,9092) with correlation id 615 for 1 topic(s) Set(earth_to_curiosity_5)
9451471 [main] INFO kafka.producer.SyncProducer  - Connected to localhost:9092 for producing
9451472 [main] INFO kafka.producer.SyncProducer  - Disconnecting from localhost:9092
9451473 [main] INFO kafka.producer.SyncProducer  - Disconnecting from zion-mainframe:9092
9451475 [main] INFO kafka.producer.SyncProducer  - Connected to zion-mainframe:9092 for producing
10081508 [main] INFO kafka.client.ClientUtils$  - Fetching metadata from broker BrokerEndPoint(0,localhost,9092) with correlation id 656 for 1 topic(s) Set(earth_to_curiosity_5)
10081509 [main] INFO kafka.producer.SyncProducer  - Connected to localhost:9092 for producing
10081511 [main] INFO kafka.producer.SyncProducer  - Disconnecting from localhost:9092
10081511 [main] INFO kafka.producer.SyncProducer  - Disconnecting from zion-mainframe:9092
10081513 [main] INFO kafka.producer.SyncProducer  - Connected to zion-mainframe:9092 for producing
10711541 [main] INFO kafka.client.ClientUtils$  - Fetching metadata from broker BrokerEndPoint(0,localhost,9092) with correlation id 697 for 1 topic(s) Set(earth_to_curiosity_5)
10711542 [main] INFO kafka.producer.SyncProducer  - Connected to localhost:9092 for producing
10711544 [main] INFO kafka.producer.SyncProducer  - Disconnecting from localhost:9092
10711544 [main] INFO kafka.producer.SyncProducer  - Disconnecting from zion-mainframe:9092
10711546 [main] INFO kafka.producer.SyncProducer  - Connected to zion-mainframe:9092 for producing
11341604 [main] INFO kafka.client.ClientUtils$  - Fetching metadata from broker BrokerEndPoint(0,localhost,9092) with correlation id 738 for 1 topic(s) Set(earth_to_curiosity_5)
11341605 [main] INFO kafka.producer.SyncProducer  - Connected to localhost:9092 for producing
11341607 [main] INFO kafka.producer.SyncProducer  - Disconnecting from localhost:9092
11341607 [main] INFO kafka.producer.SyncProducer  - Disconnecting from zion-mainframe:9092
11341609 [main] INFO kafka.producer.SyncProducer  - Connected to zion-mainframe:9092 for producing
11971638 [main] INFO kafka.client.ClientUtils$  - Fetching metadata from broker BrokerEndPoint(0,localhost,9092) with correlation id 779 for 1 topic(s) Set(earth_to_curiosity_5)
11971639 [main] INFO kafka.producer.SyncProducer  - Connected to localhost:9092 for producing
11971641 [main] INFO kafka.producer.SyncProducer  - Disconnecting from localhost:9092
11971641 [main] INFO kafka.producer.SyncProducer  - Disconnecting from zion-mainframe:9092
11971644 [main] INFO kafka.producer.SyncProducer  - Connected to zion-mainframe:9092 for producing
12601673 [main] INFO kafka.client.ClientUtils$  - Fetching metadata from broker BrokerEndPoint(0,localhost,9092) with correlation id 820 for 1 topic(s) Set(earth_to_curiosity_5)
12601674 [main] INFO kafka.producer.SyncProducer  - Connected to localhost:9092 for producing
12601675 [main] INFO kafka.producer.SyncProducer  - Disconnecting from localhost:9092
12601676 [main] INFO kafka.producer.SyncProducer  - Disconnecting from zion-mainframe:9092
12601677 [main] INFO kafka.producer.SyncProducer  - Connected to zion-mainframe:9092 for producing
13231706 [main] INFO kafka.client.ClientUtils$  - Fetching metadata from broker BrokerEndPoint(0,localhost,9092) with correlation id 861 for 1 topic(s) Set(earth_to_curiosity_5)
13231707 [main] INFO kafka.producer.SyncProducer  - Connected to localhost:9092 for producing
13231709 [main] INFO kafka.producer.SyncProducer  - Disconnecting from localhost:9092
13231709 [main] INFO kafka.producer.SyncProducer  - Disconnecting from zion-mainframe:9092
13231711 [main] INFO kafka.producer.SyncProducer  - Connected to zion-mainframe:9092 for producing
13861737 [main] INFO kafka.client.ClientUtils$  - Fetching metadata from broker BrokerEndPoint(0,localhost,9092) with correlation id 902 for 1 topic(s) Set(earth_to_curiosity_5)
13861738 [main] INFO kafka.producer.SyncProducer  - Connected to localhost:9092 for producing
13861740 [main] INFO kafka.producer.SyncProducer  - Disconnecting from localhost:9092
13861740 [main] INFO kafka.producer.SyncProducer  - Disconnecting from zion-mainframe:9092
13861742 [main] INFO kafka.producer.SyncProducer  - Connected to zion-mainframe:9092 for producing
14491769 [main] INFO kafka.client.ClientUtils$  - Fetching metadata from broker BrokerEndPoint(0,localhost,9092) with correlation id 943 for 1 topic(s) Set(earth_to_curiosity_5)
14491770 [main] INFO kafka.producer.SyncProducer  - Connected to localhost:9092 for producing
14491772 [main] INFO kafka.producer.SyncProducer  - Disconnecting from localhost:9092
14491772 [main] INFO kafka.producer.SyncProducer  - Disconnecting from zion-mainframe:9092
14491778 [main] INFO kafka.producer.SyncProducer  - Connected to zion-mainframe:9092 for producing
15121812 [main] INFO kafka.client.ClientUtils$  - Fetching metadata from broker BrokerEndPoint(0,localhost,9092) with correlation id 984 for 1 topic(s) Set(earth_to_curiosity_5)
15121813 [main] INFO kafka.producer.SyncProducer  - Connected to localhost:9092 for producing
15121814 [main] INFO kafka.producer.SyncProducer  - Disconnecting from localhost:9092
15121815 [main] INFO kafka.producer.SyncProducer  - Disconnecting from zion-mainframe:9092
15121817 [main] INFO kafka.producer.SyncProducer  - Connected to zion-mainframe:9092 for producing
15751845 [main] INFO kafka.client.ClientUtils$  - Fetching metadata from broker BrokerEndPoint(0,localhost,9092) with correlation id 1025 for 1 topic(s) Set(earth_to_curiosity_5)
15751847 [main] INFO kafka.producer.SyncProducer  - Connected to localhost:9092 for producing
15751849 [main] INFO kafka.producer.SyncProducer  - Disconnecting from localhost:9092
15751849 [main] INFO kafka.producer.SyncProducer  - Disconnecting from zion-mainframe:9092
15751854 [main] INFO kafka.producer.SyncProducer  - Connected to zion-mainframe:9092 for producing
16381877 [main] INFO kafka.client.ClientUtils$  - Fetching metadata from broker BrokerEndPoint(0,localhost,9092) with correlation id 1066 for 1 topic(s) Set(earth_to_curiosity_5)
16381878 [main] INFO kafka.producer.SyncProducer  - Connected to localhost:9092 for producing
16381879 [main] INFO kafka.producer.SyncProducer  - Disconnecting from localhost:9092
16381879 [main] INFO kafka.producer.SyncProducer  - Disconnecting from zion-mainframe:9092
16381879 [main] INFO kafka.producer.SyncProducer  - Connected to zion-mainframe:9092 for producing
17011899 [main] INFO kafka.client.ClientUtils$  - Fetching metadata from broker BrokerEndPoint(0,localhost,9092) with correlation id 1107 for 1 topic(s) Set(earth_to_curiosity_5)
17011900 [main] INFO kafka.producer.SyncProducer  - Connected to localhost:9092 for producing
17011901 [main] INFO kafka.producer.SyncProducer  - Disconnecting from localhost:9092
17011901 [main] INFO kafka.producer.SyncProducer  - Disconnecting from zion-mainframe:9092
17011902 [main] INFO kafka.producer.SyncProducer  - Connected to zion-mainframe:9092 for producing
17641927 [main] INFO kafka.client.ClientUtils$  - Fetching metadata from broker BrokerEndPoint(0,localhost,9092) with correlation id 1148 for 1 topic(s) Set(earth_to_curiosity_5)
17641927 [main] INFO kafka.producer.SyncProducer  - Connected to localhost:9092 for producing
17641929 [main] INFO kafka.producer.SyncProducer  - Disconnecting from localhost:9092
17641930 [main] INFO kafka.producer.SyncProducer  - Disconnecting from zion-mainframe:9092
17641931 [main] INFO kafka.producer.SyncProducer  - Connected to zion-mainframe:9092 for producing
18271963 [main] INFO kafka.client.ClientUtils$  - Fetching metadata from broker BrokerEndPoint(0,localhost,9092) with correlation id 1189 for 1 topic(s) Set(earth_to_curiosity_5)
18271966 [main] INFO kafka.producer.SyncProducer  - Connected to localhost:9092 for producing
18271968 [main] INFO kafka.producer.SyncProducer  - Disconnecting from localhost:9092
18271968 [main] INFO kafka.producer.SyncProducer  - Disconnecting from zion-mainframe:9092
18271973 [main] INFO kafka.producer.SyncProducer  - Connected to zion-mainframe:9092 for producing
18901999 [main] INFO kafka.client.ClientUtils$  - Fetching metadata from broker BrokerEndPoint(0,localhost,9092) with correlation id 1230 for 1 topic(s) Set(earth_to_curiosity_5)
18902000 [main] INFO kafka.producer.SyncProducer  - Connected to localhost:9092 for producing
18902002 [main] INFO kafka.producer.SyncProducer  - Disconnecting from localhost:9092
18902002 [main] INFO kafka.producer.SyncProducer  - Disconnecting from zion-mainframe:9092
18902004 [main] INFO kafka.producer.SyncProducer  - Connected to zion-mainframe:9092 for producing
19532025 [main] INFO kafka.client.ClientUtils$  - Fetching metadata from broker BrokerEndPoint(0,localhost,9092) with correlation id 1271 for 1 topic(s) Set(earth_to_curiosity_5)
19532027 [main] INFO kafka.producer.SyncProducer  - Connected to localhost:9092 for producing
19532028 [main] INFO kafka.producer.SyncProducer  - Disconnecting from localhost:9092
19532029 [main] INFO kafka.producer.SyncProducer  - Disconnecting from zion-mainframe:9092
19532032 [main] INFO kafka.producer.SyncProducer  - Connected to zion-mainframe:9092 for producing
20162056 [main] INFO kafka.client.ClientUtils$  - Fetching metadata from broker BrokerEndPoint(0,localhost,9092) with correlation id 1312 for 1 topic(s) Set(earth_to_curiosity_5)
20162057 [main] INFO kafka.producer.SyncProducer  - Connected to localhost:9092 for producing
20162059 [main] INFO kafka.producer.SyncProducer  - Disconnecting from localhost:9092
20162059 [main] INFO kafka.producer.SyncProducer  - Disconnecting from zion-mainframe:9092
20162061 [main] INFO kafka.producer.SyncProducer  - Connected to zion-mainframe:9092 for producing
20792085 [main] INFO kafka.client.ClientUtils$  - Fetching metadata from broker BrokerEndPoint(0,localhost,9092) with correlation id 1353 for 1 topic(s) Set(earth_to_curiosity_5)
20792086 [main] INFO kafka.producer.SyncProducer  - Connected to localhost:9092 for producing
20792088 [main] INFO kafka.producer.SyncProducer  - Disconnecting from localhost:9092
20792088 [main] INFO kafka.producer.SyncProducer  - Disconnecting from zion-mainframe:9092
20792090 [main] INFO kafka.producer.SyncProducer  - Connected to zion-mainframe:9092 for producing
21422115 [main] INFO kafka.client.ClientUtils$  - Fetching metadata from broker BrokerEndPoint(0,localhost,9092) with correlation id 1394 for 1 topic(s) Set(earth_to_curiosity_5)
21422117 [main] INFO kafka.producer.SyncProducer  - Connected to localhost:9092 for producing
21422118 [main] INFO kafka.producer.SyncProducer  - Disconnecting from localhost:9092
21422119 [main] INFO kafka.producer.SyncProducer  - Disconnecting from zion-mainframe:9092
21422120 [main] INFO kafka.producer.SyncProducer  - Connected to zion-mainframe:9092 for producing
22052151 [main] INFO kafka.client.ClientUtils$  - Fetching metadata from broker BrokerEndPoint(0,localhost,9092) with correlation id 1435 for 1 topic(s) Set(earth_to_curiosity_5)
22052152 [main] INFO kafka.producer.SyncProducer  - Connected to localhost:9092 for producing
22052153 [main] INFO kafka.producer.SyncProducer  - Disconnecting from localhost:9092
22052154 [main] INFO kafka.producer.SyncProducer  - Disconnecting from zion-mainframe:9092
22052155 [main] INFO kafka.producer.SyncProducer  - Connected to zion-mainframe:9092 for producing
22682177 [main] INFO kafka.client.ClientUtils$  - Fetching metadata from broker BrokerEndPoint(0,localhost,9092) with correlation id 1476 for 1 topic(s) Set(earth_to_curiosity_5)
22682179 [main] INFO kafka.producer.SyncProducer  - Connected to localhost:9092 for producing
22682181 [main] INFO kafka.producer.SyncProducer  - Disconnecting from localhost:9092
22682182 [main] INFO kafka.producer.SyncProducer  - Disconnecting from zion-mainframe:9092
22682184 [main] INFO kafka.producer.SyncProducer  - Connected to zion-mainframe:9092 for producing
23312204 [main] INFO kafka.client.ClientUtils$  - Fetching metadata from broker BrokerEndPoint(0,localhost,9092) with correlation id 1517 for 1 topic(s) Set(earth_to_curiosity_5)
23312205 [main] INFO kafka.producer.SyncProducer  - Connected to localhost:9092 for producing
23312207 [main] INFO kafka.producer.SyncProducer  - Disconnecting from localhost:9092
23312207 [main] INFO kafka.producer.SyncProducer  - Disconnecting from zion-mainframe:9092
23312209 [main] INFO kafka.producer.SyncProducer  - Connected to zion-mainframe:9092 for producing
23942232 [main] INFO kafka.client.ClientUtils$  - Fetching metadata from broker BrokerEndPoint(0,localhost,9092) with correlation id 1558 for 1 topic(s) Set(earth_to_curiosity_5)
23942233 [main] INFO kafka.producer.SyncProducer  - Connected to localhost:9092 for producing
23942235 [main] INFO kafka.producer.SyncProducer  - Disconnecting from localhost:9092
23942235 [main] INFO kafka.producer.SyncProducer  - Disconnecting from zion-mainframe:9092
23942237 [main] INFO kafka.producer.SyncProducer  - Connected to zion-mainframe:9092 for producing
24572263 [main] INFO kafka.client.ClientUtils$  - Fetching metadata from broker BrokerEndPoint(0,localhost,9092) with correlation id 1599 for 1 topic(s) Set(earth_to_curiosity_5)
24572264 [main] INFO kafka.producer.SyncProducer  - Connected to localhost:9092 for producing
24572265 [main] INFO kafka.producer.SyncProducer  - Disconnecting from localhost:9092
24572265 [main] INFO kafka.producer.SyncProducer  - Disconnecting from zion-mainframe:9092
24572267 [main] INFO kafka.producer.SyncProducer  - Connected to zion-mainframe:9092 for producing
25202291 [main] INFO kafka.client.ClientUtils$  - Fetching metadata from broker BrokerEndPoint(0,localhost,9092) with correlation id 1640 for 1 topic(s) Set(earth_to_curiosity_5)
25202292 [main] INFO kafka.producer.SyncProducer  - Connected to localhost:9092 for producing
25202294 [main] INFO kafka.producer.SyncProducer  - Disconnecting from localhost:9092
25202294 [main] INFO kafka.producer.SyncProducer  - Disconnecting from zion-mainframe:9092
25202296 [main] INFO kafka.producer.SyncProducer  - Connected to zion-mainframe:9092 for producing
25832328 [main] INFO kafka.client.ClientUtils$  - Fetching metadata from broker BrokerEndPoint(0,localhost,9092) with correlation id 1681 for 1 topic(s) Set(earth_to_curiosity_5)
25832329 [main] INFO kafka.producer.SyncProducer  - Connected to localhost:9092 for producing
25832330 [main] INFO kafka.producer.SyncProducer  - Disconnecting from localhost:9092
25832330 [main] INFO kafka.producer.SyncProducer  - Disconnecting from zion-mainframe:9092
25832333 [main] INFO kafka.producer.SyncProducer  - Connected to zion-mainframe:9092 for producing
26462360 [main] INFO kafka.client.ClientUtils$  - Fetching metadata from broker BrokerEndPoint(0,localhost,9092) with correlation id 1722 for 1 topic(s) Set(earth_to_curiosity_5)
26462362 [main] INFO kafka.producer.SyncProducer  - Connected to localhost:9092 for producing
26462363 [main] INFO kafka.producer.SyncProducer  - Disconnecting from localhost:9092
26462364 [main] INFO kafka.producer.SyncProducer  - Disconnecting from zion-mainframe:9092
26462366 [main] INFO kafka.producer.SyncProducer  - Connected to zion-mainframe:9092 for producing
27092385 [main] INFO kafka.client.ClientUtils$  - Fetching metadata from broker BrokerEndPoint(0,localhost,9092) with correlation id 1763 for 1 topic(s) Set(earth_to_curiosity_5)
27092387 [main] INFO kafka.producer.SyncProducer  - Connected to localhost:9092 for producing
27092388 [main] INFO kafka.producer.SyncProducer  - Disconnecting from localhost:9092
27092389 [main] INFO kafka.producer.SyncProducer  - Disconnecting from zion-mainframe:9092
27092390 [main] INFO kafka.producer.SyncProducer  - Connected to zion-mainframe:9092 for producing
27722413 [main] INFO kafka.client.ClientUtils$  - Fetching metadata from broker BrokerEndPoint(0,localhost,9092) with correlation id 1804 for 1 topic(s) Set(earth_to_curiosity_5)
27722413 [main] INFO kafka.producer.SyncProducer  - Connected to localhost:9092 for producing
27722415 [main] INFO kafka.producer.SyncProducer  - Disconnecting from localhost:9092
27722415 [main] INFO kafka.producer.SyncProducer  - Disconnecting from zion-mainframe:9092
27722417 [main] INFO kafka.producer.SyncProducer  - Connected to zion-mainframe:9092 for producing
28352441 [main] INFO kafka.client.ClientUtils$  - Fetching metadata from broker BrokerEndPoint(0,localhost,9092) with correlation id 1845 for 1 topic(s) Set(earth_to_curiosity_5)
28352442 [main] INFO kafka.producer.SyncProducer  - Connected to localhost:9092 for producing
28352443 [main] INFO kafka.producer.SyncProducer  - Disconnecting from localhost:9092
28352444 [main] INFO kafka.producer.SyncProducer  - Disconnecting from zion-mainframe:9092
28352446 [main] INFO kafka.producer.SyncProducer  - Connected to zion-mainframe:9092 for producing
28982471 [main] INFO kafka.client.ClientUtils$  - Fetching metadata from broker BrokerEndPoint(0,localhost,9092) with correlation id 1886 for 1 topic(s) Set(earth_to_curiosity_5)
28982473 [main] INFO kafka.producer.SyncProducer  - Connected to localhost:9092 for producing
28982474 [main] INFO kafka.producer.SyncProducer  - Disconnecting from localhost:9092
28982474 [main] INFO kafka.producer.SyncProducer  - Disconnecting from zion-mainframe:9092
28982480 [main] INFO kafka.producer.SyncProducer  - Connected to zion-mainframe:9092 for producing
29612505 [main] INFO kafka.client.ClientUtils$  - Fetching metadata from broker BrokerEndPoint(0,localhost,9092) with correlation id 1927 for 1 topic(s) Set(earth_to_curiosity_5)
29612506 [main] INFO kafka.producer.SyncProducer  - Connected to localhost:9092 for producing
29612508 [main] INFO kafka.producer.SyncProducer  - Disconnecting from localhost:9092
29612509 [main] INFO kafka.producer.SyncProducer  - Disconnecting from zion-mainframe:9092
29612510 [main] INFO kafka.producer.SyncProducer  - Connected to zion-mainframe:9092 for producing
30242530 [main] INFO kafka.client.ClientUtils$  - Fetching metadata from broker BrokerEndPoint(0,localhost,9092) with correlation id 1968 for 1 topic(s) Set(earth_to_curiosity_5)
30242531 [main] INFO kafka.producer.SyncProducer  - Connected to localhost:9092 for producing
30242532 [main] INFO kafka.producer.SyncProducer  - Disconnecting from localhost:9092
30242533 [main] INFO kafka.producer.SyncProducer  - Disconnecting from zion-mainframe:9092
30242534 [main] INFO kafka.producer.SyncProducer  - Connected to zion-mainframe:9092 for producing
30872556 [main] INFO kafka.client.ClientUtils$  - Fetching metadata from broker BrokerEndPoint(0,localhost,9092) with correlation id 2009 for 1 topic(s) Set(earth_to_curiosity_5)
30872557 [main] INFO kafka.producer.SyncProducer  - Connected to localhost:9092 for producing
30872558 [main] INFO kafka.producer.SyncProducer  - Disconnecting from localhost:9092
30872559 [main] INFO kafka.producer.SyncProducer  - Disconnecting from zion-mainframe:9092
30872562 [main] INFO kafka.producer.SyncProducer  - Connected to zion-mainframe:9092 for producing
31502583 [main] INFO kafka.client.ClientUtils$  - Fetching metadata from broker BrokerEndPoint(0,localhost,9092) with correlation id 2050 for 1 topic(s) Set(earth_to_curiosity_5)
31502584 [main] INFO kafka.producer.SyncProducer  - Connected to localhost:9092 for producing
31502585 [main] INFO kafka.producer.SyncProducer  - Disconnecting from localhost:9092
31502586 [main] INFO kafka.producer.SyncProducer  - Disconnecting from zion-mainframe:9092
31502587 [main] INFO kafka.producer.SyncProducer  - Connected to zion-mainframe:9092 for producing
32132610 [main] INFO kafka.client.ClientUtils$  - Fetching metadata from broker BrokerEndPoint(0,localhost,9092) with correlation id 2091 for 1 topic(s) Set(earth_to_curiosity_5)
32132611 [main] INFO kafka.producer.SyncProducer  - Connected to localhost:9092 for producing
32132612 [main] INFO kafka.producer.SyncProducer  - Disconnecting from localhost:9092
32132613 [main] INFO kafka.producer.SyncProducer  - Disconnecting from zion-mainframe:9092
32132614 [main] INFO kafka.producer.SyncProducer  - Connected to zion-mainframe:9092 for producing
