0 [main] INFO kafka.utils.VerifiableProperties  - Verifying properties
21 [main] INFO kafka.utils.VerifiableProperties  - Property auto.offset.reset is overridden to largest
22 [main] WARN kafka.utils.VerifiableProperties  - Property bootstrap.servers is not valid
22 [main] WARN kafka.utils.VerifiableProperties  - Property destination.topic is not valid
22 [main] INFO kafka.utils.VerifiableProperties  - Property group.id is overridden to space.exploration.mars.rover.curiosity.1512884073091
22 [main] WARN kafka.utils.VerifiableProperties  - Property key.serializer is not valid
22 [main] WARN kafka.utils.VerifiableProperties  - Property metadata.broker.list is not valid
22 [main] WARN kafka.utils.VerifiableProperties  - Property source.topic is not valid
22 [main] WARN kafka.utils.VerifiableProperties  - Property value.serializer is not valid
22 [main] INFO kafka.utils.VerifiableProperties  - Property zookeeper.connect is overridden to localhost:2181
60 [main] INFO kafka.consumer.ZookeeperConsumerConnector  - [space.exploration.mars.rover.curiosity.1512884073091_zion-mainframe-1512884073309-f5896430], Connecting to zookeeper instance at localhost:2181
65 [ZkClient-EventThread-14-localhost:2181] INFO org.I0Itec.zkclient.ZkEventThread  - Starting ZkClient event thread.
68 [main] INFO org.apache.zookeeper.ZooKeeper  - Client environment:zookeeper.version=3.4.6-1569965, built on 02/20/2014 09:09 GMT
68 [main] INFO org.apache.zookeeper.ZooKeeper  - Client environment:host.name=zion-mainframe
68 [main] INFO org.apache.zookeeper.ZooKeeper  - Client environment:java.version=1.8.0_151
68 [main] INFO org.apache.zookeeper.ZooKeeper  - Client environment:java.vendor=Oracle Corporation
68 [main] INFO org.apache.zookeeper.ZooKeeper  - Client environment:java.home=/usr/lib/jvm/java-8-openjdk-amd64/jre
68 [main] INFO org.apache.zookeeper.ZooKeeper  - Client environment:java.class.path=target/mission.control-1.1.1-shaded.jar
68 [main] INFO org.apache.zookeeper.ZooKeeper  - Client environment:java.library.path=$LD_LIBRARY_PATH:"/home/sanket/Documents/workspace/SpiceUtilities/src/main/resources/JNISpice/lib/libJNISpice.so":/home/sanket/Documents/workspace/SpiceUtilities/src/main/resources/JNISpice/lib/libJNISpice.so:/usr/java/packages/lib/amd64:/usr/lib/x86_64-linux-gnu/jni:/lib/x86_64-linux-gnu:/usr/lib/x86_64-linux-gnu:/usr/lib/jni:/lib:/usr/lib
68 [main] INFO org.apache.zookeeper.ZooKeeper  - Client environment:java.io.tmpdir=/tmp
68 [main] INFO org.apache.zookeeper.ZooKeeper  - Client environment:java.compiler=<NA>
68 [main] INFO org.apache.zookeeper.ZooKeeper  - Client environment:os.name=Linux
68 [main] INFO org.apache.zookeeper.ZooKeeper  - Client environment:os.arch=amd64
68 [main] INFO org.apache.zookeeper.ZooKeeper  - Client environment:os.version=4.10.0-42-generic
68 [main] INFO org.apache.zookeeper.ZooKeeper  - Client environment:user.name=sanket
68 [main] INFO org.apache.zookeeper.ZooKeeper  - Client environment:user.home=/home/sanket
68 [main] INFO org.apache.zookeeper.ZooKeeper  - Client environment:user.dir=/home/sanket/Documents/workspace/Mission.Control
69 [main] INFO org.apache.zookeeper.ZooKeeper  - Initiating client connection, connectString=localhost:2181 sessionTimeout=6000 watcher=org.I0Itec.zkclient.ZkClient@2d127a61
79 [main] INFO org.I0Itec.zkclient.ZkClient  - Waiting for keeper state SyncConnected
81 [main-SendThread(localhost:2181)] INFO org.apache.zookeeper.ClientCnxn  - Opening socket connection to server localhost/127.0.0.1:2181. Will not attempt to authenticate using SASL (unknown error)
121 [main-SendThread(localhost:2181)] INFO org.apache.zookeeper.ClientCnxn  - Socket connection established to localhost/127.0.0.1:2181, initiating session
126 [main-SendThread(localhost:2181)] INFO org.apache.zookeeper.ClientCnxn  - Session establishment complete on server localhost/127.0.0.1:2181, sessionid = 0x1603ebdaa180008, negotiated timeout = 6000
126 [main-EventThread] INFO org.I0Itec.zkclient.ZkClient  - zookeeper state changed (SyncConnected)
133 [main] INFO kafka.consumer.ZookeeperConsumerConnector  - [space.exploration.mars.rover.curiosity.1512884073091_zion-mainframe-1512884073309-f5896430], starting auto committer every 60000 ms
150 [Thread-0] INFO kafka.consumer.ZookeeperConsumerConnector  - [space.exploration.mars.rover.curiosity.1512884073091_zion-mainframe-1512884073309-f5896430], begin registering consumer space.exploration.mars.rover.curiosity.1512884073091_zion-mainframe-1512884073309-f5896430 in ZK
165 [Thread-0] INFO kafka.utils.ZKCheckedEphemeral  - Creating /consumers/space.exploration.mars.rover.curiosity.1512884073091/ids/space.exploration.mars.rover.curiosity.1512884073091_zion-mainframe-1512884073309-f5896430 (is it secure? false)
174 [Thread-0] INFO kafka.utils.ZKCheckedEphemeral  - Result of znode creation is: OK
174 [Thread-0] INFO kafka.consumer.ZookeeperConsumerConnector  - [space.exploration.mars.rover.curiosity.1512884073091_zion-mainframe-1512884073309-f5896430], end registering consumer space.exploration.mars.rover.curiosity.1512884073091_zion-mainframe-1512884073309-f5896430 in ZK
176 [space.exploration.mars.rover.curiosity.1512884073091_zion-mainframe-1512884073309-f5896430_watcher_executor] INFO kafka.consumer.ZookeeperConsumerConnector  - [space.exploration.mars.rover.curiosity.1512884073091_zion-mainframe-1512884073309-f5896430], starting watcher executor thread for consumer space.exploration.mars.rover.curiosity.1512884073091_zion-mainframe-1512884073309-f5896430
188 [Thread-0] INFO kafka.consumer.ZookeeperConsumerConnector  - [space.exploration.mars.rover.curiosity.1512884073091_zion-mainframe-1512884073309-f5896430], begin rebalancing consumer space.exploration.mars.rover.curiosity.1512884073091_zion-mainframe-1512884073309-f5896430 try #0
266 [Thread-0] INFO kafka.consumer.ConsumerFetcherManager  - [ConsumerFetcherManager-1512884073381] Stopping leader finder thread
267 [Thread-0] INFO kafka.consumer.ConsumerFetcherManager  - [ConsumerFetcherManager-1512884073381] Stopping all fetchers
267 [Thread-0] INFO kafka.consumer.ConsumerFetcherManager  - [ConsumerFetcherManager-1512884073381] All connections stopped
268 [Thread-0] INFO kafka.consumer.ZookeeperConsumerConnector  - [space.exploration.mars.rover.curiosity.1512884073091_zion-mainframe-1512884073309-f5896430], Cleared all relevant queues for this fetcher
269 [Thread-0] INFO kafka.consumer.ZookeeperConsumerConnector  - [space.exploration.mars.rover.curiosity.1512884073091_zion-mainframe-1512884073309-f5896430], Cleared the data chunks in all the consumer message iterators
269 [Thread-0] INFO kafka.consumer.ZookeeperConsumerConnector  - [space.exploration.mars.rover.curiosity.1512884073091_zion-mainframe-1512884073309-f5896430], Committing all offsets after clearing the fetcher queues
270 [Thread-0] INFO kafka.consumer.ZookeeperConsumerConnector  - [space.exploration.mars.rover.curiosity.1512884073091_zion-mainframe-1512884073309-f5896430], Releasing partition ownership
292 [Thread-0] INFO kafka.consumer.RangeAssignor  - Consumer space.exploration.mars.rover.curiosity.1512884073091_zion-mainframe-1512884073309-f5896430 rebalancing the following partitions: ArrayBuffer(0) for topic curiosity_to_earth_5 with consumers: List(space.exploration.mars.rover.curiosity.1512884073091_zion-mainframe-1512884073309-f5896430-0)
293 [Thread-0] INFO kafka.consumer.RangeAssignor  - space.exploration.mars.rover.curiosity.1512884073091_zion-mainframe-1512884073309-f5896430-0 attempting to claim partition 0
318 [Thread-0] INFO kafka.consumer.ZookeeperConsumerConnector  - [space.exploration.mars.rover.curiosity.1512884073091_zion-mainframe-1512884073309-f5896430], space.exploration.mars.rover.curiosity.1512884073091_zion-mainframe-1512884073309-f5896430-0 successfully owned partition 0 for topic curiosity_to_earth_5
334 [Thread-0] INFO kafka.consumer.ZookeeperConsumerConnector  - [space.exploration.mars.rover.curiosity.1512884073091_zion-mainframe-1512884073309-f5896430], Consumer space.exploration.mars.rover.curiosity.1512884073091_zion-mainframe-1512884073309-f5896430 selected partitions : curiosity_to_earth_5:0: fetched offset = -1: consumed offset = -1
337 [space.exploration.mars.rover.curiosity.1512884073091_zion-mainframe-1512884073309-f5896430-leader-finder-thread] INFO kafka.consumer.ConsumerFetcherManager$LeaderFinderThread  - [space.exploration.mars.rover.curiosity.1512884073091_zion-mainframe-1512884073309-f5896430-leader-finder-thread], Starting 
339 [Thread-0] INFO kafka.consumer.ZookeeperConsumerConnector  - [space.exploration.mars.rover.curiosity.1512884073091_zion-mainframe-1512884073309-f5896430], end rebalancing consumer space.exploration.mars.rover.curiosity.1512884073091_zion-mainframe-1512884073309-f5896430 try #0
352 [space.exploration.mars.rover.curiosity.1512884073091_zion-mainframe-1512884073309-f5896430-leader-finder-thread] INFO kafka.utils.VerifiableProperties  - Verifying properties
353 [space.exploration.mars.rover.curiosity.1512884073091_zion-mainframe-1512884073309-f5896430-leader-finder-thread] INFO kafka.utils.VerifiableProperties  - Property client.id is overridden to space.exploration.mars.rover.curiosity.1512884073091
353 [space.exploration.mars.rover.curiosity.1512884073091_zion-mainframe-1512884073309-f5896430-leader-finder-thread] INFO kafka.utils.VerifiableProperties  - Property metadata.broker.list is overridden to zion-mainframe:9092
353 [space.exploration.mars.rover.curiosity.1512884073091_zion-mainframe-1512884073309-f5896430-leader-finder-thread] INFO kafka.utils.VerifiableProperties  - Property request.timeout.ms is overridden to 30000
376 [space.exploration.mars.rover.curiosity.1512884073091_zion-mainframe-1512884073309-f5896430-leader-finder-thread] INFO kafka.client.ClientUtils$  - Fetching metadata from broker BrokerEndPoint(0,zion-mainframe,9092) with correlation id 0 for 1 topic(s) Set(curiosity_to_earth_5)
380 [space.exploration.mars.rover.curiosity.1512884073091_zion-mainframe-1512884073309-f5896430-leader-finder-thread] INFO kafka.producer.SyncProducer  - Connected to zion-mainframe:9092 for producing
396 [space.exploration.mars.rover.curiosity.1512884073091_zion-mainframe-1512884073309-f5896430-leader-finder-thread] INFO kafka.producer.SyncProducer  - Disconnecting from zion-mainframe:9092
415 [ConsumerFetcherThread-space.exploration.mars.rover.curiosity.1512884073091_zion-mainframe-1512884073309-f5896430-0-0] INFO kafka.consumer.ConsumerFetcherThread  - [ConsumerFetcherThread-space.exploration.mars.rover.curiosity.1512884073091_zion-mainframe-1512884073309-f5896430-0-0], Starting 
425 [space.exploration.mars.rover.curiosity.1512884073091_zion-mainframe-1512884073309-f5896430-leader-finder-thread] INFO kafka.consumer.ConsumerFetcherManager  - [ConsumerFetcherManager-1512884073381] Added fetcher for partitions ArrayBuffer([[curiosity_to_earth_5,0], initOffset -1 to broker BrokerEndPoint(0,zion-mainframe,9092)] )
64027 [Thread-0] INFO naasa.gov.mission.control.Receiver  - Message received from 
48431302 [main-SendThread(localhost:2181)] INFO org.apache.zookeeper.ClientCnxn  - Client session timed out, have not heard from server in 48159027ms for sessionid 0x1603ebdaa180008, closing socket connection and attempting reconnect
48431403 [main-EventThread] INFO org.I0Itec.zkclient.ZkClient  - zookeeper state changed (Disconnected)
48433054 [main-SendThread(localhost:2181)] INFO org.apache.zookeeper.ClientCnxn  - Opening socket connection to server localhost/127.0.0.1:2181. Will not attempt to authenticate using SASL (unknown error)
48433054 [main-SendThread(localhost:2181)] INFO org.apache.zookeeper.ClientCnxn  - Socket connection established to localhost/127.0.0.1:2181, initiating session
48433056 [main-SendThread(localhost:2181)] INFO org.apache.zookeeper.ClientCnxn  - Unable to reconnect to ZooKeeper service, session 0x1603ebdaa180008 has expired, closing socket connection
48433056 [main-EventThread] INFO org.I0Itec.zkclient.ZkClient  - zookeeper state changed (Expired)
48433056 [main-EventThread] INFO org.apache.zookeeper.ZooKeeper  - Initiating client connection, connectString=localhost:2181 sessionTimeout=6000 watcher=org.I0Itec.zkclient.ZkClient@2d127a61
48433057 [ZkClient-EventThread-14-localhost:2181] INFO kafka.consumer.ZookeeperConsumerConnector  - [space.exploration.mars.rover.curiosity.1512884073091_zion-mainframe-1512884073309-f5896430], ZK expired; release old broker parition ownership; re-register consumer space.exploration.mars.rover.curiosity.1512884073091_zion-mainframe-1512884073309-f5896430
48433057 [ZkClient-EventThread-14-localhost:2181] INFO kafka.consumer.ZookeeperConsumerConnector  - [space.exploration.mars.rover.curiosity.1512884073091_zion-mainframe-1512884073309-f5896430], begin registering consumer space.exploration.mars.rover.curiosity.1512884073091_zion-mainframe-1512884073309-f5896430 in ZK
48433057 [ZkClient-EventThread-14-localhost:2181] INFO kafka.utils.ZKCheckedEphemeral  - Creating /consumers/space.exploration.mars.rover.curiosity.1512884073091/ids/space.exploration.mars.rover.curiosity.1512884073091_zion-mainframe-1512884073309-f5896430 (is it secure? false)
48433057 [main-SendThread(localhost:2181)] INFO org.apache.zookeeper.ClientCnxn  - Opening socket connection to server localhost/127.0.0.1:2181. Will not attempt to authenticate using SASL (unknown error)
48433058 [main-EventThread] INFO org.apache.zookeeper.ClientCnxn  - EventThread shut down
48433058 [main-SendThread(localhost:2181)] INFO org.apache.zookeeper.ClientCnxn  - Socket connection established to localhost/127.0.0.1:2181, initiating session
48433060 [main-SendThread(localhost:2181)] INFO org.apache.zookeeper.ClientCnxn  - Session establishment complete on server localhost/127.0.0.1:2181, sessionid = 0x1603ebdaa18000a, negotiated timeout = 6000
48433060 [main-EventThread] INFO org.I0Itec.zkclient.ZkClient  - zookeeper state changed (SyncConnected)
48433064 [ZkClient-EventThread-14-localhost:2181] INFO kafka.utils.ZKCheckedEphemeral  - Result of znode creation is: OK
48433064 [ZkClient-EventThread-14-localhost:2181] INFO kafka.consumer.ZookeeperConsumerConnector  - [space.exploration.mars.rover.curiosity.1512884073091_zion-mainframe-1512884073309-f5896430], end registering consumer space.exploration.mars.rover.curiosity.1512884073091_zion-mainframe-1512884073309-f5896430 in ZK
48433064 [ZkClient-EventThread-14-localhost:2181] INFO kafka.consumer.ZookeeperConsumerConnector  - [space.exploration.mars.rover.curiosity.1512884073091_zion-mainframe-1512884073309-f5896430], begin rebalancing consumer space.exploration.mars.rover.curiosity.1512884073091_zion-mainframe-1512884073309-f5896430 try #0
48433089 [ZkClient-EventThread-14-localhost:2181] INFO kafka.consumer.ConsumerFetcherManager  - [ConsumerFetcherManager-1512884073381] Stopping leader finder thread
48433090 [ZkClient-EventThread-14-localhost:2181] INFO kafka.consumer.ConsumerFetcherManager$LeaderFinderThread  - [space.exploration.mars.rover.curiosity.1512884073091_zion-mainframe-1512884073309-f5896430-leader-finder-thread], Shutting down
48433090 [space.exploration.mars.rover.curiosity.1512884073091_zion-mainframe-1512884073309-f5896430-leader-finder-thread] INFO kafka.consumer.ConsumerFetcherManager$LeaderFinderThread  - [space.exploration.mars.rover.curiosity.1512884073091_zion-mainframe-1512884073309-f5896430-leader-finder-thread], Stopped 
48433093 [ZkClient-EventThread-14-localhost:2181] INFO kafka.consumer.ConsumerFetcherManager$LeaderFinderThread  - [space.exploration.mars.rover.curiosity.1512884073091_zion-mainframe-1512884073309-f5896430-leader-finder-thread], Shutdown completed
48433093 [ZkClient-EventThread-14-localhost:2181] INFO kafka.consumer.ConsumerFetcherManager  - [ConsumerFetcherManager-1512884073381] Stopping all fetchers
48433093 [ZkClient-EventThread-14-localhost:2181] INFO kafka.consumer.ConsumerFetcherThread  - [ConsumerFetcherThread-space.exploration.mars.rover.curiosity.1512884073091_zion-mainframe-1512884073309-f5896430-0-0], Shutting down
48433099 [ConsumerFetcherThread-space.exploration.mars.rover.curiosity.1512884073091_zion-mainframe-1512884073309-f5896430-0-0] INFO kafka.consumer.ConsumerFetcherThread  - [ConsumerFetcherThread-space.exploration.mars.rover.curiosity.1512884073091_zion-mainframe-1512884073309-f5896430-0-0], Stopped 
48433099 [ZkClient-EventThread-14-localhost:2181] INFO kafka.consumer.ConsumerFetcherThread  - [ConsumerFetcherThread-space.exploration.mars.rover.curiosity.1512884073091_zion-mainframe-1512884073309-f5896430-0-0], Shutdown completed
48433099 [ZkClient-EventThread-14-localhost:2181] INFO kafka.consumer.ConsumerFetcherManager  - [ConsumerFetcherManager-1512884073381] All connections stopped
48433099 [ZkClient-EventThread-14-localhost:2181] INFO kafka.consumer.ZookeeperConsumerConnector  - [space.exploration.mars.rover.curiosity.1512884073091_zion-mainframe-1512884073309-f5896430], Cleared all relevant queues for this fetcher
48433099 [ZkClient-EventThread-14-localhost:2181] INFO kafka.consumer.ZookeeperConsumerConnector  - [space.exploration.mars.rover.curiosity.1512884073091_zion-mainframe-1512884073309-f5896430], Cleared the data chunks in all the consumer message iterators
48433099 [ZkClient-EventThread-14-localhost:2181] INFO kafka.consumer.ZookeeperConsumerConnector  - [space.exploration.mars.rover.curiosity.1512884073091_zion-mainframe-1512884073309-f5896430], Committing all offsets after clearing the fetcher queues
48433099 [ZkClient-EventThread-14-localhost:2181] INFO kafka.consumer.ZookeeperConsumerConnector  - [space.exploration.mars.rover.curiosity.1512884073091_zion-mainframe-1512884073309-f5896430], Releasing partition ownership
48433114 [ZkClient-EventThread-14-localhost:2181] INFO kafka.consumer.RangeAssignor  - Consumer space.exploration.mars.rover.curiosity.1512884073091_zion-mainframe-1512884073309-f5896430 rebalancing the following partitions: ArrayBuffer(0) for topic curiosity_to_earth_5 with consumers: List(space.exploration.mars.rover.curiosity.1512884073091_zion-mainframe-1512884073309-f5896430-0)
48433115 [ZkClient-EventThread-14-localhost:2181] INFO kafka.consumer.RangeAssignor  - space.exploration.mars.rover.curiosity.1512884073091_zion-mainframe-1512884073309-f5896430-0 attempting to claim partition 0
48433123 [ZkClient-EventThread-14-localhost:2181] INFO kafka.consumer.ZookeeperConsumerConnector  - [space.exploration.mars.rover.curiosity.1512884073091_zion-mainframe-1512884073309-f5896430], space.exploration.mars.rover.curiosity.1512884073091_zion-mainframe-1512884073309-f5896430-0 successfully owned partition 0 for topic curiosity_to_earth_5
48433124 [ZkClient-EventThread-14-localhost:2181] INFO kafka.consumer.ZookeeperConsumerConnector  - [space.exploration.mars.rover.curiosity.1512884073091_zion-mainframe-1512884073309-f5896430], Consumer space.exploration.mars.rover.curiosity.1512884073091_zion-mainframe-1512884073309-f5896430 selected partitions : curiosity_to_earth_5:0: fetched offset = 13: consumed offset = 13
48433126 [ZkClient-EventThread-14-localhost:2181] INFO kafka.consumer.ZookeeperConsumerConnector  - [space.exploration.mars.rover.curiosity.1512884073091_zion-mainframe-1512884073309-f5896430], end rebalancing consumer space.exploration.mars.rover.curiosity.1512884073091_zion-mainframe-1512884073309-f5896430 try #0
48433127 [space.exploration.mars.rover.curiosity.1512884073091_zion-mainframe-1512884073309-f5896430-leader-finder-thread] INFO kafka.consumer.ConsumerFetcherManager$LeaderFinderThread  - [space.exploration.mars.rover.curiosity.1512884073091_zion-mainframe-1512884073309-f5896430-leader-finder-thread], Starting 
48433128 [space.exploration.mars.rover.curiosity.1512884073091_zion-mainframe-1512884073309-f5896430_watcher_executor] INFO kafka.consumer.ZookeeperConsumerConnector  - [space.exploration.mars.rover.curiosity.1512884073091_zion-mainframe-1512884073309-f5896430], begin rebalancing consumer space.exploration.mars.rover.curiosity.1512884073091_zion-mainframe-1512884073309-f5896430 try #0
48433145 [ZkClient-EventThread-14-localhost:2181] INFO kafka.consumer.ZookeeperConsumerConnector  - [space.exploration.mars.rover.curiosity.1512884073091_zion-mainframe-1512884073309-f5896430], Topic info for path /brokers/topics/curiosity_to_earth_5 changed to {"version":1,"partitions":{"0":[0]}}, triggering rebalance
48433146 [space.exploration.mars.rover.curiosity.1512884073091_zion-mainframe-1512884073309-f5896430_watcher_executor] INFO kafka.consumer.ConsumerFetcherManager  - [ConsumerFetcherManager-1512884073381] Stopping leader finder thread
48433146 [space.exploration.mars.rover.curiosity.1512884073091_zion-mainframe-1512884073309-f5896430_watcher_executor] INFO kafka.consumer.ConsumerFetcherManager$LeaderFinderThread  - [space.exploration.mars.rover.curiosity.1512884073091_zion-mainframe-1512884073309-f5896430-leader-finder-thread], Shutting down
48433148 [space.exploration.mars.rover.curiosity.1512884073091_zion-mainframe-1512884073309-f5896430-leader-finder-thread] INFO kafka.utils.VerifiableProperties  - Verifying properties
48433149 [space.exploration.mars.rover.curiosity.1512884073091_zion-mainframe-1512884073309-f5896430-leader-finder-thread] INFO kafka.utils.VerifiableProperties  - Property client.id is overridden to space.exploration.mars.rover.curiosity.1512884073091
48433149 [space.exploration.mars.rover.curiosity.1512884073091_zion-mainframe-1512884073309-f5896430-leader-finder-thread] INFO kafka.utils.VerifiableProperties  - Property metadata.broker.list is overridden to zion-mainframe:9092
48433149 [space.exploration.mars.rover.curiosity.1512884073091_zion-mainframe-1512884073309-f5896430-leader-finder-thread] INFO kafka.utils.VerifiableProperties  - Property request.timeout.ms is overridden to 30000
48433149 [space.exploration.mars.rover.curiosity.1512884073091_zion-mainframe-1512884073309-f5896430-leader-finder-thread] INFO kafka.client.ClientUtils$  - Fetching metadata from broker BrokerEndPoint(0,zion-mainframe,9092) with correlation id 1 for 1 topic(s) Set(curiosity_to_earth_5)
48433157 [space.exploration.mars.rover.curiosity.1512884073091_zion-mainframe-1512884073309-f5896430-leader-finder-thread] INFO kafka.producer.SyncProducer  - Connected to zion-mainframe:9092 for producing
48433157 [space.exploration.mars.rover.curiosity.1512884073091_zion-mainframe-1512884073309-f5896430-leader-finder-thread] INFO kafka.producer.SyncProducer  - Disconnecting from zion-mainframe:9092
48433162 [space.exploration.mars.rover.curiosity.1512884073091_zion-mainframe-1512884073309-f5896430-leader-finder-thread] WARN kafka.client.ClientUtils$  - Fetching topic metadata with correlation id 1 for topics [Set(curiosity_to_earth_5)] from broker [BrokerEndPoint(0,zion-mainframe,9092)] failed
java.nio.channels.ClosedChannelException
	at kafka.network.BlockingChannel.send(BlockingChannel.scala:110)
	at kafka.producer.SyncProducer.liftedTree1$1(SyncProducer.scala:75)
	at kafka.producer.SyncProducer.kafka$producer$SyncProducer$$doSend(SyncProducer.scala:74)
	at kafka.producer.SyncProducer.send(SyncProducer.scala:119)
	at kafka.client.ClientUtils$.fetchTopicMetadata(ClientUtils.scala:59)
	at kafka.client.ClientUtils$.fetchTopicMetadata(ClientUtils.scala:94)
	at kafka.consumer.ConsumerFetcherManager$LeaderFinderThread.doWork(ConsumerFetcherManager.scala:66)
	at kafka.utils.ShutdownableThread.run(ShutdownableThread.scala:63)
48433163 [space.exploration.mars.rover.curiosity.1512884073091_zion-mainframe-1512884073309-f5896430-leader-finder-thread] INFO kafka.producer.SyncProducer  - Disconnecting from zion-mainframe:9092
48433166 [space.exploration.mars.rover.curiosity.1512884073091_zion-mainframe-1512884073309-f5896430_watcher_executor] INFO kafka.consumer.ConsumerFetcherManager$LeaderFinderThread  - [space.exploration.mars.rover.curiosity.1512884073091_zion-mainframe-1512884073309-f5896430-leader-finder-thread], Shutdown completed
48433166 [space.exploration.mars.rover.curiosity.1512884073091_zion-mainframe-1512884073309-f5896430_watcher_executor] INFO kafka.consumer.ConsumerFetcherManager  - [ConsumerFetcherManager-1512884073381] Stopping all fetchers
48433166 [space.exploration.mars.rover.curiosity.1512884073091_zion-mainframe-1512884073309-f5896430_watcher_executor] INFO kafka.consumer.ConsumerFetcherManager  - [ConsumerFetcherManager-1512884073381] All connections stopped
48433166 [space.exploration.mars.rover.curiosity.1512884073091_zion-mainframe-1512884073309-f5896430_watcher_executor] INFO kafka.consumer.ZookeeperConsumerConnector  - [space.exploration.mars.rover.curiosity.1512884073091_zion-mainframe-1512884073309-f5896430], Cleared all relevant queues for this fetcher
48433166 [space.exploration.mars.rover.curiosity.1512884073091_zion-mainframe-1512884073309-f5896430_watcher_executor] INFO kafka.consumer.ZookeeperConsumerConnector  - [space.exploration.mars.rover.curiosity.1512884073091_zion-mainframe-1512884073309-f5896430], Cleared the data chunks in all the consumer message iterators
48433166 [space.exploration.mars.rover.curiosity.1512884073091_zion-mainframe-1512884073309-f5896430_watcher_executor] INFO kafka.consumer.ZookeeperConsumerConnector  - [space.exploration.mars.rover.curiosity.1512884073091_zion-mainframe-1512884073309-f5896430], Committing all offsets after clearing the fetcher queues
48433166 [space.exploration.mars.rover.curiosity.1512884073091_zion-mainframe-1512884073309-f5896430_watcher_executor] INFO kafka.consumer.ZookeeperConsumerConnector  - [space.exploration.mars.rover.curiosity.1512884073091_zion-mainframe-1512884073309-f5896430], Releasing partition ownership
48433169 [space.exploration.mars.rover.curiosity.1512884073091_zion-mainframe-1512884073309-f5896430-leader-finder-thread] INFO kafka.consumer.ConsumerFetcherManager$LeaderFinderThread  - [space.exploration.mars.rover.curiosity.1512884073091_zion-mainframe-1512884073309-f5896430-leader-finder-thread], Stopped 
48433187 [space.exploration.mars.rover.curiosity.1512884073091_zion-mainframe-1512884073309-f5896430_watcher_executor] INFO kafka.consumer.RangeAssignor  - Consumer space.exploration.mars.rover.curiosity.1512884073091_zion-mainframe-1512884073309-f5896430 rebalancing the following partitions: ArrayBuffer(0) for topic curiosity_to_earth_5 with consumers: List(space.exploration.mars.rover.curiosity.1512884073091_zion-mainframe-1512884073309-f5896430-0)
48433187 [space.exploration.mars.rover.curiosity.1512884073091_zion-mainframe-1512884073309-f5896430_watcher_executor] INFO kafka.consumer.RangeAssignor  - space.exploration.mars.rover.curiosity.1512884073091_zion-mainframe-1512884073309-f5896430-0 attempting to claim partition 0
48433192 [space.exploration.mars.rover.curiosity.1512884073091_zion-mainframe-1512884073309-f5896430_watcher_executor] INFO kafka.consumer.ZookeeperConsumerConnector  - [space.exploration.mars.rover.curiosity.1512884073091_zion-mainframe-1512884073309-f5896430], space.exploration.mars.rover.curiosity.1512884073091_zion-mainframe-1512884073309-f5896430-0 successfully owned partition 0 for topic curiosity_to_earth_5
48433192 [space.exploration.mars.rover.curiosity.1512884073091_zion-mainframe-1512884073309-f5896430_watcher_executor] INFO kafka.consumer.ZookeeperConsumerConnector  - [space.exploration.mars.rover.curiosity.1512884073091_zion-mainframe-1512884073309-f5896430], Consumer space.exploration.mars.rover.curiosity.1512884073091_zion-mainframe-1512884073309-f5896430 selected partitions : curiosity_to_earth_5:0: fetched offset = 13: consumed offset = 13
48433201 [space.exploration.mars.rover.curiosity.1512884073091_zion-mainframe-1512884073309-f5896430_watcher_executor] INFO kafka.consumer.ZookeeperConsumerConnector  - [space.exploration.mars.rover.curiosity.1512884073091_zion-mainframe-1512884073309-f5896430], end rebalancing consumer space.exploration.mars.rover.curiosity.1512884073091_zion-mainframe-1512884073309-f5896430 try #0
48433201 [space.exploration.mars.rover.curiosity.1512884073091_zion-mainframe-1512884073309-f5896430_watcher_executor] INFO kafka.consumer.ZookeeperConsumerConnector  - [space.exploration.mars.rover.curiosity.1512884073091_zion-mainframe-1512884073309-f5896430], begin rebalancing consumer space.exploration.mars.rover.curiosity.1512884073091_zion-mainframe-1512884073309-f5896430 try #0
48433215 [space.exploration.mars.rover.curiosity.1512884073091_zion-mainframe-1512884073309-f5896430-leader-finder-thread] INFO kafka.consumer.ConsumerFetcherManager$LeaderFinderThread  - [space.exploration.mars.rover.curiosity.1512884073091_zion-mainframe-1512884073309-f5896430-leader-finder-thread], Starting 
48433230 [space.exploration.mars.rover.curiosity.1512884073091_zion-mainframe-1512884073309-f5896430-leader-finder-thread] INFO kafka.utils.VerifiableProperties  - Verifying properties
48433230 [space.exploration.mars.rover.curiosity.1512884073091_zion-mainframe-1512884073309-f5896430-leader-finder-thread] INFO kafka.utils.VerifiableProperties  - Property client.id is overridden to space.exploration.mars.rover.curiosity.1512884073091
48433230 [space.exploration.mars.rover.curiosity.1512884073091_zion-mainframe-1512884073309-f5896430-leader-finder-thread] INFO kafka.utils.VerifiableProperties  - Property metadata.broker.list is overridden to zion-mainframe:9092
48433230 [space.exploration.mars.rover.curiosity.1512884073091_zion-mainframe-1512884073309-f5896430-leader-finder-thread] INFO kafka.utils.VerifiableProperties  - Property request.timeout.ms is overridden to 30000
48433231 [space.exploration.mars.rover.curiosity.1512884073091_zion-mainframe-1512884073309-f5896430-leader-finder-thread] INFO kafka.client.ClientUtils$  - Fetching metadata from broker BrokerEndPoint(0,zion-mainframe,9092) with correlation id 2 for 1 topic(s) Set(curiosity_to_earth_5)
48433231 [space.exploration.mars.rover.curiosity.1512884073091_zion-mainframe-1512884073309-f5896430-leader-finder-thread] INFO kafka.producer.SyncProducer  - Connected to zion-mainframe:9092 for producing
48433232 [space.exploration.mars.rover.curiosity.1512884073091_zion-mainframe-1512884073309-f5896430-leader-finder-thread] INFO kafka.producer.SyncProducer  - Disconnecting from zion-mainframe:9092
48433234 [space.exploration.mars.rover.curiosity.1512884073091_zion-mainframe-1512884073309-f5896430-leader-finder-thread] INFO kafka.consumer.ConsumerFetcherManager  - [ConsumerFetcherManager-1512884073381] Added fetcher for partitions ArrayBuffer([[curiosity_to_earth_5,0], initOffset 13 to broker BrokerEndPoint(0,zion-mainframe,9092)] )
48433234 [ConsumerFetcherThread-space.exploration.mars.rover.curiosity.1512884073091_zion-mainframe-1512884073309-f5896430-0-0] INFO kafka.consumer.ConsumerFetcherThread  - [ConsumerFetcherThread-space.exploration.mars.rover.curiosity.1512884073091_zion-mainframe-1512884073309-f5896430-0-0], Starting 
48433238 [space.exploration.mars.rover.curiosity.1512884073091_zion-mainframe-1512884073309-f5896430_watcher_executor] INFO kafka.consumer.ConsumerFetcherManager  - [ConsumerFetcherManager-1512884073381] Stopping leader finder thread
48433238 [space.exploration.mars.rover.curiosity.1512884073091_zion-mainframe-1512884073309-f5896430_watcher_executor] INFO kafka.consumer.ConsumerFetcherManager$LeaderFinderThread  - [space.exploration.mars.rover.curiosity.1512884073091_zion-mainframe-1512884073309-f5896430-leader-finder-thread], Shutting down
48433238 [space.exploration.mars.rover.curiosity.1512884073091_zion-mainframe-1512884073309-f5896430-leader-finder-thread] INFO kafka.consumer.ConsumerFetcherManager$LeaderFinderThread  - [space.exploration.mars.rover.curiosity.1512884073091_zion-mainframe-1512884073309-f5896430-leader-finder-thread], Stopped 
48433238 [space.exploration.mars.rover.curiosity.1512884073091_zion-mainframe-1512884073309-f5896430_watcher_executor] INFO kafka.consumer.ConsumerFetcherManager$LeaderFinderThread  - [space.exploration.mars.rover.curiosity.1512884073091_zion-mainframe-1512884073309-f5896430-leader-finder-thread], Shutdown completed
48433238 [space.exploration.mars.rover.curiosity.1512884073091_zion-mainframe-1512884073309-f5896430_watcher_executor] INFO kafka.consumer.ConsumerFetcherManager  - [ConsumerFetcherManager-1512884073381] Stopping all fetchers
48433238 [space.exploration.mars.rover.curiosity.1512884073091_zion-mainframe-1512884073309-f5896430_watcher_executor] INFO kafka.consumer.ConsumerFetcherThread  - [ConsumerFetcherThread-space.exploration.mars.rover.curiosity.1512884073091_zion-mainframe-1512884073309-f5896430-0-0], Shutting down
48433241 [ConsumerFetcherThread-space.exploration.mars.rover.curiosity.1512884073091_zion-mainframe-1512884073309-f5896430-0-0] INFO kafka.consumer.ConsumerFetcherThread  - [ConsumerFetcherThread-space.exploration.mars.rover.curiosity.1512884073091_zion-mainframe-1512884073309-f5896430-0-0], Stopped 
48433241 [space.exploration.mars.rover.curiosity.1512884073091_zion-mainframe-1512884073309-f5896430_watcher_executor] INFO kafka.consumer.ConsumerFetcherThread  - [ConsumerFetcherThread-space.exploration.mars.rover.curiosity.1512884073091_zion-mainframe-1512884073309-f5896430-0-0], Shutdown completed
48433241 [space.exploration.mars.rover.curiosity.1512884073091_zion-mainframe-1512884073309-f5896430_watcher_executor] INFO kafka.consumer.ConsumerFetcherManager  - [ConsumerFetcherManager-1512884073381] All connections stopped
48433241 [space.exploration.mars.rover.curiosity.1512884073091_zion-mainframe-1512884073309-f5896430_watcher_executor] INFO kafka.consumer.ZookeeperConsumerConnector  - [space.exploration.mars.rover.curiosity.1512884073091_zion-mainframe-1512884073309-f5896430], Cleared all relevant queues for this fetcher
48433241 [space.exploration.mars.rover.curiosity.1512884073091_zion-mainframe-1512884073309-f5896430_watcher_executor] INFO kafka.consumer.ZookeeperConsumerConnector  - [space.exploration.mars.rover.curiosity.1512884073091_zion-mainframe-1512884073309-f5896430], Cleared the data chunks in all the consumer message iterators
48433241 [space.exploration.mars.rover.curiosity.1512884073091_zion-mainframe-1512884073309-f5896430_watcher_executor] INFO kafka.consumer.ZookeeperConsumerConnector  - [space.exploration.mars.rover.curiosity.1512884073091_zion-mainframe-1512884073309-f5896430], Committing all offsets after clearing the fetcher queues
48433241 [space.exploration.mars.rover.curiosity.1512884073091_zion-mainframe-1512884073309-f5896430_watcher_executor] INFO kafka.consumer.ZookeeperConsumerConnector  - [space.exploration.mars.rover.curiosity.1512884073091_zion-mainframe-1512884073309-f5896430], Releasing partition ownership
48433256 [space.exploration.mars.rover.curiosity.1512884073091_zion-mainframe-1512884073309-f5896430_watcher_executor] INFO kafka.consumer.RangeAssignor  - Consumer space.exploration.mars.rover.curiosity.1512884073091_zion-mainframe-1512884073309-f5896430 rebalancing the following partitions: ArrayBuffer(0) for topic curiosity_to_earth_5 with consumers: List(space.exploration.mars.rover.curiosity.1512884073091_zion-mainframe-1512884073309-f5896430-0)
48433256 [space.exploration.mars.rover.curiosity.1512884073091_zion-mainframe-1512884073309-f5896430_watcher_executor] INFO kafka.consumer.RangeAssignor  - space.exploration.mars.rover.curiosity.1512884073091_zion-mainframe-1512884073309-f5896430-0 attempting to claim partition 0
48433259 [space.exploration.mars.rover.curiosity.1512884073091_zion-mainframe-1512884073309-f5896430_watcher_executor] INFO kafka.consumer.ZookeeperConsumerConnector  - [space.exploration.mars.rover.curiosity.1512884073091_zion-mainframe-1512884073309-f5896430], space.exploration.mars.rover.curiosity.1512884073091_zion-mainframe-1512884073309-f5896430-0 successfully owned partition 0 for topic curiosity_to_earth_5
48433260 [space.exploration.mars.rover.curiosity.1512884073091_zion-mainframe-1512884073309-f5896430_watcher_executor] INFO kafka.consumer.ZookeeperConsumerConnector  - [space.exploration.mars.rover.curiosity.1512884073091_zion-mainframe-1512884073309-f5896430], Consumer space.exploration.mars.rover.curiosity.1512884073091_zion-mainframe-1512884073309-f5896430 selected partitions : curiosity_to_earth_5:0: fetched offset = 13: consumed offset = 13
48433265 [space.exploration.mars.rover.curiosity.1512884073091_zion-mainframe-1512884073309-f5896430_watcher_executor] INFO kafka.consumer.ZookeeperConsumerConnector  - [space.exploration.mars.rover.curiosity.1512884073091_zion-mainframe-1512884073309-f5896430], end rebalancing consumer space.exploration.mars.rover.curiosity.1512884073091_zion-mainframe-1512884073309-f5896430 try #0
48433265 [space.exploration.mars.rover.curiosity.1512884073091_zion-mainframe-1512884073309-f5896430-leader-finder-thread] INFO kafka.consumer.ConsumerFetcherManager$LeaderFinderThread  - [space.exploration.mars.rover.curiosity.1512884073091_zion-mainframe-1512884073309-f5896430-leader-finder-thread], Starting 
48433269 [space.exploration.mars.rover.curiosity.1512884073091_zion-mainframe-1512884073309-f5896430-leader-finder-thread] INFO kafka.utils.VerifiableProperties  - Verifying properties
48433269 [space.exploration.mars.rover.curiosity.1512884073091_zion-mainframe-1512884073309-f5896430-leader-finder-thread] INFO kafka.utils.VerifiableProperties  - Property client.id is overridden to space.exploration.mars.rover.curiosity.1512884073091
48433269 [space.exploration.mars.rover.curiosity.1512884073091_zion-mainframe-1512884073309-f5896430-leader-finder-thread] INFO kafka.utils.VerifiableProperties  - Property metadata.broker.list is overridden to zion-mainframe:9092
48433269 [space.exploration.mars.rover.curiosity.1512884073091_zion-mainframe-1512884073309-f5896430-leader-finder-thread] INFO kafka.utils.VerifiableProperties  - Property request.timeout.ms is overridden to 30000
48433270 [space.exploration.mars.rover.curiosity.1512884073091_zion-mainframe-1512884073309-f5896430-leader-finder-thread] INFO kafka.client.ClientUtils$  - Fetching metadata from broker BrokerEndPoint(0,zion-mainframe,9092) with correlation id 3 for 1 topic(s) Set(curiosity_to_earth_5)
48433270 [space.exploration.mars.rover.curiosity.1512884073091_zion-mainframe-1512884073309-f5896430-leader-finder-thread] INFO kafka.producer.SyncProducer  - Connected to zion-mainframe:9092 for producing
48433271 [space.exploration.mars.rover.curiosity.1512884073091_zion-mainframe-1512884073309-f5896430-leader-finder-thread] INFO kafka.producer.SyncProducer  - Disconnecting from zion-mainframe:9092
48433281 [ConsumerFetcherThread-space.exploration.mars.rover.curiosity.1512884073091_zion-mainframe-1512884073309-f5896430-0-0] INFO kafka.consumer.ConsumerFetcherThread  - [ConsumerFetcherThread-space.exploration.mars.rover.curiosity.1512884073091_zion-mainframe-1512884073309-f5896430-0-0], Starting 
48433282 [space.exploration.mars.rover.curiosity.1512884073091_zion-mainframe-1512884073309-f5896430-leader-finder-thread] INFO kafka.consumer.ConsumerFetcherManager  - [ConsumerFetcherManager-1512884073381] Added fetcher for partitions ArrayBuffer([[curiosity_to_earth_5,0], initOffset 13 to broker BrokerEndPoint(0,zion-mainframe,9092)] )
