0 [main] INFO kafka.utils.VerifiableProperties  - Verifying properties
35 [main] WARN kafka.utils.VerifiableProperties  - Property auto.offset.reset is not valid
36 [main] WARN kafka.utils.VerifiableProperties  - Property bootstrap.servers is not valid
36 [main] WARN kafka.utils.VerifiableProperties  - Property destination.topic is not valid
36 [main] WARN kafka.utils.VerifiableProperties  - Property group.id is not valid
36 [main] WARN kafka.utils.VerifiableProperties  - Property key.serializer is not valid
37 [main] INFO kafka.utils.VerifiableProperties  - Property metadata.broker.list is overridden to localhost:9092
37 [main] WARN kafka.utils.VerifiableProperties  - Property source.topic is not valid
37 [main] WARN kafka.utils.VerifiableProperties  - Property value.serializer is not valid
37 [main] WARN kafka.utils.VerifiableProperties  - Property zookeeper.connect is not valid
321 [main] INFO kafka.client.ClientUtils$  - Fetching metadata from broker BrokerEndPoint(0,localhost,9092) with correlation id 0 for 1 topic(s) Set(earth_to_curiosity_6)
335 [main] INFO kafka.producer.SyncProducer  - Connected to localhost:9092 for producing
371 [main] INFO kafka.producer.SyncProducer  - Disconnecting from localhost:9092
388 [main] WARN kafka.producer.BrokerPartitionInfo  - Error while fetching metadata [{TopicMetadata for topic earth_to_curiosity_6 -> 
No partition metadata for topic earth_to_curiosity_6 due to kafka.common.LeaderNotAvailableException}] for topic [earth_to_curiosity_6]: class kafka.common.LeaderNotAvailableException 
392 [main] INFO kafka.client.ClientUtils$  - Fetching metadata from broker BrokerEndPoint(0,localhost,9092) with correlation id 1 for 1 topic(s) Set(earth_to_curiosity_6)
393 [main] INFO kafka.producer.SyncProducer  - Connected to localhost:9092 for producing
401 [main] INFO kafka.producer.SyncProducer  - Disconnecting from localhost:9092
446 [main] INFO kafka.producer.SyncProducer  - Connected to antares-mainframe:9092 for producing
606721 [main] INFO kafka.client.ClientUtils$  - Fetching metadata from broker BrokerEndPoint(0,localhost,9092) with correlation id 29 for 1 topic(s) Set(earth_to_curiosity_6)
606722 [main] INFO kafka.producer.SyncProducer  - Connected to localhost:9092 for producing
606723 [main] INFO kafka.producer.SyncProducer  - Disconnecting from localhost:9092
606724 [main] INFO kafka.producer.SyncProducer  - Disconnecting from antares-mainframe:9092
606725 [main] INFO kafka.producer.SyncProducer  - Connected to antares-mainframe:9092 for producing
1211442 [main] INFO kafka.client.ClientUtils$  - Fetching metadata from broker BrokerEndPoint(0,localhost,9092) with correlation id 56 for 1 topic(s) Set(earth_to_curiosity_6)
1211443 [main] INFO kafka.producer.SyncProducer  - Connected to localhost:9092 for producing
1211444 [main] INFO kafka.producer.SyncProducer  - Disconnecting from localhost:9092
1211444 [main] INFO kafka.producer.SyncProducer  - Disconnecting from antares-mainframe:9092
1211446 [main] INFO kafka.producer.SyncProducer  - Connected to antares-mainframe:9092 for producing
1817604 [main] INFO kafka.client.ClientUtils$  - Fetching metadata from broker BrokerEndPoint(0,localhost,9092) with correlation id 85 for 1 topic(s) Set(earth_to_curiosity_6)
1817604 [main] INFO kafka.producer.SyncProducer  - Connected to localhost:9092 for producing
1817606 [main] INFO kafka.producer.SyncProducer  - Disconnecting from localhost:9092
1817606 [main] INFO kafka.producer.SyncProducer  - Disconnecting from antares-mainframe:9092
1817608 [main] INFO kafka.producer.SyncProducer  - Connected to antares-mainframe:9092 for producing
2425273 [main] INFO kafka.client.ClientUtils$  - Fetching metadata from broker BrokerEndPoint(0,localhost,9092) with correlation id 116 for 1 topic(s) Set(earth_to_curiosity_6)
2425273 [main] INFO kafka.producer.SyncProducer  - Connected to localhost:9092 for producing
2425275 [main] INFO kafka.producer.SyncProducer  - Disconnecting from localhost:9092
2425275 [main] INFO kafka.producer.SyncProducer  - Disconnecting from antares-mainframe:9092
2425276 [main] INFO kafka.producer.SyncProducer  - Connected to antares-mainframe:9092 for producing
3029913 [main] INFO kafka.client.ClientUtils$  - Fetching metadata from broker BrokerEndPoint(0,localhost,9092) with correlation id 143 for 1 topic(s) Set(earth_to_curiosity_6)
3029913 [main] INFO kafka.producer.SyncProducer  - Connected to localhost:9092 for producing
3029915 [main] INFO kafka.producer.SyncProducer  - Disconnecting from localhost:9092
3029915 [main] INFO kafka.producer.SyncProducer  - Disconnecting from antares-mainframe:9092
3029916 [main] INFO kafka.producer.SyncProducer  - Connected to antares-mainframe:9092 for producing
3637563 [main] INFO kafka.client.ClientUtils$  - Fetching metadata from broker BrokerEndPoint(0,localhost,9092) with correlation id 174 for 1 topic(s) Set(earth_to_curiosity_6)
3637564 [main] INFO kafka.producer.SyncProducer  - Connected to localhost:9092 for producing
3637565 [main] INFO kafka.producer.SyncProducer  - Disconnecting from localhost:9092
3637565 [main] INFO kafka.producer.SyncProducer  - Disconnecting from antares-mainframe:9092
3637568 [main] INFO kafka.producer.SyncProducer  - Connected to antares-mainframe:9092 for producing
4242196 [main] INFO kafka.client.ClientUtils$  - Fetching metadata from broker BrokerEndPoint(0,localhost,9092) with correlation id 201 for 1 topic(s) Set(earth_to_curiosity_6)
4242196 [main] INFO kafka.producer.SyncProducer  - Connected to localhost:9092 for producing
4242198 [main] INFO kafka.producer.SyncProducer  - Disconnecting from localhost:9092
4242198 [main] INFO kafka.producer.SyncProducer  - Disconnecting from antares-mainframe:9092
4242199 [main] INFO kafka.producer.SyncProducer  - Connected to antares-mainframe:9092 for producing
4848331 [main] INFO kafka.client.ClientUtils$  - Fetching metadata from broker BrokerEndPoint(0,localhost,9092) with correlation id 230 for 1 topic(s) Set(earth_to_curiosity_6)
4848331 [main] INFO kafka.producer.SyncProducer  - Connected to localhost:9092 for producing
4848333 [main] INFO kafka.producer.SyncProducer  - Disconnecting from localhost:9092
4848333 [main] INFO kafka.producer.SyncProducer  - Disconnecting from antares-mainframe:9092
4848334 [main] INFO kafka.producer.SyncProducer  - Connected to antares-mainframe:9092 for producing
5454468 [main] INFO kafka.client.ClientUtils$  - Fetching metadata from broker BrokerEndPoint(0,localhost,9092) with correlation id 259 for 1 topic(s) Set(earth_to_curiosity_6)
5454469 [main] INFO kafka.producer.SyncProducer  - Connected to localhost:9092 for producing
5454470 [main] INFO kafka.producer.SyncProducer  - Disconnecting from localhost:9092
5454471 [main] INFO kafka.producer.SyncProducer  - Disconnecting from antares-mainframe:9092
5454472 [main] INFO kafka.producer.SyncProducer  - Connected to antares-mainframe:9092 for producing
6065123 [main] INFO kafka.client.ClientUtils$  - Fetching metadata from broker BrokerEndPoint(0,localhost,9092) with correlation id 294 for 1 topic(s) Set(earth_to_curiosity_6)
6065123 [main] INFO kafka.producer.SyncProducer  - Connected to localhost:9092 for producing
6065125 [main] INFO kafka.producer.SyncProducer  - Disconnecting from localhost:9092
6065125 [main] INFO kafka.producer.SyncProducer  - Disconnecting from antares-mainframe:9092
6065126 [main] INFO kafka.producer.SyncProducer  - Connected to antares-mainframe:9092 for producing
6671240 [main] INFO kafka.client.ClientUtils$  - Fetching metadata from broker BrokerEndPoint(0,localhost,9092) with correlation id 323 for 1 topic(s) Set(earth_to_curiosity_6)
6671241 [main] INFO kafka.producer.SyncProducer  - Connected to localhost:9092 for producing
6671242 [main] INFO kafka.producer.SyncProducer  - Disconnecting from localhost:9092
6671242 [main] INFO kafka.producer.SyncProducer  - Disconnecting from antares-mainframe:9092
6671242 [main] INFO kafka.producer.SyncProducer  - Connected to antares-mainframe:9092 for producing
7278863 [main] INFO kafka.client.ClientUtils$  - Fetching metadata from broker BrokerEndPoint(0,localhost,9092) with correlation id 354 for 1 topic(s) Set(earth_to_curiosity_6)
7278864 [main] INFO kafka.producer.SyncProducer  - Connected to localhost:9092 for producing
7278865 [main] INFO kafka.producer.SyncProducer  - Disconnecting from localhost:9092
7278865 [main] INFO kafka.producer.SyncProducer  - Disconnecting from antares-mainframe:9092
7278867 [main] INFO kafka.producer.SyncProducer  - Connected to antares-mainframe:9092 for producing
