0 [main] INFO kafka.utils.VerifiableProperties  - Verifying properties
28 [main] WARN kafka.utils.VerifiableProperties  - Property auto.offset.reset is not valid
28 [main] WARN kafka.utils.VerifiableProperties  - Property bootstrap.servers is not valid
28 [main] WARN kafka.utils.VerifiableProperties  - Property destination.topic is not valid
28 [main] WARN kafka.utils.VerifiableProperties  - Property group.id is not valid
28 [main] WARN kafka.utils.VerifiableProperties  - Property key.serializer is not valid
29 [main] INFO kafka.utils.VerifiableProperties  - Property metadata.broker.list is overridden to localhost:9092
29 [main] WARN kafka.utils.VerifiableProperties  - Property source.topic is not valid
29 [main] WARN kafka.utils.VerifiableProperties  - Property value.serializer is not valid
29 [main] WARN kafka.utils.VerifiableProperties  - Property zookeeper.connect is not valid
150 [main] INFO kafka.client.ClientUtils$  - Fetching metadata from broker BrokerEndPoint(0,localhost,9092) with correlation id 0 for 1 topic(s) Set(earth_to_curiosity_5)
222 [main] INFO kafka.producer.SyncProducer  - Connected to localhost:9092 for producing
232 [main] INFO kafka.producer.SyncProducer  - Disconnecting from localhost:9092
262 [main] INFO kafka.producer.SyncProducer  - Connected to zion-mainframe:9092 for producing
615346 [main] INFO kafka.client.ClientUtils$  - Fetching metadata from broker BrokerEndPoint(0,localhost,9092) with correlation id 21 for 1 topic(s) Set(earth_to_curiosity_5)
615347 [main] INFO kafka.producer.SyncProducer  - Connected to localhost:9092 for producing
615350 [main] INFO kafka.producer.SyncProducer  - Disconnecting from localhost:9092
615352 [main] INFO kafka.producer.SyncProducer  - Disconnecting from zion-mainframe:9092
615360 [main] INFO kafka.producer.SyncProducer  - Connected to zion-mainframe:9092 for producing
1230411 [main] INFO kafka.client.ClientUtils$  - Fetching metadata from broker BrokerEndPoint(0,localhost,9092) with correlation id 42 for 1 topic(s) Set(earth_to_curiosity_5)
1230412 [main] INFO kafka.producer.SyncProducer  - Connected to localhost:9092 for producing
1230413 [main] INFO kafka.producer.SyncProducer  - Disconnecting from localhost:9092
1230414 [main] INFO kafka.producer.SyncProducer  - Disconnecting from zion-mainframe:9092
1230418 [main] INFO kafka.producer.SyncProducer  - Connected to zion-mainframe:9092 for producing
1845465 [main] INFO kafka.client.ClientUtils$  - Fetching metadata from broker BrokerEndPoint(0,localhost,9092) with correlation id 63 for 1 topic(s) Set(earth_to_curiosity_5)
1845467 [main] INFO kafka.producer.SyncProducer  - Connected to localhost:9092 for producing
1845469 [main] INFO kafka.producer.SyncProducer  - Disconnecting from localhost:9092
1845470 [main] INFO kafka.producer.SyncProducer  - Disconnecting from zion-mainframe:9092
1845474 [main] INFO kafka.producer.SyncProducer  - Connected to zion-mainframe:9092 for producing
2460516 [main] INFO kafka.client.ClientUtils$  - Fetching metadata from broker BrokerEndPoint(0,localhost,9092) with correlation id 84 for 1 topic(s) Set(earth_to_curiosity_5)
2460516 [main] INFO kafka.producer.SyncProducer  - Connected to localhost:9092 for producing
2460518 [main] INFO kafka.producer.SyncProducer  - Disconnecting from localhost:9092
2460518 [main] INFO kafka.producer.SyncProducer  - Disconnecting from zion-mainframe:9092
2460520 [main] INFO kafka.producer.SyncProducer  - Connected to zion-mainframe:9092 for producing
3075561 [main] INFO kafka.client.ClientUtils$  - Fetching metadata from broker BrokerEndPoint(0,localhost,9092) with correlation id 105 for 1 topic(s) Set(earth_to_curiosity_5)
3075562 [main] INFO kafka.producer.SyncProducer  - Connected to localhost:9092 for producing
3075565 [main] INFO kafka.producer.SyncProducer  - Disconnecting from localhost:9092
3075566 [main] INFO kafka.producer.SyncProducer  - Disconnecting from zion-mainframe:9092
3075569 [main] INFO kafka.producer.SyncProducer  - Connected to zion-mainframe:9092 for producing
3690601 [main] INFO kafka.client.ClientUtils$  - Fetching metadata from broker BrokerEndPoint(0,localhost,9092) with correlation id 126 for 1 topic(s) Set(earth_to_curiosity_5)
3690602 [main] INFO kafka.producer.SyncProducer  - Connected to localhost:9092 for producing
3690603 [main] INFO kafka.producer.SyncProducer  - Disconnecting from localhost:9092
3690604 [main] INFO kafka.producer.SyncProducer  - Disconnecting from zion-mainframe:9092
3690606 [main] INFO kafka.producer.SyncProducer  - Connected to zion-mainframe:9092 for producing
