0 [main] INFO kafka.utils.VerifiableProperties  - Verifying properties
119 [main] WARN kafka.utils.VerifiableProperties  - Property auto.offset.reset is not valid
122 [main] WARN kafka.utils.VerifiableProperties  - Property bootstrap.servers is not valid
122 [main] WARN kafka.utils.VerifiableProperties  - Property destination.topic is not valid
122 [main] WARN kafka.utils.VerifiableProperties  - Property group.id is not valid
122 [main] WARN kafka.utils.VerifiableProperties  - Property key.serializer is not valid
123 [main] INFO kafka.utils.VerifiableProperties  - Property metadata.broker.list is overridden to localhost:9092
133 [main] WARN kafka.utils.VerifiableProperties  - Property source.topic is not valid
133 [main] WARN kafka.utils.VerifiableProperties  - Property value.serializer is not valid
133 [main] WARN kafka.utils.VerifiableProperties  - Property zookeeper.connect is not valid
519 [main] INFO kafka.client.ClientUtils$  - Fetching metadata from broker BrokerEndPoint(0,localhost,9092) with correlation id 0 for 1 topic(s) Set(earth_to_curiosity_5)
830 [main] INFO kafka.producer.SyncProducer  - Connected to localhost:9092 for producing
889 [main] INFO kafka.producer.SyncProducer  - Disconnecting from localhost:9092
939 [main] WARN kafka.producer.BrokerPartitionInfo  - Error while fetching metadata [{TopicMetadata for topic earth_to_curiosity_5 -> 
No partition metadata for topic earth_to_curiosity_5 due to kafka.common.LeaderNotAvailableException}] for topic [earth_to_curiosity_5]: class kafka.common.LeaderNotAvailableException 
961 [main] INFO kafka.client.ClientUtils$  - Fetching metadata from broker BrokerEndPoint(0,localhost,9092) with correlation id 1 for 1 topic(s) Set(earth_to_curiosity_5)
963 [main] INFO kafka.producer.SyncProducer  - Connected to localhost:9092 for producing
974 [main] INFO kafka.producer.SyncProducer  - Disconnecting from localhost:9092
979 [main] WARN kafka.producer.BrokerPartitionInfo  - Error while fetching metadata [{TopicMetadata for topic earth_to_curiosity_5 -> 
No partition metadata for topic earth_to_curiosity_5 due to kafka.common.LeaderNotAvailableException}] for topic [earth_to_curiosity_5]: class kafka.common.LeaderNotAvailableException 
980 [main] ERROR kafka.producer.async.DefaultEventHandler  - Failed to collate messages by topic, partition due to: Failed to fetch topic metadata for topic: earth_to_curiosity_5
985 [main] INFO kafka.producer.async.DefaultEventHandler  - Back off for 100 ms before retrying send. Remaining retries = 3
1087 [main] INFO kafka.client.ClientUtils$  - Fetching metadata from broker BrokerEndPoint(0,localhost,9092) with correlation id 2 for 1 topic(s) Set(earth_to_curiosity_5)
1090 [main] INFO kafka.producer.SyncProducer  - Connected to localhost:9092 for producing
1101 [main] INFO kafka.producer.SyncProducer  - Disconnecting from localhost:9092
1101 [main] WARN kafka.producer.BrokerPartitionInfo  - Error while fetching metadata [{TopicMetadata for topic earth_to_curiosity_5 -> 
No partition metadata for topic earth_to_curiosity_5 due to kafka.common.LeaderNotAvailableException}] for topic [earth_to_curiosity_5]: class kafka.common.LeaderNotAvailableException 
1109 [main] INFO kafka.client.ClientUtils$  - Fetching metadata from broker BrokerEndPoint(0,localhost,9092) with correlation id 3 for 1 topic(s) Set(earth_to_curiosity_5)
1111 [main] INFO kafka.producer.SyncProducer  - Connected to localhost:9092 for producing
1125 [main] INFO kafka.producer.SyncProducer  - Disconnecting from localhost:9092
1127 [main] WARN kafka.producer.BrokerPartitionInfo  - Error while fetching metadata [{TopicMetadata for topic earth_to_curiosity_5 -> 
No partition metadata for topic earth_to_curiosity_5 due to kafka.common.LeaderNotAvailableException}] for topic [earth_to_curiosity_5]: class kafka.common.LeaderNotAvailableException 
1127 [main] ERROR kafka.producer.async.DefaultEventHandler  - Failed to collate messages by topic, partition due to: Failed to fetch topic metadata for topic: earth_to_curiosity_5
1127 [main] INFO kafka.producer.async.DefaultEventHandler  - Back off for 100 ms before retrying send. Remaining retries = 2
1231 [main] INFO kafka.client.ClientUtils$  - Fetching metadata from broker BrokerEndPoint(0,localhost,9092) with correlation id 4 for 1 topic(s) Set(earth_to_curiosity_5)
1238 [main] INFO kafka.producer.SyncProducer  - Connected to localhost:9092 for producing
1242 [main] INFO kafka.producer.SyncProducer  - Disconnecting from localhost:9092
1324 [main] INFO kafka.producer.SyncProducer  - Connected to zion-mainframe:9092 for producing
