0 [main] INFO kafka.utils.VerifiableProperties  - Verifying properties
114 [main] WARN kafka.utils.VerifiableProperties  - Property auto.offset.reset is not valid
115 [main] WARN kafka.utils.VerifiableProperties  - Property bootstrap.servers is not valid
115 [main] WARN kafka.utils.VerifiableProperties  - Property destination.topic is not valid
116 [main] WARN kafka.utils.VerifiableProperties  - Property group.id is not valid
116 [main] WARN kafka.utils.VerifiableProperties  - Property key.serializer is not valid
118 [main] INFO kafka.utils.VerifiableProperties  - Property metadata.broker.list is overridden to localhost:9092
118 [main] WARN kafka.utils.VerifiableProperties  - Property source.topic is not valid
119 [main] WARN kafka.utils.VerifiableProperties  - Property value.serializer is not valid
119 [main] WARN kafka.utils.VerifiableProperties  - Property zookeeper.connect is not valid
477 [main] INFO kafka.client.ClientUtils$  - Fetching metadata from broker BrokerEndPoint(0,localhost,9092) with correlation id 0 for 1 topic(s) Set(earth_to_curiosity_5)
614 [main] INFO kafka.producer.SyncProducer  - Connected to localhost:9092 for producing
772 [main] INFO kafka.producer.SyncProducer  - Disconnecting from localhost:9092
882 [main] WARN kafka.producer.BrokerPartitionInfo  - Error while fetching metadata [{TopicMetadata for topic earth_to_curiosity_5 -> 
No partition metadata for topic earth_to_curiosity_5 due to kafka.common.LeaderNotAvailableException}] for topic [earth_to_curiosity_5]: class kafka.common.LeaderNotAvailableException 
896 [main] INFO kafka.client.ClientUtils$  - Fetching metadata from broker BrokerEndPoint(0,localhost,9092) with correlation id 1 for 1 topic(s) Set(earth_to_curiosity_5)
898 [main] INFO kafka.producer.SyncProducer  - Connected to localhost:9092 for producing
902 [main] INFO kafka.producer.SyncProducer  - Disconnecting from localhost:9092
986 [main] INFO kafka.producer.SyncProducer  - Connected to zion-mainframe:9092 for producing
616059 [main] INFO kafka.client.ClientUtils$  - Fetching metadata from broker BrokerEndPoint(0,localhost,9092) with correlation id 21 for 1 topic(s) Set(earth_to_curiosity_5)
616062 [main] INFO kafka.producer.SyncProducer  - Connected to localhost:9092 for producing
616066 [main] INFO kafka.producer.SyncProducer  - Disconnecting from localhost:9092
616067 [main] INFO kafka.producer.SyncProducer  - Disconnecting from zion-mainframe:9092
616073 [main] INFO kafka.producer.SyncProducer  - Connected to zion-mainframe:9092 for producing
1231131 [main] INFO kafka.client.ClientUtils$  - Fetching metadata from broker BrokerEndPoint(0,localhost,9092) with correlation id 42 for 1 topic(s) Set(earth_to_curiosity_5)
1231133 [main] INFO kafka.producer.SyncProducer  - Connected to localhost:9092 for producing
1231137 [main] INFO kafka.producer.SyncProducer  - Disconnecting from localhost:9092
1231139 [main] INFO kafka.producer.SyncProducer  - Disconnecting from zion-mainframe:9092
1231144 [main] INFO kafka.producer.SyncProducer  - Connected to zion-mainframe:9092 for producing
1846196 [main] INFO kafka.client.ClientUtils$  - Fetching metadata from broker BrokerEndPoint(0,localhost,9092) with correlation id 63 for 1 topic(s) Set(earth_to_curiosity_5)
1846197 [main] INFO kafka.producer.SyncProducer  - Connected to localhost:9092 for producing
1846200 [main] INFO kafka.producer.SyncProducer  - Disconnecting from localhost:9092
1846201 [main] INFO kafka.producer.SyncProducer  - Disconnecting from zion-mainframe:9092
1846207 [main] INFO kafka.producer.SyncProducer  - Connected to zion-mainframe:9092 for producing
2461248 [main] INFO kafka.client.ClientUtils$  - Fetching metadata from broker BrokerEndPoint(0,localhost,9092) with correlation id 84 for 1 topic(s) Set(earth_to_curiosity_5)
2461249 [main] INFO kafka.producer.SyncProducer  - Connected to localhost:9092 for producing
2461258 [main] INFO kafka.producer.SyncProducer  - Disconnecting from localhost:9092
2461258 [main] INFO kafka.producer.SyncProducer  - Disconnecting from zion-mainframe:9092
2461263 [main] INFO kafka.producer.SyncProducer  - Connected to zion-mainframe:9092 for producing
3076291 [main] INFO kafka.client.ClientUtils$  - Fetching metadata from broker BrokerEndPoint(0,localhost,9092) with correlation id 105 for 1 topic(s) Set(earth_to_curiosity_5)
3076291 [main] INFO kafka.producer.SyncProducer  - Connected to localhost:9092 for producing
3076293 [main] INFO kafka.producer.SyncProducer  - Disconnecting from localhost:9092
3076293 [main] INFO kafka.producer.SyncProducer  - Disconnecting from zion-mainframe:9092
3076295 [main] INFO kafka.producer.SyncProducer  - Connected to zion-mainframe:9092 for producing
3691340 [main] INFO kafka.client.ClientUtils$  - Fetching metadata from broker BrokerEndPoint(0,localhost,9092) with correlation id 126 for 1 topic(s) Set(earth_to_curiosity_5)
3691341 [main] INFO kafka.producer.SyncProducer  - Connected to localhost:9092 for producing
3691345 [main] INFO kafka.producer.SyncProducer  - Disconnecting from localhost:9092
3691346 [main] INFO kafka.producer.SyncProducer  - Disconnecting from zion-mainframe:9092
3691349 [main] INFO kafka.producer.SyncProducer  - Connected to zion-mainframe:9092 for producing
4306377 [main] INFO kafka.client.ClientUtils$  - Fetching metadata from broker BrokerEndPoint(0,localhost,9092) with correlation id 147 for 1 topic(s) Set(earth_to_curiosity_5)
4306379 [main] INFO kafka.producer.SyncProducer  - Connected to localhost:9092 for producing
4306381 [main] INFO kafka.producer.SyncProducer  - Disconnecting from localhost:9092
4306382 [main] INFO kafka.producer.SyncProducer  - Disconnecting from zion-mainframe:9092
4306385 [main] INFO kafka.producer.SyncProducer  - Connected to zion-mainframe:9092 for producing
4921411 [main] INFO kafka.client.ClientUtils$  - Fetching metadata from broker BrokerEndPoint(0,localhost,9092) with correlation id 168 for 1 topic(s) Set(earth_to_curiosity_5)
4921413 [main] INFO kafka.producer.SyncProducer  - Connected to localhost:9092 for producing
4921416 [main] INFO kafka.producer.SyncProducer  - Disconnecting from localhost:9092
4921417 [main] INFO kafka.producer.SyncProducer  - Disconnecting from zion-mainframe:9092
4921421 [main] INFO kafka.producer.SyncProducer  - Connected to zion-mainframe:9092 for producing
5536448 [main] INFO kafka.client.ClientUtils$  - Fetching metadata from broker BrokerEndPoint(0,localhost,9092) with correlation id 189 for 1 topic(s) Set(earth_to_curiosity_5)
5536449 [main] INFO kafka.producer.SyncProducer  - Connected to localhost:9092 for producing
5536452 [main] INFO kafka.producer.SyncProducer  - Disconnecting from localhost:9092
5536452 [main] INFO kafka.producer.SyncProducer  - Disconnecting from zion-mainframe:9092
5536455 [main] INFO kafka.producer.SyncProducer  - Connected to zion-mainframe:9092 for producing
6151482 [main] INFO kafka.client.ClientUtils$  - Fetching metadata from broker BrokerEndPoint(0,localhost,9092) with correlation id 210 for 1 topic(s) Set(earth_to_curiosity_5)
6151483 [main] INFO kafka.producer.SyncProducer  - Connected to localhost:9092 for producing
6151486 [main] INFO kafka.producer.SyncProducer  - Disconnecting from localhost:9092
6151486 [main] INFO kafka.producer.SyncProducer  - Disconnecting from zion-mainframe:9092
6151489 [main] INFO kafka.producer.SyncProducer  - Connected to zion-mainframe:9092 for producing
6766529 [main] INFO kafka.client.ClientUtils$  - Fetching metadata from broker BrokerEndPoint(0,localhost,9092) with correlation id 231 for 1 topic(s) Set(earth_to_curiosity_5)
6766530 [main] INFO kafka.producer.SyncProducer  - Connected to localhost:9092 for producing
6766533 [main] INFO kafka.producer.SyncProducer  - Disconnecting from localhost:9092
6766533 [main] INFO kafka.producer.SyncProducer  - Disconnecting from zion-mainframe:9092
6766536 [main] INFO kafka.producer.SyncProducer  - Connected to zion-mainframe:9092 for producing
7381568 [main] INFO kafka.client.ClientUtils$  - Fetching metadata from broker BrokerEndPoint(0,localhost,9092) with correlation id 252 for 1 topic(s) Set(earth_to_curiosity_5)
7381569 [main] INFO kafka.producer.SyncProducer  - Connected to localhost:9092 for producing
7381571 [main] INFO kafka.producer.SyncProducer  - Disconnecting from localhost:9092
7381572 [main] INFO kafka.producer.SyncProducer  - Disconnecting from zion-mainframe:9092
7381574 [main] INFO kafka.producer.SyncProducer  - Connected to zion-mainframe:9092 for producing
7996601 [main] INFO kafka.client.ClientUtils$  - Fetching metadata from broker BrokerEndPoint(0,localhost,9092) with correlation id 273 for 1 topic(s) Set(earth_to_curiosity_5)
7996602 [main] INFO kafka.producer.SyncProducer  - Connected to localhost:9092 for producing
7996604 [main] INFO kafka.producer.SyncProducer  - Disconnecting from localhost:9092
7996606 [main] INFO kafka.producer.SyncProducer  - Disconnecting from zion-mainframe:9092
7996608 [main] INFO kafka.producer.SyncProducer  - Connected to zion-mainframe:9092 for producing
8611627 [main] INFO kafka.client.ClientUtils$  - Fetching metadata from broker BrokerEndPoint(0,localhost,9092) with correlation id 294 for 1 topic(s) Set(earth_to_curiosity_5)
8611627 [main] INFO kafka.producer.SyncProducer  - Connected to localhost:9092 for producing
8611628 [main] INFO kafka.producer.SyncProducer  - Disconnecting from localhost:9092
8611628 [main] INFO kafka.producer.SyncProducer  - Disconnecting from zion-mainframe:9092
8611629 [main] INFO kafka.producer.SyncProducer  - Connected to zion-mainframe:9092 for producing
9226639 [main] INFO kafka.client.ClientUtils$  - Fetching metadata from broker BrokerEndPoint(0,localhost,9092) with correlation id 315 for 1 topic(s) Set(earth_to_curiosity_5)
9226640 [main] INFO kafka.producer.SyncProducer  - Connected to localhost:9092 for producing
9226641 [main] INFO kafka.producer.SyncProducer  - Disconnecting from localhost:9092
9226641 [main] INFO kafka.producer.SyncProducer  - Disconnecting from zion-mainframe:9092
9226642 [main] INFO kafka.producer.SyncProducer  - Connected to zion-mainframe:9092 for producing
9841664 [main] INFO kafka.client.ClientUtils$  - Fetching metadata from broker BrokerEndPoint(0,localhost,9092) with correlation id 336 for 1 topic(s) Set(earth_to_curiosity_5)
9841666 [main] INFO kafka.producer.SyncProducer  - Connected to localhost:9092 for producing
9841668 [main] INFO kafka.producer.SyncProducer  - Disconnecting from localhost:9092
9841669 [main] INFO kafka.producer.SyncProducer  - Disconnecting from zion-mainframe:9092
9841671 [main] INFO kafka.producer.SyncProducer  - Connected to zion-mainframe:9092 for producing
10456696 [main] INFO kafka.client.ClientUtils$  - Fetching metadata from broker BrokerEndPoint(0,localhost,9092) with correlation id 357 for 1 topic(s) Set(earth_to_curiosity_5)
10456697 [main] INFO kafka.producer.SyncProducer  - Connected to localhost:9092 for producing
10456700 [main] INFO kafka.producer.SyncProducer  - Disconnecting from localhost:9092
10456700 [main] INFO kafka.producer.SyncProducer  - Disconnecting from zion-mainframe:9092
10456703 [main] INFO kafka.producer.SyncProducer  - Connected to zion-mainframe:9092 for producing
11071724 [main] INFO kafka.client.ClientUtils$  - Fetching metadata from broker BrokerEndPoint(0,localhost,9092) with correlation id 378 for 1 topic(s) Set(earth_to_curiosity_5)
11071725 [main] INFO kafka.producer.SyncProducer  - Connected to localhost:9092 for producing
11071727 [main] INFO kafka.producer.SyncProducer  - Disconnecting from localhost:9092
11071728 [main] INFO kafka.producer.SyncProducer  - Disconnecting from zion-mainframe:9092
11071730 [main] INFO kafka.producer.SyncProducer  - Connected to zion-mainframe:9092 for producing
11686749 [main] INFO kafka.client.ClientUtils$  - Fetching metadata from broker BrokerEndPoint(0,localhost,9092) with correlation id 399 for 1 topic(s) Set(earth_to_curiosity_5)
11686750 [main] INFO kafka.producer.SyncProducer  - Connected to localhost:9092 for producing
11686751 [main] INFO kafka.producer.SyncProducer  - Disconnecting from localhost:9092
11686751 [main] INFO kafka.producer.SyncProducer  - Disconnecting from zion-mainframe:9092
11686753 [main] INFO kafka.producer.SyncProducer  - Connected to zion-mainframe:9092 for producing
12301773 [main] INFO kafka.client.ClientUtils$  - Fetching metadata from broker BrokerEndPoint(0,localhost,9092) with correlation id 420 for 1 topic(s) Set(earth_to_curiosity_5)
12301774 [main] INFO kafka.producer.SyncProducer  - Connected to localhost:9092 for producing
12301776 [main] INFO kafka.producer.SyncProducer  - Disconnecting from localhost:9092
12301777 [main] INFO kafka.producer.SyncProducer  - Disconnecting from zion-mainframe:9092
12301779 [main] INFO kafka.producer.SyncProducer  - Connected to zion-mainframe:9092 for producing
12916799 [main] INFO kafka.client.ClientUtils$  - Fetching metadata from broker BrokerEndPoint(0,localhost,9092) with correlation id 441 for 1 topic(s) Set(earth_to_curiosity_5)
12916800 [main] INFO kafka.producer.SyncProducer  - Connected to localhost:9092 for producing
12916803 [main] INFO kafka.producer.SyncProducer  - Disconnecting from localhost:9092
12916804 [main] INFO kafka.producer.SyncProducer  - Disconnecting from zion-mainframe:9092
12916806 [main] INFO kafka.producer.SyncProducer  - Connected to zion-mainframe:9092 for producing
13531827 [main] INFO kafka.client.ClientUtils$  - Fetching metadata from broker BrokerEndPoint(0,localhost,9092) with correlation id 462 for 1 topic(s) Set(earth_to_curiosity_5)
13531828 [main] INFO kafka.producer.SyncProducer  - Connected to localhost:9092 for producing
13531830 [main] INFO kafka.producer.SyncProducer  - Disconnecting from localhost:9092
13531830 [main] INFO kafka.producer.SyncProducer  - Disconnecting from zion-mainframe:9092
13531832 [main] INFO kafka.producer.SyncProducer  - Connected to zion-mainframe:9092 for producing
14146851 [main] INFO kafka.client.ClientUtils$  - Fetching metadata from broker BrokerEndPoint(0,localhost,9092) with correlation id 483 for 1 topic(s) Set(earth_to_curiosity_5)
14146852 [main] INFO kafka.producer.SyncProducer  - Connected to localhost:9092 for producing
14146854 [main] INFO kafka.producer.SyncProducer  - Disconnecting from localhost:9092
14146854 [main] INFO kafka.producer.SyncProducer  - Disconnecting from zion-mainframe:9092
14146857 [main] INFO kafka.producer.SyncProducer  - Connected to zion-mainframe:9092 for producing
14761885 [main] INFO kafka.client.ClientUtils$  - Fetching metadata from broker BrokerEndPoint(0,localhost,9092) with correlation id 504 for 1 topic(s) Set(earth_to_curiosity_5)
14761886 [main] INFO kafka.producer.SyncProducer  - Connected to localhost:9092 for producing
14761888 [main] INFO kafka.producer.SyncProducer  - Disconnecting from localhost:9092
14761889 [main] INFO kafka.producer.SyncProducer  - Disconnecting from zion-mainframe:9092
14761892 [main] INFO kafka.producer.SyncProducer  - Connected to zion-mainframe:9092 for producing
15376912 [main] INFO kafka.client.ClientUtils$  - Fetching metadata from broker BrokerEndPoint(0,localhost,9092) with correlation id 525 for 1 topic(s) Set(earth_to_curiosity_5)
15376913 [main] INFO kafka.producer.SyncProducer  - Connected to localhost:9092 for producing
15376914 [main] INFO kafka.producer.SyncProducer  - Disconnecting from localhost:9092
15376914 [main] INFO kafka.producer.SyncProducer  - Disconnecting from zion-mainframe:9092
15376914 [main] INFO kafka.producer.SyncProducer  - Connected to zion-mainframe:9092 for producing
15991932 [main] INFO kafka.client.ClientUtils$  - Fetching metadata from broker BrokerEndPoint(0,localhost,9092) with correlation id 546 for 1 topic(s) Set(earth_to_curiosity_5)
15991933 [main] INFO kafka.producer.SyncProducer  - Connected to localhost:9092 for producing
15991935 [main] INFO kafka.producer.SyncProducer  - Disconnecting from localhost:9092
15991936 [main] INFO kafka.producer.SyncProducer  - Disconnecting from zion-mainframe:9092
15991941 [main] INFO kafka.producer.SyncProducer  - Connected to zion-mainframe:9092 for producing
16606959 [main] INFO kafka.client.ClientUtils$  - Fetching metadata from broker BrokerEndPoint(0,localhost,9092) with correlation id 567 for 1 topic(s) Set(earth_to_curiosity_5)
16606960 [main] INFO kafka.producer.SyncProducer  - Connected to localhost:9092 for producing
16606982 [main] INFO kafka.producer.SyncProducer  - Disconnecting from localhost:9092
16606983 [main] INFO kafka.producer.SyncProducer  - Disconnecting from zion-mainframe:9092
16606985 [main] INFO kafka.producer.SyncProducer  - Connected to zion-mainframe:9092 for producing
17222004 [main] INFO kafka.client.ClientUtils$  - Fetching metadata from broker BrokerEndPoint(0,localhost,9092) with correlation id 588 for 1 topic(s) Set(earth_to_curiosity_5)
17222005 [main] INFO kafka.producer.SyncProducer  - Connected to localhost:9092 for producing
17222008 [main] INFO kafka.producer.SyncProducer  - Disconnecting from localhost:9092
17222008 [main] INFO kafka.producer.SyncProducer  - Disconnecting from zion-mainframe:9092
17222011 [main] INFO kafka.producer.SyncProducer  - Connected to zion-mainframe:9092 for producing
17837031 [main] INFO kafka.client.ClientUtils$  - Fetching metadata from broker BrokerEndPoint(0,localhost,9092) with correlation id 609 for 1 topic(s) Set(earth_to_curiosity_5)
17837032 [main] INFO kafka.producer.SyncProducer  - Connected to localhost:9092 for producing
17837034 [main] INFO kafka.producer.SyncProducer  - Disconnecting from localhost:9092
17837034 [main] INFO kafka.producer.SyncProducer  - Disconnecting from zion-mainframe:9092
17837037 [main] INFO kafka.producer.SyncProducer  - Connected to zion-mainframe:9092 for producing
18452057 [main] INFO kafka.client.ClientUtils$  - Fetching metadata from broker BrokerEndPoint(0,localhost,9092) with correlation id 630 for 1 topic(s) Set(earth_to_curiosity_5)
18452058 [main] INFO kafka.producer.SyncProducer  - Connected to localhost:9092 for producing
18452061 [main] INFO kafka.producer.SyncProducer  - Disconnecting from localhost:9092
18452061 [main] INFO kafka.producer.SyncProducer  - Disconnecting from zion-mainframe:9092
18452064 [main] INFO kafka.producer.SyncProducer  - Connected to zion-mainframe:9092 for producing
19067081 [main] INFO kafka.client.ClientUtils$  - Fetching metadata from broker BrokerEndPoint(0,localhost,9092) with correlation id 651 for 1 topic(s) Set(earth_to_curiosity_5)
19067082 [main] INFO kafka.producer.SyncProducer  - Connected to localhost:9092 for producing
19067086 [main] INFO kafka.producer.SyncProducer  - Disconnecting from localhost:9092
19067086 [main] INFO kafka.producer.SyncProducer  - Disconnecting from zion-mainframe:9092
19067094 [main] INFO kafka.producer.SyncProducer  - Connected to zion-mainframe:9092 for producing
19682113 [main] INFO kafka.client.ClientUtils$  - Fetching metadata from broker BrokerEndPoint(0,localhost,9092) with correlation id 672 for 1 topic(s) Set(earth_to_curiosity_5)
19682114 [main] INFO kafka.producer.SyncProducer  - Connected to localhost:9092 for producing
19682117 [main] INFO kafka.producer.SyncProducer  - Disconnecting from localhost:9092
19682117 [main] INFO kafka.producer.SyncProducer  - Disconnecting from zion-mainframe:9092
19682119 [main] INFO kafka.producer.SyncProducer  - Connected to zion-mainframe:9092 for producing
20297136 [main] INFO kafka.client.ClientUtils$  - Fetching metadata from broker BrokerEndPoint(0,localhost,9092) with correlation id 693 for 1 topic(s) Set(earth_to_curiosity_5)
20297137 [main] INFO kafka.producer.SyncProducer  - Connected to localhost:9092 for producing
20297140 [main] INFO kafka.producer.SyncProducer  - Disconnecting from localhost:9092
20297140 [main] INFO kafka.producer.SyncProducer  - Disconnecting from zion-mainframe:9092
20297143 [main] INFO kafka.producer.SyncProducer  - Connected to zion-mainframe:9092 for producing
20912161 [main] INFO kafka.client.ClientUtils$  - Fetching metadata from broker BrokerEndPoint(0,localhost,9092) with correlation id 714 for 1 topic(s) Set(earth_to_curiosity_5)
20912162 [main] INFO kafka.producer.SyncProducer  - Connected to localhost:9092 for producing
20912164 [main] INFO kafka.producer.SyncProducer  - Disconnecting from localhost:9092
20912164 [main] INFO kafka.producer.SyncProducer  - Disconnecting from zion-mainframe:9092
20912166 [main] INFO kafka.producer.SyncProducer  - Connected to zion-mainframe:9092 for producing
21527184 [main] INFO kafka.client.ClientUtils$  - Fetching metadata from broker BrokerEndPoint(0,localhost,9092) with correlation id 735 for 1 topic(s) Set(earth_to_curiosity_5)
21527185 [main] INFO kafka.producer.SyncProducer  - Connected to localhost:9092 for producing
21527187 [main] INFO kafka.producer.SyncProducer  - Disconnecting from localhost:9092
21527188 [main] INFO kafka.producer.SyncProducer  - Disconnecting from zion-mainframe:9092
21527192 [main] INFO kafka.producer.SyncProducer  - Connected to zion-mainframe:9092 for producing
