0 [main] INFO kafka.utils.VerifiableProperties  - Verifying properties
20 [main] INFO kafka.utils.VerifiableProperties  - Property auto.offset.reset is overridden to largest
21 [main] WARN kafka.utils.VerifiableProperties  - Property bootstrap.servers is not valid
21 [main] WARN kafka.utils.VerifiableProperties  - Property destination.topic is not valid
21 [main] INFO kafka.utils.VerifiableProperties  - Property group.id is overridden to space.exploration.mars.rover.curiosity.1529178950953
21 [main] WARN kafka.utils.VerifiableProperties  - Property key.serializer is not valid
21 [main] WARN kafka.utils.VerifiableProperties  - Property metadata.broker.list is not valid
21 [main] WARN kafka.utils.VerifiableProperties  - Property source.topic is not valid
21 [main] WARN kafka.utils.VerifiableProperties  - Property value.serializer is not valid
21 [main] INFO kafka.utils.VerifiableProperties  - Property zookeeper.connect is overridden to localhost:2181
57 [main] INFO kafka.consumer.ZookeeperConsumerConnector  - [space.exploration.mars.rover.curiosity.1529178950953_zion-mainframe-1529178951167-150b15c9], Connecting to zookeeper instance at localhost:2181
63 [ZkClient-EventThread-15-localhost:2181] INFO org.I0Itec.zkclient.ZkEventThread  - Starting ZkClient event thread.
67 [main] INFO org.apache.zookeeper.ZooKeeper  - Client environment:zookeeper.version=3.4.6-1569965, built on 02/20/2014 09:09 GMT
67 [main] INFO org.apache.zookeeper.ZooKeeper  - Client environment:host.name=zion-mainframe
67 [main] INFO org.apache.zookeeper.ZooKeeper  - Client environment:java.version=1.8.0_171
67 [main] INFO org.apache.zookeeper.ZooKeeper  - Client environment:java.vendor=Oracle Corporation
67 [main] INFO org.apache.zookeeper.ZooKeeper  - Client environment:java.home=/usr/lib/jvm/java-8-openjdk-amd64/jre
67 [main] INFO org.apache.zookeeper.ZooKeeper  - Client environment:java.class.path=target/mission.control-2.0-shaded.jar
67 [main] INFO org.apache.zookeeper.ZooKeeper  - Client environment:java.library.path=/usr/java/packages/lib/amd64:/usr/lib/x86_64-linux-gnu/jni:/lib/x86_64-linux-gnu:/usr/lib/x86_64-linux-gnu:/usr/lib/jni:/lib:/usr/lib
67 [main] INFO org.apache.zookeeper.ZooKeeper  - Client environment:java.io.tmpdir=/tmp
67 [main] INFO org.apache.zookeeper.ZooKeeper  - Client environment:java.compiler=<NA>
67 [main] INFO org.apache.zookeeper.ZooKeeper  - Client environment:os.name=Linux
68 [main] INFO org.apache.zookeeper.ZooKeeper  - Client environment:os.arch=amd64
68 [main] INFO org.apache.zookeeper.ZooKeeper  - Client environment:os.version=4.13.0-45-generic
68 [main] INFO org.apache.zookeeper.ZooKeeper  - Client environment:user.name=sanket
68 [main] INFO org.apache.zookeeper.ZooKeeper  - Client environment:user.home=/home/sanket
68 [main] INFO org.apache.zookeeper.ZooKeeper  - Client environment:user.dir=/home/sanket/Documents/workspace/Mission.Control
68 [main] INFO org.apache.zookeeper.ZooKeeper  - Initiating client connection, connectString=localhost:2181 sessionTimeout=6000 watcher=org.I0Itec.zkclient.ZkClient@17776a8
76 [main] INFO org.I0Itec.zkclient.ZkClient  - Waiting for keeper state SyncConnected
77 [main-SendThread(localhost:2181)] INFO org.apache.zookeeper.ClientCnxn  - Opening socket connection to server localhost/127.0.0.1:2181. Will not attempt to authenticate using SASL (unknown error)
108 [main-SendThread(localhost:2181)] INFO org.apache.zookeeper.ClientCnxn  - Socket connection established to localhost/127.0.0.1:2181, initiating session
111 [main-SendThread(localhost:2181)] INFO org.apache.zookeeper.ClientCnxn  - Session establishment complete on server localhost/127.0.0.1:2181, sessionid = 0x1640a2ab8d90001, negotiated timeout = 6000
112 [main-EventThread] INFO org.I0Itec.zkclient.ZkClient  - zookeeper state changed (SyncConnected)
120 [main] INFO kafka.consumer.ZookeeperConsumerConnector  - [space.exploration.mars.rover.curiosity.1529178950953_zion-mainframe-1529178951167-150b15c9], starting auto committer every 60000 ms
140 [Thread-0] INFO kafka.consumer.ZookeeperConsumerConnector  - [space.exploration.mars.rover.curiosity.1529178950953_zion-mainframe-1529178951167-150b15c9], begin registering consumer space.exploration.mars.rover.curiosity.1529178950953_zion-mainframe-1529178951167-150b15c9 in ZK
160 [Thread-0] INFO kafka.utils.ZKCheckedEphemeral  - Creating /consumers/space.exploration.mars.rover.curiosity.1529178950953/ids/space.exploration.mars.rover.curiosity.1529178950953_zion-mainframe-1529178951167-150b15c9 (is it secure? false)
167 [Thread-0] INFO kafka.utils.ZKCheckedEphemeral  - Result of znode creation is: OK
167 [Thread-0] INFO kafka.consumer.ZookeeperConsumerConnector  - [space.exploration.mars.rover.curiosity.1529178950953_zion-mainframe-1529178951167-150b15c9], end registering consumer space.exploration.mars.rover.curiosity.1529178950953_zion-mainframe-1529178951167-150b15c9 in ZK
170 [space.exploration.mars.rover.curiosity.1529178950953_zion-mainframe-1529178951167-150b15c9_watcher_executor] INFO kafka.consumer.ZookeeperConsumerConnector  - [space.exploration.mars.rover.curiosity.1529178950953_zion-mainframe-1529178951167-150b15c9], starting watcher executor thread for consumer space.exploration.mars.rover.curiosity.1529178950953_zion-mainframe-1529178951167-150b15c9
181 [Thread-0] INFO kafka.consumer.ZookeeperConsumerConnector  - [space.exploration.mars.rover.curiosity.1529178950953_zion-mainframe-1529178951167-150b15c9], begin rebalancing consumer space.exploration.mars.rover.curiosity.1529178950953_zion-mainframe-1529178951167-150b15c9 try #0
242 [Thread-0] INFO kafka.consumer.ConsumerFetcherManager  - [ConsumerFetcherManager-1529178951229] Stopping leader finder thread
242 [Thread-0] INFO kafka.consumer.ConsumerFetcherManager  - [ConsumerFetcherManager-1529178951229] Stopping all fetchers
243 [Thread-0] INFO kafka.consumer.ConsumerFetcherManager  - [ConsumerFetcherManager-1529178951229] All connections stopped
243 [Thread-0] INFO kafka.consumer.ZookeeperConsumerConnector  - [space.exploration.mars.rover.curiosity.1529178950953_zion-mainframe-1529178951167-150b15c9], Cleared all relevant queues for this fetcher
244 [Thread-0] INFO kafka.consumer.ZookeeperConsumerConnector  - [space.exploration.mars.rover.curiosity.1529178950953_zion-mainframe-1529178951167-150b15c9], Cleared the data chunks in all the consumer message iterators
244 [Thread-0] INFO kafka.consumer.ZookeeperConsumerConnector  - [space.exploration.mars.rover.curiosity.1529178950953_zion-mainframe-1529178951167-150b15c9], Committing all offsets after clearing the fetcher queues
244 [Thread-0] INFO kafka.consumer.ZookeeperConsumerConnector  - [space.exploration.mars.rover.curiosity.1529178950953_zion-mainframe-1529178951167-150b15c9], Releasing partition ownership
260 [Thread-0] INFO kafka.consumer.RangeAssignor  - Consumer space.exploration.mars.rover.curiosity.1529178950953_zion-mainframe-1529178951167-150b15c9 rebalancing the following partitions: ArrayBuffer() for topic curiosity_to_earth_5 with consumers: List(space.exploration.mars.rover.curiosity.1529178950953_zion-mainframe-1529178951167-150b15c9-0)
260 [Thread-0] WARN kafka.consumer.RangeAssignor  - No broker partitions consumed by consumer thread space.exploration.mars.rover.curiosity.1529178950953_zion-mainframe-1529178951167-150b15c9-0 for topic curiosity_to_earth_5
266 [Thread-0] INFO kafka.consumer.ZookeeperConsumerConnector  - [space.exploration.mars.rover.curiosity.1529178950953_zion-mainframe-1529178951167-150b15c9], Consumer space.exploration.mars.rover.curiosity.1529178950953_zion-mainframe-1529178951167-150b15c9 selected partitions : 
267 [space.exploration.mars.rover.curiosity.1529178950953_zion-mainframe-1529178951167-150b15c9-leader-finder-thread] INFO kafka.consumer.ConsumerFetcherManager$LeaderFinderThread  - [space.exploration.mars.rover.curiosity.1529178950953_zion-mainframe-1529178951167-150b15c9-leader-finder-thread], Starting 
267 [Thread-0] INFO kafka.consumer.ZookeeperConsumerConnector  - [space.exploration.mars.rover.curiosity.1529178950953_zion-mainframe-1529178951167-150b15c9], end rebalancing consumer space.exploration.mars.rover.curiosity.1529178950953_zion-mainframe-1529178951167-150b15c9 try #0
11796 [ZkClient-EventThread-15-localhost:2181] INFO kafka.consumer.ZookeeperConsumerConnector  - [space.exploration.mars.rover.curiosity.1529178950953_zion-mainframe-1529178951167-150b15c9], Topic info for path /brokers/topics/curiosity_to_earth_5 changed to {"version":1,"partitions":{"0":[0]}}, triggering rebalance
11796 [space.exploration.mars.rover.curiosity.1529178950953_zion-mainframe-1529178951167-150b15c9_watcher_executor] INFO kafka.consumer.ZookeeperConsumerConnector  - [space.exploration.mars.rover.curiosity.1529178950953_zion-mainframe-1529178951167-150b15c9], begin rebalancing consumer space.exploration.mars.rover.curiosity.1529178950953_zion-mainframe-1529178951167-150b15c9 try #0
11812 [space.exploration.mars.rover.curiosity.1529178950953_zion-mainframe-1529178951167-150b15c9_watcher_executor] INFO kafka.consumer.ConsumerFetcherManager  - [ConsumerFetcherManager-1529178951229] Stopping leader finder thread
11812 [space.exploration.mars.rover.curiosity.1529178950953_zion-mainframe-1529178951167-150b15c9_watcher_executor] INFO kafka.consumer.ConsumerFetcherManager$LeaderFinderThread  - [space.exploration.mars.rover.curiosity.1529178950953_zion-mainframe-1529178951167-150b15c9-leader-finder-thread], Shutting down
11813 [space.exploration.mars.rover.curiosity.1529178950953_zion-mainframe-1529178951167-150b15c9-leader-finder-thread] INFO kafka.consumer.ConsumerFetcherManager$LeaderFinderThread  - [space.exploration.mars.rover.curiosity.1529178950953_zion-mainframe-1529178951167-150b15c9-leader-finder-thread], Stopped 
11813 [space.exploration.mars.rover.curiosity.1529178950953_zion-mainframe-1529178951167-150b15c9_watcher_executor] INFO kafka.consumer.ConsumerFetcherManager$LeaderFinderThread  - [space.exploration.mars.rover.curiosity.1529178950953_zion-mainframe-1529178951167-150b15c9-leader-finder-thread], Shutdown completed
11813 [space.exploration.mars.rover.curiosity.1529178950953_zion-mainframe-1529178951167-150b15c9_watcher_executor] INFO kafka.consumer.ConsumerFetcherManager  - [ConsumerFetcherManager-1529178951229] Stopping all fetchers
11813 [space.exploration.mars.rover.curiosity.1529178950953_zion-mainframe-1529178951167-150b15c9_watcher_executor] INFO kafka.consumer.ConsumerFetcherManager  - [ConsumerFetcherManager-1529178951229] All connections stopped
11813 [space.exploration.mars.rover.curiosity.1529178950953_zion-mainframe-1529178951167-150b15c9_watcher_executor] INFO kafka.consumer.ZookeeperConsumerConnector  - [space.exploration.mars.rover.curiosity.1529178950953_zion-mainframe-1529178951167-150b15c9], Cleared all relevant queues for this fetcher
11813 [space.exploration.mars.rover.curiosity.1529178950953_zion-mainframe-1529178951167-150b15c9_watcher_executor] INFO kafka.consumer.ZookeeperConsumerConnector  - [space.exploration.mars.rover.curiosity.1529178950953_zion-mainframe-1529178951167-150b15c9], Cleared the data chunks in all the consumer message iterators
11813 [space.exploration.mars.rover.curiosity.1529178950953_zion-mainframe-1529178951167-150b15c9_watcher_executor] INFO kafka.consumer.ZookeeperConsumerConnector  - [space.exploration.mars.rover.curiosity.1529178950953_zion-mainframe-1529178951167-150b15c9], Committing all offsets after clearing the fetcher queues
11813 [space.exploration.mars.rover.curiosity.1529178950953_zion-mainframe-1529178951167-150b15c9_watcher_executor] INFO kafka.consumer.ZookeeperConsumerConnector  - [space.exploration.mars.rover.curiosity.1529178950953_zion-mainframe-1529178951167-150b15c9], Releasing partition ownership
11835 [space.exploration.mars.rover.curiosity.1529178950953_zion-mainframe-1529178951167-150b15c9_watcher_executor] INFO kafka.consumer.RangeAssignor  - Consumer space.exploration.mars.rover.curiosity.1529178950953_zion-mainframe-1529178951167-150b15c9 rebalancing the following partitions: ArrayBuffer(0) for topic curiosity_to_earth_5 with consumers: List(space.exploration.mars.rover.curiosity.1529178950953_zion-mainframe-1529178951167-150b15c9-0)
11836 [space.exploration.mars.rover.curiosity.1529178950953_zion-mainframe-1529178951167-150b15c9_watcher_executor] INFO kafka.consumer.RangeAssignor  - space.exploration.mars.rover.curiosity.1529178950953_zion-mainframe-1529178951167-150b15c9-0 attempting to claim partition 0
11861 [space.exploration.mars.rover.curiosity.1529178950953_zion-mainframe-1529178951167-150b15c9_watcher_executor] INFO kafka.consumer.ZookeeperConsumerConnector  - [space.exploration.mars.rover.curiosity.1529178950953_zion-mainframe-1529178951167-150b15c9], space.exploration.mars.rover.curiosity.1529178950953_zion-mainframe-1529178951167-150b15c9-0 successfully owned partition 0 for topic curiosity_to_earth_5
11865 [space.exploration.mars.rover.curiosity.1529178950953_zion-mainframe-1529178951167-150b15c9_watcher_executor] INFO kafka.consumer.ZookeeperConsumerConnector  - [space.exploration.mars.rover.curiosity.1529178950953_zion-mainframe-1529178951167-150b15c9], Consumer space.exploration.mars.rover.curiosity.1529178950953_zion-mainframe-1529178951167-150b15c9 selected partitions : curiosity_to_earth_5:0: fetched offset = -1: consumed offset = -1
11865 [space.exploration.mars.rover.curiosity.1529178950953_zion-mainframe-1529178951167-150b15c9_watcher_executor] INFO kafka.consumer.ZookeeperConsumerConnector  - [space.exploration.mars.rover.curiosity.1529178950953_zion-mainframe-1529178951167-150b15c9], end rebalancing consumer space.exploration.mars.rover.curiosity.1529178950953_zion-mainframe-1529178951167-150b15c9 try #0
11866 [space.exploration.mars.rover.curiosity.1529178950953_zion-mainframe-1529178951167-150b15c9-leader-finder-thread] INFO kafka.consumer.ConsumerFetcherManager$LeaderFinderThread  - [space.exploration.mars.rover.curiosity.1529178950953_zion-mainframe-1529178951167-150b15c9-leader-finder-thread], Starting 
11877 [space.exploration.mars.rover.curiosity.1529178950953_zion-mainframe-1529178951167-150b15c9-leader-finder-thread] INFO kafka.utils.VerifiableProperties  - Verifying properties
11877 [space.exploration.mars.rover.curiosity.1529178950953_zion-mainframe-1529178951167-150b15c9-leader-finder-thread] INFO kafka.utils.VerifiableProperties  - Property client.id is overridden to space.exploration.mars.rover.curiosity.1529178950953
11877 [space.exploration.mars.rover.curiosity.1529178950953_zion-mainframe-1529178951167-150b15c9-leader-finder-thread] INFO kafka.utils.VerifiableProperties  - Property metadata.broker.list is overridden to zion-mainframe:9092
11877 [space.exploration.mars.rover.curiosity.1529178950953_zion-mainframe-1529178951167-150b15c9-leader-finder-thread] INFO kafka.utils.VerifiableProperties  - Property request.timeout.ms is overridden to 30000
11889 [space.exploration.mars.rover.curiosity.1529178950953_zion-mainframe-1529178951167-150b15c9-leader-finder-thread] INFO kafka.client.ClientUtils$  - Fetching metadata from broker BrokerEndPoint(0,zion-mainframe,9092) with correlation id 0 for 1 topic(s) Set(curiosity_to_earth_5)
11892 [space.exploration.mars.rover.curiosity.1529178950953_zion-mainframe-1529178951167-150b15c9-leader-finder-thread] INFO kafka.producer.SyncProducer  - Connected to zion-mainframe:9092 for producing
11909 [space.exploration.mars.rover.curiosity.1529178950953_zion-mainframe-1529178951167-150b15c9-leader-finder-thread] INFO kafka.producer.SyncProducer  - Disconnecting from zion-mainframe:9092
11917 [space.exploration.mars.rover.curiosity.1529178950953_zion-mainframe-1529178951167-150b15c9-leader-finder-thread] INFO kafka.consumer.ConsumerFetcherManager  - [ConsumerFetcherManager-1529178951229] Added fetcher for partitions ArrayBuffer()
12138 [space.exploration.mars.rover.curiosity.1529178950953_zion-mainframe-1529178951167-150b15c9-leader-finder-thread] INFO kafka.utils.VerifiableProperties  - Verifying properties
12138 [space.exploration.mars.rover.curiosity.1529178950953_zion-mainframe-1529178951167-150b15c9-leader-finder-thread] INFO kafka.utils.VerifiableProperties  - Property client.id is overridden to space.exploration.mars.rover.curiosity.1529178950953
12139 [space.exploration.mars.rover.curiosity.1529178950953_zion-mainframe-1529178951167-150b15c9-leader-finder-thread] INFO kafka.utils.VerifiableProperties  - Property metadata.broker.list is overridden to zion-mainframe:9092
12139 [space.exploration.mars.rover.curiosity.1529178950953_zion-mainframe-1529178951167-150b15c9-leader-finder-thread] INFO kafka.utils.VerifiableProperties  - Property request.timeout.ms is overridden to 30000
12140 [space.exploration.mars.rover.curiosity.1529178950953_zion-mainframe-1529178951167-150b15c9-leader-finder-thread] INFO kafka.client.ClientUtils$  - Fetching metadata from broker BrokerEndPoint(0,zion-mainframe,9092) with correlation id 1 for 1 topic(s) Set(curiosity_to_earth_5)
12141 [space.exploration.mars.rover.curiosity.1529178950953_zion-mainframe-1529178951167-150b15c9-leader-finder-thread] INFO kafka.producer.SyncProducer  - Connected to zion-mainframe:9092 for producing
12171 [space.exploration.mars.rover.curiosity.1529178950953_zion-mainframe-1529178951167-150b15c9-leader-finder-thread] INFO kafka.producer.SyncProducer  - Disconnecting from zion-mainframe:9092
12187 [ConsumerFetcherThread-space.exploration.mars.rover.curiosity.1529178950953_zion-mainframe-1529178951167-150b15c9-0-0] INFO kafka.consumer.ConsumerFetcherThread  - [ConsumerFetcherThread-space.exploration.mars.rover.curiosity.1529178950953_zion-mainframe-1529178951167-150b15c9-0-0], Starting 
12208 [space.exploration.mars.rover.curiosity.1529178950953_zion-mainframe-1529178951167-150b15c9-leader-finder-thread] INFO kafka.consumer.ConsumerFetcherManager  - [ConsumerFetcherManager-1529178951229] Added fetcher for partitions ArrayBuffer([[curiosity_to_earth_5,0], initOffset -1 to broker BrokerEndPoint(0,zion-mainframe,9092)] )
18829491 [ConsumerFetcherThread-space.exploration.mars.rover.curiosity.1529178950953_zion-mainframe-1529178951167-150b15c9-0-0] INFO kafka.consumer.SimpleConsumer  - Reconnect due to error:
java.io.EOFException
	at org.apache.kafka.common.network.NetworkReceive.readFromReadableChannel(NetworkReceive.java:83)
	at kafka.network.BlockingChannel.readCompletely(BlockingChannel.scala:129)
	at kafka.network.BlockingChannel.receive(BlockingChannel.scala:120)
	at kafka.consumer.SimpleConsumer.liftedTree1$1(SimpleConsumer.scala:86)
	at kafka.consumer.SimpleConsumer.kafka$consumer$SimpleConsumer$$sendRequest(SimpleConsumer.scala:83)
	at kafka.consumer.SimpleConsumer$$anonfun$fetch$1$$anonfun$apply$mcV$sp$1.apply$mcV$sp(SimpleConsumer.scala:132)
	at kafka.consumer.SimpleConsumer$$anonfun$fetch$1$$anonfun$apply$mcV$sp$1.apply(SimpleConsumer.scala:132)
	at kafka.consumer.SimpleConsumer$$anonfun$fetch$1$$anonfun$apply$mcV$sp$1.apply(SimpleConsumer.scala:132)
	at kafka.metrics.KafkaTimer.time(KafkaTimer.scala:33)
	at kafka.consumer.SimpleConsumer$$anonfun$fetch$1.apply$mcV$sp(SimpleConsumer.scala:131)
	at kafka.consumer.SimpleConsumer$$anonfun$fetch$1.apply(SimpleConsumer.scala:131)
	at kafka.consumer.SimpleConsumer$$anonfun$fetch$1.apply(SimpleConsumer.scala:131)
	at kafka.metrics.KafkaTimer.time(KafkaTimer.scala:33)
	at kafka.consumer.SimpleConsumer.fetch(SimpleConsumer.scala:130)
	at kafka.consumer.ConsumerFetcherThread.fetch(ConsumerFetcherThread.scala:108)
	at kafka.consumer.ConsumerFetcherThread.fetch(ConsumerFetcherThread.scala:29)
	at kafka.server.AbstractFetcherThread.processFetchRequest(AbstractFetcherThread.scala:102)
	at kafka.server.AbstractFetcherThread.doWork(AbstractFetcherThread.scala:93)
	at kafka.utils.ShutdownableThread.run(ShutdownableThread.scala:63)
76045445 [main-SendThread(localhost:2181)] INFO org.apache.zookeeper.ClientCnxn  - Client session timed out, have not heard from server in 56634855ms for sessionid 0x1640a2ab8d90001, closing socket connection and attempting reconnect
76045546 [main-EventThread] INFO org.I0Itec.zkclient.ZkClient  - zookeeper state changed (Disconnected)
76047480 [main-SendThread(localhost:2181)] INFO org.apache.zookeeper.ClientCnxn  - Opening socket connection to server localhost/127.0.0.1:2181. Will not attempt to authenticate using SASL (unknown error)
76047480 [main-SendThread(localhost:2181)] INFO org.apache.zookeeper.ClientCnxn  - Socket connection established to localhost/127.0.0.1:2181, initiating session
76047481 [main-SendThread(localhost:2181)] INFO org.apache.zookeeper.ClientCnxn  - Unable to reconnect to ZooKeeper service, session 0x1640a2ab8d90001 has expired, closing socket connection
76047481 [main-EventThread] INFO org.I0Itec.zkclient.ZkClient  - zookeeper state changed (Expired)
76047481 [main-EventThread] INFO org.apache.zookeeper.ZooKeeper  - Initiating client connection, connectString=localhost:2181 sessionTimeout=6000 watcher=org.I0Itec.zkclient.ZkClient@17776a8
76047482 [main-SendThread(localhost:2181)] INFO org.apache.zookeeper.ClientCnxn  - Opening socket connection to server localhost/127.0.0.1:2181. Will not attempt to authenticate using SASL (unknown error)
76047482 [main-EventThread] INFO org.apache.zookeeper.ClientCnxn  - EventThread shut down
76047482 [main-SendThread(localhost:2181)] INFO org.apache.zookeeper.ClientCnxn  - Socket connection established to localhost/127.0.0.1:2181, initiating session
76047482 [ZkClient-EventThread-15-localhost:2181] INFO kafka.consumer.ZookeeperConsumerConnector  - [space.exploration.mars.rover.curiosity.1529178950953_zion-mainframe-1529178951167-150b15c9], ZK expired; release old broker parition ownership; re-register consumer space.exploration.mars.rover.curiosity.1529178950953_zion-mainframe-1529178951167-150b15c9
76047482 [ZkClient-EventThread-15-localhost:2181] INFO kafka.consumer.ZookeeperConsumerConnector  - [space.exploration.mars.rover.curiosity.1529178950953_zion-mainframe-1529178951167-150b15c9], begin registering consumer space.exploration.mars.rover.curiosity.1529178950953_zion-mainframe-1529178951167-150b15c9 in ZK
76047483 [ZkClient-EventThread-15-localhost:2181] INFO kafka.utils.ZKCheckedEphemeral  - Creating /consumers/space.exploration.mars.rover.curiosity.1529178950953/ids/space.exploration.mars.rover.curiosity.1529178950953_zion-mainframe-1529178951167-150b15c9 (is it secure? false)
76047486 [main-SendThread(localhost:2181)] INFO org.apache.zookeeper.ClientCnxn  - Session establishment complete on server localhost/127.0.0.1:2181, sessionid = 0x1640a2ab8d90005, negotiated timeout = 6000
76047486 [main-EventThread] INFO org.I0Itec.zkclient.ZkClient  - zookeeper state changed (SyncConnected)
76047489 [ZkClient-EventThread-15-localhost:2181] INFO kafka.utils.ZKCheckedEphemeral  - Result of znode creation is: OK
76047489 [ZkClient-EventThread-15-localhost:2181] INFO kafka.consumer.ZookeeperConsumerConnector  - [space.exploration.mars.rover.curiosity.1529178950953_zion-mainframe-1529178951167-150b15c9], end registering consumer space.exploration.mars.rover.curiosity.1529178950953_zion-mainframe-1529178951167-150b15c9 in ZK
76047489 [ZkClient-EventThread-15-localhost:2181] INFO kafka.consumer.ZookeeperConsumerConnector  - [space.exploration.mars.rover.curiosity.1529178950953_zion-mainframe-1529178951167-150b15c9], begin rebalancing consumer space.exploration.mars.rover.curiosity.1529178950953_zion-mainframe-1529178951167-150b15c9 try #0
76047500 [ZkClient-EventThread-15-localhost:2181] INFO kafka.consumer.ConsumerFetcherManager  - [ConsumerFetcherManager-1529178951229] Stopping leader finder thread
76047500 [ZkClient-EventThread-15-localhost:2181] INFO kafka.consumer.ConsumerFetcherManager$LeaderFinderThread  - [space.exploration.mars.rover.curiosity.1529178950953_zion-mainframe-1529178951167-150b15c9-leader-finder-thread], Shutting down
76047500 [space.exploration.mars.rover.curiosity.1529178950953_zion-mainframe-1529178951167-150b15c9-leader-finder-thread] INFO kafka.consumer.ConsumerFetcherManager$LeaderFinderThread  - [space.exploration.mars.rover.curiosity.1529178950953_zion-mainframe-1529178951167-150b15c9-leader-finder-thread], Stopped 
76047500 [ZkClient-EventThread-15-localhost:2181] INFO kafka.consumer.ConsumerFetcherManager$LeaderFinderThread  - [space.exploration.mars.rover.curiosity.1529178950953_zion-mainframe-1529178951167-150b15c9-leader-finder-thread], Shutdown completed
76047500 [ZkClient-EventThread-15-localhost:2181] INFO kafka.consumer.ConsumerFetcherManager  - [ConsumerFetcherManager-1529178951229] Stopping all fetchers
76047500 [ZkClient-EventThread-15-localhost:2181] INFO kafka.consumer.ConsumerFetcherThread  - [ConsumerFetcherThread-space.exploration.mars.rover.curiosity.1529178950953_zion-mainframe-1529178951167-150b15c9-0-0], Shutting down
76047503 [ConsumerFetcherThread-space.exploration.mars.rover.curiosity.1529178950953_zion-mainframe-1529178951167-150b15c9-0-0] INFO kafka.consumer.ConsumerFetcherThread  - [ConsumerFetcherThread-space.exploration.mars.rover.curiosity.1529178950953_zion-mainframe-1529178951167-150b15c9-0-0], Stopped 
76047503 [ZkClient-EventThread-15-localhost:2181] INFO kafka.consumer.ConsumerFetcherThread  - [ConsumerFetcherThread-space.exploration.mars.rover.curiosity.1529178950953_zion-mainframe-1529178951167-150b15c9-0-0], Shutdown completed
76047503 [ZkClient-EventThread-15-localhost:2181] INFO kafka.consumer.ConsumerFetcherManager  - [ConsumerFetcherManager-1529178951229] All connections stopped
76047503 [ZkClient-EventThread-15-localhost:2181] INFO kafka.consumer.ZookeeperConsumerConnector  - [space.exploration.mars.rover.curiosity.1529178950953_zion-mainframe-1529178951167-150b15c9], Cleared all relevant queues for this fetcher
76047503 [ZkClient-EventThread-15-localhost:2181] INFO kafka.consumer.ZookeeperConsumerConnector  - [space.exploration.mars.rover.curiosity.1529178950953_zion-mainframe-1529178951167-150b15c9], Cleared the data chunks in all the consumer message iterators
76047503 [ZkClient-EventThread-15-localhost:2181] INFO kafka.consumer.ZookeeperConsumerConnector  - [space.exploration.mars.rover.curiosity.1529178950953_zion-mainframe-1529178951167-150b15c9], Committing all offsets after clearing the fetcher queues
76047503 [ZkClient-EventThread-15-localhost:2181] INFO kafka.consumer.ZookeeperConsumerConnector  - [space.exploration.mars.rover.curiosity.1529178950953_zion-mainframe-1529178951167-150b15c9], Releasing partition ownership
76047511 [ZkClient-EventThread-15-localhost:2181] INFO kafka.consumer.RangeAssignor  - Consumer space.exploration.mars.rover.curiosity.1529178950953_zion-mainframe-1529178951167-150b15c9 rebalancing the following partitions: ArrayBuffer(0) for topic curiosity_to_earth_5 with consumers: List(space.exploration.mars.rover.curiosity.1529178950953_zion-mainframe-1529178951167-150b15c9-0)
76047511 [ZkClient-EventThread-15-localhost:2181] INFO kafka.consumer.RangeAssignor  - space.exploration.mars.rover.curiosity.1529178950953_zion-mainframe-1529178951167-150b15c9-0 attempting to claim partition 0
76047517 [ZkClient-EventThread-15-localhost:2181] INFO kafka.consumer.ZookeeperConsumerConnector  - [space.exploration.mars.rover.curiosity.1529178950953_zion-mainframe-1529178951167-150b15c9], space.exploration.mars.rover.curiosity.1529178950953_zion-mainframe-1529178951167-150b15c9-0 successfully owned partition 0 for topic curiosity_to_earth_5
76047519 [ZkClient-EventThread-15-localhost:2181] INFO kafka.consumer.ZookeeperConsumerConnector  - [space.exploration.mars.rover.curiosity.1529178950953_zion-mainframe-1529178951167-150b15c9], Consumer space.exploration.mars.rover.curiosity.1529178950953_zion-mainframe-1529178951167-150b15c9 selected partitions : curiosity_to_earth_5:0: fetched offset = 160: consumed offset = 160
76047519 [ZkClient-EventThread-15-localhost:2181] INFO kafka.consumer.ZookeeperConsumerConnector  - [space.exploration.mars.rover.curiosity.1529178950953_zion-mainframe-1529178951167-150b15c9], end rebalancing consumer space.exploration.mars.rover.curiosity.1529178950953_zion-mainframe-1529178951167-150b15c9 try #0
76047519 [space.exploration.mars.rover.curiosity.1529178950953_zion-mainframe-1529178951167-150b15c9-leader-finder-thread] INFO kafka.consumer.ConsumerFetcherManager$LeaderFinderThread  - [space.exploration.mars.rover.curiosity.1529178950953_zion-mainframe-1529178951167-150b15c9-leader-finder-thread], Starting 
76047520 [space.exploration.mars.rover.curiosity.1529178950953_zion-mainframe-1529178951167-150b15c9_watcher_executor] INFO kafka.consumer.ZookeeperConsumerConnector  - [space.exploration.mars.rover.curiosity.1529178950953_zion-mainframe-1529178951167-150b15c9], begin rebalancing consumer space.exploration.mars.rover.curiosity.1529178950953_zion-mainframe-1529178951167-150b15c9 try #0
76047521 [ZkClient-EventThread-15-localhost:2181] INFO kafka.consumer.ZookeeperConsumerConnector  - [space.exploration.mars.rover.curiosity.1529178950953_zion-mainframe-1529178951167-150b15c9], Topic info for path /brokers/topics/curiosity_to_earth_5 changed to {"version":1,"partitions":{"0":[0]}}, triggering rebalance
76047522 [space.exploration.mars.rover.curiosity.1529178950953_zion-mainframe-1529178951167-150b15c9-leader-finder-thread] INFO kafka.utils.VerifiableProperties  - Verifying properties
76047522 [space.exploration.mars.rover.curiosity.1529178950953_zion-mainframe-1529178951167-150b15c9-leader-finder-thread] INFO kafka.utils.VerifiableProperties  - Property client.id is overridden to space.exploration.mars.rover.curiosity.1529178950953
76047522 [space.exploration.mars.rover.curiosity.1529178950953_zion-mainframe-1529178951167-150b15c9-leader-finder-thread] INFO kafka.utils.VerifiableProperties  - Property metadata.broker.list is overridden to zion-mainframe:9092
76047522 [space.exploration.mars.rover.curiosity.1529178950953_zion-mainframe-1529178951167-150b15c9-leader-finder-thread] INFO kafka.utils.VerifiableProperties  - Property request.timeout.ms is overridden to 30000
76047522 [space.exploration.mars.rover.curiosity.1529178950953_zion-mainframe-1529178951167-150b15c9-leader-finder-thread] INFO kafka.client.ClientUtils$  - Fetching metadata from broker BrokerEndPoint(0,zion-mainframe,9092) with correlation id 2 for 1 topic(s) Set(curiosity_to_earth_5)
76047523 [space.exploration.mars.rover.curiosity.1529178950953_zion-mainframe-1529178951167-150b15c9-leader-finder-thread] INFO kafka.producer.SyncProducer  - Connected to zion-mainframe:9092 for producing
76047529 [space.exploration.mars.rover.curiosity.1529178950953_zion-mainframe-1529178951167-150b15c9_watcher_executor] INFO kafka.consumer.ConsumerFetcherManager  - [ConsumerFetcherManager-1529178951229] Stopping leader finder thread
76047529 [space.exploration.mars.rover.curiosity.1529178950953_zion-mainframe-1529178951167-150b15c9_watcher_executor] INFO kafka.consumer.ConsumerFetcherManager$LeaderFinderThread  - [space.exploration.mars.rover.curiosity.1529178950953_zion-mainframe-1529178951167-150b15c9-leader-finder-thread], Shutting down
76047529 [space.exploration.mars.rover.curiosity.1529178950953_zion-mainframe-1529178951167-150b15c9-leader-finder-thread] INFO kafka.producer.SyncProducer  - Disconnecting from zion-mainframe:9092
76047530 [space.exploration.mars.rover.curiosity.1529178950953_zion-mainframe-1529178951167-150b15c9-leader-finder-thread] WARN kafka.client.ClientUtils$  - Fetching topic metadata with correlation id 2 for topics [Set(curiosity_to_earth_5)] from broker [BrokerEndPoint(0,zion-mainframe,9092)] failed
java.nio.channels.ClosedByInterruptException
	at java.nio.channels.spi.AbstractInterruptibleChannel.end(AbstractInterruptibleChannel.java:202)
	at sun.nio.ch.SocketChannelImpl.poll(SocketChannelImpl.java:957)
	at sun.nio.ch.SocketAdaptor$SocketInputStream.read(SocketAdaptor.java:204)
	at sun.nio.ch.ChannelInputStream.read(ChannelInputStream.java:103)
	at java.nio.channels.Channels$ReadableByteChannelImpl.read(Channels.java:385)
	at org.apache.kafka.common.network.NetworkReceive.readFromReadableChannel(NetworkReceive.java:81)
	at kafka.network.BlockingChannel.readCompletely(BlockingChannel.scala:129)
	at kafka.network.BlockingChannel.receive(BlockingChannel.scala:120)
	at kafka.producer.SyncProducer.liftedTree1$1(SyncProducer.scala:77)
	at kafka.producer.SyncProducer.kafka$producer$SyncProducer$$doSend(SyncProducer.scala:74)
	at kafka.producer.SyncProducer.send(SyncProducer.scala:119)
	at kafka.client.ClientUtils$.fetchTopicMetadata(ClientUtils.scala:59)
	at kafka.client.ClientUtils$.fetchTopicMetadata(ClientUtils.scala:94)
	at kafka.consumer.ConsumerFetcherManager$LeaderFinderThread.doWork(ConsumerFetcherManager.scala:66)
	at kafka.utils.ShutdownableThread.run(ShutdownableThread.scala:63)
76047530 [space.exploration.mars.rover.curiosity.1529178950953_zion-mainframe-1529178951167-150b15c9-leader-finder-thread] INFO kafka.producer.SyncProducer  - Disconnecting from zion-mainframe:9092
76047530 [space.exploration.mars.rover.curiosity.1529178950953_zion-mainframe-1529178951167-150b15c9-leader-finder-thread] INFO kafka.consumer.ConsumerFetcherManager$LeaderFinderThread  - [space.exploration.mars.rover.curiosity.1529178950953_zion-mainframe-1529178951167-150b15c9-leader-finder-thread], Stopped 
76047530 [space.exploration.mars.rover.curiosity.1529178950953_zion-mainframe-1529178951167-150b15c9_watcher_executor] INFO kafka.consumer.ConsumerFetcherManager$LeaderFinderThread  - [space.exploration.mars.rover.curiosity.1529178950953_zion-mainframe-1529178951167-150b15c9-leader-finder-thread], Shutdown completed
76047530 [space.exploration.mars.rover.curiosity.1529178950953_zion-mainframe-1529178951167-150b15c9_watcher_executor] INFO kafka.consumer.ConsumerFetcherManager  - [ConsumerFetcherManager-1529178951229] Stopping all fetchers
76047530 [space.exploration.mars.rover.curiosity.1529178950953_zion-mainframe-1529178951167-150b15c9_watcher_executor] INFO kafka.consumer.ConsumerFetcherManager  - [ConsumerFetcherManager-1529178951229] All connections stopped
76047530 [space.exploration.mars.rover.curiosity.1529178950953_zion-mainframe-1529178951167-150b15c9_watcher_executor] INFO kafka.consumer.ZookeeperConsumerConnector  - [space.exploration.mars.rover.curiosity.1529178950953_zion-mainframe-1529178951167-150b15c9], Cleared all relevant queues for this fetcher
76047530 [space.exploration.mars.rover.curiosity.1529178950953_zion-mainframe-1529178951167-150b15c9_watcher_executor] INFO kafka.consumer.ZookeeperConsumerConnector  - [space.exploration.mars.rover.curiosity.1529178950953_zion-mainframe-1529178951167-150b15c9], Cleared the data chunks in all the consumer message iterators
76047530 [space.exploration.mars.rover.curiosity.1529178950953_zion-mainframe-1529178951167-150b15c9_watcher_executor] INFO kafka.consumer.ZookeeperConsumerConnector  - [space.exploration.mars.rover.curiosity.1529178950953_zion-mainframe-1529178951167-150b15c9], Committing all offsets after clearing the fetcher queues
76047530 [space.exploration.mars.rover.curiosity.1529178950953_zion-mainframe-1529178951167-150b15c9_watcher_executor] INFO kafka.consumer.ZookeeperConsumerConnector  - [space.exploration.mars.rover.curiosity.1529178950953_zion-mainframe-1529178951167-150b15c9], Releasing partition ownership
76047540 [space.exploration.mars.rover.curiosity.1529178950953_zion-mainframe-1529178951167-150b15c9_watcher_executor] INFO kafka.consumer.RangeAssignor  - Consumer space.exploration.mars.rover.curiosity.1529178950953_zion-mainframe-1529178951167-150b15c9 rebalancing the following partitions: ArrayBuffer(0) for topic curiosity_to_earth_5 with consumers: List(space.exploration.mars.rover.curiosity.1529178950953_zion-mainframe-1529178951167-150b15c9-0)
76047540 [space.exploration.mars.rover.curiosity.1529178950953_zion-mainframe-1529178951167-150b15c9_watcher_executor] INFO kafka.consumer.RangeAssignor  - space.exploration.mars.rover.curiosity.1529178950953_zion-mainframe-1529178951167-150b15c9-0 attempting to claim partition 0
76047542 [space.exploration.mars.rover.curiosity.1529178950953_zion-mainframe-1529178951167-150b15c9_watcher_executor] INFO kafka.consumer.ZookeeperConsumerConnector  - [space.exploration.mars.rover.curiosity.1529178950953_zion-mainframe-1529178951167-150b15c9], space.exploration.mars.rover.curiosity.1529178950953_zion-mainframe-1529178951167-150b15c9-0 successfully owned partition 0 for topic curiosity_to_earth_5
76047542 [space.exploration.mars.rover.curiosity.1529178950953_zion-mainframe-1529178951167-150b15c9_watcher_executor] INFO kafka.consumer.ZookeeperConsumerConnector  - [space.exploration.mars.rover.curiosity.1529178950953_zion-mainframe-1529178951167-150b15c9], Consumer space.exploration.mars.rover.curiosity.1529178950953_zion-mainframe-1529178951167-150b15c9 selected partitions : curiosity_to_earth_5:0: fetched offset = 160: consumed offset = 160
76047543 [space.exploration.mars.rover.curiosity.1529178950953_zion-mainframe-1529178951167-150b15c9_watcher_executor] INFO kafka.consumer.ZookeeperConsumerConnector  - [space.exploration.mars.rover.curiosity.1529178950953_zion-mainframe-1529178951167-150b15c9], end rebalancing consumer space.exploration.mars.rover.curiosity.1529178950953_zion-mainframe-1529178951167-150b15c9 try #0
76047543 [space.exploration.mars.rover.curiosity.1529178950953_zion-mainframe-1529178951167-150b15c9-leader-finder-thread] INFO kafka.consumer.ConsumerFetcherManager$LeaderFinderThread  - [space.exploration.mars.rover.curiosity.1529178950953_zion-mainframe-1529178951167-150b15c9-leader-finder-thread], Starting 
76047543 [space.exploration.mars.rover.curiosity.1529178950953_zion-mainframe-1529178951167-150b15c9_watcher_executor] INFO kafka.consumer.ZookeeperConsumerConnector  - [space.exploration.mars.rover.curiosity.1529178950953_zion-mainframe-1529178951167-150b15c9], begin rebalancing consumer space.exploration.mars.rover.curiosity.1529178950953_zion-mainframe-1529178951167-150b15c9 try #0
76047546 [space.exploration.mars.rover.curiosity.1529178950953_zion-mainframe-1529178951167-150b15c9-leader-finder-thread] INFO kafka.utils.VerifiableProperties  - Verifying properties
76047546 [space.exploration.mars.rover.curiosity.1529178950953_zion-mainframe-1529178951167-150b15c9-leader-finder-thread] INFO kafka.utils.VerifiableProperties  - Property client.id is overridden to space.exploration.mars.rover.curiosity.1529178950953
76047546 [space.exploration.mars.rover.curiosity.1529178950953_zion-mainframe-1529178951167-150b15c9-leader-finder-thread] INFO kafka.utils.VerifiableProperties  - Property metadata.broker.list is overridden to zion-mainframe:9092
76047546 [space.exploration.mars.rover.curiosity.1529178950953_zion-mainframe-1529178951167-150b15c9-leader-finder-thread] INFO kafka.utils.VerifiableProperties  - Property request.timeout.ms is overridden to 30000
76047546 [space.exploration.mars.rover.curiosity.1529178950953_zion-mainframe-1529178951167-150b15c9-leader-finder-thread] INFO kafka.client.ClientUtils$  - Fetching metadata from broker BrokerEndPoint(0,zion-mainframe,9092) with correlation id 3 for 1 topic(s) Set(curiosity_to_earth_5)
76047546 [space.exploration.mars.rover.curiosity.1529178950953_zion-mainframe-1529178951167-150b15c9-leader-finder-thread] INFO kafka.producer.SyncProducer  - Connected to zion-mainframe:9092 for producing
76047547 [space.exploration.mars.rover.curiosity.1529178950953_zion-mainframe-1529178951167-150b15c9-leader-finder-thread] INFO kafka.producer.SyncProducer  - Disconnecting from zion-mainframe:9092
76047549 [ConsumerFetcherThread-space.exploration.mars.rover.curiosity.1529178950953_zion-mainframe-1529178951167-150b15c9-0-0] INFO kafka.consumer.ConsumerFetcherThread  - [ConsumerFetcherThread-space.exploration.mars.rover.curiosity.1529178950953_zion-mainframe-1529178951167-150b15c9-0-0], Starting 
76047549 [space.exploration.mars.rover.curiosity.1529178950953_zion-mainframe-1529178951167-150b15c9-leader-finder-thread] INFO kafka.consumer.ConsumerFetcherManager  - [ConsumerFetcherManager-1529178951229] Added fetcher for partitions ArrayBuffer([[curiosity_to_earth_5,0], initOffset 160 to broker BrokerEndPoint(0,zion-mainframe,9092)] )
76047550 [space.exploration.mars.rover.curiosity.1529178950953_zion-mainframe-1529178951167-150b15c9_watcher_executor] INFO kafka.consumer.ConsumerFetcherManager  - [ConsumerFetcherManager-1529178951229] Stopping leader finder thread
76047550 [space.exploration.mars.rover.curiosity.1529178950953_zion-mainframe-1529178951167-150b15c9_watcher_executor] INFO kafka.consumer.ConsumerFetcherManager$LeaderFinderThread  - [space.exploration.mars.rover.curiosity.1529178950953_zion-mainframe-1529178951167-150b15c9-leader-finder-thread], Shutting down
76047550 [space.exploration.mars.rover.curiosity.1529178950953_zion-mainframe-1529178951167-150b15c9-leader-finder-thread] INFO kafka.consumer.ConsumerFetcherManager$LeaderFinderThread  - [space.exploration.mars.rover.curiosity.1529178950953_zion-mainframe-1529178951167-150b15c9-leader-finder-thread], Stopped 
76047550 [space.exploration.mars.rover.curiosity.1529178950953_zion-mainframe-1529178951167-150b15c9_watcher_executor] INFO kafka.consumer.ConsumerFetcherManager$LeaderFinderThread  - [space.exploration.mars.rover.curiosity.1529178950953_zion-mainframe-1529178951167-150b15c9-leader-finder-thread], Shutdown completed
76047551 [space.exploration.mars.rover.curiosity.1529178950953_zion-mainframe-1529178951167-150b15c9_watcher_executor] INFO kafka.consumer.ConsumerFetcherManager  - [ConsumerFetcherManager-1529178951229] Stopping all fetchers
76047551 [space.exploration.mars.rover.curiosity.1529178950953_zion-mainframe-1529178951167-150b15c9_watcher_executor] INFO kafka.consumer.ConsumerFetcherThread  - [ConsumerFetcherThread-space.exploration.mars.rover.curiosity.1529178950953_zion-mainframe-1529178951167-150b15c9-0-0], Shutting down
76047551 [ConsumerFetcherThread-space.exploration.mars.rover.curiosity.1529178950953_zion-mainframe-1529178951167-150b15c9-0-0] INFO kafka.consumer.ConsumerFetcherThread  - [ConsumerFetcherThread-space.exploration.mars.rover.curiosity.1529178950953_zion-mainframe-1529178951167-150b15c9-0-0], Stopped 
76047551 [space.exploration.mars.rover.curiosity.1529178950953_zion-mainframe-1529178951167-150b15c9_watcher_executor] INFO kafka.consumer.ConsumerFetcherThread  - [ConsumerFetcherThread-space.exploration.mars.rover.curiosity.1529178950953_zion-mainframe-1529178951167-150b15c9-0-0], Shutdown completed
76047551 [space.exploration.mars.rover.curiosity.1529178950953_zion-mainframe-1529178951167-150b15c9_watcher_executor] INFO kafka.consumer.ConsumerFetcherManager  - [ConsumerFetcherManager-1529178951229] All connections stopped
76047551 [space.exploration.mars.rover.curiosity.1529178950953_zion-mainframe-1529178951167-150b15c9_watcher_executor] INFO kafka.consumer.ZookeeperConsumerConnector  - [space.exploration.mars.rover.curiosity.1529178950953_zion-mainframe-1529178951167-150b15c9], Cleared all relevant queues for this fetcher
76047551 [space.exploration.mars.rover.curiosity.1529178950953_zion-mainframe-1529178951167-150b15c9_watcher_executor] INFO kafka.consumer.ZookeeperConsumerConnector  - [space.exploration.mars.rover.curiosity.1529178950953_zion-mainframe-1529178951167-150b15c9], Cleared the data chunks in all the consumer message iterators
76047551 [space.exploration.mars.rover.curiosity.1529178950953_zion-mainframe-1529178951167-150b15c9_watcher_executor] INFO kafka.consumer.ZookeeperConsumerConnector  - [space.exploration.mars.rover.curiosity.1529178950953_zion-mainframe-1529178951167-150b15c9], Committing all offsets after clearing the fetcher queues
76047551 [space.exploration.mars.rover.curiosity.1529178950953_zion-mainframe-1529178951167-150b15c9_watcher_executor] INFO kafka.consumer.ZookeeperConsumerConnector  - [space.exploration.mars.rover.curiosity.1529178950953_zion-mainframe-1529178951167-150b15c9], Releasing partition ownership
76047558 [space.exploration.mars.rover.curiosity.1529178950953_zion-mainframe-1529178951167-150b15c9_watcher_executor] INFO kafka.consumer.RangeAssignor  - Consumer space.exploration.mars.rover.curiosity.1529178950953_zion-mainframe-1529178951167-150b15c9 rebalancing the following partitions: ArrayBuffer(0) for topic curiosity_to_earth_5 with consumers: List(space.exploration.mars.rover.curiosity.1529178950953_zion-mainframe-1529178951167-150b15c9-0)
76047558 [space.exploration.mars.rover.curiosity.1529178950953_zion-mainframe-1529178951167-150b15c9_watcher_executor] INFO kafka.consumer.RangeAssignor  - space.exploration.mars.rover.curiosity.1529178950953_zion-mainframe-1529178951167-150b15c9-0 attempting to claim partition 0
76047559 [space.exploration.mars.rover.curiosity.1529178950953_zion-mainframe-1529178951167-150b15c9_watcher_executor] INFO kafka.consumer.ZookeeperConsumerConnector  - [space.exploration.mars.rover.curiosity.1529178950953_zion-mainframe-1529178951167-150b15c9], space.exploration.mars.rover.curiosity.1529178950953_zion-mainframe-1529178951167-150b15c9-0 successfully owned partition 0 for topic curiosity_to_earth_5
76047560 [space.exploration.mars.rover.curiosity.1529178950953_zion-mainframe-1529178951167-150b15c9_watcher_executor] INFO kafka.consumer.ZookeeperConsumerConnector  - [space.exploration.mars.rover.curiosity.1529178950953_zion-mainframe-1529178951167-150b15c9], Consumer space.exploration.mars.rover.curiosity.1529178950953_zion-mainframe-1529178951167-150b15c9 selected partitions : curiosity_to_earth_5:0: fetched offset = 160: consumed offset = 160
76047560 [space.exploration.mars.rover.curiosity.1529178950953_zion-mainframe-1529178951167-150b15c9_watcher_executor] INFO kafka.consumer.ZookeeperConsumerConnector  - [space.exploration.mars.rover.curiosity.1529178950953_zion-mainframe-1529178951167-150b15c9], end rebalancing consumer space.exploration.mars.rover.curiosity.1529178950953_zion-mainframe-1529178951167-150b15c9 try #0
76047560 [space.exploration.mars.rover.curiosity.1529178950953_zion-mainframe-1529178951167-150b15c9-leader-finder-thread] INFO kafka.consumer.ConsumerFetcherManager$LeaderFinderThread  - [space.exploration.mars.rover.curiosity.1529178950953_zion-mainframe-1529178951167-150b15c9-leader-finder-thread], Starting 
76047563 [space.exploration.mars.rover.curiosity.1529178950953_zion-mainframe-1529178951167-150b15c9-leader-finder-thread] INFO kafka.utils.VerifiableProperties  - Verifying properties
76047563 [space.exploration.mars.rover.curiosity.1529178950953_zion-mainframe-1529178951167-150b15c9-leader-finder-thread] INFO kafka.utils.VerifiableProperties  - Property client.id is overridden to space.exploration.mars.rover.curiosity.1529178950953
76047563 [space.exploration.mars.rover.curiosity.1529178950953_zion-mainframe-1529178951167-150b15c9-leader-finder-thread] INFO kafka.utils.VerifiableProperties  - Property metadata.broker.list is overridden to zion-mainframe:9092
76047563 [space.exploration.mars.rover.curiosity.1529178950953_zion-mainframe-1529178951167-150b15c9-leader-finder-thread] INFO kafka.utils.VerifiableProperties  - Property request.timeout.ms is overridden to 30000
76047563 [space.exploration.mars.rover.curiosity.1529178950953_zion-mainframe-1529178951167-150b15c9-leader-finder-thread] INFO kafka.client.ClientUtils$  - Fetching metadata from broker BrokerEndPoint(0,zion-mainframe,9092) with correlation id 4 for 1 topic(s) Set(curiosity_to_earth_5)
76047563 [space.exploration.mars.rover.curiosity.1529178950953_zion-mainframe-1529178951167-150b15c9-leader-finder-thread] INFO kafka.producer.SyncProducer  - Connected to zion-mainframe:9092 for producing
76047564 [space.exploration.mars.rover.curiosity.1529178950953_zion-mainframe-1529178951167-150b15c9-leader-finder-thread] INFO kafka.producer.SyncProducer  - Disconnecting from zion-mainframe:9092
76047566 [ConsumerFetcherThread-space.exploration.mars.rover.curiosity.1529178950953_zion-mainframe-1529178951167-150b15c9-0-0] INFO kafka.consumer.ConsumerFetcherThread  - [ConsumerFetcherThread-space.exploration.mars.rover.curiosity.1529178950953_zion-mainframe-1529178951167-150b15c9-0-0], Starting 
76047566 [space.exploration.mars.rover.curiosity.1529178950953_zion-mainframe-1529178951167-150b15c9-leader-finder-thread] INFO kafka.consumer.ConsumerFetcherManager  - [ConsumerFetcherManager-1529178951229] Added fetcher for partitions ArrayBuffer([[curiosity_to_earth_5,0], initOffset 160 to broker BrokerEndPoint(0,zion-mainframe,9092)] )
