0 [main] INFO kafka.utils.VerifiableProperties  - Verifying properties
28 [main] WARN kafka.utils.VerifiableProperties  - Property auto.offset.reset is not valid
28 [main] WARN kafka.utils.VerifiableProperties  - Property bootstrap.servers is not valid
28 [main] WARN kafka.utils.VerifiableProperties  - Property destination.topic is not valid
28 [main] WARN kafka.utils.VerifiableProperties  - Property group.id is not valid
28 [main] WARN kafka.utils.VerifiableProperties  - Property key.serializer is not valid
29 [main] INFO kafka.utils.VerifiableProperties  - Property metadata.broker.list is overridden to localhost:9092
29 [main] WARN kafka.utils.VerifiableProperties  - Property source.topic is not valid
29 [main] WARN kafka.utils.VerifiableProperties  - Property value.serializer is not valid
29 [main] WARN kafka.utils.VerifiableProperties  - Property zookeeper.connect is not valid
148 [main] INFO kafka.client.ClientUtils$  - Fetching metadata from broker BrokerEndPoint(0,localhost,9092) with correlation id 0 for 1 topic(s) Set(earth_to_curiosity_5)
215 [main] INFO kafka.producer.SyncProducer  - Connected to localhost:9092 for producing
230 [main] INFO kafka.producer.SyncProducer  - Disconnecting from localhost:9092
264 [main] INFO kafka.producer.SyncProducer  - Connected to zion-mainframe:9092 for producing
630414 [main] INFO kafka.client.ClientUtils$  - Fetching metadata from broker BrokerEndPoint(0,localhost,9092) with correlation id 41 for 1 topic(s) Set(earth_to_curiosity_5)
630415 [main] INFO kafka.producer.SyncProducer  - Connected to localhost:9092 for producing
630417 [main] INFO kafka.producer.SyncProducer  - Disconnecting from localhost:9092
630418 [main] INFO kafka.producer.SyncProducer  - Disconnecting from zion-mainframe:9092
630423 [main] INFO kafka.producer.SyncProducer  - Connected to zion-mainframe:9092 for producing
1260514 [main] INFO kafka.client.ClientUtils$  - Fetching metadata from broker BrokerEndPoint(0,localhost,9092) with correlation id 82 for 1 topic(s) Set(earth_to_curiosity_5)
1260515 [main] INFO kafka.producer.SyncProducer  - Connected to localhost:9092 for producing
1260517 [main] INFO kafka.producer.SyncProducer  - Disconnecting from localhost:9092
1260518 [main] INFO kafka.producer.SyncProducer  - Disconnecting from zion-mainframe:9092
1260519 [main] INFO kafka.producer.SyncProducer  - Connected to zion-mainframe:9092 for producing
1890587 [main] INFO kafka.client.ClientUtils$  - Fetching metadata from broker BrokerEndPoint(0,localhost,9092) with correlation id 123 for 1 topic(s) Set(earth_to_curiosity_5)
1890588 [main] INFO kafka.producer.SyncProducer  - Connected to localhost:9092 for producing
1890590 [main] INFO kafka.producer.SyncProducer  - Disconnecting from localhost:9092
1890591 [main] INFO kafka.producer.SyncProducer  - Disconnecting from zion-mainframe:9092
1890596 [main] INFO kafka.producer.SyncProducer  - Connected to zion-mainframe:9092 for producing
2520663 [main] INFO kafka.client.ClientUtils$  - Fetching metadata from broker BrokerEndPoint(0,localhost,9092) with correlation id 164 for 1 topic(s) Set(earth_to_curiosity_5)
2520664 [main] INFO kafka.producer.SyncProducer  - Connected to localhost:9092 for producing
2520668 [main] INFO kafka.producer.SyncProducer  - Disconnecting from localhost:9092
2520669 [main] INFO kafka.producer.SyncProducer  - Disconnecting from zion-mainframe:9092
2520674 [main] INFO kafka.producer.SyncProducer  - Connected to zion-mainframe:9092 for producing
3150732 [main] INFO kafka.client.ClientUtils$  - Fetching metadata from broker BrokerEndPoint(0,localhost,9092) with correlation id 205 for 1 topic(s) Set(earth_to_curiosity_5)
3150733 [main] INFO kafka.producer.SyncProducer  - Connected to localhost:9092 for producing
3150736 [main] INFO kafka.producer.SyncProducer  - Disconnecting from localhost:9092
3150736 [main] INFO kafka.producer.SyncProducer  - Disconnecting from zion-mainframe:9092
3150741 [main] INFO kafka.producer.SyncProducer  - Connected to zion-mainframe:9092 for producing
3780803 [main] INFO kafka.client.ClientUtils$  - Fetching metadata from broker BrokerEndPoint(0,localhost,9092) with correlation id 246 for 1 topic(s) Set(earth_to_curiosity_5)
3780804 [main] INFO kafka.producer.SyncProducer  - Connected to localhost:9092 for producing
3780806 [main] INFO kafka.producer.SyncProducer  - Disconnecting from localhost:9092
3780807 [main] INFO kafka.producer.SyncProducer  - Disconnecting from zion-mainframe:9092
3780813 [main] INFO kafka.producer.SyncProducer  - Connected to zion-mainframe:9092 for producing
4410865 [main] INFO kafka.client.ClientUtils$  - Fetching metadata from broker BrokerEndPoint(0,localhost,9092) with correlation id 287 for 1 topic(s) Set(earth_to_curiosity_5)
4410866 [main] INFO kafka.producer.SyncProducer  - Connected to localhost:9092 for producing
4410867 [main] INFO kafka.producer.SyncProducer  - Disconnecting from localhost:9092
4410867 [main] INFO kafka.producer.SyncProducer  - Disconnecting from zion-mainframe:9092
4410868 [main] INFO kafka.producer.SyncProducer  - Connected to zion-mainframe:9092 for producing
5040914 [main] INFO kafka.client.ClientUtils$  - Fetching metadata from broker BrokerEndPoint(0,localhost,9092) with correlation id 328 for 1 topic(s) Set(earth_to_curiosity_5)
5040916 [main] INFO kafka.producer.SyncProducer  - Connected to localhost:9092 for producing
5040918 [main] INFO kafka.producer.SyncProducer  - Disconnecting from localhost:9092
5040918 [main] INFO kafka.producer.SyncProducer  - Disconnecting from zion-mainframe:9092
5040923 [main] INFO kafka.producer.SyncProducer  - Connected to zion-mainframe:9092 for producing
5670974 [main] INFO kafka.client.ClientUtils$  - Fetching metadata from broker BrokerEndPoint(0,localhost,9092) with correlation id 369 for 1 topic(s) Set(earth_to_curiosity_5)
5670976 [main] INFO kafka.producer.SyncProducer  - Connected to localhost:9092 for producing
5670979 [main] INFO kafka.producer.SyncProducer  - Disconnecting from localhost:9092
5670979 [main] INFO kafka.producer.SyncProducer  - Disconnecting from zion-mainframe:9092
5670982 [main] INFO kafka.producer.SyncProducer  - Connected to zion-mainframe:9092 for producing
6301033 [main] INFO kafka.client.ClientUtils$  - Fetching metadata from broker BrokerEndPoint(0,localhost,9092) with correlation id 410 for 1 topic(s) Set(earth_to_curiosity_5)
6301035 [main] INFO kafka.producer.SyncProducer  - Connected to localhost:9092 for producing
6301037 [main] INFO kafka.producer.SyncProducer  - Disconnecting from localhost:9092
6301039 [main] INFO kafka.producer.SyncProducer  - Disconnecting from zion-mainframe:9092
6301043 [main] INFO kafka.producer.SyncProducer  - Connected to zion-mainframe:9092 for producing
6931086 [main] INFO kafka.client.ClientUtils$  - Fetching metadata from broker BrokerEndPoint(0,localhost,9092) with correlation id 451 for 1 topic(s) Set(earth_to_curiosity_5)
6931087 [main] INFO kafka.producer.SyncProducer  - Connected to localhost:9092 for producing
6931089 [main] INFO kafka.producer.SyncProducer  - Disconnecting from localhost:9092
6931089 [main] INFO kafka.producer.SyncProducer  - Disconnecting from zion-mainframe:9092
6931092 [main] INFO kafka.producer.SyncProducer  - Connected to zion-mainframe:9092 for producing
7561139 [main] INFO kafka.client.ClientUtils$  - Fetching metadata from broker BrokerEndPoint(0,localhost,9092) with correlation id 492 for 1 topic(s) Set(earth_to_curiosity_5)
7561140 [main] INFO kafka.producer.SyncProducer  - Connected to localhost:9092 for producing
7561142 [main] INFO kafka.producer.SyncProducer  - Disconnecting from localhost:9092
7561142 [main] INFO kafka.producer.SyncProducer  - Disconnecting from zion-mainframe:9092
7561143 [main] INFO kafka.producer.SyncProducer  - Connected to zion-mainframe:9092 for producing
8191186 [main] INFO kafka.client.ClientUtils$  - Fetching metadata from broker BrokerEndPoint(0,localhost,9092) with correlation id 533 for 1 topic(s) Set(earth_to_curiosity_5)
8191187 [main] INFO kafka.producer.SyncProducer  - Connected to localhost:9092 for producing
8191189 [main] INFO kafka.producer.SyncProducer  - Disconnecting from localhost:9092
8191189 [main] INFO kafka.producer.SyncProducer  - Disconnecting from zion-mainframe:9092
8191192 [main] INFO kafka.producer.SyncProducer  - Connected to zion-mainframe:9092 for producing
8821228 [main] INFO kafka.client.ClientUtils$  - Fetching metadata from broker BrokerEndPoint(0,localhost,9092) with correlation id 574 for 1 topic(s) Set(earth_to_curiosity_5)
8821229 [main] INFO kafka.producer.SyncProducer  - Connected to localhost:9092 for producing
8821231 [main] INFO kafka.producer.SyncProducer  - Disconnecting from localhost:9092
8821231 [main] INFO kafka.producer.SyncProducer  - Disconnecting from zion-mainframe:9092
8821233 [main] INFO kafka.producer.SyncProducer  - Connected to zion-mainframe:9092 for producing
9451271 [main] INFO kafka.client.ClientUtils$  - Fetching metadata from broker BrokerEndPoint(0,localhost,9092) with correlation id 615 for 1 topic(s) Set(earth_to_curiosity_5)
9451272 [main] INFO kafka.producer.SyncProducer  - Connected to localhost:9092 for producing
9451274 [main] INFO kafka.producer.SyncProducer  - Disconnecting from localhost:9092
9451275 [main] INFO kafka.producer.SyncProducer  - Disconnecting from zion-mainframe:9092
9451278 [main] INFO kafka.producer.SyncProducer  - Connected to zion-mainframe:9092 for producing
10081317 [main] INFO kafka.client.ClientUtils$  - Fetching metadata from broker BrokerEndPoint(0,localhost,9092) with correlation id 656 for 1 topic(s) Set(earth_to_curiosity_5)
10081318 [main] INFO kafka.producer.SyncProducer  - Connected to localhost:9092 for producing
10081319 [main] INFO kafka.producer.SyncProducer  - Disconnecting from localhost:9092
10081320 [main] INFO kafka.producer.SyncProducer  - Disconnecting from zion-mainframe:9092
10081323 [main] INFO kafka.producer.SyncProducer  - Connected to zion-mainframe:9092 for producing
10711356 [main] INFO kafka.client.ClientUtils$  - Fetching metadata from broker BrokerEndPoint(0,localhost,9092) with correlation id 697 for 1 topic(s) Set(earth_to_curiosity_5)
10711357 [main] INFO kafka.producer.SyncProducer  - Connected to localhost:9092 for producing
10711359 [main] INFO kafka.producer.SyncProducer  - Disconnecting from localhost:9092
10711360 [main] INFO kafka.producer.SyncProducer  - Disconnecting from zion-mainframe:9092
10711362 [main] INFO kafka.producer.SyncProducer  - Connected to zion-mainframe:9092 for producing
11341416 [main] INFO kafka.client.ClientUtils$  - Fetching metadata from broker BrokerEndPoint(0,localhost,9092) with correlation id 738 for 1 topic(s) Set(earth_to_curiosity_5)
11341417 [main] INFO kafka.producer.SyncProducer  - Connected to localhost:9092 for producing
11341418 [main] INFO kafka.producer.SyncProducer  - Disconnecting from localhost:9092
11341419 [main] INFO kafka.producer.SyncProducer  - Disconnecting from zion-mainframe:9092
11341420 [main] INFO kafka.producer.SyncProducer  - Connected to zion-mainframe:9092 for producing
11971454 [main] INFO kafka.client.ClientUtils$  - Fetching metadata from broker BrokerEndPoint(0,localhost,9092) with correlation id 779 for 1 topic(s) Set(earth_to_curiosity_5)
11971455 [main] INFO kafka.producer.SyncProducer  - Connected to localhost:9092 for producing
11971459 [main] INFO kafka.producer.SyncProducer  - Disconnecting from localhost:9092
11971459 [main] INFO kafka.producer.SyncProducer  - Disconnecting from zion-mainframe:9092
11971463 [main] INFO kafka.producer.SyncProducer  - Connected to zion-mainframe:9092 for producing
12601497 [main] INFO kafka.client.ClientUtils$  - Fetching metadata from broker BrokerEndPoint(0,localhost,9092) with correlation id 820 for 1 topic(s) Set(earth_to_curiosity_5)
12601498 [main] INFO kafka.producer.SyncProducer  - Connected to localhost:9092 for producing
12601500 [main] INFO kafka.producer.SyncProducer  - Disconnecting from localhost:9092
12601500 [main] INFO kafka.producer.SyncProducer  - Disconnecting from zion-mainframe:9092
12601502 [main] INFO kafka.producer.SyncProducer  - Connected to zion-mainframe:9092 for producing
13231532 [main] INFO kafka.client.ClientUtils$  - Fetching metadata from broker BrokerEndPoint(0,localhost,9092) with correlation id 861 for 1 topic(s) Set(earth_to_curiosity_5)
13231533 [main] INFO kafka.producer.SyncProducer  - Connected to localhost:9092 for producing
13231536 [main] INFO kafka.producer.SyncProducer  - Disconnecting from localhost:9092
13231536 [main] INFO kafka.producer.SyncProducer  - Disconnecting from zion-mainframe:9092
13231541 [main] INFO kafka.producer.SyncProducer  - Connected to zion-mainframe:9092 for producing
13861572 [main] INFO kafka.client.ClientUtils$  - Fetching metadata from broker BrokerEndPoint(0,localhost,9092) with correlation id 902 for 1 topic(s) Set(earth_to_curiosity_5)
13861573 [main] INFO kafka.producer.SyncProducer  - Connected to localhost:9092 for producing
13861575 [main] INFO kafka.producer.SyncProducer  - Disconnecting from localhost:9092
13861576 [main] INFO kafka.producer.SyncProducer  - Disconnecting from zion-mainframe:9092
13861578 [main] INFO kafka.producer.SyncProducer  - Connected to zion-mainframe:9092 for producing
