0 [main] INFO kafka.utils.VerifiableProperties  - Verifying properties
74 [main] WARN kafka.utils.VerifiableProperties  - Property auto.offset.reset is not valid
74 [main] WARN kafka.utils.VerifiableProperties  - Property bootstrap.servers is not valid
74 [main] WARN kafka.utils.VerifiableProperties  - Property destination.topic is not valid
75 [main] WARN kafka.utils.VerifiableProperties  - Property group.id is not valid
75 [main] WARN kafka.utils.VerifiableProperties  - Property key.serializer is not valid
75 [main] INFO kafka.utils.VerifiableProperties  - Property metadata.broker.list is overridden to localhost:9092
76 [main] WARN kafka.utils.VerifiableProperties  - Property source.topic is not valid
76 [main] WARN kafka.utils.VerifiableProperties  - Property value.serializer is not valid
76 [main] WARN kafka.utils.VerifiableProperties  - Property zookeeper.connect is not valid
245 [main] INFO kafka.client.ClientUtils$  - Fetching metadata from broker BrokerEndPoint(0,localhost,9092) with correlation id 0 for 1 topic(s) Set(earth_to_curiosity_5)
375 [main] INFO kafka.producer.SyncProducer  - Connected to localhost:9092 for producing
394 [main] INFO kafka.producer.SyncProducer  - Disconnecting from localhost:9092
449 [main] INFO kafka.producer.SyncProducer  - Connected to zion-mainframe:9092 for producing
615511 [main] INFO kafka.client.ClientUtils$  - Fetching metadata from broker BrokerEndPoint(0,localhost,9092) with correlation id 21 for 1 topic(s) Set(earth_to_curiosity_5)
615513 [main] INFO kafka.producer.SyncProducer  - Connected to localhost:9092 for producing
615519 [main] INFO kafka.producer.SyncProducer  - Disconnecting from localhost:9092
615522 [main] INFO kafka.producer.SyncProducer  - Disconnecting from zion-mainframe:9092
615532 [main] INFO kafka.producer.SyncProducer  - Connected to zion-mainframe:9092 for producing
1230591 [main] INFO kafka.client.ClientUtils$  - Fetching metadata from broker BrokerEndPoint(0,localhost,9092) with correlation id 42 for 1 topic(s) Set(earth_to_curiosity_5)
1230593 [main] INFO kafka.producer.SyncProducer  - Connected to localhost:9092 for producing
1230596 [main] INFO kafka.producer.SyncProducer  - Disconnecting from localhost:9092
1230597 [main] INFO kafka.producer.SyncProducer  - Disconnecting from zion-mainframe:9092
1230602 [main] INFO kafka.producer.SyncProducer  - Connected to zion-mainframe:9092 for producing
1845651 [main] INFO kafka.client.ClientUtils$  - Fetching metadata from broker BrokerEndPoint(0,localhost,9092) with correlation id 63 for 1 topic(s) Set(earth_to_curiosity_5)
1845653 [main] INFO kafka.producer.SyncProducer  - Connected to localhost:9092 for producing
1845657 [main] INFO kafka.producer.SyncProducer  - Disconnecting from localhost:9092
1845657 [main] INFO kafka.producer.SyncProducer  - Disconnecting from zion-mainframe:9092
1845658 [main] INFO kafka.producer.SyncProducer  - Connected to zion-mainframe:9092 for producing
2460701 [main] INFO kafka.client.ClientUtils$  - Fetching metadata from broker BrokerEndPoint(0,localhost,9092) with correlation id 84 for 1 topic(s) Set(earth_to_curiosity_5)
2460702 [main] INFO kafka.producer.SyncProducer  - Connected to localhost:9092 for producing
2460705 [main] INFO kafka.producer.SyncProducer  - Disconnecting from localhost:9092
2460705 [main] INFO kafka.producer.SyncProducer  - Disconnecting from zion-mainframe:9092
2460709 [main] INFO kafka.producer.SyncProducer  - Connected to zion-mainframe:9092 for producing
3075745 [main] INFO kafka.client.ClientUtils$  - Fetching metadata from broker BrokerEndPoint(0,localhost,9092) with correlation id 105 for 1 topic(s) Set(earth_to_curiosity_5)
3075747 [main] INFO kafka.producer.SyncProducer  - Connected to localhost:9092 for producing
3075750 [main] INFO kafka.producer.SyncProducer  - Disconnecting from localhost:9092
3075750 [main] INFO kafka.producer.SyncProducer  - Disconnecting from zion-mainframe:9092
3075764 [main] INFO kafka.producer.SyncProducer  - Connected to zion-mainframe:9092 for producing
3690806 [main] INFO kafka.client.ClientUtils$  - Fetching metadata from broker BrokerEndPoint(0,localhost,9092) with correlation id 126 for 1 topic(s) Set(earth_to_curiosity_5)
3690808 [main] INFO kafka.producer.SyncProducer  - Connected to localhost:9092 for producing
3690811 [main] INFO kafka.producer.SyncProducer  - Disconnecting from localhost:9092
3690811 [main] INFO kafka.producer.SyncProducer  - Disconnecting from zion-mainframe:9092
3690815 [main] INFO kafka.producer.SyncProducer  - Connected to zion-mainframe:9092 for producing
4305852 [main] INFO kafka.client.ClientUtils$  - Fetching metadata from broker BrokerEndPoint(0,localhost,9092) with correlation id 147 for 1 topic(s) Set(earth_to_curiosity_5)
4305853 [main] INFO kafka.producer.SyncProducer  - Connected to localhost:9092 for producing
4305856 [main] INFO kafka.producer.SyncProducer  - Disconnecting from localhost:9092
4305856 [main] INFO kafka.producer.SyncProducer  - Disconnecting from zion-mainframe:9092
4305859 [main] INFO kafka.producer.SyncProducer  - Connected to zion-mainframe:9092 for producing
4920888 [main] INFO kafka.client.ClientUtils$  - Fetching metadata from broker BrokerEndPoint(0,localhost,9092) with correlation id 168 for 1 topic(s) Set(earth_to_curiosity_5)
4920889 [main] INFO kafka.producer.SyncProducer  - Connected to localhost:9092 for producing
4920892 [main] INFO kafka.producer.SyncProducer  - Disconnecting from localhost:9092
4920893 [main] INFO kafka.producer.SyncProducer  - Disconnecting from zion-mainframe:9092
4920896 [main] INFO kafka.producer.SyncProducer  - Connected to zion-mainframe:9092 for producing
5535928 [main] INFO kafka.client.ClientUtils$  - Fetching metadata from broker BrokerEndPoint(0,localhost,9092) with correlation id 189 for 1 topic(s) Set(earth_to_curiosity_5)
5535929 [main] INFO kafka.producer.SyncProducer  - Connected to localhost:9092 for producing
5535934 [main] INFO kafka.producer.SyncProducer  - Disconnecting from localhost:9092
5535935 [main] INFO kafka.producer.SyncProducer  - Disconnecting from zion-mainframe:9092
5535937 [main] INFO kafka.producer.SyncProducer  - Connected to zion-mainframe:9092 for producing
6150964 [main] INFO kafka.client.ClientUtils$  - Fetching metadata from broker BrokerEndPoint(0,localhost,9092) with correlation id 210 for 1 topic(s) Set(earth_to_curiosity_5)
6150966 [main] INFO kafka.producer.SyncProducer  - Connected to localhost:9092 for producing
6150968 [main] INFO kafka.producer.SyncProducer  - Disconnecting from localhost:9092
6150969 [main] INFO kafka.producer.SyncProducer  - Disconnecting from zion-mainframe:9092
6150971 [main] INFO kafka.producer.SyncProducer  - Connected to zion-mainframe:9092 for producing
6765997 [main] INFO kafka.client.ClientUtils$  - Fetching metadata from broker BrokerEndPoint(0,localhost,9092) with correlation id 231 for 1 topic(s) Set(earth_to_curiosity_5)
6765999 [main] INFO kafka.producer.SyncProducer  - Connected to localhost:9092 for producing
6766002 [main] INFO kafka.producer.SyncProducer  - Disconnecting from localhost:9092
6766002 [main] INFO kafka.producer.SyncProducer  - Disconnecting from zion-mainframe:9092
6766005 [main] INFO kafka.producer.SyncProducer  - Connected to zion-mainframe:9092 for producing
7381041 [main] INFO kafka.client.ClientUtils$  - Fetching metadata from broker BrokerEndPoint(0,localhost,9092) with correlation id 252 for 1 topic(s) Set(earth_to_curiosity_5)
7381042 [main] INFO kafka.producer.SyncProducer  - Connected to localhost:9092 for producing
7381045 [main] INFO kafka.producer.SyncProducer  - Disconnecting from localhost:9092
7381045 [main] INFO kafka.producer.SyncProducer  - Disconnecting from zion-mainframe:9092
7381049 [main] INFO kafka.producer.SyncProducer  - Connected to zion-mainframe:9092 for producing
