1 [main] INFO kafka.utils.VerifiableProperties  - Verifying properties
69 [main] WARN kafka.utils.VerifiableProperties  - Property auto.offset.reset is not valid
71 [main] WARN kafka.utils.VerifiableProperties  - Property bootstrap.servers is not valid
71 [main] WARN kafka.utils.VerifiableProperties  - Property destination.topic is not valid
71 [main] WARN kafka.utils.VerifiableProperties  - Property group.id is not valid
71 [main] WARN kafka.utils.VerifiableProperties  - Property key.serializer is not valid
72 [main] INFO kafka.utils.VerifiableProperties  - Property metadata.broker.list is overridden to localhost:9092
74 [main] WARN kafka.utils.VerifiableProperties  - Property source.topic is not valid
74 [main] WARN kafka.utils.VerifiableProperties  - Property value.serializer is not valid
74 [main] WARN kafka.utils.VerifiableProperties  - Property zookeeper.connect is not valid
392 [main] INFO kafka.client.ClientUtils$  - Fetching metadata from broker BrokerEndPoint(0,localhost,9092) with correlation id 0 for 1 topic(s) Set(earth_to_curiosity_5)
494 [main] INFO kafka.producer.SyncProducer  - Connected to localhost:9092 for producing
518 [main] INFO kafka.producer.SyncProducer  - Disconnecting from localhost:9092
563 [main] INFO kafka.producer.SyncProducer  - Connected to zion-mainframe:9092 for producing
615644 [main] INFO kafka.client.ClientUtils$  - Fetching metadata from broker BrokerEndPoint(0,localhost,9092) with correlation id 21 for 1 topic(s) Set(earth_to_curiosity_5)
615647 [main] INFO kafka.producer.SyncProducer  - Connected to localhost:9092 for producing
615649 [main] INFO kafka.producer.SyncProducer  - Disconnecting from localhost:9092
615650 [main] INFO kafka.producer.SyncProducer  - Disconnecting from zion-mainframe:9092
615659 [main] INFO kafka.producer.SyncProducer  - Connected to zion-mainframe:9092 for producing
1230711 [main] INFO kafka.client.ClientUtils$  - Fetching metadata from broker BrokerEndPoint(0,localhost,9092) with correlation id 42 for 1 topic(s) Set(earth_to_curiosity_5)
1230712 [main] INFO kafka.producer.SyncProducer  - Connected to localhost:9092 for producing
1230714 [main] INFO kafka.producer.SyncProducer  - Disconnecting from localhost:9092
1230715 [main] INFO kafka.producer.SyncProducer  - Disconnecting from zion-mainframe:9092
1230720 [main] INFO kafka.producer.SyncProducer  - Connected to zion-mainframe:9092 for producing
1845764 [main] INFO kafka.client.ClientUtils$  - Fetching metadata from broker BrokerEndPoint(0,localhost,9092) with correlation id 63 for 1 topic(s) Set(earth_to_curiosity_5)
1845766 [main] INFO kafka.producer.SyncProducer  - Connected to localhost:9092 for producing
1845768 [main] INFO kafka.producer.SyncProducer  - Disconnecting from localhost:9092
1845769 [main] INFO kafka.producer.SyncProducer  - Disconnecting from zion-mainframe:9092
1845773 [main] INFO kafka.producer.SyncProducer  - Connected to zion-mainframe:9092 for producing
2460805 [main] INFO kafka.client.ClientUtils$  - Fetching metadata from broker BrokerEndPoint(0,localhost,9092) with correlation id 84 for 1 topic(s) Set(earth_to_curiosity_5)
2460806 [main] INFO kafka.producer.SyncProducer  - Connected to localhost:9092 for producing
2460808 [main] INFO kafka.producer.SyncProducer  - Disconnecting from localhost:9092
2460809 [main] INFO kafka.producer.SyncProducer  - Disconnecting from zion-mainframe:9092
2460813 [main] INFO kafka.producer.SyncProducer  - Connected to zion-mainframe:9092 for producing
3075841 [main] INFO kafka.client.ClientUtils$  - Fetching metadata from broker BrokerEndPoint(0,localhost,9092) with correlation id 105 for 1 topic(s) Set(earth_to_curiosity_5)
3075842 [main] INFO kafka.producer.SyncProducer  - Connected to localhost:9092 for producing
3075844 [main] INFO kafka.producer.SyncProducer  - Disconnecting from localhost:9092
3075845 [main] INFO kafka.producer.SyncProducer  - Disconnecting from zion-mainframe:9092
3075848 [main] INFO kafka.producer.SyncProducer  - Connected to zion-mainframe:9092 for producing
3690885 [main] INFO kafka.client.ClientUtils$  - Fetching metadata from broker BrokerEndPoint(0,localhost,9092) with correlation id 126 for 1 topic(s) Set(earth_to_curiosity_5)
3690887 [main] INFO kafka.producer.SyncProducer  - Connected to localhost:9092 for producing
3690889 [main] INFO kafka.producer.SyncProducer  - Disconnecting from localhost:9092
3690890 [main] INFO kafka.producer.SyncProducer  - Disconnecting from zion-mainframe:9092
3690895 [main] INFO kafka.producer.SyncProducer  - Connected to zion-mainframe:9092 for producing
4305922 [main] INFO kafka.client.ClientUtils$  - Fetching metadata from broker BrokerEndPoint(0,localhost,9092) with correlation id 147 for 1 topic(s) Set(earth_to_curiosity_5)
4305923 [main] INFO kafka.producer.SyncProducer  - Connected to localhost:9092 for producing
4305926 [main] INFO kafka.producer.SyncProducer  - Disconnecting from localhost:9092
4305927 [main] INFO kafka.producer.SyncProducer  - Disconnecting from zion-mainframe:9092
4305930 [main] INFO kafka.producer.SyncProducer  - Connected to zion-mainframe:9092 for producing
4920954 [main] INFO kafka.client.ClientUtils$  - Fetching metadata from broker BrokerEndPoint(0,localhost,9092) with correlation id 168 for 1 topic(s) Set(earth_to_curiosity_5)
4920955 [main] INFO kafka.producer.SyncProducer  - Connected to localhost:9092 for producing
4920957 [main] INFO kafka.producer.SyncProducer  - Disconnecting from localhost:9092
4920957 [main] INFO kafka.producer.SyncProducer  - Disconnecting from zion-mainframe:9092
4920960 [main] INFO kafka.producer.SyncProducer  - Connected to zion-mainframe:9092 for producing
5535990 [main] INFO kafka.client.ClientUtils$  - Fetching metadata from broker BrokerEndPoint(0,localhost,9092) with correlation id 189 for 1 topic(s) Set(earth_to_curiosity_5)
5535991 [main] INFO kafka.producer.SyncProducer  - Connected to localhost:9092 for producing
5535993 [main] INFO kafka.producer.SyncProducer  - Disconnecting from localhost:9092
5535993 [main] INFO kafka.producer.SyncProducer  - Disconnecting from zion-mainframe:9092
5535996 [main] INFO kafka.producer.SyncProducer  - Connected to zion-mainframe:9092 for producing
6151022 [main] INFO kafka.client.ClientUtils$  - Fetching metadata from broker BrokerEndPoint(0,localhost,9092) with correlation id 210 for 1 topic(s) Set(earth_to_curiosity_5)
6151024 [main] INFO kafka.producer.SyncProducer  - Connected to localhost:9092 for producing
6151025 [main] INFO kafka.producer.SyncProducer  - Disconnecting from localhost:9092
6151026 [main] INFO kafka.producer.SyncProducer  - Disconnecting from zion-mainframe:9092
6151028 [main] INFO kafka.producer.SyncProducer  - Connected to zion-mainframe:9092 for producing
6766053 [main] INFO kafka.client.ClientUtils$  - Fetching metadata from broker BrokerEndPoint(0,localhost,9092) with correlation id 231 for 1 topic(s) Set(earth_to_curiosity_5)
6766054 [main] INFO kafka.producer.SyncProducer  - Connected to localhost:9092 for producing
6766054 [main] INFO kafka.producer.SyncProducer  - Disconnecting from localhost:9092
6766054 [main] INFO kafka.producer.SyncProducer  - Disconnecting from zion-mainframe:9092
6766055 [main] INFO kafka.producer.SyncProducer  - Connected to zion-mainframe:9092 for producing
7381093 [main] INFO kafka.client.ClientUtils$  - Fetching metadata from broker BrokerEndPoint(0,localhost,9092) with correlation id 252 for 1 topic(s) Set(earth_to_curiosity_5)
7381094 [main] INFO kafka.producer.SyncProducer  - Connected to localhost:9092 for producing
7381096 [main] INFO kafka.producer.SyncProducer  - Disconnecting from localhost:9092
7381096 [main] INFO kafka.producer.SyncProducer  - Disconnecting from zion-mainframe:9092
7381100 [main] INFO kafka.producer.SyncProducer  - Connected to zion-mainframe:9092 for producing
7996128 [main] INFO kafka.client.ClientUtils$  - Fetching metadata from broker BrokerEndPoint(0,localhost,9092) with correlation id 273 for 1 topic(s) Set(earth_to_curiosity_5)
7996129 [main] INFO kafka.producer.SyncProducer  - Connected to localhost:9092 for producing
7996133 [main] INFO kafka.producer.SyncProducer  - Disconnecting from localhost:9092
7996133 [main] INFO kafka.producer.SyncProducer  - Disconnecting from zion-mainframe:9092
7996138 [main] INFO kafka.producer.SyncProducer  - Connected to zion-mainframe:9092 for producing
8611160 [main] INFO kafka.client.ClientUtils$  - Fetching metadata from broker BrokerEndPoint(0,localhost,9092) with correlation id 294 for 1 topic(s) Set(earth_to_curiosity_5)
8611160 [main] INFO kafka.producer.SyncProducer  - Connected to localhost:9092 for producing
8611162 [main] INFO kafka.producer.SyncProducer  - Disconnecting from localhost:9092
8611162 [main] INFO kafka.producer.SyncProducer  - Disconnecting from zion-mainframe:9092
8611163 [main] INFO kafka.producer.SyncProducer  - Connected to zion-mainframe:9092 for producing
9226187 [main] INFO kafka.client.ClientUtils$  - Fetching metadata from broker BrokerEndPoint(0,localhost,9092) with correlation id 315 for 1 topic(s) Set(earth_to_curiosity_5)
9226188 [main] INFO kafka.producer.SyncProducer  - Connected to localhost:9092 for producing
9226189 [main] INFO kafka.producer.SyncProducer  - Disconnecting from localhost:9092
9226190 [main] INFO kafka.producer.SyncProducer  - Disconnecting from zion-mainframe:9092
9226192 [main] INFO kafka.producer.SyncProducer  - Connected to zion-mainframe:9092 for producing
9841211 [main] INFO kafka.client.ClientUtils$  - Fetching metadata from broker BrokerEndPoint(0,localhost,9092) with correlation id 336 for 1 topic(s) Set(earth_to_curiosity_5)
9841212 [main] INFO kafka.producer.SyncProducer  - Connected to localhost:9092 for producing
9841213 [main] INFO kafka.producer.SyncProducer  - Disconnecting from localhost:9092
9841213 [main] INFO kafka.producer.SyncProducer  - Disconnecting from zion-mainframe:9092
9841215 [main] INFO kafka.producer.SyncProducer  - Connected to zion-mainframe:9092 for producing
10456237 [main] INFO kafka.client.ClientUtils$  - Fetching metadata from broker BrokerEndPoint(0,localhost,9092) with correlation id 357 for 1 topic(s) Set(earth_to_curiosity_5)
10456237 [main] INFO kafka.producer.SyncProducer  - Connected to localhost:9092 for producing
10456238 [main] INFO kafka.producer.SyncProducer  - Disconnecting from localhost:9092
10456238 [main] INFO kafka.producer.SyncProducer  - Disconnecting from zion-mainframe:9092
10456239 [main] INFO kafka.producer.SyncProducer  - Connected to zion-mainframe:9092 for producing
11071263 [main] INFO kafka.client.ClientUtils$  - Fetching metadata from broker BrokerEndPoint(0,localhost,9092) with correlation id 378 for 1 topic(s) Set(earth_to_curiosity_5)
11071264 [main] INFO kafka.producer.SyncProducer  - Connected to localhost:9092 for producing
11071266 [main] INFO kafka.producer.SyncProducer  - Disconnecting from localhost:9092
11071267 [main] INFO kafka.producer.SyncProducer  - Disconnecting from zion-mainframe:9092
11071270 [main] INFO kafka.producer.SyncProducer  - Connected to zion-mainframe:9092 for producing
11686292 [main] INFO kafka.client.ClientUtils$  - Fetching metadata from broker BrokerEndPoint(0,localhost,9092) with correlation id 399 for 1 topic(s) Set(earth_to_curiosity_5)
11686293 [main] INFO kafka.producer.SyncProducer  - Connected to localhost:9092 for producing
11686295 [main] INFO kafka.producer.SyncProducer  - Disconnecting from localhost:9092
11686295 [main] INFO kafka.producer.SyncProducer  - Disconnecting from zion-mainframe:9092
11686298 [main] INFO kafka.producer.SyncProducer  - Connected to zion-mainframe:9092 for producing
12301318 [main] INFO kafka.client.ClientUtils$  - Fetching metadata from broker BrokerEndPoint(0,localhost,9092) with correlation id 420 for 1 topic(s) Set(earth_to_curiosity_5)
12301319 [main] INFO kafka.producer.SyncProducer  - Connected to localhost:9092 for producing
12301320 [main] INFO kafka.producer.SyncProducer  - Disconnecting from localhost:9092
12301321 [main] INFO kafka.producer.SyncProducer  - Disconnecting from zion-mainframe:9092
12301324 [main] INFO kafka.producer.SyncProducer  - Connected to zion-mainframe:9092 for producing
12916343 [main] INFO kafka.client.ClientUtils$  - Fetching metadata from broker BrokerEndPoint(0,localhost,9092) with correlation id 441 for 1 topic(s) Set(earth_to_curiosity_5)
12916344 [main] INFO kafka.producer.SyncProducer  - Connected to localhost:9092 for producing
12916348 [main] INFO kafka.producer.SyncProducer  - Disconnecting from localhost:9092
12916349 [main] INFO kafka.producer.SyncProducer  - Disconnecting from zion-mainframe:9092
12916352 [main] INFO kafka.producer.SyncProducer  - Connected to zion-mainframe:9092 for producing
13531369 [main] INFO kafka.client.ClientUtils$  - Fetching metadata from broker BrokerEndPoint(0,localhost,9092) with correlation id 462 for 1 topic(s) Set(earth_to_curiosity_5)
13531370 [main] INFO kafka.producer.SyncProducer  - Connected to localhost:9092 for producing
13531371 [main] INFO kafka.producer.SyncProducer  - Disconnecting from localhost:9092
13531372 [main] INFO kafka.producer.SyncProducer  - Disconnecting from zion-mainframe:9092
13531374 [main] INFO kafka.producer.SyncProducer  - Connected to zion-mainframe:9092 for producing
14146391 [main] INFO kafka.client.ClientUtils$  - Fetching metadata from broker BrokerEndPoint(0,localhost,9092) with correlation id 483 for 1 topic(s) Set(earth_to_curiosity_5)
14146392 [main] INFO kafka.producer.SyncProducer  - Connected to localhost:9092 for producing
14146394 [main] INFO kafka.producer.SyncProducer  - Disconnecting from localhost:9092
14146394 [main] INFO kafka.producer.SyncProducer  - Disconnecting from zion-mainframe:9092
14146396 [main] INFO kafka.producer.SyncProducer  - Connected to zion-mainframe:9092 for producing
14761433 [main] INFO kafka.client.ClientUtils$  - Fetching metadata from broker BrokerEndPoint(0,localhost,9092) with correlation id 504 for 1 topic(s) Set(earth_to_curiosity_5)
14761435 [main] INFO kafka.producer.SyncProducer  - Connected to localhost:9092 for producing
14761438 [main] INFO kafka.producer.SyncProducer  - Disconnecting from localhost:9092
14761438 [main] INFO kafka.producer.SyncProducer  - Disconnecting from zion-mainframe:9092
14761441 [main] INFO kafka.producer.SyncProducer  - Connected to zion-mainframe:9092 for producing
15376461 [main] INFO kafka.client.ClientUtils$  - Fetching metadata from broker BrokerEndPoint(0,localhost,9092) with correlation id 525 for 1 topic(s) Set(earth_to_curiosity_5)
15376461 [main] INFO kafka.producer.SyncProducer  - Connected to localhost:9092 for producing
15376463 [main] INFO kafka.producer.SyncProducer  - Disconnecting from localhost:9092
15376463 [main] INFO kafka.producer.SyncProducer  - Disconnecting from zion-mainframe:9092
15376464 [main] INFO kafka.producer.SyncProducer  - Connected to zion-mainframe:9092 for producing
15991485 [main] INFO kafka.client.ClientUtils$  - Fetching metadata from broker BrokerEndPoint(0,localhost,9092) with correlation id 546 for 1 topic(s) Set(earth_to_curiosity_5)
15991486 [main] INFO kafka.producer.SyncProducer  - Connected to localhost:9092 for producing
15991490 [main] INFO kafka.producer.SyncProducer  - Disconnecting from localhost:9092
15991490 [main] INFO kafka.producer.SyncProducer  - Disconnecting from zion-mainframe:9092
15991492 [main] INFO kafka.producer.SyncProducer  - Connected to zion-mainframe:9092 for producing
16606510 [main] INFO kafka.client.ClientUtils$  - Fetching metadata from broker BrokerEndPoint(0,localhost,9092) with correlation id 567 for 1 topic(s) Set(earth_to_curiosity_5)
16606510 [main] INFO kafka.producer.SyncProducer  - Connected to localhost:9092 for producing
16606510 [main] INFO kafka.producer.SyncProducer  - Disconnecting from localhost:9092
16606511 [main] INFO kafka.producer.SyncProducer  - Disconnecting from zion-mainframe:9092
16606511 [main] INFO kafka.producer.SyncProducer  - Connected to zion-mainframe:9092 for producing
17221550 [main] INFO kafka.client.ClientUtils$  - Fetching metadata from broker BrokerEndPoint(0,localhost,9092) with correlation id 588 for 1 topic(s) Set(earth_to_curiosity_5)
17221551 [main] INFO kafka.producer.SyncProducer  - Connected to localhost:9092 for producing
17221553 [main] INFO kafka.producer.SyncProducer  - Disconnecting from localhost:9092
17221553 [main] INFO kafka.producer.SyncProducer  - Disconnecting from zion-mainframe:9092
17221555 [main] INFO kafka.producer.SyncProducer  - Connected to zion-mainframe:9092 for producing
17836574 [main] INFO kafka.client.ClientUtils$  - Fetching metadata from broker BrokerEndPoint(0,localhost,9092) with correlation id 609 for 1 topic(s) Set(earth_to_curiosity_5)
17836575 [main] INFO kafka.producer.SyncProducer  - Connected to localhost:9092 for producing
17836577 [main] INFO kafka.producer.SyncProducer  - Disconnecting from localhost:9092
17836578 [main] INFO kafka.producer.SyncProducer  - Disconnecting from zion-mainframe:9092
17836580 [main] INFO kafka.producer.SyncProducer  - Connected to zion-mainframe:9092 for producing
18451601 [main] INFO kafka.client.ClientUtils$  - Fetching metadata from broker BrokerEndPoint(0,localhost,9092) with correlation id 630 for 1 topic(s) Set(earth_to_curiosity_5)
18451602 [main] INFO kafka.producer.SyncProducer  - Connected to localhost:9092 for producing
18451604 [main] INFO kafka.producer.SyncProducer  - Disconnecting from localhost:9092
18451604 [main] INFO kafka.producer.SyncProducer  - Disconnecting from zion-mainframe:9092
18451606 [main] INFO kafka.producer.SyncProducer  - Connected to zion-mainframe:9092 for producing
19066625 [main] INFO kafka.client.ClientUtils$  - Fetching metadata from broker BrokerEndPoint(0,localhost,9092) with correlation id 651 for 1 topic(s) Set(earth_to_curiosity_5)
19066626 [main] INFO kafka.producer.SyncProducer  - Connected to localhost:9092 for producing
19066628 [main] INFO kafka.producer.SyncProducer  - Disconnecting from localhost:9092
19066628 [main] INFO kafka.producer.SyncProducer  - Disconnecting from zion-mainframe:9092
19066631 [main] INFO kafka.producer.SyncProducer  - Connected to zion-mainframe:9092 for producing
19681649 [main] INFO kafka.client.ClientUtils$  - Fetching metadata from broker BrokerEndPoint(0,localhost,9092) with correlation id 672 for 1 topic(s) Set(earth_to_curiosity_5)
19681650 [main] INFO kafka.producer.SyncProducer  - Connected to localhost:9092 for producing
19681652 [main] INFO kafka.producer.SyncProducer  - Disconnecting from localhost:9092
19681652 [main] INFO kafka.producer.SyncProducer  - Disconnecting from zion-mainframe:9092
19681654 [main] INFO kafka.producer.SyncProducer  - Connected to zion-mainframe:9092 for producing
20296670 [main] INFO kafka.client.ClientUtils$  - Fetching metadata from broker BrokerEndPoint(0,localhost,9092) with correlation id 693 for 1 topic(s) Set(earth_to_curiosity_5)
20296670 [main] INFO kafka.producer.SyncProducer  - Connected to localhost:9092 for producing
20296672 [main] INFO kafka.producer.SyncProducer  - Disconnecting from localhost:9092
20296673 [main] INFO kafka.producer.SyncProducer  - Disconnecting from zion-mainframe:9092
20296674 [main] INFO kafka.producer.SyncProducer  - Connected to zion-mainframe:9092 for producing
20911690 [main] INFO kafka.client.ClientUtils$  - Fetching metadata from broker BrokerEndPoint(0,localhost,9092) with correlation id 714 for 1 topic(s) Set(earth_to_curiosity_5)
20911691 [main] INFO kafka.producer.SyncProducer  - Connected to localhost:9092 for producing
20911693 [main] INFO kafka.producer.SyncProducer  - Disconnecting from localhost:9092
20911693 [main] INFO kafka.producer.SyncProducer  - Disconnecting from zion-mainframe:9092
20911695 [main] INFO kafka.producer.SyncProducer  - Connected to zion-mainframe:9092 for producing
21526713 [main] INFO kafka.client.ClientUtils$  - Fetching metadata from broker BrokerEndPoint(0,localhost,9092) with correlation id 735 for 1 topic(s) Set(earth_to_curiosity_5)
21526714 [main] INFO kafka.producer.SyncProducer  - Connected to localhost:9092 for producing
21526715 [main] INFO kafka.producer.SyncProducer  - Disconnecting from localhost:9092
21526716 [main] INFO kafka.producer.SyncProducer  - Disconnecting from zion-mainframe:9092
21526718 [main] INFO kafka.producer.SyncProducer  - Connected to zion-mainframe:9092 for producing
