0 [main] INFO kafka.utils.VerifiableProperties  - Verifying properties
25 [main] WARN kafka.utils.VerifiableProperties  - Property auto.offset.reset is not valid
25 [main] WARN kafka.utils.VerifiableProperties  - Property bootstrap.servers is not valid
25 [main] WARN kafka.utils.VerifiableProperties  - Property destination.topic is not valid
25 [main] WARN kafka.utils.VerifiableProperties  - Property group.id is not valid
25 [main] WARN kafka.utils.VerifiableProperties  - Property key.serializer is not valid
25 [main] INFO kafka.utils.VerifiableProperties  - Property metadata.broker.list is overridden to localhost:9092
26 [main] WARN kafka.utils.VerifiableProperties  - Property source.topic is not valid
26 [main] WARN kafka.utils.VerifiableProperties  - Property value.serializer is not valid
26 [main] WARN kafka.utils.VerifiableProperties  - Property zookeeper.connect is not valid
161 [main] INFO kafka.client.ClientUtils$  - Fetching metadata from broker BrokerEndPoint(0,localhost,9092) with correlation id 0 for 1 topic(s) Set(earth_to_curiosity_5)
230 [main] INFO kafka.producer.SyncProducer  - Connected to localhost:9092 for producing
242 [main] INFO kafka.producer.SyncProducer  - Disconnecting from localhost:9092
295 [main] INFO kafka.producer.SyncProducer  - Connected to zion-mainframe:9092 for producing
630447 [main] INFO kafka.client.ClientUtils$  - Fetching metadata from broker BrokerEndPoint(0,localhost,9092) with correlation id 41 for 1 topic(s) Set(earth_to_curiosity_5)
630449 [main] INFO kafka.producer.SyncProducer  - Connected to localhost:9092 for producing
630452 [main] INFO kafka.producer.SyncProducer  - Disconnecting from localhost:9092
630453 [main] INFO kafka.producer.SyncProducer  - Disconnecting from zion-mainframe:9092
630462 [main] INFO kafka.producer.SyncProducer  - Connected to zion-mainframe:9092 for producing
1260562 [main] INFO kafka.client.ClientUtils$  - Fetching metadata from broker BrokerEndPoint(0,localhost,9092) with correlation id 82 for 1 topic(s) Set(earth_to_curiosity_5)
1260565 [main] INFO kafka.producer.SyncProducer  - Connected to localhost:9092 for producing
1260566 [main] INFO kafka.producer.SyncProducer  - Disconnecting from localhost:9092
1260566 [main] INFO kafka.producer.SyncProducer  - Disconnecting from zion-mainframe:9092
1260568 [main] INFO kafka.producer.SyncProducer  - Connected to zion-mainframe:9092 for producing
1890628 [main] INFO kafka.client.ClientUtils$  - Fetching metadata from broker BrokerEndPoint(0,localhost,9092) with correlation id 123 for 1 topic(s) Set(earth_to_curiosity_5)
1890628 [main] INFO kafka.producer.SyncProducer  - Connected to localhost:9092 for producing
1890630 [main] INFO kafka.producer.SyncProducer  - Disconnecting from localhost:9092
1890631 [main] INFO kafka.producer.SyncProducer  - Disconnecting from zion-mainframe:9092
1890632 [main] INFO kafka.producer.SyncProducer  - Connected to zion-mainframe:9092 for producing
2520688 [main] INFO kafka.client.ClientUtils$  - Fetching metadata from broker BrokerEndPoint(0,localhost,9092) with correlation id 164 for 1 topic(s) Set(earth_to_curiosity_5)
2520689 [main] INFO kafka.producer.SyncProducer  - Connected to localhost:9092 for producing
2520690 [main] INFO kafka.producer.SyncProducer  - Disconnecting from localhost:9092
2520690 [main] INFO kafka.producer.SyncProducer  - Disconnecting from zion-mainframe:9092
2520692 [main] INFO kafka.producer.SyncProducer  - Connected to zion-mainframe:9092 for producing
3150745 [main] INFO kafka.client.ClientUtils$  - Fetching metadata from broker BrokerEndPoint(0,localhost,9092) with correlation id 205 for 1 topic(s) Set(earth_to_curiosity_5)
3150746 [main] INFO kafka.producer.SyncProducer  - Connected to localhost:9092 for producing
3150747 [main] INFO kafka.producer.SyncProducer  - Disconnecting from localhost:9092
3150748 [main] INFO kafka.producer.SyncProducer  - Disconnecting from zion-mainframe:9092
3150749 [main] INFO kafka.producer.SyncProducer  - Connected to zion-mainframe:9092 for producing
3780805 [main] INFO kafka.client.ClientUtils$  - Fetching metadata from broker BrokerEndPoint(0,localhost,9092) with correlation id 246 for 1 topic(s) Set(earth_to_curiosity_5)
3780805 [main] INFO kafka.producer.SyncProducer  - Connected to localhost:9092 for producing
3780806 [main] INFO kafka.producer.SyncProducer  - Disconnecting from localhost:9092
3780806 [main] INFO kafka.producer.SyncProducer  - Disconnecting from zion-mainframe:9092
3780809 [main] INFO kafka.producer.SyncProducer  - Connected to zion-mainframe:9092 for producing
4410857 [main] INFO kafka.client.ClientUtils$  - Fetching metadata from broker BrokerEndPoint(0,localhost,9092) with correlation id 287 for 1 topic(s) Set(earth_to_curiosity_5)
4410858 [main] INFO kafka.producer.SyncProducer  - Connected to localhost:9092 for producing
4410858 [main] INFO kafka.producer.SyncProducer  - Disconnecting from localhost:9092
4410859 [main] INFO kafka.producer.SyncProducer  - Disconnecting from zion-mainframe:9092
4410860 [main] INFO kafka.producer.SyncProducer  - Connected to zion-mainframe:9092 for producing
5040908 [main] INFO kafka.client.ClientUtils$  - Fetching metadata from broker BrokerEndPoint(0,localhost,9092) with correlation id 328 for 1 topic(s) Set(earth_to_curiosity_5)
5040908 [main] INFO kafka.producer.SyncProducer  - Connected to localhost:9092 for producing
5040909 [main] INFO kafka.producer.SyncProducer  - Disconnecting from localhost:9092
5040909 [main] INFO kafka.producer.SyncProducer  - Disconnecting from zion-mainframe:9092
5040910 [main] INFO kafka.producer.SyncProducer  - Connected to zion-mainframe:9092 for producing
5670960 [main] INFO kafka.client.ClientUtils$  - Fetching metadata from broker BrokerEndPoint(0,localhost,9092) with correlation id 369 for 1 topic(s) Set(earth_to_curiosity_5)
5670961 [main] INFO kafka.producer.SyncProducer  - Connected to localhost:9092 for producing
5670962 [main] INFO kafka.producer.SyncProducer  - Disconnecting from localhost:9092
5670962 [main] INFO kafka.producer.SyncProducer  - Disconnecting from zion-mainframe:9092
5670963 [main] INFO kafka.producer.SyncProducer  - Connected to zion-mainframe:9092 for producing
6301000 [main] INFO kafka.client.ClientUtils$  - Fetching metadata from broker BrokerEndPoint(0,localhost,9092) with correlation id 410 for 1 topic(s) Set(earth_to_curiosity_5)
6301001 [main] INFO kafka.producer.SyncProducer  - Connected to localhost:9092 for producing
6301002 [main] INFO kafka.producer.SyncProducer  - Disconnecting from localhost:9092
6301002 [main] INFO kafka.producer.SyncProducer  - Disconnecting from zion-mainframe:9092
6301004 [main] INFO kafka.producer.SyncProducer  - Connected to zion-mainframe:9092 for producing
6931046 [main] INFO kafka.client.ClientUtils$  - Fetching metadata from broker BrokerEndPoint(0,localhost,9092) with correlation id 451 for 1 topic(s) Set(earth_to_curiosity_5)
6931046 [main] INFO kafka.producer.SyncProducer  - Connected to localhost:9092 for producing
6931047 [main] INFO kafka.producer.SyncProducer  - Disconnecting from localhost:9092
6931047 [main] INFO kafka.producer.SyncProducer  - Disconnecting from zion-mainframe:9092
6931048 [main] INFO kafka.producer.SyncProducer  - Connected to zion-mainframe:9092 for producing
7561071 [main] INFO kafka.client.ClientUtils$  - Fetching metadata from broker BrokerEndPoint(0,localhost,9092) with correlation id 492 for 1 topic(s) Set(earth_to_curiosity_5)
7561071 [main] INFO kafka.producer.SyncProducer  - Connected to localhost:9092 for producing
7561072 [main] INFO kafka.producer.SyncProducer  - Disconnecting from localhost:9092
7561072 [main] INFO kafka.producer.SyncProducer  - Disconnecting from zion-mainframe:9092
7561073 [main] INFO kafka.producer.SyncProducer  - Connected to zion-mainframe:9092 for producing
8191098 [main] INFO kafka.client.ClientUtils$  - Fetching metadata from broker BrokerEndPoint(0,localhost,9092) with correlation id 533 for 1 topic(s) Set(earth_to_curiosity_5)
8191098 [main] INFO kafka.producer.SyncProducer  - Connected to localhost:9092 for producing
8191099 [main] INFO kafka.producer.SyncProducer  - Disconnecting from localhost:9092
8191099 [main] INFO kafka.producer.SyncProducer  - Disconnecting from zion-mainframe:9092
8191100 [main] INFO kafka.producer.SyncProducer  - Connected to zion-mainframe:9092 for producing
8821130 [main] INFO kafka.client.ClientUtils$  - Fetching metadata from broker BrokerEndPoint(0,localhost,9092) with correlation id 574 for 1 topic(s) Set(earth_to_curiosity_5)
8821131 [main] INFO kafka.producer.SyncProducer  - Connected to localhost:9092 for producing
8821133 [main] INFO kafka.producer.SyncProducer  - Disconnecting from localhost:9092
8821135 [main] INFO kafka.producer.SyncProducer  - Disconnecting from zion-mainframe:9092
8821137 [main] INFO kafka.producer.SyncProducer  - Connected to zion-mainframe:9092 for producing
9451176 [main] INFO kafka.client.ClientUtils$  - Fetching metadata from broker BrokerEndPoint(0,localhost,9092) with correlation id 615 for 1 topic(s) Set(earth_to_curiosity_5)
9451177 [main] INFO kafka.producer.SyncProducer  - Connected to localhost:9092 for producing
9451180 [main] INFO kafka.producer.SyncProducer  - Disconnecting from localhost:9092
9451180 [main] INFO kafka.producer.SyncProducer  - Disconnecting from zion-mainframe:9092
9451183 [main] INFO kafka.producer.SyncProducer  - Connected to zion-mainframe:9092 for producing
10081224 [main] INFO kafka.client.ClientUtils$  - Fetching metadata from broker BrokerEndPoint(0,localhost,9092) with correlation id 656 for 1 topic(s) Set(earth_to_curiosity_5)
10081226 [main] INFO kafka.producer.SyncProducer  - Connected to localhost:9092 for producing
10081230 [main] INFO kafka.producer.SyncProducer  - Disconnecting from localhost:9092
10081231 [main] INFO kafka.producer.SyncProducer  - Disconnecting from zion-mainframe:9092
10081233 [main] INFO kafka.producer.SyncProducer  - Connected to zion-mainframe:9092 for producing
10711271 [main] INFO kafka.client.ClientUtils$  - Fetching metadata from broker BrokerEndPoint(0,localhost,9092) with correlation id 697 for 1 topic(s) Set(earth_to_curiosity_5)
10711272 [main] INFO kafka.producer.SyncProducer  - Connected to localhost:9092 for producing
10711274 [main] INFO kafka.producer.SyncProducer  - Disconnecting from localhost:9092
10711275 [main] INFO kafka.producer.SyncProducer  - Disconnecting from zion-mainframe:9092
10711281 [main] INFO kafka.producer.SyncProducer  - Connected to zion-mainframe:9092 for producing
11341348 [main] INFO kafka.client.ClientUtils$  - Fetching metadata from broker BrokerEndPoint(0,localhost,9092) with correlation id 738 for 1 topic(s) Set(earth_to_curiosity_5)
11341349 [main] INFO kafka.producer.SyncProducer  - Connected to localhost:9092 for producing
11341351 [main] INFO kafka.producer.SyncProducer  - Disconnecting from localhost:9092
11341352 [main] INFO kafka.producer.SyncProducer  - Disconnecting from zion-mainframe:9092
11341354 [main] INFO kafka.producer.SyncProducer  - Connected to zion-mainframe:9092 for producing
11971391 [main] INFO kafka.client.ClientUtils$  - Fetching metadata from broker BrokerEndPoint(0,localhost,9092) with correlation id 779 for 1 topic(s) Set(earth_to_curiosity_5)
11971392 [main] INFO kafka.producer.SyncProducer  - Connected to localhost:9092 for producing
11971395 [main] INFO kafka.producer.SyncProducer  - Disconnecting from localhost:9092
11971396 [main] INFO kafka.producer.SyncProducer  - Disconnecting from zion-mainframe:9092
11971400 [main] INFO kafka.producer.SyncProducer  - Connected to zion-mainframe:9092 for producing
12601436 [main] INFO kafka.client.ClientUtils$  - Fetching metadata from broker BrokerEndPoint(0,localhost,9092) with correlation id 820 for 1 topic(s) Set(earth_to_curiosity_5)
12601439 [main] INFO kafka.producer.SyncProducer  - Connected to localhost:9092 for producing
12601440 [main] INFO kafka.producer.SyncProducer  - Disconnecting from localhost:9092
12601440 [main] INFO kafka.producer.SyncProducer  - Disconnecting from zion-mainframe:9092
12601442 [main] INFO kafka.producer.SyncProducer  - Connected to zion-mainframe:9092 for producing
13231482 [main] INFO kafka.client.ClientUtils$  - Fetching metadata from broker BrokerEndPoint(0,localhost,9092) with correlation id 861 for 1 topic(s) Set(earth_to_curiosity_5)
13231484 [main] INFO kafka.producer.SyncProducer  - Connected to localhost:9092 for producing
13231486 [main] INFO kafka.producer.SyncProducer  - Disconnecting from localhost:9092
13231486 [main] INFO kafka.producer.SyncProducer  - Disconnecting from zion-mainframe:9092
13231488 [main] INFO kafka.producer.SyncProducer  - Connected to zion-mainframe:9092 for producing
13861526 [main] INFO kafka.client.ClientUtils$  - Fetching metadata from broker BrokerEndPoint(0,localhost,9092) with correlation id 902 for 1 topic(s) Set(earth_to_curiosity_5)
13861527 [main] INFO kafka.producer.SyncProducer  - Connected to localhost:9092 for producing
13861531 [main] INFO kafka.producer.SyncProducer  - Disconnecting from localhost:9092
13861532 [main] INFO kafka.producer.SyncProducer  - Disconnecting from zion-mainframe:9092
13861535 [main] INFO kafka.producer.SyncProducer  - Connected to zion-mainframe:9092 for producing
14491564 [main] INFO kafka.client.ClientUtils$  - Fetching metadata from broker BrokerEndPoint(0,localhost,9092) with correlation id 943 for 1 topic(s) Set(earth_to_curiosity_5)
14491564 [main] INFO kafka.producer.SyncProducer  - Connected to localhost:9092 for producing
14491566 [main] INFO kafka.producer.SyncProducer  - Disconnecting from localhost:9092
14491566 [main] INFO kafka.producer.SyncProducer  - Disconnecting from zion-mainframe:9092
14491568 [main] INFO kafka.producer.SyncProducer  - Connected to zion-mainframe:9092 for producing
15121587 [main] INFO kafka.client.ClientUtils$  - Fetching metadata from broker BrokerEndPoint(0,localhost,9092) with correlation id 984 for 1 topic(s) Set(earth_to_curiosity_5)
15121587 [main] INFO kafka.producer.SyncProducer  - Connected to localhost:9092 for producing
15121588 [main] INFO kafka.producer.SyncProducer  - Disconnecting from localhost:9092
15121588 [main] INFO kafka.producer.SyncProducer  - Disconnecting from zion-mainframe:9092
15121588 [main] INFO kafka.producer.SyncProducer  - Connected to zion-mainframe:9092 for producing
15751605 [main] INFO kafka.client.ClientUtils$  - Fetching metadata from broker BrokerEndPoint(0,localhost,9092) with correlation id 1025 for 1 topic(s) Set(earth_to_curiosity_5)
15751606 [main] INFO kafka.producer.SyncProducer  - Connected to localhost:9092 for producing
15751607 [main] INFO kafka.producer.SyncProducer  - Disconnecting from localhost:9092
15751607 [main] INFO kafka.producer.SyncProducer  - Disconnecting from zion-mainframe:9092
15751608 [main] INFO kafka.producer.SyncProducer  - Connected to zion-mainframe:9092 for producing
16381633 [main] INFO kafka.client.ClientUtils$  - Fetching metadata from broker BrokerEndPoint(0,localhost,9092) with correlation id 1066 for 1 topic(s) Set(earth_to_curiosity_5)
16381634 [main] INFO kafka.producer.SyncProducer  - Connected to localhost:9092 for producing
16381636 [main] INFO kafka.producer.SyncProducer  - Disconnecting from localhost:9092
16381636 [main] INFO kafka.producer.SyncProducer  - Disconnecting from zion-mainframe:9092
16381639 [main] INFO kafka.producer.SyncProducer  - Connected to zion-mainframe:9092 for producing
17011667 [main] INFO kafka.client.ClientUtils$  - Fetching metadata from broker BrokerEndPoint(0,localhost,9092) with correlation id 1107 for 1 topic(s) Set(earth_to_curiosity_5)
17011668 [main] INFO kafka.producer.SyncProducer  - Connected to localhost:9092 for producing
17011669 [main] INFO kafka.producer.SyncProducer  - Disconnecting from localhost:9092
17011669 [main] INFO kafka.producer.SyncProducer  - Disconnecting from zion-mainframe:9092
17011673 [main] INFO kafka.producer.SyncProducer  - Connected to zion-mainframe:9092 for producing
17641704 [main] INFO kafka.client.ClientUtils$  - Fetching metadata from broker BrokerEndPoint(0,localhost,9092) with correlation id 1148 for 1 topic(s) Set(earth_to_curiosity_5)
17641705 [main] INFO kafka.producer.SyncProducer  - Connected to localhost:9092 for producing
17641709 [main] INFO kafka.producer.SyncProducer  - Disconnecting from localhost:9092
17641710 [main] INFO kafka.producer.SyncProducer  - Disconnecting from zion-mainframe:9092
17641714 [main] INFO kafka.producer.SyncProducer  - Connected to zion-mainframe:9092 for producing
18271751 [main] INFO kafka.client.ClientUtils$  - Fetching metadata from broker BrokerEndPoint(0,localhost,9092) with correlation id 1189 for 1 topic(s) Set(earth_to_curiosity_5)
18271753 [main] INFO kafka.producer.SyncProducer  - Connected to localhost:9092 for producing
18271755 [main] INFO kafka.producer.SyncProducer  - Disconnecting from localhost:9092
18271755 [main] INFO kafka.producer.SyncProducer  - Disconnecting from zion-mainframe:9092
18271757 [main] INFO kafka.producer.SyncProducer  - Connected to zion-mainframe:9092 for producing
18901784 [main] INFO kafka.client.ClientUtils$  - Fetching metadata from broker BrokerEndPoint(0,localhost,9092) with correlation id 1230 for 1 topic(s) Set(earth_to_curiosity_5)
18901785 [main] INFO kafka.producer.SyncProducer  - Connected to localhost:9092 for producing
18901787 [main] INFO kafka.producer.SyncProducer  - Disconnecting from localhost:9092
18901788 [main] INFO kafka.producer.SyncProducer  - Disconnecting from zion-mainframe:9092
18901790 [main] INFO kafka.producer.SyncProducer  - Connected to zion-mainframe:9092 for producing
19531819 [main] INFO kafka.client.ClientUtils$  - Fetching metadata from broker BrokerEndPoint(0,localhost,9092) with correlation id 1271 for 1 topic(s) Set(earth_to_curiosity_5)
19531820 [main] INFO kafka.producer.SyncProducer  - Connected to localhost:9092 for producing
19531822 [main] INFO kafka.producer.SyncProducer  - Disconnecting from localhost:9092
19531823 [main] INFO kafka.producer.SyncProducer  - Disconnecting from zion-mainframe:9092
19531826 [main] INFO kafka.producer.SyncProducer  - Connected to zion-mainframe:9092 for producing
20161856 [main] INFO kafka.client.ClientUtils$  - Fetching metadata from broker BrokerEndPoint(0,localhost,9092) with correlation id 1312 for 1 topic(s) Set(earth_to_curiosity_5)
20161857 [main] INFO kafka.producer.SyncProducer  - Connected to localhost:9092 for producing
20161860 [main] INFO kafka.producer.SyncProducer  - Disconnecting from localhost:9092
20161862 [main] INFO kafka.producer.SyncProducer  - Disconnecting from zion-mainframe:9092
20161864 [main] INFO kafka.producer.SyncProducer  - Connected to zion-mainframe:9092 for producing
20791894 [main] INFO kafka.client.ClientUtils$  - Fetching metadata from broker BrokerEndPoint(0,localhost,9092) with correlation id 1353 for 1 topic(s) Set(earth_to_curiosity_5)
20791895 [main] INFO kafka.producer.SyncProducer  - Connected to localhost:9092 for producing
20791897 [main] INFO kafka.producer.SyncProducer  - Disconnecting from localhost:9092
20791898 [main] INFO kafka.producer.SyncProducer  - Disconnecting from zion-mainframe:9092
20791900 [main] INFO kafka.producer.SyncProducer  - Connected to zion-mainframe:9092 for producing
21421928 [main] INFO kafka.client.ClientUtils$  - Fetching metadata from broker BrokerEndPoint(0,localhost,9092) with correlation id 1394 for 1 topic(s) Set(earth_to_curiosity_5)
21421929 [main] INFO kafka.producer.SyncProducer  - Connected to localhost:9092 for producing
21421930 [main] INFO kafka.producer.SyncProducer  - Disconnecting from localhost:9092
21421930 [main] INFO kafka.producer.SyncProducer  - Disconnecting from zion-mainframe:9092
21421935 [main] INFO kafka.producer.SyncProducer  - Connected to zion-mainframe:9092 for producing
22051969 [main] INFO kafka.client.ClientUtils$  - Fetching metadata from broker BrokerEndPoint(0,localhost,9092) with correlation id 1435 for 1 topic(s) Set(earth_to_curiosity_5)
22051970 [main] INFO kafka.producer.SyncProducer  - Connected to localhost:9092 for producing
22051971 [main] INFO kafka.producer.SyncProducer  - Disconnecting from localhost:9092
22051972 [main] INFO kafka.producer.SyncProducer  - Disconnecting from zion-mainframe:9092
22051974 [main] INFO kafka.producer.SyncProducer  - Connected to zion-mainframe:9092 for producing
22682003 [main] INFO kafka.client.ClientUtils$  - Fetching metadata from broker BrokerEndPoint(0,localhost,9092) with correlation id 1476 for 1 topic(s) Set(earth_to_curiosity_5)
22682005 [main] INFO kafka.producer.SyncProducer  - Connected to localhost:9092 for producing
22682006 [main] INFO kafka.producer.SyncProducer  - Disconnecting from localhost:9092
22682007 [main] INFO kafka.producer.SyncProducer  - Disconnecting from zion-mainframe:9092
22682009 [main] INFO kafka.producer.SyncProducer  - Connected to zion-mainframe:9092 for producing
23312037 [main] INFO kafka.client.ClientUtils$  - Fetching metadata from broker BrokerEndPoint(0,localhost,9092) with correlation id 1517 for 1 topic(s) Set(earth_to_curiosity_5)
23312038 [main] INFO kafka.producer.SyncProducer  - Connected to localhost:9092 for producing
23312040 [main] INFO kafka.producer.SyncProducer  - Disconnecting from localhost:9092
23312040 [main] INFO kafka.producer.SyncProducer  - Disconnecting from zion-mainframe:9092
23312043 [main] INFO kafka.producer.SyncProducer  - Connected to zion-mainframe:9092 for producing
23942065 [main] INFO kafka.client.ClientUtils$  - Fetching metadata from broker BrokerEndPoint(0,localhost,9092) with correlation id 1558 for 1 topic(s) Set(earth_to_curiosity_5)
23942065 [main] INFO kafka.producer.SyncProducer  - Connected to localhost:9092 for producing
23942066 [main] INFO kafka.producer.SyncProducer  - Disconnecting from localhost:9092
23942066 [main] INFO kafka.producer.SyncProducer  - Disconnecting from zion-mainframe:9092
23942067 [main] INFO kafka.producer.SyncProducer  - Connected to zion-mainframe:9092 for producing
24572090 [main] INFO kafka.client.ClientUtils$  - Fetching metadata from broker BrokerEndPoint(0,localhost,9092) with correlation id 1599 for 1 topic(s) Set(earth_to_curiosity_5)
24572091 [main] INFO kafka.producer.SyncProducer  - Connected to localhost:9092 for producing
24572094 [main] INFO kafka.producer.SyncProducer  - Disconnecting from localhost:9092
24572095 [main] INFO kafka.producer.SyncProducer  - Disconnecting from zion-mainframe:9092
24572097 [main] INFO kafka.producer.SyncProducer  - Connected to zion-mainframe:9092 for producing
25202123 [main] INFO kafka.client.ClientUtils$  - Fetching metadata from broker BrokerEndPoint(0,localhost,9092) with correlation id 1640 for 1 topic(s) Set(earth_to_curiosity_5)
25202124 [main] INFO kafka.producer.SyncProducer  - Connected to localhost:9092 for producing
25202126 [main] INFO kafka.producer.SyncProducer  - Disconnecting from localhost:9092
25202126 [main] INFO kafka.producer.SyncProducer  - Disconnecting from zion-mainframe:9092
25202128 [main] INFO kafka.producer.SyncProducer  - Connected to zion-mainframe:9092 for producing
25832162 [main] INFO kafka.client.ClientUtils$  - Fetching metadata from broker BrokerEndPoint(0,localhost,9092) with correlation id 1681 for 1 topic(s) Set(earth_to_curiosity_5)
25832163 [main] INFO kafka.producer.SyncProducer  - Connected to localhost:9092 for producing
25832165 [main] INFO kafka.producer.SyncProducer  - Disconnecting from localhost:9092
25832165 [main] INFO kafka.producer.SyncProducer  - Disconnecting from zion-mainframe:9092
25832169 [main] INFO kafka.producer.SyncProducer  - Connected to zion-mainframe:9092 for producing
26462193 [main] INFO kafka.client.ClientUtils$  - Fetching metadata from broker BrokerEndPoint(0,localhost,9092) with correlation id 1722 for 1 topic(s) Set(earth_to_curiosity_5)
26462194 [main] INFO kafka.producer.SyncProducer  - Connected to localhost:9092 for producing
26462196 [main] INFO kafka.producer.SyncProducer  - Disconnecting from localhost:9092
26462196 [main] INFO kafka.producer.SyncProducer  - Disconnecting from zion-mainframe:9092
26462199 [main] INFO kafka.producer.SyncProducer  - Connected to zion-mainframe:9092 for producing
27092225 [main] INFO kafka.client.ClientUtils$  - Fetching metadata from broker BrokerEndPoint(0,localhost,9092) with correlation id 1763 for 1 topic(s) Set(earth_to_curiosity_5)
27092226 [main] INFO kafka.producer.SyncProducer  - Connected to localhost:9092 for producing
27092229 [main] INFO kafka.producer.SyncProducer  - Disconnecting from localhost:9092
27092229 [main] INFO kafka.producer.SyncProducer  - Disconnecting from zion-mainframe:9092
27092231 [main] INFO kafka.producer.SyncProducer  - Connected to zion-mainframe:9092 for producing
27722256 [main] INFO kafka.client.ClientUtils$  - Fetching metadata from broker BrokerEndPoint(0,localhost,9092) with correlation id 1804 for 1 topic(s) Set(earth_to_curiosity_5)
27722257 [main] INFO kafka.producer.SyncProducer  - Connected to localhost:9092 for producing
27722259 [main] INFO kafka.producer.SyncProducer  - Disconnecting from localhost:9092
27722260 [main] INFO kafka.producer.SyncProducer  - Disconnecting from zion-mainframe:9092
27722262 [main] INFO kafka.producer.SyncProducer  - Connected to zion-mainframe:9092 for producing
28352287 [main] INFO kafka.client.ClientUtils$  - Fetching metadata from broker BrokerEndPoint(0,localhost,9092) with correlation id 1845 for 1 topic(s) Set(earth_to_curiosity_5)
28352288 [main] INFO kafka.producer.SyncProducer  - Connected to localhost:9092 for producing
28352290 [main] INFO kafka.producer.SyncProducer  - Disconnecting from localhost:9092
28352290 [main] INFO kafka.producer.SyncProducer  - Disconnecting from zion-mainframe:9092
28352292 [main] INFO kafka.producer.SyncProducer  - Connected to zion-mainframe:9092 for producing
28982315 [main] INFO kafka.client.ClientUtils$  - Fetching metadata from broker BrokerEndPoint(0,localhost,9092) with correlation id 1886 for 1 topic(s) Set(earth_to_curiosity_5)
28982316 [main] INFO kafka.producer.SyncProducer  - Connected to localhost:9092 for producing
28982319 [main] INFO kafka.producer.SyncProducer  - Disconnecting from localhost:9092
28982320 [main] INFO kafka.producer.SyncProducer  - Disconnecting from zion-mainframe:9092
28982327 [main] INFO kafka.producer.SyncProducer  - Connected to zion-mainframe:9092 for producing
29612358 [main] INFO kafka.client.ClientUtils$  - Fetching metadata from broker BrokerEndPoint(0,localhost,9092) with correlation id 1927 for 1 topic(s) Set(earth_to_curiosity_5)
29612359 [main] INFO kafka.producer.SyncProducer  - Connected to localhost:9092 for producing
29612360 [main] INFO kafka.producer.SyncProducer  - Disconnecting from localhost:9092
29612361 [main] INFO kafka.producer.SyncProducer  - Disconnecting from zion-mainframe:9092
29612363 [main] INFO kafka.producer.SyncProducer  - Connected to zion-mainframe:9092 for producing
30242387 [main] INFO kafka.client.ClientUtils$  - Fetching metadata from broker BrokerEndPoint(0,localhost,9092) with correlation id 1968 for 1 topic(s) Set(earth_to_curiosity_5)
30242388 [main] INFO kafka.producer.SyncProducer  - Connected to localhost:9092 for producing
30242388 [main] INFO kafka.producer.SyncProducer  - Disconnecting from localhost:9092
30242389 [main] INFO kafka.producer.SyncProducer  - Disconnecting from zion-mainframe:9092
30242390 [main] INFO kafka.producer.SyncProducer  - Connected to zion-mainframe:9092 for producing
30872413 [main] INFO kafka.client.ClientUtils$  - Fetching metadata from broker BrokerEndPoint(0,localhost,9092) with correlation id 2009 for 1 topic(s) Set(earth_to_curiosity_5)
30872415 [main] INFO kafka.producer.SyncProducer  - Connected to localhost:9092 for producing
30872416 [main] INFO kafka.producer.SyncProducer  - Disconnecting from localhost:9092
30872417 [main] INFO kafka.producer.SyncProducer  - Disconnecting from zion-mainframe:9092
30872419 [main] INFO kafka.producer.SyncProducer  - Connected to zion-mainframe:9092 for producing
31502444 [main] INFO kafka.client.ClientUtils$  - Fetching metadata from broker BrokerEndPoint(0,localhost,9092) with correlation id 2050 for 1 topic(s) Set(earth_to_curiosity_5)
31502445 [main] INFO kafka.producer.SyncProducer  - Connected to localhost:9092 for producing
31502447 [main] INFO kafka.producer.SyncProducer  - Disconnecting from localhost:9092
31502448 [main] INFO kafka.producer.SyncProducer  - Disconnecting from zion-mainframe:9092
31502449 [main] INFO kafka.producer.SyncProducer  - Connected to zion-mainframe:9092 for producing
32132473 [main] INFO kafka.client.ClientUtils$  - Fetching metadata from broker BrokerEndPoint(0,localhost,9092) with correlation id 2091 for 1 topic(s) Set(earth_to_curiosity_5)
32132474 [main] INFO kafka.producer.SyncProducer  - Connected to localhost:9092 for producing
32132477 [main] INFO kafka.producer.SyncProducer  - Disconnecting from localhost:9092
32132478 [main] INFO kafka.producer.SyncProducer  - Disconnecting from zion-mainframe:9092
32132480 [main] INFO kafka.producer.SyncProducer  - Connected to zion-mainframe:9092 for producing
32762520 [main] INFO kafka.client.ClientUtils$  - Fetching metadata from broker BrokerEndPoint(0,localhost,9092) with correlation id 2132 for 1 topic(s) Set(earth_to_curiosity_5)
32762521 [main] INFO kafka.producer.SyncProducer  - Connected to localhost:9092 for producing
32762523 [main] INFO kafka.producer.SyncProducer  - Disconnecting from localhost:9092
32762523 [main] INFO kafka.producer.SyncProducer  - Disconnecting from zion-mainframe:9092
32762524 [main] INFO kafka.producer.SyncProducer  - Connected to zion-mainframe:9092 for producing
33392548 [main] INFO kafka.client.ClientUtils$  - Fetching metadata from broker BrokerEndPoint(0,localhost,9092) with correlation id 2173 for 1 topic(s) Set(earth_to_curiosity_5)
33392549 [main] INFO kafka.producer.SyncProducer  - Connected to localhost:9092 for producing
33392551 [main] INFO kafka.producer.SyncProducer  - Disconnecting from localhost:9092
33392551 [main] INFO kafka.producer.SyncProducer  - Disconnecting from zion-mainframe:9092
33392553 [main] INFO kafka.producer.SyncProducer  - Connected to zion-mainframe:9092 for producing
34022575 [main] INFO kafka.client.ClientUtils$  - Fetching metadata from broker BrokerEndPoint(0,localhost,9092) with correlation id 2214 for 1 topic(s) Set(earth_to_curiosity_5)
34022576 [main] INFO kafka.producer.SyncProducer  - Connected to localhost:9092 for producing
34022576 [main] INFO kafka.producer.SyncProducer  - Disconnecting from localhost:9092
34022576 [main] INFO kafka.producer.SyncProducer  - Disconnecting from zion-mainframe:9092
34022577 [main] INFO kafka.producer.SyncProducer  - Connected to zion-mainframe:9092 for producing
34652596 [main] INFO kafka.client.ClientUtils$  - Fetching metadata from broker BrokerEndPoint(0,localhost,9092) with correlation id 2255 for 1 topic(s) Set(earth_to_curiosity_5)
34652596 [main] INFO kafka.producer.SyncProducer  - Connected to localhost:9092 for producing
34652598 [main] INFO kafka.producer.SyncProducer  - Disconnecting from localhost:9092
34652598 [main] INFO kafka.producer.SyncProducer  - Disconnecting from zion-mainframe:9092
34652599 [main] INFO kafka.producer.SyncProducer  - Connected to zion-mainframe:9092 for producing
35282621 [main] INFO kafka.client.ClientUtils$  - Fetching metadata from broker BrokerEndPoint(0,localhost,9092) with correlation id 2296 for 1 topic(s) Set(earth_to_curiosity_5)
35282622 [main] INFO kafka.producer.SyncProducer  - Connected to localhost:9092 for producing
35282623 [main] INFO kafka.producer.SyncProducer  - Disconnecting from localhost:9092
35282624 [main] INFO kafka.producer.SyncProducer  - Disconnecting from zion-mainframe:9092
35282624 [main] INFO kafka.producer.SyncProducer  - Connected to zion-mainframe:9092 for producing
35912648 [main] INFO kafka.client.ClientUtils$  - Fetching metadata from broker BrokerEndPoint(0,localhost,9092) with correlation id 2337 for 1 topic(s) Set(earth_to_curiosity_5)
35912649 [main] INFO kafka.producer.SyncProducer  - Connected to localhost:9092 for producing
35912653 [main] INFO kafka.producer.SyncProducer  - Disconnecting from localhost:9092
35912653 [main] INFO kafka.producer.SyncProducer  - Disconnecting from zion-mainframe:9092
35912655 [main] INFO kafka.producer.SyncProducer  - Connected to zion-mainframe:9092 for producing
