0 [main] INFO kafka.utils.VerifiableProperties  - Verifying properties
22 [main] INFO kafka.utils.VerifiableProperties  - Property auto.offset.reset is overridden to largest
23 [main] WARN kafka.utils.VerifiableProperties  - Property bootstrap.servers is not valid
23 [main] WARN kafka.utils.VerifiableProperties  - Property destination.topic is not valid
23 [main] INFO kafka.utils.VerifiableProperties  - Property group.id is overridden to space.exploration.mars.rover.curiosity.1527608523007
23 [main] WARN kafka.utils.VerifiableProperties  - Property key.serializer is not valid
23 [main] WARN kafka.utils.VerifiableProperties  - Property metadata.broker.list is not valid
23 [main] WARN kafka.utils.VerifiableProperties  - Property source.topic is not valid
23 [main] WARN kafka.utils.VerifiableProperties  - Property value.serializer is not valid
23 [main] INFO kafka.utils.VerifiableProperties  - Property zookeeper.connect is overridden to localhost:2181
57 [main] INFO kafka.consumer.ZookeeperConsumerConnector  - [space.exploration.mars.rover.curiosity.1527608523007_zion-portable-1527608523208-a02e9e52], Connecting to zookeeper instance at localhost:2181
61 [ZkClient-EventThread-15-localhost:2181] INFO org.I0Itec.zkclient.ZkEventThread  - Starting ZkClient event thread.
64 [main] INFO org.apache.zookeeper.ZooKeeper  - Client environment:zookeeper.version=3.4.6-1569965, built on 02/20/2014 09:09 GMT
64 [main] INFO org.apache.zookeeper.ZooKeeper  - Client environment:host.name=zion-portable
64 [main] INFO org.apache.zookeeper.ZooKeeper  - Client environment:java.version=1.8.0_171
64 [main] INFO org.apache.zookeeper.ZooKeeper  - Client environment:java.vendor=Oracle Corporation
64 [main] INFO org.apache.zookeeper.ZooKeeper  - Client environment:java.home=/usr/lib/jvm/java-8-openjdk-amd64/jre
64 [main] INFO org.apache.zookeeper.ZooKeeper  - Client environment:java.class.path=target/mission.control-1.2-shaded.jar
64 [main] INFO org.apache.zookeeper.ZooKeeper  - Client environment:java.library.path=/usr/java/packages/lib/amd64:/usr/lib/x86_64-linux-gnu/jni:/lib/x86_64-linux-gnu:/usr/lib/x86_64-linux-gnu:/usr/lib/jni:/lib:/usr/lib
64 [main] INFO org.apache.zookeeper.ZooKeeper  - Client environment:java.io.tmpdir=/tmp
64 [main] INFO org.apache.zookeeper.ZooKeeper  - Client environment:java.compiler=<NA>
64 [main] INFO org.apache.zookeeper.ZooKeeper  - Client environment:os.name=Linux
64 [main] INFO org.apache.zookeeper.ZooKeeper  - Client environment:os.arch=amd64
64 [main] INFO org.apache.zookeeper.ZooKeeper  - Client environment:os.version=4.13.0-43-generic
64 [main] INFO org.apache.zookeeper.ZooKeeper  - Client environment:user.name=sanket
64 [main] INFO org.apache.zookeeper.ZooKeeper  - Client environment:user.home=/home/sanket
64 [main] INFO org.apache.zookeeper.ZooKeeper  - Client environment:user.dir=/home/sanket/Documents/workspace/Mission.Control
65 [main] INFO org.apache.zookeeper.ZooKeeper  - Initiating client connection, connectString=localhost:2181 sessionTimeout=6000 watcher=org.I0Itec.zkclient.ZkClient@2d127a61
73 [main] INFO org.I0Itec.zkclient.ZkClient  - Waiting for keeper state SyncConnected
74 [main-SendThread(localhost:2181)] INFO org.apache.zookeeper.ClientCnxn  - Opening socket connection to server localhost/127.0.0.1:2181. Will not attempt to authenticate using SASL (unknown error)
110 [main-SendThread(localhost:2181)] INFO org.apache.zookeeper.ClientCnxn  - Socket connection established to localhost/127.0.0.1:2181, initiating session
125 [main-SendThread(localhost:2181)] INFO org.apache.zookeeper.ClientCnxn  - Session establishment complete on server localhost/127.0.0.1:2181, sessionid = 0x163ac8543a50002, negotiated timeout = 6000
127 [main-EventThread] INFO org.I0Itec.zkclient.ZkClient  - zookeeper state changed (SyncConnected)
146 [main] INFO kafka.consumer.ZookeeperConsumerConnector  - [space.exploration.mars.rover.curiosity.1527608523007_zion-portable-1527608523208-a02e9e52], starting auto committer every 60000 ms
175 [Thread-0] INFO kafka.consumer.ZookeeperConsumerConnector  - [space.exploration.mars.rover.curiosity.1527608523007_zion-portable-1527608523208-a02e9e52], begin registering consumer space.exploration.mars.rover.curiosity.1527608523007_zion-portable-1527608523208-a02e9e52 in ZK
193 [Thread-0] INFO kafka.utils.ZKCheckedEphemeral  - Creating /consumers/space.exploration.mars.rover.curiosity.1527608523007/ids/space.exploration.mars.rover.curiosity.1527608523007_zion-portable-1527608523208-a02e9e52 (is it secure? false)
203 [Thread-0] INFO kafka.utils.ZKCheckedEphemeral  - Result of znode creation is: OK
203 [Thread-0] INFO kafka.consumer.ZookeeperConsumerConnector  - [space.exploration.mars.rover.curiosity.1527608523007_zion-portable-1527608523208-a02e9e52], end registering consumer space.exploration.mars.rover.curiosity.1527608523007_zion-portable-1527608523208-a02e9e52 in ZK
206 [space.exploration.mars.rover.curiosity.1527608523007_zion-portable-1527608523208-a02e9e52_watcher_executor] INFO kafka.consumer.ZookeeperConsumerConnector  - [space.exploration.mars.rover.curiosity.1527608523007_zion-portable-1527608523208-a02e9e52], starting watcher executor thread for consumer space.exploration.mars.rover.curiosity.1527608523007_zion-portable-1527608523208-a02e9e52
220 [Thread-0] INFO kafka.consumer.ZookeeperConsumerConnector  - [space.exploration.mars.rover.curiosity.1527608523007_zion-portable-1527608523208-a02e9e52], begin rebalancing consumer space.exploration.mars.rover.curiosity.1527608523007_zion-portable-1527608523208-a02e9e52 try #0
293 [Thread-0] INFO kafka.consumer.ConsumerFetcherManager  - [ConsumerFetcherManager-1527608523292] Stopping leader finder thread
293 [Thread-0] INFO kafka.consumer.ConsumerFetcherManager  - [ConsumerFetcherManager-1527608523292] Stopping all fetchers
293 [Thread-0] INFO kafka.consumer.ConsumerFetcherManager  - [ConsumerFetcherManager-1527608523292] All connections stopped
293 [Thread-0] INFO kafka.consumer.ZookeeperConsumerConnector  - [space.exploration.mars.rover.curiosity.1527608523007_zion-portable-1527608523208-a02e9e52], Cleared all relevant queues for this fetcher
294 [Thread-0] INFO kafka.consumer.ZookeeperConsumerConnector  - [space.exploration.mars.rover.curiosity.1527608523007_zion-portable-1527608523208-a02e9e52], Cleared the data chunks in all the consumer message iterators
294 [Thread-0] INFO kafka.consumer.ZookeeperConsumerConnector  - [space.exploration.mars.rover.curiosity.1527608523007_zion-portable-1527608523208-a02e9e52], Committing all offsets after clearing the fetcher queues
295 [Thread-0] INFO kafka.consumer.ZookeeperConsumerConnector  - [space.exploration.mars.rover.curiosity.1527608523007_zion-portable-1527608523208-a02e9e52], Releasing partition ownership
316 [Thread-0] INFO kafka.consumer.RangeAssignor  - Consumer space.exploration.mars.rover.curiosity.1527608523007_zion-portable-1527608523208-a02e9e52 rebalancing the following partitions: ArrayBuffer(0) for topic curiosity_to_earth_5 with consumers: List(space.exploration.mars.rover.curiosity.1527608523007_zion-portable-1527608523208-a02e9e52-0)
317 [Thread-0] INFO kafka.consumer.RangeAssignor  - space.exploration.mars.rover.curiosity.1527608523007_zion-portable-1527608523208-a02e9e52-0 attempting to claim partition 0
341 [Thread-0] INFO kafka.consumer.ZookeeperConsumerConnector  - [space.exploration.mars.rover.curiosity.1527608523007_zion-portable-1527608523208-a02e9e52], space.exploration.mars.rover.curiosity.1527608523007_zion-portable-1527608523208-a02e9e52-0 successfully owned partition 0 for topic curiosity_to_earth_5
352 [Thread-0] INFO kafka.consumer.ZookeeperConsumerConnector  - [space.exploration.mars.rover.curiosity.1527608523007_zion-portable-1527608523208-a02e9e52], Consumer space.exploration.mars.rover.curiosity.1527608523007_zion-portable-1527608523208-a02e9e52 selected partitions : curiosity_to_earth_5:0: fetched offset = -1: consumed offset = -1
352 [space.exploration.mars.rover.curiosity.1527608523007_zion-portable-1527608523208-a02e9e52-leader-finder-thread] INFO kafka.consumer.ConsumerFetcherManager$LeaderFinderThread  - [space.exploration.mars.rover.curiosity.1527608523007_zion-portable-1527608523208-a02e9e52-leader-finder-thread], Starting 
353 [Thread-0] INFO kafka.consumer.ZookeeperConsumerConnector  - [space.exploration.mars.rover.curiosity.1527608523007_zion-portable-1527608523208-a02e9e52], end rebalancing consumer space.exploration.mars.rover.curiosity.1527608523007_zion-portable-1527608523208-a02e9e52 try #0
362 [space.exploration.mars.rover.curiosity.1527608523007_zion-portable-1527608523208-a02e9e52-leader-finder-thread] INFO kafka.utils.VerifiableProperties  - Verifying properties
362 [space.exploration.mars.rover.curiosity.1527608523007_zion-portable-1527608523208-a02e9e52-leader-finder-thread] INFO kafka.utils.VerifiableProperties  - Property client.id is overridden to space.exploration.mars.rover.curiosity.1527608523007
363 [space.exploration.mars.rover.curiosity.1527608523007_zion-portable-1527608523208-a02e9e52-leader-finder-thread] INFO kafka.utils.VerifiableProperties  - Property metadata.broker.list is overridden to zion-portable:9092
363 [space.exploration.mars.rover.curiosity.1527608523007_zion-portable-1527608523208-a02e9e52-leader-finder-thread] INFO kafka.utils.VerifiableProperties  - Property request.timeout.ms is overridden to 30000
372 [space.exploration.mars.rover.curiosity.1527608523007_zion-portable-1527608523208-a02e9e52-leader-finder-thread] INFO kafka.client.ClientUtils$  - Fetching metadata from broker BrokerEndPoint(0,zion-portable,9092) with correlation id 0 for 1 topic(s) Set(curiosity_to_earth_5)
375 [space.exploration.mars.rover.curiosity.1527608523007_zion-portable-1527608523208-a02e9e52-leader-finder-thread] INFO kafka.producer.SyncProducer  - Connected to zion-portable:9092 for producing
384 [space.exploration.mars.rover.curiosity.1527608523007_zion-portable-1527608523208-a02e9e52-leader-finder-thread] INFO kafka.producer.SyncProducer  - Disconnecting from zion-portable:9092
399 [ConsumerFetcherThread-space.exploration.mars.rover.curiosity.1527608523007_zion-portable-1527608523208-a02e9e52-0-0] INFO kafka.consumer.ConsumerFetcherThread  - [ConsumerFetcherThread-space.exploration.mars.rover.curiosity.1527608523007_zion-portable-1527608523208-a02e9e52-0-0], Starting 
413 [space.exploration.mars.rover.curiosity.1527608523007_zion-portable-1527608523208-a02e9e52-leader-finder-thread] INFO kafka.consumer.ConsumerFetcherManager  - [ConsumerFetcherManager-1527608523292] Added fetcher for partitions ArrayBuffer([[curiosity_to_earth_5,0], initOffset -1 to broker BrokerEndPoint(0,zion-portable,9092)] )
89376 [Thread-0] INFO naasa.gov.mission.control.Receiver  - Message received from 
149345 [Thread-0] INFO naasa.gov.mission.control.Receiver  - Message received from 
342735 [Thread-0] INFO naasa.gov.mission.control.Receiver  - Message received from 
351975 [Thread-0] INFO naasa.gov.mission.control.Receiver  - Message received from 
386830 [Thread-0] INFO naasa.gov.mission.control.Receiver  - Message received from Spacecraft Clock
399182 [Thread-0] INFO naasa.gov.mission.control.Receiver  - Message received from 
462633 [Thread-0] INFO naasa.gov.mission.control.Receiver  - Message received from 
471875 [Thread-0] INFO naasa.gov.mission.control.Receiver  - Message received from 
509860 [Thread-0] INFO naasa.gov.mission.control.Receiver  - Message received from Spacecraft Clock
522273 [Thread-0] INFO naasa.gov.mission.control.Receiver  - Message received from 
602640 [Thread-0] INFO naasa.gov.mission.control.Receiver  - Message received from 
