0 [main] INFO kafka.utils.VerifiableProperties  - Verifying properties
23 [main] WARN kafka.utils.VerifiableProperties  - Property auto.offset.reset is not valid
23 [main] WARN kafka.utils.VerifiableProperties  - Property bootstrap.servers is not valid
23 [main] WARN kafka.utils.VerifiableProperties  - Property destination.topic is not valid
24 [main] WARN kafka.utils.VerifiableProperties  - Property group.id is not valid
24 [main] WARN kafka.utils.VerifiableProperties  - Property key.serializer is not valid
24 [main] INFO kafka.utils.VerifiableProperties  - Property metadata.broker.list is overridden to localhost:9092
24 [main] WARN kafka.utils.VerifiableProperties  - Property source.topic is not valid
24 [main] WARN kafka.utils.VerifiableProperties  - Property value.serializer is not valid
24 [main] WARN kafka.utils.VerifiableProperties  - Property zookeeper.connect is not valid
280 [main] INFO kafka.client.ClientUtils$  - Fetching metadata from broker BrokerEndPoint(0,localhost,9092) with correlation id 0 for 1 topic(s) Set(earth_to_curiosity_5)
289 [main] INFO kafka.producer.SyncProducer  - Connected to localhost:9092 for producing
300 [main] INFO kafka.producer.SyncProducer  - Disconnecting from localhost:9092
324 [main] INFO kafka.producer.SyncProducer  - Connected to zion-mainframe:9092 for producing
608429 [main] INFO kafka.client.ClientUtils$  - Fetching metadata from broker BrokerEndPoint(0,localhost,9092) with correlation id 31 for 1 topic(s) Set(earth_to_curiosity_5)
608430 [main] INFO kafka.producer.SyncProducer  - Connected to localhost:9092 for producing
608431 [main] INFO kafka.producer.SyncProducer  - Disconnecting from localhost:9092
608431 [main] INFO kafka.producer.SyncProducer  - Disconnecting from zion-mainframe:9092
608433 [main] INFO kafka.producer.SyncProducer  - Connected to zion-mainframe:9092 for producing
1213384 [main] INFO kafka.client.ClientUtils$  - Fetching metadata from broker BrokerEndPoint(0,localhost,9092) with correlation id 58 for 1 topic(s) Set(earth_to_curiosity_5)
1213385 [main] INFO kafka.producer.SyncProducer  - Connected to localhost:9092 for producing
1213387 [main] INFO kafka.producer.SyncProducer  - Disconnecting from localhost:9092
1213387 [main] INFO kafka.producer.SyncProducer  - Disconnecting from zion-mainframe:9092
1213389 [main] INFO kafka.producer.SyncProducer  - Connected to zion-mainframe:9092 for producing
