0 [main] INFO kafka.utils.VerifiableProperties  - Verifying properties
30 [main] INFO kafka.utils.VerifiableProperties  - Property auto.offset.reset is overridden to largest
31 [main] WARN kafka.utils.VerifiableProperties  - Property destination.topic is not valid
31 [main] INFO kafka.utils.VerifiableProperties  - Property group.id is overridden to nasa.gov.mission.newControl
31 [main] WARN kafka.utils.VerifiableProperties  - Property metadata.broker.list is not valid
31 [main] WARN kafka.utils.VerifiableProperties  - Property source.topic is not valid
31 [main] INFO kafka.utils.VerifiableProperties  - Property zookeeper.connect is overridden to zion-mainframe:2181
71 [main] INFO kafka.consumer.ZookeeperConsumerConnector  - [nasa.gov.mission.newControl_zion-portable-1509932945517-ea15dbfd], Connecting to zookeeper instance at zion-mainframe:2181
76 [ZkClient-EventThread-15-zion-mainframe:2181] INFO org.I0Itec.zkclient.ZkEventThread  - Starting ZkClient event thread.
79 [main] INFO org.apache.zookeeper.ZooKeeper  - Client environment:zookeeper.version=3.4.6-1569965, built on 02/20/2014 09:09 GMT
79 [main] INFO org.apache.zookeeper.ZooKeeper  - Client environment:host.name=zion-portable
79 [main] INFO org.apache.zookeeper.ZooKeeper  - Client environment:java.version=1.8.0_131
79 [main] INFO org.apache.zookeeper.ZooKeeper  - Client environment:java.vendor=Oracle Corporation
79 [main] INFO org.apache.zookeeper.ZooKeeper  - Client environment:java.home=/usr/lib/jvm/java-8-openjdk-amd64/jre
79 [main] INFO org.apache.zookeeper.ZooKeeper  - Client environment:java.class.path=target/mission.control-0.0.1-SNAPSHOT-shaded.jar
79 [main] INFO org.apache.zookeeper.ZooKeeper  - Client environment:java.library.path=/usr/java/packages/lib/amd64:/usr/lib/x86_64-linux-gnu/jni:/lib/x86_64-linux-gnu:/usr/lib/x86_64-linux-gnu:/usr/lib/jni:/lib:/usr/lib
79 [main] INFO org.apache.zookeeper.ZooKeeper  - Client environment:java.io.tmpdir=/tmp
79 [main] INFO org.apache.zookeeper.ZooKeeper  - Client environment:java.compiler=<NA>
79 [main] INFO org.apache.zookeeper.ZooKeeper  - Client environment:os.name=Linux
79 [main] INFO org.apache.zookeeper.ZooKeeper  - Client environment:os.arch=amd64
79 [main] INFO org.apache.zookeeper.ZooKeeper  - Client environment:os.version=4.10.0-37-generic
79 [main] INFO org.apache.zookeeper.ZooKeeper  - Client environment:user.name=sanket
79 [main] INFO org.apache.zookeeper.ZooKeeper  - Client environment:user.home=/home/sanket
79 [main] INFO org.apache.zookeeper.ZooKeeper  - Client environment:user.dir=/home/sanket/Documents/workspace/Mission.Control/mission.control
80 [main] INFO org.apache.zookeeper.ZooKeeper  - Initiating client connection, connectString=zion-mainframe:2181 sessionTimeout=6000 watcher=org.I0Itec.zkclient.ZkClient@517cd4b
108 [main] INFO org.I0Itec.zkclient.ZkClient  - Waiting for keeper state SyncConnected
159 [main-SendThread(2600:1700:4880:5fd0:60e9:4e95:a1d0:5a3d:2181)] INFO org.apache.zookeeper.ClientCnxn  - Opening socket connection to server 2600:1700:4880:5fd0:60e9:4e95:a1d0:5a3d/2600:1700:4880:5fd0:60e9:4e95:a1d0:5a3d:2181. Will not attempt to authenticate using SASL (unknown error)
227 [main-SendThread(2600:1700:4880:5fd0:60e9:4e95:a1d0:5a3d:2181)] INFO org.apache.zookeeper.ClientCnxn  - Socket connection established to 2600:1700:4880:5fd0:60e9:4e95:a1d0:5a3d/2600:1700:4880:5fd0:60e9:4e95:a1d0:5a3d:2181, initiating session
258 [main-SendThread(2600:1700:4880:5fd0:60e9:4e95:a1d0:5a3d:2181)] INFO org.apache.zookeeper.ClientCnxn  - Session establishment complete on server 2600:1700:4880:5fd0:60e9:4e95:a1d0:5a3d/2600:1700:4880:5fd0:60e9:4e95:a1d0:5a3d:2181, sessionid = 0x15f8e9a62480006, negotiated timeout = 6000
259 [main-EventThread] INFO org.I0Itec.zkclient.ZkClient  - zookeeper state changed (SyncConnected)
273 [main] INFO kafka.consumer.ZookeeperConsumerConnector  - [nasa.gov.mission.newControl_zion-portable-1509932945517-ea15dbfd], starting auto committer every 60000 ms
308 [Thread-0] INFO kafka.consumer.ZookeeperConsumerConnector  - [nasa.gov.mission.newControl_zion-portable-1509932945517-ea15dbfd], begin registering consumer nasa.gov.mission.newControl_zion-portable-1509932945517-ea15dbfd in ZK
328 [Thread-0] INFO kafka.utils.ZKCheckedEphemeral  - Creating /consumers/nasa.gov.mission.newControl/ids/nasa.gov.mission.newControl_zion-portable-1509932945517-ea15dbfd (is it secure? false)
354 [Thread-0] INFO kafka.utils.ZKCheckedEphemeral  - Result of znode creation is: OK
355 [Thread-0] INFO kafka.consumer.ZookeeperConsumerConnector  - [nasa.gov.mission.newControl_zion-portable-1509932945517-ea15dbfd], end registering consumer nasa.gov.mission.newControl_zion-portable-1509932945517-ea15dbfd in ZK
358 [nasa.gov.mission.newControl_zion-portable-1509932945517-ea15dbfd_watcher_executor] INFO kafka.consumer.ZookeeperConsumerConnector  - [nasa.gov.mission.newControl_zion-portable-1509932945517-ea15dbfd], starting watcher executor thread for consumer nasa.gov.mission.newControl_zion-portable-1509932945517-ea15dbfd
433 [Thread-0] INFO kafka.consumer.ZookeeperConsumerConnector  - [nasa.gov.mission.newControl_zion-portable-1509932945517-ea15dbfd], begin rebalancing consumer nasa.gov.mission.newControl_zion-portable-1509932945517-ea15dbfd try #0
611 [Thread-0] INFO kafka.consumer.ConsumerFetcherManager  - [ConsumerFetcherManager-1509932945715] Stopping leader finder thread
612 [Thread-0] INFO kafka.consumer.ConsumerFetcherManager  - [ConsumerFetcherManager-1509932945715] Stopping all fetchers
612 [Thread-0] INFO kafka.consumer.ConsumerFetcherManager  - [ConsumerFetcherManager-1509932945715] All connections stopped
613 [Thread-0] INFO kafka.consumer.ZookeeperConsumerConnector  - [nasa.gov.mission.newControl_zion-portable-1509932945517-ea15dbfd], Cleared all relevant queues for this fetcher
613 [Thread-0] INFO kafka.consumer.ZookeeperConsumerConnector  - [nasa.gov.mission.newControl_zion-portable-1509932945517-ea15dbfd], Cleared the data chunks in all the consumer message iterators
614 [Thread-0] INFO kafka.consumer.ZookeeperConsumerConnector  - [nasa.gov.mission.newControl_zion-portable-1509932945517-ea15dbfd], Committing all offsets after clearing the fetcher queues
614 [Thread-0] INFO kafka.consumer.ZookeeperConsumerConnector  - [nasa.gov.mission.newControl_zion-portable-1509932945517-ea15dbfd], Releasing partition ownership
740 [Thread-0] INFO kafka.consumer.RangeAssignor  - Consumer nasa.gov.mission.newControl_zion-portable-1509932945517-ea15dbfd rebalancing the following partitions: ArrayBuffer(0) for topic curiosity_to_earth_3 with consumers: List(nasa.gov.mission.newControl_zion-mainframe-1509930274576-ce256e7a-0, nasa.gov.mission.newControl_zion-portable-1509932945517-ea15dbfd-0)
741 [Thread-0] INFO kafka.consumer.RangeAssignor  - nasa.gov.mission.newControl_zion-mainframe-1509930274576-ce256e7a-0 attempting to claim partition 0
742 [Thread-0] WARN kafka.consumer.RangeAssignor  - No broker partitions consumed by consumer thread nasa.gov.mission.newControl_zion-portable-1509932945517-ea15dbfd-0 for topic curiosity_to_earth_3
753 [Thread-0] INFO kafka.consumer.ZookeeperConsumerConnector  - [nasa.gov.mission.newControl_zion-portable-1509932945517-ea15dbfd], Consumer nasa.gov.mission.newControl_zion-portable-1509932945517-ea15dbfd selected partitions : 
754 [nasa.gov.mission.newControl_zion-portable-1509932945517-ea15dbfd-leader-finder-thread] INFO kafka.consumer.ConsumerFetcherManager$LeaderFinderThread  - [nasa.gov.mission.newControl_zion-portable-1509932945517-ea15dbfd-leader-finder-thread], Starting 
755 [Thread-0] INFO kafka.consumer.ZookeeperConsumerConnector  - [nasa.gov.mission.newControl_zion-portable-1509932945517-ea15dbfd], end rebalancing consumer nasa.gov.mission.newControl_zion-portable-1509932945517-ea15dbfd try #0
34763 [nasa.gov.mission.newControl_zion-portable-1509932945517-ea15dbfd_watcher_executor] INFO kafka.consumer.ZookeeperConsumerConnector  - [nasa.gov.mission.newControl_zion-portable-1509932945517-ea15dbfd], begin rebalancing consumer nasa.gov.mission.newControl_zion-portable-1509932945517-ea15dbfd try #0
34862 [nasa.gov.mission.newControl_zion-portable-1509932945517-ea15dbfd_watcher_executor] INFO kafka.consumer.ConsumerFetcherManager  - [ConsumerFetcherManager-1509932945715] Stopping leader finder thread
34863 [nasa.gov.mission.newControl_zion-portable-1509932945517-ea15dbfd_watcher_executor] INFO kafka.consumer.ConsumerFetcherManager$LeaderFinderThread  - [nasa.gov.mission.newControl_zion-portable-1509932945517-ea15dbfd-leader-finder-thread], Shutting down
34863 [nasa.gov.mission.newControl_zion-portable-1509932945517-ea15dbfd-leader-finder-thread] INFO kafka.consumer.ConsumerFetcherManager$LeaderFinderThread  - [nasa.gov.mission.newControl_zion-portable-1509932945517-ea15dbfd-leader-finder-thread], Stopped 
34863 [nasa.gov.mission.newControl_zion-portable-1509932945517-ea15dbfd_watcher_executor] INFO kafka.consumer.ConsumerFetcherManager$LeaderFinderThread  - [nasa.gov.mission.newControl_zion-portable-1509932945517-ea15dbfd-leader-finder-thread], Shutdown completed
34863 [nasa.gov.mission.newControl_zion-portable-1509932945517-ea15dbfd_watcher_executor] INFO kafka.consumer.ConsumerFetcherManager  - [ConsumerFetcherManager-1509932945715] Stopping all fetchers
34863 [nasa.gov.mission.newControl_zion-portable-1509932945517-ea15dbfd_watcher_executor] INFO kafka.consumer.ConsumerFetcherManager  - [ConsumerFetcherManager-1509932945715] All connections stopped
34863 [nasa.gov.mission.newControl_zion-portable-1509932945517-ea15dbfd_watcher_executor] INFO kafka.consumer.ZookeeperConsumerConnector  - [nasa.gov.mission.newControl_zion-portable-1509932945517-ea15dbfd], Cleared all relevant queues for this fetcher
34863 [nasa.gov.mission.newControl_zion-portable-1509932945517-ea15dbfd_watcher_executor] INFO kafka.consumer.ZookeeperConsumerConnector  - [nasa.gov.mission.newControl_zion-portable-1509932945517-ea15dbfd], Cleared the data chunks in all the consumer message iterators
34863 [nasa.gov.mission.newControl_zion-portable-1509932945517-ea15dbfd_watcher_executor] INFO kafka.consumer.ZookeeperConsumerConnector  - [nasa.gov.mission.newControl_zion-portable-1509932945517-ea15dbfd], Committing all offsets after clearing the fetcher queues
34863 [nasa.gov.mission.newControl_zion-portable-1509932945517-ea15dbfd_watcher_executor] INFO kafka.consumer.ZookeeperConsumerConnector  - [nasa.gov.mission.newControl_zion-portable-1509932945517-ea15dbfd], Releasing partition ownership
35002 [nasa.gov.mission.newControl_zion-portable-1509932945517-ea15dbfd_watcher_executor] INFO kafka.consumer.RangeAssignor  - Consumer nasa.gov.mission.newControl_zion-portable-1509932945517-ea15dbfd rebalancing the following partitions: ArrayBuffer(0) for topic curiosity_to_earth_3 with consumers: List(nasa.gov.mission.newControl_zion-mainframe-1509930274576-ce256e7a-0, nasa.gov.mission.newControl_zion-mainframe-1509932980696-2c58182a-0, nasa.gov.mission.newControl_zion-portable-1509932945517-ea15dbfd-0)
35003 [nasa.gov.mission.newControl_zion-portable-1509932945517-ea15dbfd_watcher_executor] INFO kafka.consumer.RangeAssignor  - nasa.gov.mission.newControl_zion-mainframe-1509930274576-ce256e7a-0 attempting to claim partition 0
35003 [nasa.gov.mission.newControl_zion-portable-1509932945517-ea15dbfd_watcher_executor] WARN kafka.consumer.RangeAssignor  - No broker partitions consumed by consumer thread nasa.gov.mission.newControl_zion-mainframe-1509932980696-2c58182a-0 for topic curiosity_to_earth_3
35003 [nasa.gov.mission.newControl_zion-portable-1509932945517-ea15dbfd_watcher_executor] WARN kafka.consumer.RangeAssignor  - No broker partitions consumed by consumer thread nasa.gov.mission.newControl_zion-portable-1509932945517-ea15dbfd-0 for topic curiosity_to_earth_3
35004 [nasa.gov.mission.newControl_zion-portable-1509932945517-ea15dbfd_watcher_executor] INFO kafka.consumer.ZookeeperConsumerConnector  - [nasa.gov.mission.newControl_zion-portable-1509932945517-ea15dbfd], Consumer nasa.gov.mission.newControl_zion-portable-1509932945517-ea15dbfd selected partitions : 
35004 [nasa.gov.mission.newControl_zion-portable-1509932945517-ea15dbfd_watcher_executor] INFO kafka.consumer.ZookeeperConsumerConnector  - [nasa.gov.mission.newControl_zion-portable-1509932945517-ea15dbfd], end rebalancing consumer nasa.gov.mission.newControl_zion-portable-1509932945517-ea15dbfd try #0
35005 [nasa.gov.mission.newControl_zion-portable-1509932945517-ea15dbfd-leader-finder-thread] INFO kafka.consumer.ConsumerFetcherManager$LeaderFinderThread  - [nasa.gov.mission.newControl_zion-portable-1509932945517-ea15dbfd-leader-finder-thread], Starting 
221904 [nasa.gov.mission.newControl_zion-portable-1509932945517-ea15dbfd_watcher_executor] INFO kafka.consumer.ZookeeperConsumerConnector  - [nasa.gov.mission.newControl_zion-portable-1509932945517-ea15dbfd], begin rebalancing consumer nasa.gov.mission.newControl_zion-portable-1509932945517-ea15dbfd try #0
221994 [nasa.gov.mission.newControl_zion-portable-1509932945517-ea15dbfd_watcher_executor] INFO kafka.consumer.ConsumerFetcherManager  - [ConsumerFetcherManager-1509932945715] Stopping leader finder thread
221994 [nasa.gov.mission.newControl_zion-portable-1509932945517-ea15dbfd_watcher_executor] INFO kafka.consumer.ConsumerFetcherManager$LeaderFinderThread  - [nasa.gov.mission.newControl_zion-portable-1509932945517-ea15dbfd-leader-finder-thread], Shutting down
221994 [nasa.gov.mission.newControl_zion-portable-1509932945517-ea15dbfd-leader-finder-thread] INFO kafka.consumer.ConsumerFetcherManager$LeaderFinderThread  - [nasa.gov.mission.newControl_zion-portable-1509932945517-ea15dbfd-leader-finder-thread], Stopped 
221994 [nasa.gov.mission.newControl_zion-portable-1509932945517-ea15dbfd_watcher_executor] INFO kafka.consumer.ConsumerFetcherManager$LeaderFinderThread  - [nasa.gov.mission.newControl_zion-portable-1509932945517-ea15dbfd-leader-finder-thread], Shutdown completed
221994 [nasa.gov.mission.newControl_zion-portable-1509932945517-ea15dbfd_watcher_executor] INFO kafka.consumer.ConsumerFetcherManager  - [ConsumerFetcherManager-1509932945715] Stopping all fetchers
221994 [nasa.gov.mission.newControl_zion-portable-1509932945517-ea15dbfd_watcher_executor] INFO kafka.consumer.ConsumerFetcherManager  - [ConsumerFetcherManager-1509932945715] All connections stopped
221994 [nasa.gov.mission.newControl_zion-portable-1509932945517-ea15dbfd_watcher_executor] INFO kafka.consumer.ZookeeperConsumerConnector  - [nasa.gov.mission.newControl_zion-portable-1509932945517-ea15dbfd], Cleared all relevant queues for this fetcher
221995 [nasa.gov.mission.newControl_zion-portable-1509932945517-ea15dbfd_watcher_executor] INFO kafka.consumer.ZookeeperConsumerConnector  - [nasa.gov.mission.newControl_zion-portable-1509932945517-ea15dbfd], Cleared the data chunks in all the consumer message iterators
221995 [nasa.gov.mission.newControl_zion-portable-1509932945517-ea15dbfd_watcher_executor] INFO kafka.consumer.ZookeeperConsumerConnector  - [nasa.gov.mission.newControl_zion-portable-1509932945517-ea15dbfd], Committing all offsets after clearing the fetcher queues
221995 [nasa.gov.mission.newControl_zion-portable-1509932945517-ea15dbfd_watcher_executor] INFO kafka.consumer.ZookeeperConsumerConnector  - [nasa.gov.mission.newControl_zion-portable-1509932945517-ea15dbfd], Releasing partition ownership
222120 [nasa.gov.mission.newControl_zion-portable-1509932945517-ea15dbfd_watcher_executor] INFO kafka.consumer.RangeAssignor  - Consumer nasa.gov.mission.newControl_zion-portable-1509932945517-ea15dbfd rebalancing the following partitions: ArrayBuffer(0) for topic curiosity_to_earth_3 with consumers: List(nasa.gov.mission.newControl_zion-mainframe-1509930274576-ce256e7a-0, nasa.gov.mission.newControl_zion-portable-1509932945517-ea15dbfd-0)
222120 [nasa.gov.mission.newControl_zion-portable-1509932945517-ea15dbfd_watcher_executor] INFO kafka.consumer.RangeAssignor  - nasa.gov.mission.newControl_zion-mainframe-1509930274576-ce256e7a-0 attempting to claim partition 0
222120 [nasa.gov.mission.newControl_zion-portable-1509932945517-ea15dbfd_watcher_executor] WARN kafka.consumer.RangeAssignor  - No broker partitions consumed by consumer thread nasa.gov.mission.newControl_zion-portable-1509932945517-ea15dbfd-0 for topic curiosity_to_earth_3
222120 [nasa.gov.mission.newControl_zion-portable-1509932945517-ea15dbfd_watcher_executor] INFO kafka.consumer.ZookeeperConsumerConnector  - [nasa.gov.mission.newControl_zion-portable-1509932945517-ea15dbfd], Consumer nasa.gov.mission.newControl_zion-portable-1509932945517-ea15dbfd selected partitions : 
222120 [nasa.gov.mission.newControl_zion-portable-1509932945517-ea15dbfd_watcher_executor] INFO kafka.consumer.ZookeeperConsumerConnector  - [nasa.gov.mission.newControl_zion-portable-1509932945517-ea15dbfd], end rebalancing consumer nasa.gov.mission.newControl_zion-portable-1509932945517-ea15dbfd try #0
222121 [nasa.gov.mission.newControl_zion-portable-1509932945517-ea15dbfd-leader-finder-thread] INFO kafka.consumer.ConsumerFetcherManager$LeaderFinderThread  - [nasa.gov.mission.newControl_zion-portable-1509932945517-ea15dbfd-leader-finder-thread], Starting 
284193 [nasa.gov.mission.newControl_zion-portable-1509932945517-ea15dbfd_watcher_executor] INFO kafka.consumer.ZookeeperConsumerConnector  - [nasa.gov.mission.newControl_zion-portable-1509932945517-ea15dbfd], begin rebalancing consumer nasa.gov.mission.newControl_zion-portable-1509932945517-ea15dbfd try #0
284345 [nasa.gov.mission.newControl_zion-portable-1509932945517-ea15dbfd_watcher_executor] INFO kafka.consumer.ConsumerFetcherManager  - [ConsumerFetcherManager-1509932945715] Stopping leader finder thread
284345 [nasa.gov.mission.newControl_zion-portable-1509932945517-ea15dbfd_watcher_executor] INFO kafka.consumer.ConsumerFetcherManager$LeaderFinderThread  - [nasa.gov.mission.newControl_zion-portable-1509932945517-ea15dbfd-leader-finder-thread], Shutting down
284346 [nasa.gov.mission.newControl_zion-portable-1509932945517-ea15dbfd-leader-finder-thread] INFO kafka.consumer.ConsumerFetcherManager$LeaderFinderThread  - [nasa.gov.mission.newControl_zion-portable-1509932945517-ea15dbfd-leader-finder-thread], Stopped 
284346 [nasa.gov.mission.newControl_zion-portable-1509932945517-ea15dbfd_watcher_executor] INFO kafka.consumer.ConsumerFetcherManager$LeaderFinderThread  - [nasa.gov.mission.newControl_zion-portable-1509932945517-ea15dbfd-leader-finder-thread], Shutdown completed
284346 [nasa.gov.mission.newControl_zion-portable-1509932945517-ea15dbfd_watcher_executor] INFO kafka.consumer.ConsumerFetcherManager  - [ConsumerFetcherManager-1509932945715] Stopping all fetchers
284346 [nasa.gov.mission.newControl_zion-portable-1509932945517-ea15dbfd_watcher_executor] INFO kafka.consumer.ConsumerFetcherManager  - [ConsumerFetcherManager-1509932945715] All connections stopped
284346 [nasa.gov.mission.newControl_zion-portable-1509932945517-ea15dbfd_watcher_executor] INFO kafka.consumer.ZookeeperConsumerConnector  - [nasa.gov.mission.newControl_zion-portable-1509932945517-ea15dbfd], Cleared all relevant queues for this fetcher
284346 [nasa.gov.mission.newControl_zion-portable-1509932945517-ea15dbfd_watcher_executor] INFO kafka.consumer.ZookeeperConsumerConnector  - [nasa.gov.mission.newControl_zion-portable-1509932945517-ea15dbfd], Cleared the data chunks in all the consumer message iterators
284346 [nasa.gov.mission.newControl_zion-portable-1509932945517-ea15dbfd_watcher_executor] INFO kafka.consumer.ZookeeperConsumerConnector  - [nasa.gov.mission.newControl_zion-portable-1509932945517-ea15dbfd], Committing all offsets after clearing the fetcher queues
284346 [nasa.gov.mission.newControl_zion-portable-1509932945517-ea15dbfd_watcher_executor] INFO kafka.consumer.ZookeeperConsumerConnector  - [nasa.gov.mission.newControl_zion-portable-1509932945517-ea15dbfd], Releasing partition ownership
284552 [nasa.gov.mission.newControl_zion-portable-1509932945517-ea15dbfd_watcher_executor] INFO kafka.consumer.RangeAssignor  - Consumer nasa.gov.mission.newControl_zion-portable-1509932945517-ea15dbfd rebalancing the following partitions: ArrayBuffer(0) for topic curiosity_to_earth_3 with consumers: List(nasa.gov.mission.newControl_zion-mainframe-1509930274576-ce256e7a-0, nasa.gov.mission.newControl_zion-portable-1509932945517-ea15dbfd-0, nasa.gov.mission.newControl_zion-portable-1509933229260-b1452ce8-0)
284552 [nasa.gov.mission.newControl_zion-portable-1509932945517-ea15dbfd_watcher_executor] INFO kafka.consumer.RangeAssignor  - nasa.gov.mission.newControl_zion-mainframe-1509930274576-ce256e7a-0 attempting to claim partition 0
284552 [nasa.gov.mission.newControl_zion-portable-1509932945517-ea15dbfd_watcher_executor] WARN kafka.consumer.RangeAssignor  - No broker partitions consumed by consumer thread nasa.gov.mission.newControl_zion-portable-1509932945517-ea15dbfd-0 for topic curiosity_to_earth_3
284552 [nasa.gov.mission.newControl_zion-portable-1509932945517-ea15dbfd_watcher_executor] WARN kafka.consumer.RangeAssignor  - No broker partitions consumed by consumer thread nasa.gov.mission.newControl_zion-portable-1509933229260-b1452ce8-0 for topic curiosity_to_earth_3
284552 [nasa.gov.mission.newControl_zion-portable-1509932945517-ea15dbfd_watcher_executor] INFO kafka.consumer.ZookeeperConsumerConnector  - [nasa.gov.mission.newControl_zion-portable-1509932945517-ea15dbfd], Consumer nasa.gov.mission.newControl_zion-portable-1509932945517-ea15dbfd selected partitions : 
284553 [nasa.gov.mission.newControl_zion-portable-1509932945517-ea15dbfd_watcher_executor] INFO kafka.consumer.ZookeeperConsumerConnector  - [nasa.gov.mission.newControl_zion-portable-1509932945517-ea15dbfd], end rebalancing consumer nasa.gov.mission.newControl_zion-portable-1509932945517-ea15dbfd try #0
284553 [nasa.gov.mission.newControl_zion-portable-1509932945517-ea15dbfd-leader-finder-thread] INFO kafka.consumer.ConsumerFetcherManager$LeaderFinderThread  - [nasa.gov.mission.newControl_zion-portable-1509932945517-ea15dbfd-leader-finder-thread], Starting 
437943 [nasa.gov.mission.newControl_zion-portable-1509932945517-ea15dbfd_watcher_executor] INFO kafka.consumer.ZookeeperConsumerConnector  - [nasa.gov.mission.newControl_zion-portable-1509932945517-ea15dbfd], begin rebalancing consumer nasa.gov.mission.newControl_zion-portable-1509932945517-ea15dbfd try #0
438128 [nasa.gov.mission.newControl_zion-portable-1509932945517-ea15dbfd_watcher_executor] INFO kafka.consumer.ConsumerFetcherManager  - [ConsumerFetcherManager-1509932945715] Stopping leader finder thread
438128 [nasa.gov.mission.newControl_zion-portable-1509932945517-ea15dbfd_watcher_executor] INFO kafka.consumer.ConsumerFetcherManager$LeaderFinderThread  - [nasa.gov.mission.newControl_zion-portable-1509932945517-ea15dbfd-leader-finder-thread], Shutting down
438128 [nasa.gov.mission.newControl_zion-portable-1509932945517-ea15dbfd-leader-finder-thread] INFO kafka.consumer.ConsumerFetcherManager$LeaderFinderThread  - [nasa.gov.mission.newControl_zion-portable-1509932945517-ea15dbfd-leader-finder-thread], Stopped 
438128 [nasa.gov.mission.newControl_zion-portable-1509932945517-ea15dbfd_watcher_executor] INFO kafka.consumer.ConsumerFetcherManager$LeaderFinderThread  - [nasa.gov.mission.newControl_zion-portable-1509932945517-ea15dbfd-leader-finder-thread], Shutdown completed
438128 [nasa.gov.mission.newControl_zion-portable-1509932945517-ea15dbfd_watcher_executor] INFO kafka.consumer.ConsumerFetcherManager  - [ConsumerFetcherManager-1509932945715] Stopping all fetchers
438128 [nasa.gov.mission.newControl_zion-portable-1509932945517-ea15dbfd_watcher_executor] INFO kafka.consumer.ConsumerFetcherManager  - [ConsumerFetcherManager-1509932945715] All connections stopped
438128 [nasa.gov.mission.newControl_zion-portable-1509932945517-ea15dbfd_watcher_executor] INFO kafka.consumer.ZookeeperConsumerConnector  - [nasa.gov.mission.newControl_zion-portable-1509932945517-ea15dbfd], Cleared all relevant queues for this fetcher
438128 [nasa.gov.mission.newControl_zion-portable-1509932945517-ea15dbfd_watcher_executor] INFO kafka.consumer.ZookeeperConsumerConnector  - [nasa.gov.mission.newControl_zion-portable-1509932945517-ea15dbfd], Cleared the data chunks in all the consumer message iterators
438128 [nasa.gov.mission.newControl_zion-portable-1509932945517-ea15dbfd_watcher_executor] INFO kafka.consumer.ZookeeperConsumerConnector  - [nasa.gov.mission.newControl_zion-portable-1509932945517-ea15dbfd], Committing all offsets after clearing the fetcher queues
438128 [nasa.gov.mission.newControl_zion-portable-1509932945517-ea15dbfd_watcher_executor] INFO kafka.consumer.ZookeeperConsumerConnector  - [nasa.gov.mission.newControl_zion-portable-1509932945517-ea15dbfd], Releasing partition ownership
438231 [nasa.gov.mission.newControl_zion-portable-1509932945517-ea15dbfd_watcher_executor] INFO kafka.consumer.RangeAssignor  - Consumer nasa.gov.mission.newControl_zion-portable-1509932945517-ea15dbfd rebalancing the following partitions: ArrayBuffer(0) for topic curiosity_to_earth_3 with consumers: List(nasa.gov.mission.newControl_zion-mainframe-1509930274576-ce256e7a-0, nasa.gov.mission.newControl_zion-portable-1509932945517-ea15dbfd-0)
438231 [nasa.gov.mission.newControl_zion-portable-1509932945517-ea15dbfd_watcher_executor] INFO kafka.consumer.RangeAssignor  - nasa.gov.mission.newControl_zion-mainframe-1509930274576-ce256e7a-0 attempting to claim partition 0
438231 [nasa.gov.mission.newControl_zion-portable-1509932945517-ea15dbfd_watcher_executor] WARN kafka.consumer.RangeAssignor  - No broker partitions consumed by consumer thread nasa.gov.mission.newControl_zion-portable-1509932945517-ea15dbfd-0 for topic curiosity_to_earth_3
438232 [nasa.gov.mission.newControl_zion-portable-1509932945517-ea15dbfd_watcher_executor] INFO kafka.consumer.ZookeeperConsumerConnector  - [nasa.gov.mission.newControl_zion-portable-1509932945517-ea15dbfd], Consumer nasa.gov.mission.newControl_zion-portable-1509932945517-ea15dbfd selected partitions : 
438232 [nasa.gov.mission.newControl_zion-portable-1509932945517-ea15dbfd_watcher_executor] INFO kafka.consumer.ZookeeperConsumerConnector  - [nasa.gov.mission.newControl_zion-portable-1509932945517-ea15dbfd], end rebalancing consumer nasa.gov.mission.newControl_zion-portable-1509932945517-ea15dbfd try #0
438232 [nasa.gov.mission.newControl_zion-portable-1509932945517-ea15dbfd-leader-finder-thread] INFO kafka.consumer.ConsumerFetcherManager$LeaderFinderThread  - [nasa.gov.mission.newControl_zion-portable-1509932945517-ea15dbfd-leader-finder-thread], Starting 
472767 [nasa.gov.mission.newControl_zion-portable-1509932945517-ea15dbfd_watcher_executor] INFO kafka.consumer.ZookeeperConsumerConnector  - [nasa.gov.mission.newControl_zion-portable-1509932945517-ea15dbfd], begin rebalancing consumer nasa.gov.mission.newControl_zion-portable-1509932945517-ea15dbfd try #0
472925 [nasa.gov.mission.newControl_zion-portable-1509932945517-ea15dbfd_watcher_executor] INFO kafka.consumer.ConsumerFetcherManager  - [ConsumerFetcherManager-1509932945715] Stopping leader finder thread
472925 [nasa.gov.mission.newControl_zion-portable-1509932945517-ea15dbfd_watcher_executor] INFO kafka.consumer.ConsumerFetcherManager$LeaderFinderThread  - [nasa.gov.mission.newControl_zion-portable-1509932945517-ea15dbfd-leader-finder-thread], Shutting down
472925 [nasa.gov.mission.newControl_zion-portable-1509932945517-ea15dbfd-leader-finder-thread] INFO kafka.consumer.ConsumerFetcherManager$LeaderFinderThread  - [nasa.gov.mission.newControl_zion-portable-1509932945517-ea15dbfd-leader-finder-thread], Stopped 
472926 [nasa.gov.mission.newControl_zion-portable-1509932945517-ea15dbfd_watcher_executor] INFO kafka.consumer.ConsumerFetcherManager$LeaderFinderThread  - [nasa.gov.mission.newControl_zion-portable-1509932945517-ea15dbfd-leader-finder-thread], Shutdown completed
472926 [nasa.gov.mission.newControl_zion-portable-1509932945517-ea15dbfd_watcher_executor] INFO kafka.consumer.ConsumerFetcherManager  - [ConsumerFetcherManager-1509932945715] Stopping all fetchers
472926 [nasa.gov.mission.newControl_zion-portable-1509932945517-ea15dbfd_watcher_executor] INFO kafka.consumer.ConsumerFetcherManager  - [ConsumerFetcherManager-1509932945715] All connections stopped
472926 [nasa.gov.mission.newControl_zion-portable-1509932945517-ea15dbfd_watcher_executor] INFO kafka.consumer.ZookeeperConsumerConnector  - [nasa.gov.mission.newControl_zion-portable-1509932945517-ea15dbfd], Cleared all relevant queues for this fetcher
472926 [nasa.gov.mission.newControl_zion-portable-1509932945517-ea15dbfd_watcher_executor] INFO kafka.consumer.ZookeeperConsumerConnector  - [nasa.gov.mission.newControl_zion-portable-1509932945517-ea15dbfd], Cleared the data chunks in all the consumer message iterators
472926 [nasa.gov.mission.newControl_zion-portable-1509932945517-ea15dbfd_watcher_executor] INFO kafka.consumer.ZookeeperConsumerConnector  - [nasa.gov.mission.newControl_zion-portable-1509932945517-ea15dbfd], Committing all offsets after clearing the fetcher queues
472926 [nasa.gov.mission.newControl_zion-portable-1509932945517-ea15dbfd_watcher_executor] INFO kafka.consumer.ZookeeperConsumerConnector  - [nasa.gov.mission.newControl_zion-portable-1509932945517-ea15dbfd], Releasing partition ownership
473090 [nasa.gov.mission.newControl_zion-portable-1509932945517-ea15dbfd_watcher_executor] INFO kafka.consumer.RangeAssignor  - Consumer nasa.gov.mission.newControl_zion-portable-1509932945517-ea15dbfd rebalancing the following partitions: ArrayBuffer(0) for topic curiosity_to_earth_3 with consumers: List(nasa.gov.mission.newControl_zion-mainframe-1509930274576-ce256e7a-0, nasa.gov.mission.newControl_zion-portable-1509932945517-ea15dbfd-0, nasa.gov.mission.newControl_zion-portable-1509933417937-e49e906a-0)
473090 [nasa.gov.mission.newControl_zion-portable-1509932945517-ea15dbfd_watcher_executor] INFO kafka.consumer.RangeAssignor  - nasa.gov.mission.newControl_zion-mainframe-1509930274576-ce256e7a-0 attempting to claim partition 0
473090 [nasa.gov.mission.newControl_zion-portable-1509932945517-ea15dbfd_watcher_executor] WARN kafka.consumer.RangeAssignor  - No broker partitions consumed by consumer thread nasa.gov.mission.newControl_zion-portable-1509932945517-ea15dbfd-0 for topic curiosity_to_earth_3
473090 [nasa.gov.mission.newControl_zion-portable-1509932945517-ea15dbfd_watcher_executor] WARN kafka.consumer.RangeAssignor  - No broker partitions consumed by consumer thread nasa.gov.mission.newControl_zion-portable-1509933417937-e49e906a-0 for topic curiosity_to_earth_3
473091 [nasa.gov.mission.newControl_zion-portable-1509932945517-ea15dbfd_watcher_executor] INFO kafka.consumer.ZookeeperConsumerConnector  - [nasa.gov.mission.newControl_zion-portable-1509932945517-ea15dbfd], Consumer nasa.gov.mission.newControl_zion-portable-1509932945517-ea15dbfd selected partitions : 
473091 [nasa.gov.mission.newControl_zion-portable-1509932945517-ea15dbfd_watcher_executor] INFO kafka.consumer.ZookeeperConsumerConnector  - [nasa.gov.mission.newControl_zion-portable-1509932945517-ea15dbfd], end rebalancing consumer nasa.gov.mission.newControl_zion-portable-1509932945517-ea15dbfd try #0
473093 [nasa.gov.mission.newControl_zion-portable-1509932945517-ea15dbfd-leader-finder-thread] INFO kafka.consumer.ConsumerFetcherManager$LeaderFinderThread  - [nasa.gov.mission.newControl_zion-portable-1509932945517-ea15dbfd-leader-finder-thread], Starting 
509952 [nasa.gov.mission.newControl_zion-portable-1509932945517-ea15dbfd_watcher_executor] INFO kafka.consumer.ZookeeperConsumerConnector  - [nasa.gov.mission.newControl_zion-portable-1509932945517-ea15dbfd], begin rebalancing consumer nasa.gov.mission.newControl_zion-portable-1509932945517-ea15dbfd try #0
