0 [main] INFO kafka.utils.VerifiableProperties  - Verifying properties
57 [main] WARN kafka.utils.VerifiableProperties  - Property auto.offset.reset is not valid
57 [main] WARN kafka.utils.VerifiableProperties  - Property bootstrap.servers is not valid
58 [main] WARN kafka.utils.VerifiableProperties  - Property destination.topic is not valid
58 [main] WARN kafka.utils.VerifiableProperties  - Property group.id is not valid
58 [main] WARN kafka.utils.VerifiableProperties  - Property key.serializer is not valid
59 [main] INFO kafka.utils.VerifiableProperties  - Property metadata.broker.list is overridden to localhost:9092
59 [main] WARN kafka.utils.VerifiableProperties  - Property source.topic is not valid
60 [main] WARN kafka.utils.VerifiableProperties  - Property value.serializer is not valid
60 [main] WARN kafka.utils.VerifiableProperties  - Property zookeeper.connect is not valid
211 [main] INFO kafka.client.ClientUtils$  - Fetching metadata from broker BrokerEndPoint(0,localhost,9092) with correlation id 0 for 1 topic(s) Set(earth_to_curiosity_5)
276 [main] INFO kafka.producer.SyncProducer  - Connected to localhost:9092 for producing
295 [main] INFO kafka.producer.SyncProducer  - Disconnecting from localhost:9092
333 [main] INFO kafka.producer.SyncProducer  - Connected to zion-mainframe:9092 for producing
615362 [main] INFO kafka.client.ClientUtils$  - Fetching metadata from broker BrokerEndPoint(0,localhost,9092) with correlation id 21 for 1 topic(s) Set(earth_to_curiosity_5)
615362 [main] INFO kafka.producer.SyncProducer  - Connected to localhost:9092 for producing
615363 [main] INFO kafka.producer.SyncProducer  - Disconnecting from localhost:9092
615364 [main] INFO kafka.producer.SyncProducer  - Disconnecting from zion-mainframe:9092
615366 [main] INFO kafka.producer.SyncProducer  - Connected to zion-mainframe:9092 for producing
1230396 [main] INFO kafka.client.ClientUtils$  - Fetching metadata from broker BrokerEndPoint(0,localhost,9092) with correlation id 42 for 1 topic(s) Set(earth_to_curiosity_5)
1230397 [main] INFO kafka.producer.SyncProducer  - Connected to localhost:9092 for producing
1230398 [main] INFO kafka.producer.SyncProducer  - Disconnecting from localhost:9092
1230398 [main] INFO kafka.producer.SyncProducer  - Disconnecting from zion-mainframe:9092
1230400 [main] INFO kafka.producer.SyncProducer  - Connected to zion-mainframe:9092 for producing
1845420 [main] INFO kafka.client.ClientUtils$  - Fetching metadata from broker BrokerEndPoint(0,localhost,9092) with correlation id 63 for 1 topic(s) Set(earth_to_curiosity_5)
1845421 [main] INFO kafka.producer.SyncProducer  - Connected to localhost:9092 for producing
1845422 [main] INFO kafka.producer.SyncProducer  - Disconnecting from localhost:9092
1845423 [main] INFO kafka.producer.SyncProducer  - Disconnecting from zion-mainframe:9092
1845427 [main] INFO kafka.producer.SyncProducer  - Connected to zion-mainframe:9092 for producing
2460449 [main] INFO kafka.client.ClientUtils$  - Fetching metadata from broker BrokerEndPoint(0,localhost,9092) with correlation id 84 for 1 topic(s) Set(earth_to_curiosity_5)
2460449 [main] INFO kafka.producer.SyncProducer  - Connected to localhost:9092 for producing
2460450 [main] INFO kafka.producer.SyncProducer  - Disconnecting from localhost:9092
2460450 [main] INFO kafka.producer.SyncProducer  - Disconnecting from zion-mainframe:9092
2460452 [main] INFO kafka.producer.SyncProducer  - Connected to zion-mainframe:9092 for producing
3075469 [main] INFO kafka.client.ClientUtils$  - Fetching metadata from broker BrokerEndPoint(0,localhost,9092) with correlation id 105 for 1 topic(s) Set(earth_to_curiosity_5)
3075469 [main] INFO kafka.producer.SyncProducer  - Connected to localhost:9092 for producing
3075470 [main] INFO kafka.producer.SyncProducer  - Disconnecting from localhost:9092
3075470 [main] INFO kafka.producer.SyncProducer  - Disconnecting from zion-mainframe:9092
3075471 [main] INFO kafka.producer.SyncProducer  - Connected to zion-mainframe:9092 for producing
3690488 [main] INFO kafka.client.ClientUtils$  - Fetching metadata from broker BrokerEndPoint(0,localhost,9092) with correlation id 126 for 1 topic(s) Set(earth_to_curiosity_5)
3690488 [main] INFO kafka.producer.SyncProducer  - Connected to localhost:9092 for producing
3690489 [main] INFO kafka.producer.SyncProducer  - Disconnecting from localhost:9092
3690489 [main] INFO kafka.producer.SyncProducer  - Disconnecting from zion-mainframe:9092
3690490 [main] INFO kafka.producer.SyncProducer  - Connected to zion-mainframe:9092 for producing
4305502 [main] INFO kafka.client.ClientUtils$  - Fetching metadata from broker BrokerEndPoint(0,localhost,9092) with correlation id 147 for 1 topic(s) Set(earth_to_curiosity_5)
4305503 [main] INFO kafka.producer.SyncProducer  - Connected to localhost:9092 for producing
4305504 [main] INFO kafka.producer.SyncProducer  - Disconnecting from localhost:9092
4305505 [main] INFO kafka.producer.SyncProducer  - Disconnecting from zion-mainframe:9092
4305506 [main] INFO kafka.producer.SyncProducer  - Connected to zion-mainframe:9092 for producing
4920518 [main] INFO kafka.client.ClientUtils$  - Fetching metadata from broker BrokerEndPoint(0,localhost,9092) with correlation id 168 for 1 topic(s) Set(earth_to_curiosity_5)
4920519 [main] INFO kafka.producer.SyncProducer  - Connected to localhost:9092 for producing
4920519 [main] INFO kafka.producer.SyncProducer  - Disconnecting from localhost:9092
4920520 [main] INFO kafka.producer.SyncProducer  - Disconnecting from zion-mainframe:9092
4920521 [main] INFO kafka.producer.SyncProducer  - Connected to zion-mainframe:9092 for producing
5535534 [main] INFO kafka.client.ClientUtils$  - Fetching metadata from broker BrokerEndPoint(0,localhost,9092) with correlation id 189 for 1 topic(s) Set(earth_to_curiosity_5)
5535537 [main] INFO kafka.producer.SyncProducer  - Connected to localhost:9092 for producing
5535538 [main] INFO kafka.producer.SyncProducer  - Disconnecting from localhost:9092
5535538 [main] INFO kafka.producer.SyncProducer  - Disconnecting from zion-mainframe:9092
5535539 [main] INFO kafka.producer.SyncProducer  - Connected to zion-mainframe:9092 for producing
6150550 [main] INFO kafka.client.ClientUtils$  - Fetching metadata from broker BrokerEndPoint(0,localhost,9092) with correlation id 210 for 1 topic(s) Set(earth_to_curiosity_5)
6150550 [main] INFO kafka.producer.SyncProducer  - Connected to localhost:9092 for producing
6150551 [main] INFO kafka.producer.SyncProducer  - Disconnecting from localhost:9092
6150551 [main] INFO kafka.producer.SyncProducer  - Disconnecting from zion-mainframe:9092
6150552 [main] INFO kafka.producer.SyncProducer  - Connected to zion-mainframe:9092 for producing
6765562 [main] INFO kafka.client.ClientUtils$  - Fetching metadata from broker BrokerEndPoint(0,localhost,9092) with correlation id 231 for 1 topic(s) Set(earth_to_curiosity_5)
6765562 [main] INFO kafka.producer.SyncProducer  - Connected to localhost:9092 for producing
6765564 [main] INFO kafka.producer.SyncProducer  - Disconnecting from localhost:9092
6765564 [main] INFO kafka.producer.SyncProducer  - Disconnecting from zion-mainframe:9092
6765565 [main] INFO kafka.producer.SyncProducer  - Connected to zion-mainframe:9092 for producing
7380576 [main] INFO kafka.client.ClientUtils$  - Fetching metadata from broker BrokerEndPoint(0,localhost,9092) with correlation id 252 for 1 topic(s) Set(earth_to_curiosity_5)
7380577 [main] INFO kafka.producer.SyncProducer  - Connected to localhost:9092 for producing
7380578 [main] INFO kafka.producer.SyncProducer  - Disconnecting from localhost:9092
7380578 [main] INFO kafka.producer.SyncProducer  - Disconnecting from zion-mainframe:9092
7380579 [main] INFO kafka.producer.SyncProducer  - Connected to zion-mainframe:9092 for producing
7995592 [main] INFO kafka.client.ClientUtils$  - Fetching metadata from broker BrokerEndPoint(0,localhost,9092) with correlation id 273 for 1 topic(s) Set(earth_to_curiosity_5)
7995592 [main] INFO kafka.producer.SyncProducer  - Connected to localhost:9092 for producing
7995593 [main] INFO kafka.producer.SyncProducer  - Disconnecting from localhost:9092
7995593 [main] INFO kafka.producer.SyncProducer  - Disconnecting from zion-mainframe:9092
7995594 [main] INFO kafka.producer.SyncProducer  - Connected to zion-mainframe:9092 for producing
8610603 [main] INFO kafka.client.ClientUtils$  - Fetching metadata from broker BrokerEndPoint(0,localhost,9092) with correlation id 294 for 1 topic(s) Set(earth_to_curiosity_5)
8610604 [main] INFO kafka.producer.SyncProducer  - Connected to localhost:9092 for producing
8610604 [main] INFO kafka.producer.SyncProducer  - Disconnecting from localhost:9092
8610605 [main] INFO kafka.producer.SyncProducer  - Disconnecting from zion-mainframe:9092
8610606 [main] INFO kafka.producer.SyncProducer  - Connected to zion-mainframe:9092 for producing
9225615 [main] INFO kafka.client.ClientUtils$  - Fetching metadata from broker BrokerEndPoint(0,localhost,9092) with correlation id 315 for 1 topic(s) Set(earth_to_curiosity_5)
9225615 [main] INFO kafka.producer.SyncProducer  - Connected to localhost:9092 for producing
9225616 [main] INFO kafka.producer.SyncProducer  - Disconnecting from localhost:9092
9225616 [main] INFO kafka.producer.SyncProducer  - Disconnecting from zion-mainframe:9092
9225617 [main] INFO kafka.producer.SyncProducer  - Connected to zion-mainframe:9092 for producing
9840626 [main] INFO kafka.client.ClientUtils$  - Fetching metadata from broker BrokerEndPoint(0,localhost,9092) with correlation id 336 for 1 topic(s) Set(earth_to_curiosity_5)
9840627 [main] INFO kafka.producer.SyncProducer  - Connected to localhost:9092 for producing
9840627 [main] INFO kafka.producer.SyncProducer  - Disconnecting from localhost:9092
9840628 [main] INFO kafka.producer.SyncProducer  - Disconnecting from zion-mainframe:9092
9840629 [main] INFO kafka.producer.SyncProducer  - Connected to zion-mainframe:9092 for producing
