0 [main] INFO kafka.utils.VerifiableProperties  - Verifying properties
41 [main] WARN kafka.utils.VerifiableProperties  - Property auto.offset.reset is not valid
41 [main] WARN kafka.utils.VerifiableProperties  - Property bootstrap.servers is not valid
41 [main] WARN kafka.utils.VerifiableProperties  - Property destination.topic is not valid
42 [main] WARN kafka.utils.VerifiableProperties  - Property group.id is not valid
42 [main] WARN kafka.utils.VerifiableProperties  - Property key.serializer is not valid
42 [main] INFO kafka.utils.VerifiableProperties  - Property metadata.broker.list is overridden to localhost:9092
43 [main] WARN kafka.utils.VerifiableProperties  - Property source.topic is not valid
43 [main] WARN kafka.utils.VerifiableProperties  - Property value.serializer is not valid
43 [main] WARN kafka.utils.VerifiableProperties  - Property zookeeper.connect is not valid
278 [main] INFO kafka.client.ClientUtils$  - Fetching metadata from broker BrokerEndPoint(0,localhost,9092) with correlation id 0 for 1 topic(s) Set(earth_to_curiosity_5)
494 [main] INFO kafka.producer.SyncProducer  - Connected to localhost:9092 for producing
587 [main] INFO kafka.producer.SyncProducer  - Disconnecting from localhost:9092
771 [main] INFO kafka.producer.SyncProducer  - Connected to zion-mainframe:9092 for producing
615856 [main] INFO kafka.client.ClientUtils$  - Fetching metadata from broker BrokerEndPoint(0,localhost,9092) with correlation id 21 for 1 topic(s) Set(earth_to_curiosity_5)
615857 [main] INFO kafka.producer.SyncProducer  - Connected to localhost:9092 for producing
615859 [main] INFO kafka.producer.SyncProducer  - Disconnecting from localhost:9092
615861 [main] INFO kafka.producer.SyncProducer  - Disconnecting from zion-mainframe:9092
615866 [main] INFO kafka.producer.SyncProducer  - Connected to zion-mainframe:9092 for producing
1230915 [main] INFO kafka.client.ClientUtils$  - Fetching metadata from broker BrokerEndPoint(0,localhost,9092) with correlation id 42 for 1 topic(s) Set(earth_to_curiosity_5)
1230917 [main] INFO kafka.producer.SyncProducer  - Connected to localhost:9092 for producing
1230918 [main] INFO kafka.producer.SyncProducer  - Disconnecting from localhost:9092
1230919 [main] INFO kafka.producer.SyncProducer  - Disconnecting from zion-mainframe:9092
1230923 [main] INFO kafka.producer.SyncProducer  - Connected to zion-mainframe:9092 for producing
1845974 [main] INFO kafka.client.ClientUtils$  - Fetching metadata from broker BrokerEndPoint(0,localhost,9092) with correlation id 63 for 1 topic(s) Set(earth_to_curiosity_5)
1845976 [main] INFO kafka.producer.SyncProducer  - Connected to localhost:9092 for producing
1845978 [main] INFO kafka.producer.SyncProducer  - Disconnecting from localhost:9092
1845978 [main] INFO kafka.producer.SyncProducer  - Disconnecting from zion-mainframe:9092
1845982 [main] INFO kafka.producer.SyncProducer  - Connected to zion-mainframe:9092 for producing
2461036 [main] INFO kafka.client.ClientUtils$  - Fetching metadata from broker BrokerEndPoint(0,localhost,9092) with correlation id 84 for 1 topic(s) Set(earth_to_curiosity_5)
2461038 [main] INFO kafka.producer.SyncProducer  - Connected to localhost:9092 for producing
2461040 [main] INFO kafka.producer.SyncProducer  - Disconnecting from localhost:9092
2461040 [main] INFO kafka.producer.SyncProducer  - Disconnecting from zion-mainframe:9092
2461044 [main] INFO kafka.producer.SyncProducer  - Connected to zion-mainframe:9092 for producing
3076074 [main] INFO kafka.client.ClientUtils$  - Fetching metadata from broker BrokerEndPoint(0,localhost,9092) with correlation id 105 for 1 topic(s) Set(earth_to_curiosity_5)
3076076 [main] INFO kafka.producer.SyncProducer  - Connected to localhost:9092 for producing
3076078 [main] INFO kafka.producer.SyncProducer  - Disconnecting from localhost:9092
3076080 [main] INFO kafka.producer.SyncProducer  - Disconnecting from zion-mainframe:9092
3076086 [main] INFO kafka.producer.SyncProducer  - Connected to zion-mainframe:9092 for producing
3691109 [main] INFO kafka.client.ClientUtils$  - Fetching metadata from broker BrokerEndPoint(0,localhost,9092) with correlation id 126 for 1 topic(s) Set(earth_to_curiosity_5)
3691110 [main] INFO kafka.producer.SyncProducer  - Connected to localhost:9092 for producing
3691113 [main] INFO kafka.producer.SyncProducer  - Disconnecting from localhost:9092
3691113 [main] INFO kafka.producer.SyncProducer  - Disconnecting from zion-mainframe:9092
3691116 [main] INFO kafka.producer.SyncProducer  - Connected to zion-mainframe:9092 for producing
4306134 [main] INFO kafka.client.ClientUtils$  - Fetching metadata from broker BrokerEndPoint(0,localhost,9092) with correlation id 147 for 1 topic(s) Set(earth_to_curiosity_5)
4306135 [main] INFO kafka.producer.SyncProducer  - Connected to localhost:9092 for producing
4306135 [main] INFO kafka.producer.SyncProducer  - Disconnecting from localhost:9092
4306136 [main] INFO kafka.producer.SyncProducer  - Disconnecting from zion-mainframe:9092
4306137 [main] INFO kafka.producer.SyncProducer  - Connected to zion-mainframe:9092 for producing
4921159 [main] INFO kafka.client.ClientUtils$  - Fetching metadata from broker BrokerEndPoint(0,localhost,9092) with correlation id 168 for 1 topic(s) Set(earth_to_curiosity_5)
4921160 [main] INFO kafka.producer.SyncProducer  - Connected to localhost:9092 for producing
4921162 [main] INFO kafka.producer.SyncProducer  - Disconnecting from localhost:9092
4921163 [main] INFO kafka.producer.SyncProducer  - Disconnecting from zion-mainframe:9092
4921166 [main] INFO kafka.producer.SyncProducer  - Connected to zion-mainframe:9092 for producing
5536190 [main] INFO kafka.client.ClientUtils$  - Fetching metadata from broker BrokerEndPoint(0,localhost,9092) with correlation id 189 for 1 topic(s) Set(earth_to_curiosity_5)
5536192 [main] INFO kafka.producer.SyncProducer  - Connected to localhost:9092 for producing
5536194 [main] INFO kafka.producer.SyncProducer  - Disconnecting from localhost:9092
5536194 [main] INFO kafka.producer.SyncProducer  - Disconnecting from zion-mainframe:9092
5536197 [main] INFO kafka.producer.SyncProducer  - Connected to zion-mainframe:9092 for producing
6151232 [main] INFO kafka.client.ClientUtils$  - Fetching metadata from broker BrokerEndPoint(0,localhost,9092) with correlation id 210 for 1 topic(s) Set(earth_to_curiosity_5)
6151233 [main] INFO kafka.producer.SyncProducer  - Connected to localhost:9092 for producing
6151235 [main] INFO kafka.producer.SyncProducer  - Disconnecting from localhost:9092
6151235 [main] INFO kafka.producer.SyncProducer  - Disconnecting from zion-mainframe:9092
6151237 [main] INFO kafka.producer.SyncProducer  - Connected to zion-mainframe:9092 for producing
6766258 [main] INFO kafka.client.ClientUtils$  - Fetching metadata from broker BrokerEndPoint(0,localhost,9092) with correlation id 231 for 1 topic(s) Set(earth_to_curiosity_5)
6766259 [main] INFO kafka.producer.SyncProducer  - Connected to localhost:9092 for producing
6766260 [main] INFO kafka.producer.SyncProducer  - Disconnecting from localhost:9092
6766261 [main] INFO kafka.producer.SyncProducer  - Disconnecting from zion-mainframe:9092
6766264 [main] INFO kafka.producer.SyncProducer  - Connected to zion-mainframe:9092 for producing
7381294 [main] INFO kafka.client.ClientUtils$  - Fetching metadata from broker BrokerEndPoint(0,localhost,9092) with correlation id 252 for 1 topic(s) Set(earth_to_curiosity_5)
7381295 [main] INFO kafka.producer.SyncProducer  - Connected to localhost:9092 for producing
7381297 [main] INFO kafka.producer.SyncProducer  - Disconnecting from localhost:9092
7381298 [main] INFO kafka.producer.SyncProducer  - Disconnecting from zion-mainframe:9092
7381301 [main] INFO kafka.producer.SyncProducer  - Connected to zion-mainframe:9092 for producing
7996321 [main] INFO kafka.client.ClientUtils$  - Fetching metadata from broker BrokerEndPoint(0,localhost,9092) with correlation id 273 for 1 topic(s) Set(earth_to_curiosity_5)
7996322 [main] INFO kafka.producer.SyncProducer  - Connected to localhost:9092 for producing
7996324 [main] INFO kafka.producer.SyncProducer  - Disconnecting from localhost:9092
7996325 [main] INFO kafka.producer.SyncProducer  - Disconnecting from zion-mainframe:9092
7996329 [main] INFO kafka.producer.SyncProducer  - Connected to zion-mainframe:9092 for producing
8611347 [main] INFO kafka.client.ClientUtils$  - Fetching metadata from broker BrokerEndPoint(0,localhost,9092) with correlation id 294 for 1 topic(s) Set(earth_to_curiosity_5)
8611349 [main] INFO kafka.producer.SyncProducer  - Connected to localhost:9092 for producing
8611351 [main] INFO kafka.producer.SyncProducer  - Disconnecting from localhost:9092
8611352 [main] INFO kafka.producer.SyncProducer  - Disconnecting from zion-mainframe:9092
8611354 [main] INFO kafka.producer.SyncProducer  - Connected to zion-mainframe:9092 for producing
9226375 [main] INFO kafka.client.ClientUtils$  - Fetching metadata from broker BrokerEndPoint(0,localhost,9092) with correlation id 315 for 1 topic(s) Set(earth_to_curiosity_5)
9226377 [main] INFO kafka.producer.SyncProducer  - Connected to localhost:9092 for producing
9226379 [main] INFO kafka.producer.SyncProducer  - Disconnecting from localhost:9092
9226380 [main] INFO kafka.producer.SyncProducer  - Disconnecting from zion-mainframe:9092
9226385 [main] INFO kafka.producer.SyncProducer  - Connected to zion-mainframe:9092 for producing
9841411 [main] INFO kafka.client.ClientUtils$  - Fetching metadata from broker BrokerEndPoint(0,localhost,9092) with correlation id 336 for 1 topic(s) Set(earth_to_curiosity_5)
9841412 [main] INFO kafka.producer.SyncProducer  - Connected to localhost:9092 for producing
9841413 [main] INFO kafka.producer.SyncProducer  - Disconnecting from localhost:9092
9841414 [main] INFO kafka.producer.SyncProducer  - Disconnecting from zion-mainframe:9092
9841416 [main] INFO kafka.producer.SyncProducer  - Connected to zion-mainframe:9092 for producing
10456443 [main] INFO kafka.client.ClientUtils$  - Fetching metadata from broker BrokerEndPoint(0,localhost,9092) with correlation id 357 for 1 topic(s) Set(earth_to_curiosity_5)
10456444 [main] INFO kafka.producer.SyncProducer  - Connected to localhost:9092 for producing
10456446 [main] INFO kafka.producer.SyncProducer  - Disconnecting from localhost:9092
10456446 [main] INFO kafka.producer.SyncProducer  - Disconnecting from zion-mainframe:9092
10456450 [main] INFO kafka.producer.SyncProducer  - Connected to zion-mainframe:9092 for producing
