0 [main] INFO kafka.utils.VerifiableProperties  - Verifying properties
23 [main] INFO kafka.utils.VerifiableProperties  - Property auto.offset.reset is overridden to largest
23 [main] WARN kafka.utils.VerifiableProperties  - Property bootstrap.servers is not valid
23 [main] WARN kafka.utils.VerifiableProperties  - Property destination.topic is not valid
23 [main] INFO kafka.utils.VerifiableProperties  - Property group.id is overridden to space.exploration.mars.rover.curiosity.1533274487004
23 [main] WARN kafka.utils.VerifiableProperties  - Property key.serializer is not valid
23 [main] WARN kafka.utils.VerifiableProperties  - Property metadata.broker.list is not valid
24 [main] WARN kafka.utils.VerifiableProperties  - Property source.topic is not valid
24 [main] WARN kafka.utils.VerifiableProperties  - Property value.serializer is not valid
24 [main] INFO kafka.utils.VerifiableProperties  - Property zookeeper.connect is overridden to localhost:2181
58 [main] INFO kafka.consumer.ZookeeperConsumerConnector  - [space.exploration.mars.rover.curiosity.1533274487004_zion-mainframe-1533274487217-430e9458], Connecting to zookeeper instance at localhost:2181
64 [ZkClient-EventThread-15-localhost:2181] INFO org.I0Itec.zkclient.ZkEventThread  - Starting ZkClient event thread.
68 [main] INFO org.apache.zookeeper.ZooKeeper  - Client environment:zookeeper.version=3.4.6-1569965, built on 02/20/2014 09:09 GMT
68 [main] INFO org.apache.zookeeper.ZooKeeper  - Client environment:host.name=zion-mainframe
68 [main] INFO org.apache.zookeeper.ZooKeeper  - Client environment:java.version=1.8.0_171
68 [main] INFO org.apache.zookeeper.ZooKeeper  - Client environment:java.vendor=Oracle Corporation
68 [main] INFO org.apache.zookeeper.ZooKeeper  - Client environment:java.home=/usr/lib/jvm/java-8-openjdk-amd64/jre
68 [main] INFO org.apache.zookeeper.ZooKeeper  - Client environment:java.class.path=target/mission.control-2.0-shaded.jar
68 [main] INFO org.apache.zookeeper.ZooKeeper  - Client environment:java.library.path=/usr/java/packages/lib/amd64:/usr/lib/x86_64-linux-gnu/jni:/lib/x86_64-linux-gnu:/usr/lib/x86_64-linux-gnu:/usr/lib/jni:/lib:/usr/lib
68 [main] INFO org.apache.zookeeper.ZooKeeper  - Client environment:java.io.tmpdir=/tmp
68 [main] INFO org.apache.zookeeper.ZooKeeper  - Client environment:java.compiler=<NA>
68 [main] INFO org.apache.zookeeper.ZooKeeper  - Client environment:os.name=Linux
68 [main] INFO org.apache.zookeeper.ZooKeeper  - Client environment:os.arch=amd64
68 [main] INFO org.apache.zookeeper.ZooKeeper  - Client environment:os.version=4.15.0-29-generic
68 [main] INFO org.apache.zookeeper.ZooKeeper  - Client environment:user.name=sanket
68 [main] INFO org.apache.zookeeper.ZooKeeper  - Client environment:user.home=/home/sanket
68 [main] INFO org.apache.zookeeper.ZooKeeper  - Client environment:user.dir=/home/sanket/Documents/workspace/Mission.Control
68 [main] INFO org.apache.zookeeper.ZooKeeper  - Initiating client connection, connectString=localhost:2181 sessionTimeout=6000 watcher=org.I0Itec.zkclient.ZkClient@17776a8
76 [main] INFO org.I0Itec.zkclient.ZkClient  - Waiting for keeper state SyncConnected
77 [main-SendThread(localhost:2181)] INFO org.apache.zookeeper.ClientCnxn  - Opening socket connection to server localhost/127.0.0.1:2181. Will not attempt to authenticate using SASL (unknown error)
108 [main-SendThread(localhost:2181)] INFO org.apache.zookeeper.ClientCnxn  - Socket connection established to localhost/127.0.0.1:2181, initiating session
112 [main-SendThread(localhost:2181)] INFO org.apache.zookeeper.ClientCnxn  - Session establishment complete on server localhost/127.0.0.1:2181, sessionid = 0x164fe47c8f90001, negotiated timeout = 6000
113 [main-EventThread] INFO org.I0Itec.zkclient.ZkClient  - zookeeper state changed (SyncConnected)
120 [main] INFO kafka.consumer.ZookeeperConsumerConnector  - [space.exploration.mars.rover.curiosity.1533274487004_zion-mainframe-1533274487217-430e9458], starting auto committer every 60000 ms
138 [Thread-0] INFO kafka.consumer.ZookeeperConsumerConnector  - [space.exploration.mars.rover.curiosity.1533274487004_zion-mainframe-1533274487217-430e9458], begin registering consumer space.exploration.mars.rover.curiosity.1533274487004_zion-mainframe-1533274487217-430e9458 in ZK
155 [Thread-0] INFO kafka.utils.ZKCheckedEphemeral  - Creating /consumers/space.exploration.mars.rover.curiosity.1533274487004/ids/space.exploration.mars.rover.curiosity.1533274487004_zion-mainframe-1533274487217-430e9458 (is it secure? false)
163 [Thread-0] INFO kafka.utils.ZKCheckedEphemeral  - Result of znode creation is: OK
163 [Thread-0] INFO kafka.consumer.ZookeeperConsumerConnector  - [space.exploration.mars.rover.curiosity.1533274487004_zion-mainframe-1533274487217-430e9458], end registering consumer space.exploration.mars.rover.curiosity.1533274487004_zion-mainframe-1533274487217-430e9458 in ZK
165 [space.exploration.mars.rover.curiosity.1533274487004_zion-mainframe-1533274487217-430e9458_watcher_executor] INFO kafka.consumer.ZookeeperConsumerConnector  - [space.exploration.mars.rover.curiosity.1533274487004_zion-mainframe-1533274487217-430e9458], starting watcher executor thread for consumer space.exploration.mars.rover.curiosity.1533274487004_zion-mainframe-1533274487217-430e9458
175 [Thread-0] INFO kafka.consumer.ZookeeperConsumerConnector  - [space.exploration.mars.rover.curiosity.1533274487004_zion-mainframe-1533274487217-430e9458], begin rebalancing consumer space.exploration.mars.rover.curiosity.1533274487004_zion-mainframe-1533274487217-430e9458 try #0
238 [Thread-0] INFO kafka.consumer.ConsumerFetcherManager  - [ConsumerFetcherManager-1533274487277] Stopping leader finder thread
239 [Thread-0] INFO kafka.consumer.ConsumerFetcherManager  - [ConsumerFetcherManager-1533274487277] Stopping all fetchers
239 [Thread-0] INFO kafka.consumer.ConsumerFetcherManager  - [ConsumerFetcherManager-1533274487277] All connections stopped
239 [Thread-0] INFO kafka.consumer.ZookeeperConsumerConnector  - [space.exploration.mars.rover.curiosity.1533274487004_zion-mainframe-1533274487217-430e9458], Cleared all relevant queues for this fetcher
240 [Thread-0] INFO kafka.consumer.ZookeeperConsumerConnector  - [space.exploration.mars.rover.curiosity.1533274487004_zion-mainframe-1533274487217-430e9458], Cleared the data chunks in all the consumer message iterators
240 [Thread-0] INFO kafka.consumer.ZookeeperConsumerConnector  - [space.exploration.mars.rover.curiosity.1533274487004_zion-mainframe-1533274487217-430e9458], Committing all offsets after clearing the fetcher queues
241 [Thread-0] INFO kafka.consumer.ZookeeperConsumerConnector  - [space.exploration.mars.rover.curiosity.1533274487004_zion-mainframe-1533274487217-430e9458], Releasing partition ownership
257 [Thread-0] INFO kafka.consumer.RangeAssignor  - Consumer space.exploration.mars.rover.curiosity.1533274487004_zion-mainframe-1533274487217-430e9458 rebalancing the following partitions: ArrayBuffer() for topic curiosity_to_earth_5 with consumers: List(space.exploration.mars.rover.curiosity.1533274487004_zion-mainframe-1533274487217-430e9458-0)
258 [Thread-0] WARN kafka.consumer.RangeAssignor  - No broker partitions consumed by consumer thread space.exploration.mars.rover.curiosity.1533274487004_zion-mainframe-1533274487217-430e9458-0 for topic curiosity_to_earth_5
264 [Thread-0] INFO kafka.consumer.ZookeeperConsumerConnector  - [space.exploration.mars.rover.curiosity.1533274487004_zion-mainframe-1533274487217-430e9458], Consumer space.exploration.mars.rover.curiosity.1533274487004_zion-mainframe-1533274487217-430e9458 selected partitions : 
265 [space.exploration.mars.rover.curiosity.1533274487004_zion-mainframe-1533274487217-430e9458-leader-finder-thread] INFO kafka.consumer.ConsumerFetcherManager$LeaderFinderThread  - [space.exploration.mars.rover.curiosity.1533274487004_zion-mainframe-1533274487217-430e9458-leader-finder-thread], Starting 
265 [Thread-0] INFO kafka.consumer.ZookeeperConsumerConnector  - [space.exploration.mars.rover.curiosity.1533274487004_zion-mainframe-1533274487217-430e9458], end rebalancing consumer space.exploration.mars.rover.curiosity.1533274487004_zion-mainframe-1533274487217-430e9458 try #0
99696 [ZkClient-EventThread-15-localhost:2181] INFO kafka.consumer.ZookeeperConsumerConnector  - [space.exploration.mars.rover.curiosity.1533274487004_zion-mainframe-1533274487217-430e9458], Topic info for path /brokers/topics/curiosity_to_earth_5 changed to {"version":1,"partitions":{"0":[0]}}, triggering rebalance
99696 [space.exploration.mars.rover.curiosity.1533274487004_zion-mainframe-1533274487217-430e9458_watcher_executor] INFO kafka.consumer.ZookeeperConsumerConnector  - [space.exploration.mars.rover.curiosity.1533274487004_zion-mainframe-1533274487217-430e9458], begin rebalancing consumer space.exploration.mars.rover.curiosity.1533274487004_zion-mainframe-1533274487217-430e9458 try #0
99724 [space.exploration.mars.rover.curiosity.1533274487004_zion-mainframe-1533274487217-430e9458_watcher_executor] INFO kafka.consumer.ConsumerFetcherManager  - [ConsumerFetcherManager-1533274487277] Stopping leader finder thread
99725 [space.exploration.mars.rover.curiosity.1533274487004_zion-mainframe-1533274487217-430e9458_watcher_executor] INFO kafka.consumer.ConsumerFetcherManager$LeaderFinderThread  - [space.exploration.mars.rover.curiosity.1533274487004_zion-mainframe-1533274487217-430e9458-leader-finder-thread], Shutting down
99725 [space.exploration.mars.rover.curiosity.1533274487004_zion-mainframe-1533274487217-430e9458_watcher_executor] INFO kafka.consumer.ConsumerFetcherManager$LeaderFinderThread  - [space.exploration.mars.rover.curiosity.1533274487004_zion-mainframe-1533274487217-430e9458-leader-finder-thread], Shutdown completed
99725 [space.exploration.mars.rover.curiosity.1533274487004_zion-mainframe-1533274487217-430e9458-leader-finder-thread] INFO kafka.consumer.ConsumerFetcherManager$LeaderFinderThread  - [space.exploration.mars.rover.curiosity.1533274487004_zion-mainframe-1533274487217-430e9458-leader-finder-thread], Stopped 
99725 [space.exploration.mars.rover.curiosity.1533274487004_zion-mainframe-1533274487217-430e9458_watcher_executor] INFO kafka.consumer.ConsumerFetcherManager  - [ConsumerFetcherManager-1533274487277] Stopping all fetchers
99729 [space.exploration.mars.rover.curiosity.1533274487004_zion-mainframe-1533274487217-430e9458_watcher_executor] INFO kafka.consumer.ConsumerFetcherManager  - [ConsumerFetcherManager-1533274487277] All connections stopped
99730 [space.exploration.mars.rover.curiosity.1533274487004_zion-mainframe-1533274487217-430e9458_watcher_executor] INFO kafka.consumer.ZookeeperConsumerConnector  - [space.exploration.mars.rover.curiosity.1533274487004_zion-mainframe-1533274487217-430e9458], Cleared all relevant queues for this fetcher
99730 [space.exploration.mars.rover.curiosity.1533274487004_zion-mainframe-1533274487217-430e9458_watcher_executor] INFO kafka.consumer.ZookeeperConsumerConnector  - [space.exploration.mars.rover.curiosity.1533274487004_zion-mainframe-1533274487217-430e9458], Cleared the data chunks in all the consumer message iterators
99730 [space.exploration.mars.rover.curiosity.1533274487004_zion-mainframe-1533274487217-430e9458_watcher_executor] INFO kafka.consumer.ZookeeperConsumerConnector  - [space.exploration.mars.rover.curiosity.1533274487004_zion-mainframe-1533274487217-430e9458], Committing all offsets after clearing the fetcher queues
99730 [space.exploration.mars.rover.curiosity.1533274487004_zion-mainframe-1533274487217-430e9458_watcher_executor] INFO kafka.consumer.ZookeeperConsumerConnector  - [space.exploration.mars.rover.curiosity.1533274487004_zion-mainframe-1533274487217-430e9458], Releasing partition ownership
99752 [space.exploration.mars.rover.curiosity.1533274487004_zion-mainframe-1533274487217-430e9458_watcher_executor] INFO kafka.consumer.RangeAssignor  - Consumer space.exploration.mars.rover.curiosity.1533274487004_zion-mainframe-1533274487217-430e9458 rebalancing the following partitions: ArrayBuffer(0) for topic curiosity_to_earth_5 with consumers: List(space.exploration.mars.rover.curiosity.1533274487004_zion-mainframe-1533274487217-430e9458-0)
99752 [space.exploration.mars.rover.curiosity.1533274487004_zion-mainframe-1533274487217-430e9458_watcher_executor] INFO kafka.consumer.RangeAssignor  - space.exploration.mars.rover.curiosity.1533274487004_zion-mainframe-1533274487217-430e9458-0 attempting to claim partition 0
99788 [space.exploration.mars.rover.curiosity.1533274487004_zion-mainframe-1533274487217-430e9458_watcher_executor] INFO kafka.consumer.ZookeeperConsumerConnector  - [space.exploration.mars.rover.curiosity.1533274487004_zion-mainframe-1533274487217-430e9458], space.exploration.mars.rover.curiosity.1533274487004_zion-mainframe-1533274487217-430e9458-0 successfully owned partition 0 for topic curiosity_to_earth_5
99794 [space.exploration.mars.rover.curiosity.1533274487004_zion-mainframe-1533274487217-430e9458_watcher_executor] INFO kafka.consumer.ZookeeperConsumerConnector  - [space.exploration.mars.rover.curiosity.1533274487004_zion-mainframe-1533274487217-430e9458], Consumer space.exploration.mars.rover.curiosity.1533274487004_zion-mainframe-1533274487217-430e9458 selected partitions : curiosity_to_earth_5:0: fetched offset = -1: consumed offset = -1
99794 [space.exploration.mars.rover.curiosity.1533274487004_zion-mainframe-1533274487217-430e9458_watcher_executor] INFO kafka.consumer.ZookeeperConsumerConnector  - [space.exploration.mars.rover.curiosity.1533274487004_zion-mainframe-1533274487217-430e9458], end rebalancing consumer space.exploration.mars.rover.curiosity.1533274487004_zion-mainframe-1533274487217-430e9458 try #0
99794 [space.exploration.mars.rover.curiosity.1533274487004_zion-mainframe-1533274487217-430e9458-leader-finder-thread] INFO kafka.consumer.ConsumerFetcherManager$LeaderFinderThread  - [space.exploration.mars.rover.curiosity.1533274487004_zion-mainframe-1533274487217-430e9458-leader-finder-thread], Starting 
99812 [space.exploration.mars.rover.curiosity.1533274487004_zion-mainframe-1533274487217-430e9458-leader-finder-thread] INFO kafka.utils.VerifiableProperties  - Verifying properties
99812 [space.exploration.mars.rover.curiosity.1533274487004_zion-mainframe-1533274487217-430e9458-leader-finder-thread] INFO kafka.utils.VerifiableProperties  - Property client.id is overridden to space.exploration.mars.rover.curiosity.1533274487004
99812 [space.exploration.mars.rover.curiosity.1533274487004_zion-mainframe-1533274487217-430e9458-leader-finder-thread] INFO kafka.utils.VerifiableProperties  - Property metadata.broker.list is overridden to zion-mainframe:9092
99812 [space.exploration.mars.rover.curiosity.1533274487004_zion-mainframe-1533274487217-430e9458-leader-finder-thread] INFO kafka.utils.VerifiableProperties  - Property request.timeout.ms is overridden to 30000
99829 [space.exploration.mars.rover.curiosity.1533274487004_zion-mainframe-1533274487217-430e9458-leader-finder-thread] INFO kafka.client.ClientUtils$  - Fetching metadata from broker BrokerEndPoint(0,zion-mainframe,9092) with correlation id 0 for 1 topic(s) Set(curiosity_to_earth_5)
99834 [space.exploration.mars.rover.curiosity.1533274487004_zion-mainframe-1533274487217-430e9458-leader-finder-thread] INFO kafka.producer.SyncProducer  - Connected to zion-mainframe:9092 for producing
99857 [space.exploration.mars.rover.curiosity.1533274487004_zion-mainframe-1533274487217-430e9458-leader-finder-thread] INFO kafka.producer.SyncProducer  - Disconnecting from zion-mainframe:9092
99876 [ConsumerFetcherThread-space.exploration.mars.rover.curiosity.1533274487004_zion-mainframe-1533274487217-430e9458-0-0] INFO kafka.consumer.ConsumerFetcherThread  - [ConsumerFetcherThread-space.exploration.mars.rover.curiosity.1533274487004_zion-mainframe-1533274487217-430e9458-0-0], Starting 
99893 [space.exploration.mars.rover.curiosity.1533274487004_zion-mainframe-1533274487217-430e9458-leader-finder-thread] INFO kafka.consumer.ConsumerFetcherManager  - [ConsumerFetcherManager-1533274487277] Added fetcher for partitions ArrayBuffer([[curiosity_to_earth_5,0], initOffset -1 to broker BrokerEndPoint(0,zion-mainframe,9092)] )
