0 [main] INFO kafka.utils.VerifiableProperties  - Verifying properties
35 [main] WARN kafka.utils.VerifiableProperties  - Property auto.offset.reset is not valid
35 [main] WARN kafka.utils.VerifiableProperties  - Property bootstrap.servers is not valid
35 [main] WARN kafka.utils.VerifiableProperties  - Property destination.topic is not valid
35 [main] WARN kafka.utils.VerifiableProperties  - Property group.id is not valid
35 [main] WARN kafka.utils.VerifiableProperties  - Property key.serializer is not valid
36 [main] INFO kafka.utils.VerifiableProperties  - Property metadata.broker.list is overridden to localhost:9092
36 [main] WARN kafka.utils.VerifiableProperties  - Property source.topic is not valid
36 [main] WARN kafka.utils.VerifiableProperties  - Property value.serializer is not valid
36 [main] WARN kafka.utils.VerifiableProperties  - Property zookeeper.connect is not valid
176 [main] INFO kafka.client.ClientUtils$  - Fetching metadata from broker BrokerEndPoint(0,localhost,9092) with correlation id 0 for 1 topic(s) Set(earth_to_curiosity_5)
267 [main] INFO kafka.producer.SyncProducer  - Connected to localhost:9092 for producing
281 [main] INFO kafka.producer.SyncProducer  - Disconnecting from localhost:9092
320 [main] INFO kafka.producer.SyncProducer  - Connected to zion-mainframe:9092 for producing
615378 [main] INFO kafka.client.ClientUtils$  - Fetching metadata from broker BrokerEndPoint(0,localhost,9092) with correlation id 21 for 1 topic(s) Set(earth_to_curiosity_5)
615379 [main] INFO kafka.producer.SyncProducer  - Connected to localhost:9092 for producing
615380 [main] INFO kafka.producer.SyncProducer  - Disconnecting from localhost:9092
615380 [main] INFO kafka.producer.SyncProducer  - Disconnecting from zion-mainframe:9092
615382 [main] INFO kafka.producer.SyncProducer  - Connected to zion-mainframe:9092 for producing
1230426 [main] INFO kafka.client.ClientUtils$  - Fetching metadata from broker BrokerEndPoint(0,localhost,9092) with correlation id 42 for 1 topic(s) Set(earth_to_curiosity_5)
1230429 [main] INFO kafka.producer.SyncProducer  - Connected to localhost:9092 for producing
1230432 [main] INFO kafka.producer.SyncProducer  - Disconnecting from localhost:9092
1230433 [main] INFO kafka.producer.SyncProducer  - Disconnecting from zion-mainframe:9092
1230439 [main] INFO kafka.producer.SyncProducer  - Connected to zion-mainframe:9092 for producing
1845474 [main] INFO kafka.client.ClientUtils$  - Fetching metadata from broker BrokerEndPoint(0,localhost,9092) with correlation id 63 for 1 topic(s) Set(earth_to_curiosity_5)
1845476 [main] INFO kafka.producer.SyncProducer  - Connected to localhost:9092 for producing
1845478 [main] INFO kafka.producer.SyncProducer  - Disconnecting from localhost:9092
1845478 [main] INFO kafka.producer.SyncProducer  - Disconnecting from zion-mainframe:9092
1845483 [main] INFO kafka.producer.SyncProducer  - Connected to zion-mainframe:9092 for producing
2460526 [main] INFO kafka.client.ClientUtils$  - Fetching metadata from broker BrokerEndPoint(0,localhost,9092) with correlation id 84 for 1 topic(s) Set(earth_to_curiosity_5)
2460526 [main] INFO kafka.producer.SyncProducer  - Connected to localhost:9092 for producing
2460527 [main] INFO kafka.producer.SyncProducer  - Disconnecting from localhost:9092
2460527 [main] INFO kafka.producer.SyncProducer  - Disconnecting from zion-mainframe:9092
2460529 [main] INFO kafka.producer.SyncProducer  - Connected to zion-mainframe:9092 for producing
3075562 [main] INFO kafka.client.ClientUtils$  - Fetching metadata from broker BrokerEndPoint(0,localhost,9092) with correlation id 105 for 1 topic(s) Set(earth_to_curiosity_5)
3075563 [main] INFO kafka.producer.SyncProducer  - Connected to localhost:9092 for producing
3075565 [main] INFO kafka.producer.SyncProducer  - Disconnecting from localhost:9092
3075566 [main] INFO kafka.producer.SyncProducer  - Disconnecting from zion-mainframe:9092
3075569 [main] INFO kafka.producer.SyncProducer  - Connected to zion-mainframe:9092 for producing
3690611 [main] INFO kafka.client.ClientUtils$  - Fetching metadata from broker BrokerEndPoint(0,localhost,9092) with correlation id 126 for 1 topic(s) Set(earth_to_curiosity_5)
3690613 [main] INFO kafka.producer.SyncProducer  - Connected to localhost:9092 for producing
3690615 [main] INFO kafka.producer.SyncProducer  - Disconnecting from localhost:9092
3690616 [main] INFO kafka.producer.SyncProducer  - Disconnecting from zion-mainframe:9092
3690619 [main] INFO kafka.producer.SyncProducer  - Connected to zion-mainframe:9092 for producing
4305650 [main] INFO kafka.client.ClientUtils$  - Fetching metadata from broker BrokerEndPoint(0,localhost,9092) with correlation id 147 for 1 topic(s) Set(earth_to_curiosity_5)
4305651 [main] INFO kafka.producer.SyncProducer  - Connected to localhost:9092 for producing
4305653 [main] INFO kafka.producer.SyncProducer  - Disconnecting from localhost:9092
4305654 [main] INFO kafka.producer.SyncProducer  - Disconnecting from zion-mainframe:9092
4305658 [main] INFO kafka.producer.SyncProducer  - Connected to zion-mainframe:9092 for producing
4920685 [main] INFO kafka.client.ClientUtils$  - Fetching metadata from broker BrokerEndPoint(0,localhost,9092) with correlation id 168 for 1 topic(s) Set(earth_to_curiosity_5)
4920687 [main] INFO kafka.producer.SyncProducer  - Connected to localhost:9092 for producing
4920689 [main] INFO kafka.producer.SyncProducer  - Disconnecting from localhost:9092
4920689 [main] INFO kafka.producer.SyncProducer  - Disconnecting from zion-mainframe:9092
4920693 [main] INFO kafka.producer.SyncProducer  - Connected to zion-mainframe:9092 for producing
5535715 [main] INFO kafka.client.ClientUtils$  - Fetching metadata from broker BrokerEndPoint(0,localhost,9092) with correlation id 189 for 1 topic(s) Set(earth_to_curiosity_5)
5535716 [main] INFO kafka.producer.SyncProducer  - Connected to localhost:9092 for producing
5535717 [main] INFO kafka.producer.SyncProducer  - Disconnecting from localhost:9092
5535717 [main] INFO kafka.producer.SyncProducer  - Disconnecting from zion-mainframe:9092
5535718 [main] INFO kafka.producer.SyncProducer  - Connected to zion-mainframe:9092 for producing
6150740 [main] INFO kafka.client.ClientUtils$  - Fetching metadata from broker BrokerEndPoint(0,localhost,9092) with correlation id 210 for 1 topic(s) Set(earth_to_curiosity_5)
6150741 [main] INFO kafka.producer.SyncProducer  - Connected to localhost:9092 for producing
6150742 [main] INFO kafka.producer.SyncProducer  - Disconnecting from localhost:9092
6150742 [main] INFO kafka.producer.SyncProducer  - Disconnecting from zion-mainframe:9092
6150743 [main] INFO kafka.producer.SyncProducer  - Connected to zion-mainframe:9092 for producing
6765768 [main] INFO kafka.client.ClientUtils$  - Fetching metadata from broker BrokerEndPoint(0,localhost,9092) with correlation id 231 for 1 topic(s) Set(earth_to_curiosity_5)
6765768 [main] INFO kafka.producer.SyncProducer  - Connected to localhost:9092 for producing
6765770 [main] INFO kafka.producer.SyncProducer  - Disconnecting from localhost:9092
6765770 [main] INFO kafka.producer.SyncProducer  - Disconnecting from zion-mainframe:9092
6765772 [main] INFO kafka.producer.SyncProducer  - Connected to zion-mainframe:9092 for producing
7380800 [main] INFO kafka.client.ClientUtils$  - Fetching metadata from broker BrokerEndPoint(0,localhost,9092) with correlation id 252 for 1 topic(s) Set(earth_to_curiosity_5)
7380801 [main] INFO kafka.producer.SyncProducer  - Connected to localhost:9092 for producing
7380802 [main] INFO kafka.producer.SyncProducer  - Disconnecting from localhost:9092
7380803 [main] INFO kafka.producer.SyncProducer  - Disconnecting from zion-mainframe:9092
7380805 [main] INFO kafka.producer.SyncProducer  - Connected to zion-mainframe:9092 for producing
7995826 [main] INFO kafka.client.ClientUtils$  - Fetching metadata from broker BrokerEndPoint(0,localhost,9092) with correlation id 273 for 1 topic(s) Set(earth_to_curiosity_5)
7995827 [main] INFO kafka.producer.SyncProducer  - Connected to localhost:9092 for producing
7995830 [main] INFO kafka.producer.SyncProducer  - Disconnecting from localhost:9092
7995830 [main] INFO kafka.producer.SyncProducer  - Disconnecting from zion-mainframe:9092
7995834 [main] INFO kafka.producer.SyncProducer  - Connected to zion-mainframe:9092 for producing
8610849 [main] INFO kafka.client.ClientUtils$  - Fetching metadata from broker BrokerEndPoint(0,localhost,9092) with correlation id 294 for 1 topic(s) Set(earth_to_curiosity_5)
8610850 [main] INFO kafka.producer.SyncProducer  - Connected to localhost:9092 for producing
8610850 [main] INFO kafka.producer.SyncProducer  - Disconnecting from localhost:9092
8610851 [main] INFO kafka.producer.SyncProducer  - Disconnecting from zion-mainframe:9092
8610852 [main] INFO kafka.producer.SyncProducer  - Connected to zion-mainframe:9092 for producing
9225861 [main] INFO kafka.client.ClientUtils$  - Fetching metadata from broker BrokerEndPoint(0,localhost,9092) with correlation id 315 for 1 topic(s) Set(earth_to_curiosity_5)
9225862 [main] INFO kafka.producer.SyncProducer  - Connected to localhost:9092 for producing
9225862 [main] INFO kafka.producer.SyncProducer  - Disconnecting from localhost:9092
9225862 [main] INFO kafka.producer.SyncProducer  - Disconnecting from zion-mainframe:9092
9225863 [main] INFO kafka.producer.SyncProducer  - Connected to zion-mainframe:9092 for producing
9840883 [main] INFO kafka.client.ClientUtils$  - Fetching metadata from broker BrokerEndPoint(0,localhost,9092) with correlation id 336 for 1 topic(s) Set(earth_to_curiosity_5)
9840884 [main] INFO kafka.producer.SyncProducer  - Connected to localhost:9092 for producing
9840886 [main] INFO kafka.producer.SyncProducer  - Disconnecting from localhost:9092
9840887 [main] INFO kafka.producer.SyncProducer  - Disconnecting from zion-mainframe:9092
9840890 [main] INFO kafka.producer.SyncProducer  - Connected to zion-mainframe:9092 for producing
10455913 [main] INFO kafka.client.ClientUtils$  - Fetching metadata from broker BrokerEndPoint(0,localhost,9092) with correlation id 357 for 1 topic(s) Set(earth_to_curiosity_5)
10455914 [main] INFO kafka.producer.SyncProducer  - Connected to localhost:9092 for producing
10455916 [main] INFO kafka.producer.SyncProducer  - Disconnecting from localhost:9092
10455917 [main] INFO kafka.producer.SyncProducer  - Disconnecting from zion-mainframe:9092
10455921 [main] INFO kafka.producer.SyncProducer  - Connected to zion-mainframe:9092 for producing
11070951 [main] INFO kafka.client.ClientUtils$  - Fetching metadata from broker BrokerEndPoint(0,localhost,9092) with correlation id 378 for 1 topic(s) Set(earth_to_curiosity_5)
11070952 [main] INFO kafka.producer.SyncProducer  - Connected to localhost:9092 for producing
11070954 [main] INFO kafka.producer.SyncProducer  - Disconnecting from localhost:9092
11070955 [main] INFO kafka.producer.SyncProducer  - Disconnecting from zion-mainframe:9092
11070958 [main] INFO kafka.producer.SyncProducer  - Connected to zion-mainframe:9092 for producing
11685982 [main] INFO kafka.client.ClientUtils$  - Fetching metadata from broker BrokerEndPoint(0,localhost,9092) with correlation id 399 for 1 topic(s) Set(earth_to_curiosity_5)
11685983 [main] INFO kafka.producer.SyncProducer  - Connected to localhost:9092 for producing
11685983 [main] INFO kafka.producer.SyncProducer  - Disconnecting from localhost:9092
11685984 [main] INFO kafka.producer.SyncProducer  - Disconnecting from zion-mainframe:9092
11685985 [main] INFO kafka.producer.SyncProducer  - Connected to zion-mainframe:9092 for producing
12301004 [main] INFO kafka.client.ClientUtils$  - Fetching metadata from broker BrokerEndPoint(0,localhost,9092) with correlation id 420 for 1 topic(s) Set(earth_to_curiosity_5)
12301005 [main] INFO kafka.producer.SyncProducer  - Connected to localhost:9092 for producing
12301008 [main] INFO kafka.producer.SyncProducer  - Disconnecting from localhost:9092
12301009 [main] INFO kafka.producer.SyncProducer  - Disconnecting from zion-mainframe:9092
12301016 [main] INFO kafka.producer.SyncProducer  - Connected to zion-mainframe:9092 for producing
12916034 [main] INFO kafka.client.ClientUtils$  - Fetching metadata from broker BrokerEndPoint(0,localhost,9092) with correlation id 441 for 1 topic(s) Set(earth_to_curiosity_5)
12916035 [main] INFO kafka.producer.SyncProducer  - Connected to localhost:9092 for producing
12916038 [main] INFO kafka.producer.SyncProducer  - Disconnecting from localhost:9092
12916038 [main] INFO kafka.producer.SyncProducer  - Disconnecting from zion-mainframe:9092
12916040 [main] INFO kafka.producer.SyncProducer  - Connected to zion-mainframe:9092 for producing
13531060 [main] INFO kafka.client.ClientUtils$  - Fetching metadata from broker BrokerEndPoint(0,localhost,9092) with correlation id 462 for 1 topic(s) Set(earth_to_curiosity_5)
13531061 [main] INFO kafka.producer.SyncProducer  - Connected to localhost:9092 for producing
13531063 [main] INFO kafka.producer.SyncProducer  - Disconnecting from localhost:9092
13531064 [main] INFO kafka.producer.SyncProducer  - Disconnecting from zion-mainframe:9092
13531067 [main] INFO kafka.producer.SyncProducer  - Connected to zion-mainframe:9092 for producing
14146089 [main] INFO kafka.client.ClientUtils$  - Fetching metadata from broker BrokerEndPoint(0,localhost,9092) with correlation id 483 for 1 topic(s) Set(earth_to_curiosity_5)
14146090 [main] INFO kafka.producer.SyncProducer  - Connected to localhost:9092 for producing
14146092 [main] INFO kafka.producer.SyncProducer  - Disconnecting from localhost:9092
14146093 [main] INFO kafka.producer.SyncProducer  - Disconnecting from zion-mainframe:9092
14146095 [main] INFO kafka.producer.SyncProducer  - Connected to zion-mainframe:9092 for producing
14761128 [main] INFO kafka.client.ClientUtils$  - Fetching metadata from broker BrokerEndPoint(0,localhost,9092) with correlation id 504 for 1 topic(s) Set(earth_to_curiosity_5)
14761129 [main] INFO kafka.producer.SyncProducer  - Connected to localhost:9092 for producing
14761131 [main] INFO kafka.producer.SyncProducer  - Disconnecting from localhost:9092
14761131 [main] INFO kafka.producer.SyncProducer  - Disconnecting from zion-mainframe:9092
14761135 [main] INFO kafka.producer.SyncProducer  - Connected to zion-mainframe:9092 for producing
15376157 [main] INFO kafka.client.ClientUtils$  - Fetching metadata from broker BrokerEndPoint(0,localhost,9092) with correlation id 525 for 1 topic(s) Set(earth_to_curiosity_5)
15376158 [main] INFO kafka.producer.SyncProducer  - Connected to localhost:9092 for producing
15376161 [main] INFO kafka.producer.SyncProducer  - Disconnecting from localhost:9092
15376161 [main] INFO kafka.producer.SyncProducer  - Disconnecting from zion-mainframe:9092
15376168 [main] INFO kafka.producer.SyncProducer  - Connected to zion-mainframe:9092 for producing
15991188 [main] INFO kafka.client.ClientUtils$  - Fetching metadata from broker BrokerEndPoint(0,localhost,9092) with correlation id 546 for 1 topic(s) Set(earth_to_curiosity_5)
15991189 [main] INFO kafka.producer.SyncProducer  - Connected to localhost:9092 for producing
15991190 [main] INFO kafka.producer.SyncProducer  - Disconnecting from localhost:9092
15991190 [main] INFO kafka.producer.SyncProducer  - Disconnecting from zion-mainframe:9092
15991191 [main] INFO kafka.producer.SyncProducer  - Connected to zion-mainframe:9092 for producing
16606208 [main] INFO kafka.client.ClientUtils$  - Fetching metadata from broker BrokerEndPoint(0,localhost,9092) with correlation id 567 for 1 topic(s) Set(earth_to_curiosity_5)
16606209 [main] INFO kafka.producer.SyncProducer  - Connected to localhost:9092 for producing
16606211 [main] INFO kafka.producer.SyncProducer  - Disconnecting from localhost:9092
16606211 [main] INFO kafka.producer.SyncProducer  - Disconnecting from zion-mainframe:9092
16606213 [main] INFO kafka.producer.SyncProducer  - Connected to zion-mainframe:9092 for producing
17221244 [main] INFO kafka.client.ClientUtils$  - Fetching metadata from broker BrokerEndPoint(0,localhost,9092) with correlation id 588 for 1 topic(s) Set(earth_to_curiosity_5)
17221245 [main] INFO kafka.producer.SyncProducer  - Connected to localhost:9092 for producing
17221247 [main] INFO kafka.producer.SyncProducer  - Disconnecting from localhost:9092
17221247 [main] INFO kafka.producer.SyncProducer  - Disconnecting from zion-mainframe:9092
17221250 [main] INFO kafka.producer.SyncProducer  - Connected to zion-mainframe:9092 for producing
17836267 [main] INFO kafka.client.ClientUtils$  - Fetching metadata from broker BrokerEndPoint(0,localhost,9092) with correlation id 609 for 1 topic(s) Set(earth_to_curiosity_5)
17836267 [main] INFO kafka.producer.SyncProducer  - Connected to localhost:9092 for producing
17836268 [main] INFO kafka.producer.SyncProducer  - Disconnecting from localhost:9092
17836268 [main] INFO kafka.producer.SyncProducer  - Disconnecting from zion-mainframe:9092
17836269 [main] INFO kafka.producer.SyncProducer  - Connected to zion-mainframe:9092 for producing
18451288 [main] INFO kafka.client.ClientUtils$  - Fetching metadata from broker BrokerEndPoint(0,localhost,9092) with correlation id 630 for 1 topic(s) Set(earth_to_curiosity_5)
18451289 [main] INFO kafka.producer.SyncProducer  - Connected to localhost:9092 for producing
18451291 [main] INFO kafka.producer.SyncProducer  - Disconnecting from localhost:9092
18451292 [main] INFO kafka.producer.SyncProducer  - Disconnecting from zion-mainframe:9092
18451294 [main] INFO kafka.producer.SyncProducer  - Connected to zion-mainframe:9092 for producing
19066308 [main] INFO kafka.client.ClientUtils$  - Fetching metadata from broker BrokerEndPoint(0,localhost,9092) with correlation id 651 for 1 topic(s) Set(earth_to_curiosity_5)
19066309 [main] INFO kafka.producer.SyncProducer  - Connected to localhost:9092 for producing
19066311 [main] INFO kafka.producer.SyncProducer  - Disconnecting from localhost:9092
19066311 [main] INFO kafka.producer.SyncProducer  - Disconnecting from zion-mainframe:9092
19066315 [main] INFO kafka.producer.SyncProducer  - Connected to zion-mainframe:9092 for producing
19681330 [main] INFO kafka.client.ClientUtils$  - Fetching metadata from broker BrokerEndPoint(0,localhost,9092) with correlation id 672 for 1 topic(s) Set(earth_to_curiosity_5)
19681331 [main] INFO kafka.producer.SyncProducer  - Connected to localhost:9092 for producing
19681332 [main] INFO kafka.producer.SyncProducer  - Disconnecting from localhost:9092
19681332 [main] INFO kafka.producer.SyncProducer  - Disconnecting from zion-mainframe:9092
19681333 [main] INFO kafka.producer.SyncProducer  - Connected to zion-mainframe:9092 for producing
20296348 [main] INFO kafka.client.ClientUtils$  - Fetching metadata from broker BrokerEndPoint(0,localhost,9092) with correlation id 693 for 1 topic(s) Set(earth_to_curiosity_5)
20296349 [main] INFO kafka.producer.SyncProducer  - Connected to localhost:9092 for producing
20296351 [main] INFO kafka.producer.SyncProducer  - Disconnecting from localhost:9092
20296351 [main] INFO kafka.producer.SyncProducer  - Disconnecting from zion-mainframe:9092
20296353 [main] INFO kafka.producer.SyncProducer  - Connected to zion-mainframe:9092 for producing
20911367 [main] INFO kafka.client.ClientUtils$  - Fetching metadata from broker BrokerEndPoint(0,localhost,9092) with correlation id 714 for 1 topic(s) Set(earth_to_curiosity_5)
20911368 [main] INFO kafka.producer.SyncProducer  - Connected to localhost:9092 for producing
20911369 [main] INFO kafka.producer.SyncProducer  - Disconnecting from localhost:9092
20911370 [main] INFO kafka.producer.SyncProducer  - Disconnecting from zion-mainframe:9092
20911372 [main] INFO kafka.producer.SyncProducer  - Connected to zion-mainframe:9092 for producing
21526384 [main] INFO kafka.client.ClientUtils$  - Fetching metadata from broker BrokerEndPoint(0,localhost,9092) with correlation id 735 for 1 topic(s) Set(earth_to_curiosity_5)
21526385 [main] INFO kafka.producer.SyncProducer  - Connected to localhost:9092 for producing
21526387 [main] INFO kafka.producer.SyncProducer  - Disconnecting from localhost:9092
21526387 [main] INFO kafka.producer.SyncProducer  - Disconnecting from zion-mainframe:9092
21526389 [main] INFO kafka.producer.SyncProducer  - Connected to zion-mainframe:9092 for producing
