0 [main] INFO kafka.utils.VerifiableProperties  - Verifying properties
24 [main] INFO kafka.utils.VerifiableProperties  - Property auto.offset.reset is overridden to largest
24 [main] WARN kafka.utils.VerifiableProperties  - Property bootstrap.servers is not valid
24 [main] WARN kafka.utils.VerifiableProperties  - Property destination.topic is not valid
24 [main] INFO kafka.utils.VerifiableProperties  - Property group.id is overridden to space.exploration.mars.rover.curiosity.1529456918553
24 [main] WARN kafka.utils.VerifiableProperties  - Property key.serializer is not valid
24 [main] WARN kafka.utils.VerifiableProperties  - Property metadata.broker.list is not valid
24 [main] WARN kafka.utils.VerifiableProperties  - Property source.topic is not valid
24 [main] WARN kafka.utils.VerifiableProperties  - Property value.serializer is not valid
24 [main] INFO kafka.utils.VerifiableProperties  - Property zookeeper.connect is overridden to localhost:2181
55 [main] INFO kafka.consumer.ZookeeperConsumerConnector  - [space.exploration.mars.rover.curiosity.1529456918553_zion-mainframe-1529456918732-83a6c08a], Connecting to zookeeper instance at localhost:2181
59 [ZkClient-EventThread-15-localhost:2181] INFO org.I0Itec.zkclient.ZkEventThread  - Starting ZkClient event thread.
61 [main] INFO org.apache.zookeeper.ZooKeeper  - Client environment:zookeeper.version=3.4.6-1569965, built on 02/20/2014 09:09 GMT
61 [main] INFO org.apache.zookeeper.ZooKeeper  - Client environment:host.name=zion-mainframe
61 [main] INFO org.apache.zookeeper.ZooKeeper  - Client environment:java.version=1.8.0_171
61 [main] INFO org.apache.zookeeper.ZooKeeper  - Client environment:java.vendor=Oracle Corporation
61 [main] INFO org.apache.zookeeper.ZooKeeper  - Client environment:java.home=/usr/lib/jvm/java-8-openjdk-amd64/jre
61 [main] INFO org.apache.zookeeper.ZooKeeper  - Client environment:java.class.path=target/mission.control-2.0-shaded.jar
61 [main] INFO org.apache.zookeeper.ZooKeeper  - Client environment:java.library.path=/usr/java/packages/lib/amd64:/usr/lib/x86_64-linux-gnu/jni:/lib/x86_64-linux-gnu:/usr/lib/x86_64-linux-gnu:/usr/lib/jni:/lib:/usr/lib
61 [main] INFO org.apache.zookeeper.ZooKeeper  - Client environment:java.io.tmpdir=/tmp
61 [main] INFO org.apache.zookeeper.ZooKeeper  - Client environment:java.compiler=<NA>
61 [main] INFO org.apache.zookeeper.ZooKeeper  - Client environment:os.name=Linux
61 [main] INFO org.apache.zookeeper.ZooKeeper  - Client environment:os.arch=amd64
61 [main] INFO org.apache.zookeeper.ZooKeeper  - Client environment:os.version=4.13.0-45-generic
61 [main] INFO org.apache.zookeeper.ZooKeeper  - Client environment:user.name=sanket
61 [main] INFO org.apache.zookeeper.ZooKeeper  - Client environment:user.home=/home/sanket
61 [main] INFO org.apache.zookeeper.ZooKeeper  - Client environment:user.dir=/home/sanket/Documents/workspace/Mission.Control
62 [main] INFO org.apache.zookeeper.ZooKeeper  - Initiating client connection, connectString=localhost:2181 sessionTimeout=6000 watcher=org.I0Itec.zkclient.ZkClient@17776a8
68 [main] INFO org.I0Itec.zkclient.ZkClient  - Waiting for keeper state SyncConnected
70 [main-SendThread(localhost:2181)] INFO org.apache.zookeeper.ClientCnxn  - Opening socket connection to server localhost/127.0.0.1:2181. Will not attempt to authenticate using SASL (unknown error)
103 [main-SendThread(localhost:2181)] INFO org.apache.zookeeper.ClientCnxn  - Socket connection established to localhost/127.0.0.1:2181, initiating session
109 [main-SendThread(localhost:2181)] INFO org.apache.zookeeper.ClientCnxn  - Session establishment complete on server localhost/127.0.0.1:2181, sessionid = 0x1641abc6bc00001, negotiated timeout = 6000
111 [main-EventThread] INFO org.I0Itec.zkclient.ZkClient  - zookeeper state changed (SyncConnected)
126 [main] INFO kafka.consumer.ZookeeperConsumerConnector  - [space.exploration.mars.rover.curiosity.1529456918553_zion-mainframe-1529456918732-83a6c08a], starting auto committer every 60000 ms
160 [Thread-0] INFO kafka.consumer.ZookeeperConsumerConnector  - [space.exploration.mars.rover.curiosity.1529456918553_zion-mainframe-1529456918732-83a6c08a], begin registering consumer space.exploration.mars.rover.curiosity.1529456918553_zion-mainframe-1529456918732-83a6c08a in ZK
182 [Thread-0] INFO kafka.utils.ZKCheckedEphemeral  - Creating /consumers/space.exploration.mars.rover.curiosity.1529456918553/ids/space.exploration.mars.rover.curiosity.1529456918553_zion-mainframe-1529456918732-83a6c08a (is it secure? false)
190 [Thread-0] INFO kafka.utils.ZKCheckedEphemeral  - Result of znode creation is: OK
190 [Thread-0] INFO kafka.consumer.ZookeeperConsumerConnector  - [space.exploration.mars.rover.curiosity.1529456918553_zion-mainframe-1529456918732-83a6c08a], end registering consumer space.exploration.mars.rover.curiosity.1529456918553_zion-mainframe-1529456918732-83a6c08a in ZK
193 [space.exploration.mars.rover.curiosity.1529456918553_zion-mainframe-1529456918732-83a6c08a_watcher_executor] INFO kafka.consumer.ZookeeperConsumerConnector  - [space.exploration.mars.rover.curiosity.1529456918553_zion-mainframe-1529456918732-83a6c08a], starting watcher executor thread for consumer space.exploration.mars.rover.curiosity.1529456918553_zion-mainframe-1529456918732-83a6c08a
204 [Thread-0] INFO kafka.consumer.ZookeeperConsumerConnector  - [space.exploration.mars.rover.curiosity.1529456918553_zion-mainframe-1529456918732-83a6c08a], begin rebalancing consumer space.exploration.mars.rover.curiosity.1529456918553_zion-mainframe-1529456918732-83a6c08a try #0
281 [Thread-0] INFO kafka.consumer.ConsumerFetcherManager  - [ConsumerFetcherManager-1529456918800] Stopping leader finder thread
281 [Thread-0] INFO kafka.consumer.ConsumerFetcherManager  - [ConsumerFetcherManager-1529456918800] Stopping all fetchers
281 [Thread-0] INFO kafka.consumer.ConsumerFetcherManager  - [ConsumerFetcherManager-1529456918800] All connections stopped
281 [Thread-0] INFO kafka.consumer.ZookeeperConsumerConnector  - [space.exploration.mars.rover.curiosity.1529456918553_zion-mainframe-1529456918732-83a6c08a], Cleared all relevant queues for this fetcher
282 [Thread-0] INFO kafka.consumer.ZookeeperConsumerConnector  - [space.exploration.mars.rover.curiosity.1529456918553_zion-mainframe-1529456918732-83a6c08a], Cleared the data chunks in all the consumer message iterators
282 [Thread-0] INFO kafka.consumer.ZookeeperConsumerConnector  - [space.exploration.mars.rover.curiosity.1529456918553_zion-mainframe-1529456918732-83a6c08a], Committing all offsets after clearing the fetcher queues
283 [Thread-0] INFO kafka.consumer.ZookeeperConsumerConnector  - [space.exploration.mars.rover.curiosity.1529456918553_zion-mainframe-1529456918732-83a6c08a], Releasing partition ownership
301 [Thread-0] INFO kafka.consumer.RangeAssignor  - Consumer space.exploration.mars.rover.curiosity.1529456918553_zion-mainframe-1529456918732-83a6c08a rebalancing the following partitions: ArrayBuffer() for topic curiosity_to_earth_5 with consumers: List(space.exploration.mars.rover.curiosity.1529456918553_zion-mainframe-1529456918732-83a6c08a-0)
302 [Thread-0] WARN kafka.consumer.RangeAssignor  - No broker partitions consumed by consumer thread space.exploration.mars.rover.curiosity.1529456918553_zion-mainframe-1529456918732-83a6c08a-0 for topic curiosity_to_earth_5
309 [Thread-0] INFO kafka.consumer.ZookeeperConsumerConnector  - [space.exploration.mars.rover.curiosity.1529456918553_zion-mainframe-1529456918732-83a6c08a], Consumer space.exploration.mars.rover.curiosity.1529456918553_zion-mainframe-1529456918732-83a6c08a selected partitions : 
309 [space.exploration.mars.rover.curiosity.1529456918553_zion-mainframe-1529456918732-83a6c08a-leader-finder-thread] INFO kafka.consumer.ConsumerFetcherManager$LeaderFinderThread  - [space.exploration.mars.rover.curiosity.1529456918553_zion-mainframe-1529456918732-83a6c08a-leader-finder-thread], Starting 
310 [Thread-0] INFO kafka.consumer.ZookeeperConsumerConnector  - [space.exploration.mars.rover.curiosity.1529456918553_zion-mainframe-1529456918732-83a6c08a], end rebalancing consumer space.exploration.mars.rover.curiosity.1529456918553_zion-mainframe-1529456918732-83a6c08a try #0
28585 [ZkClient-EventThread-15-localhost:2181] INFO kafka.consumer.ZookeeperConsumerConnector  - [space.exploration.mars.rover.curiosity.1529456918553_zion-mainframe-1529456918732-83a6c08a], Topic info for path /brokers/topics/curiosity_to_earth_5 changed to {"version":1,"partitions":{"0":[0]}}, triggering rebalance
28585 [space.exploration.mars.rover.curiosity.1529456918553_zion-mainframe-1529456918732-83a6c08a_watcher_executor] INFO kafka.consumer.ZookeeperConsumerConnector  - [space.exploration.mars.rover.curiosity.1529456918553_zion-mainframe-1529456918732-83a6c08a], begin rebalancing consumer space.exploration.mars.rover.curiosity.1529456918553_zion-mainframe-1529456918732-83a6c08a try #0
28599 [space.exploration.mars.rover.curiosity.1529456918553_zion-mainframe-1529456918732-83a6c08a_watcher_executor] INFO kafka.consumer.ConsumerFetcherManager  - [ConsumerFetcherManager-1529456918800] Stopping leader finder thread
28600 [space.exploration.mars.rover.curiosity.1529456918553_zion-mainframe-1529456918732-83a6c08a_watcher_executor] INFO kafka.consumer.ConsumerFetcherManager$LeaderFinderThread  - [space.exploration.mars.rover.curiosity.1529456918553_zion-mainframe-1529456918732-83a6c08a-leader-finder-thread], Shutting down
28600 [space.exploration.mars.rover.curiosity.1529456918553_zion-mainframe-1529456918732-83a6c08a-leader-finder-thread] INFO kafka.consumer.ConsumerFetcherManager$LeaderFinderThread  - [space.exploration.mars.rover.curiosity.1529456918553_zion-mainframe-1529456918732-83a6c08a-leader-finder-thread], Stopped 
28600 [space.exploration.mars.rover.curiosity.1529456918553_zion-mainframe-1529456918732-83a6c08a_watcher_executor] INFO kafka.consumer.ConsumerFetcherManager$LeaderFinderThread  - [space.exploration.mars.rover.curiosity.1529456918553_zion-mainframe-1529456918732-83a6c08a-leader-finder-thread], Shutdown completed
28600 [space.exploration.mars.rover.curiosity.1529456918553_zion-mainframe-1529456918732-83a6c08a_watcher_executor] INFO kafka.consumer.ConsumerFetcherManager  - [ConsumerFetcherManager-1529456918800] Stopping all fetchers
28600 [space.exploration.mars.rover.curiosity.1529456918553_zion-mainframe-1529456918732-83a6c08a_watcher_executor] INFO kafka.consumer.ConsumerFetcherManager  - [ConsumerFetcherManager-1529456918800] All connections stopped
28600 [space.exploration.mars.rover.curiosity.1529456918553_zion-mainframe-1529456918732-83a6c08a_watcher_executor] INFO kafka.consumer.ZookeeperConsumerConnector  - [space.exploration.mars.rover.curiosity.1529456918553_zion-mainframe-1529456918732-83a6c08a], Cleared all relevant queues for this fetcher
28601 [space.exploration.mars.rover.curiosity.1529456918553_zion-mainframe-1529456918732-83a6c08a_watcher_executor] INFO kafka.consumer.ZookeeperConsumerConnector  - [space.exploration.mars.rover.curiosity.1529456918553_zion-mainframe-1529456918732-83a6c08a], Cleared the data chunks in all the consumer message iterators
28601 [space.exploration.mars.rover.curiosity.1529456918553_zion-mainframe-1529456918732-83a6c08a_watcher_executor] INFO kafka.consumer.ZookeeperConsumerConnector  - [space.exploration.mars.rover.curiosity.1529456918553_zion-mainframe-1529456918732-83a6c08a], Committing all offsets after clearing the fetcher queues
28601 [space.exploration.mars.rover.curiosity.1529456918553_zion-mainframe-1529456918732-83a6c08a_watcher_executor] INFO kafka.consumer.ZookeeperConsumerConnector  - [space.exploration.mars.rover.curiosity.1529456918553_zion-mainframe-1529456918732-83a6c08a], Releasing partition ownership
28621 [space.exploration.mars.rover.curiosity.1529456918553_zion-mainframe-1529456918732-83a6c08a_watcher_executor] INFO kafka.consumer.RangeAssignor  - Consumer space.exploration.mars.rover.curiosity.1529456918553_zion-mainframe-1529456918732-83a6c08a rebalancing the following partitions: ArrayBuffer(0) for topic curiosity_to_earth_5 with consumers: List(space.exploration.mars.rover.curiosity.1529456918553_zion-mainframe-1529456918732-83a6c08a-0)
28622 [space.exploration.mars.rover.curiosity.1529456918553_zion-mainframe-1529456918732-83a6c08a_watcher_executor] INFO kafka.consumer.RangeAssignor  - space.exploration.mars.rover.curiosity.1529456918553_zion-mainframe-1529456918732-83a6c08a-0 attempting to claim partition 0
28654 [space.exploration.mars.rover.curiosity.1529456918553_zion-mainframe-1529456918732-83a6c08a_watcher_executor] INFO kafka.consumer.ZookeeperConsumerConnector  - [space.exploration.mars.rover.curiosity.1529456918553_zion-mainframe-1529456918732-83a6c08a], space.exploration.mars.rover.curiosity.1529456918553_zion-mainframe-1529456918732-83a6c08a-0 successfully owned partition 0 for topic curiosity_to_earth_5
28661 [space.exploration.mars.rover.curiosity.1529456918553_zion-mainframe-1529456918732-83a6c08a_watcher_executor] INFO kafka.consumer.ZookeeperConsumerConnector  - [space.exploration.mars.rover.curiosity.1529456918553_zion-mainframe-1529456918732-83a6c08a], Consumer space.exploration.mars.rover.curiosity.1529456918553_zion-mainframe-1529456918732-83a6c08a selected partitions : curiosity_to_earth_5:0: fetched offset = -1: consumed offset = -1
28672 [space.exploration.mars.rover.curiosity.1529456918553_zion-mainframe-1529456918732-83a6c08a-leader-finder-thread] INFO kafka.consumer.ConsumerFetcherManager$LeaderFinderThread  - [space.exploration.mars.rover.curiosity.1529456918553_zion-mainframe-1529456918732-83a6c08a-leader-finder-thread], Starting 
28672 [space.exploration.mars.rover.curiosity.1529456918553_zion-mainframe-1529456918732-83a6c08a_watcher_executor] INFO kafka.consumer.ZookeeperConsumerConnector  - [space.exploration.mars.rover.curiosity.1529456918553_zion-mainframe-1529456918732-83a6c08a], end rebalancing consumer space.exploration.mars.rover.curiosity.1529456918553_zion-mainframe-1529456918732-83a6c08a try #0
28683 [space.exploration.mars.rover.curiosity.1529456918553_zion-mainframe-1529456918732-83a6c08a-leader-finder-thread] INFO kafka.utils.VerifiableProperties  - Verifying properties
28683 [space.exploration.mars.rover.curiosity.1529456918553_zion-mainframe-1529456918732-83a6c08a-leader-finder-thread] INFO kafka.utils.VerifiableProperties  - Property client.id is overridden to space.exploration.mars.rover.curiosity.1529456918553
28683 [space.exploration.mars.rover.curiosity.1529456918553_zion-mainframe-1529456918732-83a6c08a-leader-finder-thread] INFO kafka.utils.VerifiableProperties  - Property metadata.broker.list is overridden to zion-mainframe:9092
28683 [space.exploration.mars.rover.curiosity.1529456918553_zion-mainframe-1529456918732-83a6c08a-leader-finder-thread] INFO kafka.utils.VerifiableProperties  - Property request.timeout.ms is overridden to 30000
28696 [space.exploration.mars.rover.curiosity.1529456918553_zion-mainframe-1529456918732-83a6c08a-leader-finder-thread] INFO kafka.client.ClientUtils$  - Fetching metadata from broker BrokerEndPoint(0,zion-mainframe,9092) with correlation id 0 for 1 topic(s) Set(curiosity_to_earth_5)
28702 [space.exploration.mars.rover.curiosity.1529456918553_zion-mainframe-1529456918732-83a6c08a-leader-finder-thread] INFO kafka.producer.SyncProducer  - Connected to zion-mainframe:9092 for producing
28718 [space.exploration.mars.rover.curiosity.1529456918553_zion-mainframe-1529456918732-83a6c08a-leader-finder-thread] INFO kafka.producer.SyncProducer  - Disconnecting from zion-mainframe:9092
28729 [space.exploration.mars.rover.curiosity.1529456918553_zion-mainframe-1529456918732-83a6c08a-leader-finder-thread] INFO kafka.consumer.ConsumerFetcherManager  - [ConsumerFetcherManager-1529456918800] Added fetcher for partitions ArrayBuffer()
28934 [space.exploration.mars.rover.curiosity.1529456918553_zion-mainframe-1529456918732-83a6c08a-leader-finder-thread] INFO kafka.utils.VerifiableProperties  - Verifying properties
28934 [space.exploration.mars.rover.curiosity.1529456918553_zion-mainframe-1529456918732-83a6c08a-leader-finder-thread] INFO kafka.utils.VerifiableProperties  - Property client.id is overridden to space.exploration.mars.rover.curiosity.1529456918553
28934 [space.exploration.mars.rover.curiosity.1529456918553_zion-mainframe-1529456918732-83a6c08a-leader-finder-thread] INFO kafka.utils.VerifiableProperties  - Property metadata.broker.list is overridden to zion-mainframe:9092
28935 [space.exploration.mars.rover.curiosity.1529456918553_zion-mainframe-1529456918732-83a6c08a-leader-finder-thread] INFO kafka.utils.VerifiableProperties  - Property request.timeout.ms is overridden to 30000
28935 [space.exploration.mars.rover.curiosity.1529456918553_zion-mainframe-1529456918732-83a6c08a-leader-finder-thread] INFO kafka.client.ClientUtils$  - Fetching metadata from broker BrokerEndPoint(0,zion-mainframe,9092) with correlation id 1 for 1 topic(s) Set(curiosity_to_earth_5)
28935 [space.exploration.mars.rover.curiosity.1529456918553_zion-mainframe-1529456918732-83a6c08a-leader-finder-thread] INFO kafka.producer.SyncProducer  - Connected to zion-mainframe:9092 for producing
28945 [space.exploration.mars.rover.curiosity.1529456918553_zion-mainframe-1529456918732-83a6c08a-leader-finder-thread] INFO kafka.producer.SyncProducer  - Disconnecting from zion-mainframe:9092
28953 [ConsumerFetcherThread-space.exploration.mars.rover.curiosity.1529456918553_zion-mainframe-1529456918732-83a6c08a-0-0] INFO kafka.consumer.ConsumerFetcherThread  - [ConsumerFetcherThread-space.exploration.mars.rover.curiosity.1529456918553_zion-mainframe-1529456918732-83a6c08a-0-0], Starting 
28966 [space.exploration.mars.rover.curiosity.1529456918553_zion-mainframe-1529456918732-83a6c08a-leader-finder-thread] INFO kafka.consumer.ConsumerFetcherManager  - [ConsumerFetcherManager-1529456918800] Added fetcher for partitions ArrayBuffer([[curiosity_to_earth_5,0], initOffset -1 to broker BrokerEndPoint(0,zion-mainframe,9092)] )
7501646 [ConsumerFetcherThread-space.exploration.mars.rover.curiosity.1529456918553_zion-mainframe-1529456918732-83a6c08a-0-0] INFO kafka.consumer.SimpleConsumer  - Reconnect due to error:
java.io.EOFException
	at org.apache.kafka.common.network.NetworkReceive.readFromReadableChannel(NetworkReceive.java:83)
	at kafka.network.BlockingChannel.readCompletely(BlockingChannel.scala:129)
	at kafka.network.BlockingChannel.receive(BlockingChannel.scala:120)
	at kafka.consumer.SimpleConsumer.liftedTree1$1(SimpleConsumer.scala:86)
	at kafka.consumer.SimpleConsumer.kafka$consumer$SimpleConsumer$$sendRequest(SimpleConsumer.scala:83)
	at kafka.consumer.SimpleConsumer$$anonfun$fetch$1$$anonfun$apply$mcV$sp$1.apply$mcV$sp(SimpleConsumer.scala:132)
	at kafka.consumer.SimpleConsumer$$anonfun$fetch$1$$anonfun$apply$mcV$sp$1.apply(SimpleConsumer.scala:132)
	at kafka.consumer.SimpleConsumer$$anonfun$fetch$1$$anonfun$apply$mcV$sp$1.apply(SimpleConsumer.scala:132)
	at kafka.metrics.KafkaTimer.time(KafkaTimer.scala:33)
	at kafka.consumer.SimpleConsumer$$anonfun$fetch$1.apply$mcV$sp(SimpleConsumer.scala:131)
	at kafka.consumer.SimpleConsumer$$anonfun$fetch$1.apply(SimpleConsumer.scala:131)
	at kafka.consumer.SimpleConsumer$$anonfun$fetch$1.apply(SimpleConsumer.scala:131)
	at kafka.metrics.KafkaTimer.time(KafkaTimer.scala:33)
	at kafka.consumer.SimpleConsumer.fetch(SimpleConsumer.scala:130)
	at kafka.consumer.ConsumerFetcherThread.fetch(ConsumerFetcherThread.scala:108)
	at kafka.consumer.ConsumerFetcherThread.fetch(ConsumerFetcherThread.scala:29)
	at kafka.server.AbstractFetcherThread.processFetchRequest(AbstractFetcherThread.scala:102)
	at kafka.server.AbstractFetcherThread.doWork(AbstractFetcherThread.scala:93)
	at kafka.utils.ShutdownableThread.run(ShutdownableThread.scala:63)
8179706 [ConsumerFetcherThread-space.exploration.mars.rover.curiosity.1529456918553_zion-mainframe-1529456918732-83a6c08a-0-0] INFO kafka.consumer.SimpleConsumer  - Reconnect due to error:
java.io.EOFException
	at org.apache.kafka.common.network.NetworkReceive.readFromReadableChannel(NetworkReceive.java:83)
	at kafka.network.BlockingChannel.readCompletely(BlockingChannel.scala:129)
	at kafka.network.BlockingChannel.receive(BlockingChannel.scala:120)
	at kafka.consumer.SimpleConsumer.liftedTree1$1(SimpleConsumer.scala:86)
	at kafka.consumer.SimpleConsumer.kafka$consumer$SimpleConsumer$$sendRequest(SimpleConsumer.scala:83)
	at kafka.consumer.SimpleConsumer$$anonfun$fetch$1$$anonfun$apply$mcV$sp$1.apply$mcV$sp(SimpleConsumer.scala:132)
	at kafka.consumer.SimpleConsumer$$anonfun$fetch$1$$anonfun$apply$mcV$sp$1.apply(SimpleConsumer.scala:132)
	at kafka.consumer.SimpleConsumer$$anonfun$fetch$1$$anonfun$apply$mcV$sp$1.apply(SimpleConsumer.scala:132)
	at kafka.metrics.KafkaTimer.time(KafkaTimer.scala:33)
	at kafka.consumer.SimpleConsumer$$anonfun$fetch$1.apply$mcV$sp(SimpleConsumer.scala:131)
	at kafka.consumer.SimpleConsumer$$anonfun$fetch$1.apply(SimpleConsumer.scala:131)
	at kafka.consumer.SimpleConsumer$$anonfun$fetch$1.apply(SimpleConsumer.scala:131)
	at kafka.metrics.KafkaTimer.time(KafkaTimer.scala:33)
	at kafka.consumer.SimpleConsumer.fetch(SimpleConsumer.scala:130)
	at kafka.consumer.ConsumerFetcherThread.fetch(ConsumerFetcherThread.scala:108)
	at kafka.consumer.ConsumerFetcherThread.fetch(ConsumerFetcherThread.scala:29)
	at kafka.server.AbstractFetcherThread.processFetchRequest(AbstractFetcherThread.scala:102)
	at kafka.server.AbstractFetcherThread.doWork(AbstractFetcherThread.scala:93)
	at kafka.utils.ShutdownableThread.run(ShutdownableThread.scala:63)
10174953 [ConsumerFetcherThread-space.exploration.mars.rover.curiosity.1529456918553_zion-mainframe-1529456918732-83a6c08a-0-0] INFO kafka.consumer.SimpleConsumer  - Reconnect due to error:
java.io.EOFException
	at org.apache.kafka.common.network.NetworkReceive.readFromReadableChannel(NetworkReceive.java:83)
	at kafka.network.BlockingChannel.readCompletely(BlockingChannel.scala:129)
	at kafka.network.BlockingChannel.receive(BlockingChannel.scala:120)
	at kafka.consumer.SimpleConsumer.liftedTree1$1(SimpleConsumer.scala:86)
	at kafka.consumer.SimpleConsumer.kafka$consumer$SimpleConsumer$$sendRequest(SimpleConsumer.scala:83)
	at kafka.consumer.SimpleConsumer$$anonfun$fetch$1$$anonfun$apply$mcV$sp$1.apply$mcV$sp(SimpleConsumer.scala:132)
	at kafka.consumer.SimpleConsumer$$anonfun$fetch$1$$anonfun$apply$mcV$sp$1.apply(SimpleConsumer.scala:132)
	at kafka.consumer.SimpleConsumer$$anonfun$fetch$1$$anonfun$apply$mcV$sp$1.apply(SimpleConsumer.scala:132)
	at kafka.metrics.KafkaTimer.time(KafkaTimer.scala:33)
	at kafka.consumer.SimpleConsumer$$anonfun$fetch$1.apply$mcV$sp(SimpleConsumer.scala:131)
	at kafka.consumer.SimpleConsumer$$anonfun$fetch$1.apply(SimpleConsumer.scala:131)
	at kafka.consumer.SimpleConsumer$$anonfun$fetch$1.apply(SimpleConsumer.scala:131)
	at kafka.metrics.KafkaTimer.time(KafkaTimer.scala:33)
	at kafka.consumer.SimpleConsumer.fetch(SimpleConsumer.scala:130)
	at kafka.consumer.ConsumerFetcherThread.fetch(ConsumerFetcherThread.scala:108)
	at kafka.consumer.ConsumerFetcherThread.fetch(ConsumerFetcherThread.scala:29)
	at kafka.server.AbstractFetcherThread.processFetchRequest(AbstractFetcherThread.scala:102)
	at kafka.server.AbstractFetcherThread.doWork(AbstractFetcherThread.scala:93)
	at kafka.utils.ShutdownableThread.run(ShutdownableThread.scala:63)
10869278 [ConsumerFetcherThread-space.exploration.mars.rover.curiosity.1529456918553_zion-mainframe-1529456918732-83a6c08a-0-0] INFO kafka.consumer.SimpleConsumer  - Reconnect due to error:
java.io.EOFException
	at org.apache.kafka.common.network.NetworkReceive.readFromReadableChannel(NetworkReceive.java:83)
	at kafka.network.BlockingChannel.readCompletely(BlockingChannel.scala:129)
	at kafka.network.BlockingChannel.receive(BlockingChannel.scala:120)
	at kafka.consumer.SimpleConsumer.liftedTree1$1(SimpleConsumer.scala:86)
	at kafka.consumer.SimpleConsumer.kafka$consumer$SimpleConsumer$$sendRequest(SimpleConsumer.scala:83)
	at kafka.consumer.SimpleConsumer$$anonfun$fetch$1$$anonfun$apply$mcV$sp$1.apply$mcV$sp(SimpleConsumer.scala:132)
	at kafka.consumer.SimpleConsumer$$anonfun$fetch$1$$anonfun$apply$mcV$sp$1.apply(SimpleConsumer.scala:132)
	at kafka.consumer.SimpleConsumer$$anonfun$fetch$1$$anonfun$apply$mcV$sp$1.apply(SimpleConsumer.scala:132)
	at kafka.metrics.KafkaTimer.time(KafkaTimer.scala:33)
	at kafka.consumer.SimpleConsumer$$anonfun$fetch$1.apply$mcV$sp(SimpleConsumer.scala:131)
	at kafka.consumer.SimpleConsumer$$anonfun$fetch$1.apply(SimpleConsumer.scala:131)
	at kafka.consumer.SimpleConsumer$$anonfun$fetch$1.apply(SimpleConsumer.scala:131)
	at kafka.metrics.KafkaTimer.time(KafkaTimer.scala:33)
	at kafka.consumer.SimpleConsumer.fetch(SimpleConsumer.scala:130)
	at kafka.consumer.ConsumerFetcherThread.fetch(ConsumerFetcherThread.scala:108)
	at kafka.consumer.ConsumerFetcherThread.fetch(ConsumerFetcherThread.scala:29)
	at kafka.server.AbstractFetcherThread.processFetchRequest(AbstractFetcherThread.scala:102)
	at kafka.server.AbstractFetcherThread.doWork(AbstractFetcherThread.scala:93)
	at kafka.utils.ShutdownableThread.run(ShutdownableThread.scala:63)
