0 [main] INFO kafka.utils.VerifiableProperties  - Verifying properties
27 [main] WARN kafka.utils.VerifiableProperties  - Property auto.offset.reset is not valid
27 [main] WARN kafka.utils.VerifiableProperties  - Property bootstrap.servers is not valid
28 [main] WARN kafka.utils.VerifiableProperties  - Property destination.topic is not valid
28 [main] WARN kafka.utils.VerifiableProperties  - Property group.id is not valid
28 [main] WARN kafka.utils.VerifiableProperties  - Property key.serializer is not valid
28 [main] INFO kafka.utils.VerifiableProperties  - Property metadata.broker.list is overridden to localhost:9092
29 [main] WARN kafka.utils.VerifiableProperties  - Property source.topic is not valid
29 [main] WARN kafka.utils.VerifiableProperties  - Property value.serializer is not valid
29 [main] WARN kafka.utils.VerifiableProperties  - Property zookeeper.connect is not valid
345 [main] INFO kafka.client.ClientUtils$  - Fetching metadata from broker BrokerEndPoint(0,localhost,9092) with correlation id 0 for 1 topic(s) Set(earth_to_curiosity_5)
355 [main] INFO kafka.producer.SyncProducer  - Connected to localhost:9092 for producing
369 [main] INFO kafka.producer.SyncProducer  - Disconnecting from localhost:9092
436 [main] INFO kafka.producer.SyncProducer  - Connected to zion-mainframe:9092 for producing
613424 [main] INFO kafka.client.ClientUtils$  - Fetching metadata from broker BrokerEndPoint(0,localhost,9092) with correlation id 51 for 1 topic(s) Set(earth_to_curiosity_5)
613424 [main] INFO kafka.producer.SyncProducer  - Connected to localhost:9092 for producing
613425 [main] INFO kafka.producer.SyncProducer  - Disconnecting from localhost:9092
613425 [main] INFO kafka.producer.SyncProducer  - Disconnecting from zion-mainframe:9092
613426 [main] INFO kafka.producer.SyncProducer  - Connected to zion-mainframe:9092 for producing
1226225 [main] INFO kafka.client.ClientUtils$  - Fetching metadata from broker BrokerEndPoint(0,localhost,9092) with correlation id 102 for 1 topic(s) Set(earth_to_curiosity_5)
1226226 [main] INFO kafka.producer.SyncProducer  - Connected to localhost:9092 for producing
1226228 [main] INFO kafka.producer.SyncProducer  - Disconnecting from localhost:9092
1226228 [main] INFO kafka.producer.SyncProducer  - Disconnecting from zion-mainframe:9092
1226231 [main] INFO kafka.producer.SyncProducer  - Connected to zion-mainframe:9092 for producing
1840487 [main] INFO kafka.client.ClientUtils$  - Fetching metadata from broker BrokerEndPoint(0,localhost,9092) with correlation id 155 for 1 topic(s) Set(earth_to_curiosity_5)
1840488 [main] INFO kafka.producer.SyncProducer  - Connected to localhost:9092 for producing
1840488 [main] INFO kafka.producer.SyncProducer  - Disconnecting from localhost:9092
1840489 [main] INFO kafka.producer.SyncProducer  - Disconnecting from zion-mainframe:9092
1840489 [main] INFO kafka.producer.SyncProducer  - Connected to zion-mainframe:9092 for producing
2453259 [main] INFO kafka.client.ClientUtils$  - Fetching metadata from broker BrokerEndPoint(0,localhost,9092) with correlation id 206 for 1 topic(s) Set(earth_to_curiosity_5)
2453259 [main] INFO kafka.producer.SyncProducer  - Connected to localhost:9092 for producing
2453260 [main] INFO kafka.producer.SyncProducer  - Disconnecting from localhost:9092
2453260 [main] INFO kafka.producer.SyncProducer  - Disconnecting from zion-mainframe:9092
2453261 [main] INFO kafka.producer.SyncProducer  - Connected to zion-mainframe:9092 for producing
3063013 [main] INFO kafka.client.ClientUtils$  - Fetching metadata from broker BrokerEndPoint(0,localhost,9092) with correlation id 253 for 1 topic(s) Set(earth_to_curiosity_5)
3063014 [main] INFO kafka.producer.SyncProducer  - Connected to localhost:9092 for producing
3063014 [main] INFO kafka.producer.SyncProducer  - Disconnecting from localhost:9092
3063015 [main] INFO kafka.producer.SyncProducer  - Disconnecting from zion-mainframe:9092
3063016 [main] INFO kafka.producer.SyncProducer  - Connected to zion-mainframe:9092 for producing
3674276 [main] INFO kafka.client.ClientUtils$  - Fetching metadata from broker BrokerEndPoint(0,localhost,9092) with correlation id 302 for 1 topic(s) Set(earth_to_curiosity_5)
3674276 [main] INFO kafka.producer.SyncProducer  - Connected to localhost:9092 for producing
3674277 [main] INFO kafka.producer.SyncProducer  - Disconnecting from localhost:9092
3674277 [main] INFO kafka.producer.SyncProducer  - Disconnecting from zion-mainframe:9092
3674278 [main] INFO kafka.producer.SyncProducer  - Connected to zion-mainframe:9092 for producing
4291491 [main] INFO kafka.client.ClientUtils$  - Fetching metadata from broker BrokerEndPoint(0,localhost,9092) with correlation id 359 for 1 topic(s) Set(earth_to_curiosity_5)
4291492 [main] INFO kafka.producer.SyncProducer  - Connected to localhost:9092 for producing
4291493 [main] INFO kafka.producer.SyncProducer  - Disconnecting from localhost:9092
4291493 [main] INFO kafka.producer.SyncProducer  - Disconnecting from zion-mainframe:9092
4291494 [main] INFO kafka.producer.SyncProducer  - Connected to zion-mainframe:9092 for producing
4902715 [main] INFO kafka.client.ClientUtils$  - Fetching metadata from broker BrokerEndPoint(0,localhost,9092) with correlation id 408 for 1 topic(s) Set(earth_to_curiosity_5)
4902716 [main] INFO kafka.producer.SyncProducer  - Connected to localhost:9092 for producing
4902717 [main] INFO kafka.producer.SyncProducer  - Disconnecting from localhost:9092
4902718 [main] INFO kafka.producer.SyncProducer  - Disconnecting from zion-mainframe:9092
4902720 [main] INFO kafka.producer.SyncProducer  - Connected to zion-mainframe:9092 for producing
5515386 [main] INFO kafka.client.ClientUtils$  - Fetching metadata from broker BrokerEndPoint(0,localhost,9092) with correlation id 459 for 1 topic(s) Set(earth_to_curiosity_5)
5515386 [main] INFO kafka.producer.SyncProducer  - Connected to localhost:9092 for producing
5515387 [main] INFO kafka.producer.SyncProducer  - Disconnecting from localhost:9092
5515388 [main] INFO kafka.producer.SyncProducer  - Disconnecting from zion-mainframe:9092
5515389 [main] INFO kafka.producer.SyncProducer  - Connected to zion-mainframe:9092 for producing
6126633 [main] INFO kafka.client.ClientUtils$  - Fetching metadata from broker BrokerEndPoint(0,localhost,9092) with correlation id 508 for 1 topic(s) Set(earth_to_curiosity_5)
6126634 [main] INFO kafka.producer.SyncProducer  - Connected to localhost:9092 for producing
6126635 [main] INFO kafka.producer.SyncProducer  - Disconnecting from localhost:9092
6126635 [main] INFO kafka.producer.SyncProducer  - Disconnecting from zion-mainframe:9092
6126636 [main] INFO kafka.producer.SyncProducer  - Connected to zion-mainframe:9092 for producing
6736349 [main] INFO kafka.client.ClientUtils$  - Fetching metadata from broker BrokerEndPoint(0,localhost,9092) with correlation id 555 for 1 topic(s) Set(earth_to_curiosity_5)
6736350 [main] INFO kafka.producer.SyncProducer  - Connected to localhost:9092 for producing
6736351 [main] INFO kafka.producer.SyncProducer  - Disconnecting from localhost:9092
6736352 [main] INFO kafka.producer.SyncProducer  - Disconnecting from zion-mainframe:9092
6736353 [main] INFO kafka.producer.SyncProducer  - Connected to zion-mainframe:9092 for producing
7352085 [main] INFO kafka.client.ClientUtils$  - Fetching metadata from broker BrokerEndPoint(0,localhost,9092) with correlation id 610 for 1 topic(s) Set(earth_to_curiosity_5)
7352086 [main] INFO kafka.producer.SyncProducer  - Connected to localhost:9092 for producing
7352087 [main] INFO kafka.producer.SyncProducer  - Disconnecting from localhost:9092
7352087 [main] INFO kafka.producer.SyncProducer  - Disconnecting from zion-mainframe:9092
7352087 [main] INFO kafka.producer.SyncProducer  - Connected to zion-mainframe:9092 for producing
7967819 [main] INFO kafka.client.ClientUtils$  - Fetching metadata from broker BrokerEndPoint(0,localhost,9092) with correlation id 665 for 1 topic(s) Set(earth_to_curiosity_5)
7967820 [main] INFO kafka.producer.SyncProducer  - Connected to localhost:9092 for producing
7967820 [main] INFO kafka.producer.SyncProducer  - Disconnecting from localhost:9092
7967820 [main] INFO kafka.producer.SyncProducer  - Disconnecting from zion-mainframe:9092
7967821 [main] INFO kafka.producer.SyncProducer  - Connected to zion-mainframe:9092 for producing
8579022 [main] INFO kafka.client.ClientUtils$  - Fetching metadata from broker BrokerEndPoint(0,localhost,9092) with correlation id 714 for 1 topic(s) Set(earth_to_curiosity_5)
8579023 [main] INFO kafka.producer.SyncProducer  - Connected to localhost:9092 for producing
8579023 [main] INFO kafka.producer.SyncProducer  - Disconnecting from localhost:9092
8579024 [main] INFO kafka.producer.SyncProducer  - Disconnecting from zion-mainframe:9092
8579024 [main] INFO kafka.producer.SyncProducer  - Connected to zion-mainframe:9092 for producing
9191694 [main] INFO kafka.client.ClientUtils$  - Fetching metadata from broker BrokerEndPoint(0,localhost,9092) with correlation id 765 for 1 topic(s) Set(earth_to_curiosity_5)
9191694 [main] INFO kafka.producer.SyncProducer  - Connected to localhost:9092 for producing
9191695 [main] INFO kafka.producer.SyncProducer  - Disconnecting from localhost:9092
9191695 [main] INFO kafka.producer.SyncProducer  - Disconnecting from zion-mainframe:9092
9191696 [main] INFO kafka.producer.SyncProducer  - Connected to zion-mainframe:9092 for producing
9802880 [main] INFO kafka.client.ClientUtils$  - Fetching metadata from broker BrokerEndPoint(0,localhost,9092) with correlation id 814 for 1 topic(s) Set(earth_to_curiosity_5)
9802881 [main] INFO kafka.producer.SyncProducer  - Connected to localhost:9092 for producing
9802881 [main] INFO kafka.producer.SyncProducer  - Disconnecting from localhost:9092
9802881 [main] INFO kafka.producer.SyncProducer  - Disconnecting from zion-mainframe:9092
9802882 [main] INFO kafka.producer.SyncProducer  - Connected to zion-mainframe:9092 for producing
10412552 [main] INFO kafka.client.ClientUtils$  - Fetching metadata from broker BrokerEndPoint(0,localhost,9092) with correlation id 861 for 1 topic(s) Set(earth_to_curiosity_5)
10412553 [main] INFO kafka.producer.SyncProducer  - Connected to localhost:9092 for producing
10412553 [main] INFO kafka.producer.SyncProducer  - Disconnecting from localhost:9092
10412554 [main] INFO kafka.producer.SyncProducer  - Disconnecting from zion-mainframe:9092
10412554 [main] INFO kafka.producer.SyncProducer  - Connected to zion-mainframe:9092 for producing
11031292 [main] INFO kafka.client.ClientUtils$  - Fetching metadata from broker BrokerEndPoint(0,localhost,9092) with correlation id 920 for 1 topic(s) Set(earth_to_curiosity_5)
11031292 [main] INFO kafka.producer.SyncProducer  - Connected to localhost:9092 for producing
11031293 [main] INFO kafka.producer.SyncProducer  - Disconnecting from localhost:9092
11031293 [main] INFO kafka.producer.SyncProducer  - Disconnecting from zion-mainframe:9092
11031293 [main] INFO kafka.producer.SyncProducer  - Connected to zion-mainframe:9092 for producing
11642443 [main] INFO kafka.client.ClientUtils$  - Fetching metadata from broker BrokerEndPoint(0,localhost,9092) with correlation id 969 for 1 topic(s) Set(earth_to_curiosity_5)
11642444 [main] INFO kafka.producer.SyncProducer  - Connected to localhost:9092 for producing
11642444 [main] INFO kafka.producer.SyncProducer  - Disconnecting from localhost:9092
11642444 [main] INFO kafka.producer.SyncProducer  - Disconnecting from zion-mainframe:9092
11642445 [main] INFO kafka.producer.SyncProducer  - Connected to zion-mainframe:9092 for producing
12256682 [main] INFO kafka.client.ClientUtils$  - Fetching metadata from broker BrokerEndPoint(0,localhost,9092) with correlation id 1022 for 1 topic(s) Set(earth_to_curiosity_5)
12256682 [main] INFO kafka.producer.SyncProducer  - Connected to localhost:9092 for producing
12256683 [main] INFO kafka.producer.SyncProducer  - Disconnecting from localhost:9092
12256683 [main] INFO kafka.producer.SyncProducer  - Disconnecting from zion-mainframe:9092
12256683 [main] INFO kafka.producer.SyncProducer  - Connected to zion-mainframe:9092 for producing
12870873 [main] INFO kafka.client.ClientUtils$  - Fetching metadata from broker BrokerEndPoint(0,localhost,9092) with correlation id 1075 for 1 topic(s) Set(earth_to_curiosity_5)
12870874 [main] INFO kafka.producer.SyncProducer  - Connected to localhost:9092 for producing
12870875 [main] INFO kafka.producer.SyncProducer  - Disconnecting from localhost:9092
12870875 [main] INFO kafka.producer.SyncProducer  - Disconnecting from zion-mainframe:9092
12870877 [main] INFO kafka.producer.SyncProducer  - Connected to zion-mainframe:9092 for producing
13483548 [main] INFO kafka.client.ClientUtils$  - Fetching metadata from broker BrokerEndPoint(0,localhost,9092) with correlation id 1126 for 1 topic(s) Set(earth_to_curiosity_5)
13483549 [main] INFO kafka.producer.SyncProducer  - Connected to localhost:9092 for producing
13483550 [main] INFO kafka.producer.SyncProducer  - Disconnecting from localhost:9092
13483550 [main] INFO kafka.producer.SyncProducer  - Disconnecting from zion-mainframe:9092
13483551 [main] INFO kafka.producer.SyncProducer  - Connected to zion-mainframe:9092 for producing
14096174 [main] INFO kafka.client.ClientUtils$  - Fetching metadata from broker BrokerEndPoint(0,localhost,9092) with correlation id 1177 for 1 topic(s) Set(earth_to_curiosity_5)
14096175 [main] INFO kafka.producer.SyncProducer  - Connected to localhost:9092 for producing
14096176 [main] INFO kafka.producer.SyncProducer  - Disconnecting from localhost:9092
14096176 [main] INFO kafka.producer.SyncProducer  - Disconnecting from zion-mainframe:9092
14096177 [main] INFO kafka.producer.SyncProducer  - Connected to zion-mainframe:9092 for producing
14708838 [main] INFO kafka.client.ClientUtils$  - Fetching metadata from broker BrokerEndPoint(0,localhost,9092) with correlation id 1228 for 1 topic(s) Set(earth_to_curiosity_5)
14708839 [main] INFO kafka.producer.SyncProducer  - Connected to localhost:9092 for producing
14708840 [main] INFO kafka.producer.SyncProducer  - Disconnecting from localhost:9092
14708840 [main] INFO kafka.producer.SyncProducer  - Disconnecting from zion-mainframe:9092
14708841 [main] INFO kafka.producer.SyncProducer  - Connected to zion-mainframe:9092 for producing
15323058 [main] INFO kafka.client.ClientUtils$  - Fetching metadata from broker BrokerEndPoint(0,localhost,9092) with correlation id 1281 for 1 topic(s) Set(earth_to_curiosity_5)
15323058 [main] INFO kafka.producer.SyncProducer  - Connected to localhost:9092 for producing
15323059 [main] INFO kafka.producer.SyncProducer  - Disconnecting from localhost:9092
15323059 [main] INFO kafka.producer.SyncProducer  - Disconnecting from zion-mainframe:9092
15323060 [main] INFO kafka.producer.SyncProducer  - Connected to zion-mainframe:9092 for producing
15937295 [main] INFO kafka.client.ClientUtils$  - Fetching metadata from broker BrokerEndPoint(0,localhost,9092) with correlation id 1334 for 1 topic(s) Set(earth_to_curiosity_5)
15937295 [main] INFO kafka.producer.SyncProducer  - Connected to localhost:9092 for producing
15937296 [main] INFO kafka.producer.SyncProducer  - Disconnecting from localhost:9092
15937296 [main] INFO kafka.producer.SyncProducer  - Disconnecting from zion-mainframe:9092
15937297 [main] INFO kafka.producer.SyncProducer  - Connected to zion-mainframe:9092 for producing
16548473 [main] INFO kafka.client.ClientUtils$  - Fetching metadata from broker BrokerEndPoint(0,localhost,9092) with correlation id 1383 for 1 topic(s) Set(earth_to_curiosity_5)
16548473 [main] INFO kafka.producer.SyncProducer  - Connected to localhost:9092 for producing
16548475 [main] INFO kafka.producer.SyncProducer  - Disconnecting from localhost:9092
16548475 [main] INFO kafka.producer.SyncProducer  - Disconnecting from zion-mainframe:9092
16548475 [main] INFO kafka.producer.SyncProducer  - Connected to zion-mainframe:9092 for producing
17164173 [main] INFO kafka.client.ClientUtils$  - Fetching metadata from broker BrokerEndPoint(0,localhost,9092) with correlation id 1438 for 1 topic(s) Set(earth_to_curiosity_5)
17164174 [main] INFO kafka.producer.SyncProducer  - Connected to localhost:9092 for producing
17164175 [main] INFO kafka.producer.SyncProducer  - Disconnecting from localhost:9092
17164175 [main] INFO kafka.producer.SyncProducer  - Disconnecting from zion-mainframe:9092
17164176 [main] INFO kafka.producer.SyncProducer  - Connected to zion-mainframe:9092 for producing
17776839 [main] INFO kafka.client.ClientUtils$  - Fetching metadata from broker BrokerEndPoint(0,localhost,9092) with correlation id 1489 for 1 topic(s) Set(earth_to_curiosity_5)
17776839 [main] INFO kafka.producer.SyncProducer  - Connected to localhost:9092 for producing
17776840 [main] INFO kafka.producer.SyncProducer  - Disconnecting from localhost:9092
17776840 [main] INFO kafka.producer.SyncProducer  - Disconnecting from zion-mainframe:9092
17776840 [main] INFO kafka.producer.SyncProducer  - Connected to zion-mainframe:9092 for producing
