0 [main] INFO kafka.utils.VerifiableProperties  - Verifying properties
20 [main] INFO kafka.utils.VerifiableProperties  - Property auto.offset.reset is overridden to largest
20 [main] WARN kafka.utils.VerifiableProperties  - Property bootstrap.servers is not valid
20 [main] WARN kafka.utils.VerifiableProperties  - Property destination.topic is not valid
20 [main] INFO kafka.utils.VerifiableProperties  - Property group.id is overridden to space.exploration.mars.rover.curiosity.1543024667636
20 [main] WARN kafka.utils.VerifiableProperties  - Property key.serializer is not valid
21 [main] WARN kafka.utils.VerifiableProperties  - Property metadata.broker.list is not valid
21 [main] WARN kafka.utils.VerifiableProperties  - Property source.topic is not valid
21 [main] WARN kafka.utils.VerifiableProperties  - Property value.serializer is not valid
21 [main] INFO kafka.utils.VerifiableProperties  - Property zookeeper.connect is overridden to antares-mainframe:2181
54 [main] INFO kafka.consumer.ZookeeperConsumerConnector  - [space.exploration.mars.rover.curiosity.1543024667636_antares-mainframe-1543024667898-f8695494], Connecting to zookeeper instance at antares-mainframe:2181
58 [ZkClient-EventThread-28-antares-mainframe:2181] INFO org.I0Itec.zkclient.ZkEventThread  - Starting ZkClient event thread.
62 [main] INFO org.apache.zookeeper.ZooKeeper  - Client environment:zookeeper.version=3.4.6-1569965, built on 02/20/2014 09:09 GMT
62 [main] INFO org.apache.zookeeper.ZooKeeper  - Client environment:host.name=antares-mainframe
62 [main] INFO org.apache.zookeeper.ZooKeeper  - Client environment:java.version=10.0.2
62 [main] INFO org.apache.zookeeper.ZooKeeper  - Client environment:java.vendor=Oracle Corporation
62 [main] INFO org.apache.zookeeper.ZooKeeper  - Client environment:java.home=/usr/lib/jvm/java-11-openjdk-amd64
62 [main] INFO org.apache.zookeeper.ZooKeeper  - Client environment:java.class.path=target/mission.control-2.0-shaded.jar
62 [main] INFO org.apache.zookeeper.ZooKeeper  - Client environment:java.library.path=/usr/java/packages/lib:/usr/lib/x86_64-linux-gnu/jni:/lib/x86_64-linux-gnu:/usr/lib/x86_64-linux-gnu:/usr/lib/jni:/lib:/usr/lib
62 [main] INFO org.apache.zookeeper.ZooKeeper  - Client environment:java.io.tmpdir=/tmp
62 [main] INFO org.apache.zookeeper.ZooKeeper  - Client environment:java.compiler=<NA>
62 [main] INFO org.apache.zookeeper.ZooKeeper  - Client environment:os.name=Linux
62 [main] INFO org.apache.zookeeper.ZooKeeper  - Client environment:os.arch=amd64
62 [main] INFO org.apache.zookeeper.ZooKeeper  - Client environment:os.version=4.15.0-39-generic
62 [main] INFO org.apache.zookeeper.ZooKeeper  - Client environment:user.name=sanket
62 [main] INFO org.apache.zookeeper.ZooKeeper  - Client environment:user.home=/home/sanket
62 [main] INFO org.apache.zookeeper.ZooKeeper  - Client environment:user.dir=/home/sanket/Documents/workspace/Mission.Control
62 [main] INFO org.apache.zookeeper.ZooKeeper  - Initiating client connection, connectString=antares-mainframe:2181 sessionTimeout=6000 watcher=org.I0Itec.zkclient.ZkClient@30b6ffe0
70 [main] INFO org.I0Itec.zkclient.ZkClient  - Waiting for keeper state SyncConnected
75 [main-SendThread(antares-mainframe:2181)] INFO org.apache.zookeeper.ClientCnxn  - Opening socket connection to server antares-mainframe/127.0.1.1:2181. Will not attempt to authenticate using SASL (unknown error)
80 [main-SendThread(antares-mainframe:2181)] INFO org.apache.zookeeper.ClientCnxn  - Socket connection established to antares-mainframe/127.0.1.1:2181, initiating session
99 [main-SendThread(antares-mainframe:2181)] INFO org.apache.zookeeper.ClientCnxn  - Session establishment complete on server antares-mainframe/127.0.1.1:2181, sessionid = 0x1673ead6ac6000a, negotiated timeout = 6000
101 [main-EventThread] INFO org.I0Itec.zkclient.ZkClient  - zookeeper state changed (SyncConnected)
110 [main] INFO kafka.consumer.ZookeeperConsumerConnector  - [space.exploration.mars.rover.curiosity.1543024667636_antares-mainframe-1543024667898-f8695494], starting auto committer every 60000 ms
139 [Thread-0] INFO kafka.consumer.ZookeeperConsumerConnector  - [space.exploration.mars.rover.curiosity.1543024667636_antares-mainframe-1543024667898-f8695494], begin registering consumer space.exploration.mars.rover.curiosity.1543024667636_antares-mainframe-1543024667898-f8695494 in ZK
154 [Thread-0] INFO kafka.utils.ZKCheckedEphemeral  - Creating /consumers/space.exploration.mars.rover.curiosity.1543024667636/ids/space.exploration.mars.rover.curiosity.1543024667636_antares-mainframe-1543024667898-f8695494 (is it secure? false)
164 [Thread-0] INFO kafka.utils.ZKCheckedEphemeral  - Result of znode creation is: OK
164 [Thread-0] INFO kafka.consumer.ZookeeperConsumerConnector  - [space.exploration.mars.rover.curiosity.1543024667636_antares-mainframe-1543024667898-f8695494], end registering consumer space.exploration.mars.rover.curiosity.1543024667636_antares-mainframe-1543024667898-f8695494 in ZK
167 [space.exploration.mars.rover.curiosity.1543024667636_antares-mainframe-1543024667898-f8695494_watcher_executor] INFO kafka.consumer.ZookeeperConsumerConnector  - [space.exploration.mars.rover.curiosity.1543024667636_antares-mainframe-1543024667898-f8695494], starting watcher executor thread for consumer space.exploration.mars.rover.curiosity.1543024667636_antares-mainframe-1543024667898-f8695494
184 [Thread-0] INFO kafka.consumer.ZookeeperConsumerConnector  - [space.exploration.mars.rover.curiosity.1543024667636_antares-mainframe-1543024667898-f8695494], begin rebalancing consumer space.exploration.mars.rover.curiosity.1543024667636_antares-mainframe-1543024667898-f8695494 try #0
252 [Thread-0] INFO kafka.consumer.ConsumerFetcherManager  - [ConsumerFetcherManager-1543024667952] Stopping leader finder thread
252 [Thread-0] INFO kafka.consumer.ConsumerFetcherManager  - [ConsumerFetcherManager-1543024667952] Stopping all fetchers
253 [Thread-0] INFO kafka.consumer.ConsumerFetcherManager  - [ConsumerFetcherManager-1543024667952] All connections stopped
253 [Thread-0] INFO kafka.consumer.ZookeeperConsumerConnector  - [space.exploration.mars.rover.curiosity.1543024667636_antares-mainframe-1543024667898-f8695494], Cleared all relevant queues for this fetcher
254 [Thread-0] INFO kafka.consumer.ZookeeperConsumerConnector  - [space.exploration.mars.rover.curiosity.1543024667636_antares-mainframe-1543024667898-f8695494], Cleared the data chunks in all the consumer message iterators
254 [Thread-0] INFO kafka.consumer.ZookeeperConsumerConnector  - [space.exploration.mars.rover.curiosity.1543024667636_antares-mainframe-1543024667898-f8695494], Committing all offsets after clearing the fetcher queues
255 [Thread-0] INFO kafka.consumer.ZookeeperConsumerConnector  - [space.exploration.mars.rover.curiosity.1543024667636_antares-mainframe-1543024667898-f8695494], Releasing partition ownership
271 [Thread-0] INFO kafka.consumer.RangeAssignor  - Consumer space.exploration.mars.rover.curiosity.1543024667636_antares-mainframe-1543024667898-f8695494 rebalancing the following partitions: ArrayBuffer(0) for topic curiosity_to_earth_6 with consumers: List(space.exploration.mars.rover.curiosity.1543024667636_antares-mainframe-1543024667898-f8695494-0)
272 [Thread-0] INFO kafka.consumer.RangeAssignor  - space.exploration.mars.rover.curiosity.1543024667636_antares-mainframe-1543024667898-f8695494-0 attempting to claim partition 0
298 [Thread-0] INFO kafka.consumer.ZookeeperConsumerConnector  - [space.exploration.mars.rover.curiosity.1543024667636_antares-mainframe-1543024667898-f8695494], space.exploration.mars.rover.curiosity.1543024667636_antares-mainframe-1543024667898-f8695494-0 successfully owned partition 0 for topic curiosity_to_earth_6
312 [Thread-0] INFO kafka.consumer.ZookeeperConsumerConnector  - [space.exploration.mars.rover.curiosity.1543024667636_antares-mainframe-1543024667898-f8695494], Consumer space.exploration.mars.rover.curiosity.1543024667636_antares-mainframe-1543024667898-f8695494 selected partitions : curiosity_to_earth_6:0: fetched offset = -1: consumed offset = -1
313 [space.exploration.mars.rover.curiosity.1543024667636_antares-mainframe-1543024667898-f8695494-leader-finder-thread] INFO kafka.consumer.ConsumerFetcherManager$LeaderFinderThread  - [space.exploration.mars.rover.curiosity.1543024667636_antares-mainframe-1543024667898-f8695494-leader-finder-thread], Starting 
313 [Thread-0] INFO kafka.consumer.ZookeeperConsumerConnector  - [space.exploration.mars.rover.curiosity.1543024667636_antares-mainframe-1543024667898-f8695494], end rebalancing consumer space.exploration.mars.rover.curiosity.1543024667636_antares-mainframe-1543024667898-f8695494 try #0
325 [space.exploration.mars.rover.curiosity.1543024667636_antares-mainframe-1543024667898-f8695494-leader-finder-thread] INFO kafka.utils.VerifiableProperties  - Verifying properties
326 [space.exploration.mars.rover.curiosity.1543024667636_antares-mainframe-1543024667898-f8695494-leader-finder-thread] INFO kafka.utils.VerifiableProperties  - Property client.id is overridden to space.exploration.mars.rover.curiosity.1543024667636
326 [space.exploration.mars.rover.curiosity.1543024667636_antares-mainframe-1543024667898-f8695494-leader-finder-thread] INFO kafka.utils.VerifiableProperties  - Property metadata.broker.list is overridden to antares-mainframe:9092
326 [space.exploration.mars.rover.curiosity.1543024667636_antares-mainframe-1543024667898-f8695494-leader-finder-thread] INFO kafka.utils.VerifiableProperties  - Property request.timeout.ms is overridden to 30000
334 [space.exploration.mars.rover.curiosity.1543024667636_antares-mainframe-1543024667898-f8695494-leader-finder-thread] INFO kafka.client.ClientUtils$  - Fetching metadata from broker BrokerEndPoint(0,antares-mainframe,9092) with correlation id 0 for 1 topic(s) Set(curiosity_to_earth_6)
336 [space.exploration.mars.rover.curiosity.1543024667636_antares-mainframe-1543024667898-f8695494-leader-finder-thread] INFO kafka.producer.SyncProducer  - Connected to antares-mainframe:9092 for producing
343 [space.exploration.mars.rover.curiosity.1543024667636_antares-mainframe-1543024667898-f8695494-leader-finder-thread] INFO kafka.producer.SyncProducer  - Disconnecting from antares-mainframe:9092
367 [ConsumerFetcherThread-space.exploration.mars.rover.curiosity.1543024667636_antares-mainframe-1543024667898-f8695494-0-0] INFO kafka.consumer.ConsumerFetcherThread  - [ConsumerFetcherThread-space.exploration.mars.rover.curiosity.1543024667636_antares-mainframe-1543024667898-f8695494-0-0], Starting 
373 [space.exploration.mars.rover.curiosity.1543024667636_antares-mainframe-1543024667898-f8695494-leader-finder-thread] INFO kafka.consumer.ConsumerFetcherManager  - [ConsumerFetcherManager-1543024667952] Added fetcher for partitions ArrayBuffer([[curiosity_to_earth_6,0], initOffset -1 to broker BrokerEndPoint(0,antares-mainframe,9092)] )
45833124 [main-SendThread(antares-mainframe:2181)] INFO org.apache.zookeeper.ClientCnxn  - Client session timed out, have not heard from server in 38281644ms for sessionid 0x1673ead6ac6000a, closing socket connection and attempting reconnect
45833225 [main-EventThread] INFO org.I0Itec.zkclient.ZkClient  - zookeeper state changed (Disconnected)
45834376 [main-SendThread(antares-mainframe:2181)] INFO org.apache.zookeeper.ClientCnxn  - Opening socket connection to server antares-mainframe/127.0.1.1:2181. Will not attempt to authenticate using SASL (unknown error)
45834377 [main-SendThread(antares-mainframe:2181)] INFO org.apache.zookeeper.ClientCnxn  - Socket connection established to antares-mainframe/127.0.1.1:2181, initiating session
45834379 [main-EventThread] INFO org.I0Itec.zkclient.ZkClient  - zookeeper state changed (Expired)
45834379 [main-SendThread(antares-mainframe:2181)] INFO org.apache.zookeeper.ClientCnxn  - Unable to reconnect to ZooKeeper service, session 0x1673ead6ac6000a has expired, closing socket connection
45834379 [main-EventThread] INFO org.apache.zookeeper.ZooKeeper  - Initiating client connection, connectString=antares-mainframe:2181 sessionTimeout=6000 watcher=org.I0Itec.zkclient.ZkClient@30b6ffe0
45834380 [main-SendThread(antares-mainframe:2181)] INFO org.apache.zookeeper.ClientCnxn  - Opening socket connection to server antares-mainframe/127.0.1.1:2181. Will not attempt to authenticate using SASL (unknown error)
45834381 [main-EventThread] INFO org.apache.zookeeper.ClientCnxn  - EventThread shut down
45834381 [main-SendThread(antares-mainframe:2181)] INFO org.apache.zookeeper.ClientCnxn  - Socket connection established to antares-mainframe/127.0.1.1:2181, initiating session
45834381 [ZkClient-EventThread-28-antares-mainframe:2181] INFO kafka.consumer.ZookeeperConsumerConnector  - [space.exploration.mars.rover.curiosity.1543024667636_antares-mainframe-1543024667898-f8695494], ZK expired; release old broker parition ownership; re-register consumer space.exploration.mars.rover.curiosity.1543024667636_antares-mainframe-1543024667898-f8695494
45834381 [ZkClient-EventThread-28-antares-mainframe:2181] INFO kafka.consumer.ZookeeperConsumerConnector  - [space.exploration.mars.rover.curiosity.1543024667636_antares-mainframe-1543024667898-f8695494], begin registering consumer space.exploration.mars.rover.curiosity.1543024667636_antares-mainframe-1543024667898-f8695494 in ZK
45834382 [ZkClient-EventThread-28-antares-mainframe:2181] INFO kafka.utils.ZKCheckedEphemeral  - Creating /consumers/space.exploration.mars.rover.curiosity.1543024667636/ids/space.exploration.mars.rover.curiosity.1543024667636_antares-mainframe-1543024667898-f8695494 (is it secure? false)
45834385 [main-SendThread(antares-mainframe:2181)] INFO org.apache.zookeeper.ClientCnxn  - Session establishment complete on server antares-mainframe/127.0.1.1:2181, sessionid = 0x1673ead6ac6000b, negotiated timeout = 6000
45834385 [main-EventThread] INFO org.I0Itec.zkclient.ZkClient  - zookeeper state changed (SyncConnected)
45834389 [ZkClient-EventThread-28-antares-mainframe:2181] INFO kafka.utils.ZKCheckedEphemeral  - Result of znode creation is: OK
45834389 [ZkClient-EventThread-28-antares-mainframe:2181] INFO kafka.consumer.ZookeeperConsumerConnector  - [space.exploration.mars.rover.curiosity.1543024667636_antares-mainframe-1543024667898-f8695494], end registering consumer space.exploration.mars.rover.curiosity.1543024667636_antares-mainframe-1543024667898-f8695494 in ZK
45834389 [ZkClient-EventThread-28-antares-mainframe:2181] INFO kafka.consumer.ZookeeperConsumerConnector  - [space.exploration.mars.rover.curiosity.1543024667636_antares-mainframe-1543024667898-f8695494], begin rebalancing consumer space.exploration.mars.rover.curiosity.1543024667636_antares-mainframe-1543024667898-f8695494 try #0
45834397 [ZkClient-EventThread-28-antares-mainframe:2181] WARN kafka.consumer.ZookeeperConsumerConnector  - [space.exploration.mars.rover.curiosity.1543024667636_antares-mainframe-1543024667898-f8695494], no brokers found when trying to rebalance.
45834398 [ZkClient-EventThread-28-antares-mainframe:2181] INFO kafka.consumer.ZookeeperConsumerConnector  - [space.exploration.mars.rover.curiosity.1543024667636_antares-mainframe-1543024667898-f8695494], end rebalancing consumer space.exploration.mars.rover.curiosity.1543024667636_antares-mainframe-1543024667898-f8695494 try #0
45834399 [space.exploration.mars.rover.curiosity.1543024667636_antares-mainframe-1543024667898-f8695494_watcher_executor] INFO kafka.consumer.ZookeeperConsumerConnector  - [space.exploration.mars.rover.curiosity.1543024667636_antares-mainframe-1543024667898-f8695494], begin rebalancing consumer space.exploration.mars.rover.curiosity.1543024667636_antares-mainframe-1543024667898-f8695494 try #0
45834401 [ZkClient-EventThread-28-antares-mainframe:2181] INFO kafka.consumer.ZookeeperConsumerConnector  - [space.exploration.mars.rover.curiosity.1543024667636_antares-mainframe-1543024667898-f8695494], Topic info for path /brokers/topics/curiosity_to_earth_6 changed to {"version":1,"partitions":{"0":[0]}}, triggering rebalance
45834405 [space.exploration.mars.rover.curiosity.1543024667636_antares-mainframe-1543024667898-f8695494_watcher_executor] WARN kafka.consumer.ZookeeperConsumerConnector  - [space.exploration.mars.rover.curiosity.1543024667636_antares-mainframe-1543024667898-f8695494], no brokers found when trying to rebalance.
45834406 [space.exploration.mars.rover.curiosity.1543024667636_antares-mainframe-1543024667898-f8695494_watcher_executor] INFO kafka.consumer.ZookeeperConsumerConnector  - [space.exploration.mars.rover.curiosity.1543024667636_antares-mainframe-1543024667898-f8695494], end rebalancing consumer space.exploration.mars.rover.curiosity.1543024667636_antares-mainframe-1543024667898-f8695494 try #0
45834406 [space.exploration.mars.rover.curiosity.1543024667636_antares-mainframe-1543024667898-f8695494_watcher_executor] INFO kafka.consumer.ZookeeperConsumerConnector  - [space.exploration.mars.rover.curiosity.1543024667636_antares-mainframe-1543024667898-f8695494], begin rebalancing consumer space.exploration.mars.rover.curiosity.1543024667636_antares-mainframe-1543024667898-f8695494 try #0
45834410 [space.exploration.mars.rover.curiosity.1543024667636_antares-mainframe-1543024667898-f8695494_watcher_executor] WARN kafka.consumer.ZookeeperConsumerConnector  - [space.exploration.mars.rover.curiosity.1543024667636_antares-mainframe-1543024667898-f8695494], no brokers found when trying to rebalance.
45834411 [space.exploration.mars.rover.curiosity.1543024667636_antares-mainframe-1543024667898-f8695494_watcher_executor] INFO kafka.consumer.ZookeeperConsumerConnector  - [space.exploration.mars.rover.curiosity.1543024667636_antares-mainframe-1543024667898-f8695494], end rebalancing consumer space.exploration.mars.rover.curiosity.1543024667636_antares-mainframe-1543024667898-f8695494 try #0
45834606 [space.exploration.mars.rover.curiosity.1543024667636_antares-mainframe-1543024667898-f8695494_watcher_executor] INFO kafka.consumer.ZookeeperConsumerConnector  - [space.exploration.mars.rover.curiosity.1543024667636_antares-mainframe-1543024667898-f8695494], begin rebalancing consumer space.exploration.mars.rover.curiosity.1543024667636_antares-mainframe-1543024667898-f8695494 try #0
45834614 [space.exploration.mars.rover.curiosity.1543024667636_antares-mainframe-1543024667898-f8695494_watcher_executor] INFO kafka.consumer.ConsumerFetcherManager  - [ConsumerFetcherManager-1543024667952] Stopping leader finder thread
45834615 [space.exploration.mars.rover.curiosity.1543024667636_antares-mainframe-1543024667898-f8695494_watcher_executor] INFO kafka.consumer.ConsumerFetcherManager$LeaderFinderThread  - [space.exploration.mars.rover.curiosity.1543024667636_antares-mainframe-1543024667898-f8695494-leader-finder-thread], Shutting down
45834615 [space.exploration.mars.rover.curiosity.1543024667636_antares-mainframe-1543024667898-f8695494-leader-finder-thread] INFO kafka.consumer.ConsumerFetcherManager$LeaderFinderThread  - [space.exploration.mars.rover.curiosity.1543024667636_antares-mainframe-1543024667898-f8695494-leader-finder-thread], Stopped 
45834615 [space.exploration.mars.rover.curiosity.1543024667636_antares-mainframe-1543024667898-f8695494_watcher_executor] INFO kafka.consumer.ConsumerFetcherManager$LeaderFinderThread  - [space.exploration.mars.rover.curiosity.1543024667636_antares-mainframe-1543024667898-f8695494-leader-finder-thread], Shutdown completed
45834615 [space.exploration.mars.rover.curiosity.1543024667636_antares-mainframe-1543024667898-f8695494_watcher_executor] INFO kafka.consumer.ConsumerFetcherManager  - [ConsumerFetcherManager-1543024667952] Stopping all fetchers
45834615 [space.exploration.mars.rover.curiosity.1543024667636_antares-mainframe-1543024667898-f8695494_watcher_executor] INFO kafka.consumer.ConsumerFetcherThread  - [ConsumerFetcherThread-space.exploration.mars.rover.curiosity.1543024667636_antares-mainframe-1543024667898-f8695494-0-0], Shutting down
45834616 [space.exploration.mars.rover.curiosity.1543024667636_antares-mainframe-1543024667898-f8695494_watcher_executor] INFO kafka.consumer.ConsumerFetcherThread  - [ConsumerFetcherThread-space.exploration.mars.rover.curiosity.1543024667636_antares-mainframe-1543024667898-f8695494-0-0], Shutdown completed
45834616 [ConsumerFetcherThread-space.exploration.mars.rover.curiosity.1543024667636_antares-mainframe-1543024667898-f8695494-0-0] INFO kafka.consumer.ConsumerFetcherThread  - [ConsumerFetcherThread-space.exploration.mars.rover.curiosity.1543024667636_antares-mainframe-1543024667898-f8695494-0-0], Stopped 
45834616 [space.exploration.mars.rover.curiosity.1543024667636_antares-mainframe-1543024667898-f8695494_watcher_executor] INFO kafka.consumer.ConsumerFetcherManager  - [ConsumerFetcherManager-1543024667952] All connections stopped
45834616 [space.exploration.mars.rover.curiosity.1543024667636_antares-mainframe-1543024667898-f8695494_watcher_executor] INFO kafka.consumer.ZookeeperConsumerConnector  - [space.exploration.mars.rover.curiosity.1543024667636_antares-mainframe-1543024667898-f8695494], Cleared all relevant queues for this fetcher
45834616 [space.exploration.mars.rover.curiosity.1543024667636_antares-mainframe-1543024667898-f8695494_watcher_executor] INFO kafka.consumer.ZookeeperConsumerConnector  - [space.exploration.mars.rover.curiosity.1543024667636_antares-mainframe-1543024667898-f8695494], Cleared the data chunks in all the consumer message iterators
45834616 [space.exploration.mars.rover.curiosity.1543024667636_antares-mainframe-1543024667898-f8695494_watcher_executor] INFO kafka.consumer.ZookeeperConsumerConnector  - [space.exploration.mars.rover.curiosity.1543024667636_antares-mainframe-1543024667898-f8695494], Committing all offsets after clearing the fetcher queues
45834616 [space.exploration.mars.rover.curiosity.1543024667636_antares-mainframe-1543024667898-f8695494_watcher_executor] INFO kafka.consumer.ZookeeperConsumerConnector  - [space.exploration.mars.rover.curiosity.1543024667636_antares-mainframe-1543024667898-f8695494], Releasing partition ownership
45834624 [space.exploration.mars.rover.curiosity.1543024667636_antares-mainframe-1543024667898-f8695494_watcher_executor] INFO kafka.consumer.RangeAssignor  - Consumer space.exploration.mars.rover.curiosity.1543024667636_antares-mainframe-1543024667898-f8695494 rebalancing the following partitions: ArrayBuffer(0) for topic curiosity_to_earth_6 with consumers: List(space.exploration.mars.rover.curiosity.1543024667636_antares-mainframe-1543024667898-f8695494-0)
45834624 [space.exploration.mars.rover.curiosity.1543024667636_antares-mainframe-1543024667898-f8695494_watcher_executor] INFO kafka.consumer.RangeAssignor  - space.exploration.mars.rover.curiosity.1543024667636_antares-mainframe-1543024667898-f8695494-0 attempting to claim partition 0
45834627 [space.exploration.mars.rover.curiosity.1543024667636_antares-mainframe-1543024667898-f8695494_watcher_executor] INFO kafka.consumer.ZookeeperConsumerConnector  - [space.exploration.mars.rover.curiosity.1543024667636_antares-mainframe-1543024667898-f8695494], space.exploration.mars.rover.curiosity.1543024667636_antares-mainframe-1543024667898-f8695494-0 successfully owned partition 0 for topic curiosity_to_earth_6
45834627 [space.exploration.mars.rover.curiosity.1543024667636_antares-mainframe-1543024667898-f8695494_watcher_executor] INFO kafka.consumer.ZookeeperConsumerConnector  - [space.exploration.mars.rover.curiosity.1543024667636_antares-mainframe-1543024667898-f8695494], Consumer space.exploration.mars.rover.curiosity.1543024667636_antares-mainframe-1543024667898-f8695494 selected partitions : curiosity_to_earth_6:0: fetched offset = 38: consumed offset = 38
45834628 [space.exploration.mars.rover.curiosity.1543024667636_antares-mainframe-1543024667898-f8695494_watcher_executor] INFO kafka.consumer.ZookeeperConsumerConnector  - [space.exploration.mars.rover.curiosity.1543024667636_antares-mainframe-1543024667898-f8695494], end rebalancing consumer space.exploration.mars.rover.curiosity.1543024667636_antares-mainframe-1543024667898-f8695494 try #0
45834628 [space.exploration.mars.rover.curiosity.1543024667636_antares-mainframe-1543024667898-f8695494-leader-finder-thread] INFO kafka.consumer.ConsumerFetcherManager$LeaderFinderThread  - [space.exploration.mars.rover.curiosity.1543024667636_antares-mainframe-1543024667898-f8695494-leader-finder-thread], Starting 
45834632 [space.exploration.mars.rover.curiosity.1543024667636_antares-mainframe-1543024667898-f8695494-leader-finder-thread] INFO kafka.utils.VerifiableProperties  - Verifying properties
45834632 [space.exploration.mars.rover.curiosity.1543024667636_antares-mainframe-1543024667898-f8695494-leader-finder-thread] INFO kafka.utils.VerifiableProperties  - Property client.id is overridden to space.exploration.mars.rover.curiosity.1543024667636
45834632 [space.exploration.mars.rover.curiosity.1543024667636_antares-mainframe-1543024667898-f8695494-leader-finder-thread] INFO kafka.utils.VerifiableProperties  - Property metadata.broker.list is overridden to antares-mainframe:9092
45834632 [space.exploration.mars.rover.curiosity.1543024667636_antares-mainframe-1543024667898-f8695494-leader-finder-thread] INFO kafka.utils.VerifiableProperties  - Property request.timeout.ms is overridden to 30000
45834633 [space.exploration.mars.rover.curiosity.1543024667636_antares-mainframe-1543024667898-f8695494-leader-finder-thread] INFO kafka.client.ClientUtils$  - Fetching metadata from broker BrokerEndPoint(0,antares-mainframe,9092) with correlation id 1 for 1 topic(s) Set(curiosity_to_earth_6)
45834633 [space.exploration.mars.rover.curiosity.1543024667636_antares-mainframe-1543024667898-f8695494-leader-finder-thread] INFO kafka.producer.SyncProducer  - Connected to antares-mainframe:9092 for producing
45834635 [space.exploration.mars.rover.curiosity.1543024667636_antares-mainframe-1543024667898-f8695494-leader-finder-thread] INFO kafka.producer.SyncProducer  - Disconnecting from antares-mainframe:9092
45834637 [ConsumerFetcherThread-space.exploration.mars.rover.curiosity.1543024667636_antares-mainframe-1543024667898-f8695494-0-0] INFO kafka.consumer.ConsumerFetcherThread  - [ConsumerFetcherThread-space.exploration.mars.rover.curiosity.1543024667636_antares-mainframe-1543024667898-f8695494-0-0], Starting 
45834637 [space.exploration.mars.rover.curiosity.1543024667636_antares-mainframe-1543024667898-f8695494-leader-finder-thread] INFO kafka.consumer.ConsumerFetcherManager  - [ConsumerFetcherManager-1543024667952] Added fetcher for partitions ArrayBuffer([[curiosity_to_earth_6,0], initOffset 38 to broker BrokerEndPoint(0,antares-mainframe,9092)] )
