0 [main] INFO kafka.utils.VerifiableProperties  - Verifying properties
53 [main] WARN kafka.utils.VerifiableProperties  - Property auto.offset.reset is not valid
53 [main] WARN kafka.utils.VerifiableProperties  - Property bootstrap.servers is not valid
53 [main] WARN kafka.utils.VerifiableProperties  - Property destination.topic is not valid
53 [main] WARN kafka.utils.VerifiableProperties  - Property group.id is not valid
53 [main] WARN kafka.utils.VerifiableProperties  - Property key.serializer is not valid
54 [main] INFO kafka.utils.VerifiableProperties  - Property metadata.broker.list is overridden to localhost:9092
54 [main] WARN kafka.utils.VerifiableProperties  - Property source.topic is not valid
54 [main] WARN kafka.utils.VerifiableProperties  - Property value.serializer is not valid
54 [main] WARN kafka.utils.VerifiableProperties  - Property zookeeper.connect is not valid
367 [main] INFO kafka.client.ClientUtils$  - Fetching metadata from broker BrokerEndPoint(0,localhost,9092) with correlation id 0 for 1 topic(s) Set(earth_to_curiosity_5)
531 [main] INFO kafka.producer.SyncProducer  - Connected to localhost:9092 for producing
593 [main] INFO kafka.producer.SyncProducer  - Disconnecting from localhost:9092
720 [main] INFO kafka.producer.SyncProducer  - Connected to zion-mainframe:9092 for producing
610471 [main] INFO kafka.client.ClientUtils$  - Fetching metadata from broker BrokerEndPoint(0,localhost,9092) with correlation id 107 for 1 topic(s) Set(earth_to_curiosity_5)
610474 [main] INFO kafka.producer.SyncProducer  - Connected to localhost:9092 for producing
610477 [main] INFO kafka.producer.SyncProducer  - Disconnecting from localhost:9092
610478 [main] INFO kafka.producer.SyncProducer  - Disconnecting from zion-mainframe:9092
610483 [main] INFO kafka.producer.SyncProducer  - Connected to zion-mainframe:9092 for producing
1220129 [main] INFO kafka.client.ClientUtils$  - Fetching metadata from broker BrokerEndPoint(0,localhost,9092) with correlation id 214 for 1 topic(s) Set(earth_to_curiosity_5)
1220131 [main] INFO kafka.producer.SyncProducer  - Connected to localhost:9092 for producing
1220133 [main] INFO kafka.producer.SyncProducer  - Disconnecting from localhost:9092
1220135 [main] INFO kafka.producer.SyncProducer  - Disconnecting from zion-mainframe:9092
1220139 [main] INFO kafka.producer.SyncProducer  - Connected to zion-mainframe:9092 for producing
1829780 [main] INFO kafka.client.ClientUtils$  - Fetching metadata from broker BrokerEndPoint(0,localhost,9092) with correlation id 321 for 1 topic(s) Set(earth_to_curiosity_5)
1829782 [main] INFO kafka.producer.SyncProducer  - Connected to localhost:9092 for producing
1829783 [main] INFO kafka.producer.SyncProducer  - Disconnecting from localhost:9092
1829784 [main] INFO kafka.producer.SyncProducer  - Disconnecting from zion-mainframe:9092
1829786 [main] INFO kafka.producer.SyncProducer  - Connected to zion-mainframe:9092 for producing
2439390 [main] INFO kafka.client.ClientUtils$  - Fetching metadata from broker BrokerEndPoint(0,localhost,9092) with correlation id 428 for 1 topic(s) Set(earth_to_curiosity_5)
2439392 [main] INFO kafka.producer.SyncProducer  - Connected to localhost:9092 for producing
2439394 [main] INFO kafka.producer.SyncProducer  - Disconnecting from localhost:9092
2439394 [main] INFO kafka.producer.SyncProducer  - Disconnecting from zion-mainframe:9092
2439397 [main] INFO kafka.producer.SyncProducer  - Connected to zion-mainframe:9092 for producing
3049004 [main] INFO kafka.client.ClientUtils$  - Fetching metadata from broker BrokerEndPoint(0,localhost,9092) with correlation id 535 for 1 topic(s) Set(earth_to_curiosity_5)
3049005 [main] INFO kafka.producer.SyncProducer  - Connected to localhost:9092 for producing
3049007 [main] INFO kafka.producer.SyncProducer  - Disconnecting from localhost:9092
3049007 [main] INFO kafka.producer.SyncProducer  - Disconnecting from zion-mainframe:9092
3049009 [main] INFO kafka.producer.SyncProducer  - Connected to zion-mainframe:9092 for producing
3658618 [main] INFO kafka.client.ClientUtils$  - Fetching metadata from broker BrokerEndPoint(0,localhost,9092) with correlation id 642 for 1 topic(s) Set(earth_to_curiosity_5)
3658619 [main] INFO kafka.producer.SyncProducer  - Connected to localhost:9092 for producing
3658620 [main] INFO kafka.producer.SyncProducer  - Disconnecting from localhost:9092
3658621 [main] INFO kafka.producer.SyncProducer  - Disconnecting from zion-mainframe:9092
3658624 [main] INFO kafka.producer.SyncProducer  - Connected to zion-mainframe:9092 for producing
4268219 [main] INFO kafka.client.ClientUtils$  - Fetching metadata from broker BrokerEndPoint(0,localhost,9092) with correlation id 749 for 1 topic(s) Set(earth_to_curiosity_5)
4268221 [main] INFO kafka.producer.SyncProducer  - Connected to localhost:9092 for producing
4268222 [main] INFO kafka.producer.SyncProducer  - Disconnecting from localhost:9092
4268222 [main] INFO kafka.producer.SyncProducer  - Disconnecting from zion-mainframe:9092
4268224 [main] INFO kafka.producer.SyncProducer  - Connected to zion-mainframe:9092 for producing
4877826 [main] INFO kafka.client.ClientUtils$  - Fetching metadata from broker BrokerEndPoint(0,localhost,9092) with correlation id 856 for 1 topic(s) Set(earth_to_curiosity_5)
4877827 [main] INFO kafka.producer.SyncProducer  - Connected to localhost:9092 for producing
4877827 [main] INFO kafka.producer.SyncProducer  - Disconnecting from localhost:9092
4877827 [main] INFO kafka.producer.SyncProducer  - Disconnecting from zion-mainframe:9092
4877828 [main] INFO kafka.producer.SyncProducer  - Connected to zion-mainframe:9092 for producing
5487405 [main] INFO kafka.client.ClientUtils$  - Fetching metadata from broker BrokerEndPoint(0,localhost,9092) with correlation id 963 for 1 topic(s) Set(earth_to_curiosity_5)
5487407 [main] INFO kafka.producer.SyncProducer  - Connected to localhost:9092 for producing
5487408 [main] INFO kafka.producer.SyncProducer  - Disconnecting from localhost:9092
5487408 [main] INFO kafka.producer.SyncProducer  - Disconnecting from zion-mainframe:9092
5487410 [main] INFO kafka.producer.SyncProducer  - Connected to zion-mainframe:9092 for producing
6096985 [main] INFO kafka.client.ClientUtils$  - Fetching metadata from broker BrokerEndPoint(0,localhost,9092) with correlation id 1070 for 1 topic(s) Set(earth_to_curiosity_5)
6096986 [main] INFO kafka.producer.SyncProducer  - Connected to localhost:9092 for producing
6096987 [main] INFO kafka.producer.SyncProducer  - Disconnecting from localhost:9092
6096987 [main] INFO kafka.producer.SyncProducer  - Disconnecting from zion-mainframe:9092
6096989 [main] INFO kafka.producer.SyncProducer  - Connected to zion-mainframe:9092 for producing
6706559 [main] INFO kafka.client.ClientUtils$  - Fetching metadata from broker BrokerEndPoint(0,localhost,9092) with correlation id 1177 for 1 topic(s) Set(earth_to_curiosity_5)
6706560 [main] INFO kafka.producer.SyncProducer  - Connected to localhost:9092 for producing
6706562 [main] INFO kafka.producer.SyncProducer  - Disconnecting from localhost:9092
6706562 [main] INFO kafka.producer.SyncProducer  - Disconnecting from zion-mainframe:9092
6706564 [main] INFO kafka.producer.SyncProducer  - Connected to zion-mainframe:9092 for producing
7316142 [main] INFO kafka.client.ClientUtils$  - Fetching metadata from broker BrokerEndPoint(0,localhost,9092) with correlation id 1284 for 1 topic(s) Set(earth_to_curiosity_5)
7316144 [main] INFO kafka.producer.SyncProducer  - Connected to localhost:9092 for producing
7316145 [main] INFO kafka.producer.SyncProducer  - Disconnecting from localhost:9092
7316145 [main] INFO kafka.producer.SyncProducer  - Disconnecting from zion-mainframe:9092
7316148 [main] INFO kafka.producer.SyncProducer  - Connected to zion-mainframe:9092 for producing
7925723 [main] INFO kafka.client.ClientUtils$  - Fetching metadata from broker BrokerEndPoint(0,localhost,9092) with correlation id 1391 for 1 topic(s) Set(earth_to_curiosity_5)
7925724 [main] INFO kafka.producer.SyncProducer  - Connected to localhost:9092 for producing
7925725 [main] INFO kafka.producer.SyncProducer  - Disconnecting from localhost:9092
7925726 [main] INFO kafka.producer.SyncProducer  - Disconnecting from zion-mainframe:9092
7925728 [main] INFO kafka.producer.SyncProducer  - Connected to zion-mainframe:9092 for producing
8535286 [main] INFO kafka.client.ClientUtils$  - Fetching metadata from broker BrokerEndPoint(0,localhost,9092) with correlation id 1498 for 1 topic(s) Set(earth_to_curiosity_5)
8535287 [main] INFO kafka.producer.SyncProducer  - Connected to localhost:9092 for producing
8535287 [main] INFO kafka.producer.SyncProducer  - Disconnecting from localhost:9092
8535287 [main] INFO kafka.producer.SyncProducer  - Disconnecting from zion-mainframe:9092
8535288 [main] INFO kafka.producer.SyncProducer  - Connected to zion-mainframe:9092 for producing
9144852 [main] INFO kafka.client.ClientUtils$  - Fetching metadata from broker BrokerEndPoint(0,localhost,9092) with correlation id 1605 for 1 topic(s) Set(earth_to_curiosity_5)
9144853 [main] INFO kafka.producer.SyncProducer  - Connected to localhost:9092 for producing
9144854 [main] INFO kafka.producer.SyncProducer  - Disconnecting from localhost:9092
9144855 [main] INFO kafka.producer.SyncProducer  - Disconnecting from zion-mainframe:9092
9144856 [main] INFO kafka.producer.SyncProducer  - Connected to zion-mainframe:9092 for producing
9754425 [main] INFO kafka.client.ClientUtils$  - Fetching metadata from broker BrokerEndPoint(0,localhost,9092) with correlation id 1712 for 1 topic(s) Set(earth_to_curiosity_5)
9754426 [main] INFO kafka.producer.SyncProducer  - Connected to localhost:9092 for producing
9754427 [main] INFO kafka.producer.SyncProducer  - Disconnecting from localhost:9092
9754427 [main] INFO kafka.producer.SyncProducer  - Disconnecting from zion-mainframe:9092
9754429 [main] INFO kafka.producer.SyncProducer  - Connected to zion-mainframe:9092 for producing
10363999 [main] INFO kafka.client.ClientUtils$  - Fetching metadata from broker BrokerEndPoint(0,localhost,9092) with correlation id 1819 for 1 topic(s) Set(earth_to_curiosity_5)
10363999 [main] INFO kafka.producer.SyncProducer  - Connected to localhost:9092 for producing
10364000 [main] INFO kafka.producer.SyncProducer  - Disconnecting from localhost:9092
10364000 [main] INFO kafka.producer.SyncProducer  - Disconnecting from zion-mainframe:9092
10364001 [main] INFO kafka.producer.SyncProducer  - Connected to zion-mainframe:9092 for producing
10973578 [main] INFO kafka.client.ClientUtils$  - Fetching metadata from broker BrokerEndPoint(0,localhost,9092) with correlation id 1926 for 1 topic(s) Set(earth_to_curiosity_5)
10973579 [main] INFO kafka.producer.SyncProducer  - Connected to localhost:9092 for producing
10973580 [main] INFO kafka.producer.SyncProducer  - Disconnecting from localhost:9092
10973581 [main] INFO kafka.producer.SyncProducer  - Disconnecting from zion-mainframe:9092
10973582 [main] INFO kafka.producer.SyncProducer  - Connected to zion-mainframe:9092 for producing
11583149 [main] INFO kafka.client.ClientUtils$  - Fetching metadata from broker BrokerEndPoint(0,localhost,9092) with correlation id 2033 for 1 topic(s) Set(earth_to_curiosity_5)
11583150 [main] INFO kafka.producer.SyncProducer  - Connected to localhost:9092 for producing
11583151 [main] INFO kafka.producer.SyncProducer  - Disconnecting from localhost:9092
11583152 [main] INFO kafka.producer.SyncProducer  - Disconnecting from zion-mainframe:9092
11583154 [main] INFO kafka.producer.SyncProducer  - Connected to zion-mainframe:9092 for producing
12192718 [main] INFO kafka.client.ClientUtils$  - Fetching metadata from broker BrokerEndPoint(0,localhost,9092) with correlation id 2140 for 1 topic(s) Set(earth_to_curiosity_5)
12192719 [main] INFO kafka.producer.SyncProducer  - Connected to localhost:9092 for producing
12192721 [main] INFO kafka.producer.SyncProducer  - Disconnecting from localhost:9092
12192721 [main] INFO kafka.producer.SyncProducer  - Disconnecting from zion-mainframe:9092
12192723 [main] INFO kafka.producer.SyncProducer  - Connected to zion-mainframe:9092 for producing
12802278 [main] INFO kafka.client.ClientUtils$  - Fetching metadata from broker BrokerEndPoint(0,localhost,9092) with correlation id 2247 for 1 topic(s) Set(earth_to_curiosity_5)
12802279 [main] INFO kafka.producer.SyncProducer  - Connected to localhost:9092 for producing
12802280 [main] INFO kafka.producer.SyncProducer  - Disconnecting from localhost:9092
12802280 [main] INFO kafka.producer.SyncProducer  - Disconnecting from zion-mainframe:9092
12802281 [main] INFO kafka.producer.SyncProducer  - Connected to zion-mainframe:9092 for producing
13411837 [main] INFO kafka.client.ClientUtils$  - Fetching metadata from broker BrokerEndPoint(0,localhost,9092) with correlation id 2354 for 1 topic(s) Set(earth_to_curiosity_5)
13411838 [main] INFO kafka.producer.SyncProducer  - Connected to localhost:9092 for producing
13411839 [main] INFO kafka.producer.SyncProducer  - Disconnecting from localhost:9092
13411840 [main] INFO kafka.producer.SyncProducer  - Disconnecting from zion-mainframe:9092
13411842 [main] INFO kafka.producer.SyncProducer  - Connected to zion-mainframe:9092 for producing
14021404 [main] INFO kafka.client.ClientUtils$  - Fetching metadata from broker BrokerEndPoint(0,localhost,9092) with correlation id 2461 for 1 topic(s) Set(earth_to_curiosity_5)
14021405 [main] INFO kafka.producer.SyncProducer  - Connected to localhost:9092 for producing
14021406 [main] INFO kafka.producer.SyncProducer  - Disconnecting from localhost:9092
14021407 [main] INFO kafka.producer.SyncProducer  - Disconnecting from zion-mainframe:9092
14021410 [main] INFO kafka.producer.SyncProducer  - Connected to zion-mainframe:9092 for producing
14630973 [main] INFO kafka.client.ClientUtils$  - Fetching metadata from broker BrokerEndPoint(0,localhost,9092) with correlation id 2568 for 1 topic(s) Set(earth_to_curiosity_5)
14630974 [main] INFO kafka.producer.SyncProducer  - Connected to localhost:9092 for producing
14630975 [main] INFO kafka.producer.SyncProducer  - Disconnecting from localhost:9092
14630976 [main] INFO kafka.producer.SyncProducer  - Disconnecting from zion-mainframe:9092
14630978 [main] INFO kafka.producer.SyncProducer  - Connected to zion-mainframe:9092 for producing
15240508 [main] INFO kafka.client.ClientUtils$  - Fetching metadata from broker BrokerEndPoint(0,localhost,9092) with correlation id 2675 for 1 topic(s) Set(earth_to_curiosity_5)
15240509 [main] INFO kafka.producer.SyncProducer  - Connected to localhost:9092 for producing
15240510 [main] INFO kafka.producer.SyncProducer  - Disconnecting from localhost:9092
15240510 [main] INFO kafka.producer.SyncProducer  - Disconnecting from zion-mainframe:9092
15240511 [main] INFO kafka.producer.SyncProducer  - Connected to zion-mainframe:9092 for producing
15850044 [main] INFO kafka.client.ClientUtils$  - Fetching metadata from broker BrokerEndPoint(0,localhost,9092) with correlation id 2782 for 1 topic(s) Set(earth_to_curiosity_5)
15850045 [main] INFO kafka.producer.SyncProducer  - Connected to localhost:9092 for producing
15850047 [main] INFO kafka.producer.SyncProducer  - Disconnecting from localhost:9092
15850047 [main] INFO kafka.producer.SyncProducer  - Disconnecting from zion-mainframe:9092
15850049 [main] INFO kafka.producer.SyncProducer  - Connected to zion-mainframe:9092 for producing
16459598 [main] INFO kafka.client.ClientUtils$  - Fetching metadata from broker BrokerEndPoint(0,localhost,9092) with correlation id 2889 for 1 topic(s) Set(earth_to_curiosity_5)
16459598 [main] INFO kafka.producer.SyncProducer  - Connected to localhost:9092 for producing
16459599 [main] INFO kafka.producer.SyncProducer  - Disconnecting from localhost:9092
16459599 [main] INFO kafka.producer.SyncProducer  - Disconnecting from zion-mainframe:9092
16459600 [main] INFO kafka.producer.SyncProducer  - Connected to zion-mainframe:9092 for producing
17069152 [main] INFO kafka.client.ClientUtils$  - Fetching metadata from broker BrokerEndPoint(0,localhost,9092) with correlation id 2996 for 1 topic(s) Set(earth_to_curiosity_5)
17069153 [main] INFO kafka.producer.SyncProducer  - Connected to localhost:9092 for producing
17069154 [main] INFO kafka.producer.SyncProducer  - Disconnecting from localhost:9092
17069154 [main] INFO kafka.producer.SyncProducer  - Disconnecting from zion-mainframe:9092
17069154 [main] INFO kafka.producer.SyncProducer  - Connected to zion-mainframe:9092 for producing
17678708 [main] INFO kafka.client.ClientUtils$  - Fetching metadata from broker BrokerEndPoint(0,localhost,9092) with correlation id 3103 for 1 topic(s) Set(earth_to_curiosity_5)
17678709 [main] INFO kafka.producer.SyncProducer  - Connected to localhost:9092 for producing
17678710 [main] INFO kafka.producer.SyncProducer  - Disconnecting from localhost:9092
17678710 [main] INFO kafka.producer.SyncProducer  - Disconnecting from zion-mainframe:9092
17678711 [main] INFO kafka.producer.SyncProducer  - Connected to zion-mainframe:9092 for producing
18288269 [main] INFO kafka.client.ClientUtils$  - Fetching metadata from broker BrokerEndPoint(0,localhost,9092) with correlation id 3210 for 1 topic(s) Set(earth_to_curiosity_5)
18288269 [main] INFO kafka.producer.SyncProducer  - Connected to localhost:9092 for producing
18288270 [main] INFO kafka.producer.SyncProducer  - Disconnecting from localhost:9092
18288270 [main] INFO kafka.producer.SyncProducer  - Disconnecting from zion-mainframe:9092
18288271 [main] INFO kafka.producer.SyncProducer  - Connected to zion-mainframe:9092 for producing
18897815 [main] INFO kafka.client.ClientUtils$  - Fetching metadata from broker BrokerEndPoint(0,localhost,9092) with correlation id 3317 for 1 topic(s) Set(earth_to_curiosity_5)
18897816 [main] INFO kafka.producer.SyncProducer  - Connected to localhost:9092 for producing
18897818 [main] INFO kafka.producer.SyncProducer  - Disconnecting from localhost:9092
18897818 [main] INFO kafka.producer.SyncProducer  - Disconnecting from zion-mainframe:9092
18897820 [main] INFO kafka.producer.SyncProducer  - Connected to zion-mainframe:9092 for producing
19507364 [main] INFO kafka.client.ClientUtils$  - Fetching metadata from broker BrokerEndPoint(0,localhost,9092) with correlation id 3424 for 1 topic(s) Set(earth_to_curiosity_5)
19507365 [main] INFO kafka.producer.SyncProducer  - Connected to localhost:9092 for producing
19507367 [main] INFO kafka.producer.SyncProducer  - Disconnecting from localhost:9092
19507367 [main] INFO kafka.producer.SyncProducer  - Disconnecting from zion-mainframe:9092
19507368 [main] INFO kafka.producer.SyncProducer  - Connected to zion-mainframe:9092 for producing
20116915 [main] INFO kafka.client.ClientUtils$  - Fetching metadata from broker BrokerEndPoint(0,localhost,9092) with correlation id 3531 for 1 topic(s) Set(earth_to_curiosity_5)
20116916 [main] INFO kafka.producer.SyncProducer  - Connected to localhost:9092 for producing
20116917 [main] INFO kafka.producer.SyncProducer  - Disconnecting from localhost:9092
20116917 [main] INFO kafka.producer.SyncProducer  - Disconnecting from zion-mainframe:9092
20116918 [main] INFO kafka.producer.SyncProducer  - Connected to zion-mainframe:9092 for producing
20726468 [main] INFO kafka.client.ClientUtils$  - Fetching metadata from broker BrokerEndPoint(0,localhost,9092) with correlation id 3638 for 1 topic(s) Set(earth_to_curiosity_5)
20726469 [main] INFO kafka.producer.SyncProducer  - Connected to localhost:9092 for producing
20726470 [main] INFO kafka.producer.SyncProducer  - Disconnecting from localhost:9092
20726471 [main] INFO kafka.producer.SyncProducer  - Disconnecting from zion-mainframe:9092
20726472 [main] INFO kafka.producer.SyncProducer  - Connected to zion-mainframe:9092 for producing
21336019 [main] INFO kafka.client.ClientUtils$  - Fetching metadata from broker BrokerEndPoint(0,localhost,9092) with correlation id 3745 for 1 topic(s) Set(earth_to_curiosity_5)
21336020 [main] INFO kafka.producer.SyncProducer  - Connected to localhost:9092 for producing
21336021 [main] INFO kafka.producer.SyncProducer  - Disconnecting from localhost:9092
21336022 [main] INFO kafka.producer.SyncProducer  - Disconnecting from zion-mainframe:9092
21336023 [main] INFO kafka.producer.SyncProducer  - Connected to zion-mainframe:9092 for producing
