0 [main] INFO kafka.utils.VerifiableProperties  - Verifying properties
36 [main] WARN kafka.utils.VerifiableProperties  - Property auto.offset.reset is not valid
36 [main] WARN kafka.utils.VerifiableProperties  - Property bootstrap.servers is not valid
36 [main] WARN kafka.utils.VerifiableProperties  - Property destination.topic is not valid
36 [main] WARN kafka.utils.VerifiableProperties  - Property group.id is not valid
36 [main] WARN kafka.utils.VerifiableProperties  - Property key.serializer is not valid
37 [main] INFO kafka.utils.VerifiableProperties  - Property metadata.broker.list is overridden to localhost:9092
37 [main] WARN kafka.utils.VerifiableProperties  - Property source.topic is not valid
37 [main] WARN kafka.utils.VerifiableProperties  - Property value.serializer is not valid
37 [main] WARN kafka.utils.VerifiableProperties  - Property zookeeper.connect is not valid
172 [main] INFO kafka.client.ClientUtils$  - Fetching metadata from broker BrokerEndPoint(0,localhost,9092) with correlation id 0 for 1 topic(s) Set(earth_to_curiosity_5)
236 [main] INFO kafka.producer.SyncProducer  - Connected to localhost:9092 for producing
247 [main] INFO kafka.producer.SyncProducer  - Disconnecting from localhost:9092
286 [main] INFO kafka.producer.SyncProducer  - Connected to zion-mainframe:9092 for producing
615374 [main] INFO kafka.client.ClientUtils$  - Fetching metadata from broker BrokerEndPoint(0,localhost,9092) with correlation id 21 for 1 topic(s) Set(earth_to_curiosity_5)
615377 [main] INFO kafka.producer.SyncProducer  - Connected to localhost:9092 for producing
615380 [main] INFO kafka.producer.SyncProducer  - Disconnecting from localhost:9092
615381 [main] INFO kafka.producer.SyncProducer  - Disconnecting from zion-mainframe:9092
615388 [main] INFO kafka.producer.SyncProducer  - Connected to zion-mainframe:9092 for producing
1230445 [main] INFO kafka.client.ClientUtils$  - Fetching metadata from broker BrokerEndPoint(0,localhost,9092) with correlation id 42 for 1 topic(s) Set(earth_to_curiosity_5)
1230447 [main] INFO kafka.producer.SyncProducer  - Connected to localhost:9092 for producing
1230450 [main] INFO kafka.producer.SyncProducer  - Disconnecting from localhost:9092
1230451 [main] INFO kafka.producer.SyncProducer  - Disconnecting from zion-mainframe:9092
1230456 [main] INFO kafka.producer.SyncProducer  - Connected to zion-mainframe:9092 for producing
1845505 [main] INFO kafka.client.ClientUtils$  - Fetching metadata from broker BrokerEndPoint(0,localhost,9092) with correlation id 63 for 1 topic(s) Set(earth_to_curiosity_5)
1845507 [main] INFO kafka.producer.SyncProducer  - Connected to localhost:9092 for producing
1845510 [main] INFO kafka.producer.SyncProducer  - Disconnecting from localhost:9092
1845510 [main] INFO kafka.producer.SyncProducer  - Disconnecting from zion-mainframe:9092
1845515 [main] INFO kafka.producer.SyncProducer  - Connected to zion-mainframe:9092 for producing
2460561 [main] INFO kafka.client.ClientUtils$  - Fetching metadata from broker BrokerEndPoint(0,localhost,9092) with correlation id 84 for 1 topic(s) Set(earth_to_curiosity_5)
2460563 [main] INFO kafka.producer.SyncProducer  - Connected to localhost:9092 for producing
2460566 [main] INFO kafka.producer.SyncProducer  - Disconnecting from localhost:9092
2460566 [main] INFO kafka.producer.SyncProducer  - Disconnecting from zion-mainframe:9092
2460570 [main] INFO kafka.producer.SyncProducer  - Connected to zion-mainframe:9092 for producing
3075607 [main] INFO kafka.client.ClientUtils$  - Fetching metadata from broker BrokerEndPoint(0,localhost,9092) with correlation id 105 for 1 topic(s) Set(earth_to_curiosity_5)
3075608 [main] INFO kafka.producer.SyncProducer  - Connected to localhost:9092 for producing
3075611 [main] INFO kafka.producer.SyncProducer  - Disconnecting from localhost:9092
3075612 [main] INFO kafka.producer.SyncProducer  - Disconnecting from zion-mainframe:9092
3075616 [main] INFO kafka.producer.SyncProducer  - Connected to zion-mainframe:9092 for producing
3690667 [main] INFO kafka.client.ClientUtils$  - Fetching metadata from broker BrokerEndPoint(0,localhost,9092) with correlation id 126 for 1 topic(s) Set(earth_to_curiosity_5)
3690668 [main] INFO kafka.producer.SyncProducer  - Connected to localhost:9092 for producing
3690670 [main] INFO kafka.producer.SyncProducer  - Disconnecting from localhost:9092
3690671 [main] INFO kafka.producer.SyncProducer  - Disconnecting from zion-mainframe:9092
3690676 [main] INFO kafka.producer.SyncProducer  - Connected to zion-mainframe:9092 for producing
4305708 [main] INFO kafka.client.ClientUtils$  - Fetching metadata from broker BrokerEndPoint(0,localhost,9092) with correlation id 147 for 1 topic(s) Set(earth_to_curiosity_5)
4305709 [main] INFO kafka.producer.SyncProducer  - Connected to localhost:9092 for producing
4305712 [main] INFO kafka.producer.SyncProducer  - Disconnecting from localhost:9092
4305713 [main] INFO kafka.producer.SyncProducer  - Disconnecting from zion-mainframe:9092
4305717 [main] INFO kafka.producer.SyncProducer  - Connected to zion-mainframe:9092 for producing
4920743 [main] INFO kafka.client.ClientUtils$  - Fetching metadata from broker BrokerEndPoint(0,localhost,9092) with correlation id 168 for 1 topic(s) Set(earth_to_curiosity_5)
4920744 [main] INFO kafka.producer.SyncProducer  - Connected to localhost:9092 for producing
4920746 [main] INFO kafka.producer.SyncProducer  - Disconnecting from localhost:9092
4920747 [main] INFO kafka.producer.SyncProducer  - Disconnecting from zion-mainframe:9092
4920751 [main] INFO kafka.producer.SyncProducer  - Connected to zion-mainframe:9092 for producing
5535783 [main] INFO kafka.client.ClientUtils$  - Fetching metadata from broker BrokerEndPoint(0,localhost,9092) with correlation id 189 for 1 topic(s) Set(earth_to_curiosity_5)
5535784 [main] INFO kafka.producer.SyncProducer  - Connected to localhost:9092 for producing
5535786 [main] INFO kafka.producer.SyncProducer  - Disconnecting from localhost:9092
5535787 [main] INFO kafka.producer.SyncProducer  - Disconnecting from zion-mainframe:9092
5535790 [main] INFO kafka.producer.SyncProducer  - Connected to zion-mainframe:9092 for producing
6150818 [main] INFO kafka.client.ClientUtils$  - Fetching metadata from broker BrokerEndPoint(0,localhost,9092) with correlation id 210 for 1 topic(s) Set(earth_to_curiosity_5)
6150819 [main] INFO kafka.producer.SyncProducer  - Connected to localhost:9092 for producing
6150822 [main] INFO kafka.producer.SyncProducer  - Disconnecting from localhost:9092
6150822 [main] INFO kafka.producer.SyncProducer  - Disconnecting from zion-mainframe:9092
6150825 [main] INFO kafka.producer.SyncProducer  - Connected to zion-mainframe:9092 for producing
6765853 [main] INFO kafka.client.ClientUtils$  - Fetching metadata from broker BrokerEndPoint(0,localhost,9092) with correlation id 231 for 1 topic(s) Set(earth_to_curiosity_5)
6765854 [main] INFO kafka.producer.SyncProducer  - Connected to localhost:9092 for producing
6765856 [main] INFO kafka.producer.SyncProducer  - Disconnecting from localhost:9092
6765857 [main] INFO kafka.producer.SyncProducer  - Disconnecting from zion-mainframe:9092
6765860 [main] INFO kafka.producer.SyncProducer  - Connected to zion-mainframe:9092 for producing
7380892 [main] INFO kafka.client.ClientUtils$  - Fetching metadata from broker BrokerEndPoint(0,localhost,9092) with correlation id 252 for 1 topic(s) Set(earth_to_curiosity_5)
7380893 [main] INFO kafka.producer.SyncProducer  - Connected to localhost:9092 for producing
7380895 [main] INFO kafka.producer.SyncProducer  - Disconnecting from localhost:9092
7380896 [main] INFO kafka.producer.SyncProducer  - Disconnecting from zion-mainframe:9092
7380898 [main] INFO kafka.producer.SyncProducer  - Connected to zion-mainframe:9092 for producing
7995927 [main] INFO kafka.client.ClientUtils$  - Fetching metadata from broker BrokerEndPoint(0,localhost,9092) with correlation id 273 for 1 topic(s) Set(earth_to_curiosity_5)
7995928 [main] INFO kafka.producer.SyncProducer  - Connected to localhost:9092 for producing
7995933 [main] INFO kafka.producer.SyncProducer  - Disconnecting from localhost:9092
7995934 [main] INFO kafka.producer.SyncProducer  - Disconnecting from zion-mainframe:9092
7995937 [main] INFO kafka.producer.SyncProducer  - Connected to zion-mainframe:9092 for producing
8610960 [main] INFO kafka.client.ClientUtils$  - Fetching metadata from broker BrokerEndPoint(0,localhost,9092) with correlation id 294 for 1 topic(s) Set(earth_to_curiosity_5)
8610961 [main] INFO kafka.producer.SyncProducer  - Connected to localhost:9092 for producing
8610963 [main] INFO kafka.producer.SyncProducer  - Disconnecting from localhost:9092
8610964 [main] INFO kafka.producer.SyncProducer  - Disconnecting from zion-mainframe:9092
8610967 [main] INFO kafka.producer.SyncProducer  - Connected to zion-mainframe:9092 for producing
9225991 [main] INFO kafka.client.ClientUtils$  - Fetching metadata from broker BrokerEndPoint(0,localhost,9092) with correlation id 315 for 1 topic(s) Set(earth_to_curiosity_5)
9225992 [main] INFO kafka.producer.SyncProducer  - Connected to localhost:9092 for producing
9225994 [main] INFO kafka.producer.SyncProducer  - Disconnecting from localhost:9092
9225995 [main] INFO kafka.producer.SyncProducer  - Disconnecting from zion-mainframe:9092
9225998 [main] INFO kafka.producer.SyncProducer  - Connected to zion-mainframe:9092 for producing
9841023 [main] INFO kafka.client.ClientUtils$  - Fetching metadata from broker BrokerEndPoint(0,localhost,9092) with correlation id 336 for 1 topic(s) Set(earth_to_curiosity_5)
9841024 [main] INFO kafka.producer.SyncProducer  - Connected to localhost:9092 for producing
9841026 [main] INFO kafka.producer.SyncProducer  - Disconnecting from localhost:9092
9841027 [main] INFO kafka.producer.SyncProducer  - Disconnecting from zion-mainframe:9092
9841029 [main] INFO kafka.producer.SyncProducer  - Connected to zion-mainframe:9092 for producing
10456056 [main] INFO kafka.client.ClientUtils$  - Fetching metadata from broker BrokerEndPoint(0,localhost,9092) with correlation id 357 for 1 topic(s) Set(earth_to_curiosity_5)
10456057 [main] INFO kafka.producer.SyncProducer  - Connected to localhost:9092 for producing
10456060 [main] INFO kafka.producer.SyncProducer  - Disconnecting from localhost:9092
10456061 [main] INFO kafka.producer.SyncProducer  - Disconnecting from zion-mainframe:9092
10456068 [main] INFO kafka.producer.SyncProducer  - Connected to zion-mainframe:9092 for producing
