0 [main] INFO kafka.utils.VerifiableProperties  - Verifying properties
21 [main] INFO kafka.utils.VerifiableProperties  - Property auto.offset.reset is overridden to largest
21 [main] WARN kafka.utils.VerifiableProperties  - Property bootstrap.servers is not valid
21 [main] WARN kafka.utils.VerifiableProperties  - Property destination.topic is not valid
21 [main] INFO kafka.utils.VerifiableProperties  - Property group.id is overridden to space.exploration.mars.rover.curiosity.1541999166381
21 [main] WARN kafka.utils.VerifiableProperties  - Property key.serializer is not valid
21 [main] WARN kafka.utils.VerifiableProperties  - Property metadata.broker.list is not valid
21 [main] WARN kafka.utils.VerifiableProperties  - Property source.topic is not valid
22 [main] WARN kafka.utils.VerifiableProperties  - Property value.serializer is not valid
22 [main] INFO kafka.utils.VerifiableProperties  - Property zookeeper.connect is overridden to antares-mainframe:2181
56 [main] INFO kafka.consumer.ZookeeperConsumerConnector  - [space.exploration.mars.rover.curiosity.1541999166381_antares-mainframe-1541999166641-ec64ecaa], Connecting to zookeeper instance at antares-mainframe:2181
60 [ZkClient-EventThread-28-antares-mainframe:2181] INFO org.I0Itec.zkclient.ZkEventThread  - Starting ZkClient event thread.
63 [main] INFO org.apache.zookeeper.ZooKeeper  - Client environment:zookeeper.version=3.4.6-1569965, built on 02/20/2014 09:09 GMT
63 [main] INFO org.apache.zookeeper.ZooKeeper  - Client environment:host.name=antares-mainframe
63 [main] INFO org.apache.zookeeper.ZooKeeper  - Client environment:java.version=10.0.2
63 [main] INFO org.apache.zookeeper.ZooKeeper  - Client environment:java.vendor=Oracle Corporation
63 [main] INFO org.apache.zookeeper.ZooKeeper  - Client environment:java.home=/usr/lib/jvm/java-11-openjdk-amd64
63 [main] INFO org.apache.zookeeper.ZooKeeper  - Client environment:java.class.path=target/mission.control-2.0-shaded.jar
63 [main] INFO org.apache.zookeeper.ZooKeeper  - Client environment:java.library.path=/usr/java/packages/lib:/usr/lib/x86_64-linux-gnu/jni:/lib/x86_64-linux-gnu:/usr/lib/x86_64-linux-gnu:/usr/lib/jni:/lib:/usr/lib
63 [main] INFO org.apache.zookeeper.ZooKeeper  - Client environment:java.io.tmpdir=/tmp
63 [main] INFO org.apache.zookeeper.ZooKeeper  - Client environment:java.compiler=<NA>
64 [main] INFO org.apache.zookeeper.ZooKeeper  - Client environment:os.name=Linux
64 [main] INFO org.apache.zookeeper.ZooKeeper  - Client environment:os.arch=amd64
64 [main] INFO org.apache.zookeeper.ZooKeeper  - Client environment:os.version=4.15.0-38-generic
64 [main] INFO org.apache.zookeeper.ZooKeeper  - Client environment:user.name=sanket
64 [main] INFO org.apache.zookeeper.ZooKeeper  - Client environment:user.home=/home/sanket
64 [main] INFO org.apache.zookeeper.ZooKeeper  - Client environment:user.dir=/home/sanket/Documents/workspace/Mission.Control
64 [main] INFO org.apache.zookeeper.ZooKeeper  - Initiating client connection, connectString=antares-mainframe:2181 sessionTimeout=6000 watcher=org.I0Itec.zkclient.ZkClient@4bbf6d0e
73 [main] INFO org.I0Itec.zkclient.ZkClient  - Waiting for keeper state SyncConnected
77 [main-SendThread(antares-mainframe:2181)] INFO org.apache.zookeeper.ClientCnxn  - Opening socket connection to server antares-mainframe/127.0.1.1:2181. Will not attempt to authenticate using SASL (unknown error)
82 [main-SendThread(antares-mainframe:2181)] INFO org.apache.zookeeper.ClientCnxn  - Socket connection established to antares-mainframe/127.0.1.1:2181, initiating session
86 [main-SendThread(antares-mainframe:2181)] INFO org.apache.zookeeper.ClientCnxn  - Session establishment complete on server antares-mainframe/127.0.1.1:2181, sessionid = 0x16705fd71960002, negotiated timeout = 6000
87 [main-EventThread] INFO org.I0Itec.zkclient.ZkClient  - zookeeper state changed (SyncConnected)
100 [main] INFO kafka.consumer.ZookeeperConsumerConnector  - [space.exploration.mars.rover.curiosity.1541999166381_antares-mainframe-1541999166641-ec64ecaa], starting auto committer every 60000 ms
127 [Thread-0] INFO kafka.consumer.ZookeeperConsumerConnector  - [space.exploration.mars.rover.curiosity.1541999166381_antares-mainframe-1541999166641-ec64ecaa], begin registering consumer space.exploration.mars.rover.curiosity.1541999166381_antares-mainframe-1541999166641-ec64ecaa in ZK
142 [Thread-0] INFO kafka.utils.ZKCheckedEphemeral  - Creating /consumers/space.exploration.mars.rover.curiosity.1541999166381/ids/space.exploration.mars.rover.curiosity.1541999166381_antares-mainframe-1541999166641-ec64ecaa (is it secure? false)
152 [Thread-0] INFO kafka.utils.ZKCheckedEphemeral  - Result of znode creation is: OK
153 [Thread-0] INFO kafka.consumer.ZookeeperConsumerConnector  - [space.exploration.mars.rover.curiosity.1541999166381_antares-mainframe-1541999166641-ec64ecaa], end registering consumer space.exploration.mars.rover.curiosity.1541999166381_antares-mainframe-1541999166641-ec64ecaa in ZK
156 [space.exploration.mars.rover.curiosity.1541999166381_antares-mainframe-1541999166641-ec64ecaa_watcher_executor] INFO kafka.consumer.ZookeeperConsumerConnector  - [space.exploration.mars.rover.curiosity.1541999166381_antares-mainframe-1541999166641-ec64ecaa], starting watcher executor thread for consumer space.exploration.mars.rover.curiosity.1541999166381_antares-mainframe-1541999166641-ec64ecaa
168 [Thread-0] INFO kafka.consumer.ZookeeperConsumerConnector  - [space.exploration.mars.rover.curiosity.1541999166381_antares-mainframe-1541999166641-ec64ecaa], begin rebalancing consumer space.exploration.mars.rover.curiosity.1541999166381_antares-mainframe-1541999166641-ec64ecaa try #0
231 [Thread-0] INFO kafka.consumer.ConsumerFetcherManager  - [ConsumerFetcherManager-1541999166682] Stopping leader finder thread
232 [Thread-0] INFO kafka.consumer.ConsumerFetcherManager  - [ConsumerFetcherManager-1541999166682] Stopping all fetchers
232 [Thread-0] INFO kafka.consumer.ConsumerFetcherManager  - [ConsumerFetcherManager-1541999166682] All connections stopped
232 [Thread-0] INFO kafka.consumer.ZookeeperConsumerConnector  - [space.exploration.mars.rover.curiosity.1541999166381_antares-mainframe-1541999166641-ec64ecaa], Cleared all relevant queues for this fetcher
233 [Thread-0] INFO kafka.consumer.ZookeeperConsumerConnector  - [space.exploration.mars.rover.curiosity.1541999166381_antares-mainframe-1541999166641-ec64ecaa], Cleared the data chunks in all the consumer message iterators
233 [Thread-0] INFO kafka.consumer.ZookeeperConsumerConnector  - [space.exploration.mars.rover.curiosity.1541999166381_antares-mainframe-1541999166641-ec64ecaa], Committing all offsets after clearing the fetcher queues
233 [Thread-0] INFO kafka.consumer.ZookeeperConsumerConnector  - [space.exploration.mars.rover.curiosity.1541999166381_antares-mainframe-1541999166641-ec64ecaa], Releasing partition ownership
251 [Thread-0] INFO kafka.consumer.RangeAssignor  - Consumer space.exploration.mars.rover.curiosity.1541999166381_antares-mainframe-1541999166641-ec64ecaa rebalancing the following partitions: ArrayBuffer(0) for topic curiosity_to_earth_6 with consumers: List(space.exploration.mars.rover.curiosity.1541999166381_antares-mainframe-1541999166641-ec64ecaa-0)
252 [Thread-0] INFO kafka.consumer.RangeAssignor  - space.exploration.mars.rover.curiosity.1541999166381_antares-mainframe-1541999166641-ec64ecaa-0 attempting to claim partition 0
275 [Thread-0] INFO kafka.consumer.ZookeeperConsumerConnector  - [space.exploration.mars.rover.curiosity.1541999166381_antares-mainframe-1541999166641-ec64ecaa], space.exploration.mars.rover.curiosity.1541999166381_antares-mainframe-1541999166641-ec64ecaa-0 successfully owned partition 0 for topic curiosity_to_earth_6
290 [Thread-0] INFO kafka.consumer.ZookeeperConsumerConnector  - [space.exploration.mars.rover.curiosity.1541999166381_antares-mainframe-1541999166641-ec64ecaa], Consumer space.exploration.mars.rover.curiosity.1541999166381_antares-mainframe-1541999166641-ec64ecaa selected partitions : curiosity_to_earth_6:0: fetched offset = -1: consumed offset = -1
291 [space.exploration.mars.rover.curiosity.1541999166381_antares-mainframe-1541999166641-ec64ecaa-leader-finder-thread] INFO kafka.consumer.ConsumerFetcherManager$LeaderFinderThread  - [space.exploration.mars.rover.curiosity.1541999166381_antares-mainframe-1541999166641-ec64ecaa-leader-finder-thread], Starting 
292 [Thread-0] INFO kafka.consumer.ZookeeperConsumerConnector  - [space.exploration.mars.rover.curiosity.1541999166381_antares-mainframe-1541999166641-ec64ecaa], end rebalancing consumer space.exploration.mars.rover.curiosity.1541999166381_antares-mainframe-1541999166641-ec64ecaa try #0
304 [space.exploration.mars.rover.curiosity.1541999166381_antares-mainframe-1541999166641-ec64ecaa-leader-finder-thread] INFO kafka.utils.VerifiableProperties  - Verifying properties
305 [space.exploration.mars.rover.curiosity.1541999166381_antares-mainframe-1541999166641-ec64ecaa-leader-finder-thread] INFO kafka.utils.VerifiableProperties  - Property client.id is overridden to space.exploration.mars.rover.curiosity.1541999166381
305 [space.exploration.mars.rover.curiosity.1541999166381_antares-mainframe-1541999166641-ec64ecaa-leader-finder-thread] INFO kafka.utils.VerifiableProperties  - Property metadata.broker.list is overridden to antares-mainframe:9092
305 [space.exploration.mars.rover.curiosity.1541999166381_antares-mainframe-1541999166641-ec64ecaa-leader-finder-thread] INFO kafka.utils.VerifiableProperties  - Property request.timeout.ms is overridden to 30000
313 [space.exploration.mars.rover.curiosity.1541999166381_antares-mainframe-1541999166641-ec64ecaa-leader-finder-thread] INFO kafka.client.ClientUtils$  - Fetching metadata from broker BrokerEndPoint(0,antares-mainframe,9092) with correlation id 0 for 1 topic(s) Set(curiosity_to_earth_6)
316 [space.exploration.mars.rover.curiosity.1541999166381_antares-mainframe-1541999166641-ec64ecaa-leader-finder-thread] INFO kafka.producer.SyncProducer  - Connected to antares-mainframe:9092 for producing
327 [space.exploration.mars.rover.curiosity.1541999166381_antares-mainframe-1541999166641-ec64ecaa-leader-finder-thread] INFO kafka.producer.SyncProducer  - Disconnecting from antares-mainframe:9092
356 [ConsumerFetcherThread-space.exploration.mars.rover.curiosity.1541999166381_antares-mainframe-1541999166641-ec64ecaa-0-0] INFO kafka.consumer.ConsumerFetcherThread  - [ConsumerFetcherThread-space.exploration.mars.rover.curiosity.1541999166381_antares-mainframe-1541999166641-ec64ecaa-0-0], Starting 
373 [space.exploration.mars.rover.curiosity.1541999166381_antares-mainframe-1541999166641-ec64ecaa-leader-finder-thread] INFO kafka.consumer.ConsumerFetcherManager  - [ConsumerFetcherManager-1541999166682] Added fetcher for partitions ArrayBuffer([[curiosity_to_earth_6,0], initOffset -1 to broker BrokerEndPoint(0,antares-mainframe,9092)] )
