0 [main] INFO kafka.utils.VerifiableProperties  - Verifying properties
82 [main] WARN kafka.utils.VerifiableProperties  - Property auto.offset.reset is not valid
83 [main] WARN kafka.utils.VerifiableProperties  - Property bootstrap.servers is not valid
83 [main] WARN kafka.utils.VerifiableProperties  - Property destination.topic is not valid
84 [main] WARN kafka.utils.VerifiableProperties  - Property group.id is not valid
85 [main] WARN kafka.utils.VerifiableProperties  - Property key.serializer is not valid
86 [main] INFO kafka.utils.VerifiableProperties  - Property metadata.broker.list is overridden to localhost:9092
86 [main] WARN kafka.utils.VerifiableProperties  - Property source.topic is not valid
87 [main] WARN kafka.utils.VerifiableProperties  - Property value.serializer is not valid
87 [main] WARN kafka.utils.VerifiableProperties  - Property zookeeper.connect is not valid
402 [main] INFO kafka.client.ClientUtils$  - Fetching metadata from broker BrokerEndPoint(0,localhost,9092) with correlation id 0 for 1 topic(s) Set(earth_to_curiosity_5)
607 [main] INFO kafka.producer.SyncProducer  - Connected to localhost:9092 for producing
664 [main] INFO kafka.producer.SyncProducer  - Disconnecting from localhost:9092
762 [main] INFO kafka.producer.SyncProducer  - Connected to zion-mainframe:9092 for producing
610523 [main] INFO kafka.client.ClientUtils$  - Fetching metadata from broker BrokerEndPoint(0,localhost,9092) with correlation id 107 for 1 topic(s) Set(earth_to_curiosity_5)
610527 [main] INFO kafka.producer.SyncProducer  - Connected to localhost:9092 for producing
610529 [main] INFO kafka.producer.SyncProducer  - Disconnecting from localhost:9092
610529 [main] INFO kafka.producer.SyncProducer  - Disconnecting from zion-mainframe:9092
610533 [main] INFO kafka.producer.SyncProducer  - Connected to zion-mainframe:9092 for producing
1220180 [main] INFO kafka.client.ClientUtils$  - Fetching metadata from broker BrokerEndPoint(0,localhost,9092) with correlation id 214 for 1 topic(s) Set(earth_to_curiosity_5)
1220182 [main] INFO kafka.producer.SyncProducer  - Connected to localhost:9092 for producing
1220183 [main] INFO kafka.producer.SyncProducer  - Disconnecting from localhost:9092
1220184 [main] INFO kafka.producer.SyncProducer  - Disconnecting from zion-mainframe:9092
1220187 [main] INFO kafka.producer.SyncProducer  - Connected to zion-mainframe:9092 for producing
1829830 [main] INFO kafka.client.ClientUtils$  - Fetching metadata from broker BrokerEndPoint(0,localhost,9092) with correlation id 321 for 1 topic(s) Set(earth_to_curiosity_5)
1829832 [main] INFO kafka.producer.SyncProducer  - Connected to localhost:9092 for producing
1829834 [main] INFO kafka.producer.SyncProducer  - Disconnecting from localhost:9092
1829835 [main] INFO kafka.producer.SyncProducer  - Disconnecting from zion-mainframe:9092
1829838 [main] INFO kafka.producer.SyncProducer  - Connected to zion-mainframe:9092 for producing
2439453 [main] INFO kafka.client.ClientUtils$  - Fetching metadata from broker BrokerEndPoint(0,localhost,9092) with correlation id 428 for 1 topic(s) Set(earth_to_curiosity_5)
2439454 [main] INFO kafka.producer.SyncProducer  - Connected to localhost:9092 for producing
2439455 [main] INFO kafka.producer.SyncProducer  - Disconnecting from localhost:9092
2439456 [main] INFO kafka.producer.SyncProducer  - Disconnecting from zion-mainframe:9092
2439457 [main] INFO kafka.producer.SyncProducer  - Connected to zion-mainframe:9092 for producing
3049023 [main] INFO kafka.client.ClientUtils$  - Fetching metadata from broker BrokerEndPoint(0,localhost,9092) with correlation id 535 for 1 topic(s) Set(earth_to_curiosity_5)
3049024 [main] INFO kafka.producer.SyncProducer  - Connected to localhost:9092 for producing
3049025 [main] INFO kafka.producer.SyncProducer  - Disconnecting from localhost:9092
3049025 [main] INFO kafka.producer.SyncProducer  - Disconnecting from zion-mainframe:9092
3049026 [main] INFO kafka.producer.SyncProducer  - Connected to zion-mainframe:9092 for producing
3658575 [main] INFO kafka.client.ClientUtils$  - Fetching metadata from broker BrokerEndPoint(0,localhost,9092) with correlation id 642 for 1 topic(s) Set(earth_to_curiosity_5)
3658578 [main] INFO kafka.producer.SyncProducer  - Connected to localhost:9092 for producing
3658580 [main] INFO kafka.producer.SyncProducer  - Disconnecting from localhost:9092
3658580 [main] INFO kafka.producer.SyncProducer  - Disconnecting from zion-mainframe:9092
3658581 [main] INFO kafka.producer.SyncProducer  - Connected to zion-mainframe:9092 for producing
4268163 [main] INFO kafka.client.ClientUtils$  - Fetching metadata from broker BrokerEndPoint(0,localhost,9092) with correlation id 749 for 1 topic(s) Set(earth_to_curiosity_5)
4268165 [main] INFO kafka.producer.SyncProducer  - Connected to localhost:9092 for producing
4268167 [main] INFO kafka.producer.SyncProducer  - Disconnecting from localhost:9092
4268167 [main] INFO kafka.producer.SyncProducer  - Disconnecting from zion-mainframe:9092
4268170 [main] INFO kafka.producer.SyncProducer  - Connected to zion-mainframe:9092 for producing
4877761 [main] INFO kafka.client.ClientUtils$  - Fetching metadata from broker BrokerEndPoint(0,localhost,9092) with correlation id 856 for 1 topic(s) Set(earth_to_curiosity_5)
4877762 [main] INFO kafka.producer.SyncProducer  - Connected to localhost:9092 for producing
4877763 [main] INFO kafka.producer.SyncProducer  - Disconnecting from localhost:9092
4877764 [main] INFO kafka.producer.SyncProducer  - Disconnecting from zion-mainframe:9092
4877766 [main] INFO kafka.producer.SyncProducer  - Connected to zion-mainframe:9092 for producing
5487346 [main] INFO kafka.client.ClientUtils$  - Fetching metadata from broker BrokerEndPoint(0,localhost,9092) with correlation id 963 for 1 topic(s) Set(earth_to_curiosity_5)
5487347 [main] INFO kafka.producer.SyncProducer  - Connected to localhost:9092 for producing
5487349 [main] INFO kafka.producer.SyncProducer  - Disconnecting from localhost:9092
5487349 [main] INFO kafka.producer.SyncProducer  - Disconnecting from zion-mainframe:9092
5487351 [main] INFO kafka.producer.SyncProducer  - Connected to zion-mainframe:9092 for producing
6096931 [main] INFO kafka.client.ClientUtils$  - Fetching metadata from broker BrokerEndPoint(0,localhost,9092) with correlation id 1070 for 1 topic(s) Set(earth_to_curiosity_5)
6096931 [main] INFO kafka.producer.SyncProducer  - Connected to localhost:9092 for producing
6096932 [main] INFO kafka.producer.SyncProducer  - Disconnecting from localhost:9092
6096933 [main] INFO kafka.producer.SyncProducer  - Disconnecting from zion-mainframe:9092
6096934 [main] INFO kafka.producer.SyncProducer  - Connected to zion-mainframe:9092 for producing
6706500 [main] INFO kafka.client.ClientUtils$  - Fetching metadata from broker BrokerEndPoint(0,localhost,9092) with correlation id 1177 for 1 topic(s) Set(earth_to_curiosity_5)
6706502 [main] INFO kafka.producer.SyncProducer  - Connected to localhost:9092 for producing
6706503 [main] INFO kafka.producer.SyncProducer  - Disconnecting from localhost:9092
6706504 [main] INFO kafka.producer.SyncProducer  - Disconnecting from zion-mainframe:9092
6706506 [main] INFO kafka.producer.SyncProducer  - Connected to zion-mainframe:9092 for producing
7316082 [main] INFO kafka.client.ClientUtils$  - Fetching metadata from broker BrokerEndPoint(0,localhost,9092) with correlation id 1284 for 1 topic(s) Set(earth_to_curiosity_5)
7316083 [main] INFO kafka.producer.SyncProducer  - Connected to localhost:9092 for producing
7316085 [main] INFO kafka.producer.SyncProducer  - Disconnecting from localhost:9092
7316085 [main] INFO kafka.producer.SyncProducer  - Disconnecting from zion-mainframe:9092
7316087 [main] INFO kafka.producer.SyncProducer  - Connected to zion-mainframe:9092 for producing
7925649 [main] INFO kafka.client.ClientUtils$  - Fetching metadata from broker BrokerEndPoint(0,localhost,9092) with correlation id 1391 for 1 topic(s) Set(earth_to_curiosity_5)
7925650 [main] INFO kafka.producer.SyncProducer  - Connected to localhost:9092 for producing
7925651 [main] INFO kafka.producer.SyncProducer  - Disconnecting from localhost:9092
7925651 [main] INFO kafka.producer.SyncProducer  - Disconnecting from zion-mainframe:9092
7925652 [main] INFO kafka.producer.SyncProducer  - Connected to zion-mainframe:9092 for producing
8535208 [main] INFO kafka.client.ClientUtils$  - Fetching metadata from broker BrokerEndPoint(0,localhost,9092) with correlation id 1498 for 1 topic(s) Set(earth_to_curiosity_5)
8535209 [main] INFO kafka.producer.SyncProducer  - Connected to localhost:9092 for producing
8535211 [main] INFO kafka.producer.SyncProducer  - Disconnecting from localhost:9092
8535211 [main] INFO kafka.producer.SyncProducer  - Disconnecting from zion-mainframe:9092
8535213 [main] INFO kafka.producer.SyncProducer  - Connected to zion-mainframe:9092 for producing
9144780 [main] INFO kafka.client.ClientUtils$  - Fetching metadata from broker BrokerEndPoint(0,localhost,9092) with correlation id 1605 for 1 topic(s) Set(earth_to_curiosity_5)
9144781 [main] INFO kafka.producer.SyncProducer  - Connected to localhost:9092 for producing
9144782 [main] INFO kafka.producer.SyncProducer  - Disconnecting from localhost:9092
9144783 [main] INFO kafka.producer.SyncProducer  - Disconnecting from zion-mainframe:9092
9144785 [main] INFO kafka.producer.SyncProducer  - Connected to zion-mainframe:9092 for producing
9754355 [main] INFO kafka.client.ClientUtils$  - Fetching metadata from broker BrokerEndPoint(0,localhost,9092) with correlation id 1712 for 1 topic(s) Set(earth_to_curiosity_5)
9754356 [main] INFO kafka.producer.SyncProducer  - Connected to localhost:9092 for producing
9754358 [main] INFO kafka.producer.SyncProducer  - Disconnecting from localhost:9092
9754358 [main] INFO kafka.producer.SyncProducer  - Disconnecting from zion-mainframe:9092
9754361 [main] INFO kafka.producer.SyncProducer  - Connected to zion-mainframe:9092 for producing
10363929 [main] INFO kafka.client.ClientUtils$  - Fetching metadata from broker BrokerEndPoint(0,localhost,9092) with correlation id 1819 for 1 topic(s) Set(earth_to_curiosity_5)
10363930 [main] INFO kafka.producer.SyncProducer  - Connected to localhost:9092 for producing
10363931 [main] INFO kafka.producer.SyncProducer  - Disconnecting from localhost:9092
10363932 [main] INFO kafka.producer.SyncProducer  - Disconnecting from zion-mainframe:9092
10363933 [main] INFO kafka.producer.SyncProducer  - Connected to zion-mainframe:9092 for producing
10973496 [main] INFO kafka.client.ClientUtils$  - Fetching metadata from broker BrokerEndPoint(0,localhost,9092) with correlation id 1926 for 1 topic(s) Set(earth_to_curiosity_5)
10973498 [main] INFO kafka.producer.SyncProducer  - Connected to localhost:9092 for producing
10973499 [main] INFO kafka.producer.SyncProducer  - Disconnecting from localhost:9092
10973500 [main] INFO kafka.producer.SyncProducer  - Disconnecting from zion-mainframe:9092
10973502 [main] INFO kafka.producer.SyncProducer  - Connected to zion-mainframe:9092 for producing
11583058 [main] INFO kafka.client.ClientUtils$  - Fetching metadata from broker BrokerEndPoint(0,localhost,9092) with correlation id 2033 for 1 topic(s) Set(earth_to_curiosity_5)
11583060 [main] INFO kafka.producer.SyncProducer  - Connected to localhost:9092 for producing
11583061 [main] INFO kafka.producer.SyncProducer  - Disconnecting from localhost:9092
11583062 [main] INFO kafka.producer.SyncProducer  - Disconnecting from zion-mainframe:9092
11583065 [main] INFO kafka.producer.SyncProducer  - Connected to zion-mainframe:9092 for producing
12192630 [main] INFO kafka.client.ClientUtils$  - Fetching metadata from broker BrokerEndPoint(0,localhost,9092) with correlation id 2140 for 1 topic(s) Set(earth_to_curiosity_5)
12192631 [main] INFO kafka.producer.SyncProducer  - Connected to localhost:9092 for producing
12192631 [main] INFO kafka.producer.SyncProducer  - Disconnecting from localhost:9092
12192631 [main] INFO kafka.producer.SyncProducer  - Disconnecting from zion-mainframe:9092
12192632 [main] INFO kafka.producer.SyncProducer  - Connected to zion-mainframe:9092 for producing
12802184 [main] INFO kafka.client.ClientUtils$  - Fetching metadata from broker BrokerEndPoint(0,localhost,9092) with correlation id 2247 for 1 topic(s) Set(earth_to_curiosity_5)
12802185 [main] INFO kafka.producer.SyncProducer  - Connected to localhost:9092 for producing
12802187 [main] INFO kafka.producer.SyncProducer  - Disconnecting from localhost:9092
12802187 [main] INFO kafka.producer.SyncProducer  - Disconnecting from zion-mainframe:9092
12802189 [main] INFO kafka.producer.SyncProducer  - Connected to zion-mainframe:9092 for producing
13411750 [main] INFO kafka.client.ClientUtils$  - Fetching metadata from broker BrokerEndPoint(0,localhost,9092) with correlation id 2354 for 1 topic(s) Set(earth_to_curiosity_5)
13411751 [main] INFO kafka.producer.SyncProducer  - Connected to localhost:9092 for producing
13411753 [main] INFO kafka.producer.SyncProducer  - Disconnecting from localhost:9092
13411753 [main] INFO kafka.producer.SyncProducer  - Disconnecting from zion-mainframe:9092
13411756 [main] INFO kafka.producer.SyncProducer  - Connected to zion-mainframe:9092 for producing
14021314 [main] INFO kafka.client.ClientUtils$  - Fetching metadata from broker BrokerEndPoint(0,localhost,9092) with correlation id 2461 for 1 topic(s) Set(earth_to_curiosity_5)
14021316 [main] INFO kafka.producer.SyncProducer  - Connected to localhost:9092 for producing
14021317 [main] INFO kafka.producer.SyncProducer  - Disconnecting from localhost:9092
14021317 [main] INFO kafka.producer.SyncProducer  - Disconnecting from zion-mainframe:9092
14021320 [main] INFO kafka.producer.SyncProducer  - Connected to zion-mainframe:9092 for producing
14630890 [main] INFO kafka.client.ClientUtils$  - Fetching metadata from broker BrokerEndPoint(0,localhost,9092) with correlation id 2568 for 1 topic(s) Set(earth_to_curiosity_5)
14630891 [main] INFO kafka.producer.SyncProducer  - Connected to localhost:9092 for producing
14630895 [main] INFO kafka.producer.SyncProducer  - Disconnecting from localhost:9092
14630895 [main] INFO kafka.producer.SyncProducer  - Disconnecting from zion-mainframe:9092
14630900 [main] INFO kafka.producer.SyncProducer  - Connected to zion-mainframe:9092 for producing
15240457 [main] INFO kafka.client.ClientUtils$  - Fetching metadata from broker BrokerEndPoint(0,localhost,9092) with correlation id 2675 for 1 topic(s) Set(earth_to_curiosity_5)
15240458 [main] INFO kafka.producer.SyncProducer  - Connected to localhost:9092 for producing
15240460 [main] INFO kafka.producer.SyncProducer  - Disconnecting from localhost:9092
15240460 [main] INFO kafka.producer.SyncProducer  - Disconnecting from zion-mainframe:9092
15240465 [main] INFO kafka.producer.SyncProducer  - Connected to zion-mainframe:9092 for producing
15850016 [main] INFO kafka.client.ClientUtils$  - Fetching metadata from broker BrokerEndPoint(0,localhost,9092) with correlation id 2782 for 1 topic(s) Set(earth_to_curiosity_5)
15850017 [main] INFO kafka.producer.SyncProducer  - Connected to localhost:9092 for producing
15850018 [main] INFO kafka.producer.SyncProducer  - Disconnecting from localhost:9092
15850018 [main] INFO kafka.producer.SyncProducer  - Disconnecting from zion-mainframe:9092
15850020 [main] INFO kafka.producer.SyncProducer  - Connected to zion-mainframe:9092 for producing
16459570 [main] INFO kafka.client.ClientUtils$  - Fetching metadata from broker BrokerEndPoint(0,localhost,9092) with correlation id 2889 for 1 topic(s) Set(earth_to_curiosity_5)
16459572 [main] INFO kafka.producer.SyncProducer  - Connected to localhost:9092 for producing
16459573 [main] INFO kafka.producer.SyncProducer  - Disconnecting from localhost:9092
16459573 [main] INFO kafka.producer.SyncProducer  - Disconnecting from zion-mainframe:9092
16459575 [main] INFO kafka.producer.SyncProducer  - Connected to zion-mainframe:9092 for producing
17069127 [main] INFO kafka.client.ClientUtils$  - Fetching metadata from broker BrokerEndPoint(0,localhost,9092) with correlation id 2996 for 1 topic(s) Set(earth_to_curiosity_5)
17069127 [main] INFO kafka.producer.SyncProducer  - Connected to localhost:9092 for producing
17069128 [main] INFO kafka.producer.SyncProducer  - Disconnecting from localhost:9092
17069128 [main] INFO kafka.producer.SyncProducer  - Disconnecting from zion-mainframe:9092
17069129 [main] INFO kafka.producer.SyncProducer  - Connected to zion-mainframe:9092 for producing
17678672 [main] INFO kafka.client.ClientUtils$  - Fetching metadata from broker BrokerEndPoint(0,localhost,9092) with correlation id 3103 for 1 topic(s) Set(earth_to_curiosity_5)
17678672 [main] INFO kafka.producer.SyncProducer  - Connected to localhost:9092 for producing
17678673 [main] INFO kafka.producer.SyncProducer  - Disconnecting from localhost:9092
17678673 [main] INFO kafka.producer.SyncProducer  - Disconnecting from zion-mainframe:9092
17678674 [main] INFO kafka.producer.SyncProducer  - Connected to zion-mainframe:9092 for producing
18288231 [main] INFO kafka.client.ClientUtils$  - Fetching metadata from broker BrokerEndPoint(0,localhost,9092) with correlation id 3210 for 1 topic(s) Set(earth_to_curiosity_5)
18288232 [main] INFO kafka.producer.SyncProducer  - Connected to localhost:9092 for producing
18288233 [main] INFO kafka.producer.SyncProducer  - Disconnecting from localhost:9092
18288234 [main] INFO kafka.producer.SyncProducer  - Disconnecting from zion-mainframe:9092
18288237 [main] INFO kafka.producer.SyncProducer  - Connected to zion-mainframe:9092 for producing
18897784 [main] INFO kafka.client.ClientUtils$  - Fetching metadata from broker BrokerEndPoint(0,localhost,9092) with correlation id 3317 for 1 topic(s) Set(earth_to_curiosity_5)
18897784 [main] INFO kafka.producer.SyncProducer  - Connected to localhost:9092 for producing
18897785 [main] INFO kafka.producer.SyncProducer  - Disconnecting from localhost:9092
18897785 [main] INFO kafka.producer.SyncProducer  - Disconnecting from zion-mainframe:9092
18897785 [main] INFO kafka.producer.SyncProducer  - Connected to zion-mainframe:9092 for producing
19507336 [main] INFO kafka.client.ClientUtils$  - Fetching metadata from broker BrokerEndPoint(0,localhost,9092) with correlation id 3424 for 1 topic(s) Set(earth_to_curiosity_5)
19507337 [main] INFO kafka.producer.SyncProducer  - Connected to localhost:9092 for producing
19507338 [main] INFO kafka.producer.SyncProducer  - Disconnecting from localhost:9092
19507338 [main] INFO kafka.producer.SyncProducer  - Disconnecting from zion-mainframe:9092
19507340 [main] INFO kafka.producer.SyncProducer  - Connected to zion-mainframe:9092 for producing
20116887 [main] INFO kafka.client.ClientUtils$  - Fetching metadata from broker BrokerEndPoint(0,localhost,9092) with correlation id 3531 for 1 topic(s) Set(earth_to_curiosity_5)
20116888 [main] INFO kafka.producer.SyncProducer  - Connected to localhost:9092 for producing
20116889 [main] INFO kafka.producer.SyncProducer  - Disconnecting from localhost:9092
20116890 [main] INFO kafka.producer.SyncProducer  - Disconnecting from zion-mainframe:9092
20116891 [main] INFO kafka.producer.SyncProducer  - Connected to zion-mainframe:9092 for producing
20726438 [main] INFO kafka.client.ClientUtils$  - Fetching metadata from broker BrokerEndPoint(0,localhost,9092) with correlation id 3638 for 1 topic(s) Set(earth_to_curiosity_5)
20726438 [main] INFO kafka.producer.SyncProducer  - Connected to localhost:9092 for producing
20726440 [main] INFO kafka.producer.SyncProducer  - Disconnecting from localhost:9092
20726440 [main] INFO kafka.producer.SyncProducer  - Disconnecting from zion-mainframe:9092
20726442 [main] INFO kafka.producer.SyncProducer  - Connected to zion-mainframe:9092 for producing
21335986 [main] INFO kafka.client.ClientUtils$  - Fetching metadata from broker BrokerEndPoint(0,localhost,9092) with correlation id 3745 for 1 topic(s) Set(earth_to_curiosity_5)
21335987 [main] INFO kafka.producer.SyncProducer  - Connected to localhost:9092 for producing
21335987 [main] INFO kafka.producer.SyncProducer  - Disconnecting from localhost:9092
21335987 [main] INFO kafka.producer.SyncProducer  - Disconnecting from zion-mainframe:9092
21335988 [main] INFO kafka.producer.SyncProducer  - Connected to zion-mainframe:9092 for producing
21945529 [main] INFO kafka.client.ClientUtils$  - Fetching metadata from broker BrokerEndPoint(0,localhost,9092) with correlation id 3852 for 1 topic(s) Set(earth_to_curiosity_5)
21945529 [main] INFO kafka.producer.SyncProducer  - Connected to localhost:9092 for producing
21945530 [main] INFO kafka.producer.SyncProducer  - Disconnecting from localhost:9092
21945530 [main] INFO kafka.producer.SyncProducer  - Disconnecting from zion-mainframe:9092
21945531 [main] INFO kafka.producer.SyncProducer  - Connected to zion-mainframe:9092 for producing
22555074 [main] INFO kafka.client.ClientUtils$  - Fetching metadata from broker BrokerEndPoint(0,localhost,9092) with correlation id 3959 for 1 topic(s) Set(earth_to_curiosity_5)
22555075 [main] INFO kafka.producer.SyncProducer  - Connected to localhost:9092 for producing
22555076 [main] INFO kafka.producer.SyncProducer  - Disconnecting from localhost:9092
22555076 [main] INFO kafka.producer.SyncProducer  - Disconnecting from zion-mainframe:9092
22555078 [main] INFO kafka.producer.SyncProducer  - Connected to zion-mainframe:9092 for producing
23164622 [main] INFO kafka.client.ClientUtils$  - Fetching metadata from broker BrokerEndPoint(0,localhost,9092) with correlation id 4066 for 1 topic(s) Set(earth_to_curiosity_5)
23164624 [main] INFO kafka.producer.SyncProducer  - Connected to localhost:9092 for producing
23164627 [main] INFO kafka.producer.SyncProducer  - Disconnecting from localhost:9092
23164628 [main] INFO kafka.producer.SyncProducer  - Disconnecting from zion-mainframe:9092
23164629 [main] INFO kafka.producer.SyncProducer  - Connected to zion-mainframe:9092 for producing
23774168 [main] INFO kafka.client.ClientUtils$  - Fetching metadata from broker BrokerEndPoint(0,localhost,9092) with correlation id 4173 for 1 topic(s) Set(earth_to_curiosity_5)
23774169 [main] INFO kafka.producer.SyncProducer  - Connected to localhost:9092 for producing
23774169 [main] INFO kafka.producer.SyncProducer  - Disconnecting from localhost:9092
23774170 [main] INFO kafka.producer.SyncProducer  - Disconnecting from zion-mainframe:9092
23774171 [main] INFO kafka.producer.SyncProducer  - Connected to zion-mainframe:9092 for producing
24383717 [main] INFO kafka.client.ClientUtils$  - Fetching metadata from broker BrokerEndPoint(0,localhost,9092) with correlation id 4280 for 1 topic(s) Set(earth_to_curiosity_5)
24383718 [main] INFO kafka.producer.SyncProducer  - Connected to localhost:9092 for producing
24383719 [main] INFO kafka.producer.SyncProducer  - Disconnecting from localhost:9092
24383719 [main] INFO kafka.producer.SyncProducer  - Disconnecting from zion-mainframe:9092
24383721 [main] INFO kafka.producer.SyncProducer  - Connected to zion-mainframe:9092 for producing
24993266 [main] INFO kafka.client.ClientUtils$  - Fetching metadata from broker BrokerEndPoint(0,localhost,9092) with correlation id 4387 for 1 topic(s) Set(earth_to_curiosity_5)
24993267 [main] INFO kafka.producer.SyncProducer  - Connected to localhost:9092 for producing
24993269 [main] INFO kafka.producer.SyncProducer  - Disconnecting from localhost:9092
24993269 [main] INFO kafka.producer.SyncProducer  - Disconnecting from zion-mainframe:9092
24993272 [main] INFO kafka.producer.SyncProducer  - Connected to zion-mainframe:9092 for producing
25602840 [main] INFO kafka.client.ClientUtils$  - Fetching metadata from broker BrokerEndPoint(0,localhost,9092) with correlation id 4494 for 1 topic(s) Set(earth_to_curiosity_5)
25602840 [main] INFO kafka.producer.SyncProducer  - Connected to localhost:9092 for producing
25602841 [main] INFO kafka.producer.SyncProducer  - Disconnecting from localhost:9092
25602842 [main] INFO kafka.producer.SyncProducer  - Disconnecting from zion-mainframe:9092
25602843 [main] INFO kafka.producer.SyncProducer  - Connected to zion-mainframe:9092 for producing
26212387 [main] INFO kafka.client.ClientUtils$  - Fetching metadata from broker BrokerEndPoint(0,localhost,9092) with correlation id 4601 for 1 topic(s) Set(earth_to_curiosity_5)
26212388 [main] INFO kafka.producer.SyncProducer  - Connected to localhost:9092 for producing
26212389 [main] INFO kafka.producer.SyncProducer  - Disconnecting from localhost:9092
26212389 [main] INFO kafka.producer.SyncProducer  - Disconnecting from zion-mainframe:9092
26212391 [main] INFO kafka.producer.SyncProducer  - Connected to zion-mainframe:9092 for producing
26821933 [main] INFO kafka.client.ClientUtils$  - Fetching metadata from broker BrokerEndPoint(0,localhost,9092) with correlation id 4708 for 1 topic(s) Set(earth_to_curiosity_5)
26821933 [main] INFO kafka.producer.SyncProducer  - Connected to localhost:9092 for producing
26821934 [main] INFO kafka.producer.SyncProducer  - Disconnecting from localhost:9092
26821934 [main] INFO kafka.producer.SyncProducer  - Disconnecting from zion-mainframe:9092
26821936 [main] INFO kafka.producer.SyncProducer  - Connected to zion-mainframe:9092 for producing
27431476 [main] INFO kafka.client.ClientUtils$  - Fetching metadata from broker BrokerEndPoint(0,localhost,9092) with correlation id 4815 for 1 topic(s) Set(earth_to_curiosity_5)
27431477 [main] INFO kafka.producer.SyncProducer  - Connected to localhost:9092 for producing
27431478 [main] INFO kafka.producer.SyncProducer  - Disconnecting from localhost:9092
27431478 [main] INFO kafka.producer.SyncProducer  - Disconnecting from zion-mainframe:9092
27431480 [main] INFO kafka.producer.SyncProducer  - Connected to zion-mainframe:9092 for producing
28041018 [main] INFO kafka.client.ClientUtils$  - Fetching metadata from broker BrokerEndPoint(0,localhost,9092) with correlation id 4922 for 1 topic(s) Set(earth_to_curiosity_5)
28041018 [main] INFO kafka.producer.SyncProducer  - Connected to localhost:9092 for producing
28041019 [main] INFO kafka.producer.SyncProducer  - Disconnecting from localhost:9092
28041019 [main] INFO kafka.producer.SyncProducer  - Disconnecting from zion-mainframe:9092
28041019 [main] INFO kafka.producer.SyncProducer  - Connected to zion-mainframe:9092 for producing
28650561 [main] INFO kafka.client.ClientUtils$  - Fetching metadata from broker BrokerEndPoint(0,localhost,9092) with correlation id 5029 for 1 topic(s) Set(earth_to_curiosity_5)
28650562 [main] INFO kafka.producer.SyncProducer  - Connected to localhost:9092 for producing
28650563 [main] INFO kafka.producer.SyncProducer  - Disconnecting from localhost:9092
28650564 [main] INFO kafka.producer.SyncProducer  - Disconnecting from zion-mainframe:9092
28650566 [main] INFO kafka.producer.SyncProducer  - Connected to zion-mainframe:9092 for producing
