0 [main] INFO kafka.utils.VerifiableProperties  - Verifying properties
26 [main] WARN kafka.utils.VerifiableProperties  - Property auto.offset.reset is not valid
26 [main] WARN kafka.utils.VerifiableProperties  - Property bootstrap.servers is not valid
26 [main] WARN kafka.utils.VerifiableProperties  - Property destination.topic is not valid
27 [main] WARN kafka.utils.VerifiableProperties  - Property group.id is not valid
27 [main] WARN kafka.utils.VerifiableProperties  - Property key.serializer is not valid
27 [main] INFO kafka.utils.VerifiableProperties  - Property metadata.broker.list is overridden to localhost:9092
27 [main] WARN kafka.utils.VerifiableProperties  - Property source.topic is not valid
27 [main] WARN kafka.utils.VerifiableProperties  - Property value.serializer is not valid
28 [main] WARN kafka.utils.VerifiableProperties  - Property zookeeper.connect is not valid
292 [main] INFO kafka.client.ClientUtils$  - Fetching metadata from broker BrokerEndPoint(0,localhost,9092) with correlation id 0 for 1 topic(s) Set(earth_to_curiosity_6)
301 [main] INFO kafka.producer.SyncProducer  - Connected to localhost:9092 for producing
318 [main] INFO kafka.producer.SyncProducer  - Disconnecting from localhost:9092
358 [main] INFO kafka.producer.SyncProducer  - Connected to zion-mainframe:9092 for producing
605340 [main] INFO kafka.client.ClientUtils$  - Fetching metadata from broker BrokerEndPoint(0,localhost,9092) with correlation id 27 for 1 topic(s) Set(earth_to_curiosity_6)
605341 [main] INFO kafka.producer.SyncProducer  - Connected to localhost:9092 for producing
605342 [main] INFO kafka.producer.SyncProducer  - Disconnecting from localhost:9092
605342 [main] INFO kafka.producer.SyncProducer  - Disconnecting from zion-mainframe:9092
605344 [main] INFO kafka.producer.SyncProducer  - Connected to zion-mainframe:9092 for producing
1210278 [main] INFO kafka.client.ClientUtils$  - Fetching metadata from broker BrokerEndPoint(0,localhost,9092) with correlation id 54 for 1 topic(s) Set(earth_to_curiosity_6)
1210279 [main] INFO kafka.producer.SyncProducer  - Connected to localhost:9092 for producing
1210280 [main] INFO kafka.producer.SyncProducer  - Disconnecting from localhost:9092
1210280 [main] INFO kafka.producer.SyncProducer  - Disconnecting from zion-mainframe:9092
1210282 [main] INFO kafka.producer.SyncProducer  - Connected to zion-mainframe:9092 for producing
1816629 [main] INFO kafka.client.ClientUtils$  - Fetching metadata from broker BrokerEndPoint(0,localhost,9092) with correlation id 83 for 1 topic(s) Set(earth_to_curiosity_6)
1816630 [main] INFO kafka.producer.SyncProducer  - Connected to localhost:9092 for producing
1816630 [main] INFO kafka.producer.SyncProducer  - Disconnecting from localhost:9092
1816630 [main] INFO kafka.producer.SyncProducer  - Disconnecting from zion-mainframe:9092
1816631 [main] INFO kafka.producer.SyncProducer  - Connected to zion-mainframe:9092 for producing
2422812 [main] INFO kafka.client.ClientUtils$  - Fetching metadata from broker BrokerEndPoint(0,localhost,9092) with correlation id 112 for 1 topic(s) Set(earth_to_curiosity_6)
2422812 [main] INFO kafka.producer.SyncProducer  - Connected to localhost:9092 for producing
2422813 [main] INFO kafka.producer.SyncProducer  - Disconnecting from localhost:9092
2422813 [main] INFO kafka.producer.SyncProducer  - Disconnecting from zion-mainframe:9092
2422814 [main] INFO kafka.producer.SyncProducer  - Connected to zion-mainframe:9092 for producing
3030620 [main] INFO kafka.client.ClientUtils$  - Fetching metadata from broker BrokerEndPoint(0,localhost,9092) with correlation id 143 for 1 topic(s) Set(earth_to_curiosity_6)
3030621 [main] INFO kafka.producer.SyncProducer  - Connected to localhost:9092 for producing
3030622 [main] INFO kafka.producer.SyncProducer  - Disconnecting from localhost:9092
3030622 [main] INFO kafka.producer.SyncProducer  - Disconnecting from zion-mainframe:9092
3030623 [main] INFO kafka.producer.SyncProducer  - Connected to zion-mainframe:9092 for producing
3636874 [main] INFO kafka.client.ClientUtils$  - Fetching metadata from broker BrokerEndPoint(0,localhost,9092) with correlation id 172 for 1 topic(s) Set(earth_to_curiosity_6)
3636875 [main] INFO kafka.producer.SyncProducer  - Connected to localhost:9092 for producing
3636877 [main] INFO kafka.producer.SyncProducer  - Disconnecting from localhost:9092
3636878 [main] INFO kafka.producer.SyncProducer  - Disconnecting from zion-mainframe:9092
3636885 [main] INFO kafka.producer.SyncProducer  - Connected to zion-mainframe:9092 for producing
4241669 [main] INFO kafka.client.ClientUtils$  - Fetching metadata from broker BrokerEndPoint(0,localhost,9092) with correlation id 199 for 1 topic(s) Set(earth_to_curiosity_6)
4241669 [main] INFO kafka.producer.SyncProducer  - Connected to localhost:9092 for producing
4241671 [main] INFO kafka.producer.SyncProducer  - Disconnecting from localhost:9092
4241671 [main] INFO kafka.producer.SyncProducer  - Disconnecting from zion-mainframe:9092
4241672 [main] INFO kafka.producer.SyncProducer  - Connected to zion-mainframe:9092 for producing
4846421 [main] INFO kafka.client.ClientUtils$  - Fetching metadata from broker BrokerEndPoint(0,localhost,9092) with correlation id 226 for 1 topic(s) Set(earth_to_curiosity_6)
4846422 [main] INFO kafka.producer.SyncProducer  - Connected to localhost:9092 for producing
4846424 [main] INFO kafka.producer.SyncProducer  - Disconnecting from localhost:9092
4846424 [main] INFO kafka.producer.SyncProducer  - Disconnecting from zion-mainframe:9092
4846427 [main] INFO kafka.producer.SyncProducer  - Connected to zion-mainframe:9092 for producing
5451148 [main] INFO kafka.client.ClientUtils$  - Fetching metadata from broker BrokerEndPoint(0,localhost,9092) with correlation id 253 for 1 topic(s) Set(earth_to_curiosity_6)
5451148 [main] INFO kafka.producer.SyncProducer  - Connected to localhost:9092 for producing
5451149 [main] INFO kafka.producer.SyncProducer  - Disconnecting from localhost:9092
5451149 [main] INFO kafka.producer.SyncProducer  - Disconnecting from zion-mainframe:9092
5451149 [main] INFO kafka.producer.SyncProducer  - Connected to zion-mainframe:9092 for producing
6055892 [main] INFO kafka.client.ClientUtils$  - Fetching metadata from broker BrokerEndPoint(0,localhost,9092) with correlation id 280 for 1 topic(s) Set(earth_to_curiosity_6)
6055894 [main] INFO kafka.producer.SyncProducer  - Connected to localhost:9092 for producing
6055896 [main] INFO kafka.producer.SyncProducer  - Disconnecting from localhost:9092
6055897 [main] INFO kafka.producer.SyncProducer  - Disconnecting from zion-mainframe:9092
6055900 [main] INFO kafka.producer.SyncProducer  - Connected to zion-mainframe:9092 for producing
6662156 [main] INFO kafka.client.ClientUtils$  - Fetching metadata from broker BrokerEndPoint(0,localhost,9092) with correlation id 309 for 1 topic(s) Set(earth_to_curiosity_6)
6662157 [main] INFO kafka.producer.SyncProducer  - Connected to localhost:9092 for producing
6662159 [main] INFO kafka.producer.SyncProducer  - Disconnecting from localhost:9092
6662159 [main] INFO kafka.producer.SyncProducer  - Disconnecting from zion-mainframe:9092
6662162 [main] INFO kafka.producer.SyncProducer  - Connected to zion-mainframe:9092 for producing
7269900 [main] INFO kafka.client.ClientUtils$  - Fetching metadata from broker BrokerEndPoint(0,localhost,9092) with correlation id 340 for 1 topic(s) Set(earth_to_curiosity_6)
7269901 [main] INFO kafka.producer.SyncProducer  - Connected to localhost:9092 for producing
7269903 [main] INFO kafka.producer.SyncProducer  - Disconnecting from localhost:9092
7269903 [main] INFO kafka.producer.SyncProducer  - Disconnecting from zion-mainframe:9092
7269908 [main] INFO kafka.producer.SyncProducer  - Connected to zion-mainframe:9092 for producing
7876167 [main] INFO kafka.client.ClientUtils$  - Fetching metadata from broker BrokerEndPoint(0,localhost,9092) with correlation id 369 for 1 topic(s) Set(earth_to_curiosity_6)
7876168 [main] INFO kafka.producer.SyncProducer  - Connected to localhost:9092 for producing
7876169 [main] INFO kafka.producer.SyncProducer  - Disconnecting from localhost:9092
7876170 [main] INFO kafka.producer.SyncProducer  - Disconnecting from zion-mainframe:9092
7876171 [main] INFO kafka.producer.SyncProducer  - Connected to zion-mainframe:9092 for producing
8483926 [main] INFO kafka.client.ClientUtils$  - Fetching metadata from broker BrokerEndPoint(0,localhost,9092) with correlation id 400 for 1 topic(s) Set(earth_to_curiosity_6)
8483927 [main] INFO kafka.producer.SyncProducer  - Connected to localhost:9092 for producing
8483929 [main] INFO kafka.producer.SyncProducer  - Disconnecting from localhost:9092
8483929 [main] INFO kafka.producer.SyncProducer  - Disconnecting from zion-mainframe:9092
8483932 [main] INFO kafka.producer.SyncProducer  - Connected to zion-mainframe:9092 for producing
9090147 [main] INFO kafka.client.ClientUtils$  - Fetching metadata from broker BrokerEndPoint(0,localhost,9092) with correlation id 429 for 1 topic(s) Set(earth_to_curiosity_6)
9090148 [main] INFO kafka.producer.SyncProducer  - Connected to localhost:9092 for producing
9090150 [main] INFO kafka.producer.SyncProducer  - Disconnecting from localhost:9092
9090150 [main] INFO kafka.producer.SyncProducer  - Disconnecting from zion-mainframe:9092
9090153 [main] INFO kafka.producer.SyncProducer  - Connected to zion-mainframe:9092 for producing
9696378 [main] INFO kafka.client.ClientUtils$  - Fetching metadata from broker BrokerEndPoint(0,localhost,9092) with correlation id 458 for 1 topic(s) Set(earth_to_curiosity_6)
9696380 [main] INFO kafka.producer.SyncProducer  - Connected to localhost:9092 for producing
9696382 [main] INFO kafka.producer.SyncProducer  - Disconnecting from localhost:9092
9696382 [main] INFO kafka.producer.SyncProducer  - Disconnecting from zion-mainframe:9092
9696385 [main] INFO kafka.producer.SyncProducer  - Connected to zion-mainframe:9092 for producing
10301081 [main] INFO kafka.client.ClientUtils$  - Fetching metadata from broker BrokerEndPoint(0,localhost,9092) with correlation id 485 for 1 topic(s) Set(earth_to_curiosity_6)
10301082 [main] INFO kafka.producer.SyncProducer  - Connected to localhost:9092 for producing
10301084 [main] INFO kafka.producer.SyncProducer  - Disconnecting from localhost:9092
10301084 [main] INFO kafka.producer.SyncProducer  - Disconnecting from zion-mainframe:9092
10301086 [main] INFO kafka.producer.SyncProducer  - Connected to zion-mainframe:9092 for producing
10908816 [main] INFO kafka.client.ClientUtils$  - Fetching metadata from broker BrokerEndPoint(0,localhost,9092) with correlation id 516 for 1 topic(s) Set(earth_to_curiosity_6)
10908816 [main] INFO kafka.producer.SyncProducer  - Connected to localhost:9092 for producing
10908816 [main] INFO kafka.producer.SyncProducer  - Disconnecting from localhost:9092
10908816 [main] INFO kafka.producer.SyncProducer  - Disconnecting from zion-mainframe:9092
10908818 [main] INFO kafka.producer.SyncProducer  - Connected to zion-mainframe:9092 for producing
11516553 [main] INFO kafka.client.ClientUtils$  - Fetching metadata from broker BrokerEndPoint(0,localhost,9092) with correlation id 547 for 1 topic(s) Set(earth_to_curiosity_6)
11516553 [main] INFO kafka.producer.SyncProducer  - Connected to localhost:9092 for producing
11516554 [main] INFO kafka.producer.SyncProducer  - Disconnecting from localhost:9092
11516554 [main] INFO kafka.producer.SyncProducer  - Disconnecting from zion-mainframe:9092
11516554 [main] INFO kafka.producer.SyncProducer  - Connected to zion-mainframe:9092 for producing
12122755 [main] INFO kafka.client.ClientUtils$  - Fetching metadata from broker BrokerEndPoint(0,localhost,9092) with correlation id 576 for 1 topic(s) Set(earth_to_curiosity_6)
12122756 [main] INFO kafka.producer.SyncProducer  - Connected to localhost:9092 for producing
12122757 [main] INFO kafka.producer.SyncProducer  - Disconnecting from localhost:9092
12122758 [main] INFO kafka.producer.SyncProducer  - Disconnecting from zion-mainframe:9092
12122760 [main] INFO kafka.producer.SyncProducer  - Connected to zion-mainframe:9092 for producing
12729039 [main] INFO kafka.client.ClientUtils$  - Fetching metadata from broker BrokerEndPoint(0,localhost,9092) with correlation id 605 for 1 topic(s) Set(earth_to_curiosity_6)
12729040 [main] INFO kafka.producer.SyncProducer  - Connected to localhost:9092 for producing
12729042 [main] INFO kafka.producer.SyncProducer  - Disconnecting from localhost:9092
12729043 [main] INFO kafka.producer.SyncProducer  - Disconnecting from zion-mainframe:9092
12729045 [main] INFO kafka.producer.SyncProducer  - Connected to zion-mainframe:9092 for producing
13335251 [main] INFO kafka.client.ClientUtils$  - Fetching metadata from broker BrokerEndPoint(0,localhost,9092) with correlation id 634 for 1 topic(s) Set(earth_to_curiosity_6)
13335252 [main] INFO kafka.producer.SyncProducer  - Connected to localhost:9092 for producing
13335254 [main] INFO kafka.producer.SyncProducer  - Disconnecting from localhost:9092
13335254 [main] INFO kafka.producer.SyncProducer  - Disconnecting from zion-mainframe:9092
13335256 [main] INFO kafka.producer.SyncProducer  - Connected to zion-mainframe:9092 for producing
13939980 [main] INFO kafka.client.ClientUtils$  - Fetching metadata from broker BrokerEndPoint(0,localhost,9092) with correlation id 661 for 1 topic(s) Set(earth_to_curiosity_6)
13939981 [main] INFO kafka.producer.SyncProducer  - Connected to localhost:9092 for producing
13939983 [main] INFO kafka.producer.SyncProducer  - Disconnecting from localhost:9092
13939983 [main] INFO kafka.producer.SyncProducer  - Disconnecting from zion-mainframe:9092
13939985 [main] INFO kafka.producer.SyncProducer  - Connected to zion-mainframe:9092 for producing
14546235 [main] INFO kafka.client.ClientUtils$  - Fetching metadata from broker BrokerEndPoint(0,localhost,9092) with correlation id 690 for 1 topic(s) Set(earth_to_curiosity_6)
14546236 [main] INFO kafka.producer.SyncProducer  - Connected to localhost:9092 for producing
14546238 [main] INFO kafka.producer.SyncProducer  - Disconnecting from localhost:9092
14546239 [main] INFO kafka.producer.SyncProducer  - Disconnecting from zion-mainframe:9092
14546243 [main] INFO kafka.producer.SyncProducer  - Connected to zion-mainframe:9092 for producing
15152451 [main] INFO kafka.client.ClientUtils$  - Fetching metadata from broker BrokerEndPoint(0,localhost,9092) with correlation id 719 for 1 topic(s) Set(earth_to_curiosity_6)
15152452 [main] INFO kafka.producer.SyncProducer  - Connected to localhost:9092 for producing
15152453 [main] INFO kafka.producer.SyncProducer  - Disconnecting from localhost:9092
15152454 [main] INFO kafka.producer.SyncProducer  - Disconnecting from zion-mainframe:9092
15152456 [main] INFO kafka.producer.SyncProducer  - Connected to zion-mainframe:9092 for producing
15757143 [main] INFO kafka.client.ClientUtils$  - Fetching metadata from broker BrokerEndPoint(0,localhost,9092) with correlation id 746 for 1 topic(s) Set(earth_to_curiosity_6)
15757144 [main] INFO kafka.producer.SyncProducer  - Connected to localhost:9092 for producing
15757146 [main] INFO kafka.producer.SyncProducer  - Disconnecting from localhost:9092
15757147 [main] INFO kafka.producer.SyncProducer  - Disconnecting from zion-mainframe:9092
15757148 [main] INFO kafka.producer.SyncProducer  - Connected to zion-mainframe:9092 for producing
16361826 [main] INFO kafka.client.ClientUtils$  - Fetching metadata from broker BrokerEndPoint(0,localhost,9092) with correlation id 773 for 1 topic(s) Set(earth_to_curiosity_6)
16361827 [main] INFO kafka.producer.SyncProducer  - Connected to localhost:9092 for producing
16361827 [main] INFO kafka.producer.SyncProducer  - Disconnecting from localhost:9092
16361827 [main] INFO kafka.producer.SyncProducer  - Disconnecting from zion-mainframe:9092
16361827 [main] INFO kafka.producer.SyncProducer  - Connected to zion-mainframe:9092 for producing
16966543 [main] INFO kafka.client.ClientUtils$  - Fetching metadata from broker BrokerEndPoint(0,localhost,9092) with correlation id 800 for 1 topic(s) Set(earth_to_curiosity_6)
16966543 [main] INFO kafka.producer.SyncProducer  - Connected to localhost:9092 for producing
16966544 [main] INFO kafka.producer.SyncProducer  - Disconnecting from localhost:9092
16966544 [main] INFO kafka.producer.SyncProducer  - Disconnecting from zion-mainframe:9092
16966544 [main] INFO kafka.producer.SyncProducer  - Connected to zion-mainframe:9092 for producing
17572732 [main] INFO kafka.client.ClientUtils$  - Fetching metadata from broker BrokerEndPoint(0,localhost,9092) with correlation id 829 for 1 topic(s) Set(earth_to_curiosity_6)
17572733 [main] INFO kafka.producer.SyncProducer  - Connected to localhost:9092 for producing
17572734 [main] INFO kafka.producer.SyncProducer  - Disconnecting from localhost:9092
17572735 [main] INFO kafka.producer.SyncProducer  - Disconnecting from zion-mainframe:9092
17572736 [main] INFO kafka.producer.SyncProducer  - Connected to zion-mainframe:9092 for producing
18178935 [main] INFO kafka.client.ClientUtils$  - Fetching metadata from broker BrokerEndPoint(0,localhost,9092) with correlation id 858 for 1 topic(s) Set(earth_to_curiosity_6)
18178936 [main] INFO kafka.producer.SyncProducer  - Connected to localhost:9092 for producing
18178938 [main] INFO kafka.producer.SyncProducer  - Disconnecting from localhost:9092
18178938 [main] INFO kafka.producer.SyncProducer  - Disconnecting from zion-mainframe:9092
18178943 [main] INFO kafka.producer.SyncProducer  - Connected to zion-mainframe:9092 for producing
18786632 [main] INFO kafka.client.ClientUtils$  - Fetching metadata from broker BrokerEndPoint(0,localhost,9092) with correlation id 889 for 1 topic(s) Set(earth_to_curiosity_6)
18786633 [main] INFO kafka.producer.SyncProducer  - Connected to localhost:9092 for producing
18786635 [main] INFO kafka.producer.SyncProducer  - Disconnecting from localhost:9092
18786635 [main] INFO kafka.producer.SyncProducer  - Disconnecting from zion-mainframe:9092
18786637 [main] INFO kafka.producer.SyncProducer  - Connected to zion-mainframe:9092 for producing
19392877 [main] INFO kafka.client.ClientUtils$  - Fetching metadata from broker BrokerEndPoint(0,localhost,9092) with correlation id 918 for 1 topic(s) Set(earth_to_curiosity_6)
19392878 [main] INFO kafka.producer.SyncProducer  - Connected to localhost:9092 for producing
19392880 [main] INFO kafka.producer.SyncProducer  - Disconnecting from localhost:9092
19392880 [main] INFO kafka.producer.SyncProducer  - Disconnecting from zion-mainframe:9092
19392882 [main] INFO kafka.producer.SyncProducer  - Connected to zion-mainframe:9092 for producing
19999065 [main] INFO kafka.client.ClientUtils$  - Fetching metadata from broker BrokerEndPoint(0,localhost,9092) with correlation id 947 for 1 topic(s) Set(earth_to_curiosity_6)
19999066 [main] INFO kafka.producer.SyncProducer  - Connected to localhost:9092 for producing
19999067 [main] INFO kafka.producer.SyncProducer  - Disconnecting from localhost:9092
19999067 [main] INFO kafka.producer.SyncProducer  - Disconnecting from zion-mainframe:9092
19999068 [main] INFO kafka.producer.SyncProducer  - Connected to zion-mainframe:9092 for producing
20608296 [main] INFO kafka.client.ClientUtils$  - Fetching metadata from broker BrokerEndPoint(0,localhost,9092) with correlation id 980 for 1 topic(s) Set(earth_to_curiosity_6)
20608297 [main] INFO kafka.producer.SyncProducer  - Connected to localhost:9092 for producing
20608298 [main] INFO kafka.producer.SyncProducer  - Disconnecting from localhost:9092
20608299 [main] INFO kafka.producer.SyncProducer  - Disconnecting from zion-mainframe:9092
20608300 [main] INFO kafka.producer.SyncProducer  - Connected to zion-mainframe:9092 for producing
21213014 [main] INFO kafka.client.ClientUtils$  - Fetching metadata from broker BrokerEndPoint(0,localhost,9092) with correlation id 1007 for 1 topic(s) Set(earth_to_curiosity_6)
21213016 [main] INFO kafka.producer.SyncProducer  - Connected to localhost:9092 for producing
21213017 [main] INFO kafka.producer.SyncProducer  - Disconnecting from localhost:9092
21213018 [main] INFO kafka.producer.SyncProducer  - Disconnecting from zion-mainframe:9092
21213019 [main] INFO kafka.producer.SyncProducer  - Connected to zion-mainframe:9092 for producing
21819226 [main] INFO kafka.client.ClientUtils$  - Fetching metadata from broker BrokerEndPoint(0,localhost,9092) with correlation id 1036 for 1 topic(s) Set(earth_to_curiosity_6)
21819226 [main] INFO kafka.producer.SyncProducer  - Connected to localhost:9092 for producing
21819227 [main] INFO kafka.producer.SyncProducer  - Disconnecting from localhost:9092
21819227 [main] INFO kafka.producer.SyncProducer  - Disconnecting from zion-mainframe:9092
21819228 [main] INFO kafka.producer.SyncProducer  - Connected to zion-mainframe:9092 for producing
22425427 [main] INFO kafka.client.ClientUtils$  - Fetching metadata from broker BrokerEndPoint(0,localhost,9092) with correlation id 1065 for 1 topic(s) Set(earth_to_curiosity_6)
22425428 [main] INFO kafka.producer.SyncProducer  - Connected to localhost:9092 for producing
22425429 [main] INFO kafka.producer.SyncProducer  - Disconnecting from localhost:9092
22425430 [main] INFO kafka.producer.SyncProducer  - Disconnecting from zion-mainframe:9092
22425431 [main] INFO kafka.producer.SyncProducer  - Connected to zion-mainframe:9092 for producing
23030083 [main] INFO kafka.client.ClientUtils$  - Fetching metadata from broker BrokerEndPoint(0,localhost,9092) with correlation id 1092 for 1 topic(s) Set(earth_to_curiosity_6)
23030084 [main] INFO kafka.producer.SyncProducer  - Connected to localhost:9092 for producing
23030086 [main] INFO kafka.producer.SyncProducer  - Disconnecting from localhost:9092
23030086 [main] INFO kafka.producer.SyncProducer  - Disconnecting from zion-mainframe:9092
23030088 [main] INFO kafka.producer.SyncProducer  - Connected to zion-mainframe:9092 for producing
23634790 [main] INFO kafka.client.ClientUtils$  - Fetching metadata from broker BrokerEndPoint(0,localhost,9092) with correlation id 1119 for 1 topic(s) Set(earth_to_curiosity_6)
23634790 [main] INFO kafka.producer.SyncProducer  - Connected to localhost:9092 for producing
23634791 [main] INFO kafka.producer.SyncProducer  - Disconnecting from localhost:9092
23634791 [main] INFO kafka.producer.SyncProducer  - Disconnecting from zion-mainframe:9092
23634791 [main] INFO kafka.producer.SyncProducer  - Connected to zion-mainframe:9092 for producing
24242538 [main] INFO kafka.client.ClientUtils$  - Fetching metadata from broker BrokerEndPoint(0,localhost,9092) with correlation id 1150 for 1 topic(s) Set(earth_to_curiosity_6)
24242538 [main] INFO kafka.producer.SyncProducer  - Connected to localhost:9092 for producing
24242539 [main] INFO kafka.producer.SyncProducer  - Disconnecting from localhost:9092
24242539 [main] INFO kafka.producer.SyncProducer  - Disconnecting from zion-mainframe:9092
24242540 [main] INFO kafka.producer.SyncProducer  - Connected to zion-mainframe:9092 for producing
24847227 [main] INFO kafka.client.ClientUtils$  - Fetching metadata from broker BrokerEndPoint(0,localhost,9092) with correlation id 1177 for 1 topic(s) Set(earth_to_curiosity_6)
24847228 [main] INFO kafka.producer.SyncProducer  - Connected to localhost:9092 for producing
24847229 [main] INFO kafka.producer.SyncProducer  - Disconnecting from localhost:9092
24847230 [main] INFO kafka.producer.SyncProducer  - Disconnecting from zion-mainframe:9092
24847231 [main] INFO kafka.producer.SyncProducer  - Connected to zion-mainframe:9092 for producing
25454926 [main] INFO kafka.client.ClientUtils$  - Fetching metadata from broker BrokerEndPoint(0,localhost,9092) with correlation id 1208 for 1 topic(s) Set(earth_to_curiosity_6)
25454927 [main] INFO kafka.producer.SyncProducer  - Connected to localhost:9092 for producing
25454929 [main] INFO kafka.producer.SyncProducer  - Disconnecting from localhost:9092
25454929 [main] INFO kafka.producer.SyncProducer  - Disconnecting from zion-mainframe:9092
25454936 [main] INFO kafka.producer.SyncProducer  - Connected to zion-mainframe:9092 for producing
26062656 [main] INFO kafka.client.ClientUtils$  - Fetching metadata from broker BrokerEndPoint(0,localhost,9092) with correlation id 1239 for 1 topic(s) Set(earth_to_curiosity_6)
26062657 [main] INFO kafka.producer.SyncProducer  - Connected to localhost:9092 for producing
26062659 [main] INFO kafka.producer.SyncProducer  - Disconnecting from localhost:9092
26062659 [main] INFO kafka.producer.SyncProducer  - Disconnecting from zion-mainframe:9092
26062660 [main] INFO kafka.producer.SyncProducer  - Connected to zion-mainframe:9092 for producing
26670331 [main] INFO kafka.client.ClientUtils$  - Fetching metadata from broker BrokerEndPoint(0,localhost,9092) with correlation id 1270 for 1 topic(s) Set(earth_to_curiosity_6)
26670332 [main] INFO kafka.producer.SyncProducer  - Connected to localhost:9092 for producing
26670333 [main] INFO kafka.producer.SyncProducer  - Disconnecting from localhost:9092
26670333 [main] INFO kafka.producer.SyncProducer  - Disconnecting from zion-mainframe:9092
26670335 [main] INFO kafka.producer.SyncProducer  - Connected to zion-mainframe:9092 for producing
27276563 [main] INFO kafka.client.ClientUtils$  - Fetching metadata from broker BrokerEndPoint(0,localhost,9092) with correlation id 1299 for 1 topic(s) Set(earth_to_curiosity_6)
27276564 [main] INFO kafka.producer.SyncProducer  - Connected to localhost:9092 for producing
27276565 [main] INFO kafka.producer.SyncProducer  - Disconnecting from localhost:9092
27276566 [main] INFO kafka.producer.SyncProducer  - Disconnecting from zion-mainframe:9092
27276567 [main] INFO kafka.producer.SyncProducer  - Connected to zion-mainframe:9092 for producing
27885761 [main] INFO kafka.client.ClientUtils$  - Fetching metadata from broker BrokerEndPoint(0,localhost,9092) with correlation id 1332 for 1 topic(s) Set(earth_to_curiosity_6)
27885761 [main] INFO kafka.producer.SyncProducer  - Connected to localhost:9092 for producing
27885762 [main] INFO kafka.producer.SyncProducer  - Disconnecting from localhost:9092
27885762 [main] INFO kafka.producer.SyncProducer  - Disconnecting from zion-mainframe:9092
27885762 [main] INFO kafka.producer.SyncProducer  - Connected to zion-mainframe:9092 for producing
28490432 [main] INFO kafka.client.ClientUtils$  - Fetching metadata from broker BrokerEndPoint(0,localhost,9092) with correlation id 1359 for 1 topic(s) Set(earth_to_curiosity_6)
28490433 [main] INFO kafka.producer.SyncProducer  - Connected to localhost:9092 for producing
28490433 [main] INFO kafka.producer.SyncProducer  - Disconnecting from localhost:9092
28490433 [main] INFO kafka.producer.SyncProducer  - Disconnecting from zion-mainframe:9092
28490434 [main] INFO kafka.producer.SyncProducer  - Connected to zion-mainframe:9092 for producing
29096604 [main] INFO kafka.client.ClientUtils$  - Fetching metadata from broker BrokerEndPoint(0,localhost,9092) with correlation id 1388 for 1 topic(s) Set(earth_to_curiosity_6)
29096604 [main] INFO kafka.producer.SyncProducer  - Connected to localhost:9092 for producing
29096605 [main] INFO kafka.producer.SyncProducer  - Disconnecting from localhost:9092
29096605 [main] INFO kafka.producer.SyncProducer  - Disconnecting from zion-mainframe:9092
29096606 [main] INFO kafka.producer.SyncProducer  - Connected to zion-mainframe:9092 for producing
29701278 [main] INFO kafka.client.ClientUtils$  - Fetching metadata from broker BrokerEndPoint(0,localhost,9092) with correlation id 1415 for 1 topic(s) Set(earth_to_curiosity_6)
29701279 [main] INFO kafka.producer.SyncProducer  - Connected to localhost:9092 for producing
29701280 [main] INFO kafka.producer.SyncProducer  - Disconnecting from localhost:9092
29701280 [main] INFO kafka.producer.SyncProducer  - Disconnecting from zion-mainframe:9092
29701280 [main] INFO kafka.producer.SyncProducer  - Connected to zion-mainframe:9092 for producing
30309019 [main] INFO kafka.client.ClientUtils$  - Fetching metadata from broker BrokerEndPoint(0,localhost,9092) with correlation id 1446 for 1 topic(s) Set(earth_to_curiosity_6)
30309020 [main] INFO kafka.producer.SyncProducer  - Connected to localhost:9092 for producing
30309021 [main] INFO kafka.producer.SyncProducer  - Disconnecting from localhost:9092
30309022 [main] INFO kafka.producer.SyncProducer  - Disconnecting from zion-mainframe:9092
30309023 [main] INFO kafka.producer.SyncProducer  - Connected to zion-mainframe:9092 for producing
30915231 [main] INFO kafka.client.ClientUtils$  - Fetching metadata from broker BrokerEndPoint(0,localhost,9092) with correlation id 1475 for 1 topic(s) Set(earth_to_curiosity_6)
30915232 [main] INFO kafka.producer.SyncProducer  - Connected to localhost:9092 for producing
30915234 [main] INFO kafka.producer.SyncProducer  - Disconnecting from localhost:9092
30915235 [main] INFO kafka.producer.SyncProducer  - Disconnecting from zion-mainframe:9092
30915237 [main] INFO kafka.producer.SyncProducer  - Connected to zion-mainframe:9092 for producing
31524445 [main] INFO kafka.client.ClientUtils$  - Fetching metadata from broker BrokerEndPoint(0,localhost,9092) with correlation id 1508 for 1 topic(s) Set(earth_to_curiosity_6)
31524446 [main] INFO kafka.producer.SyncProducer  - Connected to localhost:9092 for producing
31524448 [main] INFO kafka.producer.SyncProducer  - Disconnecting from localhost:9092
31524448 [main] INFO kafka.producer.SyncProducer  - Disconnecting from zion-mainframe:9092
31524450 [main] INFO kafka.producer.SyncProducer  - Connected to zion-mainframe:9092 for producing
32130692 [main] INFO kafka.client.ClientUtils$  - Fetching metadata from broker BrokerEndPoint(0,localhost,9092) with correlation id 1537 for 1 topic(s) Set(earth_to_curiosity_6)
32130693 [main] INFO kafka.producer.SyncProducer  - Connected to localhost:9092 for producing
32130694 [main] INFO kafka.producer.SyncProducer  - Disconnecting from localhost:9092
32130695 [main] INFO kafka.producer.SyncProducer  - Disconnecting from zion-mainframe:9092
32130696 [main] INFO kafka.producer.SyncProducer  - Connected to zion-mainframe:9092 for producing
32738445 [main] INFO kafka.client.ClientUtils$  - Fetching metadata from broker BrokerEndPoint(0,localhost,9092) with correlation id 1568 for 1 topic(s) Set(earth_to_curiosity_6)
32738446 [main] INFO kafka.producer.SyncProducer  - Connected to localhost:9092 for producing
32738448 [main] INFO kafka.producer.SyncProducer  - Disconnecting from localhost:9092
32738448 [main] INFO kafka.producer.SyncProducer  - Disconnecting from zion-mainframe:9092
32738453 [main] INFO kafka.producer.SyncProducer  - Connected to zion-mainframe:9092 for producing
33344635 [main] INFO kafka.client.ClientUtils$  - Fetching metadata from broker BrokerEndPoint(0,localhost,9092) with correlation id 1597 for 1 topic(s) Set(earth_to_curiosity_6)
33344636 [main] INFO kafka.producer.SyncProducer  - Connected to localhost:9092 for producing
33344638 [main] INFO kafka.producer.SyncProducer  - Disconnecting from localhost:9092
33344638 [main] INFO kafka.producer.SyncProducer  - Disconnecting from zion-mainframe:9092
33344639 [main] INFO kafka.producer.SyncProducer  - Connected to zion-mainframe:9092 for producing
33950896 [main] INFO kafka.client.ClientUtils$  - Fetching metadata from broker BrokerEndPoint(0,localhost,9092) with correlation id 1626 for 1 topic(s) Set(earth_to_curiosity_6)
33950897 [main] INFO kafka.producer.SyncProducer  - Connected to localhost:9092 for producing
33950899 [main] INFO kafka.producer.SyncProducer  - Disconnecting from localhost:9092
33950899 [main] INFO kafka.producer.SyncProducer  - Disconnecting from zion-mainframe:9092
33950901 [main] INFO kafka.producer.SyncProducer  - Connected to zion-mainframe:9092 for producing
34558609 [main] INFO kafka.client.ClientUtils$  - Fetching metadata from broker BrokerEndPoint(0,localhost,9092) with correlation id 1657 for 1 topic(s) Set(earth_to_curiosity_6)
34558609 [main] INFO kafka.producer.SyncProducer  - Connected to localhost:9092 for producing
34558610 [main] INFO kafka.producer.SyncProducer  - Disconnecting from localhost:9092
34558611 [main] INFO kafka.producer.SyncProducer  - Disconnecting from zion-mainframe:9092
34558612 [main] INFO kafka.producer.SyncProducer  - Connected to zion-mainframe:9092 for producing
35163304 [main] INFO kafka.client.ClientUtils$  - Fetching metadata from broker BrokerEndPoint(0,localhost,9092) with correlation id 1684 for 1 topic(s) Set(earth_to_curiosity_6)
35163305 [main] INFO kafka.producer.SyncProducer  - Connected to localhost:9092 for producing
35163307 [main] INFO kafka.producer.SyncProducer  - Disconnecting from localhost:9092
35163307 [main] INFO kafka.producer.SyncProducer  - Disconnecting from zion-mainframe:9092
35163308 [main] INFO kafka.producer.SyncProducer  - Connected to zion-mainframe:9092 for producing
35771064 [main] INFO kafka.client.ClientUtils$  - Fetching metadata from broker BrokerEndPoint(0,localhost,9092) with correlation id 1715 for 1 topic(s) Set(earth_to_curiosity_6)
35771065 [main] INFO kafka.producer.SyncProducer  - Connected to localhost:9092 for producing
35771067 [main] INFO kafka.producer.SyncProducer  - Disconnecting from localhost:9092
35771067 [main] INFO kafka.producer.SyncProducer  - Disconnecting from zion-mainframe:9092
35771069 [main] INFO kafka.producer.SyncProducer  - Connected to zion-mainframe:9092 for producing
36375767 [main] INFO kafka.client.ClientUtils$  - Fetching metadata from broker BrokerEndPoint(0,localhost,9092) with correlation id 1742 for 1 topic(s) Set(earth_to_curiosity_6)
36375768 [main] INFO kafka.producer.SyncProducer  - Connected to localhost:9092 for producing
36375769 [main] INFO kafka.producer.SyncProducer  - Disconnecting from localhost:9092
36375769 [main] INFO kafka.producer.SyncProducer  - Disconnecting from zion-mainframe:9092
36375771 [main] INFO kafka.producer.SyncProducer  - Connected to zion-mainframe:9092 for producing
36981978 [main] INFO kafka.client.ClientUtils$  - Fetching metadata from broker BrokerEndPoint(0,localhost,9092) with correlation id 1771 for 1 topic(s) Set(earth_to_curiosity_6)
36981979 [main] INFO kafka.producer.SyncProducer  - Connected to localhost:9092 for producing
36981981 [main] INFO kafka.producer.SyncProducer  - Disconnecting from localhost:9092
36981981 [main] INFO kafka.producer.SyncProducer  - Disconnecting from zion-mainframe:9092
36981983 [main] INFO kafka.producer.SyncProducer  - Connected to zion-mainframe:9092 for producing
37589706 [main] INFO kafka.client.ClientUtils$  - Fetching metadata from broker BrokerEndPoint(0,localhost,9092) with correlation id 1802 for 1 topic(s) Set(earth_to_curiosity_6)
37589707 [main] INFO kafka.producer.SyncProducer  - Connected to localhost:9092 for producing
37589707 [main] INFO kafka.producer.SyncProducer  - Disconnecting from localhost:9092
37589707 [main] INFO kafka.producer.SyncProducer  - Disconnecting from zion-mainframe:9092
37589708 [main] INFO kafka.producer.SyncProducer  - Connected to zion-mainframe:9092 for producing
38195861 [main] INFO kafka.client.ClientUtils$  - Fetching metadata from broker BrokerEndPoint(0,localhost,9092) with correlation id 1831 for 1 topic(s) Set(earth_to_curiosity_6)
38195862 [main] INFO kafka.producer.SyncProducer  - Connected to localhost:9092 for producing
38195862 [main] INFO kafka.producer.SyncProducer  - Disconnecting from localhost:9092
38195863 [main] INFO kafka.producer.SyncProducer  - Disconnecting from zion-mainframe:9092
38195863 [main] INFO kafka.producer.SyncProducer  - Connected to zion-mainframe:9092 for producing
38805079 [main] INFO kafka.client.ClientUtils$  - Fetching metadata from broker BrokerEndPoint(0,localhost,9092) with correlation id 1864 for 1 topic(s) Set(earth_to_curiosity_6)
38805079 [main] INFO kafka.producer.SyncProducer  - Connected to localhost:9092 for producing
38805080 [main] INFO kafka.producer.SyncProducer  - Disconnecting from localhost:9092
38805080 [main] INFO kafka.producer.SyncProducer  - Disconnecting from zion-mainframe:9092
38805080 [main] INFO kafka.producer.SyncProducer  - Connected to zion-mainframe:9092 for producing
39411261 [main] INFO kafka.client.ClientUtils$  - Fetching metadata from broker BrokerEndPoint(0,localhost,9092) with correlation id 1893 for 1 topic(s) Set(earth_to_curiosity_6)
39411261 [main] INFO kafka.producer.SyncProducer  - Connected to localhost:9092 for producing
39411262 [main] INFO kafka.producer.SyncProducer  - Disconnecting from localhost:9092
39411262 [main] INFO kafka.producer.SyncProducer  - Disconnecting from zion-mainframe:9092
39411262 [main] INFO kafka.producer.SyncProducer  - Connected to zion-mainframe:9092 for producing
40017421 [main] INFO kafka.client.ClientUtils$  - Fetching metadata from broker BrokerEndPoint(0,localhost,9092) with correlation id 1922 for 1 topic(s) Set(earth_to_curiosity_6)
40017422 [main] INFO kafka.producer.SyncProducer  - Connected to localhost:9092 for producing
40017424 [main] INFO kafka.producer.SyncProducer  - Disconnecting from localhost:9092
40017424 [main] INFO kafka.producer.SyncProducer  - Disconnecting from zion-mainframe:9092
40017429 [main] INFO kafka.producer.SyncProducer  - Connected to zion-mainframe:9092 for producing
40623636 [main] INFO kafka.client.ClientUtils$  - Fetching metadata from broker BrokerEndPoint(0,localhost,9092) with correlation id 1951 for 1 topic(s) Set(earth_to_curiosity_6)
40623636 [main] INFO kafka.producer.SyncProducer  - Connected to localhost:9092 for producing
40623637 [main] INFO kafka.producer.SyncProducer  - Disconnecting from localhost:9092
40623637 [main] INFO kafka.producer.SyncProducer  - Disconnecting from zion-mainframe:9092
40623637 [main] INFO kafka.producer.SyncProducer  - Connected to zion-mainframe:9092 for producing
41232831 [main] INFO kafka.client.ClientUtils$  - Fetching metadata from broker BrokerEndPoint(0,localhost,9092) with correlation id 1984 for 1 topic(s) Set(earth_to_curiosity_6)
41232832 [main] INFO kafka.producer.SyncProducer  - Connected to localhost:9092 for producing
41232832 [main] INFO kafka.producer.SyncProducer  - Disconnecting from localhost:9092
41232833 [main] INFO kafka.producer.SyncProducer  - Disconnecting from zion-mainframe:9092
41232833 [main] INFO kafka.producer.SyncProducer  - Connected to zion-mainframe:9092 for producing
41837519 [main] INFO kafka.client.ClientUtils$  - Fetching metadata from broker BrokerEndPoint(0,localhost,9092) with correlation id 2011 for 1 topic(s) Set(earth_to_curiosity_6)
41837520 [main] INFO kafka.producer.SyncProducer  - Connected to localhost:9092 for producing
41837522 [main] INFO kafka.producer.SyncProducer  - Disconnecting from localhost:9092
41837522 [main] INFO kafka.producer.SyncProducer  - Disconnecting from zion-mainframe:9092
41837523 [main] INFO kafka.producer.SyncProducer  - Connected to zion-mainframe:9092 for producing
42442151 [main] INFO kafka.client.ClientUtils$  - Fetching metadata from broker BrokerEndPoint(0,localhost,9092) with correlation id 2038 for 1 topic(s) Set(earth_to_curiosity_6)
42442151 [main] INFO kafka.producer.SyncProducer  - Connected to localhost:9092 for producing
42442152 [main] INFO kafka.producer.SyncProducer  - Disconnecting from localhost:9092
42442152 [main] INFO kafka.producer.SyncProducer  - Disconnecting from zion-mainframe:9092
42442152 [main] INFO kafka.producer.SyncProducer  - Connected to zion-mainframe:9092 for producing
43046824 [main] INFO kafka.client.ClientUtils$  - Fetching metadata from broker BrokerEndPoint(0,localhost,9092) with correlation id 2065 for 1 topic(s) Set(earth_to_curiosity_6)
43046825 [main] INFO kafka.producer.SyncProducer  - Connected to localhost:9092 for producing
43046825 [main] INFO kafka.producer.SyncProducer  - Disconnecting from localhost:9092
43046825 [main] INFO kafka.producer.SyncProducer  - Disconnecting from zion-mainframe:9092
43046826 [main] INFO kafka.producer.SyncProducer  - Connected to zion-mainframe:9092 for producing
