0 [main] INFO kafka.utils.VerifiableProperties  - Verifying properties
22 [main] INFO kafka.utils.VerifiableProperties  - Property auto.offset.reset is overridden to largest
22 [main] WARN kafka.utils.VerifiableProperties  - Property bootstrap.servers is not valid
22 [main] WARN kafka.utils.VerifiableProperties  - Property destination.topic is not valid
22 [main] INFO kafka.utils.VerifiableProperties  - Property group.id is overridden to space.exploration.mars.rover.curiosity.1534708740312
22 [main] WARN kafka.utils.VerifiableProperties  - Property key.serializer is not valid
22 [main] WARN kafka.utils.VerifiableProperties  - Property metadata.broker.list is not valid
22 [main] WARN kafka.utils.VerifiableProperties  - Property source.topic is not valid
22 [main] WARN kafka.utils.VerifiableProperties  - Property value.serializer is not valid
22 [main] INFO kafka.utils.VerifiableProperties  - Property zookeeper.connect is overridden to localhost:2181
61 [main] INFO kafka.consumer.ZookeeperConsumerConnector  - [space.exploration.mars.rover.curiosity.1534708740312_zion-mainframe-1534708740621-15d57940], Connecting to zookeeper instance at localhost:2181
67 [ZkClient-EventThread-17-localhost:2181] INFO org.I0Itec.zkclient.ZkEventThread  - Starting ZkClient event thread.
72 [main] INFO org.apache.zookeeper.ZooKeeper  - Client environment:zookeeper.version=3.4.6-1569965, built on 02/20/2014 09:09 GMT
72 [main] INFO org.apache.zookeeper.ZooKeeper  - Client environment:host.name=zion-mainframe
72 [main] INFO org.apache.zookeeper.ZooKeeper  - Client environment:java.version=10.0.1
72 [main] INFO org.apache.zookeeper.ZooKeeper  - Client environment:java.vendor=Oracle Corporation
72 [main] INFO org.apache.zookeeper.ZooKeeper  - Client environment:java.home=/usr/lib/jvm/java-11-openjdk-amd64
72 [main] INFO org.apache.zookeeper.ZooKeeper  - Client environment:java.class.path=target/mission.control-2.0-shaded.jar
72 [main] INFO org.apache.zookeeper.ZooKeeper  - Client environment:java.library.path=/usr/java/packages/lib:/usr/lib/x86_64-linux-gnu/jni:/lib/x86_64-linux-gnu:/usr/lib/x86_64-linux-gnu:/usr/lib/jni:/lib:/usr/lib
72 [main] INFO org.apache.zookeeper.ZooKeeper  - Client environment:java.io.tmpdir=/tmp
72 [main] INFO org.apache.zookeeper.ZooKeeper  - Client environment:java.compiler=<NA>
72 [main] INFO org.apache.zookeeper.ZooKeeper  - Client environment:os.name=Linux
72 [main] INFO org.apache.zookeeper.ZooKeeper  - Client environment:os.arch=amd64
72 [main] INFO org.apache.zookeeper.ZooKeeper  - Client environment:os.version=4.15.0-32-generic
72 [main] INFO org.apache.zookeeper.ZooKeeper  - Client environment:user.name=sanket
73 [main] INFO org.apache.zookeeper.ZooKeeper  - Client environment:user.home=/home/sanket
73 [main] INFO org.apache.zookeeper.ZooKeeper  - Client environment:user.dir=/home/sanket/Documents/workspace/Mission.Control
73 [main] INFO org.apache.zookeeper.ZooKeeper  - Initiating client connection, connectString=localhost:2181 sessionTimeout=6000 watcher=org.I0Itec.zkclient.ZkClient@791d1f8b
84 [main] INFO org.I0Itec.zkclient.ZkClient  - Waiting for keeper state SyncConnected
87 [main-SendThread(localhost:2181)] INFO org.apache.zookeeper.ClientCnxn  - Opening socket connection to server localhost/127.0.0.1:2181. Will not attempt to authenticate using SASL (unknown error)
91 [main-SendThread(localhost:2181)] INFO org.apache.zookeeper.ClientCnxn  - Socket connection established to localhost/127.0.0.1:2181, initiating session
95 [main-SendThread(localhost:2181)] INFO org.apache.zookeeper.ClientCnxn  - Session establishment complete on server localhost/127.0.0.1:2181, sessionid = 0x16553c444840001, negotiated timeout = 6000
96 [main-EventThread] INFO org.I0Itec.zkclient.ZkClient  - zookeeper state changed (SyncConnected)
105 [main] INFO kafka.consumer.ZookeeperConsumerConnector  - [space.exploration.mars.rover.curiosity.1534708740312_zion-mainframe-1534708740621-15d57940], starting auto committer every 60000 ms
126 [Thread-0] INFO kafka.consumer.ZookeeperConsumerConnector  - [space.exploration.mars.rover.curiosity.1534708740312_zion-mainframe-1534708740621-15d57940], begin registering consumer space.exploration.mars.rover.curiosity.1534708740312_zion-mainframe-1534708740621-15d57940 in ZK
145 [Thread-0] INFO kafka.utils.ZKCheckedEphemeral  - Creating /consumers/space.exploration.mars.rover.curiosity.1534708740312/ids/space.exploration.mars.rover.curiosity.1534708740312_zion-mainframe-1534708740621-15d57940 (is it secure? false)
155 [Thread-0] INFO kafka.utils.ZKCheckedEphemeral  - Result of znode creation is: OK
155 [Thread-0] INFO kafka.consumer.ZookeeperConsumerConnector  - [space.exploration.mars.rover.curiosity.1534708740312_zion-mainframe-1534708740621-15d57940], end registering consumer space.exploration.mars.rover.curiosity.1534708740312_zion-mainframe-1534708740621-15d57940 in ZK
158 [space.exploration.mars.rover.curiosity.1534708740312_zion-mainframe-1534708740621-15d57940_watcher_executor] INFO kafka.consumer.ZookeeperConsumerConnector  - [space.exploration.mars.rover.curiosity.1534708740312_zion-mainframe-1534708740621-15d57940], starting watcher executor thread for consumer space.exploration.mars.rover.curiosity.1534708740312_zion-mainframe-1534708740621-15d57940
167 [Thread-0] INFO kafka.consumer.ZookeeperConsumerConnector  - [space.exploration.mars.rover.curiosity.1534708740312_zion-mainframe-1534708740621-15d57940], begin rebalancing consumer space.exploration.mars.rover.curiosity.1534708740312_zion-mainframe-1534708740621-15d57940 try #0
232 [Thread-0] INFO kafka.consumer.ConsumerFetcherManager  - [ConsumerFetcherManager-1534708740662] Stopping leader finder thread
232 [Thread-0] INFO kafka.consumer.ConsumerFetcherManager  - [ConsumerFetcherManager-1534708740662] Stopping all fetchers
232 [Thread-0] INFO kafka.consumer.ConsumerFetcherManager  - [ConsumerFetcherManager-1534708740662] All connections stopped
232 [Thread-0] INFO kafka.consumer.ZookeeperConsumerConnector  - [space.exploration.mars.rover.curiosity.1534708740312_zion-mainframe-1534708740621-15d57940], Cleared all relevant queues for this fetcher
233 [Thread-0] INFO kafka.consumer.ZookeeperConsumerConnector  - [space.exploration.mars.rover.curiosity.1534708740312_zion-mainframe-1534708740621-15d57940], Cleared the data chunks in all the consumer message iterators
233 [Thread-0] INFO kafka.consumer.ZookeeperConsumerConnector  - [space.exploration.mars.rover.curiosity.1534708740312_zion-mainframe-1534708740621-15d57940], Committing all offsets after clearing the fetcher queues
233 [Thread-0] INFO kafka.consumer.ZookeeperConsumerConnector  - [space.exploration.mars.rover.curiosity.1534708740312_zion-mainframe-1534708740621-15d57940], Releasing partition ownership
248 [Thread-0] INFO kafka.consumer.RangeAssignor  - Consumer space.exploration.mars.rover.curiosity.1534708740312_zion-mainframe-1534708740621-15d57940 rebalancing the following partitions: ArrayBuffer() for topic curiosity_to_earth_5 with consumers: List(space.exploration.mars.rover.curiosity.1534708740312_zion-mainframe-1534708740621-15d57940-0)
248 [Thread-0] WARN kafka.consumer.RangeAssignor  - No broker partitions consumed by consumer thread space.exploration.mars.rover.curiosity.1534708740312_zion-mainframe-1534708740621-15d57940-0 for topic curiosity_to_earth_5
255 [Thread-0] INFO kafka.consumer.ZookeeperConsumerConnector  - [space.exploration.mars.rover.curiosity.1534708740312_zion-mainframe-1534708740621-15d57940], Consumer space.exploration.mars.rover.curiosity.1534708740312_zion-mainframe-1534708740621-15d57940 selected partitions : 
256 [space.exploration.mars.rover.curiosity.1534708740312_zion-mainframe-1534708740621-15d57940-leader-finder-thread] INFO kafka.consumer.ConsumerFetcherManager$LeaderFinderThread  - [space.exploration.mars.rover.curiosity.1534708740312_zion-mainframe-1534708740621-15d57940-leader-finder-thread], Starting 
256 [Thread-0] INFO kafka.consumer.ZookeeperConsumerConnector  - [space.exploration.mars.rover.curiosity.1534708740312_zion-mainframe-1534708740621-15d57940], end rebalancing consumer space.exploration.mars.rover.curiosity.1534708740312_zion-mainframe-1534708740621-15d57940 try #0
820241 [ZkClient-EventThread-17-localhost:2181] INFO kafka.consumer.ZookeeperConsumerConnector  - [space.exploration.mars.rover.curiosity.1534708740312_zion-mainframe-1534708740621-15d57940], Topic info for path /brokers/topics/curiosity_to_earth_5 changed to {"version":1,"partitions":{"0":[0]}}, triggering rebalance
820241 [space.exploration.mars.rover.curiosity.1534708740312_zion-mainframe-1534708740621-15d57940_watcher_executor] INFO kafka.consumer.ZookeeperConsumerConnector  - [space.exploration.mars.rover.curiosity.1534708740312_zion-mainframe-1534708740621-15d57940], begin rebalancing consumer space.exploration.mars.rover.curiosity.1534708740312_zion-mainframe-1534708740621-15d57940 try #0
820271 [space.exploration.mars.rover.curiosity.1534708740312_zion-mainframe-1534708740621-15d57940_watcher_executor] INFO kafka.consumer.ConsumerFetcherManager  - [ConsumerFetcherManager-1534708740662] Stopping leader finder thread
820271 [space.exploration.mars.rover.curiosity.1534708740312_zion-mainframe-1534708740621-15d57940_watcher_executor] INFO kafka.consumer.ConsumerFetcherManager$LeaderFinderThread  - [space.exploration.mars.rover.curiosity.1534708740312_zion-mainframe-1534708740621-15d57940-leader-finder-thread], Shutting down
820271 [space.exploration.mars.rover.curiosity.1534708740312_zion-mainframe-1534708740621-15d57940_watcher_executor] INFO kafka.consumer.ConsumerFetcherManager$LeaderFinderThread  - [space.exploration.mars.rover.curiosity.1534708740312_zion-mainframe-1534708740621-15d57940-leader-finder-thread], Shutdown completed
820271 [space.exploration.mars.rover.curiosity.1534708740312_zion-mainframe-1534708740621-15d57940-leader-finder-thread] INFO kafka.consumer.ConsumerFetcherManager$LeaderFinderThread  - [space.exploration.mars.rover.curiosity.1534708740312_zion-mainframe-1534708740621-15d57940-leader-finder-thread], Stopped 
820271 [space.exploration.mars.rover.curiosity.1534708740312_zion-mainframe-1534708740621-15d57940_watcher_executor] INFO kafka.consumer.ConsumerFetcherManager  - [ConsumerFetcherManager-1534708740662] Stopping all fetchers
820272 [space.exploration.mars.rover.curiosity.1534708740312_zion-mainframe-1534708740621-15d57940_watcher_executor] INFO kafka.consumer.ConsumerFetcherManager  - [ConsumerFetcherManager-1534708740662] All connections stopped
820272 [space.exploration.mars.rover.curiosity.1534708740312_zion-mainframe-1534708740621-15d57940_watcher_executor] INFO kafka.consumer.ZookeeperConsumerConnector  - [space.exploration.mars.rover.curiosity.1534708740312_zion-mainframe-1534708740621-15d57940], Cleared all relevant queues for this fetcher
820272 [space.exploration.mars.rover.curiosity.1534708740312_zion-mainframe-1534708740621-15d57940_watcher_executor] INFO kafka.consumer.ZookeeperConsumerConnector  - [space.exploration.mars.rover.curiosity.1534708740312_zion-mainframe-1534708740621-15d57940], Cleared the data chunks in all the consumer message iterators
820272 [space.exploration.mars.rover.curiosity.1534708740312_zion-mainframe-1534708740621-15d57940_watcher_executor] INFO kafka.consumer.ZookeeperConsumerConnector  - [space.exploration.mars.rover.curiosity.1534708740312_zion-mainframe-1534708740621-15d57940], Committing all offsets after clearing the fetcher queues
820272 [space.exploration.mars.rover.curiosity.1534708740312_zion-mainframe-1534708740621-15d57940_watcher_executor] INFO kafka.consumer.ZookeeperConsumerConnector  - [space.exploration.mars.rover.curiosity.1534708740312_zion-mainframe-1534708740621-15d57940], Releasing partition ownership
820282 [space.exploration.mars.rover.curiosity.1534708740312_zion-mainframe-1534708740621-15d57940_watcher_executor] INFO kafka.consumer.RangeAssignor  - Consumer space.exploration.mars.rover.curiosity.1534708740312_zion-mainframe-1534708740621-15d57940 rebalancing the following partitions: ArrayBuffer(0) for topic curiosity_to_earth_5 with consumers: List(space.exploration.mars.rover.curiosity.1534708740312_zion-mainframe-1534708740621-15d57940-0)
820283 [space.exploration.mars.rover.curiosity.1534708740312_zion-mainframe-1534708740621-15d57940_watcher_executor] INFO kafka.consumer.RangeAssignor  - space.exploration.mars.rover.curiosity.1534708740312_zion-mainframe-1534708740621-15d57940-0 attempting to claim partition 0
820299 [space.exploration.mars.rover.curiosity.1534708740312_zion-mainframe-1534708740621-15d57940_watcher_executor] INFO kafka.consumer.ZookeeperConsumerConnector  - [space.exploration.mars.rover.curiosity.1534708740312_zion-mainframe-1534708740621-15d57940], space.exploration.mars.rover.curiosity.1534708740312_zion-mainframe-1534708740621-15d57940-0 successfully owned partition 0 for topic curiosity_to_earth_5
820303 [space.exploration.mars.rover.curiosity.1534708740312_zion-mainframe-1534708740621-15d57940_watcher_executor] INFO kafka.consumer.ZookeeperConsumerConnector  - [space.exploration.mars.rover.curiosity.1534708740312_zion-mainframe-1534708740621-15d57940], Consumer space.exploration.mars.rover.curiosity.1534708740312_zion-mainframe-1534708740621-15d57940 selected partitions : curiosity_to_earth_5:0: fetched offset = -1: consumed offset = -1
820303 [space.exploration.mars.rover.curiosity.1534708740312_zion-mainframe-1534708740621-15d57940_watcher_executor] INFO kafka.consumer.ZookeeperConsumerConnector  - [space.exploration.mars.rover.curiosity.1534708740312_zion-mainframe-1534708740621-15d57940], end rebalancing consumer space.exploration.mars.rover.curiosity.1534708740312_zion-mainframe-1534708740621-15d57940 try #0
820303 [space.exploration.mars.rover.curiosity.1534708740312_zion-mainframe-1534708740621-15d57940-leader-finder-thread] INFO kafka.consumer.ConsumerFetcherManager$LeaderFinderThread  - [space.exploration.mars.rover.curiosity.1534708740312_zion-mainframe-1534708740621-15d57940-leader-finder-thread], Starting 
820314 [space.exploration.mars.rover.curiosity.1534708740312_zion-mainframe-1534708740621-15d57940-leader-finder-thread] INFO kafka.utils.VerifiableProperties  - Verifying properties
820314 [space.exploration.mars.rover.curiosity.1534708740312_zion-mainframe-1534708740621-15d57940-leader-finder-thread] INFO kafka.utils.VerifiableProperties  - Property client.id is overridden to space.exploration.mars.rover.curiosity.1534708740312
820314 [space.exploration.mars.rover.curiosity.1534708740312_zion-mainframe-1534708740621-15d57940-leader-finder-thread] INFO kafka.utils.VerifiableProperties  - Property metadata.broker.list is overridden to zion-mainframe:9092
820314 [space.exploration.mars.rover.curiosity.1534708740312_zion-mainframe-1534708740621-15d57940-leader-finder-thread] INFO kafka.utils.VerifiableProperties  - Property request.timeout.ms is overridden to 30000
820324 [space.exploration.mars.rover.curiosity.1534708740312_zion-mainframe-1534708740621-15d57940-leader-finder-thread] INFO kafka.client.ClientUtils$  - Fetching metadata from broker BrokerEndPoint(0,zion-mainframe,9092) with correlation id 0 for 1 topic(s) Set(curiosity_to_earth_5)
820329 [space.exploration.mars.rover.curiosity.1534708740312_zion-mainframe-1534708740621-15d57940-leader-finder-thread] INFO kafka.producer.SyncProducer  - Connected to zion-mainframe:9092 for producing
820358 [space.exploration.mars.rover.curiosity.1534708740312_zion-mainframe-1534708740621-15d57940-leader-finder-thread] INFO kafka.producer.SyncProducer  - Disconnecting from zion-mainframe:9092
820365 [space.exploration.mars.rover.curiosity.1534708740312_zion-mainframe-1534708740621-15d57940-leader-finder-thread] INFO kafka.consumer.ConsumerFetcherManager  - [ConsumerFetcherManager-1534708740662] Added fetcher for partitions ArrayBuffer()
820570 [space.exploration.mars.rover.curiosity.1534708740312_zion-mainframe-1534708740621-15d57940-leader-finder-thread] INFO kafka.utils.VerifiableProperties  - Verifying properties
820571 [space.exploration.mars.rover.curiosity.1534708740312_zion-mainframe-1534708740621-15d57940-leader-finder-thread] INFO kafka.utils.VerifiableProperties  - Property client.id is overridden to space.exploration.mars.rover.curiosity.1534708740312
820571 [space.exploration.mars.rover.curiosity.1534708740312_zion-mainframe-1534708740621-15d57940-leader-finder-thread] INFO kafka.utils.VerifiableProperties  - Property metadata.broker.list is overridden to zion-mainframe:9092
820571 [space.exploration.mars.rover.curiosity.1534708740312_zion-mainframe-1534708740621-15d57940-leader-finder-thread] INFO kafka.utils.VerifiableProperties  - Property request.timeout.ms is overridden to 30000
820571 [space.exploration.mars.rover.curiosity.1534708740312_zion-mainframe-1534708740621-15d57940-leader-finder-thread] INFO kafka.client.ClientUtils$  - Fetching metadata from broker BrokerEndPoint(0,zion-mainframe,9092) with correlation id 1 for 1 topic(s) Set(curiosity_to_earth_5)
820572 [space.exploration.mars.rover.curiosity.1534708740312_zion-mainframe-1534708740621-15d57940-leader-finder-thread] INFO kafka.producer.SyncProducer  - Connected to zion-mainframe:9092 for producing
820577 [space.exploration.mars.rover.curiosity.1534708740312_zion-mainframe-1534708740621-15d57940-leader-finder-thread] INFO kafka.producer.SyncProducer  - Disconnecting from zion-mainframe:9092
820578 [space.exploration.mars.rover.curiosity.1534708740312_zion-mainframe-1534708740621-15d57940-leader-finder-thread] INFO kafka.consumer.ConsumerFetcherManager  - [ConsumerFetcherManager-1534708740662] Added fetcher for partitions ArrayBuffer()
820789 [space.exploration.mars.rover.curiosity.1534708740312_zion-mainframe-1534708740621-15d57940-leader-finder-thread] INFO kafka.utils.VerifiableProperties  - Verifying properties
820790 [space.exploration.mars.rover.curiosity.1534708740312_zion-mainframe-1534708740621-15d57940-leader-finder-thread] INFO kafka.utils.VerifiableProperties  - Property client.id is overridden to space.exploration.mars.rover.curiosity.1534708740312
820790 [space.exploration.mars.rover.curiosity.1534708740312_zion-mainframe-1534708740621-15d57940-leader-finder-thread] INFO kafka.utils.VerifiableProperties  - Property metadata.broker.list is overridden to zion-mainframe:9092
820790 [space.exploration.mars.rover.curiosity.1534708740312_zion-mainframe-1534708740621-15d57940-leader-finder-thread] INFO kafka.utils.VerifiableProperties  - Property request.timeout.ms is overridden to 30000
820791 [space.exploration.mars.rover.curiosity.1534708740312_zion-mainframe-1534708740621-15d57940-leader-finder-thread] INFO kafka.client.ClientUtils$  - Fetching metadata from broker BrokerEndPoint(0,zion-mainframe,9092) with correlation id 2 for 1 topic(s) Set(curiosity_to_earth_5)
820792 [space.exploration.mars.rover.curiosity.1534708740312_zion-mainframe-1534708740621-15d57940-leader-finder-thread] INFO kafka.producer.SyncProducer  - Connected to zion-mainframe:9092 for producing
820800 [space.exploration.mars.rover.curiosity.1534708740312_zion-mainframe-1534708740621-15d57940-leader-finder-thread] INFO kafka.producer.SyncProducer  - Disconnecting from zion-mainframe:9092
820841 [ConsumerFetcherThread-space.exploration.mars.rover.curiosity.1534708740312_zion-mainframe-1534708740621-15d57940-0-0] INFO kafka.consumer.ConsumerFetcherThread  - [ConsumerFetcherThread-space.exploration.mars.rover.curiosity.1534708740312_zion-mainframe-1534708740621-15d57940-0-0], Starting 
820893 [space.exploration.mars.rover.curiosity.1534708740312_zion-mainframe-1534708740621-15d57940-leader-finder-thread] INFO kafka.consumer.ConsumerFetcherManager  - [ConsumerFetcherManager-1534708740662] Added fetcher for partitions ArrayBuffer([[curiosity_to_earth_5,0], initOffset -1 to broker BrokerEndPoint(0,zion-mainframe,9092)] )
