0 [main] INFO kafka.utils.VerifiableProperties  - Verifying properties
42 [main] WARN kafka.utils.VerifiableProperties  - Property auto.offset.reset is not valid
42 [main] WARN kafka.utils.VerifiableProperties  - Property bootstrap.servers is not valid
42 [main] WARN kafka.utils.VerifiableProperties  - Property destination.topic is not valid
42 [main] WARN kafka.utils.VerifiableProperties  - Property group.id is not valid
42 [main] WARN kafka.utils.VerifiableProperties  - Property key.serializer is not valid
43 [main] INFO kafka.utils.VerifiableProperties  - Property metadata.broker.list is overridden to localhost:9092
43 [main] WARN kafka.utils.VerifiableProperties  - Property source.topic is not valid
43 [main] WARN kafka.utils.VerifiableProperties  - Property value.serializer is not valid
43 [main] WARN kafka.utils.VerifiableProperties  - Property zookeeper.connect is not valid
250 [main] INFO kafka.client.ClientUtils$  - Fetching metadata from broker BrokerEndPoint(0,localhost,9092) with correlation id 0 for 1 topic(s) Set(earth_to_curiosity_5)
375 [main] INFO kafka.producer.SyncProducer  - Connected to localhost:9092 for producing
421 [main] INFO kafka.producer.SyncProducer  - Disconnecting from localhost:9092
499 [main] INFO kafka.producer.SyncProducer  - Connected to zion-mainframe:9092 for producing
610266 [main] INFO kafka.client.ClientUtils$  - Fetching metadata from broker BrokerEndPoint(0,localhost,9092) with correlation id 107 for 1 topic(s) Set(earth_to_curiosity_5)
610268 [main] INFO kafka.producer.SyncProducer  - Connected to localhost:9092 for producing
610270 [main] INFO kafka.producer.SyncProducer  - Disconnecting from localhost:9092
610271 [main] INFO kafka.producer.SyncProducer  - Disconnecting from zion-mainframe:9092
610274 [main] INFO kafka.producer.SyncProducer  - Connected to zion-mainframe:9092 for producing
1219937 [main] INFO kafka.client.ClientUtils$  - Fetching metadata from broker BrokerEndPoint(0,localhost,9092) with correlation id 214 for 1 topic(s) Set(earth_to_curiosity_5)
1219938 [main] INFO kafka.producer.SyncProducer  - Connected to localhost:9092 for producing
1219939 [main] INFO kafka.producer.SyncProducer  - Disconnecting from localhost:9092
1219939 [main] INFO kafka.producer.SyncProducer  - Disconnecting from zion-mainframe:9092
1219941 [main] INFO kafka.producer.SyncProducer  - Connected to zion-mainframe:9092 for producing
1829575 [main] INFO kafka.client.ClientUtils$  - Fetching metadata from broker BrokerEndPoint(0,localhost,9092) with correlation id 321 for 1 topic(s) Set(earth_to_curiosity_5)
1829577 [main] INFO kafka.producer.SyncProducer  - Connected to localhost:9092 for producing
1829578 [main] INFO kafka.producer.SyncProducer  - Disconnecting from localhost:9092
1829579 [main] INFO kafka.producer.SyncProducer  - Disconnecting from zion-mainframe:9092
1829582 [main] INFO kafka.producer.SyncProducer  - Connected to zion-mainframe:9092 for producing
2439183 [main] INFO kafka.client.ClientUtils$  - Fetching metadata from broker BrokerEndPoint(0,localhost,9092) with correlation id 428 for 1 topic(s) Set(earth_to_curiosity_5)
2439185 [main] INFO kafka.producer.SyncProducer  - Connected to localhost:9092 for producing
2439186 [main] INFO kafka.producer.SyncProducer  - Disconnecting from localhost:9092
2439187 [main] INFO kafka.producer.SyncProducer  - Disconnecting from zion-mainframe:9092
2439189 [main] INFO kafka.producer.SyncProducer  - Connected to zion-mainframe:9092 for producing
3048803 [main] INFO kafka.client.ClientUtils$  - Fetching metadata from broker BrokerEndPoint(0,localhost,9092) with correlation id 535 for 1 topic(s) Set(earth_to_curiosity_5)
3048804 [main] INFO kafka.producer.SyncProducer  - Connected to localhost:9092 for producing
3048805 [main] INFO kafka.producer.SyncProducer  - Disconnecting from localhost:9092
3048806 [main] INFO kafka.producer.SyncProducer  - Disconnecting from zion-mainframe:9092
3048808 [main] INFO kafka.producer.SyncProducer  - Connected to zion-mainframe:9092 for producing
3658423 [main] INFO kafka.client.ClientUtils$  - Fetching metadata from broker BrokerEndPoint(0,localhost,9092) with correlation id 642 for 1 topic(s) Set(earth_to_curiosity_5)
3658425 [main] INFO kafka.producer.SyncProducer  - Connected to localhost:9092 for producing
3658426 [main] INFO kafka.producer.SyncProducer  - Disconnecting from localhost:9092
3658426 [main] INFO kafka.producer.SyncProducer  - Disconnecting from zion-mainframe:9092
3658430 [main] INFO kafka.producer.SyncProducer  - Connected to zion-mainframe:9092 for producing
4268033 [main] INFO kafka.client.ClientUtils$  - Fetching metadata from broker BrokerEndPoint(0,localhost,9092) with correlation id 749 for 1 topic(s) Set(earth_to_curiosity_5)
4268034 [main] INFO kafka.producer.SyncProducer  - Connected to localhost:9092 for producing
4268036 [main] INFO kafka.producer.SyncProducer  - Disconnecting from localhost:9092
4268036 [main] INFO kafka.producer.SyncProducer  - Disconnecting from zion-mainframe:9092
4268038 [main] INFO kafka.producer.SyncProducer  - Connected to zion-mainframe:9092 for producing
4877628 [main] INFO kafka.client.ClientUtils$  - Fetching metadata from broker BrokerEndPoint(0,localhost,9092) with correlation id 856 for 1 topic(s) Set(earth_to_curiosity_5)
4877629 [main] INFO kafka.producer.SyncProducer  - Connected to localhost:9092 for producing
4877630 [main] INFO kafka.producer.SyncProducer  - Disconnecting from localhost:9092
4877631 [main] INFO kafka.producer.SyncProducer  - Disconnecting from zion-mainframe:9092
4877634 [main] INFO kafka.producer.SyncProducer  - Connected to zion-mainframe:9092 for producing
5487214 [main] INFO kafka.client.ClientUtils$  - Fetching metadata from broker BrokerEndPoint(0,localhost,9092) with correlation id 963 for 1 topic(s) Set(earth_to_curiosity_5)
5487215 [main] INFO kafka.producer.SyncProducer  - Connected to localhost:9092 for producing
5487216 [main] INFO kafka.producer.SyncProducer  - Disconnecting from localhost:9092
5487217 [main] INFO kafka.producer.SyncProducer  - Disconnecting from zion-mainframe:9092
5487219 [main] INFO kafka.producer.SyncProducer  - Connected to zion-mainframe:9092 for producing
6096794 [main] INFO kafka.client.ClientUtils$  - Fetching metadata from broker BrokerEndPoint(0,localhost,9092) with correlation id 1070 for 1 topic(s) Set(earth_to_curiosity_5)
6096795 [main] INFO kafka.producer.SyncProducer  - Connected to localhost:9092 for producing
6096795 [main] INFO kafka.producer.SyncProducer  - Disconnecting from localhost:9092
6096796 [main] INFO kafka.producer.SyncProducer  - Disconnecting from zion-mainframe:9092
6096797 [main] INFO kafka.producer.SyncProducer  - Connected to zion-mainframe:9092 for producing
6706368 [main] INFO kafka.client.ClientUtils$  - Fetching metadata from broker BrokerEndPoint(0,localhost,9092) with correlation id 1177 for 1 topic(s) Set(earth_to_curiosity_5)
6706369 [main] INFO kafka.producer.SyncProducer  - Connected to localhost:9092 for producing
6706370 [main] INFO kafka.producer.SyncProducer  - Disconnecting from localhost:9092
6706371 [main] INFO kafka.producer.SyncProducer  - Disconnecting from zion-mainframe:9092
6706372 [main] INFO kafka.producer.SyncProducer  - Connected to zion-mainframe:9092 for producing
7315957 [main] INFO kafka.client.ClientUtils$  - Fetching metadata from broker BrokerEndPoint(0,localhost,9092) with correlation id 1284 for 1 topic(s) Set(earth_to_curiosity_5)
7315958 [main] INFO kafka.producer.SyncProducer  - Connected to localhost:9092 for producing
7315959 [main] INFO kafka.producer.SyncProducer  - Disconnecting from localhost:9092
7315960 [main] INFO kafka.producer.SyncProducer  - Disconnecting from zion-mainframe:9092
7315963 [main] INFO kafka.producer.SyncProducer  - Connected to zion-mainframe:9092 for producing
7925498 [main] INFO kafka.client.ClientUtils$  - Fetching metadata from broker BrokerEndPoint(0,localhost,9092) with correlation id 1391 for 1 topic(s) Set(earth_to_curiosity_5)
7925499 [main] INFO kafka.producer.SyncProducer  - Connected to localhost:9092 for producing
7925499 [main] INFO kafka.producer.SyncProducer  - Disconnecting from localhost:9092
7925499 [main] INFO kafka.producer.SyncProducer  - Disconnecting from zion-mainframe:9092
7925500 [main] INFO kafka.producer.SyncProducer  - Connected to zion-mainframe:9092 for producing
8535045 [main] INFO kafka.client.ClientUtils$  - Fetching metadata from broker BrokerEndPoint(0,localhost,9092) with correlation id 1498 for 1 topic(s) Set(earth_to_curiosity_5)
8535046 [main] INFO kafka.producer.SyncProducer  - Connected to localhost:9092 for producing
8535046 [main] INFO kafka.producer.SyncProducer  - Disconnecting from localhost:9092
8535046 [main] INFO kafka.producer.SyncProducer  - Disconnecting from zion-mainframe:9092
8535047 [main] INFO kafka.producer.SyncProducer  - Connected to zion-mainframe:9092 for producing
9144612 [main] INFO kafka.client.ClientUtils$  - Fetching metadata from broker BrokerEndPoint(0,localhost,9092) with correlation id 1605 for 1 topic(s) Set(earth_to_curiosity_5)
9144613 [main] INFO kafka.producer.SyncProducer  - Connected to localhost:9092 for producing
9144613 [main] INFO kafka.producer.SyncProducer  - Disconnecting from localhost:9092
9144614 [main] INFO kafka.producer.SyncProducer  - Disconnecting from zion-mainframe:9092
9144614 [main] INFO kafka.producer.SyncProducer  - Connected to zion-mainframe:9092 for producing
9754176 [main] INFO kafka.client.ClientUtils$  - Fetching metadata from broker BrokerEndPoint(0,localhost,9092) with correlation id 1712 for 1 topic(s) Set(earth_to_curiosity_5)
9754177 [main] INFO kafka.producer.SyncProducer  - Connected to localhost:9092 for producing
9754178 [main] INFO kafka.producer.SyncProducer  - Disconnecting from localhost:9092
9754179 [main] INFO kafka.producer.SyncProducer  - Disconnecting from zion-mainframe:9092
9754181 [main] INFO kafka.producer.SyncProducer  - Connected to zion-mainframe:9092 for producing
10363749 [main] INFO kafka.client.ClientUtils$  - Fetching metadata from broker BrokerEndPoint(0,localhost,9092) with correlation id 1819 for 1 topic(s) Set(earth_to_curiosity_5)
10363750 [main] INFO kafka.producer.SyncProducer  - Connected to localhost:9092 for producing
10363752 [main] INFO kafka.producer.SyncProducer  - Disconnecting from localhost:9092
10363752 [main] INFO kafka.producer.SyncProducer  - Disconnecting from zion-mainframe:9092
10363754 [main] INFO kafka.producer.SyncProducer  - Connected to zion-mainframe:9092 for producing
10973330 [main] INFO kafka.client.ClientUtils$  - Fetching metadata from broker BrokerEndPoint(0,localhost,9092) with correlation id 1926 for 1 topic(s) Set(earth_to_curiosity_5)
10973331 [main] INFO kafka.producer.SyncProducer  - Connected to localhost:9092 for producing
10973331 [main] INFO kafka.producer.SyncProducer  - Disconnecting from localhost:9092
10973331 [main] INFO kafka.producer.SyncProducer  - Disconnecting from zion-mainframe:9092
10973332 [main] INFO kafka.producer.SyncProducer  - Connected to zion-mainframe:9092 for producing
11582897 [main] INFO kafka.client.ClientUtils$  - Fetching metadata from broker BrokerEndPoint(0,localhost,9092) with correlation id 2033 for 1 topic(s) Set(earth_to_curiosity_5)
11582898 [main] INFO kafka.producer.SyncProducer  - Connected to localhost:9092 for producing
11582899 [main] INFO kafka.producer.SyncProducer  - Disconnecting from localhost:9092
11582899 [main] INFO kafka.producer.SyncProducer  - Disconnecting from zion-mainframe:9092
11582901 [main] INFO kafka.producer.SyncProducer  - Connected to zion-mainframe:9092 for producing
12192469 [main] INFO kafka.client.ClientUtils$  - Fetching metadata from broker BrokerEndPoint(0,localhost,9092) with correlation id 2140 for 1 topic(s) Set(earth_to_curiosity_5)
12192470 [main] INFO kafka.producer.SyncProducer  - Connected to localhost:9092 for producing
12192471 [main] INFO kafka.producer.SyncProducer  - Disconnecting from localhost:9092
12192471 [main] INFO kafka.producer.SyncProducer  - Disconnecting from zion-mainframe:9092
12192473 [main] INFO kafka.producer.SyncProducer  - Connected to zion-mainframe:9092 for producing
12802039 [main] INFO kafka.client.ClientUtils$  - Fetching metadata from broker BrokerEndPoint(0,localhost,9092) with correlation id 2247 for 1 topic(s) Set(earth_to_curiosity_5)
12802040 [main] INFO kafka.producer.SyncProducer  - Connected to localhost:9092 for producing
12802042 [main] INFO kafka.producer.SyncProducer  - Disconnecting from localhost:9092
12802043 [main] INFO kafka.producer.SyncProducer  - Disconnecting from zion-mainframe:9092
12802049 [main] INFO kafka.producer.SyncProducer  - Connected to zion-mainframe:9092 for producing
13411607 [main] INFO kafka.client.ClientUtils$  - Fetching metadata from broker BrokerEndPoint(0,localhost,9092) with correlation id 2354 for 1 topic(s) Set(earth_to_curiosity_5)
13411607 [main] INFO kafka.producer.SyncProducer  - Connected to localhost:9092 for producing
13411608 [main] INFO kafka.producer.SyncProducer  - Disconnecting from localhost:9092
13411608 [main] INFO kafka.producer.SyncProducer  - Disconnecting from zion-mainframe:9092
13411609 [main] INFO kafka.producer.SyncProducer  - Connected to zion-mainframe:9092 for producing
14021162 [main] INFO kafka.client.ClientUtils$  - Fetching metadata from broker BrokerEndPoint(0,localhost,9092) with correlation id 2461 for 1 topic(s) Set(earth_to_curiosity_5)
14021163 [main] INFO kafka.producer.SyncProducer  - Connected to localhost:9092 for producing
14021164 [main] INFO kafka.producer.SyncProducer  - Disconnecting from localhost:9092
14021165 [main] INFO kafka.producer.SyncProducer  - Disconnecting from zion-mainframe:9092
14021168 [main] INFO kafka.producer.SyncProducer  - Connected to zion-mainframe:9092 for producing
14630738 [main] INFO kafka.client.ClientUtils$  - Fetching metadata from broker BrokerEndPoint(0,localhost,9092) with correlation id 2568 for 1 topic(s) Set(earth_to_curiosity_5)
14630739 [main] INFO kafka.producer.SyncProducer  - Connected to localhost:9092 for producing
14630740 [main] INFO kafka.producer.SyncProducer  - Disconnecting from localhost:9092
14630741 [main] INFO kafka.producer.SyncProducer  - Disconnecting from zion-mainframe:9092
14630744 [main] INFO kafka.producer.SyncProducer  - Connected to zion-mainframe:9092 for producing
15240299 [main] INFO kafka.client.ClientUtils$  - Fetching metadata from broker BrokerEndPoint(0,localhost,9092) with correlation id 2675 for 1 topic(s) Set(earth_to_curiosity_5)
15240300 [main] INFO kafka.producer.SyncProducer  - Connected to localhost:9092 for producing
15240302 [main] INFO kafka.producer.SyncProducer  - Disconnecting from localhost:9092
15240302 [main] INFO kafka.producer.SyncProducer  - Disconnecting from zion-mainframe:9092
15240304 [main] INFO kafka.producer.SyncProducer  - Connected to zion-mainframe:9092 for producing
15849865 [main] INFO kafka.client.ClientUtils$  - Fetching metadata from broker BrokerEndPoint(0,localhost,9092) with correlation id 2782 for 1 topic(s) Set(earth_to_curiosity_5)
15849866 [main] INFO kafka.producer.SyncProducer  - Connected to localhost:9092 for producing
15849867 [main] INFO kafka.producer.SyncProducer  - Disconnecting from localhost:9092
15849868 [main] INFO kafka.producer.SyncProducer  - Disconnecting from zion-mainframe:9092
15849869 [main] INFO kafka.producer.SyncProducer  - Connected to zion-mainframe:9092 for producing
16459424 [main] INFO kafka.client.ClientUtils$  - Fetching metadata from broker BrokerEndPoint(0,localhost,9092) with correlation id 2889 for 1 topic(s) Set(earth_to_curiosity_5)
16459425 [main] INFO kafka.producer.SyncProducer  - Connected to localhost:9092 for producing
16459426 [main] INFO kafka.producer.SyncProducer  - Disconnecting from localhost:9092
16459427 [main] INFO kafka.producer.SyncProducer  - Disconnecting from zion-mainframe:9092
16459429 [main] INFO kafka.producer.SyncProducer  - Connected to zion-mainframe:9092 for producing
17068981 [main] INFO kafka.client.ClientUtils$  - Fetching metadata from broker BrokerEndPoint(0,localhost,9092) with correlation id 2996 for 1 topic(s) Set(earth_to_curiosity_5)
17068982 [main] INFO kafka.producer.SyncProducer  - Connected to localhost:9092 for producing
17068985 [main] INFO kafka.producer.SyncProducer  - Disconnecting from localhost:9092
17068986 [main] INFO kafka.producer.SyncProducer  - Disconnecting from zion-mainframe:9092
17068989 [main] INFO kafka.producer.SyncProducer  - Connected to zion-mainframe:9092 for producing
17678541 [main] INFO kafka.client.ClientUtils$  - Fetching metadata from broker BrokerEndPoint(0,localhost,9092) with correlation id 3103 for 1 topic(s) Set(earth_to_curiosity_5)
17678542 [main] INFO kafka.producer.SyncProducer  - Connected to localhost:9092 for producing
17678544 [main] INFO kafka.producer.SyncProducer  - Disconnecting from localhost:9092
17678544 [main] INFO kafka.producer.SyncProducer  - Disconnecting from zion-mainframe:9092
17678545 [main] INFO kafka.producer.SyncProducer  - Connected to zion-mainframe:9092 for producing
18288102 [main] INFO kafka.client.ClientUtils$  - Fetching metadata from broker BrokerEndPoint(0,localhost,9092) with correlation id 3210 for 1 topic(s) Set(earth_to_curiosity_5)
18288103 [main] INFO kafka.producer.SyncProducer  - Connected to localhost:9092 for producing
18288105 [main] INFO kafka.producer.SyncProducer  - Disconnecting from localhost:9092
18288105 [main] INFO kafka.producer.SyncProducer  - Disconnecting from zion-mainframe:9092
18288106 [main] INFO kafka.producer.SyncProducer  - Connected to zion-mainframe:9092 for producing
18897651 [main] INFO kafka.client.ClientUtils$  - Fetching metadata from broker BrokerEndPoint(0,localhost,9092) with correlation id 3317 for 1 topic(s) Set(earth_to_curiosity_5)
18897651 [main] INFO kafka.producer.SyncProducer  - Connected to localhost:9092 for producing
18897652 [main] INFO kafka.producer.SyncProducer  - Disconnecting from localhost:9092
18897652 [main] INFO kafka.producer.SyncProducer  - Disconnecting from zion-mainframe:9092
18897653 [main] INFO kafka.producer.SyncProducer  - Connected to zion-mainframe:9092 for producing
19507200 [main] INFO kafka.client.ClientUtils$  - Fetching metadata from broker BrokerEndPoint(0,localhost,9092) with correlation id 3424 for 1 topic(s) Set(earth_to_curiosity_5)
19507201 [main] INFO kafka.producer.SyncProducer  - Connected to localhost:9092 for producing
19507203 [main] INFO kafka.producer.SyncProducer  - Disconnecting from localhost:9092
19507203 [main] INFO kafka.producer.SyncProducer  - Disconnecting from zion-mainframe:9092
19507206 [main] INFO kafka.producer.SyncProducer  - Connected to zion-mainframe:9092 for producing
20116758 [main] INFO kafka.client.ClientUtils$  - Fetching metadata from broker BrokerEndPoint(0,localhost,9092) with correlation id 3531 for 1 topic(s) Set(earth_to_curiosity_5)
20116759 [main] INFO kafka.producer.SyncProducer  - Connected to localhost:9092 for producing
20116760 [main] INFO kafka.producer.SyncProducer  - Disconnecting from localhost:9092
20116761 [main] INFO kafka.producer.SyncProducer  - Disconnecting from zion-mainframe:9092
20116762 [main] INFO kafka.producer.SyncProducer  - Connected to zion-mainframe:9092 for producing
