0 [main] INFO kafka.utils.VerifiableProperties  - Verifying properties
32 [main] INFO kafka.utils.VerifiableProperties  - Property auto.offset.reset is overridden to largest
32 [main] WARN kafka.utils.VerifiableProperties  - Property bootstrap.servers is not valid
32 [main] WARN kafka.utils.VerifiableProperties  - Property destination.topic is not valid
33 [main] INFO kafka.utils.VerifiableProperties  - Property group.id is overridden to space.exploration.mars.rover.curiosity.1517631100259
33 [main] WARN kafka.utils.VerifiableProperties  - Property key.serializer is not valid
33 [main] WARN kafka.utils.VerifiableProperties  - Property metadata.broker.list is not valid
33 [main] WARN kafka.utils.VerifiableProperties  - Property source.topic is not valid
33 [main] WARN kafka.utils.VerifiableProperties  - Property value.serializer is not valid
33 [main] INFO kafka.utils.VerifiableProperties  - Property zookeeper.connect is overridden to localhost:2181
72 [main] INFO kafka.consumer.ZookeeperConsumerConnector  - [space.exploration.mars.rover.curiosity.1517631100259_zion-mainframe-1517631100547-35ba15c7], Connecting to zookeeper instance at localhost:2181
77 [ZkClient-EventThread-14-localhost:2181] INFO org.I0Itec.zkclient.ZkEventThread  - Starting ZkClient event thread.
80 [main] INFO org.apache.zookeeper.ZooKeeper  - Client environment:zookeeper.version=3.4.6-1569965, built on 02/20/2014 09:09 GMT
80 [main] INFO org.apache.zookeeper.ZooKeeper  - Client environment:host.name=zion-mainframe
80 [main] INFO org.apache.zookeeper.ZooKeeper  - Client environment:java.version=1.8.0_151
80 [main] INFO org.apache.zookeeper.ZooKeeper  - Client environment:java.vendor=Oracle Corporation
80 [main] INFO org.apache.zookeeper.ZooKeeper  - Client environment:java.home=/usr/lib/jvm/java-8-openjdk-amd64/jre
80 [main] INFO org.apache.zookeeper.ZooKeeper  - Client environment:java.class.path=target/mission.control-1.2-shaded.jar
80 [main] INFO org.apache.zookeeper.ZooKeeper  - Client environment:java.library.path=$LD_LIBRARY_PATH:"/home/sanket/Documents/workspace/SpiceUtilities/src/main/resources/JNISpice/lib/libJNISpice.so":/home/sanket/Documents/workspace/SpiceUtilities/src/main/resources/JNISpice/lib/libJNISpice.so:/usr/java/packages/lib/amd64:/usr/lib/x86_64-linux-gnu/jni:/lib/x86_64-linux-gnu:/usr/lib/x86_64-linux-gnu:/usr/lib/jni:/lib:/usr/lib
80 [main] INFO org.apache.zookeeper.ZooKeeper  - Client environment:java.io.tmpdir=/tmp
80 [main] INFO org.apache.zookeeper.ZooKeeper  - Client environment:java.compiler=<NA>
80 [main] INFO org.apache.zookeeper.ZooKeeper  - Client environment:os.name=Linux
80 [main] INFO org.apache.zookeeper.ZooKeeper  - Client environment:os.arch=amd64
80 [main] INFO org.apache.zookeeper.ZooKeeper  - Client environment:os.version=4.13.0-32-generic
80 [main] INFO org.apache.zookeeper.ZooKeeper  - Client environment:user.name=sanket
80 [main] INFO org.apache.zookeeper.ZooKeeper  - Client environment:user.home=/home/sanket
80 [main] INFO org.apache.zookeeper.ZooKeeper  - Client environment:user.dir=/home/sanket/Documents/workspace/Mission.Control
80 [main] INFO org.apache.zookeeper.ZooKeeper  - Initiating client connection, connectString=localhost:2181 sessionTimeout=6000 watcher=org.I0Itec.zkclient.ZkClient@2d127a61
88 [main] INFO org.I0Itec.zkclient.ZkClient  - Waiting for keeper state SyncConnected
90 [main-SendThread(localhost:2181)] INFO org.apache.zookeeper.ClientCnxn  - Opening socket connection to server localhost/127.0.0.1:2181. Will not attempt to authenticate using SASL (unknown error)
126 [main-SendThread(localhost:2181)] INFO org.apache.zookeeper.ClientCnxn  - Socket connection established to localhost/127.0.0.1:2181, initiating session
130 [main-SendThread(localhost:2181)] INFO org.apache.zookeeper.ClientCnxn  - Session establishment complete on server localhost/127.0.0.1:2181, sessionid = 0x1615861f7cf0004, negotiated timeout = 6000
131 [main-EventThread] INFO org.I0Itec.zkclient.ZkClient  - zookeeper state changed (SyncConnected)
139 [main] INFO kafka.consumer.ZookeeperConsumerConnector  - [space.exploration.mars.rover.curiosity.1517631100259_zion-mainframe-1517631100547-35ba15c7], starting auto committer every 60000 ms
157 [Thread-0] INFO kafka.consumer.ZookeeperConsumerConnector  - [space.exploration.mars.rover.curiosity.1517631100259_zion-mainframe-1517631100547-35ba15c7], begin registering consumer space.exploration.mars.rover.curiosity.1517631100259_zion-mainframe-1517631100547-35ba15c7 in ZK
175 [Thread-0] INFO kafka.utils.ZKCheckedEphemeral  - Creating /consumers/space.exploration.mars.rover.curiosity.1517631100259/ids/space.exploration.mars.rover.curiosity.1517631100259_zion-mainframe-1517631100547-35ba15c7 (is it secure? false)
184 [Thread-0] INFO kafka.utils.ZKCheckedEphemeral  - Result of znode creation is: OK
184 [Thread-0] INFO kafka.consumer.ZookeeperConsumerConnector  - [space.exploration.mars.rover.curiosity.1517631100259_zion-mainframe-1517631100547-35ba15c7], end registering consumer space.exploration.mars.rover.curiosity.1517631100259_zion-mainframe-1517631100547-35ba15c7 in ZK
186 [space.exploration.mars.rover.curiosity.1517631100259_zion-mainframe-1517631100547-35ba15c7_watcher_executor] INFO kafka.consumer.ZookeeperConsumerConnector  - [space.exploration.mars.rover.curiosity.1517631100259_zion-mainframe-1517631100547-35ba15c7], starting watcher executor thread for consumer space.exploration.mars.rover.curiosity.1517631100259_zion-mainframe-1517631100547-35ba15c7
199 [Thread-0] INFO kafka.consumer.ZookeeperConsumerConnector  - [space.exploration.mars.rover.curiosity.1517631100259_zion-mainframe-1517631100547-35ba15c7], begin rebalancing consumer space.exploration.mars.rover.curiosity.1517631100259_zion-mainframe-1517631100547-35ba15c7 try #0
274 [Thread-0] INFO kafka.consumer.ConsumerFetcherManager  - [ConsumerFetcherManager-1517631100612] Stopping leader finder thread
274 [Thread-0] INFO kafka.consumer.ConsumerFetcherManager  - [ConsumerFetcherManager-1517631100612] Stopping all fetchers
275 [Thread-0] INFO kafka.consumer.ConsumerFetcherManager  - [ConsumerFetcherManager-1517631100612] All connections stopped
275 [Thread-0] INFO kafka.consumer.ZookeeperConsumerConnector  - [space.exploration.mars.rover.curiosity.1517631100259_zion-mainframe-1517631100547-35ba15c7], Cleared all relevant queues for this fetcher
276 [Thread-0] INFO kafka.consumer.ZookeeperConsumerConnector  - [space.exploration.mars.rover.curiosity.1517631100259_zion-mainframe-1517631100547-35ba15c7], Cleared the data chunks in all the consumer message iterators
276 [Thread-0] INFO kafka.consumer.ZookeeperConsumerConnector  - [space.exploration.mars.rover.curiosity.1517631100259_zion-mainframe-1517631100547-35ba15c7], Committing all offsets after clearing the fetcher queues
277 [Thread-0] INFO kafka.consumer.ZookeeperConsumerConnector  - [space.exploration.mars.rover.curiosity.1517631100259_zion-mainframe-1517631100547-35ba15c7], Releasing partition ownership
299 [Thread-0] INFO kafka.consumer.RangeAssignor  - Consumer space.exploration.mars.rover.curiosity.1517631100259_zion-mainframe-1517631100547-35ba15c7 rebalancing the following partitions: ArrayBuffer(0) for topic curiosity_to_earth_5 with consumers: List(space.exploration.mars.rover.curiosity.1517631100259_zion-mainframe-1517631100547-35ba15c7-0)
301 [Thread-0] INFO kafka.consumer.RangeAssignor  - space.exploration.mars.rover.curiosity.1517631100259_zion-mainframe-1517631100547-35ba15c7-0 attempting to claim partition 0
330 [Thread-0] INFO kafka.consumer.ZookeeperConsumerConnector  - [space.exploration.mars.rover.curiosity.1517631100259_zion-mainframe-1517631100547-35ba15c7], space.exploration.mars.rover.curiosity.1517631100259_zion-mainframe-1517631100547-35ba15c7-0 successfully owned partition 0 for topic curiosity_to_earth_5
345 [Thread-0] INFO kafka.consumer.ZookeeperConsumerConnector  - [space.exploration.mars.rover.curiosity.1517631100259_zion-mainframe-1517631100547-35ba15c7], Consumer space.exploration.mars.rover.curiosity.1517631100259_zion-mainframe-1517631100547-35ba15c7 selected partitions : curiosity_to_earth_5:0: fetched offset = -1: consumed offset = -1
346 [space.exploration.mars.rover.curiosity.1517631100259_zion-mainframe-1517631100547-35ba15c7-leader-finder-thread] INFO kafka.consumer.ConsumerFetcherManager$LeaderFinderThread  - [space.exploration.mars.rover.curiosity.1517631100259_zion-mainframe-1517631100547-35ba15c7-leader-finder-thread], Starting 
347 [Thread-0] INFO kafka.consumer.ZookeeperConsumerConnector  - [space.exploration.mars.rover.curiosity.1517631100259_zion-mainframe-1517631100547-35ba15c7], end rebalancing consumer space.exploration.mars.rover.curiosity.1517631100259_zion-mainframe-1517631100547-35ba15c7 try #0
360 [space.exploration.mars.rover.curiosity.1517631100259_zion-mainframe-1517631100547-35ba15c7-leader-finder-thread] INFO kafka.utils.VerifiableProperties  - Verifying properties
360 [space.exploration.mars.rover.curiosity.1517631100259_zion-mainframe-1517631100547-35ba15c7-leader-finder-thread] INFO kafka.utils.VerifiableProperties  - Property client.id is overridden to space.exploration.mars.rover.curiosity.1517631100259
360 [space.exploration.mars.rover.curiosity.1517631100259_zion-mainframe-1517631100547-35ba15c7-leader-finder-thread] INFO kafka.utils.VerifiableProperties  - Property metadata.broker.list is overridden to zion-mainframe:9092
360 [space.exploration.mars.rover.curiosity.1517631100259_zion-mainframe-1517631100547-35ba15c7-leader-finder-thread] INFO kafka.utils.VerifiableProperties  - Property request.timeout.ms is overridden to 30000
372 [space.exploration.mars.rover.curiosity.1517631100259_zion-mainframe-1517631100547-35ba15c7-leader-finder-thread] INFO kafka.client.ClientUtils$  - Fetching metadata from broker BrokerEndPoint(0,zion-mainframe,9092) with correlation id 0 for 1 topic(s) Set(curiosity_to_earth_5)
376 [space.exploration.mars.rover.curiosity.1517631100259_zion-mainframe-1517631100547-35ba15c7-leader-finder-thread] INFO kafka.producer.SyncProducer  - Connected to zion-mainframe:9092 for producing
386 [space.exploration.mars.rover.curiosity.1517631100259_zion-mainframe-1517631100547-35ba15c7-leader-finder-thread] INFO kafka.producer.SyncProducer  - Disconnecting from zion-mainframe:9092
400 [ConsumerFetcherThread-space.exploration.mars.rover.curiosity.1517631100259_zion-mainframe-1517631100547-35ba15c7-0-0] INFO kafka.consumer.ConsumerFetcherThread  - [ConsumerFetcherThread-space.exploration.mars.rover.curiosity.1517631100259_zion-mainframe-1517631100547-35ba15c7-0-0], Starting 
408 [space.exploration.mars.rover.curiosity.1517631100259_zion-mainframe-1517631100547-35ba15c7-leader-finder-thread] INFO kafka.consumer.ConsumerFetcherManager  - [ConsumerFetcherManager-1517631100612] Added fetcher for partitions ArrayBuffer([[curiosity_to_earth_5,0], initOffset -1 to broker BrokerEndPoint(0,zion-mainframe,9092)] )
18893 [Thread-0] INFO naasa.gov.mission.control.Receiver  - Message received from 
293055 [Thread-0] INFO naasa.gov.mission.control.Receiver  - Message received from 
517245 [Thread-0] INFO naasa.gov.mission.control.Receiver  - Message received from 
613648 [Thread-0] INFO naasa.gov.mission.control.Receiver  - Message received from 
