0 [main] INFO kafka.utils.VerifiableProperties  - Verifying properties
27 [main] INFO kafka.utils.VerifiableProperties  - Property auto.offset.reset is overridden to largest
27 [main] WARN kafka.utils.VerifiableProperties  - Property bootstrap.servers is not valid
27 [main] WARN kafka.utils.VerifiableProperties  - Property destination.topic is not valid
27 [main] INFO kafka.utils.VerifiableProperties  - Property group.id is overridden to space.exploration.mars.rover.curiosity.1512882124161
27 [main] WARN kafka.utils.VerifiableProperties  - Property key.serializer is not valid
27 [main] WARN kafka.utils.VerifiableProperties  - Property metadata.broker.list is not valid
27 [main] WARN kafka.utils.VerifiableProperties  - Property source.topic is not valid
27 [main] WARN kafka.utils.VerifiableProperties  - Property value.serializer is not valid
28 [main] INFO kafka.utils.VerifiableProperties  - Property zookeeper.connect is overridden to localhost:2181
62 [main] INFO kafka.consumer.ZookeeperConsumerConnector  - [space.exploration.mars.rover.curiosity.1512882124161_zion-mainframe-1512882124358-c1cf8897], Connecting to zookeeper instance at localhost:2181
66 [ZkClient-EventThread-14-localhost:2181] INFO org.I0Itec.zkclient.ZkEventThread  - Starting ZkClient event thread.
69 [main] INFO org.apache.zookeeper.ZooKeeper  - Client environment:zookeeper.version=3.4.6-1569965, built on 02/20/2014 09:09 GMT
69 [main] INFO org.apache.zookeeper.ZooKeeper  - Client environment:host.name=zion-mainframe
69 [main] INFO org.apache.zookeeper.ZooKeeper  - Client environment:java.version=1.8.0_151
69 [main] INFO org.apache.zookeeper.ZooKeeper  - Client environment:java.vendor=Oracle Corporation
69 [main] INFO org.apache.zookeeper.ZooKeeper  - Client environment:java.home=/usr/lib/jvm/java-8-openjdk-amd64/jre
69 [main] INFO org.apache.zookeeper.ZooKeeper  - Client environment:java.class.path=target/mission.control-1.1.1-shaded.jar
69 [main] INFO org.apache.zookeeper.ZooKeeper  - Client environment:java.library.path=$LD_LIBRARY_PATH:"/home/sanket/Documents/workspace/SpiceUtilities/src/main/resources/JNISpice/lib/libJNISpice.so":/home/sanket/Documents/workspace/SpiceUtilities/src/main/resources/JNISpice/lib/libJNISpice.so:/usr/java/packages/lib/amd64:/usr/lib/x86_64-linux-gnu/jni:/lib/x86_64-linux-gnu:/usr/lib/x86_64-linux-gnu:/usr/lib/jni:/lib:/usr/lib
69 [main] INFO org.apache.zookeeper.ZooKeeper  - Client environment:java.io.tmpdir=/tmp
69 [main] INFO org.apache.zookeeper.ZooKeeper  - Client environment:java.compiler=<NA>
69 [main] INFO org.apache.zookeeper.ZooKeeper  - Client environment:os.name=Linux
69 [main] INFO org.apache.zookeeper.ZooKeeper  - Client environment:os.arch=amd64
69 [main] INFO org.apache.zookeeper.ZooKeeper  - Client environment:os.version=4.10.0-42-generic
69 [main] INFO org.apache.zookeeper.ZooKeeper  - Client environment:user.name=sanket
69 [main] INFO org.apache.zookeeper.ZooKeeper  - Client environment:user.home=/home/sanket
69 [main] INFO org.apache.zookeeper.ZooKeeper  - Client environment:user.dir=/home/sanket/Documents/workspace/Mission.Control
69 [main] INFO org.apache.zookeeper.ZooKeeper  - Initiating client connection, connectString=localhost:2181 sessionTimeout=6000 watcher=org.I0Itec.zkclient.ZkClient@2d127a61
78 [main] INFO org.I0Itec.zkclient.ZkClient  - Waiting for keeper state SyncConnected
79 [main-SendThread(localhost:2181)] INFO org.apache.zookeeper.ClientCnxn  - Opening socket connection to server localhost/127.0.0.1:2181. Will not attempt to authenticate using SASL (unknown error)
113 [main-SendThread(localhost:2181)] INFO org.apache.zookeeper.ClientCnxn  - Socket connection established to localhost/127.0.0.1:2181, initiating session
118 [main-SendThread(localhost:2181)] INFO org.apache.zookeeper.ClientCnxn  - Session establishment complete on server localhost/127.0.0.1:2181, sessionid = 0x1603ebdaa180003, negotiated timeout = 6000
118 [main-EventThread] INFO org.I0Itec.zkclient.ZkClient  - zookeeper state changed (SyncConnected)
125 [main] INFO kafka.consumer.ZookeeperConsumerConnector  - [space.exploration.mars.rover.curiosity.1512882124161_zion-mainframe-1512882124358-c1cf8897], starting auto committer every 60000 ms
141 [Thread-0] INFO kafka.consumer.ZookeeperConsumerConnector  - [space.exploration.mars.rover.curiosity.1512882124161_zion-mainframe-1512882124358-c1cf8897], begin registering consumer space.exploration.mars.rover.curiosity.1512882124161_zion-mainframe-1512882124358-c1cf8897 in ZK
157 [Thread-0] INFO kafka.utils.ZKCheckedEphemeral  - Creating /consumers/space.exploration.mars.rover.curiosity.1512882124161/ids/space.exploration.mars.rover.curiosity.1512882124161_zion-mainframe-1512882124358-c1cf8897 (is it secure? false)
165 [Thread-0] INFO kafka.utils.ZKCheckedEphemeral  - Result of znode creation is: OK
165 [Thread-0] INFO kafka.consumer.ZookeeperConsumerConnector  - [space.exploration.mars.rover.curiosity.1512882124161_zion-mainframe-1512882124358-c1cf8897], end registering consumer space.exploration.mars.rover.curiosity.1512882124161_zion-mainframe-1512882124358-c1cf8897 in ZK
167 [space.exploration.mars.rover.curiosity.1512882124161_zion-mainframe-1512882124358-c1cf8897_watcher_executor] INFO kafka.consumer.ZookeeperConsumerConnector  - [space.exploration.mars.rover.curiosity.1512882124161_zion-mainframe-1512882124358-c1cf8897], starting watcher executor thread for consumer space.exploration.mars.rover.curiosity.1512882124161_zion-mainframe-1512882124358-c1cf8897
179 [Thread-0] INFO kafka.consumer.ZookeeperConsumerConnector  - [space.exploration.mars.rover.curiosity.1512882124161_zion-mainframe-1512882124358-c1cf8897], begin rebalancing consumer space.exploration.mars.rover.curiosity.1512882124161_zion-mainframe-1512882124358-c1cf8897 try #0
251 [Thread-0] INFO kafka.consumer.ConsumerFetcherManager  - [ConsumerFetcherManager-1512882124420] Stopping leader finder thread
251 [Thread-0] INFO kafka.consumer.ConsumerFetcherManager  - [ConsumerFetcherManager-1512882124420] Stopping all fetchers
252 [Thread-0] INFO kafka.consumer.ConsumerFetcherManager  - [ConsumerFetcherManager-1512882124420] All connections stopped
252 [Thread-0] INFO kafka.consumer.ZookeeperConsumerConnector  - [space.exploration.mars.rover.curiosity.1512882124161_zion-mainframe-1512882124358-c1cf8897], Cleared all relevant queues for this fetcher
253 [Thread-0] INFO kafka.consumer.ZookeeperConsumerConnector  - [space.exploration.mars.rover.curiosity.1512882124161_zion-mainframe-1512882124358-c1cf8897], Cleared the data chunks in all the consumer message iterators
253 [Thread-0] INFO kafka.consumer.ZookeeperConsumerConnector  - [space.exploration.mars.rover.curiosity.1512882124161_zion-mainframe-1512882124358-c1cf8897], Committing all offsets after clearing the fetcher queues
254 [Thread-0] INFO kafka.consumer.ZookeeperConsumerConnector  - [space.exploration.mars.rover.curiosity.1512882124161_zion-mainframe-1512882124358-c1cf8897], Releasing partition ownership
273 [Thread-0] INFO kafka.consumer.RangeAssignor  - Consumer space.exploration.mars.rover.curiosity.1512882124161_zion-mainframe-1512882124358-c1cf8897 rebalancing the following partitions: ArrayBuffer() for topic curiosity_to_earth_5 with consumers: List(space.exploration.mars.rover.curiosity.1512882124161_zion-mainframe-1512882124358-c1cf8897-0)
274 [Thread-0] WARN kafka.consumer.RangeAssignor  - No broker partitions consumed by consumer thread space.exploration.mars.rover.curiosity.1512882124161_zion-mainframe-1512882124358-c1cf8897-0 for topic curiosity_to_earth_5
283 [Thread-0] INFO kafka.consumer.ZookeeperConsumerConnector  - [space.exploration.mars.rover.curiosity.1512882124161_zion-mainframe-1512882124358-c1cf8897], Consumer space.exploration.mars.rover.curiosity.1512882124161_zion-mainframe-1512882124358-c1cf8897 selected partitions : 
283 [space.exploration.mars.rover.curiosity.1512882124161_zion-mainframe-1512882124358-c1cf8897-leader-finder-thread] INFO kafka.consumer.ConsumerFetcherManager$LeaderFinderThread  - [space.exploration.mars.rover.curiosity.1512882124161_zion-mainframe-1512882124358-c1cf8897-leader-finder-thread], Starting 
284 [Thread-0] INFO kafka.consumer.ZookeeperConsumerConnector  - [space.exploration.mars.rover.curiosity.1512882124161_zion-mainframe-1512882124358-c1cf8897], end rebalancing consumer space.exploration.mars.rover.curiosity.1512882124161_zion-mainframe-1512882124358-c1cf8897 try #0
33178 [ZkClient-EventThread-14-localhost:2181] INFO kafka.consumer.ZookeeperConsumerConnector  - [space.exploration.mars.rover.curiosity.1512882124161_zion-mainframe-1512882124358-c1cf8897], Topic info for path /brokers/topics/curiosity_to_earth_5 changed to {"version":1,"partitions":{"0":[0]}}, triggering rebalance
33178 [space.exploration.mars.rover.curiosity.1512882124161_zion-mainframe-1512882124358-c1cf8897_watcher_executor] INFO kafka.consumer.ZookeeperConsumerConnector  - [space.exploration.mars.rover.curiosity.1512882124161_zion-mainframe-1512882124358-c1cf8897], begin rebalancing consumer space.exploration.mars.rover.curiosity.1512882124161_zion-mainframe-1512882124358-c1cf8897 try #0
33207 [space.exploration.mars.rover.curiosity.1512882124161_zion-mainframe-1512882124358-c1cf8897_watcher_executor] INFO kafka.consumer.ConsumerFetcherManager  - [ConsumerFetcherManager-1512882124420] Stopping leader finder thread
33208 [space.exploration.mars.rover.curiosity.1512882124161_zion-mainframe-1512882124358-c1cf8897_watcher_executor] INFO kafka.consumer.ConsumerFetcherManager$LeaderFinderThread  - [space.exploration.mars.rover.curiosity.1512882124161_zion-mainframe-1512882124358-c1cf8897-leader-finder-thread], Shutting down
33208 [space.exploration.mars.rover.curiosity.1512882124161_zion-mainframe-1512882124358-c1cf8897_watcher_executor] INFO kafka.consumer.ConsumerFetcherManager$LeaderFinderThread  - [space.exploration.mars.rover.curiosity.1512882124161_zion-mainframe-1512882124358-c1cf8897-leader-finder-thread], Shutdown completed
33208 [space.exploration.mars.rover.curiosity.1512882124161_zion-mainframe-1512882124358-c1cf8897-leader-finder-thread] INFO kafka.consumer.ConsumerFetcherManager$LeaderFinderThread  - [space.exploration.mars.rover.curiosity.1512882124161_zion-mainframe-1512882124358-c1cf8897-leader-finder-thread], Stopped 
33208 [space.exploration.mars.rover.curiosity.1512882124161_zion-mainframe-1512882124358-c1cf8897_watcher_executor] INFO kafka.consumer.ConsumerFetcherManager  - [ConsumerFetcherManager-1512882124420] Stopping all fetchers
33208 [space.exploration.mars.rover.curiosity.1512882124161_zion-mainframe-1512882124358-c1cf8897_watcher_executor] INFO kafka.consumer.ConsumerFetcherManager  - [ConsumerFetcherManager-1512882124420] All connections stopped
33208 [space.exploration.mars.rover.curiosity.1512882124161_zion-mainframe-1512882124358-c1cf8897_watcher_executor] INFO kafka.consumer.ZookeeperConsumerConnector  - [space.exploration.mars.rover.curiosity.1512882124161_zion-mainframe-1512882124358-c1cf8897], Cleared all relevant queues for this fetcher
33208 [space.exploration.mars.rover.curiosity.1512882124161_zion-mainframe-1512882124358-c1cf8897_watcher_executor] INFO kafka.consumer.ZookeeperConsumerConnector  - [space.exploration.mars.rover.curiosity.1512882124161_zion-mainframe-1512882124358-c1cf8897], Cleared the data chunks in all the consumer message iterators
33208 [space.exploration.mars.rover.curiosity.1512882124161_zion-mainframe-1512882124358-c1cf8897_watcher_executor] INFO kafka.consumer.ZookeeperConsumerConnector  - [space.exploration.mars.rover.curiosity.1512882124161_zion-mainframe-1512882124358-c1cf8897], Committing all offsets after clearing the fetcher queues
33208 [space.exploration.mars.rover.curiosity.1512882124161_zion-mainframe-1512882124358-c1cf8897_watcher_executor] INFO kafka.consumer.ZookeeperConsumerConnector  - [space.exploration.mars.rover.curiosity.1512882124161_zion-mainframe-1512882124358-c1cf8897], Releasing partition ownership
33239 [space.exploration.mars.rover.curiosity.1512882124161_zion-mainframe-1512882124358-c1cf8897_watcher_executor] INFO kafka.consumer.RangeAssignor  - Consumer space.exploration.mars.rover.curiosity.1512882124161_zion-mainframe-1512882124358-c1cf8897 rebalancing the following partitions: ArrayBuffer(0) for topic curiosity_to_earth_5 with consumers: List(space.exploration.mars.rover.curiosity.1512882124161_zion-mainframe-1512882124358-c1cf8897-0)
33240 [space.exploration.mars.rover.curiosity.1512882124161_zion-mainframe-1512882124358-c1cf8897_watcher_executor] INFO kafka.consumer.RangeAssignor  - space.exploration.mars.rover.curiosity.1512882124161_zion-mainframe-1512882124358-c1cf8897-0 attempting to claim partition 0
33277 [space.exploration.mars.rover.curiosity.1512882124161_zion-mainframe-1512882124358-c1cf8897_watcher_executor] INFO kafka.consumer.ZookeeperConsumerConnector  - [space.exploration.mars.rover.curiosity.1512882124161_zion-mainframe-1512882124358-c1cf8897], space.exploration.mars.rover.curiosity.1512882124161_zion-mainframe-1512882124358-c1cf8897-0 successfully owned partition 0 for topic curiosity_to_earth_5
33283 [space.exploration.mars.rover.curiosity.1512882124161_zion-mainframe-1512882124358-c1cf8897_watcher_executor] INFO kafka.consumer.ZookeeperConsumerConnector  - [space.exploration.mars.rover.curiosity.1512882124161_zion-mainframe-1512882124358-c1cf8897], Consumer space.exploration.mars.rover.curiosity.1512882124161_zion-mainframe-1512882124358-c1cf8897 selected partitions : curiosity_to_earth_5:0: fetched offset = -1: consumed offset = -1
33286 [space.exploration.mars.rover.curiosity.1512882124161_zion-mainframe-1512882124358-c1cf8897_watcher_executor] INFO kafka.consumer.ZookeeperConsumerConnector  - [space.exploration.mars.rover.curiosity.1512882124161_zion-mainframe-1512882124358-c1cf8897], end rebalancing consumer space.exploration.mars.rover.curiosity.1512882124161_zion-mainframe-1512882124358-c1cf8897 try #0
33286 [space.exploration.mars.rover.curiosity.1512882124161_zion-mainframe-1512882124358-c1cf8897-leader-finder-thread] INFO kafka.consumer.ConsumerFetcherManager$LeaderFinderThread  - [space.exploration.mars.rover.curiosity.1512882124161_zion-mainframe-1512882124358-c1cf8897-leader-finder-thread], Starting 
33299 [space.exploration.mars.rover.curiosity.1512882124161_zion-mainframe-1512882124358-c1cf8897-leader-finder-thread] INFO kafka.utils.VerifiableProperties  - Verifying properties
33300 [space.exploration.mars.rover.curiosity.1512882124161_zion-mainframe-1512882124358-c1cf8897-leader-finder-thread] INFO kafka.utils.VerifiableProperties  - Property client.id is overridden to space.exploration.mars.rover.curiosity.1512882124161
33300 [space.exploration.mars.rover.curiosity.1512882124161_zion-mainframe-1512882124358-c1cf8897-leader-finder-thread] INFO kafka.utils.VerifiableProperties  - Property metadata.broker.list is overridden to zion-mainframe:9092
33300 [space.exploration.mars.rover.curiosity.1512882124161_zion-mainframe-1512882124358-c1cf8897-leader-finder-thread] INFO kafka.utils.VerifiableProperties  - Property request.timeout.ms is overridden to 30000
33325 [space.exploration.mars.rover.curiosity.1512882124161_zion-mainframe-1512882124358-c1cf8897-leader-finder-thread] INFO kafka.client.ClientUtils$  - Fetching metadata from broker BrokerEndPoint(0,zion-mainframe,9092) with correlation id 0 for 1 topic(s) Set(curiosity_to_earth_5)
33329 [space.exploration.mars.rover.curiosity.1512882124161_zion-mainframe-1512882124358-c1cf8897-leader-finder-thread] INFO kafka.producer.SyncProducer  - Connected to zion-mainframe:9092 for producing
33351 [space.exploration.mars.rover.curiosity.1512882124161_zion-mainframe-1512882124358-c1cf8897-leader-finder-thread] INFO kafka.producer.SyncProducer  - Disconnecting from zion-mainframe:9092
33365 [space.exploration.mars.rover.curiosity.1512882124161_zion-mainframe-1512882124358-c1cf8897-leader-finder-thread] INFO kafka.consumer.ConsumerFetcherManager  - [ConsumerFetcherManager-1512882124420] Added fetcher for partitions ArrayBuffer()
33583 [space.exploration.mars.rover.curiosity.1512882124161_zion-mainframe-1512882124358-c1cf8897-leader-finder-thread] INFO kafka.utils.VerifiableProperties  - Verifying properties
33584 [space.exploration.mars.rover.curiosity.1512882124161_zion-mainframe-1512882124358-c1cf8897-leader-finder-thread] INFO kafka.utils.VerifiableProperties  - Property client.id is overridden to space.exploration.mars.rover.curiosity.1512882124161
33584 [space.exploration.mars.rover.curiosity.1512882124161_zion-mainframe-1512882124358-c1cf8897-leader-finder-thread] INFO kafka.utils.VerifiableProperties  - Property metadata.broker.list is overridden to zion-mainframe:9092
33585 [space.exploration.mars.rover.curiosity.1512882124161_zion-mainframe-1512882124358-c1cf8897-leader-finder-thread] INFO kafka.utils.VerifiableProperties  - Property request.timeout.ms is overridden to 30000
33586 [space.exploration.mars.rover.curiosity.1512882124161_zion-mainframe-1512882124358-c1cf8897-leader-finder-thread] INFO kafka.client.ClientUtils$  - Fetching metadata from broker BrokerEndPoint(0,zion-mainframe,9092) with correlation id 1 for 1 topic(s) Set(curiosity_to_earth_5)
33589 [space.exploration.mars.rover.curiosity.1512882124161_zion-mainframe-1512882124358-c1cf8897-leader-finder-thread] INFO kafka.producer.SyncProducer  - Connected to zion-mainframe:9092 for producing
33620 [space.exploration.mars.rover.curiosity.1512882124161_zion-mainframe-1512882124358-c1cf8897-leader-finder-thread] INFO kafka.producer.SyncProducer  - Disconnecting from zion-mainframe:9092
33652 [ConsumerFetcherThread-space.exploration.mars.rover.curiosity.1512882124161_zion-mainframe-1512882124358-c1cf8897-0-0] INFO kafka.consumer.ConsumerFetcherThread  - [ConsumerFetcherThread-space.exploration.mars.rover.curiosity.1512882124161_zion-mainframe-1512882124358-c1cf8897-0-0], Starting 
33701 [space.exploration.mars.rover.curiosity.1512882124161_zion-mainframe-1512882124358-c1cf8897-leader-finder-thread] INFO kafka.consumer.ConsumerFetcherManager  - [ConsumerFetcherManager-1512882124420] Added fetcher for partitions ArrayBuffer([[curiosity_to_earth_5,0], initOffset -1 to broker BrokerEndPoint(0,zion-mainframe,9092)] )
