0 [main] INFO kafka.utils.VerifiableProperties  - Verifying properties
28 [main] WARN kafka.utils.VerifiableProperties  - Property auto.offset.reset is not valid
28 [main] WARN kafka.utils.VerifiableProperties  - Property bootstrap.servers is not valid
28 [main] WARN kafka.utils.VerifiableProperties  - Property destination.topic is not valid
28 [main] WARN kafka.utils.VerifiableProperties  - Property group.id is not valid
28 [main] WARN kafka.utils.VerifiableProperties  - Property key.serializer is not valid
29 [main] INFO kafka.utils.VerifiableProperties  - Property metadata.broker.list is overridden to localhost:9092
29 [main] WARN kafka.utils.VerifiableProperties  - Property source.topic is not valid
29 [main] WARN kafka.utils.VerifiableProperties  - Property value.serializer is not valid
29 [main] WARN kafka.utils.VerifiableProperties  - Property zookeeper.connect is not valid
172 [main] INFO kafka.client.ClientUtils$  - Fetching metadata from broker BrokerEndPoint(0,localhost,9092) with correlation id 0 for 1 topic(s) Set(earth_to_curiosity_5)
264 [main] INFO kafka.producer.SyncProducer  - Connected to localhost:9092 for producing
278 [main] INFO kafka.producer.SyncProducer  - Disconnecting from localhost:9092
317 [main] INFO kafka.producer.SyncProducer  - Connected to zion-mainframe:9092 for producing
615402 [main] INFO kafka.client.ClientUtils$  - Fetching metadata from broker BrokerEndPoint(0,localhost,9092) with correlation id 21 for 1 topic(s) Set(earth_to_curiosity_5)
615404 [main] INFO kafka.producer.SyncProducer  - Connected to localhost:9092 for producing
615407 [main] INFO kafka.producer.SyncProducer  - Disconnecting from localhost:9092
615408 [main] INFO kafka.producer.SyncProducer  - Disconnecting from zion-mainframe:9092
615414 [main] INFO kafka.producer.SyncProducer  - Connected to zion-mainframe:9092 for producing
1230458 [main] INFO kafka.client.ClientUtils$  - Fetching metadata from broker BrokerEndPoint(0,localhost,9092) with correlation id 42 for 1 topic(s) Set(earth_to_curiosity_5)
1230460 [main] INFO kafka.producer.SyncProducer  - Connected to localhost:9092 for producing
1230462 [main] INFO kafka.producer.SyncProducer  - Disconnecting from localhost:9092
1230463 [main] INFO kafka.producer.SyncProducer  - Disconnecting from zion-mainframe:9092
1230468 [main] INFO kafka.producer.SyncProducer  - Connected to zion-mainframe:9092 for producing
1845509 [main] INFO kafka.client.ClientUtils$  - Fetching metadata from broker BrokerEndPoint(0,localhost,9092) with correlation id 63 for 1 topic(s) Set(earth_to_curiosity_5)
1845509 [main] INFO kafka.producer.SyncProducer  - Connected to localhost:9092 for producing
1845510 [main] INFO kafka.producer.SyncProducer  - Disconnecting from localhost:9092
1845510 [main] INFO kafka.producer.SyncProducer  - Disconnecting from zion-mainframe:9092
1845512 [main] INFO kafka.producer.SyncProducer  - Connected to zion-mainframe:9092 for producing
2460541 [main] INFO kafka.client.ClientUtils$  - Fetching metadata from broker BrokerEndPoint(0,localhost,9092) with correlation id 84 for 1 topic(s) Set(earth_to_curiosity_5)
2460541 [main] INFO kafka.producer.SyncProducer  - Connected to localhost:9092 for producing
2460543 [main] INFO kafka.producer.SyncProducer  - Disconnecting from localhost:9092
2460543 [main] INFO kafka.producer.SyncProducer  - Disconnecting from zion-mainframe:9092
2460545 [main] INFO kafka.producer.SyncProducer  - Connected to zion-mainframe:9092 for producing
3075580 [main] INFO kafka.client.ClientUtils$  - Fetching metadata from broker BrokerEndPoint(0,localhost,9092) with correlation id 105 for 1 topic(s) Set(earth_to_curiosity_5)
3075582 [main] INFO kafka.producer.SyncProducer  - Connected to localhost:9092 for producing
3075584 [main] INFO kafka.producer.SyncProducer  - Disconnecting from localhost:9092
3075585 [main] INFO kafka.producer.SyncProducer  - Disconnecting from zion-mainframe:9092
3075588 [main] INFO kafka.producer.SyncProducer  - Connected to zion-mainframe:9092 for producing
3690635 [main] INFO kafka.client.ClientUtils$  - Fetching metadata from broker BrokerEndPoint(0,localhost,9092) with correlation id 126 for 1 topic(s) Set(earth_to_curiosity_5)
3690636 [main] INFO kafka.producer.SyncProducer  - Connected to localhost:9092 for producing
3690638 [main] INFO kafka.producer.SyncProducer  - Disconnecting from localhost:9092
3690638 [main] INFO kafka.producer.SyncProducer  - Disconnecting from zion-mainframe:9092
3690642 [main] INFO kafka.producer.SyncProducer  - Connected to zion-mainframe:9092 for producing
4305664 [main] INFO kafka.client.ClientUtils$  - Fetching metadata from broker BrokerEndPoint(0,localhost,9092) with correlation id 147 for 1 topic(s) Set(earth_to_curiosity_5)
4305665 [main] INFO kafka.producer.SyncProducer  - Connected to localhost:9092 for producing
4305666 [main] INFO kafka.producer.SyncProducer  - Disconnecting from localhost:9092
4305666 [main] INFO kafka.producer.SyncProducer  - Disconnecting from zion-mainframe:9092
4305668 [main] INFO kafka.producer.SyncProducer  - Connected to zion-mainframe:9092 for producing
4920692 [main] INFO kafka.client.ClientUtils$  - Fetching metadata from broker BrokerEndPoint(0,localhost,9092) with correlation id 168 for 1 topic(s) Set(earth_to_curiosity_5)
4920693 [main] INFO kafka.producer.SyncProducer  - Connected to localhost:9092 for producing
4920694 [main] INFO kafka.producer.SyncProducer  - Disconnecting from localhost:9092
4920694 [main] INFO kafka.producer.SyncProducer  - Disconnecting from zion-mainframe:9092
4920696 [main] INFO kafka.producer.SyncProducer  - Connected to zion-mainframe:9092 for producing
5535719 [main] INFO kafka.client.ClientUtils$  - Fetching metadata from broker BrokerEndPoint(0,localhost,9092) with correlation id 189 for 1 topic(s) Set(earth_to_curiosity_5)
5535720 [main] INFO kafka.producer.SyncProducer  - Connected to localhost:9092 for producing
5535722 [main] INFO kafka.producer.SyncProducer  - Disconnecting from localhost:9092
5535723 [main] INFO kafka.producer.SyncProducer  - Disconnecting from zion-mainframe:9092
5535726 [main] INFO kafka.producer.SyncProducer  - Connected to zion-mainframe:9092 for producing
6150742 [main] INFO kafka.client.ClientUtils$  - Fetching metadata from broker BrokerEndPoint(0,localhost,9092) with correlation id 210 for 1 topic(s) Set(earth_to_curiosity_5)
6150743 [main] INFO kafka.producer.SyncProducer  - Connected to localhost:9092 for producing
6150745 [main] INFO kafka.producer.SyncProducer  - Disconnecting from localhost:9092
6150745 [main] INFO kafka.producer.SyncProducer  - Disconnecting from zion-mainframe:9092
6150748 [main] INFO kafka.producer.SyncProducer  - Connected to zion-mainframe:9092 for producing
6765767 [main] INFO kafka.client.ClientUtils$  - Fetching metadata from broker BrokerEndPoint(0,localhost,9092) with correlation id 231 for 1 topic(s) Set(earth_to_curiosity_5)
6765768 [main] INFO kafka.producer.SyncProducer  - Connected to localhost:9092 for producing
6765769 [main] INFO kafka.producer.SyncProducer  - Disconnecting from localhost:9092
6765769 [main] INFO kafka.producer.SyncProducer  - Disconnecting from zion-mainframe:9092
6765770 [main] INFO kafka.producer.SyncProducer  - Connected to zion-mainframe:9092 for producing
7380793 [main] INFO kafka.client.ClientUtils$  - Fetching metadata from broker BrokerEndPoint(0,localhost,9092) with correlation id 252 for 1 topic(s) Set(earth_to_curiosity_5)
7380794 [main] INFO kafka.producer.SyncProducer  - Connected to localhost:9092 for producing
7380794 [main] INFO kafka.producer.SyncProducer  - Disconnecting from localhost:9092
7380795 [main] INFO kafka.producer.SyncProducer  - Disconnecting from zion-mainframe:9092
7380795 [main] INFO kafka.producer.SyncProducer  - Connected to zion-mainframe:9092 for producing
7995815 [main] INFO kafka.client.ClientUtils$  - Fetching metadata from broker BrokerEndPoint(0,localhost,9092) with correlation id 273 for 1 topic(s) Set(earth_to_curiosity_5)
7995815 [main] INFO kafka.producer.SyncProducer  - Connected to localhost:9092 for producing
7995817 [main] INFO kafka.producer.SyncProducer  - Disconnecting from localhost:9092
7995817 [main] INFO kafka.producer.SyncProducer  - Disconnecting from zion-mainframe:9092
7995820 [main] INFO kafka.producer.SyncProducer  - Connected to zion-mainframe:9092 for producing
8610841 [main] INFO kafka.client.ClientUtils$  - Fetching metadata from broker BrokerEndPoint(0,localhost,9092) with correlation id 294 for 1 topic(s) Set(earth_to_curiosity_5)
8610843 [main] INFO kafka.producer.SyncProducer  - Connected to localhost:9092 for producing
8610844 [main] INFO kafka.producer.SyncProducer  - Disconnecting from localhost:9092
8610845 [main] INFO kafka.producer.SyncProducer  - Disconnecting from zion-mainframe:9092
8610847 [main] INFO kafka.producer.SyncProducer  - Connected to zion-mainframe:9092 for producing
9225869 [main] INFO kafka.client.ClientUtils$  - Fetching metadata from broker BrokerEndPoint(0,localhost,9092) with correlation id 315 for 1 topic(s) Set(earth_to_curiosity_5)
9225871 [main] INFO kafka.producer.SyncProducer  - Connected to localhost:9092 for producing
9225872 [main] INFO kafka.producer.SyncProducer  - Disconnecting from localhost:9092
9225873 [main] INFO kafka.producer.SyncProducer  - Disconnecting from zion-mainframe:9092
9225878 [main] INFO kafka.producer.SyncProducer  - Connected to zion-mainframe:9092 for producing
9840898 [main] INFO kafka.client.ClientUtils$  - Fetching metadata from broker BrokerEndPoint(0,localhost,9092) with correlation id 336 for 1 topic(s) Set(earth_to_curiosity_5)
9840899 [main] INFO kafka.producer.SyncProducer  - Connected to localhost:9092 for producing
9840901 [main] INFO kafka.producer.SyncProducer  - Disconnecting from localhost:9092
9840902 [main] INFO kafka.producer.SyncProducer  - Disconnecting from zion-mainframe:9092
9840904 [main] INFO kafka.producer.SyncProducer  - Connected to zion-mainframe:9092 for producing
10455924 [main] INFO kafka.client.ClientUtils$  - Fetching metadata from broker BrokerEndPoint(0,localhost,9092) with correlation id 357 for 1 topic(s) Set(earth_to_curiosity_5)
10455925 [main] INFO kafka.producer.SyncProducer  - Connected to localhost:9092 for producing
10455926 [main] INFO kafka.producer.SyncProducer  - Disconnecting from localhost:9092
10455927 [main] INFO kafka.producer.SyncProducer  - Disconnecting from zion-mainframe:9092
10455932 [main] INFO kafka.producer.SyncProducer  - Connected to zion-mainframe:9092 for producing
11070954 [main] INFO kafka.client.ClientUtils$  - Fetching metadata from broker BrokerEndPoint(0,localhost,9092) with correlation id 378 for 1 topic(s) Set(earth_to_curiosity_5)
11070955 [main] INFO kafka.producer.SyncProducer  - Connected to localhost:9092 for producing
11070956 [main] INFO kafka.producer.SyncProducer  - Disconnecting from localhost:9092
11070956 [main] INFO kafka.producer.SyncProducer  - Disconnecting from zion-mainframe:9092
11070958 [main] INFO kafka.producer.SyncProducer  - Connected to zion-mainframe:9092 for producing
11685979 [main] INFO kafka.client.ClientUtils$  - Fetching metadata from broker BrokerEndPoint(0,localhost,9092) with correlation id 399 for 1 topic(s) Set(earth_to_curiosity_5)
11685980 [main] INFO kafka.producer.SyncProducer  - Connected to localhost:9092 for producing
11685981 [main] INFO kafka.producer.SyncProducer  - Disconnecting from localhost:9092
11685982 [main] INFO kafka.producer.SyncProducer  - Disconnecting from zion-mainframe:9092
11685985 [main] INFO kafka.producer.SyncProducer  - Connected to zion-mainframe:9092 for producing
