0 [main] INFO kafka.utils.VerifiableProperties  - Verifying properties
30 [main] INFO kafka.utils.VerifiableProperties  - Property auto.offset.reset is overridden to largest
30 [main] WARN kafka.utils.VerifiableProperties  - Property bootstrap.servers is not valid
30 [main] WARN kafka.utils.VerifiableProperties  - Property destination.topic is not valid
31 [main] INFO kafka.utils.VerifiableProperties  - Property group.id is overridden to space.exploration.mars.rover.curiosity.1528257774565
31 [main] WARN kafka.utils.VerifiableProperties  - Property key.serializer is not valid
31 [main] WARN kafka.utils.VerifiableProperties  - Property metadata.broker.list is not valid
31 [main] WARN kafka.utils.VerifiableProperties  - Property source.topic is not valid
31 [main] WARN kafka.utils.VerifiableProperties  - Property value.serializer is not valid
31 [main] INFO kafka.utils.VerifiableProperties  - Property zookeeper.connect is overridden to localhost:2181
70 [main] INFO kafka.consumer.ZookeeperConsumerConnector  - [space.exploration.mars.rover.curiosity.1528257774565_zion-mainframe-1528257774809-76f98634], Connecting to zookeeper instance at localhost:2181
75 [ZkClient-EventThread-14-localhost:2181] INFO org.I0Itec.zkclient.ZkEventThread  - Starting ZkClient event thread.
78 [main] INFO org.apache.zookeeper.ZooKeeper  - Client environment:zookeeper.version=3.4.6-1569965, built on 02/20/2014 09:09 GMT
78 [main] INFO org.apache.zookeeper.ZooKeeper  - Client environment:host.name=zion-mainframe
78 [main] INFO org.apache.zookeeper.ZooKeeper  - Client environment:java.version=1.8.0_171
78 [main] INFO org.apache.zookeeper.ZooKeeper  - Client environment:java.vendor=Oracle Corporation
78 [main] INFO org.apache.zookeeper.ZooKeeper  - Client environment:java.home=/usr/lib/jvm/java-8-openjdk-amd64/jre
78 [main] INFO org.apache.zookeeper.ZooKeeper  - Client environment:java.class.path=target/mission.control-1.2-shaded.jar
78 [main] INFO org.apache.zookeeper.ZooKeeper  - Client environment:java.library.path=/usr/java/packages/lib/amd64:/usr/lib/x86_64-linux-gnu/jni:/lib/x86_64-linux-gnu:/usr/lib/x86_64-linux-gnu:/usr/lib/jni:/lib:/usr/lib
78 [main] INFO org.apache.zookeeper.ZooKeeper  - Client environment:java.io.tmpdir=/tmp
78 [main] INFO org.apache.zookeeper.ZooKeeper  - Client environment:java.compiler=<NA>
78 [main] INFO org.apache.zookeeper.ZooKeeper  - Client environment:os.name=Linux
78 [main] INFO org.apache.zookeeper.ZooKeeper  - Client environment:os.arch=amd64
78 [main] INFO org.apache.zookeeper.ZooKeeper  - Client environment:os.version=4.13.0-43-generic
78 [main] INFO org.apache.zookeeper.ZooKeeper  - Client environment:user.name=sanket
78 [main] INFO org.apache.zookeeper.ZooKeeper  - Client environment:user.home=/home/sanket
78 [main] INFO org.apache.zookeeper.ZooKeeper  - Client environment:user.dir=/home/sanket/Documents/workspace/Mission.Control
79 [main] INFO org.apache.zookeeper.ZooKeeper  - Initiating client connection, connectString=localhost:2181 sessionTimeout=6000 watcher=org.I0Itec.zkclient.ZkClient@17776a8
87 [main] INFO org.I0Itec.zkclient.ZkClient  - Waiting for keeper state SyncConnected
89 [main-SendThread(localhost:2181)] INFO org.apache.zookeeper.ClientCnxn  - Opening socket connection to server localhost/127.0.0.1:2181. Will not attempt to authenticate using SASL (unknown error)
128 [main-SendThread(localhost:2181)] INFO org.apache.zookeeper.ClientCnxn  - Socket connection established to localhost/127.0.0.1:2181, initiating session
133 [main-SendThread(localhost:2181)] INFO org.apache.zookeeper.ClientCnxn  - Session establishment complete on server localhost/127.0.0.1:2181, sessionid = 0x163b63ced5e0013, negotiated timeout = 6000
134 [main-EventThread] INFO org.I0Itec.zkclient.ZkClient  - zookeeper state changed (SyncConnected)
141 [main] INFO kafka.consumer.ZookeeperConsumerConnector  - [space.exploration.mars.rover.curiosity.1528257774565_zion-mainframe-1528257774809-76f98634], starting auto committer every 60000 ms
160 [Thread-0] INFO kafka.consumer.ZookeeperConsumerConnector  - [space.exploration.mars.rover.curiosity.1528257774565_zion-mainframe-1528257774809-76f98634], begin registering consumer space.exploration.mars.rover.curiosity.1528257774565_zion-mainframe-1528257774809-76f98634 in ZK
177 [Thread-0] INFO kafka.utils.ZKCheckedEphemeral  - Creating /consumers/space.exploration.mars.rover.curiosity.1528257774565/ids/space.exploration.mars.rover.curiosity.1528257774565_zion-mainframe-1528257774809-76f98634 (is it secure? false)
185 [Thread-0] INFO kafka.utils.ZKCheckedEphemeral  - Result of znode creation is: OK
186 [Thread-0] INFO kafka.consumer.ZookeeperConsumerConnector  - [space.exploration.mars.rover.curiosity.1528257774565_zion-mainframe-1528257774809-76f98634], end registering consumer space.exploration.mars.rover.curiosity.1528257774565_zion-mainframe-1528257774809-76f98634 in ZK
189 [space.exploration.mars.rover.curiosity.1528257774565_zion-mainframe-1528257774809-76f98634_watcher_executor] INFO kafka.consumer.ZookeeperConsumerConnector  - [space.exploration.mars.rover.curiosity.1528257774565_zion-mainframe-1528257774809-76f98634], starting watcher executor thread for consumer space.exploration.mars.rover.curiosity.1528257774565_zion-mainframe-1528257774809-76f98634
203 [Thread-0] INFO kafka.consumer.ZookeeperConsumerConnector  - [space.exploration.mars.rover.curiosity.1528257774565_zion-mainframe-1528257774809-76f98634], begin rebalancing consumer space.exploration.mars.rover.curiosity.1528257774565_zion-mainframe-1528257774809-76f98634 try #0
282 [Thread-0] INFO kafka.consumer.ConsumerFetcherManager  - [ConsumerFetcherManager-1528257774878] Stopping leader finder thread
282 [Thread-0] INFO kafka.consumer.ConsumerFetcherManager  - [ConsumerFetcherManager-1528257774878] Stopping all fetchers
283 [Thread-0] INFO kafka.consumer.ConsumerFetcherManager  - [ConsumerFetcherManager-1528257774878] All connections stopped
283 [Thread-0] INFO kafka.consumer.ZookeeperConsumerConnector  - [space.exploration.mars.rover.curiosity.1528257774565_zion-mainframe-1528257774809-76f98634], Cleared all relevant queues for this fetcher
284 [Thread-0] INFO kafka.consumer.ZookeeperConsumerConnector  - [space.exploration.mars.rover.curiosity.1528257774565_zion-mainframe-1528257774809-76f98634], Cleared the data chunks in all the consumer message iterators
284 [Thread-0] INFO kafka.consumer.ZookeeperConsumerConnector  - [space.exploration.mars.rover.curiosity.1528257774565_zion-mainframe-1528257774809-76f98634], Committing all offsets after clearing the fetcher queues
285 [Thread-0] INFO kafka.consumer.ZookeeperConsumerConnector  - [space.exploration.mars.rover.curiosity.1528257774565_zion-mainframe-1528257774809-76f98634], Releasing partition ownership
310 [Thread-0] INFO kafka.consumer.RangeAssignor  - Consumer space.exploration.mars.rover.curiosity.1528257774565_zion-mainframe-1528257774809-76f98634 rebalancing the following partitions: ArrayBuffer(0) for topic curiosity_to_earth_5 with consumers: List(space.exploration.mars.rover.curiosity.1528257774565_zion-mainframe-1528257774809-76f98634-0)
311 [Thread-0] INFO kafka.consumer.RangeAssignor  - space.exploration.mars.rover.curiosity.1528257774565_zion-mainframe-1528257774809-76f98634-0 attempting to claim partition 0
335 [Thread-0] INFO kafka.consumer.ZookeeperConsumerConnector  - [space.exploration.mars.rover.curiosity.1528257774565_zion-mainframe-1528257774809-76f98634], space.exploration.mars.rover.curiosity.1528257774565_zion-mainframe-1528257774809-76f98634-0 successfully owned partition 0 for topic curiosity_to_earth_5
346 [Thread-0] INFO kafka.consumer.ZookeeperConsumerConnector  - [space.exploration.mars.rover.curiosity.1528257774565_zion-mainframe-1528257774809-76f98634], Consumer space.exploration.mars.rover.curiosity.1528257774565_zion-mainframe-1528257774809-76f98634 selected partitions : curiosity_to_earth_5:0: fetched offset = -1: consumed offset = -1
348 [space.exploration.mars.rover.curiosity.1528257774565_zion-mainframe-1528257774809-76f98634-leader-finder-thread] INFO kafka.consumer.ConsumerFetcherManager$LeaderFinderThread  - [space.exploration.mars.rover.curiosity.1528257774565_zion-mainframe-1528257774809-76f98634-leader-finder-thread], Starting 
349 [Thread-0] INFO kafka.consumer.ZookeeperConsumerConnector  - [space.exploration.mars.rover.curiosity.1528257774565_zion-mainframe-1528257774809-76f98634], end rebalancing consumer space.exploration.mars.rover.curiosity.1528257774565_zion-mainframe-1528257774809-76f98634 try #0
363 [space.exploration.mars.rover.curiosity.1528257774565_zion-mainframe-1528257774809-76f98634-leader-finder-thread] INFO kafka.utils.VerifiableProperties  - Verifying properties
363 [space.exploration.mars.rover.curiosity.1528257774565_zion-mainframe-1528257774809-76f98634-leader-finder-thread] INFO kafka.utils.VerifiableProperties  - Property client.id is overridden to space.exploration.mars.rover.curiosity.1528257774565
363 [space.exploration.mars.rover.curiosity.1528257774565_zion-mainframe-1528257774809-76f98634-leader-finder-thread] INFO kafka.utils.VerifiableProperties  - Property metadata.broker.list is overridden to zion-mainframe:9092
363 [space.exploration.mars.rover.curiosity.1528257774565_zion-mainframe-1528257774809-76f98634-leader-finder-thread] INFO kafka.utils.VerifiableProperties  - Property request.timeout.ms is overridden to 30000
384 [space.exploration.mars.rover.curiosity.1528257774565_zion-mainframe-1528257774809-76f98634-leader-finder-thread] INFO kafka.client.ClientUtils$  - Fetching metadata from broker BrokerEndPoint(0,zion-mainframe,9092) with correlation id 0 for 1 topic(s) Set(curiosity_to_earth_5)
389 [space.exploration.mars.rover.curiosity.1528257774565_zion-mainframe-1528257774809-76f98634-leader-finder-thread] INFO kafka.producer.SyncProducer  - Connected to zion-mainframe:9092 for producing
402 [space.exploration.mars.rover.curiosity.1528257774565_zion-mainframe-1528257774809-76f98634-leader-finder-thread] INFO kafka.producer.SyncProducer  - Disconnecting from zion-mainframe:9092
420 [ConsumerFetcherThread-space.exploration.mars.rover.curiosity.1528257774565_zion-mainframe-1528257774809-76f98634-0-0] INFO kafka.consumer.ConsumerFetcherThread  - [ConsumerFetcherThread-space.exploration.mars.rover.curiosity.1528257774565_zion-mainframe-1528257774809-76f98634-0-0], Starting 
427 [space.exploration.mars.rover.curiosity.1528257774565_zion-mainframe-1528257774809-76f98634-leader-finder-thread] INFO kafka.consumer.ConsumerFetcherManager  - [ConsumerFetcherManager-1528257774878] Added fetcher for partitions ArrayBuffer([[curiosity_to_earth_5,0], initOffset -1 to broker BrokerEndPoint(0,zion-mainframe,9092)] )
27909 [Thread-0] INFO naasa.gov.mission.control.Receiver  - Message received from 
104970 [Thread-0] INFO naasa.gov.mission.control.Receiver  - Message received from 
106392 [Thread-0] INFO naasa.gov.mission.control.Receiver  - Message received from 
143075 [Thread-0] INFO naasa.gov.mission.control.Receiver  - Message received from 
227769 [Thread-0] INFO naasa.gov.mission.control.Receiver  - Message received from 
288643 [Thread-0] INFO naasa.gov.mission.control.Receiver  - Message received from 
325654 [Thread-0] INFO naasa.gov.mission.control.Receiver  - Message received from 
362630 [Thread-0] INFO naasa.gov.mission.control.Receiver  - Message received from 
