0 [main] INFO kafka.utils.VerifiableProperties  - Verifying properties
29 [main] INFO kafka.utils.VerifiableProperties  - Property auto.offset.reset is overridden to largest
29 [main] WARN kafka.utils.VerifiableProperties  - Property bootstrap.servers is not valid
29 [main] WARN kafka.utils.VerifiableProperties  - Property destination.topic is not valid
30 [main] INFO kafka.utils.VerifiableProperties  - Property group.id is overridden to space.exploration.mars.rover.curiosity.1527307777731
30 [main] WARN kafka.utils.VerifiableProperties  - Property key.serializer is not valid
30 [main] WARN kafka.utils.VerifiableProperties  - Property metadata.broker.list is not valid
30 [main] WARN kafka.utils.VerifiableProperties  - Property source.topic is not valid
30 [main] WARN kafka.utils.VerifiableProperties  - Property value.serializer is not valid
30 [main] INFO kafka.utils.VerifiableProperties  - Property zookeeper.connect is overridden to localhost:2181
78 [main] INFO kafka.consumer.ZookeeperConsumerConnector  - [space.exploration.mars.rover.curiosity.1527307777731_zion-mainframe-1527307778018-3e945981], Connecting to zookeeper instance at localhost:2181
85 [ZkClient-EventThread-14-localhost:2181] INFO org.I0Itec.zkclient.ZkEventThread  - Starting ZkClient event thread.
90 [main] INFO org.apache.zookeeper.ZooKeeper  - Client environment:zookeeper.version=3.4.6-1569965, built on 02/20/2014 09:09 GMT
90 [main] INFO org.apache.zookeeper.ZooKeeper  - Client environment:host.name=zion-mainframe
90 [main] INFO org.apache.zookeeper.ZooKeeper  - Client environment:java.version=1.8.0_171
90 [main] INFO org.apache.zookeeper.ZooKeeper  - Client environment:java.vendor=Oracle Corporation
90 [main] INFO org.apache.zookeeper.ZooKeeper  - Client environment:java.home=/usr/lib/jvm/java-8-openjdk-amd64/jre
90 [main] INFO org.apache.zookeeper.ZooKeeper  - Client environment:java.class.path=target/mission.control-1.2-shaded.jar
90 [main] INFO org.apache.zookeeper.ZooKeeper  - Client environment:java.library.path=/usr/java/packages/lib/amd64:/usr/lib/x86_64-linux-gnu/jni:/lib/x86_64-linux-gnu:/usr/lib/x86_64-linux-gnu:/usr/lib/jni:/lib:/usr/lib
90 [main] INFO org.apache.zookeeper.ZooKeeper  - Client environment:java.io.tmpdir=/tmp
90 [main] INFO org.apache.zookeeper.ZooKeeper  - Client environment:java.compiler=<NA>
90 [main] INFO org.apache.zookeeper.ZooKeeper  - Client environment:os.name=Linux
90 [main] INFO org.apache.zookeeper.ZooKeeper  - Client environment:os.arch=amd64
90 [main] INFO org.apache.zookeeper.ZooKeeper  - Client environment:os.version=4.13.0-43-generic
90 [main] INFO org.apache.zookeeper.ZooKeeper  - Client environment:user.name=sanket
90 [main] INFO org.apache.zookeeper.ZooKeeper  - Client environment:user.home=/home/sanket
90 [main] INFO org.apache.zookeeper.ZooKeeper  - Client environment:user.dir=/home/sanket/Documents/workspace/Mission.Control
91 [main] INFO org.apache.zookeeper.ZooKeeper  - Initiating client connection, connectString=localhost:2181 sessionTimeout=6000 watcher=org.I0Itec.zkclient.ZkClient@2d127a61
103 [main] INFO org.I0Itec.zkclient.ZkClient  - Waiting for keeper state SyncConnected
105 [main-SendThread(localhost:2181)] INFO org.apache.zookeeper.ClientCnxn  - Opening socket connection to server localhost/127.0.0.1:2181. Will not attempt to authenticate using SASL (unknown error)
155 [main-SendThread(localhost:2181)] INFO org.apache.zookeeper.ClientCnxn  - Socket connection established to localhost/127.0.0.1:2181, initiating session
161 [main-SendThread(localhost:2181)] INFO org.apache.zookeeper.ClientCnxn  - Session establishment complete on server localhost/127.0.0.1:2181, sessionid = 0x1639a9fab640002, negotiated timeout = 6000
162 [main-EventThread] INFO org.I0Itec.zkclient.ZkClient  - zookeeper state changed (SyncConnected)
173 [main] INFO kafka.consumer.ZookeeperConsumerConnector  - [space.exploration.mars.rover.curiosity.1527307777731_zion-mainframe-1527307778018-3e945981], starting auto committer every 60000 ms
194 [Thread-0] INFO kafka.consumer.ZookeeperConsumerConnector  - [space.exploration.mars.rover.curiosity.1527307777731_zion-mainframe-1527307778018-3e945981], begin registering consumer space.exploration.mars.rover.curiosity.1527307777731_zion-mainframe-1527307778018-3e945981 in ZK
217 [Thread-0] INFO kafka.utils.ZKCheckedEphemeral  - Creating /consumers/space.exploration.mars.rover.curiosity.1527307777731/ids/space.exploration.mars.rover.curiosity.1527307777731_zion-mainframe-1527307778018-3e945981 (is it secure? false)
227 [Thread-0] INFO kafka.utils.ZKCheckedEphemeral  - Result of znode creation is: OK
227 [Thread-0] INFO kafka.consumer.ZookeeperConsumerConnector  - [space.exploration.mars.rover.curiosity.1527307777731_zion-mainframe-1527307778018-3e945981], end registering consumer space.exploration.mars.rover.curiosity.1527307777731_zion-mainframe-1527307778018-3e945981 in ZK
231 [space.exploration.mars.rover.curiosity.1527307777731_zion-mainframe-1527307778018-3e945981_watcher_executor] INFO kafka.consumer.ZookeeperConsumerConnector  - [space.exploration.mars.rover.curiosity.1527307777731_zion-mainframe-1527307778018-3e945981], starting watcher executor thread for consumer space.exploration.mars.rover.curiosity.1527307777731_zion-mainframe-1527307778018-3e945981
245 [Thread-0] INFO kafka.consumer.ZookeeperConsumerConnector  - [space.exploration.mars.rover.curiosity.1527307777731_zion-mainframe-1527307778018-3e945981], begin rebalancing consumer space.exploration.mars.rover.curiosity.1527307777731_zion-mainframe-1527307778018-3e945981 try #0
334 [Thread-0] INFO kafka.consumer.ConsumerFetcherManager  - [ConsumerFetcherManager-1527307778111] Stopping leader finder thread
335 [Thread-0] INFO kafka.consumer.ConsumerFetcherManager  - [ConsumerFetcherManager-1527307778111] Stopping all fetchers
335 [Thread-0] INFO kafka.consumer.ConsumerFetcherManager  - [ConsumerFetcherManager-1527307778111] All connections stopped
335 [Thread-0] INFO kafka.consumer.ZookeeperConsumerConnector  - [space.exploration.mars.rover.curiosity.1527307777731_zion-mainframe-1527307778018-3e945981], Cleared all relevant queues for this fetcher
336 [Thread-0] INFO kafka.consumer.ZookeeperConsumerConnector  - [space.exploration.mars.rover.curiosity.1527307777731_zion-mainframe-1527307778018-3e945981], Cleared the data chunks in all the consumer message iterators
336 [Thread-0] INFO kafka.consumer.ZookeeperConsumerConnector  - [space.exploration.mars.rover.curiosity.1527307777731_zion-mainframe-1527307778018-3e945981], Committing all offsets after clearing the fetcher queues
337 [Thread-0] INFO kafka.consumer.ZookeeperConsumerConnector  - [space.exploration.mars.rover.curiosity.1527307777731_zion-mainframe-1527307778018-3e945981], Releasing partition ownership
362 [Thread-0] INFO kafka.consumer.RangeAssignor  - Consumer space.exploration.mars.rover.curiosity.1527307777731_zion-mainframe-1527307778018-3e945981 rebalancing the following partitions: ArrayBuffer(0) for topic curiosity_to_earth_5 with consumers: List(space.exploration.mars.rover.curiosity.1527307777731_zion-mainframe-1527307778018-3e945981-0)
364 [Thread-0] INFO kafka.consumer.RangeAssignor  - space.exploration.mars.rover.curiosity.1527307777731_zion-mainframe-1527307778018-3e945981-0 attempting to claim partition 0
402 [Thread-0] INFO kafka.consumer.ZookeeperConsumerConnector  - [space.exploration.mars.rover.curiosity.1527307777731_zion-mainframe-1527307778018-3e945981], space.exploration.mars.rover.curiosity.1527307777731_zion-mainframe-1527307778018-3e945981-0 successfully owned partition 0 for topic curiosity_to_earth_5
420 [Thread-0] INFO kafka.consumer.ZookeeperConsumerConnector  - [space.exploration.mars.rover.curiosity.1527307777731_zion-mainframe-1527307778018-3e945981], Consumer space.exploration.mars.rover.curiosity.1527307777731_zion-mainframe-1527307778018-3e945981 selected partitions : curiosity_to_earth_5:0: fetched offset = -1: consumed offset = -1
421 [space.exploration.mars.rover.curiosity.1527307777731_zion-mainframe-1527307778018-3e945981-leader-finder-thread] INFO kafka.consumer.ConsumerFetcherManager$LeaderFinderThread  - [space.exploration.mars.rover.curiosity.1527307777731_zion-mainframe-1527307778018-3e945981-leader-finder-thread], Starting 
422 [Thread-0] INFO kafka.consumer.ZookeeperConsumerConnector  - [space.exploration.mars.rover.curiosity.1527307777731_zion-mainframe-1527307778018-3e945981], end rebalancing consumer space.exploration.mars.rover.curiosity.1527307777731_zion-mainframe-1527307778018-3e945981 try #0
444 [space.exploration.mars.rover.curiosity.1527307777731_zion-mainframe-1527307778018-3e945981-leader-finder-thread] INFO kafka.utils.VerifiableProperties  - Verifying properties
444 [space.exploration.mars.rover.curiosity.1527307777731_zion-mainframe-1527307778018-3e945981-leader-finder-thread] INFO kafka.utils.VerifiableProperties  - Property client.id is overridden to space.exploration.mars.rover.curiosity.1527307777731
444 [space.exploration.mars.rover.curiosity.1527307777731_zion-mainframe-1527307778018-3e945981-leader-finder-thread] INFO kafka.utils.VerifiableProperties  - Property metadata.broker.list is overridden to zion-mainframe:9092
445 [space.exploration.mars.rover.curiosity.1527307777731_zion-mainframe-1527307778018-3e945981-leader-finder-thread] INFO kafka.utils.VerifiableProperties  - Property request.timeout.ms is overridden to 30000
461 [space.exploration.mars.rover.curiosity.1527307777731_zion-mainframe-1527307778018-3e945981-leader-finder-thread] INFO kafka.client.ClientUtils$  - Fetching metadata from broker BrokerEndPoint(0,zion-mainframe,9092) with correlation id 0 for 1 topic(s) Set(curiosity_to_earth_5)
464 [space.exploration.mars.rover.curiosity.1527307777731_zion-mainframe-1527307778018-3e945981-leader-finder-thread] INFO kafka.producer.SyncProducer  - Connected to zion-mainframe:9092 for producing
473 [space.exploration.mars.rover.curiosity.1527307777731_zion-mainframe-1527307778018-3e945981-leader-finder-thread] INFO kafka.producer.SyncProducer  - Disconnecting from zion-mainframe:9092
493 [ConsumerFetcherThread-space.exploration.mars.rover.curiosity.1527307777731_zion-mainframe-1527307778018-3e945981-0-0] INFO kafka.consumer.ConsumerFetcherThread  - [ConsumerFetcherThread-space.exploration.mars.rover.curiosity.1527307777731_zion-mainframe-1527307778018-3e945981-0-0], Starting 
508 [space.exploration.mars.rover.curiosity.1527307777731_zion-mainframe-1527307778018-3e945981-leader-finder-thread] INFO kafka.consumer.ConsumerFetcherManager  - [ConsumerFetcherManager-1527307778111] Added fetcher for partitions ArrayBuffer([[curiosity_to_earth_5,0], initOffset -1 to broker BrokerEndPoint(0,zion-mainframe,9092)] )
99748 [Thread-0] INFO naasa.gov.mission.control.Receiver  - Message received from 
140676 [Thread-0] INFO naasa.gov.mission.control.Receiver  - Message received from Spacecraft Clock
159586 [Thread-0] INFO naasa.gov.mission.control.Receiver  - Message received from 
74483554 [main-SendThread(localhost:2181)] INFO org.apache.zookeeper.ClientCnxn  - Client session timed out, have not heard from server in 74209296ms for sessionid 0x1639a9fab640002, closing socket connection and attempting reconnect
74483658 [main-EventThread] INFO org.I0Itec.zkclient.ZkClient  - zookeeper state changed (Disconnected)
74484939 [main-SendThread(localhost:2181)] INFO org.apache.zookeeper.ClientCnxn  - Opening socket connection to server localhost/127.0.0.1:2181. Will not attempt to authenticate using SASL (unknown error)
74484939 [main-SendThread(localhost:2181)] INFO org.apache.zookeeper.ClientCnxn  - Socket connection established to localhost/127.0.0.1:2181, initiating session
74484940 [main-EventThread] INFO org.I0Itec.zkclient.ZkClient  - zookeeper state changed (Expired)
74484940 [main-SendThread(localhost:2181)] INFO org.apache.zookeeper.ClientCnxn  - Unable to reconnect to ZooKeeper service, session 0x1639a9fab640002 has expired, closing socket connection
74484940 [main-EventThread] INFO org.apache.zookeeper.ZooKeeper  - Initiating client connection, connectString=localhost:2181 sessionTimeout=6000 watcher=org.I0Itec.zkclient.ZkClient@2d127a61
74484942 [main-SendThread(localhost:2181)] INFO org.apache.zookeeper.ClientCnxn  - Opening socket connection to server localhost/127.0.0.1:2181. Will not attempt to authenticate using SASL (unknown error)
74484943 [main-EventThread] INFO org.apache.zookeeper.ClientCnxn  - EventThread shut down
74484943 [main-SendThread(localhost:2181)] INFO org.apache.zookeeper.ClientCnxn  - Socket connection established to localhost/127.0.0.1:2181, initiating session
74484943 [ZkClient-EventThread-14-localhost:2181] INFO kafka.consumer.ZookeeperConsumerConnector  - [space.exploration.mars.rover.curiosity.1527307777731_zion-mainframe-1527307778018-3e945981], ZK expired; release old broker parition ownership; re-register consumer space.exploration.mars.rover.curiosity.1527307777731_zion-mainframe-1527307778018-3e945981
74484943 [ZkClient-EventThread-14-localhost:2181] INFO kafka.consumer.ZookeeperConsumerConnector  - [space.exploration.mars.rover.curiosity.1527307777731_zion-mainframe-1527307778018-3e945981], begin registering consumer space.exploration.mars.rover.curiosity.1527307777731_zion-mainframe-1527307778018-3e945981 in ZK
74484943 [ZkClient-EventThread-14-localhost:2181] INFO kafka.utils.ZKCheckedEphemeral  - Creating /consumers/space.exploration.mars.rover.curiosity.1527307777731/ids/space.exploration.mars.rover.curiosity.1527307777731_zion-mainframe-1527307778018-3e945981 (is it secure? false)
74484945 [main-SendThread(localhost:2181)] INFO org.apache.zookeeper.ClientCnxn  - Session establishment complete on server localhost/127.0.0.1:2181, sessionid = 0x1639a9fab640003, negotiated timeout = 6000
74484945 [main-EventThread] INFO org.I0Itec.zkclient.ZkClient  - zookeeper state changed (SyncConnected)
74484953 [ZkClient-EventThread-14-localhost:2181] INFO kafka.utils.ZKCheckedEphemeral  - Result of znode creation is: OK
74484953 [ZkClient-EventThread-14-localhost:2181] INFO kafka.consumer.ZookeeperConsumerConnector  - [space.exploration.mars.rover.curiosity.1527307777731_zion-mainframe-1527307778018-3e945981], end registering consumer space.exploration.mars.rover.curiosity.1527307777731_zion-mainframe-1527307778018-3e945981 in ZK
74484953 [ZkClient-EventThread-14-localhost:2181] INFO kafka.consumer.ZookeeperConsumerConnector  - [space.exploration.mars.rover.curiosity.1527307777731_zion-mainframe-1527307778018-3e945981], begin rebalancing consumer space.exploration.mars.rover.curiosity.1527307777731_zion-mainframe-1527307778018-3e945981 try #0
74484960 [ZkClient-EventThread-14-localhost:2181] WARN kafka.consumer.ZookeeperConsumerConnector  - [space.exploration.mars.rover.curiosity.1527307777731_zion-mainframe-1527307778018-3e945981], no brokers found when trying to rebalance.
74484961 [ZkClient-EventThread-14-localhost:2181] INFO kafka.consumer.ZookeeperConsumerConnector  - [space.exploration.mars.rover.curiosity.1527307777731_zion-mainframe-1527307778018-3e945981], end rebalancing consumer space.exploration.mars.rover.curiosity.1527307777731_zion-mainframe-1527307778018-3e945981 try #0
74484963 [space.exploration.mars.rover.curiosity.1527307777731_zion-mainframe-1527307778018-3e945981_watcher_executor] INFO kafka.consumer.ZookeeperConsumerConnector  - [space.exploration.mars.rover.curiosity.1527307777731_zion-mainframe-1527307778018-3e945981], begin rebalancing consumer space.exploration.mars.rover.curiosity.1527307777731_zion-mainframe-1527307778018-3e945981 try #0
74484970 [ZkClient-EventThread-14-localhost:2181] INFO kafka.consumer.ZookeeperConsumerConnector  - [space.exploration.mars.rover.curiosity.1527307777731_zion-mainframe-1527307778018-3e945981], Topic info for path /brokers/topics/curiosity_to_earth_5 changed to {"version":1,"partitions":{"0":[0]}}, triggering rebalance
74484971 [space.exploration.mars.rover.curiosity.1527307777731_zion-mainframe-1527307778018-3e945981_watcher_executor] WARN kafka.consumer.ZookeeperConsumerConnector  - [space.exploration.mars.rover.curiosity.1527307777731_zion-mainframe-1527307778018-3e945981], no brokers found when trying to rebalance.
74484973 [space.exploration.mars.rover.curiosity.1527307777731_zion-mainframe-1527307778018-3e945981_watcher_executor] INFO kafka.consumer.ZookeeperConsumerConnector  - [space.exploration.mars.rover.curiosity.1527307777731_zion-mainframe-1527307778018-3e945981], end rebalancing consumer space.exploration.mars.rover.curiosity.1527307777731_zion-mainframe-1527307778018-3e945981 try #0
74484974 [space.exploration.mars.rover.curiosity.1527307777731_zion-mainframe-1527307778018-3e945981_watcher_executor] INFO kafka.consumer.ZookeeperConsumerConnector  - [space.exploration.mars.rover.curiosity.1527307777731_zion-mainframe-1527307778018-3e945981], begin rebalancing consumer space.exploration.mars.rover.curiosity.1527307777731_zion-mainframe-1527307778018-3e945981 try #0
74484979 [space.exploration.mars.rover.curiosity.1527307777731_zion-mainframe-1527307778018-3e945981_watcher_executor] WARN kafka.consumer.ZookeeperConsumerConnector  - [space.exploration.mars.rover.curiosity.1527307777731_zion-mainframe-1527307778018-3e945981], no brokers found when trying to rebalance.
74484981 [space.exploration.mars.rover.curiosity.1527307777731_zion-mainframe-1527307778018-3e945981_watcher_executor] INFO kafka.consumer.ZookeeperConsumerConnector  - [space.exploration.mars.rover.curiosity.1527307777731_zion-mainframe-1527307778018-3e945981], end rebalancing consumer space.exploration.mars.rover.curiosity.1527307777731_zion-mainframe-1527307778018-3e945981 try #0
74485429 [space.exploration.mars.rover.curiosity.1527307777731_zion-mainframe-1527307778018-3e945981_watcher_executor] INFO kafka.consumer.ZookeeperConsumerConnector  - [space.exploration.mars.rover.curiosity.1527307777731_zion-mainframe-1527307778018-3e945981], begin rebalancing consumer space.exploration.mars.rover.curiosity.1527307777731_zion-mainframe-1527307778018-3e945981 try #0
74485447 [space.exploration.mars.rover.curiosity.1527307777731_zion-mainframe-1527307778018-3e945981_watcher_executor] INFO kafka.consumer.ConsumerFetcherManager  - [ConsumerFetcherManager-1527307778111] Stopping leader finder thread
74485447 [space.exploration.mars.rover.curiosity.1527307777731_zion-mainframe-1527307778018-3e945981_watcher_executor] INFO kafka.consumer.ConsumerFetcherManager$LeaderFinderThread  - [space.exploration.mars.rover.curiosity.1527307777731_zion-mainframe-1527307778018-3e945981-leader-finder-thread], Shutting down
74485448 [space.exploration.mars.rover.curiosity.1527307777731_zion-mainframe-1527307778018-3e945981-leader-finder-thread] INFO kafka.consumer.ConsumerFetcherManager$LeaderFinderThread  - [space.exploration.mars.rover.curiosity.1527307777731_zion-mainframe-1527307778018-3e945981-leader-finder-thread], Stopped 
74485448 [space.exploration.mars.rover.curiosity.1527307777731_zion-mainframe-1527307778018-3e945981_watcher_executor] INFO kafka.consumer.ConsumerFetcherManager$LeaderFinderThread  - [space.exploration.mars.rover.curiosity.1527307777731_zion-mainframe-1527307778018-3e945981-leader-finder-thread], Shutdown completed
74485448 [space.exploration.mars.rover.curiosity.1527307777731_zion-mainframe-1527307778018-3e945981_watcher_executor] INFO kafka.consumer.ConsumerFetcherManager  - [ConsumerFetcherManager-1527307778111] Stopping all fetchers
74485448 [space.exploration.mars.rover.curiosity.1527307777731_zion-mainframe-1527307778018-3e945981_watcher_executor] INFO kafka.consumer.ConsumerFetcherThread  - [ConsumerFetcherThread-space.exploration.mars.rover.curiosity.1527307777731_zion-mainframe-1527307778018-3e945981-0-0], Shutting down
74485449 [ConsumerFetcherThread-space.exploration.mars.rover.curiosity.1527307777731_zion-mainframe-1527307778018-3e945981-0-0] INFO kafka.consumer.ConsumerFetcherThread  - [ConsumerFetcherThread-space.exploration.mars.rover.curiosity.1527307777731_zion-mainframe-1527307778018-3e945981-0-0], Stopped 
74485450 [space.exploration.mars.rover.curiosity.1527307777731_zion-mainframe-1527307778018-3e945981_watcher_executor] INFO kafka.consumer.ConsumerFetcherThread  - [ConsumerFetcherThread-space.exploration.mars.rover.curiosity.1527307777731_zion-mainframe-1527307778018-3e945981-0-0], Shutdown completed
74485450 [space.exploration.mars.rover.curiosity.1527307777731_zion-mainframe-1527307778018-3e945981_watcher_executor] INFO kafka.consumer.ConsumerFetcherManager  - [ConsumerFetcherManager-1527307778111] All connections stopped
74485450 [space.exploration.mars.rover.curiosity.1527307777731_zion-mainframe-1527307778018-3e945981_watcher_executor] INFO kafka.consumer.ZookeeperConsumerConnector  - [space.exploration.mars.rover.curiosity.1527307777731_zion-mainframe-1527307778018-3e945981], Cleared all relevant queues for this fetcher
74485450 [space.exploration.mars.rover.curiosity.1527307777731_zion-mainframe-1527307778018-3e945981_watcher_executor] INFO kafka.consumer.ZookeeperConsumerConnector  - [space.exploration.mars.rover.curiosity.1527307777731_zion-mainframe-1527307778018-3e945981], Cleared the data chunks in all the consumer message iterators
74485450 [space.exploration.mars.rover.curiosity.1527307777731_zion-mainframe-1527307778018-3e945981_watcher_executor] INFO kafka.consumer.ZookeeperConsumerConnector  - [space.exploration.mars.rover.curiosity.1527307777731_zion-mainframe-1527307778018-3e945981], Committing all offsets after clearing the fetcher queues
74485450 [space.exploration.mars.rover.curiosity.1527307777731_zion-mainframe-1527307778018-3e945981_watcher_executor] INFO kafka.consumer.ZookeeperConsumerConnector  - [space.exploration.mars.rover.curiosity.1527307777731_zion-mainframe-1527307778018-3e945981], Releasing partition ownership
74485462 [space.exploration.mars.rover.curiosity.1527307777731_zion-mainframe-1527307778018-3e945981_watcher_executor] INFO kafka.consumer.RangeAssignor  - Consumer space.exploration.mars.rover.curiosity.1527307777731_zion-mainframe-1527307778018-3e945981 rebalancing the following partitions: ArrayBuffer(0) for topic curiosity_to_earth_5 with consumers: List(space.exploration.mars.rover.curiosity.1527307777731_zion-mainframe-1527307778018-3e945981-0)
74485462 [space.exploration.mars.rover.curiosity.1527307777731_zion-mainframe-1527307778018-3e945981_watcher_executor] INFO kafka.consumer.RangeAssignor  - space.exploration.mars.rover.curiosity.1527307777731_zion-mainframe-1527307778018-3e945981-0 attempting to claim partition 0
74485472 [space.exploration.mars.rover.curiosity.1527307777731_zion-mainframe-1527307778018-3e945981_watcher_executor] INFO kafka.consumer.ZookeeperConsumerConnector  - [space.exploration.mars.rover.curiosity.1527307777731_zion-mainframe-1527307778018-3e945981], space.exploration.mars.rover.curiosity.1527307777731_zion-mainframe-1527307778018-3e945981-0 successfully owned partition 0 for topic curiosity_to_earth_5
74485473 [space.exploration.mars.rover.curiosity.1527307777731_zion-mainframe-1527307778018-3e945981_watcher_executor] INFO kafka.consumer.ZookeeperConsumerConnector  - [space.exploration.mars.rover.curiosity.1527307777731_zion-mainframe-1527307778018-3e945981], Consumer space.exploration.mars.rover.curiosity.1527307777731_zion-mainframe-1527307778018-3e945981 selected partitions : curiosity_to_earth_5:0: fetched offset = 4: consumed offset = 4
74485477 [space.exploration.mars.rover.curiosity.1527307777731_zion-mainframe-1527307778018-3e945981_watcher_executor] INFO kafka.consumer.ZookeeperConsumerConnector  - [space.exploration.mars.rover.curiosity.1527307777731_zion-mainframe-1527307778018-3e945981], end rebalancing consumer space.exploration.mars.rover.curiosity.1527307777731_zion-mainframe-1527307778018-3e945981 try #0
74485477 [space.exploration.mars.rover.curiosity.1527307777731_zion-mainframe-1527307778018-3e945981-leader-finder-thread] INFO kafka.consumer.ConsumerFetcherManager$LeaderFinderThread  - [space.exploration.mars.rover.curiosity.1527307777731_zion-mainframe-1527307778018-3e945981-leader-finder-thread], Starting 
74485483 [space.exploration.mars.rover.curiosity.1527307777731_zion-mainframe-1527307778018-3e945981-leader-finder-thread] INFO kafka.utils.VerifiableProperties  - Verifying properties
74485483 [space.exploration.mars.rover.curiosity.1527307777731_zion-mainframe-1527307778018-3e945981-leader-finder-thread] INFO kafka.utils.VerifiableProperties  - Property client.id is overridden to space.exploration.mars.rover.curiosity.1527307777731
74485483 [space.exploration.mars.rover.curiosity.1527307777731_zion-mainframe-1527307778018-3e945981-leader-finder-thread] INFO kafka.utils.VerifiableProperties  - Property metadata.broker.list is overridden to zion-mainframe:9092
74485483 [space.exploration.mars.rover.curiosity.1527307777731_zion-mainframe-1527307778018-3e945981-leader-finder-thread] INFO kafka.utils.VerifiableProperties  - Property request.timeout.ms is overridden to 30000
74485483 [space.exploration.mars.rover.curiosity.1527307777731_zion-mainframe-1527307778018-3e945981-leader-finder-thread] INFO kafka.client.ClientUtils$  - Fetching metadata from broker BrokerEndPoint(0,zion-mainframe,9092) with correlation id 1 for 1 topic(s) Set(curiosity_to_earth_5)
74485484 [space.exploration.mars.rover.curiosity.1527307777731_zion-mainframe-1527307778018-3e945981-leader-finder-thread] INFO kafka.producer.SyncProducer  - Connected to zion-mainframe:9092 for producing
74485493 [space.exploration.mars.rover.curiosity.1527307777731_zion-mainframe-1527307778018-3e945981-leader-finder-thread] INFO kafka.producer.SyncProducer  - Disconnecting from zion-mainframe:9092
74485496 [space.exploration.mars.rover.curiosity.1527307777731_zion-mainframe-1527307778018-3e945981-leader-finder-thread] INFO kafka.consumer.ConsumerFetcherManager  - [ConsumerFetcherManager-1527307778111] Added fetcher for partitions ArrayBuffer([[curiosity_to_earth_5,0], initOffset 4 to broker BrokerEndPoint(0,zion-mainframe,9092)] )
74485497 [ConsumerFetcherThread-space.exploration.mars.rover.curiosity.1527307777731_zion-mainframe-1527307778018-3e945981-0-0] INFO kafka.consumer.ConsumerFetcherThread  - [ConsumerFetcherThread-space.exploration.mars.rover.curiosity.1527307777731_zion-mainframe-1527307778018-3e945981-0-0], Starting 
124881547 [main-SendThread(localhost:2181)] INFO org.apache.zookeeper.ClientCnxn  - Client session timed out, have not heard from server in 26531429ms for sessionid 0x1639a9fab640003, closing socket connection and attempting reconnect
124881652 [main-EventThread] INFO org.I0Itec.zkclient.ZkClient  - zookeeper state changed (Disconnected)
124883411 [main-SendThread(localhost:2181)] INFO org.apache.zookeeper.ClientCnxn  - Opening socket connection to server localhost/127.0.0.1:2181. Will not attempt to authenticate using SASL (unknown error)
124883411 [main-SendThread(localhost:2181)] INFO org.apache.zookeeper.ClientCnxn  - Socket connection established to localhost/127.0.0.1:2181, initiating session
124883411 [main-SendThread(localhost:2181)] INFO org.apache.zookeeper.ClientCnxn  - Unable to reconnect to ZooKeeper service, session 0x1639a9fab640003 has expired, closing socket connection
124883411 [main-EventThread] INFO org.I0Itec.zkclient.ZkClient  - zookeeper state changed (Expired)
124883411 [main-EventThread] INFO org.apache.zookeeper.ZooKeeper  - Initiating client connection, connectString=localhost:2181 sessionTimeout=6000 watcher=org.I0Itec.zkclient.ZkClient@2d127a61
124883412 [main-EventThread] INFO org.apache.zookeeper.ClientCnxn  - EventThread shut down
124883417 [main-SendThread(localhost:2181)] INFO org.apache.zookeeper.ClientCnxn  - Opening socket connection to server localhost/127.0.0.1:2181. Will not attempt to authenticate using SASL (unknown error)
124883417 [main-SendThread(localhost:2181)] INFO org.apache.zookeeper.ClientCnxn  - Socket connection established to localhost/127.0.0.1:2181, initiating session
124883418 [main-SendThread(localhost:2181)] INFO org.apache.zookeeper.ClientCnxn  - Session establishment complete on server localhost/127.0.0.1:2181, sessionid = 0x1639a9fab640005, negotiated timeout = 6000
124883421 [ZkClient-EventThread-14-localhost:2181] INFO kafka.consumer.ZookeeperConsumerConnector  - [space.exploration.mars.rover.curiosity.1527307777731_zion-mainframe-1527307778018-3e945981], ZK expired; release old broker parition ownership; re-register consumer space.exploration.mars.rover.curiosity.1527307777731_zion-mainframe-1527307778018-3e945981
124883421 [main-EventThread] INFO org.I0Itec.zkclient.ZkClient  - zookeeper state changed (SyncConnected)
124883421 [ZkClient-EventThread-14-localhost:2181] INFO kafka.consumer.ZookeeperConsumerConnector  - [space.exploration.mars.rover.curiosity.1527307777731_zion-mainframe-1527307778018-3e945981], begin registering consumer space.exploration.mars.rover.curiosity.1527307777731_zion-mainframe-1527307778018-3e945981 in ZK
124883421 [ZkClient-EventThread-14-localhost:2181] INFO kafka.utils.ZKCheckedEphemeral  - Creating /consumers/space.exploration.mars.rover.curiosity.1527307777731/ids/space.exploration.mars.rover.curiosity.1527307777731_zion-mainframe-1527307778018-3e945981 (is it secure? false)
124883429 [ZkClient-EventThread-14-localhost:2181] INFO kafka.utils.ZKCheckedEphemeral  - Result of znode creation is: OK
124883429 [ZkClient-EventThread-14-localhost:2181] INFO kafka.consumer.ZookeeperConsumerConnector  - [space.exploration.mars.rover.curiosity.1527307777731_zion-mainframe-1527307778018-3e945981], end registering consumer space.exploration.mars.rover.curiosity.1527307777731_zion-mainframe-1527307778018-3e945981 in ZK
124883429 [ZkClient-EventThread-14-localhost:2181] INFO kafka.consumer.ZookeeperConsumerConnector  - [space.exploration.mars.rover.curiosity.1527307777731_zion-mainframe-1527307778018-3e945981], begin rebalancing consumer space.exploration.mars.rover.curiosity.1527307777731_zion-mainframe-1527307778018-3e945981 try #0
124883433 [ZkClient-EventThread-14-localhost:2181] WARN kafka.consumer.ZookeeperConsumerConnector  - [space.exploration.mars.rover.curiosity.1527307777731_zion-mainframe-1527307778018-3e945981], no brokers found when trying to rebalance.
124883434 [ZkClient-EventThread-14-localhost:2181] INFO kafka.consumer.ZookeeperConsumerConnector  - [space.exploration.mars.rover.curiosity.1527307777731_zion-mainframe-1527307778018-3e945981], end rebalancing consumer space.exploration.mars.rover.curiosity.1527307777731_zion-mainframe-1527307778018-3e945981 try #0
124883436 [space.exploration.mars.rover.curiosity.1527307777731_zion-mainframe-1527307778018-3e945981_watcher_executor] INFO kafka.consumer.ZookeeperConsumerConnector  - [space.exploration.mars.rover.curiosity.1527307777731_zion-mainframe-1527307778018-3e945981], begin rebalancing consumer space.exploration.mars.rover.curiosity.1527307777731_zion-mainframe-1527307778018-3e945981 try #0
124883439 [ZkClient-EventThread-14-localhost:2181] INFO kafka.consumer.ZookeeperConsumerConnector  - [space.exploration.mars.rover.curiosity.1527307777731_zion-mainframe-1527307778018-3e945981], Topic info for path /brokers/topics/curiosity_to_earth_5 changed to {"version":1,"partitions":{"0":[0]}}, triggering rebalance
124883440 [space.exploration.mars.rover.curiosity.1527307777731_zion-mainframe-1527307778018-3e945981_watcher_executor] WARN kafka.consumer.ZookeeperConsumerConnector  - [space.exploration.mars.rover.curiosity.1527307777731_zion-mainframe-1527307778018-3e945981], no brokers found when trying to rebalance.
124883441 [space.exploration.mars.rover.curiosity.1527307777731_zion-mainframe-1527307778018-3e945981_watcher_executor] INFO kafka.consumer.ZookeeperConsumerConnector  - [space.exploration.mars.rover.curiosity.1527307777731_zion-mainframe-1527307778018-3e945981], end rebalancing consumer space.exploration.mars.rover.curiosity.1527307777731_zion-mainframe-1527307778018-3e945981 try #0
124883441 [space.exploration.mars.rover.curiosity.1527307777731_zion-mainframe-1527307778018-3e945981_watcher_executor] INFO kafka.consumer.ZookeeperConsumerConnector  - [space.exploration.mars.rover.curiosity.1527307777731_zion-mainframe-1527307778018-3e945981], begin rebalancing consumer space.exploration.mars.rover.curiosity.1527307777731_zion-mainframe-1527307778018-3e945981 try #0
124883443 [space.exploration.mars.rover.curiosity.1527307777731_zion-mainframe-1527307778018-3e945981_watcher_executor] WARN kafka.consumer.ZookeeperConsumerConnector  - [space.exploration.mars.rover.curiosity.1527307777731_zion-mainframe-1527307778018-3e945981], no brokers found when trying to rebalance.
124883444 [space.exploration.mars.rover.curiosity.1527307777731_zion-mainframe-1527307778018-3e945981_watcher_executor] INFO kafka.consumer.ZookeeperConsumerConnector  - [space.exploration.mars.rover.curiosity.1527307777731_zion-mainframe-1527307778018-3e945981], end rebalancing consumer space.exploration.mars.rover.curiosity.1527307777731_zion-mainframe-1527307778018-3e945981 try #0
124883655 [space.exploration.mars.rover.curiosity.1527307777731_zion-mainframe-1527307778018-3e945981_watcher_executor] INFO kafka.consumer.ZookeeperConsumerConnector  - [space.exploration.mars.rover.curiosity.1527307777731_zion-mainframe-1527307778018-3e945981], begin rebalancing consumer space.exploration.mars.rover.curiosity.1527307777731_zion-mainframe-1527307778018-3e945981 try #0
124883667 [space.exploration.mars.rover.curiosity.1527307777731_zion-mainframe-1527307778018-3e945981_watcher_executor] INFO kafka.consumer.ConsumerFetcherManager  - [ConsumerFetcherManager-1527307778111] Stopping leader finder thread
124883667 [space.exploration.mars.rover.curiosity.1527307777731_zion-mainframe-1527307778018-3e945981_watcher_executor] INFO kafka.consumer.ConsumerFetcherManager$LeaderFinderThread  - [space.exploration.mars.rover.curiosity.1527307777731_zion-mainframe-1527307778018-3e945981-leader-finder-thread], Shutting down
124883667 [space.exploration.mars.rover.curiosity.1527307777731_zion-mainframe-1527307778018-3e945981-leader-finder-thread] INFO kafka.consumer.ConsumerFetcherManager$LeaderFinderThread  - [space.exploration.mars.rover.curiosity.1527307777731_zion-mainframe-1527307778018-3e945981-leader-finder-thread], Stopped 
124883667 [space.exploration.mars.rover.curiosity.1527307777731_zion-mainframe-1527307778018-3e945981_watcher_executor] INFO kafka.consumer.ConsumerFetcherManager$LeaderFinderThread  - [space.exploration.mars.rover.curiosity.1527307777731_zion-mainframe-1527307778018-3e945981-leader-finder-thread], Shutdown completed
124883667 [space.exploration.mars.rover.curiosity.1527307777731_zion-mainframe-1527307778018-3e945981_watcher_executor] INFO kafka.consumer.ConsumerFetcherManager  - [ConsumerFetcherManager-1527307778111] Stopping all fetchers
124883667 [space.exploration.mars.rover.curiosity.1527307777731_zion-mainframe-1527307778018-3e945981_watcher_executor] INFO kafka.consumer.ConsumerFetcherThread  - [ConsumerFetcherThread-space.exploration.mars.rover.curiosity.1527307777731_zion-mainframe-1527307778018-3e945981-0-0], Shutting down
124883669 [ConsumerFetcherThread-space.exploration.mars.rover.curiosity.1527307777731_zion-mainframe-1527307778018-3e945981-0-0] INFO kafka.consumer.ConsumerFetcherThread  - [ConsumerFetcherThread-space.exploration.mars.rover.curiosity.1527307777731_zion-mainframe-1527307778018-3e945981-0-0], Stopped 
124883669 [space.exploration.mars.rover.curiosity.1527307777731_zion-mainframe-1527307778018-3e945981_watcher_executor] INFO kafka.consumer.ConsumerFetcherThread  - [ConsumerFetcherThread-space.exploration.mars.rover.curiosity.1527307777731_zion-mainframe-1527307778018-3e945981-0-0], Shutdown completed
124883669 [space.exploration.mars.rover.curiosity.1527307777731_zion-mainframe-1527307778018-3e945981_watcher_executor] INFO kafka.consumer.ConsumerFetcherManager  - [ConsumerFetcherManager-1527307778111] All connections stopped
124883669 [space.exploration.mars.rover.curiosity.1527307777731_zion-mainframe-1527307778018-3e945981_watcher_executor] INFO kafka.consumer.ZookeeperConsumerConnector  - [space.exploration.mars.rover.curiosity.1527307777731_zion-mainframe-1527307778018-3e945981], Cleared all relevant queues for this fetcher
124883669 [space.exploration.mars.rover.curiosity.1527307777731_zion-mainframe-1527307778018-3e945981_watcher_executor] INFO kafka.consumer.ZookeeperConsumerConnector  - [space.exploration.mars.rover.curiosity.1527307777731_zion-mainframe-1527307778018-3e945981], Cleared the data chunks in all the consumer message iterators
124883669 [space.exploration.mars.rover.curiosity.1527307777731_zion-mainframe-1527307778018-3e945981_watcher_executor] INFO kafka.consumer.ZookeeperConsumerConnector  - [space.exploration.mars.rover.curiosity.1527307777731_zion-mainframe-1527307778018-3e945981], Committing all offsets after clearing the fetcher queues
124883670 [space.exploration.mars.rover.curiosity.1527307777731_zion-mainframe-1527307778018-3e945981_watcher_executor] INFO kafka.consumer.ZookeeperConsumerConnector  - [space.exploration.mars.rover.curiosity.1527307777731_zion-mainframe-1527307778018-3e945981], Releasing partition ownership
124883700 [space.exploration.mars.rover.curiosity.1527307777731_zion-mainframe-1527307778018-3e945981_watcher_executor] INFO kafka.consumer.RangeAssignor  - Consumer space.exploration.mars.rover.curiosity.1527307777731_zion-mainframe-1527307778018-3e945981 rebalancing the following partitions: ArrayBuffer(0) for topic curiosity_to_earth_5 with consumers: List(space.exploration.mars.rover.curiosity.1527307777731_zion-mainframe-1527307778018-3e945981-0)
124883700 [space.exploration.mars.rover.curiosity.1527307777731_zion-mainframe-1527307778018-3e945981_watcher_executor] INFO kafka.consumer.RangeAssignor  - space.exploration.mars.rover.curiosity.1527307777731_zion-mainframe-1527307778018-3e945981-0 attempting to claim partition 0
124883709 [space.exploration.mars.rover.curiosity.1527307777731_zion-mainframe-1527307778018-3e945981_watcher_executor] INFO kafka.consumer.ZookeeperConsumerConnector  - [space.exploration.mars.rover.curiosity.1527307777731_zion-mainframe-1527307778018-3e945981], space.exploration.mars.rover.curiosity.1527307777731_zion-mainframe-1527307778018-3e945981-0 successfully owned partition 0 for topic curiosity_to_earth_5
124883709 [space.exploration.mars.rover.curiosity.1527307777731_zion-mainframe-1527307778018-3e945981_watcher_executor] INFO kafka.consumer.ZookeeperConsumerConnector  - [space.exploration.mars.rover.curiosity.1527307777731_zion-mainframe-1527307778018-3e945981], Consumer space.exploration.mars.rover.curiosity.1527307777731_zion-mainframe-1527307778018-3e945981 selected partitions : curiosity_to_earth_5:0: fetched offset = 4: consumed offset = 4
124883709 [space.exploration.mars.rover.curiosity.1527307777731_zion-mainframe-1527307778018-3e945981_watcher_executor] INFO kafka.consumer.ZookeeperConsumerConnector  - [space.exploration.mars.rover.curiosity.1527307777731_zion-mainframe-1527307778018-3e945981], end rebalancing consumer space.exploration.mars.rover.curiosity.1527307777731_zion-mainframe-1527307778018-3e945981 try #0
124883710 [space.exploration.mars.rover.curiosity.1527307777731_zion-mainframe-1527307778018-3e945981-leader-finder-thread] INFO kafka.consumer.ConsumerFetcherManager$LeaderFinderThread  - [space.exploration.mars.rover.curiosity.1527307777731_zion-mainframe-1527307778018-3e945981-leader-finder-thread], Starting 
124883715 [space.exploration.mars.rover.curiosity.1527307777731_zion-mainframe-1527307778018-3e945981-leader-finder-thread] INFO kafka.utils.VerifiableProperties  - Verifying properties
124883715 [space.exploration.mars.rover.curiosity.1527307777731_zion-mainframe-1527307778018-3e945981-leader-finder-thread] INFO kafka.utils.VerifiableProperties  - Property client.id is overridden to space.exploration.mars.rover.curiosity.1527307777731
124883715 [space.exploration.mars.rover.curiosity.1527307777731_zion-mainframe-1527307778018-3e945981-leader-finder-thread] INFO kafka.utils.VerifiableProperties  - Property metadata.broker.list is overridden to zion-mainframe:9092
124883715 [space.exploration.mars.rover.curiosity.1527307777731_zion-mainframe-1527307778018-3e945981-leader-finder-thread] INFO kafka.utils.VerifiableProperties  - Property request.timeout.ms is overridden to 30000
124883715 [space.exploration.mars.rover.curiosity.1527307777731_zion-mainframe-1527307778018-3e945981-leader-finder-thread] INFO kafka.client.ClientUtils$  - Fetching metadata from broker BrokerEndPoint(0,zion-mainframe,9092) with correlation id 2 for 1 topic(s) Set(curiosity_to_earth_5)
124883715 [space.exploration.mars.rover.curiosity.1527307777731_zion-mainframe-1527307778018-3e945981-leader-finder-thread] INFO kafka.producer.SyncProducer  - Connected to zion-mainframe:9092 for producing
124883718 [space.exploration.mars.rover.curiosity.1527307777731_zion-mainframe-1527307778018-3e945981-leader-finder-thread] INFO kafka.producer.SyncProducer  - Disconnecting from zion-mainframe:9092
124883725 [space.exploration.mars.rover.curiosity.1527307777731_zion-mainframe-1527307778018-3e945981-leader-finder-thread] INFO kafka.consumer.ConsumerFetcherManager  - [ConsumerFetcherManager-1527307778111] Added fetcher for partitions ArrayBuffer([[curiosity_to_earth_5,0], initOffset 4 to broker BrokerEndPoint(0,zion-mainframe,9092)] )
124883725 [ConsumerFetcherThread-space.exploration.mars.rover.curiosity.1527307777731_zion-mainframe-1527307778018-3e945981-0-0] INFO kafka.consumer.ConsumerFetcherThread  - [ConsumerFetcherThread-space.exploration.mars.rover.curiosity.1527307777731_zion-mainframe-1527307778018-3e945981-0-0], Starting 
