0 [main] INFO kafka.utils.VerifiableProperties  - Verifying properties
32 [main] WARN kafka.utils.VerifiableProperties  - Property auto.offset.reset is not valid
32 [main] WARN kafka.utils.VerifiableProperties  - Property bootstrap.servers is not valid
32 [main] WARN kafka.utils.VerifiableProperties  - Property destination.topic is not valid
33 [main] WARN kafka.utils.VerifiableProperties  - Property group.id is not valid
33 [main] WARN kafka.utils.VerifiableProperties  - Property key.serializer is not valid
33 [main] INFO kafka.utils.VerifiableProperties  - Property metadata.broker.list is overridden to localhost:9092
33 [main] WARN kafka.utils.VerifiableProperties  - Property source.topic is not valid
33 [main] WARN kafka.utils.VerifiableProperties  - Property value.serializer is not valid
33 [main] WARN kafka.utils.VerifiableProperties  - Property zookeeper.connect is not valid
158 [main] INFO kafka.client.ClientUtils$  - Fetching metadata from broker BrokerEndPoint(0,localhost,9092) with correlation id 0 for 1 topic(s) Set(earth_to_curiosity_5)
235 [main] INFO kafka.producer.SyncProducer  - Connected to localhost:9092 for producing
250 [main] INFO kafka.producer.SyncProducer  - Disconnecting from localhost:9092
298 [main] INFO kafka.producer.SyncProducer  - Connected to zion-mainframe:9092 for producing
630433 [main] INFO kafka.client.ClientUtils$  - Fetching metadata from broker BrokerEndPoint(0,localhost,9092) with correlation id 41 for 1 topic(s) Set(earth_to_curiosity_5)
630439 [main] INFO kafka.producer.SyncProducer  - Connected to localhost:9092 for producing
630441 [main] INFO kafka.producer.SyncProducer  - Disconnecting from localhost:9092
630442 [main] INFO kafka.producer.SyncProducer  - Disconnecting from zion-mainframe:9092
630446 [main] INFO kafka.producer.SyncProducer  - Connected to zion-mainframe:9092 for producing
1260530 [main] INFO kafka.client.ClientUtils$  - Fetching metadata from broker BrokerEndPoint(0,localhost,9092) with correlation id 82 for 1 topic(s) Set(earth_to_curiosity_5)
1260532 [main] INFO kafka.producer.SyncProducer  - Connected to localhost:9092 for producing
1260536 [main] INFO kafka.producer.SyncProducer  - Disconnecting from localhost:9092
1260538 [main] INFO kafka.producer.SyncProducer  - Disconnecting from zion-mainframe:9092
1260542 [main] INFO kafka.producer.SyncProducer  - Connected to zion-mainframe:9092 for producing
1890614 [main] INFO kafka.client.ClientUtils$  - Fetching metadata from broker BrokerEndPoint(0,localhost,9092) with correlation id 123 for 1 topic(s) Set(earth_to_curiosity_5)
1890615 [main] INFO kafka.producer.SyncProducer  - Connected to localhost:9092 for producing
1890619 [main] INFO kafka.producer.SyncProducer  - Disconnecting from localhost:9092
1890619 [main] INFO kafka.producer.SyncProducer  - Disconnecting from zion-mainframe:9092
1890624 [main] INFO kafka.producer.SyncProducer  - Connected to zion-mainframe:9092 for producing
2520687 [main] INFO kafka.client.ClientUtils$  - Fetching metadata from broker BrokerEndPoint(0,localhost,9092) with correlation id 164 for 1 topic(s) Set(earth_to_curiosity_5)
2520689 [main] INFO kafka.producer.SyncProducer  - Connected to localhost:9092 for producing
2520693 [main] INFO kafka.producer.SyncProducer  - Disconnecting from localhost:9092
2520695 [main] INFO kafka.producer.SyncProducer  - Disconnecting from zion-mainframe:9092
2520700 [main] INFO kafka.producer.SyncProducer  - Connected to zion-mainframe:9092 for producing
3150761 [main] INFO kafka.client.ClientUtils$  - Fetching metadata from broker BrokerEndPoint(0,localhost,9092) with correlation id 205 for 1 topic(s) Set(earth_to_curiosity_5)
3150762 [main] INFO kafka.producer.SyncProducer  - Connected to localhost:9092 for producing
3150764 [main] INFO kafka.producer.SyncProducer  - Disconnecting from localhost:9092
3150764 [main] INFO kafka.producer.SyncProducer  - Disconnecting from zion-mainframe:9092
3150766 [main] INFO kafka.producer.SyncProducer  - Connected to zion-mainframe:9092 for producing
