0 [main] INFO kafka.utils.VerifiableProperties  - Verifying properties
45 [main] WARN kafka.utils.VerifiableProperties  - Property auto.offset.reset is not valid
45 [main] WARN kafka.utils.VerifiableProperties  - Property bootstrap.servers is not valid
45 [main] WARN kafka.utils.VerifiableProperties  - Property destination.topic is not valid
45 [main] WARN kafka.utils.VerifiableProperties  - Property group.id is not valid
45 [main] WARN kafka.utils.VerifiableProperties  - Property key.serializer is not valid
46 [main] INFO kafka.utils.VerifiableProperties  - Property metadata.broker.list is overridden to localhost:9092
46 [main] WARN kafka.utils.VerifiableProperties  - Property source.topic is not valid
46 [main] WARN kafka.utils.VerifiableProperties  - Property value.serializer is not valid
46 [main] WARN kafka.utils.VerifiableProperties  - Property zookeeper.connect is not valid
236 [main] INFO kafka.client.ClientUtils$  - Fetching metadata from broker BrokerEndPoint(0,localhost,9092) with correlation id 0 for 1 topic(s) Set(earth_to_curiosity_5)
361 [main] INFO kafka.producer.SyncProducer  - Connected to localhost:9092 for producing
396 [main] INFO kafka.producer.SyncProducer  - Disconnecting from localhost:9092
446 [main] INFO kafka.producer.SyncProducer  - Connected to zion-mainframe:9092 for producing
615480 [main] INFO kafka.client.ClientUtils$  - Fetching metadata from broker BrokerEndPoint(0,localhost,9092) with correlation id 21 for 1 topic(s) Set(earth_to_curiosity_5)
615483 [main] INFO kafka.producer.SyncProducer  - Connected to localhost:9092 for producing
615484 [main] INFO kafka.producer.SyncProducer  - Disconnecting from localhost:9092
615484 [main] INFO kafka.producer.SyncProducer  - Disconnecting from zion-mainframe:9092
615486 [main] INFO kafka.producer.SyncProducer  - Connected to zion-mainframe:9092 for producing
1230513 [main] INFO kafka.client.ClientUtils$  - Fetching metadata from broker BrokerEndPoint(0,localhost,9092) with correlation id 42 for 1 topic(s) Set(earth_to_curiosity_5)
1230514 [main] INFO kafka.producer.SyncProducer  - Connected to localhost:9092 for producing
1230514 [main] INFO kafka.producer.SyncProducer  - Disconnecting from localhost:9092
1230515 [main] INFO kafka.producer.SyncProducer  - Disconnecting from zion-mainframe:9092
1230516 [main] INFO kafka.producer.SyncProducer  - Connected to zion-mainframe:9092 for producing
1845544 [main] INFO kafka.client.ClientUtils$  - Fetching metadata from broker BrokerEndPoint(0,localhost,9092) with correlation id 63 for 1 topic(s) Set(earth_to_curiosity_5)
1845544 [main] INFO kafka.producer.SyncProducer  - Connected to localhost:9092 for producing
1845545 [main] INFO kafka.producer.SyncProducer  - Disconnecting from localhost:9092
1845545 [main] INFO kafka.producer.SyncProducer  - Disconnecting from zion-mainframe:9092
1845546 [main] INFO kafka.producer.SyncProducer  - Connected to zion-mainframe:9092 for producing
2460562 [main] INFO kafka.client.ClientUtils$  - Fetching metadata from broker BrokerEndPoint(0,localhost,9092) with correlation id 84 for 1 topic(s) Set(earth_to_curiosity_5)
2460563 [main] INFO kafka.producer.SyncProducer  - Connected to localhost:9092 for producing
2460564 [main] INFO kafka.producer.SyncProducer  - Disconnecting from localhost:9092
2460564 [main] INFO kafka.producer.SyncProducer  - Disconnecting from zion-mainframe:9092
2460565 [main] INFO kafka.producer.SyncProducer  - Connected to zion-mainframe:9092 for producing
3075580 [main] INFO kafka.client.ClientUtils$  - Fetching metadata from broker BrokerEndPoint(0,localhost,9092) with correlation id 105 for 1 topic(s) Set(earth_to_curiosity_5)
3075580 [main] INFO kafka.producer.SyncProducer  - Connected to localhost:9092 for producing
3075581 [main] INFO kafka.producer.SyncProducer  - Disconnecting from localhost:9092
3075581 [main] INFO kafka.producer.SyncProducer  - Disconnecting from zion-mainframe:9092
3075583 [main] INFO kafka.producer.SyncProducer  - Connected to zion-mainframe:9092 for producing
