0 [main] INFO kafka.utils.VerifiableProperties  - Verifying properties
21 [main] INFO kafka.utils.VerifiableProperties  - Property auto.offset.reset is overridden to largest
22 [main] WARN kafka.utils.VerifiableProperties  - Property bootstrap.servers is not valid
22 [main] WARN kafka.utils.VerifiableProperties  - Property destination.topic is not valid
22 [main] INFO kafka.utils.VerifiableProperties  - Property group.id is overridden to space.exploration.mars.rover.curiosity.1534474001876
22 [main] WARN kafka.utils.VerifiableProperties  - Property key.serializer is not valid
22 [main] WARN kafka.utils.VerifiableProperties  - Property metadata.broker.list is not valid
22 [main] WARN kafka.utils.VerifiableProperties  - Property source.topic is not valid
22 [main] WARN kafka.utils.VerifiableProperties  - Property value.serializer is not valid
22 [main] INFO kafka.utils.VerifiableProperties  - Property zookeeper.connect is overridden to localhost:2181
57 [main] INFO kafka.consumer.ZookeeperConsumerConnector  - [space.exploration.mars.rover.curiosity.1534474001876_zion-mainframe-1534474002097-fbcd9f63], Connecting to zookeeper instance at localhost:2181
64 [ZkClient-EventThread-15-localhost:2181] INFO org.I0Itec.zkclient.ZkEventThread  - Starting ZkClient event thread.
68 [main] INFO org.apache.zookeeper.ZooKeeper  - Client environment:zookeeper.version=3.4.6-1569965, built on 02/20/2014 09:09 GMT
68 [main] INFO org.apache.zookeeper.ZooKeeper  - Client environment:host.name=zion-mainframe
68 [main] INFO org.apache.zookeeper.ZooKeeper  - Client environment:java.version=1.8.0_181
68 [main] INFO org.apache.zookeeper.ZooKeeper  - Client environment:java.vendor=Oracle Corporation
68 [main] INFO org.apache.zookeeper.ZooKeeper  - Client environment:java.home=/usr/lib/jvm/java-8-openjdk-amd64/jre
68 [main] INFO org.apache.zookeeper.ZooKeeper  - Client environment:java.class.path=target/mission.control-2.0-shaded.jar
68 [main] INFO org.apache.zookeeper.ZooKeeper  - Client environment:java.library.path=/usr/java/packages/lib/amd64:/usr/lib/x86_64-linux-gnu/jni:/lib/x86_64-linux-gnu:/usr/lib/x86_64-linux-gnu:/usr/lib/jni:/lib:/usr/lib
68 [main] INFO org.apache.zookeeper.ZooKeeper  - Client environment:java.io.tmpdir=/tmp
68 [main] INFO org.apache.zookeeper.ZooKeeper  - Client environment:java.compiler=<NA>
68 [main] INFO org.apache.zookeeper.ZooKeeper  - Client environment:os.name=Linux
68 [main] INFO org.apache.zookeeper.ZooKeeper  - Client environment:os.arch=amd64
68 [main] INFO org.apache.zookeeper.ZooKeeper  - Client environment:os.version=4.15.0-32-generic
68 [main] INFO org.apache.zookeeper.ZooKeeper  - Client environment:user.name=sanket
68 [main] INFO org.apache.zookeeper.ZooKeeper  - Client environment:user.home=/home/sanket
68 [main] INFO org.apache.zookeeper.ZooKeeper  - Client environment:user.dir=/home/sanket/Documents/workspace/Mission.Control
68 [main] INFO org.apache.zookeeper.ZooKeeper  - Initiating client connection, connectString=localhost:2181 sessionTimeout=6000 watcher=org.I0Itec.zkclient.ZkClient@17776a8
76 [main] INFO org.I0Itec.zkclient.ZkClient  - Waiting for keeper state SyncConnected
78 [main-SendThread(localhost:2181)] INFO org.apache.zookeeper.ClientCnxn  - Opening socket connection to server localhost/127.0.0.1:2181. Will not attempt to authenticate using SASL (unknown error)
108 [main-SendThread(localhost:2181)] INFO org.apache.zookeeper.ClientCnxn  - Socket connection established to localhost/127.0.0.1:2181, initiating session
112 [main-SendThread(localhost:2181)] INFO org.apache.zookeeper.ClientCnxn  - Session establishment complete on server localhost/127.0.0.1:2181, sessionid = 0x16545c6b92d0001, negotiated timeout = 6000
113 [main-EventThread] INFO org.I0Itec.zkclient.ZkClient  - zookeeper state changed (SyncConnected)
121 [main] INFO kafka.consumer.ZookeeperConsumerConnector  - [space.exploration.mars.rover.curiosity.1534474001876_zion-mainframe-1534474002097-fbcd9f63], starting auto committer every 60000 ms
139 [Thread-0] INFO kafka.consumer.ZookeeperConsumerConnector  - [space.exploration.mars.rover.curiosity.1534474001876_zion-mainframe-1534474002097-fbcd9f63], begin registering consumer space.exploration.mars.rover.curiosity.1534474001876_zion-mainframe-1534474002097-fbcd9f63 in ZK
158 [Thread-0] INFO kafka.utils.ZKCheckedEphemeral  - Creating /consumers/space.exploration.mars.rover.curiosity.1534474001876/ids/space.exploration.mars.rover.curiosity.1534474001876_zion-mainframe-1534474002097-fbcd9f63 (is it secure? false)
164 [Thread-0] INFO kafka.utils.ZKCheckedEphemeral  - Result of znode creation is: OK
165 [Thread-0] INFO kafka.consumer.ZookeeperConsumerConnector  - [space.exploration.mars.rover.curiosity.1534474001876_zion-mainframe-1534474002097-fbcd9f63], end registering consumer space.exploration.mars.rover.curiosity.1534474001876_zion-mainframe-1534474002097-fbcd9f63 in ZK
167 [space.exploration.mars.rover.curiosity.1534474001876_zion-mainframe-1534474002097-fbcd9f63_watcher_executor] INFO kafka.consumer.ZookeeperConsumerConnector  - [space.exploration.mars.rover.curiosity.1534474001876_zion-mainframe-1534474002097-fbcd9f63], starting watcher executor thread for consumer space.exploration.mars.rover.curiosity.1534474001876_zion-mainframe-1534474002097-fbcd9f63
178 [Thread-0] INFO kafka.consumer.ZookeeperConsumerConnector  - [space.exploration.mars.rover.curiosity.1534474001876_zion-mainframe-1534474002097-fbcd9f63], begin rebalancing consumer space.exploration.mars.rover.curiosity.1534474001876_zion-mainframe-1534474002097-fbcd9f63 try #0
242 [Thread-0] INFO kafka.consumer.ConsumerFetcherManager  - [ConsumerFetcherManager-1534474002159] Stopping leader finder thread
242 [Thread-0] INFO kafka.consumer.ConsumerFetcherManager  - [ConsumerFetcherManager-1534474002159] Stopping all fetchers
243 [Thread-0] INFO kafka.consumer.ConsumerFetcherManager  - [ConsumerFetcherManager-1534474002159] All connections stopped
243 [Thread-0] INFO kafka.consumer.ZookeeperConsumerConnector  - [space.exploration.mars.rover.curiosity.1534474001876_zion-mainframe-1534474002097-fbcd9f63], Cleared all relevant queues for this fetcher
243 [Thread-0] INFO kafka.consumer.ZookeeperConsumerConnector  - [space.exploration.mars.rover.curiosity.1534474001876_zion-mainframe-1534474002097-fbcd9f63], Cleared the data chunks in all the consumer message iterators
243 [Thread-0] INFO kafka.consumer.ZookeeperConsumerConnector  - [space.exploration.mars.rover.curiosity.1534474001876_zion-mainframe-1534474002097-fbcd9f63], Committing all offsets after clearing the fetcher queues
244 [Thread-0] INFO kafka.consumer.ZookeeperConsumerConnector  - [space.exploration.mars.rover.curiosity.1534474001876_zion-mainframe-1534474002097-fbcd9f63], Releasing partition ownership
260 [Thread-0] INFO kafka.consumer.RangeAssignor  - Consumer space.exploration.mars.rover.curiosity.1534474001876_zion-mainframe-1534474002097-fbcd9f63 rebalancing the following partitions: ArrayBuffer() for topic curiosity_to_earth_5 with consumers: List(space.exploration.mars.rover.curiosity.1534474001876_zion-mainframe-1534474002097-fbcd9f63-0)
261 [Thread-0] WARN kafka.consumer.RangeAssignor  - No broker partitions consumed by consumer thread space.exploration.mars.rover.curiosity.1534474001876_zion-mainframe-1534474002097-fbcd9f63-0 for topic curiosity_to_earth_5
268 [Thread-0] INFO kafka.consumer.ZookeeperConsumerConnector  - [space.exploration.mars.rover.curiosity.1534474001876_zion-mainframe-1534474002097-fbcd9f63], Consumer space.exploration.mars.rover.curiosity.1534474001876_zion-mainframe-1534474002097-fbcd9f63 selected partitions : 
269 [space.exploration.mars.rover.curiosity.1534474001876_zion-mainframe-1534474002097-fbcd9f63-leader-finder-thread] INFO kafka.consumer.ConsumerFetcherManager$LeaderFinderThread  - [space.exploration.mars.rover.curiosity.1534474001876_zion-mainframe-1534474002097-fbcd9f63-leader-finder-thread], Starting 
269 [Thread-0] INFO kafka.consumer.ZookeeperConsumerConnector  - [space.exploration.mars.rover.curiosity.1534474001876_zion-mainframe-1534474002097-fbcd9f63], end rebalancing consumer space.exploration.mars.rover.curiosity.1534474001876_zion-mainframe-1534474002097-fbcd9f63 try #0
71021 [ZkClient-EventThread-15-localhost:2181] INFO kafka.consumer.ZookeeperConsumerConnector  - [space.exploration.mars.rover.curiosity.1534474001876_zion-mainframe-1534474002097-fbcd9f63], Topic info for path /brokers/topics/curiosity_to_earth_5 changed to {"version":1,"partitions":{"0":[0]}}, triggering rebalance
71022 [space.exploration.mars.rover.curiosity.1534474001876_zion-mainframe-1534474002097-fbcd9f63_watcher_executor] INFO kafka.consumer.ZookeeperConsumerConnector  - [space.exploration.mars.rover.curiosity.1534474001876_zion-mainframe-1534474002097-fbcd9f63], begin rebalancing consumer space.exploration.mars.rover.curiosity.1534474001876_zion-mainframe-1534474002097-fbcd9f63 try #0
71046 [space.exploration.mars.rover.curiosity.1534474001876_zion-mainframe-1534474002097-fbcd9f63_watcher_executor] INFO kafka.consumer.ConsumerFetcherManager  - [ConsumerFetcherManager-1534474002159] Stopping leader finder thread
71047 [space.exploration.mars.rover.curiosity.1534474001876_zion-mainframe-1534474002097-fbcd9f63_watcher_executor] INFO kafka.consumer.ConsumerFetcherManager$LeaderFinderThread  - [space.exploration.mars.rover.curiosity.1534474001876_zion-mainframe-1534474002097-fbcd9f63-leader-finder-thread], Shutting down
71048 [space.exploration.mars.rover.curiosity.1534474001876_zion-mainframe-1534474002097-fbcd9f63-leader-finder-thread] INFO kafka.consumer.ConsumerFetcherManager$LeaderFinderThread  - [space.exploration.mars.rover.curiosity.1534474001876_zion-mainframe-1534474002097-fbcd9f63-leader-finder-thread], Stopped 
71048 [space.exploration.mars.rover.curiosity.1534474001876_zion-mainframe-1534474002097-fbcd9f63_watcher_executor] INFO kafka.consumer.ConsumerFetcherManager$LeaderFinderThread  - [space.exploration.mars.rover.curiosity.1534474001876_zion-mainframe-1534474002097-fbcd9f63-leader-finder-thread], Shutdown completed
71048 [space.exploration.mars.rover.curiosity.1534474001876_zion-mainframe-1534474002097-fbcd9f63_watcher_executor] INFO kafka.consumer.ConsumerFetcherManager  - [ConsumerFetcherManager-1534474002159] Stopping all fetchers
71048 [space.exploration.mars.rover.curiosity.1534474001876_zion-mainframe-1534474002097-fbcd9f63_watcher_executor] INFO kafka.consumer.ConsumerFetcherManager  - [ConsumerFetcherManager-1534474002159] All connections stopped
71048 [space.exploration.mars.rover.curiosity.1534474001876_zion-mainframe-1534474002097-fbcd9f63_watcher_executor] INFO kafka.consumer.ZookeeperConsumerConnector  - [space.exploration.mars.rover.curiosity.1534474001876_zion-mainframe-1534474002097-fbcd9f63], Cleared all relevant queues for this fetcher
71048 [space.exploration.mars.rover.curiosity.1534474001876_zion-mainframe-1534474002097-fbcd9f63_watcher_executor] INFO kafka.consumer.ZookeeperConsumerConnector  - [space.exploration.mars.rover.curiosity.1534474001876_zion-mainframe-1534474002097-fbcd9f63], Cleared the data chunks in all the consumer message iterators
71048 [space.exploration.mars.rover.curiosity.1534474001876_zion-mainframe-1534474002097-fbcd9f63_watcher_executor] INFO kafka.consumer.ZookeeperConsumerConnector  - [space.exploration.mars.rover.curiosity.1534474001876_zion-mainframe-1534474002097-fbcd9f63], Committing all offsets after clearing the fetcher queues
71048 [space.exploration.mars.rover.curiosity.1534474001876_zion-mainframe-1534474002097-fbcd9f63_watcher_executor] INFO kafka.consumer.ZookeeperConsumerConnector  - [space.exploration.mars.rover.curiosity.1534474001876_zion-mainframe-1534474002097-fbcd9f63], Releasing partition ownership
71061 [space.exploration.mars.rover.curiosity.1534474001876_zion-mainframe-1534474002097-fbcd9f63_watcher_executor] INFO kafka.consumer.RangeAssignor  - Consumer space.exploration.mars.rover.curiosity.1534474001876_zion-mainframe-1534474002097-fbcd9f63 rebalancing the following partitions: ArrayBuffer(0) for topic curiosity_to_earth_5 with consumers: List(space.exploration.mars.rover.curiosity.1534474001876_zion-mainframe-1534474002097-fbcd9f63-0)
71062 [space.exploration.mars.rover.curiosity.1534474001876_zion-mainframe-1534474002097-fbcd9f63_watcher_executor] INFO kafka.consumer.RangeAssignor  - space.exploration.mars.rover.curiosity.1534474001876_zion-mainframe-1534474002097-fbcd9f63-0 attempting to claim partition 0
71084 [space.exploration.mars.rover.curiosity.1534474001876_zion-mainframe-1534474002097-fbcd9f63_watcher_executor] INFO kafka.consumer.ZookeeperConsumerConnector  - [space.exploration.mars.rover.curiosity.1534474001876_zion-mainframe-1534474002097-fbcd9f63], space.exploration.mars.rover.curiosity.1534474001876_zion-mainframe-1534474002097-fbcd9f63-0 successfully owned partition 0 for topic curiosity_to_earth_5
71088 [space.exploration.mars.rover.curiosity.1534474001876_zion-mainframe-1534474002097-fbcd9f63_watcher_executor] INFO kafka.consumer.ZookeeperConsumerConnector  - [space.exploration.mars.rover.curiosity.1534474001876_zion-mainframe-1534474002097-fbcd9f63], Consumer space.exploration.mars.rover.curiosity.1534474001876_zion-mainframe-1534474002097-fbcd9f63 selected partitions : curiosity_to_earth_5:0: fetched offset = -1: consumed offset = -1
71089 [space.exploration.mars.rover.curiosity.1534474001876_zion-mainframe-1534474002097-fbcd9f63-leader-finder-thread] INFO kafka.consumer.ConsumerFetcherManager$LeaderFinderThread  - [space.exploration.mars.rover.curiosity.1534474001876_zion-mainframe-1534474002097-fbcd9f63-leader-finder-thread], Starting 
71089 [space.exploration.mars.rover.curiosity.1534474001876_zion-mainframe-1534474002097-fbcd9f63_watcher_executor] INFO kafka.consumer.ZookeeperConsumerConnector  - [space.exploration.mars.rover.curiosity.1534474001876_zion-mainframe-1534474002097-fbcd9f63], end rebalancing consumer space.exploration.mars.rover.curiosity.1534474001876_zion-mainframe-1534474002097-fbcd9f63 try #0
71099 [space.exploration.mars.rover.curiosity.1534474001876_zion-mainframe-1534474002097-fbcd9f63-leader-finder-thread] INFO kafka.utils.VerifiableProperties  - Verifying properties
71099 [space.exploration.mars.rover.curiosity.1534474001876_zion-mainframe-1534474002097-fbcd9f63-leader-finder-thread] INFO kafka.utils.VerifiableProperties  - Property client.id is overridden to space.exploration.mars.rover.curiosity.1534474001876
71100 [space.exploration.mars.rover.curiosity.1534474001876_zion-mainframe-1534474002097-fbcd9f63-leader-finder-thread] INFO kafka.utils.VerifiableProperties  - Property metadata.broker.list is overridden to zion-mainframe:9092
71100 [space.exploration.mars.rover.curiosity.1534474001876_zion-mainframe-1534474002097-fbcd9f63-leader-finder-thread] INFO kafka.utils.VerifiableProperties  - Property request.timeout.ms is overridden to 30000
71110 [space.exploration.mars.rover.curiosity.1534474001876_zion-mainframe-1534474002097-fbcd9f63-leader-finder-thread] INFO kafka.client.ClientUtils$  - Fetching metadata from broker BrokerEndPoint(0,zion-mainframe,9092) with correlation id 0 for 1 topic(s) Set(curiosity_to_earth_5)
71114 [space.exploration.mars.rover.curiosity.1534474001876_zion-mainframe-1534474002097-fbcd9f63-leader-finder-thread] INFO kafka.producer.SyncProducer  - Connected to zion-mainframe:9092 for producing
71122 [space.exploration.mars.rover.curiosity.1534474001876_zion-mainframe-1534474002097-fbcd9f63-leader-finder-thread] INFO kafka.producer.SyncProducer  - Disconnecting from zion-mainframe:9092
71146 [ConsumerFetcherThread-space.exploration.mars.rover.curiosity.1534474001876_zion-mainframe-1534474002097-fbcd9f63-0-0] INFO kafka.consumer.ConsumerFetcherThread  - [ConsumerFetcherThread-space.exploration.mars.rover.curiosity.1534474001876_zion-mainframe-1534474002097-fbcd9f63-0-0], Starting 
71152 [space.exploration.mars.rover.curiosity.1534474001876_zion-mainframe-1534474002097-fbcd9f63-leader-finder-thread] INFO kafka.consumer.ConsumerFetcherManager  - [ConsumerFetcherManager-1534474002159] Added fetcher for partitions ArrayBuffer([[curiosity_to_earth_5,0], initOffset -1 to broker BrokerEndPoint(0,zion-mainframe,9092)] )
8882460 [ConsumerFetcherThread-space.exploration.mars.rover.curiosity.1534474001876_zion-mainframe-1534474002097-fbcd9f63-0-0] INFO kafka.consumer.SimpleConsumer  - Reconnect due to error:
java.io.EOFException
	at org.apache.kafka.common.network.NetworkReceive.readFromReadableChannel(NetworkReceive.java:83)
	at kafka.network.BlockingChannel.readCompletely(BlockingChannel.scala:129)
	at kafka.network.BlockingChannel.receive(BlockingChannel.scala:120)
	at kafka.consumer.SimpleConsumer.liftedTree1$1(SimpleConsumer.scala:86)
	at kafka.consumer.SimpleConsumer.kafka$consumer$SimpleConsumer$$sendRequest(SimpleConsumer.scala:83)
	at kafka.consumer.SimpleConsumer$$anonfun$fetch$1$$anonfun$apply$mcV$sp$1.apply$mcV$sp(SimpleConsumer.scala:132)
	at kafka.consumer.SimpleConsumer$$anonfun$fetch$1$$anonfun$apply$mcV$sp$1.apply(SimpleConsumer.scala:132)
	at kafka.consumer.SimpleConsumer$$anonfun$fetch$1$$anonfun$apply$mcV$sp$1.apply(SimpleConsumer.scala:132)
	at kafka.metrics.KafkaTimer.time(KafkaTimer.scala:33)
	at kafka.consumer.SimpleConsumer$$anonfun$fetch$1.apply$mcV$sp(SimpleConsumer.scala:131)
	at kafka.consumer.SimpleConsumer$$anonfun$fetch$1.apply(SimpleConsumer.scala:131)
	at kafka.consumer.SimpleConsumer$$anonfun$fetch$1.apply(SimpleConsumer.scala:131)
	at kafka.metrics.KafkaTimer.time(KafkaTimer.scala:33)
	at kafka.consumer.SimpleConsumer.fetch(SimpleConsumer.scala:130)
	at kafka.consumer.ConsumerFetcherThread.fetch(ConsumerFetcherThread.scala:108)
	at kafka.consumer.ConsumerFetcherThread.fetch(ConsumerFetcherThread.scala:29)
	at kafka.server.AbstractFetcherThread.processFetchRequest(AbstractFetcherThread.scala:102)
	at kafka.server.AbstractFetcherThread.doWork(AbstractFetcherThread.scala:93)
	at kafka.utils.ShutdownableThread.run(ShutdownableThread.scala:63)
16476563 [ConsumerFetcherThread-space.exploration.mars.rover.curiosity.1534474001876_zion-mainframe-1534474002097-fbcd9f63-0-0] INFO kafka.consumer.SimpleConsumer  - Reconnect due to error:
java.io.EOFException
	at org.apache.kafka.common.network.NetworkReceive.readFromReadableChannel(NetworkReceive.java:83)
	at kafka.network.BlockingChannel.readCompletely(BlockingChannel.scala:129)
	at kafka.network.BlockingChannel.receive(BlockingChannel.scala:120)
	at kafka.consumer.SimpleConsumer.liftedTree1$1(SimpleConsumer.scala:86)
	at kafka.consumer.SimpleConsumer.kafka$consumer$SimpleConsumer$$sendRequest(SimpleConsumer.scala:83)
	at kafka.consumer.SimpleConsumer$$anonfun$fetch$1$$anonfun$apply$mcV$sp$1.apply$mcV$sp(SimpleConsumer.scala:132)
	at kafka.consumer.SimpleConsumer$$anonfun$fetch$1$$anonfun$apply$mcV$sp$1.apply(SimpleConsumer.scala:132)
	at kafka.consumer.SimpleConsumer$$anonfun$fetch$1$$anonfun$apply$mcV$sp$1.apply(SimpleConsumer.scala:132)
	at kafka.metrics.KafkaTimer.time(KafkaTimer.scala:33)
	at kafka.consumer.SimpleConsumer$$anonfun$fetch$1.apply$mcV$sp(SimpleConsumer.scala:131)
	at kafka.consumer.SimpleConsumer$$anonfun$fetch$1.apply(SimpleConsumer.scala:131)
	at kafka.consumer.SimpleConsumer$$anonfun$fetch$1.apply(SimpleConsumer.scala:131)
	at kafka.metrics.KafkaTimer.time(KafkaTimer.scala:33)
	at kafka.consumer.SimpleConsumer.fetch(SimpleConsumer.scala:130)
	at kafka.consumer.ConsumerFetcherThread.fetch(ConsumerFetcherThread.scala:108)
	at kafka.consumer.ConsumerFetcherThread.fetch(ConsumerFetcherThread.scala:29)
	at kafka.server.AbstractFetcherThread.processFetchRequest(AbstractFetcherThread.scala:102)
	at kafka.server.AbstractFetcherThread.doWork(AbstractFetcherThread.scala:93)
	at kafka.utils.ShutdownableThread.run(ShutdownableThread.scala:63)
