0 [main] INFO kafka.utils.VerifiableProperties  - Verifying properties
80 [main] WARN kafka.utils.VerifiableProperties  - Property auto.offset.reset is not valid
85 [main] WARN kafka.utils.VerifiableProperties  - Property bootstrap.servers is not valid
85 [main] WARN kafka.utils.VerifiableProperties  - Property destination.topic is not valid
86 [main] WARN kafka.utils.VerifiableProperties  - Property group.id is not valid
86 [main] WARN kafka.utils.VerifiableProperties  - Property key.serializer is not valid
87 [main] INFO kafka.utils.VerifiableProperties  - Property metadata.broker.list is overridden to localhost:9092
88 [main] WARN kafka.utils.VerifiableProperties  - Property source.topic is not valid
88 [main] WARN kafka.utils.VerifiableProperties  - Property value.serializer is not valid
88 [main] WARN kafka.utils.VerifiableProperties  - Property zookeeper.connect is not valid
380 [main] INFO kafka.client.ClientUtils$  - Fetching metadata from broker BrokerEndPoint(0,localhost,9092) with correlation id 0 for 1 topic(s) Set(earth_to_curiosity_5)
520 [main] INFO kafka.producer.SyncProducer  - Connected to localhost:9092 for producing
587 [main] INFO kafka.producer.SyncProducer  - Disconnecting from localhost:9092
636 [main] WARN kafka.producer.BrokerPartitionInfo  - Error while fetching metadata [{TopicMetadata for topic earth_to_curiosity_5 -> 
No partition metadata for topic earth_to_curiosity_5 due to kafka.common.LeaderNotAvailableException}] for topic [earth_to_curiosity_5]: class kafka.common.LeaderNotAvailableException 
651 [main] INFO kafka.client.ClientUtils$  - Fetching metadata from broker BrokerEndPoint(0,localhost,9092) with correlation id 1 for 1 topic(s) Set(earth_to_curiosity_5)
658 [main] INFO kafka.producer.SyncProducer  - Connected to localhost:9092 for producing
663 [main] INFO kafka.producer.SyncProducer  - Disconnecting from localhost:9092
757 [main] INFO kafka.producer.SyncProducer  - Connected to zion-mainframe:9092 for producing
630816 [main] INFO kafka.client.ClientUtils$  - Fetching metadata from broker BrokerEndPoint(0,localhost,9092) with correlation id 41 for 1 topic(s) Set(earth_to_curiosity_5)
630817 [main] INFO kafka.producer.SyncProducer  - Connected to localhost:9092 for producing
630818 [main] INFO kafka.producer.SyncProducer  - Disconnecting from localhost:9092
630819 [main] INFO kafka.producer.SyncProducer  - Disconnecting from zion-mainframe:9092
630820 [main] INFO kafka.producer.SyncProducer  - Connected to zion-mainframe:9092 for producing
1260861 [main] INFO kafka.client.ClientUtils$  - Fetching metadata from broker BrokerEndPoint(0,localhost,9092) with correlation id 82 for 1 topic(s) Set(earth_to_curiosity_5)
1260862 [main] INFO kafka.producer.SyncProducer  - Connected to localhost:9092 for producing
1260863 [main] INFO kafka.producer.SyncProducer  - Disconnecting from localhost:9092
1260863 [main] INFO kafka.producer.SyncProducer  - Disconnecting from zion-mainframe:9092
1260864 [main] INFO kafka.producer.SyncProducer  - Connected to zion-mainframe:9092 for producing
1890888 [main] INFO kafka.client.ClientUtils$  - Fetching metadata from broker BrokerEndPoint(0,localhost,9092) with correlation id 123 for 1 topic(s) Set(earth_to_curiosity_5)
1890888 [main] INFO kafka.producer.SyncProducer  - Connected to localhost:9092 for producing
1890890 [main] INFO kafka.producer.SyncProducer  - Disconnecting from localhost:9092
1890890 [main] INFO kafka.producer.SyncProducer  - Disconnecting from zion-mainframe:9092
1890891 [main] INFO kafka.producer.SyncProducer  - Connected to zion-mainframe:9092 for producing
2520915 [main] INFO kafka.client.ClientUtils$  - Fetching metadata from broker BrokerEndPoint(0,localhost,9092) with correlation id 164 for 1 topic(s) Set(earth_to_curiosity_5)
2520915 [main] INFO kafka.producer.SyncProducer  - Connected to localhost:9092 for producing
2520916 [main] INFO kafka.producer.SyncProducer  - Disconnecting from localhost:9092
2520916 [main] INFO kafka.producer.SyncProducer  - Disconnecting from zion-mainframe:9092
2520917 [main] INFO kafka.producer.SyncProducer  - Connected to zion-mainframe:9092 for producing
3150939 [main] INFO kafka.client.ClientUtils$  - Fetching metadata from broker BrokerEndPoint(0,localhost,9092) with correlation id 205 for 1 topic(s) Set(earth_to_curiosity_5)
3150939 [main] INFO kafka.producer.SyncProducer  - Connected to localhost:9092 for producing
3150940 [main] INFO kafka.producer.SyncProducer  - Disconnecting from localhost:9092
3150941 [main] INFO kafka.producer.SyncProducer  - Disconnecting from zion-mainframe:9092
3150942 [main] INFO kafka.producer.SyncProducer  - Connected to zion-mainframe:9092 for producing
3780968 [main] INFO kafka.client.ClientUtils$  - Fetching metadata from broker BrokerEndPoint(0,localhost,9092) with correlation id 246 for 1 topic(s) Set(earth_to_curiosity_5)
3780970 [main] INFO kafka.producer.SyncProducer  - Connected to localhost:9092 for producing
3780971 [main] INFO kafka.producer.SyncProducer  - Disconnecting from localhost:9092
3780971 [main] INFO kafka.producer.SyncProducer  - Disconnecting from zion-mainframe:9092
3780972 [main] INFO kafka.producer.SyncProducer  - Connected to zion-mainframe:9092 for producing
4410999 [main] INFO kafka.client.ClientUtils$  - Fetching metadata from broker BrokerEndPoint(0,localhost,9092) with correlation id 287 for 1 topic(s) Set(earth_to_curiosity_5)
4410999 [main] INFO kafka.producer.SyncProducer  - Connected to localhost:9092 for producing
4411006 [main] INFO kafka.producer.SyncProducer  - Disconnecting from localhost:9092
4411006 [main] INFO kafka.producer.SyncProducer  - Disconnecting from zion-mainframe:9092
4411007 [main] INFO kafka.producer.SyncProducer  - Connected to zion-mainframe:9092 for producing
5041027 [main] INFO kafka.client.ClientUtils$  - Fetching metadata from broker BrokerEndPoint(0,localhost,9092) with correlation id 328 for 1 topic(s) Set(earth_to_curiosity_5)
5041027 [main] INFO kafka.producer.SyncProducer  - Connected to localhost:9092 for producing
5041028 [main] INFO kafka.producer.SyncProducer  - Disconnecting from localhost:9092
5041028 [main] INFO kafka.producer.SyncProducer  - Disconnecting from zion-mainframe:9092
5041029 [main] INFO kafka.producer.SyncProducer  - Connected to zion-mainframe:9092 for producing
5671049 [main] INFO kafka.client.ClientUtils$  - Fetching metadata from broker BrokerEndPoint(0,localhost,9092) with correlation id 369 for 1 topic(s) Set(earth_to_curiosity_5)
5671050 [main] INFO kafka.producer.SyncProducer  - Connected to localhost:9092 for producing
5671051 [main] INFO kafka.producer.SyncProducer  - Disconnecting from localhost:9092
5671051 [main] INFO kafka.producer.SyncProducer  - Disconnecting from zion-mainframe:9092
5671052 [main] INFO kafka.producer.SyncProducer  - Connected to zion-mainframe:9092 for producing
6301070 [main] INFO kafka.client.ClientUtils$  - Fetching metadata from broker BrokerEndPoint(0,localhost,9092) with correlation id 410 for 1 topic(s) Set(earth_to_curiosity_5)
6301071 [main] INFO kafka.producer.SyncProducer  - Connected to localhost:9092 for producing
6301073 [main] INFO kafka.producer.SyncProducer  - Disconnecting from localhost:9092
6301073 [main] INFO kafka.producer.SyncProducer  - Disconnecting from zion-mainframe:9092
6301074 [main] INFO kafka.producer.SyncProducer  - Connected to zion-mainframe:9092 for producing
6931096 [main] INFO kafka.client.ClientUtils$  - Fetching metadata from broker BrokerEndPoint(0,localhost,9092) with correlation id 451 for 1 topic(s) Set(earth_to_curiosity_5)
6931096 [main] INFO kafka.producer.SyncProducer  - Connected to localhost:9092 for producing
6931097 [main] INFO kafka.producer.SyncProducer  - Disconnecting from localhost:9092
6931097 [main] INFO kafka.producer.SyncProducer  - Disconnecting from zion-mainframe:9092
6931098 [main] INFO kafka.producer.SyncProducer  - Connected to zion-mainframe:9092 for producing
7561116 [main] INFO kafka.client.ClientUtils$  - Fetching metadata from broker BrokerEndPoint(0,localhost,9092) with correlation id 492 for 1 topic(s) Set(earth_to_curiosity_5)
7561117 [main] INFO kafka.producer.SyncProducer  - Connected to localhost:9092 for producing
7561118 [main] INFO kafka.producer.SyncProducer  - Disconnecting from localhost:9092
7561118 [main] INFO kafka.producer.SyncProducer  - Disconnecting from zion-mainframe:9092
7561119 [main] INFO kafka.producer.SyncProducer  - Connected to zion-mainframe:9092 for producing
8191137 [main] INFO kafka.client.ClientUtils$  - Fetching metadata from broker BrokerEndPoint(0,localhost,9092) with correlation id 533 for 1 topic(s) Set(earth_to_curiosity_5)
8191138 [main] INFO kafka.producer.SyncProducer  - Connected to localhost:9092 for producing
8191139 [main] INFO kafka.producer.SyncProducer  - Disconnecting from localhost:9092
8191139 [main] INFO kafka.producer.SyncProducer  - Disconnecting from zion-mainframe:9092
8191139 [main] INFO kafka.producer.SyncProducer  - Connected to zion-mainframe:9092 for producing
8821153 [main] INFO kafka.client.ClientUtils$  - Fetching metadata from broker BrokerEndPoint(0,localhost,9092) with correlation id 574 for 1 topic(s) Set(earth_to_curiosity_5)
8821154 [main] INFO kafka.producer.SyncProducer  - Connected to localhost:9092 for producing
8821154 [main] INFO kafka.producer.SyncProducer  - Disconnecting from localhost:9092
8821155 [main] INFO kafka.producer.SyncProducer  - Disconnecting from zion-mainframe:9092
8821155 [main] INFO kafka.producer.SyncProducer  - Connected to zion-mainframe:9092 for producing
9451172 [main] INFO kafka.client.ClientUtils$  - Fetching metadata from broker BrokerEndPoint(0,localhost,9092) with correlation id 615 for 1 topic(s) Set(earth_to_curiosity_5)
9451173 [main] INFO kafka.producer.SyncProducer  - Connected to localhost:9092 for producing
9451173 [main] INFO kafka.producer.SyncProducer  - Disconnecting from localhost:9092
9451173 [main] INFO kafka.producer.SyncProducer  - Disconnecting from zion-mainframe:9092
9451174 [main] INFO kafka.producer.SyncProducer  - Connected to zion-mainframe:9092 for producing
10081189 [main] INFO kafka.client.ClientUtils$  - Fetching metadata from broker BrokerEndPoint(0,localhost,9092) with correlation id 656 for 1 topic(s) Set(earth_to_curiosity_5)
10081190 [main] INFO kafka.producer.SyncProducer  - Connected to localhost:9092 for producing
10081190 [main] INFO kafka.producer.SyncProducer  - Disconnecting from localhost:9092
10081191 [main] INFO kafka.producer.SyncProducer  - Disconnecting from zion-mainframe:9092
10081191 [main] INFO kafka.producer.SyncProducer  - Connected to zion-mainframe:9092 for producing
10711206 [main] INFO kafka.client.ClientUtils$  - Fetching metadata from broker BrokerEndPoint(0,localhost,9092) with correlation id 697 for 1 topic(s) Set(earth_to_curiosity_5)
10711206 [main] INFO kafka.producer.SyncProducer  - Connected to localhost:9092 for producing
10711207 [main] INFO kafka.producer.SyncProducer  - Disconnecting from localhost:9092
10711207 [main] INFO kafka.producer.SyncProducer  - Disconnecting from zion-mainframe:9092
10711208 [main] INFO kafka.producer.SyncProducer  - Connected to zion-mainframe:9092 for producing
11341234 [main] INFO kafka.client.ClientUtils$  - Fetching metadata from broker BrokerEndPoint(0,localhost,9092) with correlation id 738 for 1 topic(s) Set(earth_to_curiosity_5)
11341235 [main] INFO kafka.producer.SyncProducer  - Connected to localhost:9092 for producing
11341236 [main] INFO kafka.producer.SyncProducer  - Disconnecting from localhost:9092
11341236 [main] INFO kafka.producer.SyncProducer  - Disconnecting from zion-mainframe:9092
11341238 [main] INFO kafka.producer.SyncProducer  - Connected to zion-mainframe:9092 for producing
11971252 [main] INFO kafka.client.ClientUtils$  - Fetching metadata from broker BrokerEndPoint(0,localhost,9092) with correlation id 779 for 1 topic(s) Set(earth_to_curiosity_5)
11971253 [main] INFO kafka.producer.SyncProducer  - Connected to localhost:9092 for producing
11971254 [main] INFO kafka.producer.SyncProducer  - Disconnecting from localhost:9092
11971254 [main] INFO kafka.producer.SyncProducer  - Disconnecting from zion-mainframe:9092
11971255 [main] INFO kafka.producer.SyncProducer  - Connected to zion-mainframe:9092 for producing
