0 [main] INFO kafka.utils.VerifiableProperties  - Verifying properties
115 [main] WARN kafka.utils.VerifiableProperties  - Property auto.offset.reset is not valid
115 [main] WARN kafka.utils.VerifiableProperties  - Property bootstrap.servers is not valid
115 [main] WARN kafka.utils.VerifiableProperties  - Property destination.topic is not valid
115 [main] WARN kafka.utils.VerifiableProperties  - Property group.id is not valid
115 [main] WARN kafka.utils.VerifiableProperties  - Property key.serializer is not valid
116 [main] INFO kafka.utils.VerifiableProperties  - Property metadata.broker.list is overridden to localhost:9092
116 [main] WARN kafka.utils.VerifiableProperties  - Property source.topic is not valid
116 [main] WARN kafka.utils.VerifiableProperties  - Property value.serializer is not valid
117 [main] WARN kafka.utils.VerifiableProperties  - Property zookeeper.connect is not valid
428 [main] INFO kafka.client.ClientUtils$  - Fetching metadata from broker BrokerEndPoint(0,localhost,9092) with correlation id 0 for 1 topic(s) Set(earth_to_curiosity_5)
605 [main] INFO kafka.producer.SyncProducer  - Connected to localhost:9092 for producing
625 [main] INFO kafka.producer.SyncProducer  - Disconnecting from localhost:9092
686 [main] INFO kafka.producer.SyncProducer  - Connected to zion-mainframe:9092 for producing
630739 [main] INFO kafka.client.ClientUtils$  - Fetching metadata from broker BrokerEndPoint(0,localhost,9092) with correlation id 41 for 1 topic(s) Set(earth_to_curiosity_5)
630740 [main] INFO kafka.producer.SyncProducer  - Connected to localhost:9092 for producing
630744 [main] INFO kafka.producer.SyncProducer  - Disconnecting from localhost:9092
630744 [main] INFO kafka.producer.SyncProducer  - Disconnecting from zion-mainframe:9092
630746 [main] INFO kafka.producer.SyncProducer  - Connected to zion-mainframe:9092 for producing
1260788 [main] INFO kafka.client.ClientUtils$  - Fetching metadata from broker BrokerEndPoint(0,localhost,9092) with correlation id 82 for 1 topic(s) Set(earth_to_curiosity_5)
1260790 [main] INFO kafka.producer.SyncProducer  - Connected to localhost:9092 for producing
1260791 [main] INFO kafka.producer.SyncProducer  - Disconnecting from localhost:9092
1260792 [main] INFO kafka.producer.SyncProducer  - Disconnecting from zion-mainframe:9092
1260793 [main] INFO kafka.producer.SyncProducer  - Connected to zion-mainframe:9092 for producing
1890827 [main] INFO kafka.client.ClientUtils$  - Fetching metadata from broker BrokerEndPoint(0,localhost,9092) with correlation id 123 for 1 topic(s) Set(earth_to_curiosity_5)
1890827 [main] INFO kafka.producer.SyncProducer  - Connected to localhost:9092 for producing
1890828 [main] INFO kafka.producer.SyncProducer  - Disconnecting from localhost:9092
1890828 [main] INFO kafka.producer.SyncProducer  - Disconnecting from zion-mainframe:9092
1890829 [main] INFO kafka.producer.SyncProducer  - Connected to zion-mainframe:9092 for producing
2520859 [main] INFO kafka.client.ClientUtils$  - Fetching metadata from broker BrokerEndPoint(0,localhost,9092) with correlation id 164 for 1 topic(s) Set(earth_to_curiosity_5)
2520860 [main] INFO kafka.producer.SyncProducer  - Connected to localhost:9092 for producing
2520860 [main] INFO kafka.producer.SyncProducer  - Disconnecting from localhost:9092
2520861 [main] INFO kafka.producer.SyncProducer  - Disconnecting from zion-mainframe:9092
2520862 [main] INFO kafka.producer.SyncProducer  - Connected to zion-mainframe:9092 for producing
3150890 [main] INFO kafka.client.ClientUtils$  - Fetching metadata from broker BrokerEndPoint(0,localhost,9092) with correlation id 205 for 1 topic(s) Set(earth_to_curiosity_5)
3150891 [main] INFO kafka.producer.SyncProducer  - Connected to localhost:9092 for producing
3150892 [main] INFO kafka.producer.SyncProducer  - Disconnecting from localhost:9092
3150892 [main] INFO kafka.producer.SyncProducer  - Disconnecting from zion-mainframe:9092
3150893 [main] INFO kafka.producer.SyncProducer  - Connected to zion-mainframe:9092 for producing
3780919 [main] INFO kafka.client.ClientUtils$  - Fetching metadata from broker BrokerEndPoint(0,localhost,9092) with correlation id 246 for 1 topic(s) Set(earth_to_curiosity_5)
3780920 [main] INFO kafka.producer.SyncProducer  - Connected to localhost:9092 for producing
3780920 [main] INFO kafka.producer.SyncProducer  - Disconnecting from localhost:9092
3780921 [main] INFO kafka.producer.SyncProducer  - Disconnecting from zion-mainframe:9092
3780921 [main] INFO kafka.producer.SyncProducer  - Connected to zion-mainframe:9092 for producing
4410952 [main] INFO kafka.client.ClientUtils$  - Fetching metadata from broker BrokerEndPoint(0,localhost,9092) with correlation id 287 for 1 topic(s) Set(earth_to_curiosity_5)
4410953 [main] INFO kafka.producer.SyncProducer  - Connected to localhost:9092 for producing
4410953 [main] INFO kafka.producer.SyncProducer  - Disconnecting from localhost:9092
4410953 [main] INFO kafka.producer.SyncProducer  - Disconnecting from zion-mainframe:9092
4410954 [main] INFO kafka.producer.SyncProducer  - Connected to zion-mainframe:9092 for producing
5040976 [main] INFO kafka.client.ClientUtils$  - Fetching metadata from broker BrokerEndPoint(0,localhost,9092) with correlation id 328 for 1 topic(s) Set(earth_to_curiosity_5)
5040976 [main] INFO kafka.producer.SyncProducer  - Connected to localhost:9092 for producing
5040977 [main] INFO kafka.producer.SyncProducer  - Disconnecting from localhost:9092
5040977 [main] INFO kafka.producer.SyncProducer  - Disconnecting from zion-mainframe:9092
5040978 [main] INFO kafka.producer.SyncProducer  - Connected to zion-mainframe:9092 for producing
5670999 [main] INFO kafka.client.ClientUtils$  - Fetching metadata from broker BrokerEndPoint(0,localhost,9092) with correlation id 369 for 1 topic(s) Set(earth_to_curiosity_5)
5671000 [main] INFO kafka.producer.SyncProducer  - Connected to localhost:9092 for producing
5671001 [main] INFO kafka.producer.SyncProducer  - Disconnecting from localhost:9092
5671001 [main] INFO kafka.producer.SyncProducer  - Disconnecting from zion-mainframe:9092
5671002 [main] INFO kafka.producer.SyncProducer  - Connected to zion-mainframe:9092 for producing
6301023 [main] INFO kafka.client.ClientUtils$  - Fetching metadata from broker BrokerEndPoint(0,localhost,9092) with correlation id 410 for 1 topic(s) Set(earth_to_curiosity_5)
6301023 [main] INFO kafka.producer.SyncProducer  - Connected to localhost:9092 for producing
6301025 [main] INFO kafka.producer.SyncProducer  - Disconnecting from localhost:9092
6301025 [main] INFO kafka.producer.SyncProducer  - Disconnecting from zion-mainframe:9092
6301026 [main] INFO kafka.producer.SyncProducer  - Connected to zion-mainframe:9092 for producing
6931042 [main] INFO kafka.client.ClientUtils$  - Fetching metadata from broker BrokerEndPoint(0,localhost,9092) with correlation id 451 for 1 topic(s) Set(earth_to_curiosity_5)
6931042 [main] INFO kafka.producer.SyncProducer  - Connected to localhost:9092 for producing
6931043 [main] INFO kafka.producer.SyncProducer  - Disconnecting from localhost:9092
6931043 [main] INFO kafka.producer.SyncProducer  - Disconnecting from zion-mainframe:9092
6931044 [main] INFO kafka.producer.SyncProducer  - Connected to zion-mainframe:9092 for producing
