0 [main] INFO kafka.utils.VerifiableProperties  - Verifying properties
20 [main] WARN kafka.utils.VerifiableProperties  - Property auto.offset.reset is not valid
20 [main] WARN kafka.utils.VerifiableProperties  - Property bootstrap.servers is not valid
20 [main] WARN kafka.utils.VerifiableProperties  - Property destination.topic is not valid
20 [main] WARN kafka.utils.VerifiableProperties  - Property group.id is not valid
21 [main] WARN kafka.utils.VerifiableProperties  - Property key.serializer is not valid
21 [main] INFO kafka.utils.VerifiableProperties  - Property metadata.broker.list is overridden to localhost:9092
21 [main] WARN kafka.utils.VerifiableProperties  - Property source.topic is not valid
21 [main] WARN kafka.utils.VerifiableProperties  - Property value.serializer is not valid
21 [main] WARN kafka.utils.VerifiableProperties  - Property zookeeper.connect is not valid
262 [main] INFO kafka.client.ClientUtils$  - Fetching metadata from broker BrokerEndPoint(0,localhost,9092) with correlation id 0 for 1 topic(s) Set(earth_to_curiosity_5)
272 [main] INFO kafka.producer.SyncProducer  - Connected to localhost:9092 for producing
286 [main] INFO kafka.producer.SyncProducer  - Disconnecting from localhost:9092
317 [main] INFO kafka.producer.SyncProducer  - Connected to zion-mainframe:9092 for producing
608332 [main] INFO kafka.client.ClientUtils$  - Fetching metadata from broker BrokerEndPoint(0,localhost,9092) with correlation id 31 for 1 topic(s) Set(earth_to_curiosity_5)
608333 [main] INFO kafka.producer.SyncProducer  - Connected to localhost:9092 for producing
608335 [main] INFO kafka.producer.SyncProducer  - Disconnecting from localhost:9092
608336 [main] INFO kafka.producer.SyncProducer  - Disconnecting from zion-mainframe:9092
608339 [main] INFO kafka.producer.SyncProducer  - Connected to zion-mainframe:9092 for producing
1217879 [main] INFO kafka.client.ClientUtils$  - Fetching metadata from broker BrokerEndPoint(0,localhost,9092) with correlation id 64 for 1 topic(s) Set(earth_to_curiosity_5)
1217880 [main] INFO kafka.producer.SyncProducer  - Connected to localhost:9092 for producing
1217882 [main] INFO kafka.producer.SyncProducer  - Disconnecting from localhost:9092
1217882 [main] INFO kafka.producer.SyncProducer  - Disconnecting from zion-mainframe:9092
1217884 [main] INFO kafka.producer.SyncProducer  - Connected to zion-mainframe:9092 for producing
1825748 [main] INFO kafka.client.ClientUtils$  - Fetching metadata from broker BrokerEndPoint(0,localhost,9092) with correlation id 95 for 1 topic(s) Set(earth_to_curiosity_5)
1825749 [main] INFO kafka.producer.SyncProducer  - Connected to localhost:9092 for producing
1825750 [main] INFO kafka.producer.SyncProducer  - Disconnecting from localhost:9092
1825751 [main] INFO kafka.producer.SyncProducer  - Disconnecting from zion-mainframe:9092
1825752 [main] INFO kafka.producer.SyncProducer  - Connected to zion-mainframe:9092 for producing
2433544 [main] INFO kafka.client.ClientUtils$  - Fetching metadata from broker BrokerEndPoint(0,localhost,9092) with correlation id 126 for 1 topic(s) Set(earth_to_curiosity_5)
2433545 [main] INFO kafka.producer.SyncProducer  - Connected to localhost:9092 for producing
2433548 [main] INFO kafka.producer.SyncProducer  - Disconnecting from localhost:9092
2433548 [main] INFO kafka.producer.SyncProducer  - Disconnecting from zion-mainframe:9092
2433551 [main] INFO kafka.producer.SyncProducer  - Connected to zion-mainframe:9092 for producing
3041369 [main] INFO kafka.client.ClientUtils$  - Fetching metadata from broker BrokerEndPoint(0,localhost,9092) with correlation id 157 for 1 topic(s) Set(earth_to_curiosity_5)
3041370 [main] INFO kafka.producer.SyncProducer  - Connected to localhost:9092 for producing
3041372 [main] INFO kafka.producer.SyncProducer  - Disconnecting from localhost:9092
3041372 [main] INFO kafka.producer.SyncProducer  - Disconnecting from zion-mainframe:9092
3041375 [main] INFO kafka.producer.SyncProducer  - Connected to zion-mainframe:9092 for producing
3647707 [main] INFO kafka.client.ClientUtils$  - Fetching metadata from broker BrokerEndPoint(0,localhost,9092) with correlation id 186 for 1 topic(s) Set(earth_to_curiosity_5)
3647708 [main] INFO kafka.producer.SyncProducer  - Connected to localhost:9092 for producing
3647709 [main] INFO kafka.producer.SyncProducer  - Disconnecting from localhost:9092
3647710 [main] INFO kafka.producer.SyncProducer  - Disconnecting from zion-mainframe:9092
3647712 [main] INFO kafka.producer.SyncProducer  - Connected to zion-mainframe:9092 for producing
4253990 [main] INFO kafka.client.ClientUtils$  - Fetching metadata from broker BrokerEndPoint(0,localhost,9092) with correlation id 215 for 1 topic(s) Set(earth_to_curiosity_5)
4253991 [main] INFO kafka.producer.SyncProducer  - Connected to localhost:9092 for producing
4253992 [main] INFO kafka.producer.SyncProducer  - Disconnecting from localhost:9092
4253993 [main] INFO kafka.producer.SyncProducer  - Disconnecting from zion-mainframe:9092
4253994 [main] INFO kafka.producer.SyncProducer  - Connected to zion-mainframe:9092 for producing
4864821 [main] INFO kafka.client.ClientUtils$  - Fetching metadata from broker BrokerEndPoint(0,localhost,9092) with correlation id 250 for 1 topic(s) Set(earth_to_curiosity_5)
4864822 [main] INFO kafka.producer.SyncProducer  - Connected to localhost:9092 for producing
4864825 [main] INFO kafka.producer.SyncProducer  - Disconnecting from localhost:9092
4864825 [main] INFO kafka.producer.SyncProducer  - Disconnecting from zion-mainframe:9092
4864828 [main] INFO kafka.producer.SyncProducer  - Connected to zion-mainframe:9092 for producing
5471095 [main] INFO kafka.client.ClientUtils$  - Fetching metadata from broker BrokerEndPoint(0,localhost,9092) with correlation id 279 for 1 topic(s) Set(earth_to_curiosity_5)
5471096 [main] INFO kafka.producer.SyncProducer  - Connected to localhost:9092 for producing
5471098 [main] INFO kafka.producer.SyncProducer  - Disconnecting from localhost:9092
5471099 [main] INFO kafka.producer.SyncProducer  - Disconnecting from zion-mainframe:9092
5471101 [main] INFO kafka.producer.SyncProducer  - Connected to zion-mainframe:9092 for producing
6077338 [main] INFO kafka.client.ClientUtils$  - Fetching metadata from broker BrokerEndPoint(0,localhost,9092) with correlation id 308 for 1 topic(s) Set(earth_to_curiosity_5)
6077339 [main] INFO kafka.producer.SyncProducer  - Connected to localhost:9092 for producing
6077341 [main] INFO kafka.producer.SyncProducer  - Disconnecting from localhost:9092
6077341 [main] INFO kafka.producer.SyncProducer  - Disconnecting from zion-mainframe:9092
6077342 [main] INFO kafka.producer.SyncProducer  - Connected to zion-mainframe:9092 for producing
6686583 [main] INFO kafka.client.ClientUtils$  - Fetching metadata from broker BrokerEndPoint(0,localhost,9092) with correlation id 341 for 1 topic(s) Set(earth_to_curiosity_5)
6686584 [main] INFO kafka.producer.SyncProducer  - Connected to localhost:9092 for producing
6686586 [main] INFO kafka.producer.SyncProducer  - Disconnecting from localhost:9092
6686587 [main] INFO kafka.producer.SyncProducer  - Disconnecting from zion-mainframe:9092
6686588 [main] INFO kafka.producer.SyncProducer  - Connected to zion-mainframe:9092 for producing
7294433 [main] INFO kafka.client.ClientUtils$  - Fetching metadata from broker BrokerEndPoint(0,localhost,9092) with correlation id 372 for 1 topic(s) Set(earth_to_curiosity_5)
7294433 [main] INFO kafka.producer.SyncProducer  - Connected to localhost:9092 for producing
7294435 [main] INFO kafka.producer.SyncProducer  - Disconnecting from localhost:9092
7294435 [main] INFO kafka.producer.SyncProducer  - Disconnecting from zion-mainframe:9092
7294437 [main] INFO kafka.producer.SyncProducer  - Connected to zion-mainframe:9092 for producing
7900775 [main] INFO kafka.client.ClientUtils$  - Fetching metadata from broker BrokerEndPoint(0,localhost,9092) with correlation id 401 for 1 topic(s) Set(earth_to_curiosity_5)
7900776 [main] INFO kafka.producer.SyncProducer  - Connected to localhost:9092 for producing
7900778 [main] INFO kafka.producer.SyncProducer  - Disconnecting from localhost:9092
7900778 [main] INFO kafka.producer.SyncProducer  - Disconnecting from zion-mainframe:9092
7900779 [main] INFO kafka.producer.SyncProducer  - Connected to zion-mainframe:9092 for producing
8507091 [main] INFO kafka.client.ClientUtils$  - Fetching metadata from broker BrokerEndPoint(0,localhost,9092) with correlation id 430 for 1 topic(s) Set(earth_to_curiosity_5)
8507092 [main] INFO kafka.producer.SyncProducer  - Connected to localhost:9092 for producing
8507094 [main] INFO kafka.producer.SyncProducer  - Disconnecting from localhost:9092
8507095 [main] INFO kafka.producer.SyncProducer  - Disconnecting from zion-mainframe:9092
8507097 [main] INFO kafka.producer.SyncProducer  - Connected to zion-mainframe:9092 for producing
9113274 [main] INFO kafka.client.ClientUtils$  - Fetching metadata from broker BrokerEndPoint(0,localhost,9092) with correlation id 459 for 1 topic(s) Set(earth_to_curiosity_5)
9113275 [main] INFO kafka.producer.SyncProducer  - Connected to localhost:9092 for producing
9113277 [main] INFO kafka.producer.SyncProducer  - Disconnecting from localhost:9092
9113277 [main] INFO kafka.producer.SyncProducer  - Disconnecting from zion-mainframe:9092
9113279 [main] INFO kafka.producer.SyncProducer  - Connected to zion-mainframe:9092 for producing
9717980 [main] INFO kafka.client.ClientUtils$  - Fetching metadata from broker BrokerEndPoint(0,localhost,9092) with correlation id 486 for 1 topic(s) Set(earth_to_curiosity_5)
9717981 [main] INFO kafka.producer.SyncProducer  - Connected to localhost:9092 for producing
9717983 [main] INFO kafka.producer.SyncProducer  - Disconnecting from localhost:9092
9717984 [main] INFO kafka.producer.SyncProducer  - Disconnecting from zion-mainframe:9092
9717985 [main] INFO kafka.producer.SyncProducer  - Connected to zion-mainframe:9092 for producing
10325700 [main] INFO kafka.client.ClientUtils$  - Fetching metadata from broker BrokerEndPoint(0,localhost,9092) with correlation id 517 for 1 topic(s) Set(earth_to_curiosity_5)
10325701 [main] INFO kafka.producer.SyncProducer  - Connected to localhost:9092 for producing
10325701 [main] INFO kafka.producer.SyncProducer  - Disconnecting from localhost:9092
10325702 [main] INFO kafka.producer.SyncProducer  - Disconnecting from zion-mainframe:9092
10325702 [main] INFO kafka.producer.SyncProducer  - Connected to zion-mainframe:9092 for producing
10931932 [main] INFO kafka.client.ClientUtils$  - Fetching metadata from broker BrokerEndPoint(0,localhost,9092) with correlation id 546 for 1 topic(s) Set(earth_to_curiosity_5)
10931932 [main] INFO kafka.producer.SyncProducer  - Connected to localhost:9092 for producing
10931933 [main] INFO kafka.producer.SyncProducer  - Disconnecting from localhost:9092
10931933 [main] INFO kafka.producer.SyncProducer  - Disconnecting from zion-mainframe:9092
10931933 [main] INFO kafka.producer.SyncProducer  - Connected to zion-mainframe:9092 for producing
11539656 [main] INFO kafka.client.ClientUtils$  - Fetching metadata from broker BrokerEndPoint(0,localhost,9092) with correlation id 577 for 1 topic(s) Set(earth_to_curiosity_5)
11539657 [main] INFO kafka.producer.SyncProducer  - Connected to localhost:9092 for producing
11539659 [main] INFO kafka.producer.SyncProducer  - Disconnecting from localhost:9092
11539660 [main] INFO kafka.producer.SyncProducer  - Disconnecting from zion-mainframe:9092
11539662 [main] INFO kafka.producer.SyncProducer  - Connected to zion-mainframe:9092 for producing
12147341 [main] INFO kafka.client.ClientUtils$  - Fetching metadata from broker BrokerEndPoint(0,localhost,9092) with correlation id 608 for 1 topic(s) Set(earth_to_curiosity_5)
12147342 [main] INFO kafka.producer.SyncProducer  - Connected to localhost:9092 for producing
12147345 [main] INFO kafka.producer.SyncProducer  - Disconnecting from localhost:9092
12147345 [main] INFO kafka.producer.SyncProducer  - Disconnecting from zion-mainframe:9092
12147347 [main] INFO kafka.producer.SyncProducer  - Connected to zion-mainframe:9092 for producing
12753595 [main] INFO kafka.client.ClientUtils$  - Fetching metadata from broker BrokerEndPoint(0,localhost,9092) with correlation id 637 for 1 topic(s) Set(earth_to_curiosity_5)
12753596 [main] INFO kafka.producer.SyncProducer  - Connected to localhost:9092 for producing
12753597 [main] INFO kafka.producer.SyncProducer  - Disconnecting from localhost:9092
12753597 [main] INFO kafka.producer.SyncProducer  - Disconnecting from zion-mainframe:9092
12753599 [main] INFO kafka.producer.SyncProducer  - Connected to zion-mainframe:9092 for producing
13359780 [main] INFO kafka.client.ClientUtils$  - Fetching metadata from broker BrokerEndPoint(0,localhost,9092) with correlation id 666 for 1 topic(s) Set(earth_to_curiosity_5)
13359780 [main] INFO kafka.producer.SyncProducer  - Connected to localhost:9092 for producing
13359782 [main] INFO kafka.producer.SyncProducer  - Disconnecting from localhost:9092
13359782 [main] INFO kafka.producer.SyncProducer  - Disconnecting from zion-mainframe:9092
13359783 [main] INFO kafka.producer.SyncProducer  - Connected to zion-mainframe:9092 for producing
13966086 [main] INFO kafka.client.ClientUtils$  - Fetching metadata from broker BrokerEndPoint(0,localhost,9092) with correlation id 695 for 1 topic(s) Set(earth_to_curiosity_5)
13966086 [main] INFO kafka.producer.SyncProducer  - Connected to localhost:9092 for producing
13966087 [main] INFO kafka.producer.SyncProducer  - Disconnecting from localhost:9092
13966087 [main] INFO kafka.producer.SyncProducer  - Disconnecting from zion-mainframe:9092
13966088 [main] INFO kafka.producer.SyncProducer  - Connected to zion-mainframe:9092 for producing
14573816 [main] INFO kafka.client.ClientUtils$  - Fetching metadata from broker BrokerEndPoint(0,localhost,9092) with correlation id 726 for 1 topic(s) Set(earth_to_curiosity_5)
14573816 [main] INFO kafka.producer.SyncProducer  - Connected to localhost:9092 for producing
14573817 [main] INFO kafka.producer.SyncProducer  - Disconnecting from localhost:9092
14573817 [main] INFO kafka.producer.SyncProducer  - Disconnecting from zion-mainframe:9092
14573818 [main] INFO kafka.producer.SyncProducer  - Connected to zion-mainframe:9092 for producing
15184547 [main] INFO kafka.client.ClientUtils$  - Fetching metadata from broker BrokerEndPoint(0,localhost,9092) with correlation id 761 for 1 topic(s) Set(earth_to_curiosity_5)
15184548 [main] INFO kafka.producer.SyncProducer  - Connected to localhost:9092 for producing
15184548 [main] INFO kafka.producer.SyncProducer  - Disconnecting from localhost:9092
15184548 [main] INFO kafka.producer.SyncProducer  - Disconnecting from zion-mainframe:9092
15184549 [main] INFO kafka.producer.SyncProducer  - Connected to zion-mainframe:9092 for producing
15792284 [main] INFO kafka.client.ClientUtils$  - Fetching metadata from broker BrokerEndPoint(0,localhost,9092) with correlation id 792 for 1 topic(s) Set(earth_to_curiosity_5)
15792284 [main] INFO kafka.producer.SyncProducer  - Connected to localhost:9092 for producing
15792285 [main] INFO kafka.producer.SyncProducer  - Disconnecting from localhost:9092
15792285 [main] INFO kafka.producer.SyncProducer  - Disconnecting from zion-mainframe:9092
15792286 [main] INFO kafka.producer.SyncProducer  - Connected to zion-mainframe:9092 for producing
16396960 [main] INFO kafka.client.ClientUtils$  - Fetching metadata from broker BrokerEndPoint(0,localhost,9092) with correlation id 819 for 1 topic(s) Set(earth_to_curiosity_5)
16396960 [main] INFO kafka.producer.SyncProducer  - Connected to localhost:9092 for producing
16396961 [main] INFO kafka.producer.SyncProducer  - Disconnecting from localhost:9092
16396961 [main] INFO kafka.producer.SyncProducer  - Disconnecting from zion-mainframe:9092
16396961 [main] INFO kafka.producer.SyncProducer  - Connected to zion-mainframe:9092 for producing
17004687 [main] INFO kafka.client.ClientUtils$  - Fetching metadata from broker BrokerEndPoint(0,localhost,9092) with correlation id 850 for 1 topic(s) Set(earth_to_curiosity_5)
17004688 [main] INFO kafka.producer.SyncProducer  - Connected to localhost:9092 for producing
17004688 [main] INFO kafka.producer.SyncProducer  - Disconnecting from localhost:9092
17004688 [main] INFO kafka.producer.SyncProducer  - Disconnecting from zion-mainframe:9092
17004689 [main] INFO kafka.producer.SyncProducer  - Connected to zion-mainframe:9092 for producing
17609369 [main] INFO kafka.client.ClientUtils$  - Fetching metadata from broker BrokerEndPoint(0,localhost,9092) with correlation id 877 for 1 topic(s) Set(earth_to_curiosity_5)
17609370 [main] INFO kafka.producer.SyncProducer  - Connected to localhost:9092 for producing
17609371 [main] INFO kafka.producer.SyncProducer  - Disconnecting from localhost:9092
17609372 [main] INFO kafka.producer.SyncProducer  - Disconnecting from zion-mainframe:9092
17609373 [main] INFO kafka.producer.SyncProducer  - Connected to zion-mainframe:9092 for producing
18215507 [main] INFO kafka.client.ClientUtils$  - Fetching metadata from broker BrokerEndPoint(0,localhost,9092) with correlation id 906 for 1 topic(s) Set(earth_to_curiosity_5)
18215507 [main] INFO kafka.producer.SyncProducer  - Connected to localhost:9092 for producing
18215508 [main] INFO kafka.producer.SyncProducer  - Disconnecting from localhost:9092
18215508 [main] INFO kafka.producer.SyncProducer  - Disconnecting from zion-mainframe:9092
18215509 [main] INFO kafka.producer.SyncProducer  - Connected to zion-mainframe:9092 for producing
18821705 [main] INFO kafka.client.ClientUtils$  - Fetching metadata from broker BrokerEndPoint(0,localhost,9092) with correlation id 935 for 1 topic(s) Set(earth_to_curiosity_5)
18821706 [main] INFO kafka.producer.SyncProducer  - Connected to localhost:9092 for producing
18821708 [main] INFO kafka.producer.SyncProducer  - Disconnecting from localhost:9092
18821709 [main] INFO kafka.producer.SyncProducer  - Disconnecting from zion-mainframe:9092
18821710 [main] INFO kafka.producer.SyncProducer  - Connected to zion-mainframe:9092 for producing
19430925 [main] INFO kafka.client.ClientUtils$  - Fetching metadata from broker BrokerEndPoint(0,localhost,9092) with correlation id 968 for 1 topic(s) Set(earth_to_curiosity_5)
19430926 [main] INFO kafka.producer.SyncProducer  - Connected to localhost:9092 for producing
19430928 [main] INFO kafka.producer.SyncProducer  - Disconnecting from localhost:9092
19430928 [main] INFO kafka.producer.SyncProducer  - Disconnecting from zion-mainframe:9092
19430930 [main] INFO kafka.producer.SyncProducer  - Connected to zion-mainframe:9092 for producing
20037136 [main] INFO kafka.client.ClientUtils$  - Fetching metadata from broker BrokerEndPoint(0,localhost,9092) with correlation id 997 for 1 topic(s) Set(earth_to_curiosity_5)
20037137 [main] INFO kafka.producer.SyncProducer  - Connected to localhost:9092 for producing
20037138 [main] INFO kafka.producer.SyncProducer  - Disconnecting from localhost:9092
20037138 [main] INFO kafka.producer.SyncProducer  - Disconnecting from zion-mainframe:9092
20037139 [main] INFO kafka.producer.SyncProducer  - Connected to zion-mainframe:9092 for producing
20643277 [main] INFO kafka.client.ClientUtils$  - Fetching metadata from broker BrokerEndPoint(0,localhost,9092) with correlation id 1026 for 1 topic(s) Set(earth_to_curiosity_5)
20643278 [main] INFO kafka.producer.SyncProducer  - Connected to localhost:9092 for producing
20643278 [main] INFO kafka.producer.SyncProducer  - Disconnecting from localhost:9092
20643278 [main] INFO kafka.producer.SyncProducer  - Disconnecting from zion-mainframe:9092
20643279 [main] INFO kafka.producer.SyncProducer  - Connected to zion-mainframe:9092 for producing
21249448 [main] INFO kafka.client.ClientUtils$  - Fetching metadata from broker BrokerEndPoint(0,localhost,9092) with correlation id 1055 for 1 topic(s) Set(earth_to_curiosity_5)
21249448 [main] INFO kafka.producer.SyncProducer  - Connected to localhost:9092 for producing
21249451 [main] INFO kafka.producer.SyncProducer  - Disconnecting from localhost:9092
21249451 [main] INFO kafka.producer.SyncProducer  - Disconnecting from zion-mainframe:9092
21249452 [main] INFO kafka.producer.SyncProducer  - Connected to zion-mainframe:9092 for producing
21857205 [main] INFO kafka.client.ClientUtils$  - Fetching metadata from broker BrokerEndPoint(0,localhost,9092) with correlation id 1086 for 1 topic(s) Set(earth_to_curiosity_5)
21857206 [main] INFO kafka.producer.SyncProducer  - Connected to localhost:9092 for producing
21857209 [main] INFO kafka.producer.SyncProducer  - Disconnecting from localhost:9092
21857209 [main] INFO kafka.producer.SyncProducer  - Disconnecting from zion-mainframe:9092
21857211 [main] INFO kafka.producer.SyncProducer  - Connected to zion-mainframe:9092 for producing
22461922 [main] INFO kafka.client.ClientUtils$  - Fetching metadata from broker BrokerEndPoint(0,localhost,9092) with correlation id 1113 for 1 topic(s) Set(earth_to_curiosity_5)
22461923 [main] INFO kafka.producer.SyncProducer  - Connected to localhost:9092 for producing
22461925 [main] INFO kafka.producer.SyncProducer  - Disconnecting from localhost:9092
22461925 [main] INFO kafka.producer.SyncProducer  - Disconnecting from zion-mainframe:9092
22461927 [main] INFO kafka.producer.SyncProducer  - Connected to zion-mainframe:9092 for producing
23071115 [main] INFO kafka.client.ClientUtils$  - Fetching metadata from broker BrokerEndPoint(0,localhost,9092) with correlation id 1146 for 1 topic(s) Set(earth_to_curiosity_5)
23071115 [main] INFO kafka.producer.SyncProducer  - Connected to localhost:9092 for producing
23071116 [main] INFO kafka.producer.SyncProducer  - Disconnecting from localhost:9092
23071116 [main] INFO kafka.producer.SyncProducer  - Disconnecting from zion-mainframe:9092
23071117 [main] INFO kafka.producer.SyncProducer  - Connected to zion-mainframe:9092 for producing
23680295 [main] INFO kafka.client.ClientUtils$  - Fetching metadata from broker BrokerEndPoint(0,localhost,9092) with correlation id 1179 for 1 topic(s) Set(earth_to_curiosity_5)
23680296 [main] INFO kafka.producer.SyncProducer  - Connected to localhost:9092 for producing
23680298 [main] INFO kafka.producer.SyncProducer  - Disconnecting from localhost:9092
23680298 [main] INFO kafka.producer.SyncProducer  - Disconnecting from zion-mainframe:9092
23680300 [main] INFO kafka.producer.SyncProducer  - Connected to zion-mainframe:9092 for producing
24286488 [main] INFO kafka.client.ClientUtils$  - Fetching metadata from broker BrokerEndPoint(0,localhost,9092) with correlation id 1208 for 1 topic(s) Set(earth_to_curiosity_5)
24286489 [main] INFO kafka.producer.SyncProducer  - Connected to localhost:9092 for producing
24286491 [main] INFO kafka.producer.SyncProducer  - Disconnecting from localhost:9092
24286491 [main] INFO kafka.producer.SyncProducer  - Disconnecting from zion-mainframe:9092
24286493 [main] INFO kafka.producer.SyncProducer  - Connected to zion-mainframe:9092 for producing
24892692 [main] INFO kafka.client.ClientUtils$  - Fetching metadata from broker BrokerEndPoint(0,localhost,9092) with correlation id 1237 for 1 topic(s) Set(earth_to_curiosity_5)
24892693 [main] INFO kafka.producer.SyncProducer  - Connected to localhost:9092 for producing
24892695 [main] INFO kafka.producer.SyncProducer  - Disconnecting from localhost:9092
24892696 [main] INFO kafka.producer.SyncProducer  - Disconnecting from zion-mainframe:9092
24892698 [main] INFO kafka.producer.SyncProducer  - Connected to zion-mainframe:9092 for producing
25498880 [main] INFO kafka.client.ClientUtils$  - Fetching metadata from broker BrokerEndPoint(0,localhost,9092) with correlation id 1266 for 1 topic(s) Set(earth_to_curiosity_5)
25498881 [main] INFO kafka.producer.SyncProducer  - Connected to localhost:9092 for producing
25498883 [main] INFO kafka.producer.SyncProducer  - Disconnecting from localhost:9092
25498883 [main] INFO kafka.producer.SyncProducer  - Disconnecting from zion-mainframe:9092
25498884 [main] INFO kafka.producer.SyncProducer  - Connected to zion-mainframe:9092 for producing
26103568 [main] INFO kafka.client.ClientUtils$  - Fetching metadata from broker BrokerEndPoint(0,localhost,9092) with correlation id 1293 for 1 topic(s) Set(earth_to_curiosity_5)
26103569 [main] INFO kafka.producer.SyncProducer  - Connected to localhost:9092 for producing
26103571 [main] INFO kafka.producer.SyncProducer  - Disconnecting from localhost:9092
26103571 [main] INFO kafka.producer.SyncProducer  - Disconnecting from zion-mainframe:9092
26103573 [main] INFO kafka.producer.SyncProducer  - Connected to zion-mainframe:9092 for producing
26711278 [main] INFO kafka.client.ClientUtils$  - Fetching metadata from broker BrokerEndPoint(0,localhost,9092) with correlation id 1324 for 1 topic(s) Set(earth_to_curiosity_5)
26711279 [main] INFO kafka.producer.SyncProducer  - Connected to localhost:9092 for producing
26711280 [main] INFO kafka.producer.SyncProducer  - Disconnecting from localhost:9092
26711281 [main] INFO kafka.producer.SyncProducer  - Disconnecting from zion-mainframe:9092
26711282 [main] INFO kafka.producer.SyncProducer  - Connected to zion-mainframe:9092 for producing
27317481 [main] INFO kafka.client.ClientUtils$  - Fetching metadata from broker BrokerEndPoint(0,localhost,9092) with correlation id 1353 for 1 topic(s) Set(earth_to_curiosity_5)
27317481 [main] INFO kafka.producer.SyncProducer  - Connected to localhost:9092 for producing
27317483 [main] INFO kafka.producer.SyncProducer  - Disconnecting from localhost:9092
27317484 [main] INFO kafka.producer.SyncProducer  - Disconnecting from zion-mainframe:9092
27317485 [main] INFO kafka.producer.SyncProducer  - Connected to zion-mainframe:9092 for producing
27922145 [main] INFO kafka.client.ClientUtils$  - Fetching metadata from broker BrokerEndPoint(0,localhost,9092) with correlation id 1380 for 1 topic(s) Set(earth_to_curiosity_5)
27922146 [main] INFO kafka.producer.SyncProducer  - Connected to localhost:9092 for producing
27922148 [main] INFO kafka.producer.SyncProducer  - Disconnecting from localhost:9092
27922148 [main] INFO kafka.producer.SyncProducer  - Disconnecting from zion-mainframe:9092
27922150 [main] INFO kafka.producer.SyncProducer  - Connected to zion-mainframe:9092 for producing
28528323 [main] INFO kafka.client.ClientUtils$  - Fetching metadata from broker BrokerEndPoint(0,localhost,9092) with correlation id 1409 for 1 topic(s) Set(earth_to_curiosity_5)
28528325 [main] INFO kafka.producer.SyncProducer  - Connected to localhost:9092 for producing
28528327 [main] INFO kafka.producer.SyncProducer  - Disconnecting from localhost:9092
28528327 [main] INFO kafka.producer.SyncProducer  - Disconnecting from zion-mainframe:9092
28528329 [main] INFO kafka.producer.SyncProducer  - Connected to zion-mainframe:9092 for producing
29133026 [main] INFO kafka.client.ClientUtils$  - Fetching metadata from broker BrokerEndPoint(0,localhost,9092) with correlation id 1436 for 1 topic(s) Set(earth_to_curiosity_5)
29133027 [main] INFO kafka.producer.SyncProducer  - Connected to localhost:9092 for producing
29133028 [main] INFO kafka.producer.SyncProducer  - Disconnecting from localhost:9092
29133028 [main] INFO kafka.producer.SyncProducer  - Disconnecting from zion-mainframe:9092
29133029 [main] INFO kafka.producer.SyncProducer  - Connected to zion-mainframe:9092 for producing
29739199 [main] INFO kafka.client.ClientUtils$  - Fetching metadata from broker BrokerEndPoint(0,localhost,9092) with correlation id 1465 for 1 topic(s) Set(earth_to_curiosity_5)
29739199 [main] INFO kafka.producer.SyncProducer  - Connected to localhost:9092 for producing
29739200 [main] INFO kafka.producer.SyncProducer  - Disconnecting from localhost:9092
29739200 [main] INFO kafka.producer.SyncProducer  - Disconnecting from zion-mainframe:9092
29739200 [main] INFO kafka.producer.SyncProducer  - Connected to zion-mainframe:9092 for producing
30345393 [main] INFO kafka.client.ClientUtils$  - Fetching metadata from broker BrokerEndPoint(0,localhost,9092) with correlation id 1494 for 1 topic(s) Set(earth_to_curiosity_5)
30345394 [main] INFO kafka.producer.SyncProducer  - Connected to localhost:9092 for producing
30345396 [main] INFO kafka.producer.SyncProducer  - Disconnecting from localhost:9092
30345396 [main] INFO kafka.producer.SyncProducer  - Disconnecting from zion-mainframe:9092
30345398 [main] INFO kafka.producer.SyncProducer  - Connected to zion-mainframe:9092 for producing
30953140 [main] INFO kafka.client.ClientUtils$  - Fetching metadata from broker BrokerEndPoint(0,localhost,9092) with correlation id 1525 for 1 topic(s) Set(earth_to_curiosity_5)
30953140 [main] INFO kafka.producer.SyncProducer  - Connected to localhost:9092 for producing
30953143 [main] INFO kafka.producer.SyncProducer  - Disconnecting from localhost:9092
30953143 [main] INFO kafka.producer.SyncProducer  - Disconnecting from zion-mainframe:9092
30953144 [main] INFO kafka.producer.SyncProducer  - Connected to zion-mainframe:9092 for producing
31557814 [main] INFO kafka.client.ClientUtils$  - Fetching metadata from broker BrokerEndPoint(0,localhost,9092) with correlation id 1552 for 1 topic(s) Set(earth_to_curiosity_5)
31557815 [main] INFO kafka.producer.SyncProducer  - Connected to localhost:9092 for producing
31557817 [main] INFO kafka.producer.SyncProducer  - Disconnecting from localhost:9092
31557817 [main] INFO kafka.producer.SyncProducer  - Disconnecting from zion-mainframe:9092
31557819 [main] INFO kafka.producer.SyncProducer  - Connected to zion-mainframe:9092 for producing
32165488 [main] INFO kafka.client.ClientUtils$  - Fetching metadata from broker BrokerEndPoint(0,localhost,9092) with correlation id 1583 for 1 topic(s) Set(earth_to_curiosity_5)
32165489 [main] INFO kafka.producer.SyncProducer  - Connected to localhost:9092 for producing
32165489 [main] INFO kafka.producer.SyncProducer  - Disconnecting from localhost:9092
32165490 [main] INFO kafka.producer.SyncProducer  - Disconnecting from zion-mainframe:9092
32165490 [main] INFO kafka.producer.SyncProducer  - Connected to zion-mainframe:9092 for producing
32771690 [main] INFO kafka.client.ClientUtils$  - Fetching metadata from broker BrokerEndPoint(0,localhost,9092) with correlation id 1612 for 1 topic(s) Set(earth_to_curiosity_5)
32771691 [main] INFO kafka.producer.SyncProducer  - Connected to localhost:9092 for producing
32771693 [main] INFO kafka.producer.SyncProducer  - Disconnecting from localhost:9092
32771693 [main] INFO kafka.producer.SyncProducer  - Disconnecting from zion-mainframe:9092
32771694 [main] INFO kafka.producer.SyncProducer  - Connected to zion-mainframe:9092 for producing
33380889 [main] INFO kafka.client.ClientUtils$  - Fetching metadata from broker BrokerEndPoint(0,localhost,9092) with correlation id 1645 for 1 topic(s) Set(earth_to_curiosity_5)
33380890 [main] INFO kafka.producer.SyncProducer  - Connected to localhost:9092 for producing
33380891 [main] INFO kafka.producer.SyncProducer  - Disconnecting from localhost:9092
33380891 [main] INFO kafka.producer.SyncProducer  - Disconnecting from zion-mainframe:9092
33380891 [main] INFO kafka.producer.SyncProducer  - Connected to zion-mainframe:9092 for producing
33987081 [main] INFO kafka.client.ClientUtils$  - Fetching metadata from broker BrokerEndPoint(0,localhost,9092) with correlation id 1674 for 1 topic(s) Set(earth_to_curiosity_5)
33987082 [main] INFO kafka.producer.SyncProducer  - Connected to localhost:9092 for producing
33987083 [main] INFO kafka.producer.SyncProducer  - Disconnecting from localhost:9092
33987083 [main] INFO kafka.producer.SyncProducer  - Disconnecting from zion-mainframe:9092
33987084 [main] INFO kafka.producer.SyncProducer  - Connected to zion-mainframe:9092 for producing
34591763 [main] INFO kafka.client.ClientUtils$  - Fetching metadata from broker BrokerEndPoint(0,localhost,9092) with correlation id 1701 for 1 topic(s) Set(earth_to_curiosity_5)
34591764 [main] INFO kafka.producer.SyncProducer  - Connected to localhost:9092 for producing
34591766 [main] INFO kafka.producer.SyncProducer  - Disconnecting from localhost:9092
34591766 [main] INFO kafka.producer.SyncProducer  - Disconnecting from zion-mainframe:9092
34591768 [main] INFO kafka.producer.SyncProducer  - Connected to zion-mainframe:9092 for producing
35197958 [main] INFO kafka.client.ClientUtils$  - Fetching metadata from broker BrokerEndPoint(0,localhost,9092) with correlation id 1730 for 1 topic(s) Set(earth_to_curiosity_5)
35197959 [main] INFO kafka.producer.SyncProducer  - Connected to localhost:9092 for producing
35197960 [main] INFO kafka.producer.SyncProducer  - Disconnecting from localhost:9092
35197960 [main] INFO kafka.producer.SyncProducer  - Disconnecting from zion-mainframe:9092
35197961 [main] INFO kafka.producer.SyncProducer  - Connected to zion-mainframe:9092 for producing
35804186 [main] INFO kafka.client.ClientUtils$  - Fetching metadata from broker BrokerEndPoint(0,localhost,9092) with correlation id 1759 for 1 topic(s) Set(earth_to_curiosity_5)
35804187 [main] INFO kafka.producer.SyncProducer  - Connected to localhost:9092 for producing
35804189 [main] INFO kafka.producer.SyncProducer  - Disconnecting from localhost:9092
35804189 [main] INFO kafka.producer.SyncProducer  - Disconnecting from zion-mainframe:9092
35804191 [main] INFO kafka.producer.SyncProducer  - Connected to zion-mainframe:9092 for producing
36410408 [main] INFO kafka.client.ClientUtils$  - Fetching metadata from broker BrokerEndPoint(0,localhost,9092) with correlation id 1788 for 1 topic(s) Set(earth_to_curiosity_5)
36410409 [main] INFO kafka.producer.SyncProducer  - Connected to localhost:9092 for producing
36410411 [main] INFO kafka.producer.SyncProducer  - Disconnecting from localhost:9092
36410411 [main] INFO kafka.producer.SyncProducer  - Disconnecting from zion-mainframe:9092
36410413 [main] INFO kafka.producer.SyncProducer  - Connected to zion-mainframe:9092 for producing
37018150 [main] INFO kafka.client.ClientUtils$  - Fetching metadata from broker BrokerEndPoint(0,localhost,9092) with correlation id 1819 for 1 topic(s) Set(earth_to_curiosity_5)
37018151 [main] INFO kafka.producer.SyncProducer  - Connected to localhost:9092 for producing
37018151 [main] INFO kafka.producer.SyncProducer  - Disconnecting from localhost:9092
37018151 [main] INFO kafka.producer.SyncProducer  - Disconnecting from zion-mainframe:9092
37018152 [main] INFO kafka.producer.SyncProducer  - Connected to zion-mainframe:9092 for producing
37624344 [main] INFO kafka.client.ClientUtils$  - Fetching metadata from broker BrokerEndPoint(0,localhost,9092) with correlation id 1848 for 1 topic(s) Set(earth_to_curiosity_5)
37624345 [main] INFO kafka.producer.SyncProducer  - Connected to localhost:9092 for producing
37624346 [main] INFO kafka.producer.SyncProducer  - Disconnecting from localhost:9092
37624347 [main] INFO kafka.producer.SyncProducer  - Disconnecting from zion-mainframe:9092
37624348 [main] INFO kafka.producer.SyncProducer  - Connected to zion-mainframe:9092 for producing
38230520 [main] INFO kafka.client.ClientUtils$  - Fetching metadata from broker BrokerEndPoint(0,localhost,9092) with correlation id 1877 for 1 topic(s) Set(earth_to_curiosity_5)
38230521 [main] INFO kafka.producer.SyncProducer  - Connected to localhost:9092 for producing
38230524 [main] INFO kafka.producer.SyncProducer  - Disconnecting from localhost:9092
38230524 [main] INFO kafka.producer.SyncProducer  - Disconnecting from zion-mainframe:9092
38230526 [main] INFO kafka.producer.SyncProducer  - Connected to zion-mainframe:9092 for producing
38839709 [main] INFO kafka.client.ClientUtils$  - Fetching metadata from broker BrokerEndPoint(0,localhost,9092) with correlation id 1910 for 1 topic(s) Set(earth_to_curiosity_5)
38839710 [main] INFO kafka.producer.SyncProducer  - Connected to localhost:9092 for producing
38839712 [main] INFO kafka.producer.SyncProducer  - Disconnecting from localhost:9092
38839712 [main] INFO kafka.producer.SyncProducer  - Disconnecting from zion-mainframe:9092
38839714 [main] INFO kafka.producer.SyncProducer  - Connected to zion-mainframe:9092 for producing
39445947 [main] INFO kafka.client.ClientUtils$  - Fetching metadata from broker BrokerEndPoint(0,localhost,9092) with correlation id 1939 for 1 topic(s) Set(earth_to_curiosity_5)
39445947 [main] INFO kafka.producer.SyncProducer  - Connected to localhost:9092 for producing
39445948 [main] INFO kafka.producer.SyncProducer  - Disconnecting from localhost:9092
39445948 [main] INFO kafka.producer.SyncProducer  - Disconnecting from zion-mainframe:9092
39445948 [main] INFO kafka.producer.SyncProducer  - Connected to zion-mainframe:9092 for producing
40050631 [main] INFO kafka.client.ClientUtils$  - Fetching metadata from broker BrokerEndPoint(0,localhost,9092) with correlation id 1966 for 1 topic(s) Set(earth_to_curiosity_5)
40050632 [main] INFO kafka.producer.SyncProducer  - Connected to localhost:9092 for producing
40050633 [main] INFO kafka.producer.SyncProducer  - Disconnecting from localhost:9092
40050633 [main] INFO kafka.producer.SyncProducer  - Disconnecting from zion-mainframe:9092
40050634 [main] INFO kafka.producer.SyncProducer  - Connected to zion-mainframe:9092 for producing
40656788 [main] INFO kafka.client.ClientUtils$  - Fetching metadata from broker BrokerEndPoint(0,localhost,9092) with correlation id 1995 for 1 topic(s) Set(earth_to_curiosity_5)
40656789 [main] INFO kafka.producer.SyncProducer  - Connected to localhost:9092 for producing
40656789 [main] INFO kafka.producer.SyncProducer  - Disconnecting from localhost:9092
40656790 [main] INFO kafka.producer.SyncProducer  - Disconnecting from zion-mainframe:9092
40656790 [main] INFO kafka.producer.SyncProducer  - Connected to zion-mainframe:9092 for producing
41264469 [main] INFO kafka.client.ClientUtils$  - Fetching metadata from broker BrokerEndPoint(0,localhost,9092) with correlation id 2026 for 1 topic(s) Set(earth_to_curiosity_5)
41264470 [main] INFO kafka.producer.SyncProducer  - Connected to localhost:9092 for producing
41264472 [main] INFO kafka.producer.SyncProducer  - Disconnecting from localhost:9092
41264472 [main] INFO kafka.producer.SyncProducer  - Disconnecting from zion-mainframe:9092
41264473 [main] INFO kafka.producer.SyncProducer  - Connected to zion-mainframe:9092 for producing
41872199 [main] INFO kafka.client.ClientUtils$  - Fetching metadata from broker BrokerEndPoint(0,localhost,9092) with correlation id 2057 for 1 topic(s) Set(earth_to_curiosity_5)
41872199 [main] INFO kafka.producer.SyncProducer  - Connected to localhost:9092 for producing
41872199 [main] INFO kafka.producer.SyncProducer  - Disconnecting from localhost:9092
41872200 [main] INFO kafka.producer.SyncProducer  - Disconnecting from zion-mainframe:9092
41872200 [main] INFO kafka.producer.SyncProducer  - Connected to zion-mainframe:9092 for producing
42476866 [main] INFO kafka.client.ClientUtils$  - Fetching metadata from broker BrokerEndPoint(0,localhost,9092) with correlation id 2084 for 1 topic(s) Set(earth_to_curiosity_5)
42476868 [main] INFO kafka.producer.SyncProducer  - Connected to localhost:9092 for producing
42476870 [main] INFO kafka.producer.SyncProducer  - Disconnecting from localhost:9092
42476870 [main] INFO kafka.producer.SyncProducer  - Disconnecting from zion-mainframe:9092
42476872 [main] INFO kafka.producer.SyncProducer  - Connected to zion-mainframe:9092 for producing
43081555 [main] INFO kafka.client.ClientUtils$  - Fetching metadata from broker BrokerEndPoint(0,localhost,9092) with correlation id 2111 for 1 topic(s) Set(earth_to_curiosity_5)
43081556 [main] INFO kafka.producer.SyncProducer  - Connected to localhost:9092 for producing
43081557 [main] INFO kafka.producer.SyncProducer  - Disconnecting from localhost:9092
43081557 [main] INFO kafka.producer.SyncProducer  - Disconnecting from zion-mainframe:9092
43081558 [main] INFO kafka.producer.SyncProducer  - Connected to zion-mainframe:9092 for producing
