0 [main] INFO kafka.utils.VerifiableProperties  - Verifying properties
34 [main] INFO kafka.utils.VerifiableProperties  - Property auto.offset.reset is overridden to largest
34 [main] WARN kafka.utils.VerifiableProperties  - Property bootstrap.servers is not valid
34 [main] WARN kafka.utils.VerifiableProperties  - Property destination.topic is not valid
34 [main] INFO kafka.utils.VerifiableProperties  - Property group.id is overridden to space.exploration.mars.rover.curiosity.1545010312809
35 [main] WARN kafka.utils.VerifiableProperties  - Property key.serializer is not valid
35 [main] WARN kafka.utils.VerifiableProperties  - Property metadata.broker.list is not valid
35 [main] WARN kafka.utils.VerifiableProperties  - Property source.topic is not valid
35 [main] WARN kafka.utils.VerifiableProperties  - Property value.serializer is not valid
35 [main] INFO kafka.utils.VerifiableProperties  - Property zookeeper.connect is overridden to antares-mainframe:2181
105 [main] INFO kafka.consumer.ZookeeperConsumerConnector  - [space.exploration.mars.rover.curiosity.1545010312809_antares-mainframe-1545010313265-acdbbe34], Connecting to zookeeper instance at antares-mainframe:2181
114 [ZkClient-EventThread-28-antares-mainframe:2181] INFO org.I0Itec.zkclient.ZkEventThread  - Starting ZkClient event thread.
121 [main] INFO org.apache.zookeeper.ZooKeeper  - Client environment:zookeeper.version=3.4.6-1569965, built on 02/20/2014 09:09 GMT
121 [main] INFO org.apache.zookeeper.ZooKeeper  - Client environment:host.name=antares-mainframe
121 [main] INFO org.apache.zookeeper.ZooKeeper  - Client environment:java.version=10.0.2
121 [main] INFO org.apache.zookeeper.ZooKeeper  - Client environment:java.vendor=Oracle Corporation
121 [main] INFO org.apache.zookeeper.ZooKeeper  - Client environment:java.home=/usr/lib/jvm/java-11-openjdk-amd64
121 [main] INFO org.apache.zookeeper.ZooKeeper  - Client environment:java.class.path=target/mission.control-2.0-shaded.jar
121 [main] INFO org.apache.zookeeper.ZooKeeper  - Client environment:java.library.path=/usr/java/packages/lib:/usr/lib/x86_64-linux-gnu/jni:/lib/x86_64-linux-gnu:/usr/lib/x86_64-linux-gnu:/usr/lib/jni:/lib:/usr/lib
121 [main] INFO org.apache.zookeeper.ZooKeeper  - Client environment:java.io.tmpdir=/tmp
121 [main] INFO org.apache.zookeeper.ZooKeeper  - Client environment:java.compiler=<NA>
121 [main] INFO org.apache.zookeeper.ZooKeeper  - Client environment:os.name=Linux
121 [main] INFO org.apache.zookeeper.ZooKeeper  - Client environment:os.arch=amd64
121 [main] INFO org.apache.zookeeper.ZooKeeper  - Client environment:os.version=4.15.0-42-generic
121 [main] INFO org.apache.zookeeper.ZooKeeper  - Client environment:user.name=sanket
121 [main] INFO org.apache.zookeeper.ZooKeeper  - Client environment:user.home=/home/sanket
121 [main] INFO org.apache.zookeeper.ZooKeeper  - Client environment:user.dir=/home/sanket/Documents/workspace/Mission.Control
122 [main] INFO org.apache.zookeeper.ZooKeeper  - Initiating client connection, connectString=antares-mainframe:2181 sessionTimeout=6000 watcher=org.I0Itec.zkclient.ZkClient@30b6ffe0
140 [main] INFO org.I0Itec.zkclient.ZkClient  - Waiting for keeper state SyncConnected
147 [main-SendThread(antares-mainframe:2181)] INFO org.apache.zookeeper.ClientCnxn  - Opening socket connection to server antares-mainframe/127.0.1.1:2181. Will not attempt to authenticate using SASL (unknown error)
156 [main-SendThread(antares-mainframe:2181)] INFO org.apache.zookeeper.ClientCnxn  - Socket connection established to antares-mainframe/127.0.1.1:2181, initiating session
164 [main-SendThread(antares-mainframe:2181)] INFO org.apache.zookeeper.ClientCnxn  - Session establishment complete on server antares-mainframe/127.0.1.1:2181, sessionid = 0x167b9ca379c0001, negotiated timeout = 6000
165 [main-EventThread] INFO org.I0Itec.zkclient.ZkClient  - zookeeper state changed (SyncConnected)
179 [main] INFO kafka.consumer.ZookeeperConsumerConnector  - [space.exploration.mars.rover.curiosity.1545010312809_antares-mainframe-1545010313265-acdbbe34], starting auto committer every 60000 ms
215 [Thread-0] INFO kafka.consumer.ZookeeperConsumerConnector  - [space.exploration.mars.rover.curiosity.1545010312809_antares-mainframe-1545010313265-acdbbe34], begin registering consumer space.exploration.mars.rover.curiosity.1545010312809_antares-mainframe-1545010313265-acdbbe34 in ZK
235 [Thread-0] INFO kafka.utils.ZKCheckedEphemeral  - Creating /consumers/space.exploration.mars.rover.curiosity.1545010312809/ids/space.exploration.mars.rover.curiosity.1545010312809_antares-mainframe-1545010313265-acdbbe34 (is it secure? false)
244 [Thread-0] INFO kafka.utils.ZKCheckedEphemeral  - Result of znode creation is: OK
244 [Thread-0] INFO kafka.consumer.ZookeeperConsumerConnector  - [space.exploration.mars.rover.curiosity.1545010312809_antares-mainframe-1545010313265-acdbbe34], end registering consumer space.exploration.mars.rover.curiosity.1545010312809_antares-mainframe-1545010313265-acdbbe34 in ZK
248 [space.exploration.mars.rover.curiosity.1545010312809_antares-mainframe-1545010313265-acdbbe34_watcher_executor] INFO kafka.consumer.ZookeeperConsumerConnector  - [space.exploration.mars.rover.curiosity.1545010312809_antares-mainframe-1545010313265-acdbbe34], starting watcher executor thread for consumer space.exploration.mars.rover.curiosity.1545010312809_antares-mainframe-1545010313265-acdbbe34
264 [Thread-0] INFO kafka.consumer.ZookeeperConsumerConnector  - [space.exploration.mars.rover.curiosity.1545010312809_antares-mainframe-1545010313265-acdbbe34], begin rebalancing consumer space.exploration.mars.rover.curiosity.1545010312809_antares-mainframe-1545010313265-acdbbe34 try #0
354 [Thread-0] INFO kafka.consumer.ConsumerFetcherManager  - [ConsumerFetcherManager-1545010313336] Stopping leader finder thread
355 [Thread-0] INFO kafka.consumer.ConsumerFetcherManager  - [ConsumerFetcherManager-1545010313336] Stopping all fetchers
355 [Thread-0] INFO kafka.consumer.ConsumerFetcherManager  - [ConsumerFetcherManager-1545010313336] All connections stopped
356 [Thread-0] INFO kafka.consumer.ZookeeperConsumerConnector  - [space.exploration.mars.rover.curiosity.1545010312809_antares-mainframe-1545010313265-acdbbe34], Cleared all relevant queues for this fetcher
356 [Thread-0] INFO kafka.consumer.ZookeeperConsumerConnector  - [space.exploration.mars.rover.curiosity.1545010312809_antares-mainframe-1545010313265-acdbbe34], Cleared the data chunks in all the consumer message iterators
357 [Thread-0] INFO kafka.consumer.ZookeeperConsumerConnector  - [space.exploration.mars.rover.curiosity.1545010312809_antares-mainframe-1545010313265-acdbbe34], Committing all offsets after clearing the fetcher queues
358 [Thread-0] INFO kafka.consumer.ZookeeperConsumerConnector  - [space.exploration.mars.rover.curiosity.1545010312809_antares-mainframe-1545010313265-acdbbe34], Releasing partition ownership
377 [Thread-0] INFO kafka.consumer.RangeAssignor  - Consumer space.exploration.mars.rover.curiosity.1545010312809_antares-mainframe-1545010313265-acdbbe34 rebalancing the following partitions: ArrayBuffer() for topic curiosity_to_earth_6 with consumers: List(space.exploration.mars.rover.curiosity.1545010312809_antares-mainframe-1545010313265-acdbbe34-0)
377 [Thread-0] WARN kafka.consumer.RangeAssignor  - No broker partitions consumed by consumer thread space.exploration.mars.rover.curiosity.1545010312809_antares-mainframe-1545010313265-acdbbe34-0 for topic curiosity_to_earth_6
387 [Thread-0] INFO kafka.consumer.ZookeeperConsumerConnector  - [space.exploration.mars.rover.curiosity.1545010312809_antares-mainframe-1545010313265-acdbbe34], Consumer space.exploration.mars.rover.curiosity.1545010312809_antares-mainframe-1545010313265-acdbbe34 selected partitions : 
388 [space.exploration.mars.rover.curiosity.1545010312809_antares-mainframe-1545010313265-acdbbe34-leader-finder-thread] INFO kafka.consumer.ConsumerFetcherManager$LeaderFinderThread  - [space.exploration.mars.rover.curiosity.1545010312809_antares-mainframe-1545010313265-acdbbe34-leader-finder-thread], Starting 
389 [Thread-0] INFO kafka.consumer.ZookeeperConsumerConnector  - [space.exploration.mars.rover.curiosity.1545010312809_antares-mainframe-1545010313265-acdbbe34], end rebalancing consumer space.exploration.mars.rover.curiosity.1545010312809_antares-mainframe-1545010313265-acdbbe34 try #0
41951 [ZkClient-EventThread-28-antares-mainframe:2181] INFO kafka.consumer.ZookeeperConsumerConnector  - [space.exploration.mars.rover.curiosity.1545010312809_antares-mainframe-1545010313265-acdbbe34], Topic info for path /brokers/topics/curiosity_to_earth_6 changed to {"version":1,"partitions":{"0":[0]}}, triggering rebalance
41951 [space.exploration.mars.rover.curiosity.1545010312809_antares-mainframe-1545010313265-acdbbe34_watcher_executor] INFO kafka.consumer.ZookeeperConsumerConnector  - [space.exploration.mars.rover.curiosity.1545010312809_antares-mainframe-1545010313265-acdbbe34], begin rebalancing consumer space.exploration.mars.rover.curiosity.1545010312809_antares-mainframe-1545010313265-acdbbe34 try #0
41988 [space.exploration.mars.rover.curiosity.1545010312809_antares-mainframe-1545010313265-acdbbe34_watcher_executor] INFO kafka.consumer.ConsumerFetcherManager  - [ConsumerFetcherManager-1545010313336] Stopping leader finder thread
41989 [space.exploration.mars.rover.curiosity.1545010312809_antares-mainframe-1545010313265-acdbbe34_watcher_executor] INFO kafka.consumer.ConsumerFetcherManager$LeaderFinderThread  - [space.exploration.mars.rover.curiosity.1545010312809_antares-mainframe-1545010313265-acdbbe34-leader-finder-thread], Shutting down
41989 [space.exploration.mars.rover.curiosity.1545010312809_antares-mainframe-1545010313265-acdbbe34_watcher_executor] INFO kafka.consumer.ConsumerFetcherManager$LeaderFinderThread  - [space.exploration.mars.rover.curiosity.1545010312809_antares-mainframe-1545010313265-acdbbe34-leader-finder-thread], Shutdown completed
41989 [space.exploration.mars.rover.curiosity.1545010312809_antares-mainframe-1545010313265-acdbbe34_watcher_executor] INFO kafka.consumer.ConsumerFetcherManager  - [ConsumerFetcherManager-1545010313336] Stopping all fetchers
41989 [space.exploration.mars.rover.curiosity.1545010312809_antares-mainframe-1545010313265-acdbbe34_watcher_executor] INFO kafka.consumer.ConsumerFetcherManager  - [ConsumerFetcherManager-1545010313336] All connections stopped
41990 [space.exploration.mars.rover.curiosity.1545010312809_antares-mainframe-1545010313265-acdbbe34-leader-finder-thread] INFO kafka.consumer.ConsumerFetcherManager$LeaderFinderThread  - [space.exploration.mars.rover.curiosity.1545010312809_antares-mainframe-1545010313265-acdbbe34-leader-finder-thread], Stopped 
41990 [space.exploration.mars.rover.curiosity.1545010312809_antares-mainframe-1545010313265-acdbbe34_watcher_executor] INFO kafka.consumer.ZookeeperConsumerConnector  - [space.exploration.mars.rover.curiosity.1545010312809_antares-mainframe-1545010313265-acdbbe34], Cleared all relevant queues for this fetcher
41990 [space.exploration.mars.rover.curiosity.1545010312809_antares-mainframe-1545010313265-acdbbe34_watcher_executor] INFO kafka.consumer.ZookeeperConsumerConnector  - [space.exploration.mars.rover.curiosity.1545010312809_antares-mainframe-1545010313265-acdbbe34], Cleared the data chunks in all the consumer message iterators
41990 [space.exploration.mars.rover.curiosity.1545010312809_antares-mainframe-1545010313265-acdbbe34_watcher_executor] INFO kafka.consumer.ZookeeperConsumerConnector  - [space.exploration.mars.rover.curiosity.1545010312809_antares-mainframe-1545010313265-acdbbe34], Committing all offsets after clearing the fetcher queues
41990 [space.exploration.mars.rover.curiosity.1545010312809_antares-mainframe-1545010313265-acdbbe34_watcher_executor] INFO kafka.consumer.ZookeeperConsumerConnector  - [space.exploration.mars.rover.curiosity.1545010312809_antares-mainframe-1545010313265-acdbbe34], Releasing partition ownership
42008 [space.exploration.mars.rover.curiosity.1545010312809_antares-mainframe-1545010313265-acdbbe34_watcher_executor] INFO kafka.consumer.RangeAssignor  - Consumer space.exploration.mars.rover.curiosity.1545010312809_antares-mainframe-1545010313265-acdbbe34 rebalancing the following partitions: ArrayBuffer(0) for topic curiosity_to_earth_6 with consumers: List(space.exploration.mars.rover.curiosity.1545010312809_antares-mainframe-1545010313265-acdbbe34-0)
42009 [space.exploration.mars.rover.curiosity.1545010312809_antares-mainframe-1545010313265-acdbbe34_watcher_executor] INFO kafka.consumer.RangeAssignor  - space.exploration.mars.rover.curiosity.1545010312809_antares-mainframe-1545010313265-acdbbe34-0 attempting to claim partition 0
42033 [space.exploration.mars.rover.curiosity.1545010312809_antares-mainframe-1545010313265-acdbbe34_watcher_executor] INFO kafka.consumer.ZookeeperConsumerConnector  - [space.exploration.mars.rover.curiosity.1545010312809_antares-mainframe-1545010313265-acdbbe34], space.exploration.mars.rover.curiosity.1545010312809_antares-mainframe-1545010313265-acdbbe34-0 successfully owned partition 0 for topic curiosity_to_earth_6
42038 [space.exploration.mars.rover.curiosity.1545010312809_antares-mainframe-1545010313265-acdbbe34_watcher_executor] INFO kafka.consumer.ZookeeperConsumerConnector  - [space.exploration.mars.rover.curiosity.1545010312809_antares-mainframe-1545010313265-acdbbe34], Consumer space.exploration.mars.rover.curiosity.1545010312809_antares-mainframe-1545010313265-acdbbe34 selected partitions : curiosity_to_earth_6:0: fetched offset = -1: consumed offset = -1
42039 [space.exploration.mars.rover.curiosity.1545010312809_antares-mainframe-1545010313265-acdbbe34_watcher_executor] INFO kafka.consumer.ZookeeperConsumerConnector  - [space.exploration.mars.rover.curiosity.1545010312809_antares-mainframe-1545010313265-acdbbe34], end rebalancing consumer space.exploration.mars.rover.curiosity.1545010312809_antares-mainframe-1545010313265-acdbbe34 try #0
42039 [space.exploration.mars.rover.curiosity.1545010312809_antares-mainframe-1545010313265-acdbbe34-leader-finder-thread] INFO kafka.consumer.ConsumerFetcherManager$LeaderFinderThread  - [space.exploration.mars.rover.curiosity.1545010312809_antares-mainframe-1545010313265-acdbbe34-leader-finder-thread], Starting 
42055 [space.exploration.mars.rover.curiosity.1545010312809_antares-mainframe-1545010313265-acdbbe34-leader-finder-thread] INFO kafka.utils.VerifiableProperties  - Verifying properties
42056 [space.exploration.mars.rover.curiosity.1545010312809_antares-mainframe-1545010313265-acdbbe34-leader-finder-thread] INFO kafka.utils.VerifiableProperties  - Property client.id is overridden to space.exploration.mars.rover.curiosity.1545010312809
42056 [space.exploration.mars.rover.curiosity.1545010312809_antares-mainframe-1545010313265-acdbbe34-leader-finder-thread] INFO kafka.utils.VerifiableProperties  - Property metadata.broker.list is overridden to antares-mainframe:9092
42056 [space.exploration.mars.rover.curiosity.1545010312809_antares-mainframe-1545010313265-acdbbe34-leader-finder-thread] INFO kafka.utils.VerifiableProperties  - Property request.timeout.ms is overridden to 30000
42067 [space.exploration.mars.rover.curiosity.1545010312809_antares-mainframe-1545010313265-acdbbe34-leader-finder-thread] INFO kafka.client.ClientUtils$  - Fetching metadata from broker BrokerEndPoint(0,antares-mainframe,9092) with correlation id 0 for 1 topic(s) Set(curiosity_to_earth_6)
42072 [space.exploration.mars.rover.curiosity.1545010312809_antares-mainframe-1545010313265-acdbbe34-leader-finder-thread] INFO kafka.producer.SyncProducer  - Connected to antares-mainframe:9092 for producing
42106 [space.exploration.mars.rover.curiosity.1545010312809_antares-mainframe-1545010313265-acdbbe34-leader-finder-thread] INFO kafka.producer.SyncProducer  - Disconnecting from antares-mainframe:9092
42127 [ConsumerFetcherThread-space.exploration.mars.rover.curiosity.1545010312809_antares-mainframe-1545010313265-acdbbe34-0-0] INFO kafka.consumer.ConsumerFetcherThread  - [ConsumerFetcherThread-space.exploration.mars.rover.curiosity.1545010312809_antares-mainframe-1545010313265-acdbbe34-0-0], Starting 
42149 [space.exploration.mars.rover.curiosity.1545010312809_antares-mainframe-1545010313265-acdbbe34-leader-finder-thread] INFO kafka.consumer.ConsumerFetcherManager  - [ConsumerFetcherManager-1545010313336] Added fetcher for partitions ArrayBuffer([[curiosity_to_earth_6,0], initOffset -1 to broker BrokerEndPoint(0,antares-mainframe,9092)] )
