0 [main] INFO kafka.utils.VerifiableProperties  - Verifying properties
19 [main] INFO kafka.utils.VerifiableProperties  - Property auto.offset.reset is overridden to largest
19 [main] WARN kafka.utils.VerifiableProperties  - Property bootstrap.servers is not valid
19 [main] WARN kafka.utils.VerifiableProperties  - Property destination.topic is not valid
19 [main] INFO kafka.utils.VerifiableProperties  - Property group.id is overridden to space.exploration.mars.rover.curiosity.1534060510172
20 [main] WARN kafka.utils.VerifiableProperties  - Property key.serializer is not valid
20 [main] WARN kafka.utils.VerifiableProperties  - Property metadata.broker.list is not valid
20 [main] WARN kafka.utils.VerifiableProperties  - Property source.topic is not valid
20 [main] WARN kafka.utils.VerifiableProperties  - Property value.serializer is not valid
20 [main] INFO kafka.utils.VerifiableProperties  - Property zookeeper.connect is overridden to localhost:2181
49 [main] INFO kafka.consumer.ZookeeperConsumerConnector  - [space.exploration.mars.rover.curiosity.1534060510172_zion-mainframe-1534060510346-433e14ce], Connecting to zookeeper instance at localhost:2181
53 [ZkClient-EventThread-15-localhost:2181] INFO org.I0Itec.zkclient.ZkEventThread  - Starting ZkClient event thread.
56 [main] INFO org.apache.zookeeper.ZooKeeper  - Client environment:zookeeper.version=3.4.6-1569965, built on 02/20/2014 09:09 GMT
56 [main] INFO org.apache.zookeeper.ZooKeeper  - Client environment:host.name=zion-mainframe
56 [main] INFO org.apache.zookeeper.ZooKeeper  - Client environment:java.version=1.8.0_181
56 [main] INFO org.apache.zookeeper.ZooKeeper  - Client environment:java.vendor=Oracle Corporation
56 [main] INFO org.apache.zookeeper.ZooKeeper  - Client environment:java.home=/usr/lib/jvm/java-8-openjdk-amd64/jre
56 [main] INFO org.apache.zookeeper.ZooKeeper  - Client environment:java.class.path=target/mission.control-2.0-shaded.jar
56 [main] INFO org.apache.zookeeper.ZooKeeper  - Client environment:java.library.path=/usr/java/packages/lib/amd64:/usr/lib/x86_64-linux-gnu/jni:/lib/x86_64-linux-gnu:/usr/lib/x86_64-linux-gnu:/usr/lib/jni:/lib:/usr/lib
56 [main] INFO org.apache.zookeeper.ZooKeeper  - Client environment:java.io.tmpdir=/tmp
57 [main] INFO org.apache.zookeeper.ZooKeeper  - Client environment:java.compiler=<NA>
57 [main] INFO org.apache.zookeeper.ZooKeeper  - Client environment:os.name=Linux
57 [main] INFO org.apache.zookeeper.ZooKeeper  - Client environment:os.arch=amd64
57 [main] INFO org.apache.zookeeper.ZooKeeper  - Client environment:os.version=4.15.0-30-generic
57 [main] INFO org.apache.zookeeper.ZooKeeper  - Client environment:user.name=sanket
57 [main] INFO org.apache.zookeeper.ZooKeeper  - Client environment:user.home=/home/sanket
57 [main] INFO org.apache.zookeeper.ZooKeeper  - Client environment:user.dir=/home/sanket/Documents/workspace/Mission.Control
57 [main] INFO org.apache.zookeeper.ZooKeeper  - Initiating client connection, connectString=localhost:2181 sessionTimeout=6000 watcher=org.I0Itec.zkclient.ZkClient@17776a8
66 [main] INFO org.I0Itec.zkclient.ZkClient  - Waiting for keeper state SyncConnected
68 [main-SendThread(localhost:2181)] INFO org.apache.zookeeper.ClientCnxn  - Opening socket connection to server localhost/127.0.0.1:2181. Will not attempt to authenticate using SASL (unknown error)
105 [main-SendThread(localhost:2181)] INFO org.apache.zookeeper.ClientCnxn  - Socket connection established to localhost/127.0.0.1:2181, initiating session
108 [main-SendThread(localhost:2181)] INFO org.apache.zookeeper.ClientCnxn  - Session establishment complete on server localhost/127.0.0.1:2181, sessionid = 0x16521e5edae0006, negotiated timeout = 6000
109 [main-EventThread] INFO org.I0Itec.zkclient.ZkClient  - zookeeper state changed (SyncConnected)
115 [main] INFO kafka.consumer.ZookeeperConsumerConnector  - [space.exploration.mars.rover.curiosity.1534060510172_zion-mainframe-1534060510346-433e14ce], starting auto committer every 60000 ms
131 [Thread-0] INFO kafka.consumer.ZookeeperConsumerConnector  - [space.exploration.mars.rover.curiosity.1534060510172_zion-mainframe-1534060510346-433e14ce], begin registering consumer space.exploration.mars.rover.curiosity.1534060510172_zion-mainframe-1534060510346-433e14ce in ZK
146 [Thread-0] INFO kafka.utils.ZKCheckedEphemeral  - Creating /consumers/space.exploration.mars.rover.curiosity.1534060510172/ids/space.exploration.mars.rover.curiosity.1534060510172_zion-mainframe-1534060510346-433e14ce (is it secure? false)
155 [Thread-0] INFO kafka.utils.ZKCheckedEphemeral  - Result of znode creation is: OK
156 [Thread-0] INFO kafka.consumer.ZookeeperConsumerConnector  - [space.exploration.mars.rover.curiosity.1534060510172_zion-mainframe-1534060510346-433e14ce], end registering consumer space.exploration.mars.rover.curiosity.1534060510172_zion-mainframe-1534060510346-433e14ce in ZK
159 [space.exploration.mars.rover.curiosity.1534060510172_zion-mainframe-1534060510346-433e14ce_watcher_executor] INFO kafka.consumer.ZookeeperConsumerConnector  - [space.exploration.mars.rover.curiosity.1534060510172_zion-mainframe-1534060510346-433e14ce], starting watcher executor thread for consumer space.exploration.mars.rover.curiosity.1534060510172_zion-mainframe-1534060510346-433e14ce
169 [Thread-0] INFO kafka.consumer.ZookeeperConsumerConnector  - [space.exploration.mars.rover.curiosity.1534060510172_zion-mainframe-1534060510346-433e14ce], begin rebalancing consumer space.exploration.mars.rover.curiosity.1534060510172_zion-mainframe-1534060510346-433e14ce try #0
231 [Thread-0] INFO kafka.consumer.ConsumerFetcherManager  - [ConsumerFetcherManager-1534060510411] Stopping leader finder thread
232 [Thread-0] INFO kafka.consumer.ConsumerFetcherManager  - [ConsumerFetcherManager-1534060510411] Stopping all fetchers
232 [Thread-0] INFO kafka.consumer.ConsumerFetcherManager  - [ConsumerFetcherManager-1534060510411] All connections stopped
232 [Thread-0] INFO kafka.consumer.ZookeeperConsumerConnector  - [space.exploration.mars.rover.curiosity.1534060510172_zion-mainframe-1534060510346-433e14ce], Cleared all relevant queues for this fetcher
233 [Thread-0] INFO kafka.consumer.ZookeeperConsumerConnector  - [space.exploration.mars.rover.curiosity.1534060510172_zion-mainframe-1534060510346-433e14ce], Cleared the data chunks in all the consumer message iterators
233 [Thread-0] INFO kafka.consumer.ZookeeperConsumerConnector  - [space.exploration.mars.rover.curiosity.1534060510172_zion-mainframe-1534060510346-433e14ce], Committing all offsets after clearing the fetcher queues
234 [Thread-0] INFO kafka.consumer.ZookeeperConsumerConnector  - [space.exploration.mars.rover.curiosity.1534060510172_zion-mainframe-1534060510346-433e14ce], Releasing partition ownership
252 [Thread-0] INFO kafka.consumer.RangeAssignor  - Consumer space.exploration.mars.rover.curiosity.1534060510172_zion-mainframe-1534060510346-433e14ce rebalancing the following partitions: ArrayBuffer(0) for topic curiosity_to_earth_5 with consumers: List(space.exploration.mars.rover.curiosity.1534060510172_zion-mainframe-1534060510346-433e14ce-0)
253 [Thread-0] INFO kafka.consumer.RangeAssignor  - space.exploration.mars.rover.curiosity.1534060510172_zion-mainframe-1534060510346-433e14ce-0 attempting to claim partition 0
276 [Thread-0] INFO kafka.consumer.ZookeeperConsumerConnector  - [space.exploration.mars.rover.curiosity.1534060510172_zion-mainframe-1534060510346-433e14ce], space.exploration.mars.rover.curiosity.1534060510172_zion-mainframe-1534060510346-433e14ce-0 successfully owned partition 0 for topic curiosity_to_earth_5
290 [Thread-0] INFO kafka.consumer.ZookeeperConsumerConnector  - [space.exploration.mars.rover.curiosity.1534060510172_zion-mainframe-1534060510346-433e14ce], Consumer space.exploration.mars.rover.curiosity.1534060510172_zion-mainframe-1534060510346-433e14ce selected partitions : curiosity_to_earth_5:0: fetched offset = -1: consumed offset = -1
290 [space.exploration.mars.rover.curiosity.1534060510172_zion-mainframe-1534060510346-433e14ce-leader-finder-thread] INFO kafka.consumer.ConsumerFetcherManager$LeaderFinderThread  - [space.exploration.mars.rover.curiosity.1534060510172_zion-mainframe-1534060510346-433e14ce-leader-finder-thread], Starting 
291 [Thread-0] INFO kafka.consumer.ZookeeperConsumerConnector  - [space.exploration.mars.rover.curiosity.1534060510172_zion-mainframe-1534060510346-433e14ce], end rebalancing consumer space.exploration.mars.rover.curiosity.1534060510172_zion-mainframe-1534060510346-433e14ce try #0
301 [space.exploration.mars.rover.curiosity.1534060510172_zion-mainframe-1534060510346-433e14ce-leader-finder-thread] INFO kafka.utils.VerifiableProperties  - Verifying properties
301 [space.exploration.mars.rover.curiosity.1534060510172_zion-mainframe-1534060510346-433e14ce-leader-finder-thread] INFO kafka.utils.VerifiableProperties  - Property client.id is overridden to space.exploration.mars.rover.curiosity.1534060510172
301 [space.exploration.mars.rover.curiosity.1534060510172_zion-mainframe-1534060510346-433e14ce-leader-finder-thread] INFO kafka.utils.VerifiableProperties  - Property metadata.broker.list is overridden to zion-mainframe:9092
301 [space.exploration.mars.rover.curiosity.1534060510172_zion-mainframe-1534060510346-433e14ce-leader-finder-thread] INFO kafka.utils.VerifiableProperties  - Property request.timeout.ms is overridden to 30000
312 [space.exploration.mars.rover.curiosity.1534060510172_zion-mainframe-1534060510346-433e14ce-leader-finder-thread] INFO kafka.client.ClientUtils$  - Fetching metadata from broker BrokerEndPoint(0,zion-mainframe,9092) with correlation id 0 for 1 topic(s) Set(curiosity_to_earth_5)
315 [space.exploration.mars.rover.curiosity.1534060510172_zion-mainframe-1534060510346-433e14ce-leader-finder-thread] INFO kafka.producer.SyncProducer  - Connected to zion-mainframe:9092 for producing
322 [space.exploration.mars.rover.curiosity.1534060510172_zion-mainframe-1534060510346-433e14ce-leader-finder-thread] INFO kafka.producer.SyncProducer  - Disconnecting from zion-mainframe:9092
334 [ConsumerFetcherThread-space.exploration.mars.rover.curiosity.1534060510172_zion-mainframe-1534060510346-433e14ce-0-0] INFO kafka.consumer.ConsumerFetcherThread  - [ConsumerFetcherThread-space.exploration.mars.rover.curiosity.1534060510172_zion-mainframe-1534060510346-433e14ce-0-0], Starting 
340 [space.exploration.mars.rover.curiosity.1534060510172_zion-mainframe-1534060510346-433e14ce-leader-finder-thread] INFO kafka.consumer.ConsumerFetcherManager  - [ConsumerFetcherManager-1534060510411] Added fetcher for partitions ArrayBuffer([[curiosity_to_earth_5,0], initOffset -1 to broker BrokerEndPoint(0,zion-mainframe,9092)] )
18913383 [ConsumerFetcherThread-space.exploration.mars.rover.curiosity.1534060510172_zion-mainframe-1534060510346-433e14ce-0-0] INFO kafka.consumer.SimpleConsumer  - Reconnect due to error:
java.io.EOFException
	at org.apache.kafka.common.network.NetworkReceive.readFromReadableChannel(NetworkReceive.java:83)
	at kafka.network.BlockingChannel.readCompletely(BlockingChannel.scala:129)
	at kafka.network.BlockingChannel.receive(BlockingChannel.scala:120)
	at kafka.consumer.SimpleConsumer.liftedTree1$1(SimpleConsumer.scala:86)
	at kafka.consumer.SimpleConsumer.kafka$consumer$SimpleConsumer$$sendRequest(SimpleConsumer.scala:83)
	at kafka.consumer.SimpleConsumer$$anonfun$fetch$1$$anonfun$apply$mcV$sp$1.apply$mcV$sp(SimpleConsumer.scala:132)
	at kafka.consumer.SimpleConsumer$$anonfun$fetch$1$$anonfun$apply$mcV$sp$1.apply(SimpleConsumer.scala:132)
	at kafka.consumer.SimpleConsumer$$anonfun$fetch$1$$anonfun$apply$mcV$sp$1.apply(SimpleConsumer.scala:132)
	at kafka.metrics.KafkaTimer.time(KafkaTimer.scala:33)
	at kafka.consumer.SimpleConsumer$$anonfun$fetch$1.apply$mcV$sp(SimpleConsumer.scala:131)
	at kafka.consumer.SimpleConsumer$$anonfun$fetch$1.apply(SimpleConsumer.scala:131)
	at kafka.consumer.SimpleConsumer$$anonfun$fetch$1.apply(SimpleConsumer.scala:131)
	at kafka.metrics.KafkaTimer.time(KafkaTimer.scala:33)
	at kafka.consumer.SimpleConsumer.fetch(SimpleConsumer.scala:130)
	at kafka.consumer.ConsumerFetcherThread.fetch(ConsumerFetcherThread.scala:108)
	at kafka.consumer.ConsumerFetcherThread.fetch(ConsumerFetcherThread.scala:29)
	at kafka.server.AbstractFetcherThread.processFetchRequest(AbstractFetcherThread.scala:102)
	at kafka.server.AbstractFetcherThread.doWork(AbstractFetcherThread.scala:93)
	at kafka.utils.ShutdownableThread.run(ShutdownableThread.scala:63)
20913686 [ConsumerFetcherThread-space.exploration.mars.rover.curiosity.1534060510172_zion-mainframe-1534060510346-433e14ce-0-0] INFO kafka.consumer.SimpleConsumer  - Reconnect due to error:
java.io.EOFException
	at org.apache.kafka.common.network.NetworkReceive.readFromReadableChannel(NetworkReceive.java:83)
	at kafka.network.BlockingChannel.readCompletely(BlockingChannel.scala:129)
	at kafka.network.BlockingChannel.receive(BlockingChannel.scala:120)
	at kafka.consumer.SimpleConsumer.liftedTree1$1(SimpleConsumer.scala:86)
	at kafka.consumer.SimpleConsumer.kafka$consumer$SimpleConsumer$$sendRequest(SimpleConsumer.scala:83)
	at kafka.consumer.SimpleConsumer$$anonfun$fetch$1$$anonfun$apply$mcV$sp$1.apply$mcV$sp(SimpleConsumer.scala:132)
	at kafka.consumer.SimpleConsumer$$anonfun$fetch$1$$anonfun$apply$mcV$sp$1.apply(SimpleConsumer.scala:132)
	at kafka.consumer.SimpleConsumer$$anonfun$fetch$1$$anonfun$apply$mcV$sp$1.apply(SimpleConsumer.scala:132)
	at kafka.metrics.KafkaTimer.time(KafkaTimer.scala:33)
	at kafka.consumer.SimpleConsumer$$anonfun$fetch$1.apply$mcV$sp(SimpleConsumer.scala:131)
	at kafka.consumer.SimpleConsumer$$anonfun$fetch$1.apply(SimpleConsumer.scala:131)
	at kafka.consumer.SimpleConsumer$$anonfun$fetch$1.apply(SimpleConsumer.scala:131)
	at kafka.metrics.KafkaTimer.time(KafkaTimer.scala:33)
	at kafka.consumer.SimpleConsumer.fetch(SimpleConsumer.scala:130)
	at kafka.consumer.ConsumerFetcherThread.fetch(ConsumerFetcherThread.scala:108)
	at kafka.consumer.ConsumerFetcherThread.fetch(ConsumerFetcherThread.scala:29)
	at kafka.server.AbstractFetcherThread.processFetchRequest(AbstractFetcherThread.scala:102)
	at kafka.server.AbstractFetcherThread.doWork(AbstractFetcherThread.scala:93)
	at kafka.utils.ShutdownableThread.run(ShutdownableThread.scala:63)
