0 [main] INFO kafka.utils.VerifiableProperties  - Verifying properties
49 [main] WARN kafka.utils.VerifiableProperties  - Property auto.offset.reset is not valid
50 [main] WARN kafka.utils.VerifiableProperties  - Property bootstrap.servers is not valid
50 [main] WARN kafka.utils.VerifiableProperties  - Property destination.topic is not valid
50 [main] WARN kafka.utils.VerifiableProperties  - Property group.id is not valid
50 [main] WARN kafka.utils.VerifiableProperties  - Property key.serializer is not valid
50 [main] INFO kafka.utils.VerifiableProperties  - Property metadata.broker.list is overridden to localhost:9092
51 [main] WARN kafka.utils.VerifiableProperties  - Property source.topic is not valid
51 [main] WARN kafka.utils.VerifiableProperties  - Property value.serializer is not valid
52 [main] WARN kafka.utils.VerifiableProperties  - Property zookeeper.connect is not valid
235 [main] INFO kafka.client.ClientUtils$  - Fetching metadata from broker BrokerEndPoint(0,localhost,9092) with correlation id 0 for 1 topic(s) Set(earth_to_curiosity_5)
366 [main] INFO kafka.producer.SyncProducer  - Connected to localhost:9092 for producing
386 [main] INFO kafka.producer.SyncProducer  - Disconnecting from localhost:9092
439 [main] INFO kafka.producer.SyncProducer  - Connected to zion-mainframe:9092 for producing
610153 [main] INFO kafka.client.ClientUtils$  - Fetching metadata from broker BrokerEndPoint(0,localhost,9092) with correlation id 107 for 1 topic(s) Set(earth_to_curiosity_5)
610154 [main] INFO kafka.producer.SyncProducer  - Connected to localhost:9092 for producing
610156 [main] INFO kafka.producer.SyncProducer  - Disconnecting from localhost:9092
610156 [main] INFO kafka.producer.SyncProducer  - Disconnecting from zion-mainframe:9092
610159 [main] INFO kafka.producer.SyncProducer  - Connected to zion-mainframe:9092 for producing
1219793 [main] INFO kafka.client.ClientUtils$  - Fetching metadata from broker BrokerEndPoint(0,localhost,9092) with correlation id 214 for 1 topic(s) Set(earth_to_curiosity_5)
1219794 [main] INFO kafka.producer.SyncProducer  - Connected to localhost:9092 for producing
1219796 [main] INFO kafka.producer.SyncProducer  - Disconnecting from localhost:9092
1219796 [main] INFO kafka.producer.SyncProducer  - Disconnecting from zion-mainframe:9092
1219799 [main] INFO kafka.producer.SyncProducer  - Connected to zion-mainframe:9092 for producing
1829411 [main] INFO kafka.client.ClientUtils$  - Fetching metadata from broker BrokerEndPoint(0,localhost,9092) with correlation id 321 for 1 topic(s) Set(earth_to_curiosity_5)
1829412 [main] INFO kafka.producer.SyncProducer  - Connected to localhost:9092 for producing
1829413 [main] INFO kafka.producer.SyncProducer  - Disconnecting from localhost:9092
1829413 [main] INFO kafka.producer.SyncProducer  - Disconnecting from zion-mainframe:9092
1829414 [main] INFO kafka.producer.SyncProducer  - Connected to zion-mainframe:9092 for producing
2439004 [main] INFO kafka.client.ClientUtils$  - Fetching metadata from broker BrokerEndPoint(0,localhost,9092) with correlation id 428 for 1 topic(s) Set(earth_to_curiosity_5)
2439005 [main] INFO kafka.producer.SyncProducer  - Connected to localhost:9092 for producing
2439005 [main] INFO kafka.producer.SyncProducer  - Disconnecting from localhost:9092
2439006 [main] INFO kafka.producer.SyncProducer  - Disconnecting from zion-mainframe:9092
2439007 [main] INFO kafka.producer.SyncProducer  - Connected to zion-mainframe:9092 for producing
3048576 [main] INFO kafka.client.ClientUtils$  - Fetching metadata from broker BrokerEndPoint(0,localhost,9092) with correlation id 535 for 1 topic(s) Set(earth_to_curiosity_5)
3048577 [main] INFO kafka.producer.SyncProducer  - Connected to localhost:9092 for producing
3048577 [main] INFO kafka.producer.SyncProducer  - Disconnecting from localhost:9092
3048577 [main] INFO kafka.producer.SyncProducer  - Disconnecting from zion-mainframe:9092
3048578 [main] INFO kafka.producer.SyncProducer  - Connected to zion-mainframe:9092 for producing
3658168 [main] INFO kafka.client.ClientUtils$  - Fetching metadata from broker BrokerEndPoint(0,localhost,9092) with correlation id 642 for 1 topic(s) Set(earth_to_curiosity_5)
3658170 [main] INFO kafka.producer.SyncProducer  - Connected to localhost:9092 for producing
3658171 [main] INFO kafka.producer.SyncProducer  - Disconnecting from localhost:9092
3658171 [main] INFO kafka.producer.SyncProducer  - Disconnecting from zion-mainframe:9092
3658175 [main] INFO kafka.producer.SyncProducer  - Connected to zion-mainframe:9092 for producing
4267754 [main] INFO kafka.client.ClientUtils$  - Fetching metadata from broker BrokerEndPoint(0,localhost,9092) with correlation id 749 for 1 topic(s) Set(earth_to_curiosity_5)
4267756 [main] INFO kafka.producer.SyncProducer  - Connected to localhost:9092 for producing
4267757 [main] INFO kafka.producer.SyncProducer  - Disconnecting from localhost:9092
4267758 [main] INFO kafka.producer.SyncProducer  - Disconnecting from zion-mainframe:9092
4267760 [main] INFO kafka.producer.SyncProducer  - Connected to zion-mainframe:9092 for producing
4877329 [main] INFO kafka.client.ClientUtils$  - Fetching metadata from broker BrokerEndPoint(0,localhost,9092) with correlation id 856 for 1 topic(s) Set(earth_to_curiosity_5)
4877329 [main] INFO kafka.producer.SyncProducer  - Connected to localhost:9092 for producing
4877330 [main] INFO kafka.producer.SyncProducer  - Disconnecting from localhost:9092
4877330 [main] INFO kafka.producer.SyncProducer  - Disconnecting from zion-mainframe:9092
4877331 [main] INFO kafka.producer.SyncProducer  - Connected to zion-mainframe:9092 for producing
5486891 [main] INFO kafka.client.ClientUtils$  - Fetching metadata from broker BrokerEndPoint(0,localhost,9092) with correlation id 963 for 1 topic(s) Set(earth_to_curiosity_5)
5486892 [main] INFO kafka.producer.SyncProducer  - Connected to localhost:9092 for producing
5486892 [main] INFO kafka.producer.SyncProducer  - Disconnecting from localhost:9092
5486892 [main] INFO kafka.producer.SyncProducer  - Disconnecting from zion-mainframe:9092
5486893 [main] INFO kafka.producer.SyncProducer  - Connected to zion-mainframe:9092 for producing
6096456 [main] INFO kafka.client.ClientUtils$  - Fetching metadata from broker BrokerEndPoint(0,localhost,9092) with correlation id 1070 for 1 topic(s) Set(earth_to_curiosity_5)
6096458 [main] INFO kafka.producer.SyncProducer  - Connected to localhost:9092 for producing
6096459 [main] INFO kafka.producer.SyncProducer  - Disconnecting from localhost:9092
6096459 [main] INFO kafka.producer.SyncProducer  - Disconnecting from zion-mainframe:9092
6096462 [main] INFO kafka.producer.SyncProducer  - Connected to zion-mainframe:9092 for producing
6706013 [main] INFO kafka.client.ClientUtils$  - Fetching metadata from broker BrokerEndPoint(0,localhost,9092) with correlation id 1177 for 1 topic(s) Set(earth_to_curiosity_5)
6706014 [main] INFO kafka.producer.SyncProducer  - Connected to localhost:9092 for producing
6706014 [main] INFO kafka.producer.SyncProducer  - Disconnecting from localhost:9092
6706014 [main] INFO kafka.producer.SyncProducer  - Disconnecting from zion-mainframe:9092
6706015 [main] INFO kafka.producer.SyncProducer  - Connected to zion-mainframe:9092 for producing
7315560 [main] INFO kafka.client.ClientUtils$  - Fetching metadata from broker BrokerEndPoint(0,localhost,9092) with correlation id 1284 for 1 topic(s) Set(earth_to_curiosity_5)
7315560 [main] INFO kafka.producer.SyncProducer  - Connected to localhost:9092 for producing
7315560 [main] INFO kafka.producer.SyncProducer  - Disconnecting from localhost:9092
7315561 [main] INFO kafka.producer.SyncProducer  - Disconnecting from zion-mainframe:9092
7315561 [main] INFO kafka.producer.SyncProducer  - Connected to zion-mainframe:9092 for producing
7925112 [main] INFO kafka.client.ClientUtils$  - Fetching metadata from broker BrokerEndPoint(0,localhost,9092) with correlation id 1391 for 1 topic(s) Set(earth_to_curiosity_5)
7925113 [main] INFO kafka.producer.SyncProducer  - Connected to localhost:9092 for producing
7925115 [main] INFO kafka.producer.SyncProducer  - Disconnecting from localhost:9092
7925115 [main] INFO kafka.producer.SyncProducer  - Disconnecting from zion-mainframe:9092
7925117 [main] INFO kafka.producer.SyncProducer  - Connected to zion-mainframe:9092 for producing
8534678 [main] INFO kafka.client.ClientUtils$  - Fetching metadata from broker BrokerEndPoint(0,localhost,9092) with correlation id 1498 for 1 topic(s) Set(earth_to_curiosity_5)
8534679 [main] INFO kafka.producer.SyncProducer  - Connected to localhost:9092 for producing
8534680 [main] INFO kafka.producer.SyncProducer  - Disconnecting from localhost:9092
8534681 [main] INFO kafka.producer.SyncProducer  - Disconnecting from zion-mainframe:9092
8534682 [main] INFO kafka.producer.SyncProducer  - Connected to zion-mainframe:9092 for producing
9144241 [main] INFO kafka.client.ClientUtils$  - Fetching metadata from broker BrokerEndPoint(0,localhost,9092) with correlation id 1605 for 1 topic(s) Set(earth_to_curiosity_5)
9144241 [main] INFO kafka.producer.SyncProducer  - Connected to localhost:9092 for producing
9144241 [main] INFO kafka.producer.SyncProducer  - Disconnecting from localhost:9092
9144241 [main] INFO kafka.producer.SyncProducer  - Disconnecting from zion-mainframe:9092
9144242 [main] INFO kafka.producer.SyncProducer  - Connected to zion-mainframe:9092 for producing
9753800 [main] INFO kafka.client.ClientUtils$  - Fetching metadata from broker BrokerEndPoint(0,localhost,9092) with correlation id 1712 for 1 topic(s) Set(earth_to_curiosity_5)
9753800 [main] INFO kafka.producer.SyncProducer  - Connected to localhost:9092 for producing
9753801 [main] INFO kafka.producer.SyncProducer  - Disconnecting from localhost:9092
9753801 [main] INFO kafka.producer.SyncProducer  - Disconnecting from zion-mainframe:9092
9753802 [main] INFO kafka.producer.SyncProducer  - Connected to zion-mainframe:9092 for producing
10363350 [main] INFO kafka.client.ClientUtils$  - Fetching metadata from broker BrokerEndPoint(0,localhost,9092) with correlation id 1819 for 1 topic(s) Set(earth_to_curiosity_5)
10363351 [main] INFO kafka.producer.SyncProducer  - Connected to localhost:9092 for producing
10363351 [main] INFO kafka.producer.SyncProducer  - Disconnecting from localhost:9092
10363351 [main] INFO kafka.producer.SyncProducer  - Disconnecting from zion-mainframe:9092
10363352 [main] INFO kafka.producer.SyncProducer  - Connected to zion-mainframe:9092 for producing
10972928 [main] INFO kafka.client.ClientUtils$  - Fetching metadata from broker BrokerEndPoint(0,localhost,9092) with correlation id 1926 for 1 topic(s) Set(earth_to_curiosity_5)
10972930 [main] INFO kafka.producer.SyncProducer  - Connected to localhost:9092 for producing
10972932 [main] INFO kafka.producer.SyncProducer  - Disconnecting from localhost:9092
10972933 [main] INFO kafka.producer.SyncProducer  - Disconnecting from zion-mainframe:9092
10972935 [main] INFO kafka.producer.SyncProducer  - Connected to zion-mainframe:9092 for producing
11582478 [main] INFO kafka.client.ClientUtils$  - Fetching metadata from broker BrokerEndPoint(0,localhost,9092) with correlation id 2033 for 1 topic(s) Set(earth_to_curiosity_5)
11582479 [main] INFO kafka.producer.SyncProducer  - Connected to localhost:9092 for producing
11582480 [main] INFO kafka.producer.SyncProducer  - Disconnecting from localhost:9092
11582480 [main] INFO kafka.producer.SyncProducer  - Disconnecting from zion-mainframe:9092
11582481 [main] INFO kafka.producer.SyncProducer  - Connected to zion-mainframe:9092 for producing
12192014 [main] INFO kafka.client.ClientUtils$  - Fetching metadata from broker BrokerEndPoint(0,localhost,9092) with correlation id 2140 for 1 topic(s) Set(earth_to_curiosity_5)
12192015 [main] INFO kafka.producer.SyncProducer  - Connected to localhost:9092 for producing
12192015 [main] INFO kafka.producer.SyncProducer  - Disconnecting from localhost:9092
12192015 [main] INFO kafka.producer.SyncProducer  - Disconnecting from zion-mainframe:9092
12192016 [main] INFO kafka.producer.SyncProducer  - Connected to zion-mainframe:9092 for producing
12801576 [main] INFO kafka.client.ClientUtils$  - Fetching metadata from broker BrokerEndPoint(0,localhost,9092) with correlation id 2247 for 1 topic(s) Set(earth_to_curiosity_5)
12801579 [main] INFO kafka.producer.SyncProducer  - Connected to localhost:9092 for producing
12801579 [main] INFO kafka.producer.SyncProducer  - Disconnecting from localhost:9092
12801579 [main] INFO kafka.producer.SyncProducer  - Disconnecting from zion-mainframe:9092
12801580 [main] INFO kafka.producer.SyncProducer  - Connected to zion-mainframe:9092 for producing
13411126 [main] INFO kafka.client.ClientUtils$  - Fetching metadata from broker BrokerEndPoint(0,localhost,9092) with correlation id 2354 for 1 topic(s) Set(earth_to_curiosity_5)
13411127 [main] INFO kafka.producer.SyncProducer  - Connected to localhost:9092 for producing
13411127 [main] INFO kafka.producer.SyncProducer  - Disconnecting from localhost:9092
13411127 [main] INFO kafka.producer.SyncProducer  - Disconnecting from zion-mainframe:9092
13411128 [main] INFO kafka.producer.SyncProducer  - Connected to zion-mainframe:9092 for producing
14020674 [main] INFO kafka.client.ClientUtils$  - Fetching metadata from broker BrokerEndPoint(0,localhost,9092) with correlation id 2461 for 1 topic(s) Set(earth_to_curiosity_5)
14020675 [main] INFO kafka.producer.SyncProducer  - Connected to localhost:9092 for producing
14020676 [main] INFO kafka.producer.SyncProducer  - Disconnecting from localhost:9092
14020677 [main] INFO kafka.producer.SyncProducer  - Disconnecting from zion-mainframe:9092
14020680 [main] INFO kafka.producer.SyncProducer  - Connected to zion-mainframe:9092 for producing
14630238 [main] INFO kafka.client.ClientUtils$  - Fetching metadata from broker BrokerEndPoint(0,localhost,9092) with correlation id 2568 for 1 topic(s) Set(earth_to_curiosity_5)
14630240 [main] INFO kafka.producer.SyncProducer  - Connected to localhost:9092 for producing
14630243 [main] INFO kafka.producer.SyncProducer  - Disconnecting from localhost:9092
14630243 [main] INFO kafka.producer.SyncProducer  - Disconnecting from zion-mainframe:9092
14630244 [main] INFO kafka.producer.SyncProducer  - Connected to zion-mainframe:9092 for producing
15239791 [main] INFO kafka.client.ClientUtils$  - Fetching metadata from broker BrokerEndPoint(0,localhost,9092) with correlation id 2675 for 1 topic(s) Set(earth_to_curiosity_5)
15239792 [main] INFO kafka.producer.SyncProducer  - Connected to localhost:9092 for producing
15239793 [main] INFO kafka.producer.SyncProducer  - Disconnecting from localhost:9092
15239794 [main] INFO kafka.producer.SyncProducer  - Disconnecting from zion-mainframe:9092
15239795 [main] INFO kafka.producer.SyncProducer  - Connected to zion-mainframe:9092 for producing
15849341 [main] INFO kafka.client.ClientUtils$  - Fetching metadata from broker BrokerEndPoint(0,localhost,9092) with correlation id 2782 for 1 topic(s) Set(earth_to_curiosity_5)
15849342 [main] INFO kafka.producer.SyncProducer  - Connected to localhost:9092 for producing
15849342 [main] INFO kafka.producer.SyncProducer  - Disconnecting from localhost:9092
15849342 [main] INFO kafka.producer.SyncProducer  - Disconnecting from zion-mainframe:9092
15849343 [main] INFO kafka.producer.SyncProducer  - Connected to zion-mainframe:9092 for producing
16458881 [main] INFO kafka.client.ClientUtils$  - Fetching metadata from broker BrokerEndPoint(0,localhost,9092) with correlation id 2889 for 1 topic(s) Set(earth_to_curiosity_5)
16458881 [main] INFO kafka.producer.SyncProducer  - Connected to localhost:9092 for producing
16458882 [main] INFO kafka.producer.SyncProducer  - Disconnecting from localhost:9092
16458882 [main] INFO kafka.producer.SyncProducer  - Disconnecting from zion-mainframe:9092
16458883 [main] INFO kafka.producer.SyncProducer  - Connected to zion-mainframe:9092 for producing
17068423 [main] INFO kafka.client.ClientUtils$  - Fetching metadata from broker BrokerEndPoint(0,localhost,9092) with correlation id 2996 for 1 topic(s) Set(earth_to_curiosity_5)
17068424 [main] INFO kafka.producer.SyncProducer  - Connected to localhost:9092 for producing
17068426 [main] INFO kafka.producer.SyncProducer  - Disconnecting from localhost:9092
17068426 [main] INFO kafka.producer.SyncProducer  - Disconnecting from zion-mainframe:9092
17068427 [main] INFO kafka.producer.SyncProducer  - Connected to zion-mainframe:9092 for producing
17677967 [main] INFO kafka.client.ClientUtils$  - Fetching metadata from broker BrokerEndPoint(0,localhost,9092) with correlation id 3103 for 1 topic(s) Set(earth_to_curiosity_5)
17677967 [main] INFO kafka.producer.SyncProducer  - Connected to localhost:9092 for producing
17677967 [main] INFO kafka.producer.SyncProducer  - Disconnecting from localhost:9092
17677967 [main] INFO kafka.producer.SyncProducer  - Disconnecting from zion-mainframe:9092
17677968 [main] INFO kafka.producer.SyncProducer  - Connected to zion-mainframe:9092 for producing
18287509 [main] INFO kafka.client.ClientUtils$  - Fetching metadata from broker BrokerEndPoint(0,localhost,9092) with correlation id 3210 for 1 topic(s) Set(earth_to_curiosity_5)
18287509 [main] INFO kafka.producer.SyncProducer  - Connected to localhost:9092 for producing
18287510 [main] INFO kafka.producer.SyncProducer  - Disconnecting from localhost:9092
18287510 [main] INFO kafka.producer.SyncProducer  - Disconnecting from zion-mainframe:9092
18287510 [main] INFO kafka.producer.SyncProducer  - Connected to zion-mainframe:9092 for producing
18897045 [main] INFO kafka.client.ClientUtils$  - Fetching metadata from broker BrokerEndPoint(0,localhost,9092) with correlation id 3317 for 1 topic(s) Set(earth_to_curiosity_5)
18897046 [main] INFO kafka.producer.SyncProducer  - Connected to localhost:9092 for producing
18897047 [main] INFO kafka.producer.SyncProducer  - Disconnecting from localhost:9092
18897047 [main] INFO kafka.producer.SyncProducer  - Disconnecting from zion-mainframe:9092
18897049 [main] INFO kafka.producer.SyncProducer  - Connected to zion-mainframe:9092 for producing
19506583 [main] INFO kafka.client.ClientUtils$  - Fetching metadata from broker BrokerEndPoint(0,localhost,9092) with correlation id 3424 for 1 topic(s) Set(earth_to_curiosity_5)
19506583 [main] INFO kafka.producer.SyncProducer  - Connected to localhost:9092 for producing
19506584 [main] INFO kafka.producer.SyncProducer  - Disconnecting from localhost:9092
19506584 [main] INFO kafka.producer.SyncProducer  - Disconnecting from zion-mainframe:9092
19506584 [main] INFO kafka.producer.SyncProducer  - Connected to zion-mainframe:9092 for producing
20116121 [main] INFO kafka.client.ClientUtils$  - Fetching metadata from broker BrokerEndPoint(0,localhost,9092) with correlation id 3531 for 1 topic(s) Set(earth_to_curiosity_5)
20116122 [main] INFO kafka.producer.SyncProducer  - Connected to localhost:9092 for producing
20116124 [main] INFO kafka.producer.SyncProducer  - Disconnecting from localhost:9092
20116124 [main] INFO kafka.producer.SyncProducer  - Disconnecting from zion-mainframe:9092
20116126 [main] INFO kafka.producer.SyncProducer  - Connected to zion-mainframe:9092 for producing
20725665 [main] INFO kafka.client.ClientUtils$  - Fetching metadata from broker BrokerEndPoint(0,localhost,9092) with correlation id 3638 for 1 topic(s) Set(earth_to_curiosity_5)
20725666 [main] INFO kafka.producer.SyncProducer  - Connected to localhost:9092 for producing
20725668 [main] INFO kafka.producer.SyncProducer  - Disconnecting from localhost:9092
20725668 [main] INFO kafka.producer.SyncProducer  - Disconnecting from zion-mainframe:9092
20725671 [main] INFO kafka.producer.SyncProducer  - Connected to zion-mainframe:9092 for producing
21335212 [main] INFO kafka.client.ClientUtils$  - Fetching metadata from broker BrokerEndPoint(0,localhost,9092) with correlation id 3745 for 1 topic(s) Set(earth_to_curiosity_5)
21335213 [main] INFO kafka.producer.SyncProducer  - Connected to localhost:9092 for producing
21335214 [main] INFO kafka.producer.SyncProducer  - Disconnecting from localhost:9092
21335214 [main] INFO kafka.producer.SyncProducer  - Disconnecting from zion-mainframe:9092
21335216 [main] INFO kafka.producer.SyncProducer  - Connected to zion-mainframe:9092 for producing
