0 [main] INFO kafka.utils.VerifiableProperties  - Verifying properties
28 [main] INFO kafka.utils.VerifiableProperties  - Property auto.offset.reset is overridden to largest
28 [main] WARN kafka.utils.VerifiableProperties  - Property bootstrap.servers is not valid
29 [main] WARN kafka.utils.VerifiableProperties  - Property destination.topic is not valid
29 [main] INFO kafka.utils.VerifiableProperties  - Property group.id is overridden to space.exploration.mars.rover.curiosity.1528167336284
29 [main] WARN kafka.utils.VerifiableProperties  - Property key.serializer is not valid
29 [main] WARN kafka.utils.VerifiableProperties  - Property metadata.broker.list is not valid
29 [main] WARN kafka.utils.VerifiableProperties  - Property source.topic is not valid
29 [main] WARN kafka.utils.VerifiableProperties  - Property value.serializer is not valid
29 [main] INFO kafka.utils.VerifiableProperties  - Property zookeeper.connect is overridden to localhost:2181
66 [main] INFO kafka.consumer.ZookeeperConsumerConnector  - [space.exploration.mars.rover.curiosity.1528167336284_zion-mainframe-1528167336511-1dea6e8d], Connecting to zookeeper instance at localhost:2181
70 [ZkClient-EventThread-14-localhost:2181] INFO org.I0Itec.zkclient.ZkEventThread  - Starting ZkClient event thread.
73 [main] INFO org.apache.zookeeper.ZooKeeper  - Client environment:zookeeper.version=3.4.6-1569965, built on 02/20/2014 09:09 GMT
73 [main] INFO org.apache.zookeeper.ZooKeeper  - Client environment:host.name=zion-mainframe
73 [main] INFO org.apache.zookeeper.ZooKeeper  - Client environment:java.version=1.8.0_171
73 [main] INFO org.apache.zookeeper.ZooKeeper  - Client environment:java.vendor=Oracle Corporation
73 [main] INFO org.apache.zookeeper.ZooKeeper  - Client environment:java.home=/usr/lib/jvm/java-8-openjdk-amd64/jre
73 [main] INFO org.apache.zookeeper.ZooKeeper  - Client environment:java.class.path=target/mission.control-1.2-shaded.jar
73 [main] INFO org.apache.zookeeper.ZooKeeper  - Client environment:java.library.path=/usr/java/packages/lib/amd64:/usr/lib/x86_64-linux-gnu/jni:/lib/x86_64-linux-gnu:/usr/lib/x86_64-linux-gnu:/usr/lib/jni:/lib:/usr/lib
73 [main] INFO org.apache.zookeeper.ZooKeeper  - Client environment:java.io.tmpdir=/tmp
73 [main] INFO org.apache.zookeeper.ZooKeeper  - Client environment:java.compiler=<NA>
73 [main] INFO org.apache.zookeeper.ZooKeeper  - Client environment:os.name=Linux
73 [main] INFO org.apache.zookeeper.ZooKeeper  - Client environment:os.arch=amd64
73 [main] INFO org.apache.zookeeper.ZooKeeper  - Client environment:os.version=4.13.0-43-generic
73 [main] INFO org.apache.zookeeper.ZooKeeper  - Client environment:user.name=sanket
73 [main] INFO org.apache.zookeeper.ZooKeeper  - Client environment:user.home=/home/sanket
73 [main] INFO org.apache.zookeeper.ZooKeeper  - Client environment:user.dir=/home/sanket/Documents/workspace/Mission.Control
74 [main] INFO org.apache.zookeeper.ZooKeeper  - Initiating client connection, connectString=localhost:2181 sessionTimeout=6000 watcher=org.I0Itec.zkclient.ZkClient@2d127a61
82 [main] INFO org.I0Itec.zkclient.ZkClient  - Waiting for keeper state SyncConnected
83 [main-SendThread(localhost:2181)] INFO org.apache.zookeeper.ClientCnxn  - Opening socket connection to server localhost/127.0.0.1:2181. Will not attempt to authenticate using SASL (unknown error)
125 [main-SendThread(localhost:2181)] INFO org.apache.zookeeper.ClientCnxn  - Socket connection established to localhost/127.0.0.1:2181, initiating session
129 [main-SendThread(localhost:2181)] INFO org.apache.zookeeper.ClientCnxn  - Session establishment complete on server localhost/127.0.0.1:2181, sessionid = 0x163b63ced5e000b, negotiated timeout = 6000
130 [main-EventThread] INFO org.I0Itec.zkclient.ZkClient  - zookeeper state changed (SyncConnected)
137 [main] INFO kafka.consumer.ZookeeperConsumerConnector  - [space.exploration.mars.rover.curiosity.1528167336284_zion-mainframe-1528167336511-1dea6e8d], starting auto committer every 60000 ms
155 [Thread-0] INFO kafka.consumer.ZookeeperConsumerConnector  - [space.exploration.mars.rover.curiosity.1528167336284_zion-mainframe-1528167336511-1dea6e8d], begin registering consumer space.exploration.mars.rover.curiosity.1528167336284_zion-mainframe-1528167336511-1dea6e8d in ZK
174 [Thread-0] INFO kafka.utils.ZKCheckedEphemeral  - Creating /consumers/space.exploration.mars.rover.curiosity.1528167336284/ids/space.exploration.mars.rover.curiosity.1528167336284_zion-mainframe-1528167336511-1dea6e8d (is it secure? false)
182 [Thread-0] INFO kafka.utils.ZKCheckedEphemeral  - Result of znode creation is: OK
182 [Thread-0] INFO kafka.consumer.ZookeeperConsumerConnector  - [space.exploration.mars.rover.curiosity.1528167336284_zion-mainframe-1528167336511-1dea6e8d], end registering consumer space.exploration.mars.rover.curiosity.1528167336284_zion-mainframe-1528167336511-1dea6e8d in ZK
187 [space.exploration.mars.rover.curiosity.1528167336284_zion-mainframe-1528167336511-1dea6e8d_watcher_executor] INFO kafka.consumer.ZookeeperConsumerConnector  - [space.exploration.mars.rover.curiosity.1528167336284_zion-mainframe-1528167336511-1dea6e8d], starting watcher executor thread for consumer space.exploration.mars.rover.curiosity.1528167336284_zion-mainframe-1528167336511-1dea6e8d
203 [Thread-0] INFO kafka.consumer.ZookeeperConsumerConnector  - [space.exploration.mars.rover.curiosity.1528167336284_zion-mainframe-1528167336511-1dea6e8d], begin rebalancing consumer space.exploration.mars.rover.curiosity.1528167336284_zion-mainframe-1528167336511-1dea6e8d try #0
279 [Thread-0] INFO kafka.consumer.ConsumerFetcherManager  - [ConsumerFetcherManager-1528167336581] Stopping leader finder thread
279 [Thread-0] INFO kafka.consumer.ConsumerFetcherManager  - [ConsumerFetcherManager-1528167336581] Stopping all fetchers
280 [Thread-0] INFO kafka.consumer.ConsumerFetcherManager  - [ConsumerFetcherManager-1528167336581] All connections stopped
280 [Thread-0] INFO kafka.consumer.ZookeeperConsumerConnector  - [space.exploration.mars.rover.curiosity.1528167336284_zion-mainframe-1528167336511-1dea6e8d], Cleared all relevant queues for this fetcher
281 [Thread-0] INFO kafka.consumer.ZookeeperConsumerConnector  - [space.exploration.mars.rover.curiosity.1528167336284_zion-mainframe-1528167336511-1dea6e8d], Cleared the data chunks in all the consumer message iterators
281 [Thread-0] INFO kafka.consumer.ZookeeperConsumerConnector  - [space.exploration.mars.rover.curiosity.1528167336284_zion-mainframe-1528167336511-1dea6e8d], Committing all offsets after clearing the fetcher queues
282 [Thread-0] INFO kafka.consumer.ZookeeperConsumerConnector  - [space.exploration.mars.rover.curiosity.1528167336284_zion-mainframe-1528167336511-1dea6e8d], Releasing partition ownership
304 [Thread-0] INFO kafka.consumer.RangeAssignor  - Consumer space.exploration.mars.rover.curiosity.1528167336284_zion-mainframe-1528167336511-1dea6e8d rebalancing the following partitions: ArrayBuffer(0) for topic curiosity_to_earth_5 with consumers: List(space.exploration.mars.rover.curiosity.1528167336284_zion-mainframe-1528167336511-1dea6e8d-0)
305 [Thread-0] INFO kafka.consumer.RangeAssignor  - space.exploration.mars.rover.curiosity.1528167336284_zion-mainframe-1528167336511-1dea6e8d-0 attempting to claim partition 0
333 [Thread-0] INFO kafka.consumer.ZookeeperConsumerConnector  - [space.exploration.mars.rover.curiosity.1528167336284_zion-mainframe-1528167336511-1dea6e8d], space.exploration.mars.rover.curiosity.1528167336284_zion-mainframe-1528167336511-1dea6e8d-0 successfully owned partition 0 for topic curiosity_to_earth_5
349 [Thread-0] INFO kafka.consumer.ZookeeperConsumerConnector  - [space.exploration.mars.rover.curiosity.1528167336284_zion-mainframe-1528167336511-1dea6e8d], Consumer space.exploration.mars.rover.curiosity.1528167336284_zion-mainframe-1528167336511-1dea6e8d selected partitions : curiosity_to_earth_5:0: fetched offset = -1: consumed offset = -1
355 [Thread-0] INFO kafka.consumer.ZookeeperConsumerConnector  - [space.exploration.mars.rover.curiosity.1528167336284_zion-mainframe-1528167336511-1dea6e8d], end rebalancing consumer space.exploration.mars.rover.curiosity.1528167336284_zion-mainframe-1528167336511-1dea6e8d try #0
357 [space.exploration.mars.rover.curiosity.1528167336284_zion-mainframe-1528167336511-1dea6e8d-leader-finder-thread] INFO kafka.consumer.ConsumerFetcherManager$LeaderFinderThread  - [space.exploration.mars.rover.curiosity.1528167336284_zion-mainframe-1528167336511-1dea6e8d-leader-finder-thread], Starting 
368 [space.exploration.mars.rover.curiosity.1528167336284_zion-mainframe-1528167336511-1dea6e8d-leader-finder-thread] INFO kafka.utils.VerifiableProperties  - Verifying properties
368 [space.exploration.mars.rover.curiosity.1528167336284_zion-mainframe-1528167336511-1dea6e8d-leader-finder-thread] INFO kafka.utils.VerifiableProperties  - Property client.id is overridden to space.exploration.mars.rover.curiosity.1528167336284
368 [space.exploration.mars.rover.curiosity.1528167336284_zion-mainframe-1528167336511-1dea6e8d-leader-finder-thread] INFO kafka.utils.VerifiableProperties  - Property metadata.broker.list is overridden to zion-mainframe:9092
369 [space.exploration.mars.rover.curiosity.1528167336284_zion-mainframe-1528167336511-1dea6e8d-leader-finder-thread] INFO kafka.utils.VerifiableProperties  - Property request.timeout.ms is overridden to 30000
379 [space.exploration.mars.rover.curiosity.1528167336284_zion-mainframe-1528167336511-1dea6e8d-leader-finder-thread] INFO kafka.client.ClientUtils$  - Fetching metadata from broker BrokerEndPoint(0,zion-mainframe,9092) with correlation id 0 for 1 topic(s) Set(curiosity_to_earth_5)
382 [space.exploration.mars.rover.curiosity.1528167336284_zion-mainframe-1528167336511-1dea6e8d-leader-finder-thread] INFO kafka.producer.SyncProducer  - Connected to zion-mainframe:9092 for producing
390 [space.exploration.mars.rover.curiosity.1528167336284_zion-mainframe-1528167336511-1dea6e8d-leader-finder-thread] INFO kafka.producer.SyncProducer  - Disconnecting from zion-mainframe:9092
410 [ConsumerFetcherThread-space.exploration.mars.rover.curiosity.1528167336284_zion-mainframe-1528167336511-1dea6e8d-0-0] INFO kafka.consumer.ConsumerFetcherThread  - [ConsumerFetcherThread-space.exploration.mars.rover.curiosity.1528167336284_zion-mainframe-1528167336511-1dea6e8d-0-0], Starting 
417 [space.exploration.mars.rover.curiosity.1528167336284_zion-mainframe-1528167336511-1dea6e8d-leader-finder-thread] INFO kafka.consumer.ConsumerFetcherManager  - [ConsumerFetcherManager-1528167336581] Added fetcher for partitions ArrayBuffer([[curiosity_to_earth_5,0], initOffset -1 to broker BrokerEndPoint(0,zion-mainframe,9092)] )
16603 [Thread-0] INFO naasa.gov.mission.control.Receiver  - Message received from 
56403 [Thread-0] INFO naasa.gov.mission.control.Receiver  - Message received from Spacecraft Clock
69958 [Thread-0] INFO naasa.gov.mission.control.Receiver  - Message received from 
124097 [Thread-0] INFO naasa.gov.mission.control.Receiver  - Message received from 
