0 [main] INFO kafka.utils.VerifiableProperties  - Verifying properties
30 [main] INFO kafka.utils.VerifiableProperties  - Property auto.offset.reset is overridden to largest
31 [main] WARN kafka.utils.VerifiableProperties  - Property bootstrap.servers is not valid
31 [main] WARN kafka.utils.VerifiableProperties  - Property destination.topic is not valid
31 [main] INFO kafka.utils.VerifiableProperties  - Property group.id is overridden to space.exploration.mars.rover.curiosity.1512882933293
31 [main] WARN kafka.utils.VerifiableProperties  - Property key.serializer is not valid
31 [main] WARN kafka.utils.VerifiableProperties  - Property metadata.broker.list is not valid
31 [main] WARN kafka.utils.VerifiableProperties  - Property source.topic is not valid
32 [main] WARN kafka.utils.VerifiableProperties  - Property value.serializer is not valid
32 [main] INFO kafka.utils.VerifiableProperties  - Property zookeeper.connect is overridden to localhost:2181
80 [main] INFO kafka.consumer.ZookeeperConsumerConnector  - [space.exploration.mars.rover.curiosity.1512882933293_zion-mainframe-1512882933528-dac1fda9], Connecting to zookeeper instance at localhost:2181
85 [ZkClient-EventThread-14-localhost:2181] INFO org.I0Itec.zkclient.ZkEventThread  - Starting ZkClient event thread.
88 [main] INFO org.apache.zookeeper.ZooKeeper  - Client environment:zookeeper.version=3.4.6-1569965, built on 02/20/2014 09:09 GMT
88 [main] INFO org.apache.zookeeper.ZooKeeper  - Client environment:host.name=zion-mainframe
88 [main] INFO org.apache.zookeeper.ZooKeeper  - Client environment:java.version=1.8.0_151
88 [main] INFO org.apache.zookeeper.ZooKeeper  - Client environment:java.vendor=Oracle Corporation
88 [main] INFO org.apache.zookeeper.ZooKeeper  - Client environment:java.home=/usr/lib/jvm/java-8-openjdk-amd64/jre
88 [main] INFO org.apache.zookeeper.ZooKeeper  - Client environment:java.class.path=target/mission.control-1.1.1-shaded.jar
88 [main] INFO org.apache.zookeeper.ZooKeeper  - Client environment:java.library.path=$LD_LIBRARY_PATH:"/home/sanket/Documents/workspace/SpiceUtilities/src/main/resources/JNISpice/lib/libJNISpice.so":/home/sanket/Documents/workspace/SpiceUtilities/src/main/resources/JNISpice/lib/libJNISpice.so:/usr/java/packages/lib/amd64:/usr/lib/x86_64-linux-gnu/jni:/lib/x86_64-linux-gnu:/usr/lib/x86_64-linux-gnu:/usr/lib/jni:/lib:/usr/lib
88 [main] INFO org.apache.zookeeper.ZooKeeper  - Client environment:java.io.tmpdir=/tmp
88 [main] INFO org.apache.zookeeper.ZooKeeper  - Client environment:java.compiler=<NA>
88 [main] INFO org.apache.zookeeper.ZooKeeper  - Client environment:os.name=Linux
88 [main] INFO org.apache.zookeeper.ZooKeeper  - Client environment:os.arch=amd64
88 [main] INFO org.apache.zookeeper.ZooKeeper  - Client environment:os.version=4.10.0-42-generic
88 [main] INFO org.apache.zookeeper.ZooKeeper  - Client environment:user.name=sanket
88 [main] INFO org.apache.zookeeper.ZooKeeper  - Client environment:user.home=/home/sanket
88 [main] INFO org.apache.zookeeper.ZooKeeper  - Client environment:user.dir=/home/sanket/Documents/workspace/Mission.Control
89 [main] INFO org.apache.zookeeper.ZooKeeper  - Initiating client connection, connectString=localhost:2181 sessionTimeout=6000 watcher=org.I0Itec.zkclient.ZkClient@2d127a61
100 [main] INFO org.I0Itec.zkclient.ZkClient  - Waiting for keeper state SyncConnected
102 [main-SendThread(localhost:2181)] INFO org.apache.zookeeper.ClientCnxn  - Opening socket connection to server localhost/127.0.0.1:2181. Will not attempt to authenticate using SASL (unknown error)
139 [main-SendThread(localhost:2181)] INFO org.apache.zookeeper.ClientCnxn  - Socket connection established to localhost/127.0.0.1:2181, initiating session
143 [main-SendThread(localhost:2181)] INFO org.apache.zookeeper.ClientCnxn  - Session establishment complete on server localhost/127.0.0.1:2181, sessionid = 0x1603ebdaa180005, negotiated timeout = 6000
144 [main-EventThread] INFO org.I0Itec.zkclient.ZkClient  - zookeeper state changed (SyncConnected)
151 [main] INFO kafka.consumer.ZookeeperConsumerConnector  - [space.exploration.mars.rover.curiosity.1512882933293_zion-mainframe-1512882933528-dac1fda9], starting auto committer every 60000 ms
170 [Thread-0] INFO kafka.consumer.ZookeeperConsumerConnector  - [space.exploration.mars.rover.curiosity.1512882933293_zion-mainframe-1512882933528-dac1fda9], begin registering consumer space.exploration.mars.rover.curiosity.1512882933293_zion-mainframe-1512882933528-dac1fda9 in ZK
186 [Thread-0] INFO kafka.utils.ZKCheckedEphemeral  - Creating /consumers/space.exploration.mars.rover.curiosity.1512882933293/ids/space.exploration.mars.rover.curiosity.1512882933293_zion-mainframe-1512882933528-dac1fda9 (is it secure? false)
196 [Thread-0] INFO kafka.utils.ZKCheckedEphemeral  - Result of znode creation is: OK
197 [Thread-0] INFO kafka.consumer.ZookeeperConsumerConnector  - [space.exploration.mars.rover.curiosity.1512882933293_zion-mainframe-1512882933528-dac1fda9], end registering consumer space.exploration.mars.rover.curiosity.1512882933293_zion-mainframe-1512882933528-dac1fda9 in ZK
199 [space.exploration.mars.rover.curiosity.1512882933293_zion-mainframe-1512882933528-dac1fda9_watcher_executor] INFO kafka.consumer.ZookeeperConsumerConnector  - [space.exploration.mars.rover.curiosity.1512882933293_zion-mainframe-1512882933528-dac1fda9], starting watcher executor thread for consumer space.exploration.mars.rover.curiosity.1512882933293_zion-mainframe-1512882933528-dac1fda9
211 [Thread-0] INFO kafka.consumer.ZookeeperConsumerConnector  - [space.exploration.mars.rover.curiosity.1512882933293_zion-mainframe-1512882933528-dac1fda9], begin rebalancing consumer space.exploration.mars.rover.curiosity.1512882933293_zion-mainframe-1512882933528-dac1fda9 try #0
284 [Thread-0] INFO kafka.consumer.ConsumerFetcherManager  - [ConsumerFetcherManager-1512882933597] Stopping leader finder thread
284 [Thread-0] INFO kafka.consumer.ConsumerFetcherManager  - [ConsumerFetcherManager-1512882933597] Stopping all fetchers
285 [Thread-0] INFO kafka.consumer.ConsumerFetcherManager  - [ConsumerFetcherManager-1512882933597] All connections stopped
285 [Thread-0] INFO kafka.consumer.ZookeeperConsumerConnector  - [space.exploration.mars.rover.curiosity.1512882933293_zion-mainframe-1512882933528-dac1fda9], Cleared all relevant queues for this fetcher
286 [Thread-0] INFO kafka.consumer.ZookeeperConsumerConnector  - [space.exploration.mars.rover.curiosity.1512882933293_zion-mainframe-1512882933528-dac1fda9], Cleared the data chunks in all the consumer message iterators
286 [Thread-0] INFO kafka.consumer.ZookeeperConsumerConnector  - [space.exploration.mars.rover.curiosity.1512882933293_zion-mainframe-1512882933528-dac1fda9], Committing all offsets after clearing the fetcher queues
287 [Thread-0] INFO kafka.consumer.ZookeeperConsumerConnector  - [space.exploration.mars.rover.curiosity.1512882933293_zion-mainframe-1512882933528-dac1fda9], Releasing partition ownership
314 [Thread-0] INFO kafka.consumer.RangeAssignor  - Consumer space.exploration.mars.rover.curiosity.1512882933293_zion-mainframe-1512882933528-dac1fda9 rebalancing the following partitions: ArrayBuffer(0) for topic curiosity_to_earth_5 with consumers: List(space.exploration.mars.rover.curiosity.1512882933293_zion-mainframe-1512882933528-dac1fda9-0)
315 [Thread-0] INFO kafka.consumer.RangeAssignor  - space.exploration.mars.rover.curiosity.1512882933293_zion-mainframe-1512882933528-dac1fda9-0 attempting to claim partition 0
341 [Thread-0] INFO kafka.consumer.ZookeeperConsumerConnector  - [space.exploration.mars.rover.curiosity.1512882933293_zion-mainframe-1512882933528-dac1fda9], space.exploration.mars.rover.curiosity.1512882933293_zion-mainframe-1512882933528-dac1fda9-0 successfully owned partition 0 for topic curiosity_to_earth_5
359 [Thread-0] INFO kafka.consumer.ZookeeperConsumerConnector  - [space.exploration.mars.rover.curiosity.1512882933293_zion-mainframe-1512882933528-dac1fda9], Consumer space.exploration.mars.rover.curiosity.1512882933293_zion-mainframe-1512882933528-dac1fda9 selected partitions : curiosity_to_earth_5:0: fetched offset = -1: consumed offset = -1
363 [Thread-0] INFO kafka.consumer.ZookeeperConsumerConnector  - [space.exploration.mars.rover.curiosity.1512882933293_zion-mainframe-1512882933528-dac1fda9], end rebalancing consumer space.exploration.mars.rover.curiosity.1512882933293_zion-mainframe-1512882933528-dac1fda9 try #0
365 [space.exploration.mars.rover.curiosity.1512882933293_zion-mainframe-1512882933528-dac1fda9-leader-finder-thread] INFO kafka.consumer.ConsumerFetcherManager$LeaderFinderThread  - [space.exploration.mars.rover.curiosity.1512882933293_zion-mainframe-1512882933528-dac1fda9-leader-finder-thread], Starting 
388 [space.exploration.mars.rover.curiosity.1512882933293_zion-mainframe-1512882933528-dac1fda9-leader-finder-thread] INFO kafka.utils.VerifiableProperties  - Verifying properties
388 [space.exploration.mars.rover.curiosity.1512882933293_zion-mainframe-1512882933528-dac1fda9-leader-finder-thread] INFO kafka.utils.VerifiableProperties  - Property client.id is overridden to space.exploration.mars.rover.curiosity.1512882933293
389 [space.exploration.mars.rover.curiosity.1512882933293_zion-mainframe-1512882933528-dac1fda9-leader-finder-thread] INFO kafka.utils.VerifiableProperties  - Property metadata.broker.list is overridden to zion-mainframe:9092
389 [space.exploration.mars.rover.curiosity.1512882933293_zion-mainframe-1512882933528-dac1fda9-leader-finder-thread] INFO kafka.utils.VerifiableProperties  - Property request.timeout.ms is overridden to 30000
404 [space.exploration.mars.rover.curiosity.1512882933293_zion-mainframe-1512882933528-dac1fda9-leader-finder-thread] INFO kafka.client.ClientUtils$  - Fetching metadata from broker BrokerEndPoint(0,zion-mainframe,9092) with correlation id 0 for 1 topic(s) Set(curiosity_to_earth_5)
409 [space.exploration.mars.rover.curiosity.1512882933293_zion-mainframe-1512882933528-dac1fda9-leader-finder-thread] INFO kafka.producer.SyncProducer  - Connected to zion-mainframe:9092 for producing
417 [space.exploration.mars.rover.curiosity.1512882933293_zion-mainframe-1512882933528-dac1fda9-leader-finder-thread] INFO kafka.producer.SyncProducer  - Disconnecting from zion-mainframe:9092
435 [ConsumerFetcherThread-space.exploration.mars.rover.curiosity.1512882933293_zion-mainframe-1512882933528-dac1fda9-0-0] INFO kafka.consumer.ConsumerFetcherThread  - [ConsumerFetcherThread-space.exploration.mars.rover.curiosity.1512882933293_zion-mainframe-1512882933528-dac1fda9-0-0], Starting 
442 [space.exploration.mars.rover.curiosity.1512882933293_zion-mainframe-1512882933528-dac1fda9-leader-finder-thread] INFO kafka.consumer.ConsumerFetcherManager  - [ConsumerFetcherManager-1512882933597] Added fetcher for partitions ArrayBuffer([[curiosity_to_earth_5,0], initOffset -1 to broker BrokerEndPoint(0,zion-mainframe,9092)] )
409489 [Thread-0] INFO naasa.gov.mission.control.Receiver  - Message received from 
475349 [Thread-0] INFO naasa.gov.mission.control.Receiver  - Message received from 
506186 [Thread-0] INFO naasa.gov.mission.control.Receiver  - Message received from Spacecraft Clock
518454 [Thread-0] INFO naasa.gov.mission.control.Receiver  - Message received from 
575976 [Thread-0] INFO naasa.gov.mission.control.Receiver  - Message received from 
638894 [Thread-0] INFO naasa.gov.mission.control.Receiver  - Message received from 
652497 [Thread-0] INFO naasa.gov.mission.control.Receiver  - Message received from 
695963 [Thread-0] INFO naasa.gov.mission.control.Receiver  - Message received from 
755959 [Thread-0] INFO naasa.gov.mission.control.Receiver  - Message received from 
