2018-06-13 23:14:00,674 [radio] INFO  space.exploration.mars.rover.kernel.PositionSensor - Houston - this is curiosityActual.ephemerisTime: 5.15337428185476E8
stateCuriosity: -3.3243024977E7
stateCuriosity: -7.3674622848E7
stateCuriosity: -3.2096302951E7
stateCuriosity: 0.779
stateCuriosity: 8.756
stateCuriosity: 2.868
owltMSLEarth: 290.09
stateEarth: 3.3245079417E7
stateEarth: 7.367917428E7
stateEarth: 3.2098285579E7
stateEarth: -0.782
stateEarth: -8.762
stateEarth: -2.871
owltEarthMSL: 290.108
positionEarthWRTCuriosity: 3.3245079417E7
positionEarthWRTCuriosity: 7.367917428E7
positionEarthWRTCuriosity: 3.2098285579E7
owltEarthMSL2: 290.108
angSepHGAEarth: 140.074
utcTime: "2016-05-01~01:16:00"
sol: 1327
sclkValue: " 1/01327:23:15:11:87052"

2018-06-13 23:14:00,710 [radio] INFO  space.exploration.mars.rover.kernel.PositionSensor - ephemerisTime: 5.15337428185476E8
stateCuriosity: -3.3243024977E7
stateCuriosity: -7.3674622848E7
stateCuriosity: -3.2096302951E7
stateCuriosity: 0.779
stateCuriosity: 8.756
stateCuriosity: 2.868
owltMSLEarth: 290.09
stateEarth: 3.3245079417E7
stateEarth: 7.367917428E7
stateEarth: 3.2098285579E7
stateEarth: -0.782
stateEarth: -8.762
stateEarth: -2.871
owltEarthMSL: 290.108
positionEarthWRTCuriosity: 3.3245079417E7
positionEarthWRTCuriosity: 7.367917428E7
positionEarthWRTCuriosity: 3.2098285579E7
owltEarthMSL2: 290.108
angSepHGAEarth: 140.074
utcTime: "2016-05-01~01:16:00"
sol: 1327
sclkValue: " 1/01327:23:15:11:87052"

2018-06-13 23:14:00,710 [radio] INFO  space.exploration.mars.rover.communication.Radio - One Way Light Time computed by SPICE :: 290.09
2018-06-13 23:14:01,142 [radio] INFO  space.exploration.mars.rover.kernel.Rover - Trying to reflect rover state.Listening State Software Version - 2.0
2018-06-13 23:14:01,142 [radio] INFO  space.exploration.mars.rover.kernel.ListeningState - timeStamp: 1528949547124
targets {
  roverModule: 6
  action: "Update Software"
  auxiliaryData: "\tffffff\376?\022`https://storage.googleapis.com/rover_artifacts/softwareUpdates/mars.rover-1.8-SOLSHOT-shaded.jar\032Phttps://storage.googleapis.com/rover_artifacts/softwareUpdates/softwareLaunch.sh\"!mars.rover-1.8-SOLSHOT-shaded.jar*\021softwareLaunch.sh"
}

2018-06-13 23:14:07,155 [radio] INFO  space.exploration.mars.rover.kernel.ListeningState - 1528949647155,6,Update Software Current instructionQueue length = 1
2018-06-13 23:14:07,157 [radio] WARN  space.exploration.mars.rover.kernel.Rover - Updating software. This is always a bit tricky!
2018-06-13 23:14:07,157 [radio] INFO  space.exploration.mars.rover.kernel.Rover - Trying to reflect rover state.Maintenance State Software Version - 2.0
2018-06-13 23:14:07,157 [radio] INFO  space.exploration.mars.rover.kernel.ListeningState - Rover commencing software update.
2018-06-13 23:14:07,157 [radio] ERROR space.exploration.mars.rover.kernel.ListeningState - Software already up to date.
2018-06-13 23:14:07,158 [roverGarbageCollector] INFO  space.exploration.mars.rover.diagnostics.RoverGarbageCollector - RoverGC trimming instructionQueue. Current length = 1
2018-06-13 23:14:07,158 [radio] INFO  space.exploration.mars.rover.communication.Receiver - Time Elapsed since last message = 6549
2018-06-13 23:14:07,158 [roverGarbageCollector] INFO  space.exploration.mars.rover.kernel.Rover - Trying to reflect rover state.Listening State Software Version - 2.0
2018-06-13 23:14:07,159 [roverGarbageCollector] INFO  space.exploration.mars.rover.kernel.ListeningState - timeStamp: 1528949613289
targets {
  roverModule: 6
  action: "Request Rover Logs"
  auxiliaryData: "\n\023yyyy-MM-dd~HH:mm:ss\022\0232018-06-13~23:13:33\032\0232018-06-14~00:00:00"
}

2018-06-13 23:14:07,214 [radio] INFO  space.exploration.mars.rover.kernel.PositionSensor - Houston - this is curiosityActual.ephemerisTime: 5.15338148185476E8
stateCuriosity: -3.3242462001E7
stateCuriosity: -7.3668315793E7
stateCuriosity: -3.2094238054E7
stateCuriosity: 0.784
stateCuriosity: 8.764
stateCuriosity: 2.868
owltMSLEarth: 290.069
stateEarth: 3.3244514368E7
stateEarth: 7.3672862388E7
stateEarth: 3.2096218632E7
stateEarth: -0.787
stateEarth: -8.771
stateEarth: -2.871
owltEarthMSL: 290.087
positionEarthWRTCuriosity: 3.3244514368E7
positionEarthWRTCuriosity: 7.3672862388E7
positionEarthWRTCuriosity: 3.2096218632E7
owltEarthMSL2: 290.087
angSepHGAEarth: 140.403
utcTime: "2016-05-01~01:28:00"
sol: 1327
sclkValue: " 1/01327:23:26:52:60641"

2018-06-13 23:14:07,249 [radio] INFO  space.exploration.mars.rover.kernel.PositionSensor - ephemerisTime: 5.15338148185476E8
stateCuriosity: -3.3242462001E7
stateCuriosity: -7.3668315793E7
stateCuriosity: -3.2094238054E7
stateCuriosity: 0.784
stateCuriosity: 8.764
stateCuriosity: 2.868
owltMSLEarth: 290.069
stateEarth: 3.3244514368E7
stateEarth: 7.3672862388E7
stateEarth: 3.2096218632E7
stateEarth: -0.787
stateEarth: -8.771
stateEarth: -2.871
owltEarthMSL: 290.087
positionEarthWRTCuriosity: 3.3244514368E7
positionEarthWRTCuriosity: 7.3672862388E7
positionEarthWRTCuriosity: 3.2096218632E7
owltEarthMSL2: 290.087
angSepHGAEarth: 140.403
utcTime: "2016-05-01~01:28:00"
sol: 1327
sclkValue: " 1/01327:23:26:52:60641"

2018-06-13 23:14:07,249 [radio] INFO  space.exploration.mars.rover.communication.Radio - One Way Light Time computed by SPICE :: 290.069
2018-06-13 23:14:13,171 [roverGarbageCollector] INFO  space.exploration.mars.rover.kernel.ListeningState - 1528949653171,6,Request Rover Logs Current instructionQueue length = 0
2018-06-13 23:14:13,171 [roverGarbageCollector] INFO  space.exploration.mars.rover.kernel.ListeningState - Requesting logs in date format = yyyy-MM-dd~HH:mm:ss
2018-06-13 23:14:13,171 [roverGarbageCollector] INFO  space.exploration.mars.rover.kernel.ListeningState - Start date = 2018-06-13~23:13:33 End date = 2018-06-14~00:00:00
