2018-07-06 23:34:06,293 [radio] INFO  space.exploration.mars.rover.kernel.ListeningState - timeStamp: 1530938028968
targets {
  roverModule: 8
  estimatedPowerUsage: 20
  action: "ClickCamera"
  roverSubModule: "FHAZ"
}

2018-07-06 23:34:06,352 [pacemaker] INFO  space.exploration.mars.rover.kernel.PositionSensor - Houston - this is curiosityActual.ephemerisTime: 5.15345348185475E8
stateCuriosity: -3.3236697335E7
stateCuriosity: -7.3604876219E7
stateCuriosity: -3.2073518497E7
stateCuriosity: 0.808
stateCuriosity: 8.86
stateCuriosity: 2.893
owltMSLEarth: 289.857
stateEarth: 3.3238728433E7
stateEarth: 7.3609373291E7
stateEarth: 3.2075478092E7
stateEarth: -0.811
stateEarth: -8.867
stateEarth: -2.896
owltEarthMSL: 289.874
positionEarthWRTCuriosity: 3.3238728433E7
positionEarthWRTCuriosity: 7.3609373291E7
positionEarthWRTCuriosity: 3.2075478092E7
owltEarthMSL2: 289.874
angSepHGAEarth: 135.233
utcTime: "2016-05-01~03:28:00"
sol: 1328
sclkValue: " 1/01328:01:23:39:96535"

2018-07-06 23:34:06,386 [pacemaker] INFO  space.exploration.mars.rover.kernel.PositionSensor - ephemerisTime: 5.15345348185475E8
stateCuriosity: -3.3236697335E7
stateCuriosity: -7.3604876219E7
stateCuriosity: -3.2073518497E7
stateCuriosity: 0.808
stateCuriosity: 8.86
stateCuriosity: 2.893
owltMSLEarth: 289.857
stateEarth: 3.3238728433E7
stateEarth: 7.3609373291E7
stateEarth: 3.2075478092E7
stateEarth: -0.811
stateEarth: -8.867
stateEarth: -2.896
owltEarthMSL: 289.874
positionEarthWRTCuriosity: 3.3238728433E7
positionEarthWRTCuriosity: 7.3609373291E7
positionEarthWRTCuriosity: 3.2075478092E7
owltEarthMSL2: 289.874
angSepHGAEarth: 135.233
utcTime: "2016-05-01~03:28:00"
sol: 1328
sclkValue: " 1/01328:01:23:39:96535"

2018-07-06 23:34:12,310 [radio] INFO  space.exploration.mars.rover.kernel.ListeningState - 1530938052310,8,ClickCamera Current instructionQueue length = 0
2018-07-06 23:34:12,311 [radio] INFO  space.exploration.mars.rover.kernel.ListeningState - Rover Curiosity is going to try to take pictures!
2018-07-06 23:34:12,311 [radio] INFO  space.exploration.mars.rover.kernel.Rover - Trying to reflect rover state.Photographing State Software Version - 2.0
2018-07-06 23:34:16,678 [radio] INFO  space.exploration.mars.rover.kernel.Rover - Trying to reflect rover state.Transmitting State Software Version - 2.0
2018-07-06 23:34:22,762 [radio] INFO  space.exploration.mars.rover.kernel.PositionSensor - Houston - this is curiosityActual.ephemerisTime: 5.15347388185474E8
stateCuriosity: -3.3235050116E7
stateCuriosity: -7.358677363E7
stateCuriosity: -3.2067604346E7
stateCuriosity: 0.806
stateCuriosity: 8.888
stateCuriosity: 2.906
owltMSLEarth: 289.796
stateEarth: 3.3237075308E7
stateEarth: 7.359125693E7
stateEarth: 3.2069558111E7
stateEarth: -0.809
stateEarth: -8.894
stateEarth: -2.908
owltEarthMSL: 289.814
positionEarthWRTCuriosity: 3.3237075308E7
positionEarthWRTCuriosity: 7.359125693E7
positionEarthWRTCuriosity: 3.2069558111E7
owltEarthMSL2: 289.814
angSepHGAEarth: 131.466
utcTime: "2016-05-01~04:02:00"
sol: 1328
sclkValue: " 1/01328:01:56:45:38372"

2018-07-06 23:34:22,796 [radio] INFO  space.exploration.mars.rover.kernel.PositionSensor - ephemerisTime: 5.15347388185474E8
stateCuriosity: -3.3235050116E7
stateCuriosity: -7.358677363E7
stateCuriosity: -3.2067604346E7
stateCuriosity: 0.806
stateCuriosity: 8.888
stateCuriosity: 2.906
owltMSLEarth: 289.796
stateEarth: 3.3237075308E7
stateEarth: 7.359125693E7
stateEarth: 3.2069558111E7
stateEarth: -0.809
stateEarth: -8.894
stateEarth: -2.908
owltEarthMSL: 289.814
positionEarthWRTCuriosity: 3.3237075308E7
positionEarthWRTCuriosity: 7.359125693E7
positionEarthWRTCuriosity: 3.2069558111E7
owltEarthMSL2: 289.814
angSepHGAEarth: 131.466
utcTime: "2016-05-01~04:02:00"
sol: 1328
sclkValue: " 1/01328:01:56:45:38372"

2018-07-06 23:34:22,796 [radio] INFO  space.exploration.mars.rover.communication.Radio - One Way Light Time computed by SPICE :: 289.796
2018-07-06 23:34:23,252 [radio] INFO  space.exploration.mars.rover.communication.Radio - Message encryption successful.
2018-07-06 23:34:23,253 [radio] INFO  space.exploration.mars.rover.communication.Transmitter - Sending information packet to curiosity_to_earth_5
2018-07-06 23:34:26,253 [radio] INFO  space.exploration.mars.rover.kernel.Rover - Trying to reflect rover state.Listening State Software Version - 2.0
2018-07-06 23:34:26,254 [batteryMonitor] INFO  space.exploration.mars.rover.power.BatteryMonitor -  Battery primaryUnits = 924 auxiliaryPowerUnits = 100
2018-07-06 23:34:26,254 [pacemaker] INFO  space.exploration.mars.rover.kernel.SpacecraftClock - Internal time::2016-05-01T02:04:00.000-05:00 sclk of::1/01328:00:00:56:41943
2018-07-06 23:34:26,254 [batteryMonitor] INFO  space.exploration.mars.rover.power.BatteryMonitor - BatteryMonitor performing due diligence. SCET = 1530938066254 Rover state = Listening State
2018-07-06 23:34:26,254 [batteryMonitor] INFO  space.exploration.mars.rover.power.BatteryMonitor -  Battery primaryUnits = 924 auxiliaryPowerUnits = 100
2018-07-06 23:34:26,254 [pacemaker] INFO  space.exploration.mars.rover.kernel.Rover - Trying to reflect rover state.Transmitting State Software Version - 2.0
2018-07-06 23:34:32,312 [pacemaker] INFO  space.exploration.mars.rover.kernel.PositionSensor - Houston - this is curiosityActual.ephemerisTime: 5.15348468185474E8
stateCuriosity: -3.3234181633E7
stateCuriosity: -7.3577167127E7
stateCuriosity: -3.2064462193E7
stateCuriosity: 0.802
stateCuriosity: 8.902
stateCuriosity: 2.913
owltMSLEarth: 289.764
stateEarth: 3.3236203773E7
stateEarth: 7.3581643298E7
stateEarth: 3.2066412941E7
stateEarth: -0.805
stateEarth: -8.909
stateEarth: -2.916
owltEarthMSL: 289.782
positionEarthWRTCuriosity: 3.3236203773E7
positionEarthWRTCuriosity: 7.3581643298E7
positionEarthWRTCuriosity: 3.2066412941E7
owltEarthMSL2: 289.782
angSepHGAEarth: 129.194
utcTime: "2016-05-01~04:20:00"
sol: 1328
sclkValue: " 1/01328:02:14:16:48756"

2018-07-06 23:34:32,349 [pacemaker] INFO  space.exploration.mars.rover.kernel.PositionSensor - ephemerisTime: 5.15348468185474E8
stateCuriosity: -3.3234181633E7
stateCuriosity: -7.3577167127E7
stateCuriosity: -3.2064462193E7
stateCuriosity: 0.802
stateCuriosity: 8.902
stateCuriosity: 2.913
owltMSLEarth: 289.764
stateEarth: 3.3236203773E7
stateEarth: 7.3581643298E7
stateEarth: 3.2066412941E7
stateEarth: -0.805
stateEarth: -8.909
stateEarth: -2.916
owltEarthMSL: 289.782
positionEarthWRTCuriosity: 3.3236203773E7
positionEarthWRTCuriosity: 7.3581643298E7
positionEarthWRTCuriosity: 3.2066412941E7
owltEarthMSL2: 289.782
angSepHGAEarth: 129.194
utcTime: "2016-05-01~04:20:00"
sol: 1328
sclkValue: " 1/01328:02:14:16:48756"

2018-07-06 23:34:32,349 [pacemaker] INFO  space.exploration.mars.rover.communication.Radio - One Way Light Time computed by SPICE :: 289.764
2018-07-06 23:34:32,357 [pacemaker] INFO  space.exploration.mars.rover.communication.Radio - Message encryption successful.
2018-07-06 23:34:32,358 [pacemaker] INFO  space.exploration.mars.rover.communication.Transmitter - Sending information packet to curiosity_to_earth_5
2018-07-06 23:34:35,359 [pacemaker] INFO  space.exploration.mars.rover.kernel.Rover - Trying to reflect rover state.Listening State Software Version - 2.0
2018-07-06 23:34:35,359 [roverGarbageCollector] INFO  space.exploration.mars.rover.diagnostics.RoverGarbageCollector - RoverGC trimming instructionQueue. Current length = 1
2018-07-06 23:34:35,359 [batteryMonitor] INFO  space.exploration.mars.rover.power.BatteryMonitor - BatteryMonitor performing due diligence. SCET = 1530938075359 Rover state = Listening State
2018-07-06 23:34:35,359 [roverGarbageCollector] INFO  space.exploration.mars.rover.kernel.Rover - Trying to reflect rover state.Listening State Software Version - 2.0
2018-07-06 23:34:35,360 [roverGarbageCollector] INFO  space.exploration.mars.rover.kernel.ListeningState - timeStamp: 1530938046292
targets {
  roverModule: 6
  action: "Request Rover Logs"
  auxiliaryData: "\n\023yyyy-MM-dd~HH:mm:ss\022\0232018-07-06~23:34:06\032\0232018-07-07~00:00:00"
}

2018-07-06 23:34:35,490 [radio] INFO  space.exploration.mars.rover.communication.Receiver - Time Elapsed since last message = 29806
2018-07-06 23:34:35,524 [radio] INFO  space.exploration.mars.rover.kernel.PositionSensor - Houston - this is curiosityActual.ephemerisTime: 5.15348828185474E8
stateCuriosity: -3.3233893011E7
stateCuriosity: -7.3573961522E7
stateCuriosity: -3.206341295E7
stateCuriosity: 0.801
stateCuriosity: 8.907
stateCuriosity: 2.916
owltMSLEarth: 289.753
stateEarth: 3.3235914149E7
stateEarth: 7.3578435347E7
stateEarth: 3.2065362705E7
stateEarth: -0.804
stateEarth: -8.913
stateEarth: -2.919
owltEarthMSL: 289.771
positionEarthWRTCuriosity: 3.3235914149E7
positionEarthWRTCuriosity: 7.3578435347E7
positionEarthWRTCuriosity: 3.2065362705E7
owltEarthMSL2: 289.771
angSepHGAEarth: 128.4
utcTime: "2016-05-01~04:28:00"
sol: 1328
sclkValue: " 1/01328:02:20:06:85551"

2018-07-06 23:34:35,557 [radio] INFO  space.exploration.mars.rover.kernel.PositionSensor - ephemerisTime: 5.15348948185474E8
stateCuriosity: -3.3233796917E7
stateCuriosity: -7.3572892609E7
stateCuriosity: -3.2063062988E7
stateCuriosity: 0.801
stateCuriosity: 8.908
stateCuriosity: 2.917
owltMSLEarth: 289.75
stateEarth: 3.3235817723E7
stateEarth: 7.3577365657E7
stateEarth: 3.2065012415E7
stateEarth: -0.803
stateEarth: -8.915
stateEarth: -2.92
owltEarthMSL: 289.767
positionEarthWRTCuriosity: 3.3235817723E7
positionEarthWRTCuriosity: 7.3577365657E7
positionEarthWRTCuriosity: 3.2065012415E7
owltEarthMSL2: 289.767
angSepHGAEarth: 128.131
utcTime: "2016-05-01~04:28:00"
sol: 1328
sclkValue: " 1/01328:02:22:03:64482"

2018-07-06 23:34:35,558 [radio] INFO  space.exploration.mars.rover.communication.Radio - One Way Light Time computed by SPICE :: 289.753
2018-07-06 23:34:41,375 [roverGarbageCollector] INFO  space.exploration.mars.rover.kernel.ListeningState - 1530938081375,6,Request Rover Logs Current instructionQueue length = 0
2018-07-06 23:34:41,375 [roverGarbageCollector] INFO  space.exploration.mars.rover.kernel.ListeningState - Requesting logs in date format = yyyy-MM-dd~HH:mm:ss
2018-07-06 23:34:41,375 [roverGarbageCollector] INFO  space.exploration.mars.rover.kernel.ListeningState - Start date = 2018-07-06~23:34:06 End date = 2018-07-07~00:00:00
