2018-08-16 23:07:17,197 [batteryMonitor] INFO  space.exploration.mars.rover.power.BatteryMonitor - BatteryMonitor performing due diligence. SCET = 1534475222062 Rover state = Listening State
2018-08-16 23:07:17,198 [batteryMonitor] INFO  space.exploration.mars.rover.power.BatteryMonitor -  Battery primaryUnits = 988 auxiliaryPowerUnits = 100
2018-08-16 23:07:17,568 [batteryMonitor] INFO  space.exploration.mars.rover.power.BatteryMonitor - BatteryMonitor performing due diligence. SCET = 1534475237568 Rover state = Listening State
2018-08-16 23:07:17,568 [batteryMonitor] INFO  space.exploration.mars.rover.power.BatteryMonitor -  Battery primaryUnits = 988 auxiliaryPowerUnits = 100
2018-08-16 23:07:21,754 [roverGarbageCollector] INFO  space.exploration.mars.rover.diagnostics.RoverGarbageCollector - RoverGC trimming instructionQueue. Current length = 1
2018-08-16 23:07:21,755 [roverGarbageCollector] INFO  space.exploration.mars.rover.kernel.Rover - Trying to reflect rover state.Listening State Software Version - 2.0
2018-08-16 23:07:21,756 [roverGarbageCollector] INFO  space.exploration.mars.rover.kernel.ListeningState - timeStamp: 1534475222062
targets {
  roverModule: 6
  action: "Request Rover Logs"
  auxiliaryData: "\n\023yyyy-MM-dd~HH:mm:ss\022\0232018-08-16~23:07:02\032\0232018-08-17~00:00:00"
}

2018-08-16 23:07:27,717 [radio] INFO  space.exploration.mars.rover.communication.Receiver - Time Elapsed since last message = 46510
2018-08-16 23:07:27,750 [radio] INFO  space.exploration.mars.rover.kernel.PositionSensor - Houston - this is curiosityActual.ephemerisTime: 5.15337188185476E8
stateCuriosity: -3.324321181E7
stateCuriosity: -7.3676723829E7
stateCuriosity: -3.2096991183E7
stateCuriosity: 0.778
stateCuriosity: 8.753
stateCuriosity: 2.868
owltMSLEarth: 290.097
stateEarth: 3.3245266937E7
stateEarth: 7.3681276863E7
stateEarth: 3.209897449E7
stateEarth: -0.78
stateEarth: -8.759
stateEarth: -2.87
owltEarthMSL: 290.115
positionEarthWRTCuriosity: 3.3245266937E7
positionEarthWRTCuriosity: 7.3681276863E7
positionEarthWRTCuriosity: 3.209897449E7
owltEarthMSL2: 290.115
angSepHGAEarth: 139.93
utcTime: "2016-05-01~01:12:00"
sol: 1327
sclkValue: " 1/01327:23:11:18:29188"

2018-08-16 23:07:27,772 [roverGarbageCollector] INFO  space.exploration.mars.rover.kernel.ListeningState - 1534475247772,6,Request Rover Logs Current instructionQueue length = 0
2018-08-16 23:07:27,772 [roverGarbageCollector] INFO  space.exploration.mars.rover.kernel.ListeningState - Requesting logs in date format = yyyy-MM-dd~HH:mm:ss
2018-08-16 23:07:27,772 [roverGarbageCollector] INFO  space.exploration.mars.rover.kernel.ListeningState - Start date = 2018-08-16~23:07:02 End date = 2018-08-17~00:00:00
