2018-08-11 22:32:22,762 [pacemaker] INFO  space.exploration.mars.rover.kernel.PositionSensor - Houston - this is curiosityActual.ephemerisTime: 5.15341388185475E8
stateCuriosity: -3.3239890335E7
stateCuriosity: -7.3639853621E7
stateCuriosity: -3.2084935899E7
stateCuriosity: 0.801
stateCuriosity: 8.806
stateCuriosity: 2.875
owltMSLEarth: 289.974
stateEarth: 3.3241933172E7
stateEarth: 7.3644378017E7
stateEarth: 3.208690707E7
stateEarth: -0.804
stateEarth: -8.813
stateEarth: -2.878
owltEarthMSL: 289.992
positionEarthWRTCuriosity: 3.3241933172E7
positionEarthWRTCuriosity: 7.3644378017E7
positionEarthWRTCuriosity: 3.208690707E7
owltEarthMSL2: 289.992
angSepHGAEarth: 139.904
utcTime: "2016-05-01~02:22:00"
sol: 1328
sclkValue: " 1/01328:00:19:25:91793"

2018-08-11 22:32:22,799 [pacemaker] INFO  space.exploration.mars.rover.kernel.PositionSensor - ephemerisTime: 5.15341388185475E8
stateCuriosity: -3.3239890335E7
stateCuriosity: -7.3639853621E7
stateCuriosity: -3.2084935899E7
stateCuriosity: 0.801
stateCuriosity: 8.806
stateCuriosity: 2.875
owltMSLEarth: 289.974
stateEarth: 3.3241933172E7
stateEarth: 7.3644378017E7
stateEarth: 3.208690707E7
stateEarth: -0.804
stateEarth: -8.813
stateEarth: -2.878
owltEarthMSL: 289.992
positionEarthWRTCuriosity: 3.3241933172E7
positionEarthWRTCuriosity: 7.3644378017E7
positionEarthWRTCuriosity: 3.208690707E7
owltEarthMSL2: 289.992
angSepHGAEarth: 139.904
utcTime: "2016-05-01~02:22:00"
sol: 1328
sclkValue: " 1/01328:00:19:25:91793"

2018-08-11 22:32:22,799 [pacemaker] INFO  space.exploration.mars.rover.kernel.SpacecraftClock - Internal time::2016-05-01T02:15:00.000-04:00 sclk of::1/01328:00:11:38:76067
2018-08-11 22:32:22,800 [pacemaker] INFO  space.exploration.mars.rover.kernel.Rover - Trying to reflect rover state.Transmitting State Software Version - 2.0
2018-08-11 22:32:28,886 [pacemaker] INFO  space.exploration.mars.rover.kernel.PositionSensor - Houston - this is curiosityActual.ephemerisTime: 5.15342108185475E8
stateCuriosity: -3.3239312364E7
stateCuriosity: -7.3633510002E7
stateCuriosity: -3.2082864959E7
stateCuriosity: 0.804
stateCuriosity: 8.815
stateCuriosity: 2.878
owltMSLEarth: 289.953
stateEarth: 3.3241353059E7
stateEarth: 7.3638029414E7
stateEarth: 3.2084834017E7
stateEarth: -0.807
stateEarth: -8.822
stateEarth: -2.881
owltEarthMSL: 289.97
positionEarthWRTCuriosity: 3.3241353059E7
positionEarthWRTCuriosity: 7.3638029414E7
positionEarthWRTCuriosity: 3.2084834017E7
owltEarthMSL2: 289.97
angSepHGAEarth: 139.363
utcTime: "2016-05-01~02:34:00"
sol: 1328
sclkValue: " 1/01328:00:31:06:65383"

2018-08-11 22:32:28,919 [pacemaker] INFO  space.exploration.mars.rover.kernel.PositionSensor - ephemerisTime: 5.15342108185475E8
stateCuriosity: -3.3239312364E7
stateCuriosity: -7.3633510002E7
stateCuriosity: -3.2082864959E7
stateCuriosity: 0.804
stateCuriosity: 8.815
stateCuriosity: 2.878
owltMSLEarth: 289.953
stateEarth: 3.3241353059E7
stateEarth: 7.3638029414E7
stateEarth: 3.2084834017E7
stateEarth: -0.807
stateEarth: -8.822
stateEarth: -2.881
owltEarthMSL: 289.97
positionEarthWRTCuriosity: 3.3241353059E7
positionEarthWRTCuriosity: 7.3638029414E7
positionEarthWRTCuriosity: 3.2084834017E7
owltEarthMSL2: 289.97
angSepHGAEarth: 139.363
utcTime: "2016-05-01~02:34:00"
sol: 1328
sclkValue: " 1/01328:00:31:06:65383"

2018-08-11 22:32:28,919 [pacemaker] INFO  space.exploration.mars.rover.communication.Radio - One Way Light Time computed by SPICE :: 289.953
2018-08-11 22:32:28,926 [pacemaker] INFO  space.exploration.mars.rover.communication.Radio - Message encryption successful.
2018-08-11 22:32:28,926 [pacemaker] INFO  space.exploration.mars.rover.communication.Transmitter - Sending information packet to curiosity_to_earth_5
2018-08-11 22:32:31,927 [pacemaker] INFO  space.exploration.mars.rover.kernel.Rover - Trying to reflect rover state.Listening State Software Version - 2.0
2018-08-11 22:32:31,928 [batteryMonitor] INFO  space.exploration.mars.rover.power.BatteryMonitor - BatteryMonitor performing due diligence. SCET = 1534041143180 Rover state = Listening State
2018-08-11 22:32:31,929 [batteryMonitor] INFO  space.exploration.mars.rover.power.BatteryMonitor -  Battery primaryUnits = 357 auxiliaryPowerUnits = 100
2018-08-11 22:32:32,226 [radio] INFO  space.exploration.mars.rover.communication.Receiver - Time Elapsed since last message = 26428
2018-08-11 22:32:32,270 [roverGarbageCollector] INFO  space.exploration.mars.rover.diagnostics.RoverGarbageCollector - RoverGC trimming instructionQueue. Current length = 1
2018-08-11 22:32:32,270 [roverGarbageCollector] INFO  space.exploration.mars.rover.kernel.Rover - Trying to reflect rover state.Listening State Software Version - 2.0
2018-08-11 22:32:32,270 [roverGarbageCollector] INFO  space.exploration.mars.rover.kernel.ListeningState - timeStamp: 1534041142715
targets {
  roverModule: 6
  action: "Request Rover Logs"
  auxiliaryData: "\n\023yyyy-MM-dd~HH:mm:ss\022\0232018-08-11~22:32:22\032\0232018-08-12~00:00:00"
}

2018-08-11 22:32:32,282 [radio] INFO  space.exploration.mars.rover.kernel.PositionSensor - Houston - this is curiosityActual.ephemerisTime: 5.15342468185475E8
stateCuriosity: -3.3239022761E7
stateCuriosity: -7.3630335567E7
stateCuriosity: -3.2081828782E7
stateCuriosity: 0.805
stateCuriosity: 8.82
stateCuriosity: 2.879
owltMSLEarth: 289.942
stateEarth: 3.3241062384E7
stateEarth: 7.3634852486E7
stateEarth: 3.2083796784E7
stateEarth: -0.808
stateEarth: -8.827
stateEarth: -2.882
owltEarthMSL: 289.96
positionEarthWRTCuriosity: 3.3241062384E7
positionEarthWRTCuriosity: 7.3634852486E7
positionEarthWRTCuriosity: 3.2083796784E7
owltEarthMSL2: 289.96
angSepHGAEarth: 139.037
utcTime: "2016-05-01~02:42:00"
sol: 1328
sclkValue: " 1/01328:00:36:57:02178"

2018-08-11 22:32:32,317 [radio] INFO  space.exploration.mars.rover.kernel.PositionSensor - ephemerisTime: 5.15342588185475E8
stateCuriosity: -3.3238926146E7
stateCuriosity: -7.3629277031E7
stateCuriosity: -3.2081483278E7
stateCuriosity: 0.805
stateCuriosity: 8.822
stateCuriosity: 2.879
owltMSLEarth: 289.938
stateEarth: 3.3240965413E7
stateEarth: 7.3633793119E7
stateEarth: 3.2083450927E7
stateEarth: -0.808
stateEarth: -8.829
stateEarth: -2.882
owltEarthMSL: 289.956
positionEarthWRTCuriosity: 3.3240965413E7
positionEarthWRTCuriosity: 7.3633793119E7
positionEarthWRTCuriosity: 3.2083450927E7
owltEarthMSL2: 289.956
angSepHGAEarth: 138.92
utcTime: "2016-05-01~02:42:00"
sol: 1328
sclkValue: " 1/01328:00:38:53:81109"

2018-08-11 22:32:32,317 [radio] INFO  space.exploration.mars.rover.communication.Radio - One Way Light Time computed by SPICE :: 289.942
2018-08-11 22:32:38,285 [roverGarbageCollector] INFO  space.exploration.mars.rover.kernel.ListeningState - 1534041158285,6,Request Rover Logs Current instructionQueue length = 0
2018-08-11 22:32:38,286 [roverGarbageCollector] INFO  space.exploration.mars.rover.kernel.ListeningState - Requesting logs in date format = yyyy-MM-dd~HH:mm:ss
2018-08-11 22:32:38,286 [roverGarbageCollector] INFO  space.exploration.mars.rover.kernel.ListeningState - Start date = 2018-08-11~22:32:22 End date = 2018-08-12~00:00:00
