2018-06-13 23:43:53,417 [radio] INFO  space.exploration.mars.rover.kernel.Rover - Trying to reflect rover state.Listening State Software Version - 2.0
2018-06-13 23:43:53,418 [radio] INFO  space.exploration.mars.rover.kernel.ListeningState - timeStamp: 1528951132103
targets {
  roverModule: 9
  estimatedPowerUsage: 20
  action: "PerformRadarScan"
}

2018-06-13 23:43:59,425 [radio] INFO  space.exploration.mars.rover.kernel.ListeningState - 1528951439425,9,PerformRadarScan Current instructionQueue length = 1
2018-06-13 23:43:59,425 [radio] INFO  space.exploration.mars.rover.kernel.ListeningState - Rover Curiosity will do a radarScan!
2018-06-13 23:43:59,425 [radio] INFO  space.exploration.mars.rover.kernel.Rover - Trying to reflect rover state.Radar Scanning State Software Version - 2.0
2018-06-13 23:44:47,087 [radio] INFO  space.exploration.mars.rover.kernel.Rover - Trying to reflect rover state.Transmitting State Software Version - 2.0
2018-06-13 23:44:53,135 [radio] INFO  space.exploration.mars.rover.kernel.PositionSensor - Houston - this is curiosityActual.ephemerisTime: 5.15341268185475E8
stateCuriosity: -3.3239986483E7
stateCuriosity: -7.3640910214E7
stateCuriosity: -3.2085280886E7
stateCuriosity: 0.801
stateCuriosity: 8.804
stateCuriosity: 2.875
owltMSLEarth: 289.977
stateEarth: 3.3242029677E7
stateEarth: 7.364543544E7
stateEarth: 3.2087252408E7
stateEarth: -0.804
stateEarth: -8.811
stateEarth: -2.878
owltEarthMSL: 289.995
positionEarthWRTCuriosity: 3.3242029677E7
positionEarthWRTCuriosity: 7.364543544E7
positionEarthWRTCuriosity: 3.2087252408E7
owltEarthMSL2: 289.995
angSepHGAEarth: 139.98
utcTime: "2016-05-01~02:20:00"
sol: 1328
sclkValue: " 1/01328:00:17:29:12862"

2018-06-13 23:44:53,170 [radio] INFO  space.exploration.mars.rover.kernel.PositionSensor - ephemerisTime: 5.15341268185475E8
stateCuriosity: -3.3239986483E7
stateCuriosity: -7.3640910214E7
stateCuriosity: -3.2085280886E7
stateCuriosity: 0.801
stateCuriosity: 8.804
stateCuriosity: 2.875
owltMSLEarth: 289.977
stateEarth: 3.3242029677E7
stateEarth: 7.364543544E7
stateEarth: 3.2087252408E7
stateEarth: -0.804
stateEarth: -8.811
stateEarth: -2.878
owltEarthMSL: 289.995
positionEarthWRTCuriosity: 3.3242029677E7
positionEarthWRTCuriosity: 7.364543544E7
positionEarthWRTCuriosity: 3.2087252408E7
owltEarthMSL2: 289.995
angSepHGAEarth: 139.98
utcTime: "2016-05-01~02:20:00"
sol: 1328
sclkValue: " 1/01328:00:17:29:12862"

2018-06-13 23:44:53,170 [radio] INFO  space.exploration.mars.rover.communication.Radio - One Way Light Time computed by SPICE :: 289.977
2018-06-13 23:44:53,178 [radio] INFO  space.exploration.mars.rover.communication.Radio - Message encryption successful.
2018-06-13 23:44:53,178 [radio] INFO  space.exploration.mars.rover.communication.Transmitter - Sending information packet to curiosity_to_earth_5
2018-06-13 23:44:56,179 [radio] INFO  space.exploration.mars.rover.kernel.Rover - Trying to reflect rover state.Listening State Software Version - 2.0
2018-06-13 23:44:56,180 [spacecraftClock] INFO  space.exploration.mars.rover.sensor.DANSpectrometer - Commencing calibration for DAN Spectrometer for sol = 1328
2018-06-13 23:44:56,180 [radio] INFO  space.exploration.mars.rover.communication.Receiver - Time Elapsed since last message = 63237
2018-06-13 23:44:56,255 [radio] INFO  space.exploration.mars.rover.kernel.PositionSensor - Houston - this is curiosityActual.ephemerisTime: 5.15341628185475E8
stateCuriosity: -3.3239697877E7
stateCuriosity: -7.3637739856E7
stateCuriosity: -3.2084245785E7
stateCuriosity: 0.802
stateCuriosity: 8.809
stateCuriosity: 2.876
owltMSLEarth: 289.967
stateEarth: 3.324174E7
stateEarth: 7.3642262591E7
stateEarth: 3.2086216251E7
stateEarth: -0.805
stateEarth: -8.816
stateEarth: -2.879
owltEarthMSL: 289.984
positionEarthWRTCuriosity: 3.324174E7
positionEarthWRTCuriosity: 7.3642262591E7
positionEarthWRTCuriosity: 3.2086216251E7
owltEarthMSL2: 289.984
angSepHGAEarth: 139.74
utcTime: "2016-05-01~02:26:00"
sol: 1328
sclkValue: " 1/01328:00:23:19:49657"

2018-06-13 23:44:56,291 [radio] INFO  space.exploration.mars.rover.kernel.PositionSensor - ephemerisTime: 5.15341628185475E8
stateCuriosity: -3.3239697877E7
stateCuriosity: -7.3637739856E7
stateCuriosity: -3.2084245785E7
stateCuriosity: 0.802
stateCuriosity: 8.809
stateCuriosity: 2.876
owltMSLEarth: 289.967
stateEarth: 3.324174E7
stateEarth: 7.3642262591E7
stateEarth: 3.2086216251E7
stateEarth: -0.805
stateEarth: -8.816
stateEarth: -2.879
owltEarthMSL: 289.984
positionEarthWRTCuriosity: 3.324174E7
positionEarthWRTCuriosity: 7.3642262591E7
positionEarthWRTCuriosity: 3.2086216251E7
owltEarthMSL2: 289.984
angSepHGAEarth: 139.74
utcTime: "2016-05-01~02:26:00"
sol: 1328
sclkValue: " 1/01328:00:23:19:49657"

2018-06-13 23:44:56,291 [radio] INFO  space.exploration.mars.rover.communication.Radio - One Way Light Time computed by SPICE :: 289.967
2018-06-13 23:44:56,749 [spacecraftClock] INFO  space.exploration.mars.rover.service.ApxsDataService - ApxsSpectrometer configured successfully for sol = 1328
2018-06-13 23:44:56,749 [batteryMonitor] INFO  space.exploration.mars.rover.power.BatteryMonitor - BatteryMonitor performing due diligence. SCET = 1528951449159 Rover state = Listening State
2018-06-13 23:44:56,749 [radio] INFO  space.exploration.mars.rover.kernel.Rover - Trying to reflect rover state.Listening State Software Version - 2.0
2018-06-13 23:44:56,749 [roverGarbageCollector] INFO  space.exploration.mars.rover.diagnostics.RoverGarbageCollector - RoverGC trimming instructionQueue. Current length = 1
2018-06-13 23:44:56,749 [radio] INFO  space.exploration.mars.rover.kernel.ListeningState - timeStamp: 1528951158631
targets {
  roverModule: 5
  estimatedPowerUsage: 30
  action: "Explore"
}

2018-06-13 23:45:02,762 [radio] INFO  space.exploration.mars.rover.kernel.ListeningState - 1528951502762,5,Explore Current instructionQueue length = 1
2018-06-13 23:45:02,762 [radio] INFO  space.exploration.mars.rover.kernel.ListeningState - Rover Curiosity is on a scientific mission!
2018-06-13 23:45:02,763 [radio] INFO  space.exploration.mars.rover.kernel.Rover - Trying to reflect rover state.ApxsSensingState Software Version - 2.0
2018-06-13 23:45:17,868 [radio] INFO  space.exploration.mars.rover.kernel.Rover - Trying to reflect rover state.Transmitting State Software Version - 2.0
2018-06-13 23:45:23,946 [radio] INFO  space.exploration.mars.rover.kernel.PositionSensor - Houston - this is curiosityActual.ephemerisTime: 5.15344988185475E8
stateCuriosity: -3.32369884E7
stateCuriosity: -7.3608064876E7
stateCuriosity: -3.2074559579E7
stateCuriosity: 0.809
stateCuriosity: 8.855
stateCuriosity: 2.891
owltMSLEarth: 289.867
stateEarth: 3.3239020555E7
stateEarth: 7.361256441E7
stateEarth: 3.2076520216E7
stateEarth: -0.811
stateEarth: -8.862
stateEarth: -2.894
owltEarthMSL: 289.885
positionEarthWRTCuriosity: 3.3239020555E7
positionEarthWRTCuriosity: 7.361256441E7
positionEarthWRTCuriosity: 3.2076520216E7
owltEarthMSL2: 289.885
angSepHGAEarth: 135.814
utcTime: "2016-05-01~03:22:00"
sol: 1328
sclkValue: " 1/01328:01:17:49:59740"

2018-06-13 23:45:23,980 [radio] INFO  space.exploration.mars.rover.kernel.PositionSensor - ephemerisTime: 5.15344988185475E8
stateCuriosity: -3.32369884E7
stateCuriosity: -7.3608064876E7
stateCuriosity: -3.2074559579E7
stateCuriosity: 0.809
stateCuriosity: 8.855
stateCuriosity: 2.891
owltMSLEarth: 289.867
stateEarth: 3.3239020555E7
stateEarth: 7.361256441E7
stateEarth: 3.2076520216E7
stateEarth: -0.811
stateEarth: -8.862
stateEarth: -2.894
owltEarthMSL: 289.885
positionEarthWRTCuriosity: 3.3239020555E7
positionEarthWRTCuriosity: 7.361256441E7
positionEarthWRTCuriosity: 3.2076520216E7
owltEarthMSL2: 289.885
angSepHGAEarth: 135.814
utcTime: "2016-05-01~03:22:00"
sol: 1328
sclkValue: " 1/01328:01:17:49:59740"

2018-06-13 23:45:23,980 [radio] INFO  space.exploration.mars.rover.communication.Radio - One Way Light Time computed by SPICE :: 289.867
2018-06-13 23:45:23,987 [radio] INFO  space.exploration.mars.rover.communication.Radio - Message encryption successful.
2018-06-13 23:45:23,987 [radio] INFO  space.exploration.mars.rover.communication.Transmitter - Sending information packet to curiosity_to_earth_5
2018-06-13 23:45:26,988 [radio] INFO  space.exploration.mars.rover.kernel.Rover - Trying to reflect rover state.Listening State Software Version - 2.0
2018-06-13 23:45:26,989 [radio] INFO  space.exploration.mars.rover.communication.Receiver - Time Elapsed since last message = 30808
2018-06-13 23:45:26,989 [roverGarbageCollector] INFO  space.exploration.mars.rover.kernel.Rover - Trying to reflect rover state.Listening State Software Version - 2.0
2018-06-13 23:45:26,990 [roverGarbageCollector] INFO  space.exploration.mars.rover.kernel.ListeningState - timeStamp: 1528951433348
targets {
  roverModule: 6
  action: "Request Rover Logs"
  auxiliaryData: "\n\023yyyy-MM-dd~HH:mm:ss\022\0232018-06-13~23:43:53\032\0232018-06-14~00:00:00"
}

2018-06-13 23:45:27,032 [radio] INFO  space.exploration.mars.rover.kernel.PositionSensor - Houston - this is curiosityActual.ephemerisTime: 5.15345348185475E8
stateCuriosity: -3.3236697335E7
stateCuriosity: -7.3604876219E7
stateCuriosity: -3.2073518497E7
stateCuriosity: 0.808
stateCuriosity: 8.86
stateCuriosity: 2.893
owltMSLEarth: 289.857
stateEarth: 3.3238728433E7
stateEarth: 7.3609373291E7
stateEarth: 3.2075478092E7
stateEarth: -0.811
stateEarth: -8.867
stateEarth: -2.896
owltEarthMSL: 289.874
positionEarthWRTCuriosity: 3.3238728433E7
positionEarthWRTCuriosity: 7.3609373291E7
positionEarthWRTCuriosity: 3.2075478092E7
owltEarthMSL2: 289.874
angSepHGAEarth: 135.233
utcTime: "2016-05-01~03:28:00"
sol: 1328
sclkValue: " 1/01328:01:23:39:96535"

2018-06-13 23:45:27,069 [radio] INFO  space.exploration.mars.rover.kernel.PositionSensor - ephemerisTime: 5.15345348185475E8
stateCuriosity: -3.3236697335E7
stateCuriosity: -7.3604876219E7
stateCuriosity: -3.2073518497E7
stateCuriosity: 0.808
stateCuriosity: 8.86
stateCuriosity: 2.893
owltMSLEarth: 289.857
stateEarth: 3.3238728433E7
stateEarth: 7.3609373291E7
stateEarth: 3.2075478092E7
stateEarth: -0.811
stateEarth: -8.867
stateEarth: -2.896
owltEarthMSL: 289.874
positionEarthWRTCuriosity: 3.3238728433E7
positionEarthWRTCuriosity: 7.3609373291E7
positionEarthWRTCuriosity: 3.2075478092E7
owltEarthMSL2: 289.874
angSepHGAEarth: 135.233
utcTime: "2016-05-01~03:28:00"
sol: 1328
sclkValue: " 1/01328:01:23:39:96535"

2018-06-13 23:45:27,070 [radio] INFO  space.exploration.mars.rover.communication.Radio - One Way Light Time computed by SPICE :: 289.857
2018-06-13 23:45:33,004 [roverGarbageCollector] INFO  space.exploration.mars.rover.kernel.ListeningState - 1528951533004,6,Request Rover Logs Current instructionQueue length = 1
2018-06-13 23:45:33,005 [roverGarbageCollector] INFO  space.exploration.mars.rover.kernel.ListeningState - Requesting logs in date format = yyyy-MM-dd~HH:mm:ss
2018-06-13 23:45:33,005 [roverGarbageCollector] INFO  space.exploration.mars.rover.kernel.ListeningState - Start date = 2018-06-13~23:43:53 End date = 2018-06-14~00:00:00
