2018-08-20 23:57:07,742 [pacemaker] INFO  space.exploration.mars.rover.kernel.PositionSensor - Houston - this is curiosityActual.ephemerisTime: 5.15340308185475E8
stateCuriosity: -3.3240753521E7
stateCuriosity: -7.3649356084E7
stateCuriosity: -3.2088039244E7
stateCuriosity: 0.797
stateCuriosity: 8.791
stateCuriosity: 2.872
owltMSLEarth: 290.005
stateEarth: 3.3242799561E7
stateEarth: 7.3653887935E7
stateEarth: 3.2090013573E7
stateEarth: -0.8
stateEarth: -8.798
stateEarth: -2.875
owltEarthMSL: 290.023
positionEarthWRTCuriosity: 3.3242799561E7
positionEarthWRTCuriosity: 7.3653887935E7
positionEarthWRTCuriosity: 3.2090013573E7
owltEarthMSL2: 290.023
angSepHGAEarth: 140.429
utcTime: "2016-05-01~02:04:00"
sol: 1328
sclkValue: " 1/01328:00:01:54:81409"

2018-08-20 23:57:07,772 [pacemaker] INFO  space.exploration.mars.rover.kernel.PositionSensor - ephemerisTime: 5.15340308185475E8
stateCuriosity: -3.3240753521E7
stateCuriosity: -7.3649356084E7
stateCuriosity: -3.2088039244E7
stateCuriosity: 0.797
stateCuriosity: 8.791
stateCuriosity: 2.872
owltMSLEarth: 290.005
stateEarth: 3.3242799561E7
stateEarth: 7.3653887935E7
stateEarth: 3.2090013573E7
stateEarth: -0.8
stateEarth: -8.798
stateEarth: -2.875
owltEarthMSL: 290.023
positionEarthWRTCuriosity: 3.3242799561E7
positionEarthWRTCuriosity: 7.3653887935E7
positionEarthWRTCuriosity: 3.2090013573E7
owltEarthMSL2: 290.023
angSepHGAEarth: 140.429
utcTime: "2016-05-01~02:04:00"
sol: 1328
sclkValue: " 1/01328:00:01:54:81409"

2018-08-20 23:57:07,773 [pacemaker] INFO  space.exploration.mars.rover.kernel.SpacecraftClock - Internal time::2016-05-01T02:04:00.000-04:00 sclk of::1/01328:00:01:54:81409
2018-08-20 23:57:07,773 [pacemaker] INFO  space.exploration.mars.rover.kernel.Rover - Trying to reflect rover state.Transmitting State Software Version - 2.0
2018-08-20 23:57:13,850 [pacemaker] INFO  space.exploration.mars.rover.kernel.PositionSensor - Houston - this is curiosityActual.ephemerisTime: 5.15341028185475E8
stateCuriosity: -3.3240178611E7
stateCuriosity: -7.3643022825E7
stateCuriosity: -3.2085970725E7
stateCuriosity: 0.8
stateCuriosity: 8.801
stateCuriosity: 2.874
owltMSLEarth: 289.984
stateEarth: 3.3242222517E7
stateEarth: 7.364754971E7
stateEarth: 3.208794295E7
stateEarth: -0.803
stateEarth: -8.808
stateEarth: -2.877
owltEarthMSL: 290.002
positionEarthWRTCuriosity: 3.3242222517E7
positionEarthWRTCuriosity: 7.364754971E7
positionEarthWRTCuriosity: 3.208794295E7
owltEarthMSL2: 290.002
angSepHGAEarth: 140.118
utcTime: "2016-05-01~02:16:00"
sol: 1328
sclkValue: " 1/01328:00:13:35:54999"

2018-08-20 23:57:13,880 [pacemaker] INFO  space.exploration.mars.rover.kernel.PositionSensor - ephemerisTime: 5.15341028185475E8
stateCuriosity: -3.3240178611E7
stateCuriosity: -7.3643022825E7
stateCuriosity: -3.2085970725E7
stateCuriosity: 0.8
stateCuriosity: 8.801
stateCuriosity: 2.874
owltMSLEarth: 289.984
stateEarth: 3.3242222517E7
stateEarth: 7.364754971E7
stateEarth: 3.208794295E7
stateEarth: -0.803
stateEarth: -8.808
stateEarth: -2.877
owltEarthMSL: 290.002
positionEarthWRTCuriosity: 3.3242222517E7
positionEarthWRTCuriosity: 7.364754971E7
positionEarthWRTCuriosity: 3.208794295E7
owltEarthMSL2: 290.002
angSepHGAEarth: 140.118
utcTime: "2016-05-01~02:16:00"
sol: 1328
sclkValue: " 1/01328:00:13:35:54999"

2018-08-20 23:57:13,880 [pacemaker] INFO  space.exploration.mars.rover.communication.Radio - One Way Light Time computed by SPICE :: 289.984
2018-08-20 23:57:13,889 [pacemaker] INFO  space.exploration.mars.rover.communication.Radio - Message encryption successful.
2018-08-20 23:57:13,889 [pacemaker] INFO  space.exploration.mars.rover.communication.Transmitter - Sending information packet to curiosity_to_earth_5
2018-08-20 23:57:16,890 [pacemaker] INFO  space.exploration.mars.rover.kernel.Rover - Trying to reflect rover state.Listening State Software Version - 2.0
2018-08-20 23:57:16,890 [roverGarbageCollector] INFO  space.exploration.mars.rover.diagnostics.RoverGarbageCollector - RoverGC trimming instructionQueue. Current length = 1
2018-08-20 23:57:16,891 [roverGarbageCollector] INFO  space.exploration.mars.rover.kernel.Rover - Trying to reflect rover state.Listening State Software Version - 2.0
2018-08-20 23:57:16,892 [roverGarbageCollector] INFO  space.exploration.mars.rover.kernel.ListeningState - timeStamp: 1534823827684
targets {
  roverModule: 6
  action: "Request Rover Logs"
  auxiliaryData: "\n\023yyyy-MM-dd~HH:mm:ss\022\0232018-08-20~23:57:07\032\0232018-08-21~00:00:00"
}

2018-08-20 23:57:22,912 [roverGarbageCollector] INFO  space.exploration.mars.rover.kernel.ListeningState - 1534823842912,6,Request Rover Logs Current instructionQueue length = 0
2018-08-20 23:57:22,912 [roverGarbageCollector] INFO  space.exploration.mars.rover.kernel.ListeningState - Requesting logs in date format = yyyy-MM-dd~HH:mm:ss
2018-08-20 23:57:22,913 [roverGarbageCollector] INFO  space.exploration.mars.rover.kernel.ListeningState - Start date = 2018-08-20~23:57:07 End date = 2018-08-21~00:00:00
