2018-06-30 23:49:31,101 [radio] INFO  space.exploration.mars.rover.kernel.ListeningState - timeStamp: 1530420316670
targets {
  roverModule: 6
  action: "Update Software"
  auxiliaryData: "\tffffff\376?\022`https://storage.googleapis.com/rover_artifacts/softwareUpdates/mars.rover-1.8-SOLSHOT-shaded.jar\032Phttps://storage.googleapis.com/rover_artifacts/softwareUpdates/softwareLaunch.sh\"!mars.rover-1.8-SOLSHOT-shaded.jar*\021softwareLaunch.sh"
}

2018-06-30 23:49:37,121 [radio] INFO  space.exploration.mars.rover.kernel.ListeningState - 1530420577121,6,Update Software Current instructionQueue length = 1
2018-06-30 23:49:37,122 [radio] WARN  space.exploration.mars.rover.kernel.Rover - Updating software. This is always a bit tricky!
2018-06-30 23:49:37,123 [radio] INFO  space.exploration.mars.rover.kernel.Rover - Trying to reflect rover state.Maintenance State Software Version - 2.0
2018-06-30 23:49:37,124 [radio] INFO  space.exploration.mars.rover.kernel.ListeningState - Rover commencing software update.
2018-06-30 23:49:37,124 [radio] ERROR space.exploration.mars.rover.kernel.ListeningState - Software already up to date.
2018-06-30 23:49:37,125 [batteryMonitor] INFO  space.exploration.mars.rover.power.BatteryMonitor -  Battery primaryUnits = 256 auxiliaryPowerUnits = 100
2018-06-30 23:49:37,125 [roverGarbageCollector] INFO  space.exploration.mars.rover.kernel.Rover - Trying to reflect rover state.Listening State Software Version - 2.0
2018-06-30 23:49:37,125 [radio] INFO  space.exploration.mars.rover.communication.Receiver - Time Elapsed since last message = 21224
2018-06-30 23:49:37,129 [roverGarbageCollector] INFO  space.exploration.mars.rover.kernel.ListeningState - timeStamp: 1530420482990
targets {
  roverModule: 6
  action: "Request Rover Logs"
  auxiliaryData: "\n\023yyyy-MM-dd~HH:mm:ss\022\0232018-06-30~23:48:02\032\0232018-07-01~00:00:00"
}

2018-06-30 23:49:37,192 [radio] INFO  space.exploration.mars.rover.kernel.PositionSensor - Houston - this is curiosityActual.ephemerisTime: 5.15340188185475E8
stateCuriosity: -3.3240849108E7
stateCuriosity: -7.3650410966E7
stateCuriosity: -3.2088383864E7
stateCuriosity: 0.796
stateCuriosity: 8.79
stateCuriosity: 2.872
owltMSLEarth: 290.009
stateEarth: 3.3242895502E7
stateEarth: 7.3654943643E7
stateEarth: 3.2090358543E7
stateEarth: -0.799
stateEarth: -8.797
stateEarth: -2.875
owltEarthMSL: 290.027
positionEarthWRTCuriosity: 3.3242895502E7
positionEarthWRTCuriosity: 7.3654943643E7
positionEarthWRTCuriosity: 3.2090358543E7
owltEarthMSL2: 290.027
angSepHGAEarth: 140.466
utcTime: "2016-05-01~02:02:00"
sol: 1327
sclkValue: " 1/01327:23:59:58:02478"

2018-06-30 23:49:37,227 [radio] INFO  space.exploration.mars.rover.kernel.PositionSensor - ephemerisTime: 5.15340188185475E8
stateCuriosity: -3.3240849108E7
stateCuriosity: -7.3650410966E7
stateCuriosity: -3.2088383864E7
stateCuriosity: 0.796
stateCuriosity: 8.79
stateCuriosity: 2.872
owltMSLEarth: 290.009
stateEarth: 3.3242895502E7
stateEarth: 7.3654943643E7
stateEarth: 3.2090358543E7
stateEarth: -0.799
stateEarth: -8.797
stateEarth: -2.875
owltEarthMSL: 290.027
positionEarthWRTCuriosity: 3.3242895502E7
positionEarthWRTCuriosity: 7.3654943643E7
positionEarthWRTCuriosity: 3.2090358543E7
owltEarthMSL2: 290.027
angSepHGAEarth: 140.466
utcTime: "2016-05-01~02:02:00"
sol: 1327
sclkValue: " 1/01327:23:59:58:02478"

2018-06-30 23:49:37,227 [radio] INFO  space.exploration.mars.rover.communication.Radio - One Way Light Time computed by SPICE :: 290.009
2018-06-30 23:49:43,145 [roverGarbageCollector] INFO  space.exploration.mars.rover.kernel.ListeningState - 1530420583145,6,Request Rover Logs Current instructionQueue length = 1
2018-06-30 23:49:43,147 [roverGarbageCollector] INFO  space.exploration.mars.rover.kernel.ListeningState - Requesting logs in date format = yyyy-MM-dd~HH:mm:ss
2018-06-30 23:49:43,147 [roverGarbageCollector] INFO  space.exploration.mars.rover.kernel.ListeningState - Start date = 2018-06-30~23:48:02 End date = 2018-07-01~00:00:00
2018-06-30 23:49:43,153 [roverGarbageCollector] INFO  space.exploration.mars.rover.kernel.Rover - Trying to reflect rover state.Transmitting State Software Version - 2.0
2018-06-30 23:49:49,233 [roverGarbageCollector] INFO  space.exploration.mars.rover.kernel.PositionSensor - Houston - this is curiosityActual.ephemerisTime: 5.15341628185475E8
stateCuriosity: -3.3239697877E7
stateCuriosity: -7.3637739856E7
stateCuriosity: -3.2084245785E7
stateCuriosity: 0.802
stateCuriosity: 8.809
stateCuriosity: 2.876
owltMSLEarth: 289.967
stateEarth: 3.324174E7
stateEarth: 7.3642262591E7
stateEarth: 3.2086216251E7
stateEarth: -0.805
stateEarth: -8.816
stateEarth: -2.879
owltEarthMSL: 289.984
positionEarthWRTCuriosity: 3.324174E7
positionEarthWRTCuriosity: 7.3642262591E7
positionEarthWRTCuriosity: 3.2086216251E7
owltEarthMSL2: 289.984
angSepHGAEarth: 139.74
utcTime: "2016-05-01~02:26:00"
sol: 1328
sclkValue: " 1/01328:00:23:19:49657"

2018-06-30 23:49:49,266 [roverGarbageCollector] INFO  space.exploration.mars.rover.kernel.PositionSensor - ephemerisTime: 5.15341628185475E8
stateCuriosity: -3.3239697877E7
stateCuriosity: -7.3637739856E7
stateCuriosity: -3.2084245785E7
stateCuriosity: 0.802
stateCuriosity: 8.809
stateCuriosity: 2.876
owltMSLEarth: 289.967
stateEarth: 3.324174E7
stateEarth: 7.3642262591E7
stateEarth: 3.2086216251E7
stateEarth: -0.805
stateEarth: -8.816
stateEarth: -2.879
owltEarthMSL: 289.984
positionEarthWRTCuriosity: 3.324174E7
positionEarthWRTCuriosity: 7.3642262591E7
positionEarthWRTCuriosity: 3.2086216251E7
owltEarthMSL2: 289.984
angSepHGAEarth: 139.74
utcTime: "2016-05-01~02:26:00"
sol: 1328
sclkValue: " 1/01328:00:23:19:49657"

2018-06-30 23:49:49,267 [roverGarbageCollector] INFO  space.exploration.mars.rover.communication.Radio - One Way Light Time computed by SPICE :: 289.967
2018-06-30 23:49:49,302 [roverGarbageCollector] INFO  space.exploration.mars.rover.communication.Radio - Message encryption successful.
2018-06-30 23:49:49,302 [roverGarbageCollector] INFO  space.exploration.mars.rover.communication.Transmitter - Sending information packet to curiosity_to_earth_5
2018-06-30 23:49:52,302 [roverGarbageCollector] INFO  space.exploration.mars.rover.kernel.Rover - Trying to reflect rover state.Listening State Software Version - 2.0
2018-06-30 23:49:52,303 [roverGarbageCollector] INFO  space.exploration.mars.rover.diagnostics.RoverGarbageCollector - RoverGC trimming instructionQueue. Current length = 1
2018-06-30 23:49:52,304 [spacecraftClock] INFO  space.exploration.mars.rover.sensor.DANSpectrometer - Commencing calibration for DAN Spectrometer for sol = 1328
2018-06-30 23:49:53,133 [spacecraftClock] INFO  space.exploration.mars.rover.service.ApxsDataService - ApxsSpectrometer configured successfully for sol = 1328
2018-06-30 23:49:53,135 [radio] INFO  space.exploration.mars.rover.kernel.Rover - Trying to reflect rover state.Listening State Software Version - 2.0
2018-06-30 23:49:53,136 [radio] INFO  space.exploration.mars.rover.kernel.ListeningState - timeStamp: 1530420343181
targets {
  roverModule: 8
  estimatedPowerUsage: 20
  action: "ClickCamera"
  roverSubModule: "RHAZ"
}

2018-06-30 23:49:59,153 [radio] INFO  space.exploration.mars.rover.kernel.ListeningState - 1530420599153,8,ClickCamera Current instructionQueue length = 1
2018-06-30 23:49:59,154 [radio] INFO  space.exploration.mars.rover.kernel.ListeningState - Rover Curiosity is going to try to take pictures!
2018-06-30 23:49:59,154 [radio] INFO  space.exploration.mars.rover.kernel.Rover - Trying to reflect rover state.Photographing State Software Version - 2.0
2018-06-30 23:50:03,198 [radio] INFO  space.exploration.mars.rover.kernel.Rover - Trying to reflect rover state.Transmitting State Software Version - 2.0
2018-06-30 23:50:09,279 [radio] INFO  space.exploration.mars.rover.kernel.PositionSensor - Houston - this is curiosityActual.ephemerisTime: 5.15344028185475E8
stateCuriosity: -3.3237764377E7
stateCuriosity: -7.3616559238E7
stateCuriosity: -3.2077332391E7
stateCuriosity: 0.808
stateCuriosity: 8.842
stateCuriosity: 2.886
owltMSLEarth: 289.896
stateEarth: 3.3239799366E7
stateEarth: 7.3621065371E7
stateEarth: 3.2079295824E7
stateEarth: -0.811
stateEarth: -8.849
stateEarth: -2.889
owltEarthMSL: 289.914
positionEarthWRTCuriosity: 3.3239799366E7
positionEarthWRTCuriosity: 7.3621065371E7
positionEarthWRTCuriosity: 3.2079295824E7
owltEarthMSL2: 289.914
angSepHGAEarth: 137.225
utcTime: "2016-05-01~03:08:00"
sol: 1328
sclkValue: " 1/01328:01:02:15:28288"

2018-06-30 23:50:09,313 [radio] INFO  space.exploration.mars.rover.kernel.PositionSensor - ephemerisTime: 5.15344148185475E8
stateCuriosity: -3.3237667416E7
stateCuriosity: -7.3615498137E7
stateCuriosity: -3.2076986049E7
stateCuriosity: 0.808
stateCuriosity: 8.843
stateCuriosity: 2.886
owltMSLEarth: 289.892
stateEarth: 3.323970205E7
stateEarth: 7.3620003443E7
stateEarth: 3.2078949131E7
stateEarth: -0.811
stateEarth: -8.85
stateEarth: -2.889
owltEarthMSL: 289.91
positionEarthWRTCuriosity: 3.323970205E7
positionEarthWRTCuriosity: 7.3620003443E7
positionEarthWRTCuriosity: 3.2078949131E7
owltEarthMSL2: 289.91
angSepHGAEarth: 137.06
utcTime: "2016-05-01~03:08:00"
sol: 1328
sclkValue: " 1/01328:01:04:12:07219"

2018-06-30 23:50:09,313 [radio] INFO  space.exploration.mars.rover.communication.Radio - One Way Light Time computed by SPICE :: 289.896
2018-06-30 23:50:09,588 [radio] INFO  space.exploration.mars.rover.communication.Radio - Message encryption successful.
2018-06-30 23:50:09,589 [radio] INFO  space.exploration.mars.rover.communication.Transmitter - Sending information packet to curiosity_to_earth_5
2018-06-30 23:50:12,589 [radio] INFO  space.exploration.mars.rover.kernel.Rover - Trying to reflect rover state.Listening State Software Version - 2.0
2018-06-30 23:50:12,590 [radio] INFO  space.exploration.mars.rover.communication.Receiver - Time Elapsed since last message = 35458
2018-06-30 23:50:12,590 [batteryMonitor] INFO  space.exploration.mars.rover.power.BatteryMonitor - BatteryMonitor performing due diligence. SCET = 1530420612590 Rover state = Listening State
2018-06-30 23:50:12,591 [roverGarbageCollector] INFO  space.exploration.mars.rover.kernel.Rover - Trying to reflect rover state.Listening State Software Version - 2.0
2018-06-30 23:50:12,594 [roverGarbageCollector] INFO  space.exploration.mars.rover.kernel.ListeningState - timeStamp: 1530420525748
targets {
  roverModule: 6
  action: "Request Rover Logs"
  auxiliaryData: "\n\023yyyy-MM-dd~HH:mm:ss\022\0232018-06-30~23:48:45\032\0232018-07-01~00:00:00"
}

2018-06-30 23:50:12,633 [radio] INFO  space.exploration.mars.rover.kernel.PositionSensor - Houston - this is curiosityActual.ephemerisTime: 5.15344508185475E8
stateCuriosity: -3.3237376458E7
stateCuriosity: -7.3612313644E7
stateCuriosity: -3.2075946585E7
stateCuriosity: 0.808
stateCuriosity: 8.848
stateCuriosity: 2.888
owltMSLEarth: 289.882
stateEarth: 3.3239410028E7
stateEarth: 7.3616816472E7
stateEarth: 3.2077908618E7
stateEarth: -0.811
stateEarth: -8.855
stateEarth: -2.891
owltEarthMSL: 289.899
positionEarthWRTCuriosity: 3.3239410028E7
positionEarthWRTCuriosity: 7.3616816472E7
positionEarthWRTCuriosity: 3.2077908618E7
owltEarthMSL2: 289.899
angSepHGAEarth: 136.546
utcTime: "2016-05-01~03:14:00"
sol: 1328
sclkValue: " 1/01328:01:10:02:44014"

2018-06-30 23:50:12,679 [radio] INFO  space.exploration.mars.rover.kernel.PositionSensor - ephemerisTime: 5.15344508185475E8
stateCuriosity: -3.3237376458E7
stateCuriosity: -7.3612313644E7
stateCuriosity: -3.2075946585E7
stateCuriosity: 0.808
stateCuriosity: 8.848
stateCuriosity: 2.888
owltMSLEarth: 289.882
stateEarth: 3.3239410028E7
stateEarth: 7.3616816472E7
stateEarth: 3.2077908618E7
stateEarth: -0.811
stateEarth: -8.855
stateEarth: -2.891
owltEarthMSL: 289.899
positionEarthWRTCuriosity: 3.3239410028E7
positionEarthWRTCuriosity: 7.3616816472E7
positionEarthWRTCuriosity: 3.2077908618E7
owltEarthMSL2: 289.899
angSepHGAEarth: 136.546
utcTime: "2016-05-01~03:14:00"
sol: 1328
sclkValue: " 1/01328:01:10:02:44014"

2018-06-30 23:50:12,679 [radio] INFO  space.exploration.mars.rover.communication.Radio - One Way Light Time computed by SPICE :: 289.882
2018-06-30 23:50:18,609 [roverGarbageCollector] INFO  space.exploration.mars.rover.kernel.ListeningState - 1530420618609,6,Request Rover Logs Current instructionQueue length = 0
2018-06-30 23:50:18,610 [roverGarbageCollector] INFO  space.exploration.mars.rover.kernel.ListeningState - Requesting logs in date format = yyyy-MM-dd~HH:mm:ss
2018-06-30 23:50:18,610 [roverGarbageCollector] INFO  space.exploration.mars.rover.kernel.ListeningState - Start date = 2018-06-30~23:48:45 End date = 2018-07-01~00:00:00
