2018-07-06 22:36:14,645 [roverGarbageCollector] INFO  space.exploration.mars.rover.diagnostics.RoverGarbageCollector - RoverGC trimming instructionQueue. Current length = 1
2018-07-06 22:36:14,645 [roverGarbageCollector] INFO  space.exploration.mars.rover.kernel.Rover - Trying to reflect rover state.Listening State Software Version - 2.0
2018-07-06 22:36:14,646 [roverGarbageCollector] INFO  space.exploration.mars.rover.kernel.ListeningState - timeStamp: 1530934574210
targets {
  roverModule: 6
  action: "Request Rover Logs"
  auxiliaryData: "\n\023yyyy-MM-dd~HH:mm:ss\022\0232018-07-06~22:36:14\032\0232018-07-07~00:00:00"
}

2018-07-06 22:36:19,076 [radio] INFO  space.exploration.mars.rover.communication.Receiver - Time Elapsed since last message = 29683
2018-07-06 22:36:19,142 [radio] INFO  space.exploration.mars.rover.kernel.PositionSensor - Houston - this is curiosityActual.ephemerisTime: 5.15334668185476E8
stateCuriosity: -3.3245145554E7
stateCuriosity: -7.3698745075E7
stateCuriosity: -3.2104218513E7
stateCuriosity: 0.756
stateCuriosity: 8.725
stateCuriosity: 2.869
owltMSLEarth: 290.171
stateEarth: 3.3247207693E7
stateEarth: 7.3703314515E7
stateEarth: 3.2106208773E7
stateEarth: -0.759
stateEarth: -8.732
stateEarth: -2.872
owltEarthMSL: 290.189
positionEarthWRTCuriosity: 3.3247207693E7
positionEarthWRTCuriosity: 7.3703314515E7
positionEarthWRTCuriosity: 3.2106208773E7
owltEarthMSL2: 290.189
angSepHGAEarth: 137.439
utcTime: "2016-05-01~00:30:00"
sol: 1327
sclkValue: " 1/01327:22:30:25:71625"

2018-07-06 22:36:19,176 [radio] INFO  space.exploration.mars.rover.kernel.PositionSensor - ephemerisTime: 5.15334668185476E8
stateCuriosity: -3.3245145554E7
stateCuriosity: -7.3698745075E7
stateCuriosity: -3.2104218513E7
stateCuriosity: 0.756
stateCuriosity: 8.725
stateCuriosity: 2.869
owltMSLEarth: 290.171
stateEarth: 3.3247207693E7
stateEarth: 7.3703314515E7
stateEarth: 3.2106208773E7
stateEarth: -0.759
stateEarth: -8.732
stateEarth: -2.872
owltEarthMSL: 290.189
positionEarthWRTCuriosity: 3.3247207693E7
positionEarthWRTCuriosity: 7.3703314515E7
positionEarthWRTCuriosity: 3.2106208773E7
owltEarthMSL2: 290.189
angSepHGAEarth: 137.439
utcTime: "2016-05-01~00:30:00"
sol: 1327
sclkValue: " 1/01327:22:30:25:71625"

2018-07-06 22:36:19,177 [radio] INFO  space.exploration.mars.rover.communication.Radio - One Way Light Time computed by SPICE :: 290.171
2018-07-06 22:36:20,664 [roverGarbageCollector] INFO  space.exploration.mars.rover.kernel.ListeningState - 1530934580664,6,Request Rover Logs Current instructionQueue length = 0
2018-07-06 22:36:20,664 [roverGarbageCollector] INFO  space.exploration.mars.rover.kernel.ListeningState - Requesting logs in date format = yyyy-MM-dd~HH:mm:ss
2018-07-06 22:36:20,664 [roverGarbageCollector] INFO  space.exploration.mars.rover.kernel.ListeningState - Start date = 2018-07-06~22:36:14 End date = 2018-07-07~00:00:00
