2018-06-13 23:59:15,350 [pacemaker] INFO  space.exploration.mars.rover.kernel.Rover - Trying to reflect rover state.Transmitting State Software Version - 2.0
2018-06-13 23:59:21,417 [pacemaker] INFO  space.exploration.mars.rover.kernel.PositionSensor - Houston - this is curiosityActual.ephemerisTime: 5.15341028185475E8
stateCuriosity: -3.3240178611E7
stateCuriosity: -7.3643022825E7
stateCuriosity: -3.2085970725E7
stateCuriosity: 0.8
stateCuriosity: 8.801
stateCuriosity: 2.874
owltMSLEarth: 289.984
stateEarth: 3.3242222517E7
stateEarth: 7.364754971E7
stateEarth: 3.208794295E7
stateEarth: -0.803
stateEarth: -8.808
stateEarth: -2.877
owltEarthMSL: 290.002
positionEarthWRTCuriosity: 3.3242222517E7
positionEarthWRTCuriosity: 7.364754971E7
positionEarthWRTCuriosity: 3.208794295E7
owltEarthMSL2: 290.002
angSepHGAEarth: 140.118
utcTime: "2016-05-01~02:16:00"
sol: 1328
sclkValue: " 1/01328:00:13:35:54999"

2018-06-13 23:59:21,452 [pacemaker] INFO  space.exploration.mars.rover.kernel.PositionSensor - ephemerisTime: 5.15341028185475E8
stateCuriosity: -3.3240178611E7
stateCuriosity: -7.3643022825E7
stateCuriosity: -3.2085970725E7
stateCuriosity: 0.8
stateCuriosity: 8.801
stateCuriosity: 2.874
owltMSLEarth: 289.984
stateEarth: 3.3242222517E7
stateEarth: 7.364754971E7
stateEarth: 3.208794295E7
stateEarth: -0.803
stateEarth: -8.808
stateEarth: -2.877
owltEarthMSL: 290.002
positionEarthWRTCuriosity: 3.3242222517E7
positionEarthWRTCuriosity: 7.364754971E7
positionEarthWRTCuriosity: 3.208794295E7
owltEarthMSL2: 290.002
angSepHGAEarth: 140.118
utcTime: "2016-05-01~02:16:00"
sol: 1328
sclkValue: " 1/01328:00:13:35:54999"

2018-06-13 23:59:21,452 [pacemaker] INFO  space.exploration.mars.rover.communication.Radio - One Way Light Time computed by SPICE :: 289.984
2018-06-13 23:59:21,459 [pacemaker] INFO  space.exploration.mars.rover.communication.Radio - Message encryption successful.
2018-06-13 23:59:21,459 [pacemaker] INFO  space.exploration.mars.rover.communication.Transmitter - Sending information packet to curiosity_to_earth_5
2018-06-13 23:59:24,460 [pacemaker] INFO  space.exploration.mars.rover.kernel.Rover - Trying to reflect rover state.Listening State Software Version - 2.0
2018-06-13 23:59:24,460 [roverGarbageCollector] INFO  space.exploration.mars.rover.diagnostics.RoverGarbageCollector - RoverGC trimming instructionQueue. Current length = 1
2018-06-13 23:59:24,460 [radio] INFO  space.exploration.mars.rover.kernel.Rover - Trying to reflect rover state.Listening State Software Version - 2.0
2018-06-13 23:59:24,461 [radio] INFO  space.exploration.mars.rover.kernel.ListeningState - timeStamp: 1528952253258
targets {
  roverModule: 9
  estimatedPowerUsage: 20
  action: "PerformRadarScan"
}

2018-06-13 23:59:30,470 [radio] INFO  space.exploration.mars.rover.kernel.ListeningState - 1528952370470,9,PerformRadarScan Current instructionQueue length = 1
2018-06-13 23:59:30,471 [radio] INFO  space.exploration.mars.rover.kernel.ListeningState - Rover Curiosity will do a radarScan!
2018-06-13 23:59:30,471 [radio] INFO  space.exploration.mars.rover.kernel.Rover - Trying to reflect rover state.Radar Scanning State Software Version - 2.0
2018-06-14 00:00:17,788 [radio] INFO  space.exploration.mars.rover.kernel.Rover - Trying to reflect rover state.Transmitting State Software Version - 2.0
2018-06-14 00:00:23,852 [radio] INFO  space.exploration.mars.rover.kernel.PositionSensor - Houston - this is curiosityActual.ephemerisTime: 5.15348468185474E8
stateCuriosity: -3.3234181633E7
stateCuriosity: -7.3577167127E7
stateCuriosity: -3.2064462193E7
stateCuriosity: 0.802
stateCuriosity: 8.902
stateCuriosity: 2.913
owltMSLEarth: 289.764
stateEarth: 3.3236203773E7
stateEarth: 7.3581643298E7
stateEarth: 3.2066412941E7
stateEarth: -0.805
stateEarth: -8.909
stateEarth: -2.916
owltEarthMSL: 289.782
positionEarthWRTCuriosity: 3.3236203773E7
positionEarthWRTCuriosity: 7.3581643298E7
positionEarthWRTCuriosity: 3.2066412941E7
owltEarthMSL2: 289.782
angSepHGAEarth: 129.194
utcTime: "2016-05-01~04:20:00"
sol: 1328
sclkValue: " 1/01328:02:14:16:48756"

2018-06-14 00:00:23,886 [radio] INFO  space.exploration.mars.rover.kernel.PositionSensor - ephemerisTime: 5.15348468185474E8
stateCuriosity: -3.3234181633E7
stateCuriosity: -7.3577167127E7
stateCuriosity: -3.2064462193E7
stateCuriosity: 0.802
stateCuriosity: 8.902
stateCuriosity: 2.913
owltMSLEarth: 289.764
stateEarth: 3.3236203773E7
stateEarth: 7.3581643298E7
stateEarth: 3.2066412941E7
stateEarth: -0.805
stateEarth: -8.909
stateEarth: -2.916
owltEarthMSL: 289.782
positionEarthWRTCuriosity: 3.3236203773E7
positionEarthWRTCuriosity: 7.3581643298E7
positionEarthWRTCuriosity: 3.2066412941E7
owltEarthMSL2: 289.782
angSepHGAEarth: 129.194
utcTime: "2016-05-01~04:20:00"
sol: 1328
sclkValue: " 1/01328:02:14:16:48756"

2018-06-14 00:00:23,887 [radio] INFO  space.exploration.mars.rover.communication.Radio - One Way Light Time computed by SPICE :: 289.764
2018-06-14 00:00:23,894 [radio] INFO  space.exploration.mars.rover.communication.Radio - Message encryption successful.
2018-06-14 00:00:23,894 [radio] INFO  space.exploration.mars.rover.communication.Transmitter - Sending information packet to curiosity_to_earth_5
2018-06-14 00:00:26,895 [radio] INFO  space.exploration.mars.rover.kernel.Rover - Trying to reflect rover state.Listening State Software Version - 2.0
2018-06-14 00:00:26,895 [batteryMonitor] INFO  space.exploration.mars.rover.power.BatteryMonitor - BatteryMonitor performing due diligence. SCET = 1528952382160 Rover state = Listening State
2018-06-14 00:00:26,895 [roverGarbageCollector] INFO  space.exploration.mars.rover.kernel.Rover - Trying to reflect rover state.Listening State Software Version - 2.0
2018-06-14 00:00:26,895 [radio] INFO  space.exploration.mars.rover.communication.Receiver - Time Elapsed since last message = 71968
2018-06-14 00:00:26,896 [roverGarbageCollector] INFO  space.exploration.mars.rover.kernel.ListeningState - timeStamp: 1528952355349
targets {
  roverModule: 6
  action: "Request Rover Logs"
  auxiliaryData: "\n\023yyyy-MM-dd~HH:mm:ss\022\0232018-06-13~23:59:15\032\0232018-06-14~00:00:00"
}

2018-06-14 00:00:26,959 [radio] INFO  space.exploration.mars.rover.kernel.PositionSensor - Houston - this is curiosityActual.ephemerisTime: 5.15348828185474E8
stateCuriosity: -3.3233893011E7
stateCuriosity: -7.3573961522E7
stateCuriosity: -3.206341295E7
stateCuriosity: 0.801
stateCuriosity: 8.907
stateCuriosity: 2.916
owltMSLEarth: 289.753
stateEarth: 3.3235914149E7
stateEarth: 7.3578435347E7
stateEarth: 3.2065362705E7
stateEarth: -0.804
stateEarth: -8.913
stateEarth: -2.919
owltEarthMSL: 289.771
positionEarthWRTCuriosity: 3.3235914149E7
positionEarthWRTCuriosity: 7.3578435347E7
positionEarthWRTCuriosity: 3.2065362705E7
owltEarthMSL2: 289.771
angSepHGAEarth: 128.4
utcTime: "2016-05-01~04:28:00"
sol: 1328
sclkValue: " 1/01328:02:20:06:85551"

2018-06-14 00:00:26,993 [radio] INFO  space.exploration.mars.rover.kernel.PositionSensor - ephemerisTime: 5.15348948185474E8
stateCuriosity: -3.3233796917E7
stateCuriosity: -7.3572892609E7
stateCuriosity: -3.2063062988E7
stateCuriosity: 0.801
stateCuriosity: 8.908
stateCuriosity: 2.917
owltMSLEarth: 289.75
stateEarth: 3.3235817723E7
stateEarth: 7.3577365657E7
stateEarth: 3.2065012415E7
stateEarth: -0.803
stateEarth: -8.915
stateEarth: -2.92
owltEarthMSL: 289.767
positionEarthWRTCuriosity: 3.3235817723E7
positionEarthWRTCuriosity: 7.3577365657E7
positionEarthWRTCuriosity: 3.2065012415E7
owltEarthMSL2: 289.767
angSepHGAEarth: 128.131
utcTime: "2016-05-01~04:28:00"
sol: 1328
sclkValue: " 1/01328:02:22:03:64482"

2018-06-14 00:00:26,994 [radio] INFO  space.exploration.mars.rover.communication.Radio - One Way Light Time computed by SPICE :: 289.753
2018-06-14 00:00:32,909 [roverGarbageCollector] INFO  space.exploration.mars.rover.kernel.ListeningState - 1528952432909,6,Request Rover Logs Current instructionQueue length = 0
2018-06-14 00:00:32,910 [roverGarbageCollector] INFO  space.exploration.mars.rover.kernel.ListeningState - Requesting logs in date format = yyyy-MM-dd~HH:mm:ss
2018-06-14 00:00:32,910 [roverGarbageCollector] INFO  space.exploration.mars.rover.kernel.ListeningState - Start date = 2018-06-13~23:59:15 End date = 2018-06-14~00:00:00
