2018-08-11 22:15:06,515 [pacemaker] INFO  space.exploration.mars.rover.kernel.PositionSensor - Houston - this is curiosityActual.ephemerisTime: 5.15340788185475E8
stateCuriosity: -3.3240370502E7
stateCuriosity: -7.3645134671E7
stateCuriosity: -3.2086660391E7
stateCuriosity: 0.799
stateCuriosity: 8.798
stateCuriosity: 2.873
owltMSLEarth: 289.991
stateEarth: 3.3242415121E7
stateEarth: 7.3649663213E7
stateEarth: 3.2088633318E7
stateEarth: -0.802
stateEarth: -8.805
stateEarth: -2.876
owltEarthMSL: 290.009
positionEarthWRTCuriosity: 3.3242415121E7
positionEarthWRTCuriosity: 7.3649663213E7
positionEarthWRTCuriosity: 3.2088633318E7
owltEarthMSL2: 290.009
angSepHGAEarth: 140.239
utcTime: "2016-05-01~02:14:00"
sol: 1328
sclkValue: " 1/01328:00:09:41:97136"

2018-08-11 22:15:06,550 [pacemaker] INFO  space.exploration.mars.rover.kernel.PositionSensor - ephemerisTime: 5.15340908185475E8
stateCuriosity: -3.3240274587E7
stateCuriosity: -7.3644078844E7
stateCuriosity: -3.2086315579E7
stateCuriosity: 0.8
stateCuriosity: 8.799
stateCuriosity: 2.874
owltMSLEarth: 289.988
stateEarth: 3.3242318849E7
stateEarth: 7.3648606557E7
stateEarth: 3.2088288155E7
stateEarth: -0.803
stateEarth: -8.806
stateEarth: -2.877
owltEarthMSL: 290.006
positionEarthWRTCuriosity: 3.3242318849E7
positionEarthWRTCuriosity: 7.3648606557E7
positionEarthWRTCuriosity: 3.2088288155E7
owltEarthMSL2: 290.006
angSepHGAEarth: 140.181
utcTime: "2016-05-01~02:14:00"
sol: 1328
sclkValue: " 1/01328:00:11:38:76067"

2018-08-11 22:15:06,551 [pacemaker] INFO  space.exploration.mars.rover.kernel.SpacecraftClock - Internal time::2016-05-01T02:14:00.000-04:00 sclk of::1/01328:00:10:40:36601
2018-08-11 22:15:06,552 [pacemaker] INFO  space.exploration.mars.rover.kernel.Rover - Trying to reflect rover state.Transmitting State Software Version - 2.0
2018-08-11 22:15:12,637 [pacemaker] INFO  space.exploration.mars.rover.kernel.PositionSensor - Houston - this is curiosityActual.ephemerisTime: 5.15341628185475E8
stateCuriosity: -3.3239697877E7
stateCuriosity: -7.3637739856E7
stateCuriosity: -3.2084245785E7
stateCuriosity: 0.802
stateCuriosity: 8.809
stateCuriosity: 2.876
owltMSLEarth: 289.967
stateEarth: 3.324174E7
stateEarth: 7.3642262591E7
stateEarth: 3.2086216251E7
stateEarth: -0.805
stateEarth: -8.816
stateEarth: -2.879
owltEarthMSL: 289.984
positionEarthWRTCuriosity: 3.324174E7
positionEarthWRTCuriosity: 7.3642262591E7
positionEarthWRTCuriosity: 3.2086216251E7
owltEarthMSL2: 289.984
angSepHGAEarth: 139.74
utcTime: "2016-05-01~02:26:00"
sol: 1328
sclkValue: " 1/01328:00:23:19:49657"

2018-08-11 22:15:12,670 [pacemaker] INFO  space.exploration.mars.rover.kernel.PositionSensor - ephemerisTime: 5.15341628185475E8
stateCuriosity: -3.3239697877E7
stateCuriosity: -7.3637739856E7
stateCuriosity: -3.2084245785E7
stateCuriosity: 0.802
stateCuriosity: 8.809
stateCuriosity: 2.876
owltMSLEarth: 289.967
stateEarth: 3.324174E7
stateEarth: 7.3642262591E7
stateEarth: 3.2086216251E7
stateEarth: -0.805
stateEarth: -8.816
stateEarth: -2.879
owltEarthMSL: 289.984
positionEarthWRTCuriosity: 3.324174E7
positionEarthWRTCuriosity: 7.3642262591E7
positionEarthWRTCuriosity: 3.2086216251E7
owltEarthMSL2: 289.984
angSepHGAEarth: 139.74
utcTime: "2016-05-01~02:26:00"
sol: 1328
sclkValue: " 1/01328:00:23:19:49657"

2018-08-11 22:15:12,670 [pacemaker] INFO  space.exploration.mars.rover.communication.Radio - One Way Light Time computed by SPICE :: 289.967
2018-08-11 22:15:12,678 [pacemaker] INFO  space.exploration.mars.rover.communication.Radio - Message encryption successful.
2018-08-11 22:15:12,678 [pacemaker] INFO  space.exploration.mars.rover.communication.Transmitter - Sending information packet to curiosity_to_earth_5
2018-08-11 22:15:15,678 [pacemaker] INFO  space.exploration.mars.rover.kernel.Rover - Trying to reflect rover state.Listening State Software Version - 2.0
2018-08-11 22:15:15,679 [roverGarbageCollector] INFO  space.exploration.mars.rover.diagnostics.RoverGarbageCollector - RoverGC trimming instructionQueue. Current length = 1
2018-08-11 22:15:15,679 [roverGarbageCollector] INFO  space.exploration.mars.rover.kernel.Rover - Trying to reflect rover state.Listening State Software Version - 2.0
2018-08-11 22:15:15,679 [roverGarbageCollector] INFO  space.exploration.mars.rover.kernel.ListeningState - timeStamp: 1534040106442
targets {
  roverModule: 6
  action: "Request Rover Logs"
  auxiliaryData: "\n\023yyyy-MM-dd~HH:mm:ss\022\0232018-08-11~22:15:06\032\0232018-08-12~00:00:00"
}

2018-08-11 22:15:21,690 [roverGarbageCollector] INFO  space.exploration.mars.rover.kernel.ListeningState - 1534040121690,6,Request Rover Logs Current instructionQueue length = 0
2018-08-11 22:15:21,690 [roverGarbageCollector] INFO  space.exploration.mars.rover.kernel.ListeningState - Requesting logs in date format = yyyy-MM-dd~HH:mm:ss
2018-08-11 22:15:21,690 [roverGarbageCollector] INFO  space.exploration.mars.rover.kernel.ListeningState - Start date = 2018-08-11~22:15:06 End date = 2018-08-12~00:00:00
