2018-06-19 21:54:46,129 [batteryMonitor] INFO  space.exploration.mars.rover.power.BatteryMonitor - BatteryMonitor performing due diligence. SCET = 1529463286129 Rover state = Listening State
2018-06-19 21:54:46,129 [batteryMonitor] INFO  space.exploration.mars.rover.power.BatteryMonitor -  Battery primaryUnits = 1054 auxiliaryPowerUnits = 100
2018-06-19 21:54:46,165 [pacemaker] INFO  space.exploration.mars.rover.kernel.PositionSensor - Houston - this is curiosityActual.ephemerisTime: 5.15342708185475E8
stateCuriosity: -3.3238829495E7
stateCuriosity: -7.3628218299E7
stateCuriosity: -3.2081137715E7
stateCuriosity: 0.806
stateCuriosity: 8.824
stateCuriosity: 2.88
owltMSLEarth: 289.935
stateEarth: 3.3240868404E7
stateEarth: 7.3632733555E7
stateEarth: 3.2083105013E7
stateEarth: -0.809
stateEarth: -8.831
stateEarth: -2.883
owltEarthMSL: 289.953
positionEarthWRTCuriosity: 3.3240868404E7
positionEarthWRTCuriosity: 7.3632733555E7
positionEarthWRTCuriosity: 3.2083105013E7
owltEarthMSL2: 289.953
angSepHGAEarth: 138.799
utcTime: "2016-05-01~02:44:00"
sol: 1328
sclkValue: " 1/01328:00:40:50:60041"

2018-06-19 21:54:46,204 [pacemaker] INFO  space.exploration.mars.rover.kernel.PositionSensor - ephemerisTime: 5.15342708185475E8
stateCuriosity: -3.3238829495E7
stateCuriosity: -7.3628218299E7
stateCuriosity: -3.2081137715E7
stateCuriosity: 0.806
stateCuriosity: 8.824
stateCuriosity: 2.88
owltMSLEarth: 289.935
stateEarth: 3.3240868404E7
stateEarth: 7.3632733555E7
stateEarth: 3.2083105013E7
stateEarth: -0.809
stateEarth: -8.831
stateEarth: -2.883
owltEarthMSL: 289.953
positionEarthWRTCuriosity: 3.3240868404E7
positionEarthWRTCuriosity: 7.3632733555E7
positionEarthWRTCuriosity: 3.2083105013E7
owltEarthMSL2: 289.953
angSepHGAEarth: 138.799
utcTime: "2016-05-01~02:44:00"
sol: 1328
sclkValue: " 1/01328:00:40:50:60041"

2018-06-19 21:54:46,204 [pacemaker] INFO  space.exploration.mars.rover.kernel.SpacecraftClock - Internal time::2016-05-01T02:13:00.000-05:00 sclk of::1/01328:00:09:41:97136
2018-06-19 21:54:46,204 [pacemaker] INFO  space.exploration.mars.rover.kernel.Rover - Trying to reflect rover state.Transmitting State Software Version - 2.0
2018-06-19 21:54:52,299 [pacemaker] INFO  space.exploration.mars.rover.kernel.PositionSensor - Houston - this is curiosityActual.ephemerisTime: 5.15343428185475E8
stateCuriosity: -3.3238248903E7
stateCuriosity: -7.3621861773E7
stateCuriosity: -3.2079063062E7
stateCuriosity: 0.807
stateCuriosity: 8.833
stateCuriosity: 2.883
owltMSLEarth: 289.914
stateEarth: 3.3240285672E7
stateEarth: 7.3626372049E7
stateEarth: 3.208102825E7
stateEarth: -0.81
stateEarth: -8.84
stateEarth: -2.886
owltEarthMSL: 289.931
positionEarthWRTCuriosity: 3.3240285672E7
positionEarthWRTCuriosity: 7.3626372049E7
positionEarthWRTCuriosity: 3.208102825E7
owltEarthMSL2: 289.931
angSepHGAEarth: 137.996
utcTime: "2016-05-01~02:58:00"
sol: 1328
sclkValue: " 1/01328:00:52:31:33630"

2018-06-19 21:54:52,336 [pacemaker] INFO  space.exploration.mars.rover.kernel.PositionSensor - ephemerisTime: 5.15343548185475E8
stateCuriosity: -3.323815204E7
stateCuriosity: -7.3620801662E7
stateCuriosity: -3.2078717064E7
stateCuriosity: 0.807
stateCuriosity: 8.835
stateCuriosity: 2.884
owltMSLEarth: 289.91
stateEarth: 3.3240188453E7
stateEarth: 7.3625311108E7
stateEarth: 3.20806819E7
stateEarth: -0.81
stateEarth: -8.842
stateEarth: -2.887
owltEarthMSL: 289.928
positionEarthWRTCuriosity: 3.3240188453E7
positionEarthWRTCuriosity: 7.3625311108E7
positionEarthWRTCuriosity: 3.20806819E7
owltEarthMSL2: 289.928
angSepHGAEarth: 137.849
utcTime: "2016-05-01~02:58:00"
sol: 1328
sclkValue: " 1/01328:00:54:28:12562"

2018-06-19 21:54:52,336 [pacemaker] INFO  space.exploration.mars.rover.communication.Radio - One Way Light Time computed by SPICE :: 289.914
2018-06-19 21:54:52,348 [pacemaker] INFO  space.exploration.mars.rover.communication.Radio - Message encryption successful.
2018-06-19 21:54:52,349 [pacemaker] INFO  space.exploration.mars.rover.communication.Transmitter - Sending information packet to curiosity_to_earth_5
2018-06-19 21:54:55,349 [pacemaker] INFO  space.exploration.mars.rover.kernel.Rover - Trying to reflect rover state.Listening State Software Version - 2.0
2018-06-19 21:54:55,350 [roverGarbageCollector] INFO  space.exploration.mars.rover.diagnostics.RoverGarbageCollector - RoverGC trimming instructionQueue. Current length = 1
2018-06-19 21:54:55,350 [radio] INFO  space.exploration.mars.rover.kernel.Rover - Trying to reflect rover state.Listening State Software Version - 2.0
2018-06-19 21:54:55,350 [batteryMonitor] INFO  space.exploration.mars.rover.power.BatteryMonitor - BatteryMonitor performing due diligence. SCET = 1529463293486 Rover state = Listening State
2018-06-19 21:54:55,352 [radio] INFO  space.exploration.mars.rover.kernel.ListeningState - timeStamp: 1529463195331
targets {
  roverModule: 10
  estimatedPowerUsage: 70
  action: "GetSeasonalWeather"
}

2018-06-19 21:55:01,368 [radio] INFO  space.exploration.mars.rover.kernel.ListeningState - 1529463301368,10,GetSeasonalWeather Current instructionQueue length = 1
2018-06-19 21:55:01,369 [radio] INFO  space.exploration.mars.rover.kernel.ListeningState - Rover will try to get weather measurements - actual Curiosity Data
2018-06-19 21:55:01,369 [radio] INFO  space.exploration.mars.rover.kernel.Rover - Trying to reflect rover state.Weather Sensing State Software Version - 2.0
2018-06-19 21:55:01,370 [radio] INFO  space.exploration.mars.rover.kernel.WeatherSensingState - Will get mars weather measurements
2018-06-19 21:55:04,462 [radio] INFO  space.exploration.mars.rover.kernel.Rover - Trying to reflect rover state.Transmitting State Software Version - 2.0
2018-06-19 21:55:10,511 [radio] INFO  space.exploration.mars.rover.kernel.PositionSensor - Houston - this is curiosityActual.ephemerisTime: 5.15345708185475E8
stateCuriosity: -3.3236406307E7
stateCuriosity: -7.3601685779E7
stateCuriosity: -3.2072476678E7
stateCuriosity: 0.808
stateCuriosity: 8.865
stateCuriosity: 2.895
owltMSLEarth: 289.846
stateEarth: 3.3238436351E7
stateEarth: 7.3606180397E7
stateEarth: 3.2074435234E7
stateEarth: -0.811
stateEarth: -8.872
stateEarth: -2.898
owltEarthMSL: 289.864
positionEarthWRTCuriosity: 3.3238436351E7
positionEarthWRTCuriosity: 7.3606180397E7
positionEarthWRTCuriosity: 3.2074435234E7
owltEarthMSL2: 289.864
angSepHGAEarth: 134.625
utcTime: "2016-05-01~03:34:00"
sol: 1328
sclkValue: " 1/01328:01:29:30:33330"

2018-06-19 21:55:10,544 [radio] INFO  space.exploration.mars.rover.kernel.PositionSensor - ephemerisTime: 5.15345708185475E8
stateCuriosity: -3.3236406307E7
stateCuriosity: -7.3601685779E7
stateCuriosity: -3.2072476678E7
stateCuriosity: 0.808
stateCuriosity: 8.865
stateCuriosity: 2.895
owltMSLEarth: 289.846
stateEarth: 3.3238436351E7
stateEarth: 7.3606180397E7
stateEarth: 3.2074435234E7
stateEarth: -0.811
stateEarth: -8.872
stateEarth: -2.898
owltEarthMSL: 289.864
positionEarthWRTCuriosity: 3.3238436351E7
positionEarthWRTCuriosity: 7.3606180397E7
positionEarthWRTCuriosity: 3.2074435234E7
owltEarthMSL2: 289.864
angSepHGAEarth: 134.625
utcTime: "2016-05-01~03:34:00"
sol: 1328
sclkValue: " 1/01328:01:29:30:33330"

2018-06-19 21:55:10,544 [radio] INFO  space.exploration.mars.rover.communication.Radio - One Way Light Time computed by SPICE :: 289.846
2018-06-19 21:55:10,559 [radio] INFO  space.exploration.mars.rover.communication.Radio - Message encryption successful.
2018-06-19 21:55:10,560 [radio] INFO  space.exploration.mars.rover.communication.Transmitter - Sending information packet to curiosity_to_earth_5
2018-06-19 21:55:13,561 [radio] INFO  space.exploration.mars.rover.kernel.Rover - Trying to reflect rover state.Listening State Software Version - 2.0
2018-06-19 21:55:13,562 [radio] INFO  space.exploration.mars.rover.communication.Receiver - Time Elapsed since last message = 27860
2018-06-19 21:55:13,562 [roverGarbageCollector] INFO  space.exploration.mars.rover.kernel.Rover - Trying to reflect rover state.Listening State Software Version - 2.0
2018-06-19 21:55:13,563 [roverGarbageCollector] INFO  space.exploration.mars.rover.kernel.ListeningState - timeStamp: 1529463286129
targets {
  roverModule: 6
  action: "Request Rover Logs"
  auxiliaryData: "\n\023yyyy-MM-dd~HH:mm:ss\022\0232018-06-19~21:54:46\032\0232018-06-20~00:00:00"
}

2018-06-19 21:55:13,633 [radio] INFO  space.exploration.mars.rover.kernel.PositionSensor - Houston - this is curiosityActual.ephemerisTime: 5.15346068185474E8
stateCuriosity: -3.3236115364E7
stateCuriosity: -7.3598493561E7
stateCuriosity: -3.2071434095E7
stateCuriosity: 0.808
stateCuriosity: 8.87
stateCuriosity: 2.897
owltMSLEarth: 289.835
stateEarth: 3.3238144359E7
stateEarth: 7.3602985733E7
stateEarth: 3.2073391615E7
stateEarth: -0.811
stateEarth: -8.877
stateEarth: -2.9
owltEarthMSL: 289.853
positionEarthWRTCuriosity: 3.3238144359E7
positionEarthWRTCuriosity: 7.3602985733E7
positionEarthWRTCuriosity: 3.2073391615E7
owltEarthMSL2: 289.853
angSepHGAEarth: 133.991
utcTime: "2016-05-01~03:40:00"
sol: 1328
sclkValue: " 1/01328:01:35:20:70125"

2018-06-19 21:55:13,667 [radio] INFO  space.exploration.mars.rover.kernel.PositionSensor - ephemerisTime: 5.15346068185474E8
stateCuriosity: -3.3236115364E7
stateCuriosity: -7.3598493561E7
stateCuriosity: -3.2071434095E7
stateCuriosity: 0.808
stateCuriosity: 8.87
stateCuriosity: 2.897
owltMSLEarth: 289.835
stateEarth: 3.3238144359E7
stateEarth: 7.3602985733E7
stateEarth: 3.2073391615E7
stateEarth: -0.811
stateEarth: -8.877
stateEarth: -2.9
owltEarthMSL: 289.853
positionEarthWRTCuriosity: 3.3238144359E7
positionEarthWRTCuriosity: 7.3602985733E7
positionEarthWRTCuriosity: 3.2073391615E7
owltEarthMSL2: 289.853
angSepHGAEarth: 133.991
utcTime: "2016-05-01~03:40:00"
sol: 1328
sclkValue: " 1/01328:01:35:20:70125"

2018-06-19 21:55:13,667 [radio] INFO  space.exploration.mars.rover.communication.Radio - One Way Light Time computed by SPICE :: 289.835
2018-06-19 21:55:19,580 [roverGarbageCollector] INFO  space.exploration.mars.rover.kernel.ListeningState - 1529463319580,6,Request Rover Logs Current instructionQueue length = 0
2018-06-19 21:55:19,581 [roverGarbageCollector] INFO  space.exploration.mars.rover.kernel.ListeningState - Requesting logs in date format = yyyy-MM-dd~HH:mm:ss
2018-06-19 21:55:19,582 [roverGarbageCollector] INFO  space.exploration.mars.rover.kernel.ListeningState - Start date = 2018-06-19~21:54:46 End date = 2018-06-20~00:00:00
