2018-06-19 20:52:29,953 [batteryMonitor] INFO  space.exploration.mars.rover.power.BatteryMonitor - BatteryMonitor performing due diligence. SCET = 1529459549953 Rover state = Listening State
2018-06-19 20:52:29,953 [batteryMonitor] INFO  space.exploration.mars.rover.power.BatteryMonitor -  Battery primaryUnits = 377 auxiliaryPowerUnits = 100
2018-06-19 20:52:29,953 [batteryMonitor] INFO  space.exploration.mars.rover.power.BatteryMonitor - BatteryMonitor performing due diligence. SCET = 1529459549953 Rover state = Transmitting State
2018-06-19 20:52:29,953 [pacemaker] INFO  space.exploration.mars.rover.kernel.Rover - Trying to reflect rover state.Transmitting State Software Version - 2.0
2018-06-19 20:52:36,039 [pacemaker] INFO  space.exploration.mars.rover.kernel.PositionSensor - Houston - this is curiosityActual.ephemerisTime: 5.15334788185476E8
stateCuriosity: -3.3245054722E7
stateCuriosity: -7.3697697982E7
stateCuriosity: -3.2103874226E7
stateCuriosity: 0.757
stateCuriosity: 8.726
stateCuriosity: 2.869
owltMSLEarth: 290.167
stateEarth: 3.3247116537E7
stateEarth: 7.370226666E7
stateEarth: 3.2105864162E7
stateEarth: -0.76
stateEarth: -8.733
stateEarth: -2.872
owltEarthMSL: 290.185
positionEarthWRTCuriosity: 3.3247116537E7
positionEarthWRTCuriosity: 7.370226666E7
positionEarthWRTCuriosity: 3.2105864162E7
owltEarthMSL2: 290.185
angSepHGAEarth: 137.596
utcTime: "2016-05-01~00:32:00"
sol: 1327
sclkValue: " 1/01327:22:32:22:50557"

2018-06-19 20:52:36,074 [pacemaker] INFO  space.exploration.mars.rover.kernel.PositionSensor - ephemerisTime: 5.15334788185476E8
stateCuriosity: -3.3245054722E7
stateCuriosity: -7.3697697982E7
stateCuriosity: -3.2103874226E7
stateCuriosity: 0.757
stateCuriosity: 8.726
stateCuriosity: 2.869
owltMSLEarth: 290.167
stateEarth: 3.3247116537E7
stateEarth: 7.370226666E7
stateEarth: 3.2105864162E7
stateEarth: -0.76
stateEarth: -8.733
stateEarth: -2.872
owltEarthMSL: 290.185
positionEarthWRTCuriosity: 3.3247116537E7
positionEarthWRTCuriosity: 7.370226666E7
positionEarthWRTCuriosity: 3.2105864162E7
owltEarthMSL2: 290.185
angSepHGAEarth: 137.596
utcTime: "2016-05-01~00:32:00"
sol: 1327
sclkValue: " 1/01327:22:32:22:50557"

2018-06-19 20:52:36,074 [pacemaker] INFO  space.exploration.mars.rover.communication.Radio - One Way Light Time computed by SPICE :: 290.167
2018-06-19 20:52:36,082 [pacemaker] INFO  space.exploration.mars.rover.communication.Radio - Message encryption successful.
2018-06-19 20:52:36,082 [pacemaker] INFO  space.exploration.mars.rover.communication.Transmitter - Sending information packet to curiosity_to_earth_5
2018-06-19 20:52:39,083 [pacemaker] INFO  space.exploration.mars.rover.kernel.Rover - Trying to reflect rover state.Listening State Software Version - 2.0
2018-06-19 20:52:39,084 [radio] INFO  space.exploration.mars.rover.kernel.Rover - Trying to reflect rover state.Listening State Software Version - 2.0
2018-06-19 20:52:39,084 [radio] INFO  space.exploration.mars.rover.kernel.ListeningState - timeStamp: 1529459276530
targets {
  roverModule: 10
  estimatedPowerUsage: 70
  action: "GetSeasonalWeather"
}

2018-06-19 20:52:45,104 [radio] INFO  space.exploration.mars.rover.kernel.ListeningState - 1529459565104,10,GetSeasonalWeather Current instructionQueue length = 1
2018-06-19 20:52:45,104 [radio] INFO  space.exploration.mars.rover.kernel.ListeningState - Rover will try to get weather measurements - actual Curiosity Data
2018-06-19 20:52:45,104 [radio] INFO  space.exploration.mars.rover.kernel.Rover - Trying to reflect rover state.Weather Sensing State Software Version - 2.0
2018-06-19 20:52:45,105 [radio] INFO  space.exploration.mars.rover.kernel.WeatherSensingState - Will get mars weather measurements
2018-06-19 20:52:48,137 [radio] ERROR space.exploration.mars.rover.sensor.WeatherSensor - REMS sensor is calibrating. Please wait for a while.
2018-06-19 20:52:48,137 [radio] INFO  space.exploration.mars.rover.kernel.Rover - Trying to reflect rover state.Transmitting State Software Version - 2.0
2018-06-19 20:52:54,220 [radio] INFO  space.exploration.mars.rover.kernel.PositionSensor - Houston - this is curiosityActual.ephemerisTime: 5.15336948185476E8
stateCuriosity: -3.3243398213E7
stateCuriosity: -7.3678824138E7
stateCuriosity: -3.2097679398E7
stateCuriosity: 0.776
stateCuriosity: 8.75
stateCuriosity: 2.868
owltMSLEarth: 290.104
stateEarth: 3.3245454023E7
stateEarth: 7.3683378767E7
stateEarth: 3.2099663381E7
stateEarth: -0.779
stateEarth: -8.757
stateEarth: -2.87
owltEarthMSL: 290.122
positionEarthWRTCuriosity: 3.3245454023E7
positionEarthWRTCuriosity: 7.3683378767E7
positionEarthWRTCuriosity: 3.2099663381E7
owltEarthMSL2: 290.122
angSepHGAEarth: 139.769
utcTime: "2016-05-01~01:08:00"
sol: 1327
sclkValue: " 1/01327:23:07:24:71325"

2018-06-19 20:52:54,253 [radio] INFO  space.exploration.mars.rover.kernel.PositionSensor - ephemerisTime: 5.15336948185476E8
stateCuriosity: -3.3243398213E7
stateCuriosity: -7.3678824138E7
stateCuriosity: -3.2097679398E7
stateCuriosity: 0.776
stateCuriosity: 8.75
stateCuriosity: 2.868
owltMSLEarth: 290.104
stateEarth: 3.3245454023E7
stateEarth: 7.3683378767E7
stateEarth: 3.2099663381E7
stateEarth: -0.779
stateEarth: -8.757
stateEarth: -2.87
owltEarthMSL: 290.122
positionEarthWRTCuriosity: 3.3245454023E7
positionEarthWRTCuriosity: 7.3683378767E7
positionEarthWRTCuriosity: 3.2099663381E7
owltEarthMSL2: 290.122
angSepHGAEarth: 139.769
utcTime: "2016-05-01~01:08:00"
sol: 1327
sclkValue: " 1/01327:23:07:24:71325"

2018-06-19 20:52:54,253 [radio] INFO  space.exploration.mars.rover.communication.Radio - One Way Light Time computed by SPICE :: 290.104
2018-06-19 20:52:54,261 [radio] INFO  space.exploration.mars.rover.communication.Radio - Message encryption successful.
2018-06-19 20:52:54,261 [radio] INFO  space.exploration.mars.rover.communication.Transmitter - Sending information packet to curiosity_to_earth_5
2018-06-19 20:52:57,261 [radio] INFO  space.exploration.mars.rover.kernel.Rover - Trying to reflect rover state.Listening State Software Version - 2.0
2018-06-19 20:52:57,262 [radio] INFO  space.exploration.mars.rover.communication.Receiver - Time Elapsed since last message = 27766
2018-06-19 20:52:57,262 [roverGarbageCollector] INFO  space.exploration.mars.rover.diagnostics.RoverGarbageCollector - RoverGC trimming instructionQueue. Current length = 1
2018-06-19 20:52:57,262 [roverGarbageCollector] INFO  space.exploration.mars.rover.kernel.Rover - Trying to reflect rover state.Listening State Software Version - 2.0
2018-06-19 20:52:57,262 [batteryMonitor] INFO  space.exploration.mars.rover.power.BatteryMonitor -  Battery primaryUnits = 307 auxiliaryPowerUnits = 100
2018-06-19 20:52:57,262 [roverGarbageCollector] INFO  space.exploration.mars.rover.kernel.ListeningState - timeStamp: 1529459549953
targets {
  roverModule: 6
  action: "Request Rover Logs"
  auxiliaryData: "\n\023yyyy-MM-dd~HH:mm:ss\022\0232018-06-19~20:52:29\032\0232018-06-20~00:00:00"
}

2018-06-19 20:52:57,335 [radio] INFO  space.exploration.mars.rover.kernel.PositionSensor - Houston - this is curiosityActual.ephemerisTime: 5.15337308185476E8
stateCuriosity: -3.3243118447E7
stateCuriosity: -7.3675673423E7
stateCuriosity: -3.209664707E7
stateCuriosity: 0.778
stateCuriosity: 8.754
stateCuriosity: 2.868
owltMSLEarth: 290.093
stateEarth: 3.3245173231E7
stateEarth: 7.3680225657E7
stateEarth: 3.2098630037E7
stateEarth: -0.781
stateEarth: -8.761
stateEarth: -2.87
owltEarthMSL: 290.111
positionEarthWRTCuriosity: 3.3245173231E7
positionEarthWRTCuriosity: 7.3680225657E7
positionEarthWRTCuriosity: 3.2098630037E7
owltEarthMSL2: 290.111
angSepHGAEarth: 140.004
utcTime: "2016-05-01~01:14:00"
sol: 1327
sclkValue: " 1/01327:23:13:15:08120"

2018-06-19 20:52:57,368 [radio] INFO  space.exploration.mars.rover.kernel.PositionSensor - ephemerisTime: 5.15337308185476E8
stateCuriosity: -3.3243118447E7
stateCuriosity: -7.3675673423E7
stateCuriosity: -3.209664707E7
stateCuriosity: 0.778
stateCuriosity: 8.754
stateCuriosity: 2.868
owltMSLEarth: 290.093
stateEarth: 3.3245173231E7
stateEarth: 7.3680225657E7
stateEarth: 3.2098630037E7
stateEarth: -0.781
stateEarth: -8.761
stateEarth: -2.87
owltEarthMSL: 290.111
positionEarthWRTCuriosity: 3.3245173231E7
positionEarthWRTCuriosity: 7.3680225657E7
positionEarthWRTCuriosity: 3.2098630037E7
owltEarthMSL2: 290.111
angSepHGAEarth: 140.004
utcTime: "2016-05-01~01:14:00"
sol: 1327
sclkValue: " 1/01327:23:13:15:08120"

2018-06-19 20:52:57,368 [radio] INFO  space.exploration.mars.rover.communication.Radio - One Way Light Time computed by SPICE :: 290.093
2018-06-19 20:53:03,281 [roverGarbageCollector] INFO  space.exploration.mars.rover.kernel.ListeningState - 1529459583281,6,Request Rover Logs Current instructionQueue length = 0
2018-06-19 20:53:03,282 [roverGarbageCollector] INFO  space.exploration.mars.rover.kernel.ListeningState - Requesting logs in date format = yyyy-MM-dd~HH:mm:ss
2018-06-19 20:53:03,282 [roverGarbageCollector] INFO  space.exploration.mars.rover.kernel.ListeningState - Start date = 2018-06-19~20:52:29 End date = 2018-06-20~00:00:00
