2018-07-08 23:04:09,002 [roverGarbageCollector] INFO  space.exploration.mars.rover.diagnostics.RoverGarbageCollector - RoverGC trimming instructionQueue. Current length = 1
2018-07-08 23:04:09,002 [roverGarbageCollector] INFO  space.exploration.mars.rover.kernel.Rover - Trying to reflect rover state.Listening State Software Version - 2.0
2018-07-08 23:04:09,057 [roverGarbageCollector] INFO  space.exploration.mars.rover.kernel.ListeningState - timeStamp: 1531109048850
targets {
  roverModule: 6
  action: "Request Rover Logs"
  auxiliaryData: "\n\023yyyy-MM-dd~HH:mm:ss\022\0232018-07-08~23:04:08\032\0232018-07-09~00:00:00"
}

2018-07-08 23:04:14,788 [radio] INFO  space.exploration.mars.rover.communication.Receiver - Time Elapsed since last message = 17750
2018-07-08 23:04:14,855 [radio] INFO  space.exploration.mars.rover.kernel.PositionSensor - Houston - this is curiosityActual.ephemerisTime: 5.15361248185472E8
stateCuriosity: -3.3224578103E7
stateCuriosity: -7.3462501555E7
stateCuriosity: -3.2026529437E7
stateCuriosity: 0.675
stateCuriosity: 9.023
stateCuriosity: 3.027
owltMSLEarth: 289.381
stateEarth: 3.3226571791E7
stateEarth: 7.3466909812E7
stateEarth: 3.2028451553E7
stateEarth: -0.677
stateEarth: -9.027
stateEarth: -3.029
owltEarthMSL: 289.399
positionEarthWRTCuriosity: 3.3226571791E7
positionEarthWRTCuriosity: 7.3466909812E7
positionEarthWRTCuriosity: 3.2028451553E7
owltEarthMSL2: 289.399
angSepHGAEarth: 95.492
utcTime: "2016-05-01~07:53:00"
sol: 1328
sclkValue: " 1/01328:05:41:34:54968"

2018-07-08 23:04:14,903 [radio] INFO  space.exploration.mars.rover.kernel.PositionSensor - ephemerisTime: 5.15361248185472E8
stateCuriosity: -3.3224578103E7
stateCuriosity: -7.3462501555E7
stateCuriosity: -3.2026529437E7
stateCuriosity: 0.675
stateCuriosity: 9.023
stateCuriosity: 3.027
owltMSLEarth: 289.381
stateEarth: 3.3226571791E7
stateEarth: 7.3466909812E7
stateEarth: 3.2028451553E7
stateEarth: -0.677
stateEarth: -9.027
stateEarth: -3.029
owltEarthMSL: 289.399
positionEarthWRTCuriosity: 3.3226571791E7
positionEarthWRTCuriosity: 7.3466909812E7
positionEarthWRTCuriosity: 3.2028451553E7
owltEarthMSL2: 289.399
angSepHGAEarth: 95.492
utcTime: "2016-05-01~07:53:00"
sol: 1328
sclkValue: " 1/01328:05:41:34:54968"

2018-07-08 23:04:14,903 [radio] INFO  space.exploration.mars.rover.communication.Radio - One Way Light Time computed by SPICE :: 289.381
2018-07-08 23:04:15,134 [roverGarbageCollector] INFO  space.exploration.mars.rover.kernel.ListeningState - 1531109055133,6,Request Rover Logs Current instructionQueue length = 0
2018-07-08 23:04:15,136 [roverGarbageCollector] INFO  space.exploration.mars.rover.kernel.ListeningState - Requesting logs in date format = yyyy-MM-dd~HH:mm:ss
2018-07-08 23:04:15,138 [roverGarbageCollector] INFO  space.exploration.mars.rover.kernel.ListeningState - Start date = 2018-07-08~23:04:08 End date = 2018-07-09~00:00:00
