2018-06-19 21:03:57,515 [radio] INFO  space.exploration.mars.rover.kernel.Rover - Trying to reflect rover state.Listening State Software Version - 2.0
2018-06-19 21:03:57,515 [radio] INFO  space.exploration.mars.rover.kernel.ListeningState - timeStamp: 1529460103143
targets {
  roverModule: 9
  estimatedPowerUsage: 20
  action: "PerformRadarScan"
}

2018-06-19 21:04:03,532 [radio] INFO  space.exploration.mars.rover.kernel.ListeningState - 1529460243532,9,PerformRadarScan Current instructionQueue length = 1
2018-06-19 21:04:03,533 [radio] INFO  space.exploration.mars.rover.kernel.ListeningState - Rover Curiosity will do a radarScan!
2018-06-19 21:04:03,533 [radio] INFO  space.exploration.mars.rover.kernel.Rover - Trying to reflect rover state.Radar Scanning State Software Version - 2.0
2018-06-19 21:04:51,149 [radio] INFO  space.exploration.mars.rover.kernel.Rover - Trying to reflect rover state.Transmitting State Software Version - 2.0
2018-06-19 21:04:57,195 [radio] INFO  space.exploration.mars.rover.kernel.PositionSensor - Houston - this is curiosityActual.ephemerisTime: 5.15341268185475E8
stateCuriosity: -3.3239986483E7
stateCuriosity: -7.3640910214E7
stateCuriosity: -3.2085280886E7
stateCuriosity: 0.801
stateCuriosity: 8.804
stateCuriosity: 2.875
owltMSLEarth: 289.977
stateEarth: 3.3242029677E7
stateEarth: 7.364543544E7
stateEarth: 3.2087252408E7
stateEarth: -0.804
stateEarth: -8.811
stateEarth: -2.878
owltEarthMSL: 289.995
positionEarthWRTCuriosity: 3.3242029677E7
positionEarthWRTCuriosity: 7.364543544E7
positionEarthWRTCuriosity: 3.2087252408E7
owltEarthMSL2: 289.995
angSepHGAEarth: 139.98
utcTime: "2016-05-01~02:20:00"
sol: 1328
sclkValue: " 1/01328:00:17:29:12862"

2018-06-19 21:04:57,234 [radio] INFO  space.exploration.mars.rover.kernel.PositionSensor - ephemerisTime: 5.15341268185475E8
stateCuriosity: -3.3239986483E7
stateCuriosity: -7.3640910214E7
stateCuriosity: -3.2085280886E7
stateCuriosity: 0.801
stateCuriosity: 8.804
stateCuriosity: 2.875
owltMSLEarth: 289.977
stateEarth: 3.3242029677E7
stateEarth: 7.364543544E7
stateEarth: 3.2087252408E7
stateEarth: -0.804
stateEarth: -8.811
stateEarth: -2.878
owltEarthMSL: 289.995
positionEarthWRTCuriosity: 3.3242029677E7
positionEarthWRTCuriosity: 7.364543544E7
positionEarthWRTCuriosity: 3.2087252408E7
owltEarthMSL2: 289.995
angSepHGAEarth: 139.98
utcTime: "2016-05-01~02:20:00"
sol: 1328
sclkValue: " 1/01328:00:17:29:12862"

2018-06-19 21:04:57,235 [radio] INFO  space.exploration.mars.rover.communication.Radio - One Way Light Time computed by SPICE :: 289.977
2018-06-19 21:04:57,242 [radio] INFO  space.exploration.mars.rover.communication.Radio - Message encryption successful.
2018-06-19 21:04:57,242 [radio] INFO  space.exploration.mars.rover.communication.Transmitter - Sending information packet to curiosity_to_earth_5
2018-06-19 21:05:00,243 [radio] INFO  space.exploration.mars.rover.kernel.Rover - Trying to reflect rover state.Listening State Software Version - 2.0
2018-06-19 21:05:00,243 [radio] INFO  space.exploration.mars.rover.communication.Receiver - Time Elapsed since last message = 63278
2018-06-19 21:05:00,243 [spacecraftClock] INFO  space.exploration.mars.rover.sensor.DANSpectrometer - Commencing calibration for DAN Spectrometer for sol = 1328
2018-06-19 21:05:00,278 [radio] INFO  space.exploration.mars.rover.kernel.PositionSensor - Houston - this is curiosityActual.ephemerisTime: 5.15341628185475E8
stateCuriosity: -3.3239697877E7
stateCuriosity: -7.3637739856E7
stateCuriosity: -3.2084245785E7
stateCuriosity: 0.802
stateCuriosity: 8.809
stateCuriosity: 2.876
owltMSLEarth: 289.967
stateEarth: 3.324174E7
stateEarth: 7.3642262591E7
stateEarth: 3.2086216251E7
stateEarth: -0.805
stateEarth: -8.816
stateEarth: -2.879
owltEarthMSL: 289.984
positionEarthWRTCuriosity: 3.324174E7
positionEarthWRTCuriosity: 7.3642262591E7
positionEarthWRTCuriosity: 3.2086216251E7
owltEarthMSL2: 289.984
angSepHGAEarth: 139.74
utcTime: "2016-05-01~02:26:00"
sol: 1328
sclkValue: " 1/01328:00:23:19:49657"

2018-06-19 21:05:00,313 [radio] INFO  space.exploration.mars.rover.kernel.PositionSensor - ephemerisTime: 5.15341628185475E8
stateCuriosity: -3.3239697877E7
stateCuriosity: -7.3637739856E7
stateCuriosity: -3.2084245785E7
stateCuriosity: 0.802
stateCuriosity: 8.809
stateCuriosity: 2.876
owltMSLEarth: 289.967
stateEarth: 3.324174E7
stateEarth: 7.3642262591E7
stateEarth: 3.2086216251E7
stateEarth: -0.805
stateEarth: -8.816
stateEarth: -2.879
owltEarthMSL: 289.984
positionEarthWRTCuriosity: 3.324174E7
positionEarthWRTCuriosity: 7.3642262591E7
positionEarthWRTCuriosity: 3.2086216251E7
owltEarthMSL2: 289.984
angSepHGAEarth: 139.74
utcTime: "2016-05-01~02:26:00"
sol: 1328
sclkValue: " 1/01328:00:23:19:49657"

2018-06-19 21:05:00,313 [radio] INFO  space.exploration.mars.rover.communication.Radio - One Way Light Time computed by SPICE :: 289.967
2018-06-19 21:05:00,666 [spacecraftClock] INFO  space.exploration.mars.rover.service.ApxsDataService - ApxsSpectrometer configured successfully for sol = 1328
2018-06-19 21:05:00,666 [batteryMonitor] INFO  space.exploration.mars.rover.power.BatteryMonitor - BatteryMonitor performing due diligence. SCET = 1529460251478 Rover state = Listening State
2018-06-19 21:05:00,666 [roverGarbageCollector] INFO  space.exploration.mars.rover.diagnostics.RoverGarbageCollector - RoverGC trimming instructionQueue. Current length = 1
2018-06-19 21:05:00,666 [batteryMonitor] INFO  space.exploration.mars.rover.power.BatteryMonitor -  Battery primaryUnits = 612 auxiliaryPowerUnits = 100
2018-06-19 21:05:00,666 [roverGarbageCollector] INFO  space.exploration.mars.rover.kernel.Rover - Trying to reflect rover state.Listening State Software Version - 2.0
2018-06-19 21:05:00,666 [roverGarbageCollector] INFO  space.exploration.mars.rover.kernel.ListeningState - timeStamp: 1529460237393
targets {
  roverModule: 6
  action: "Request Rover Logs"
  auxiliaryData: "\n\023yyyy-MM-dd~HH:mm:ss\022\0232018-06-19~21:03:57\032\0232018-06-20~00:00:00"
}

2018-06-19 21:05:06,673 [roverGarbageCollector] INFO  space.exploration.mars.rover.kernel.ListeningState - 1529460306673,6,Request Rover Logs Current instructionQueue length = 0
2018-06-19 21:05:06,674 [roverGarbageCollector] INFO  space.exploration.mars.rover.kernel.ListeningState - Requesting logs in date format = yyyy-MM-dd~HH:mm:ss
2018-06-19 21:05:06,674 [roverGarbageCollector] INFO  space.exploration.mars.rover.kernel.ListeningState - Start date = 2018-06-19~21:03:57 End date = 2018-06-20~00:00:00
