2018-08-11 22:34:51,805 [radio] INFO  space.exploration.mars.rover.communication.Receiver - Time Elapsed since last message = 46511
2018-08-11 22:34:51,839 [radio] INFO  space.exploration.mars.rover.kernel.PositionSensor - Houston - this is curiosityActual.ephemerisTime: 5.15343068185475E8
stateCuriosity: -3.3238539334E7
stateCuriosity: -7.3625040923E7
stateCuriosity: -3.2080100669E7
stateCuriosity: 0.806
stateCuriosity: 8.829
stateCuriosity: 2.881
owltMSLEarth: 289.924
stateEarth: 3.3240577173E7
stateEarth: 7.3629553688E7
stateEarth: 3.2082066911E7
stateEarth: -0.809
stateEarth: -8.835
stateEarth: -2.884
owltEarthMSL: 289.942
positionEarthWRTCuriosity: 3.3240577173E7
positionEarthWRTCuriosity: 7.3629553688E7
positionEarthWRTCuriosity: 3.2082066911E7
owltEarthMSL2: 289.942
angSepHGAEarth: 138.414
utcTime: "2016-05-01~02:50:00"
sol: 1328
sclkValue: " 1/01328:00:46:40:96835"

2018-08-11 22:34:51,874 [radio] INFO  space.exploration.mars.rover.kernel.PositionSensor - ephemerisTime: 5.15343068185475E8
stateCuriosity: -3.3238539334E7
stateCuriosity: -7.3625040923E7
stateCuriosity: -3.2080100669E7
stateCuriosity: 0.806
stateCuriosity: 8.829
stateCuriosity: 2.881
owltMSLEarth: 289.924
stateEarth: 3.3240577173E7
stateEarth: 7.3629553688E7
stateEarth: 3.2082066911E7
stateEarth: -0.809
stateEarth: -8.835
stateEarth: -2.884
owltEarthMSL: 289.942
positionEarthWRTCuriosity: 3.3240577173E7
positionEarthWRTCuriosity: 7.3629553688E7
positionEarthWRTCuriosity: 3.2082066911E7
owltEarthMSL2: 289.942
angSepHGAEarth: 138.414
utcTime: "2016-05-01~02:50:00"
sol: 1328
sclkValue: " 1/01328:00:46:40:96835"

2018-08-11 22:34:51,874 [radio] INFO  space.exploration.mars.rover.communication.Radio - One Way Light Time computed by SPICE :: 289.924
2018-08-11 22:34:52,298 [radio] INFO  space.exploration.mars.rover.kernel.Rover - Trying to reflect rover state.Hibernating State Software Version - 2.0
2018-08-11 22:34:52,299 [radio] INFO  space.exploration.mars.rover.kernel.HibernatingState - In hibernating state's receiveMessage(), adding message to instruction queue
2018-08-11 22:34:52,299 [radio] INFO  space.exploration.mars.rover.kernel.HibernatingState - Current instructionQueue length = 3
2018-08-11 22:34:53,180 [batteryMonitor] INFO  space.exploration.mars.rover.power.BatteryMonitor - BatteryMonitor performing due diligence. SCET = 1534041293180 Rover state = Hibernating State
2018-08-11 22:34:53,182 [batteryMonitor] INFO  space.exploration.mars.rover.power.BatteryMonitor -  Battery primaryUnits = 356 auxiliaryPowerUnits = 100
2018-08-11 22:34:53,182 [batteryMonitor] INFO  space.exploration.mars.rover.power.BatteryMonitor - Rover is in hibernating state, timeInRecharge = 41162 required = 60000
2018-08-11 22:34:54,183 [batteryMonitor] INFO  space.exploration.mars.rover.power.BatteryMonitor - Rover is in Hibernating State, timeInRecharge = 41162 required = 60000 Rover instructionQueue length = 3 Max Pending messages allowed = 15
2018-08-11 22:35:23,180 [batteryMonitor] INFO  space.exploration.mars.rover.power.BatteryMonitor - BatteryMonitor performing due diligence. SCET = 1534041323180 Rover state = Hibernating State
2018-08-11 22:35:23,180 [batteryMonitor] INFO  space.exploration.mars.rover.power.BatteryMonitor -  Battery primaryUnits = 356 auxiliaryPowerUnits = 100
2018-08-11 22:35:23,181 [batteryMonitor] INFO  space.exploration.mars.rover.power.BatteryMonitor - Rover is in hibernating state, timeInRecharge = 71161 required = 60000
2018-08-11 22:35:24,181 [batteryMonitor] INFO  space.exploration.mars.rover.power.BatteryMonitor - Rover is in Hibernating State, timeInRecharge = 71161 required = 60000 Rover instructionQueue length = 3 Max Pending messages allowed = 15
2018-08-11 22:35:24,182 [batteryMonitor] INFO  space.exploration.mars.rover.power.BatteryMonitor - Battery Monitor restoring the rover to normal after recharge
2018-08-11 22:35:25,183 [batteryMonitor] INFO  space.exploration.mars.rover.power.Battery - Battery configured, batteryLife:primaryPowerUnits = 1200 auxiliaryPowerUnits = 100 alertThreshold: 100 rechargeTime = 60000
2018-08-11 22:35:26,184 [batteryMonitor] INFO  space.exploration.mars.rover.kernel.Rover - Battery Monitor configured!
2018-08-11 22:35:26,185 [batteryMonitor] INFO  space.exploration.mars.rover.kernel.Rover - Trying to reflect rover state.Transmitting State Software Version - 2.0
2018-08-11 22:35:32,236 [batteryMonitor] INFO  space.exploration.mars.rover.kernel.PositionSensor - Houston - this is curiosityActual.ephemerisTime: 5.15347868185474E8
stateCuriosity: -3.3234663688E7
stateCuriosity: -7.3582505995E7
stateCuriosity: -3.2066208845E7
stateCuriosity: 0.804
stateCuriosity: 8.894
stateCuriosity: 2.909
owltMSLEarth: 289.782
stateEarth: 3.3236687516E7
stateEarth: 7.358698611E7
stateEarth: 3.2068161262E7
stateEarth: -0.807
stateEarth: -8.901
stateEarth: -2.912
owltEarthMSL: 289.8
positionEarthWRTCuriosity: 3.3236687516E7
positionEarthWRTCuriosity: 7.358698611E7
positionEarthWRTCuriosity: 3.2068161262E7
owltEarthMSL2: 289.8
angSepHGAEarth: 130.477
utcTime: "2016-05-01~04:10:00"
sol: 1328
sclkValue: " 1/01328:02:04:32:54098"

2018-08-11 22:35:32,270 [batteryMonitor] INFO  space.exploration.mars.rover.kernel.PositionSensor - ephemerisTime: 5.15347868185474E8
stateCuriosity: -3.3234663688E7
stateCuriosity: -7.3582505995E7
stateCuriosity: -3.2066208845E7
stateCuriosity: 0.804
stateCuriosity: 8.894
stateCuriosity: 2.909
owltMSLEarth: 289.782
stateEarth: 3.3236687516E7
stateEarth: 7.358698611E7
stateEarth: 3.2068161262E7
stateEarth: -0.807
stateEarth: -8.901
stateEarth: -2.912
owltEarthMSL: 289.8
positionEarthWRTCuriosity: 3.3236687516E7
positionEarthWRTCuriosity: 7.358698611E7
positionEarthWRTCuriosity: 3.2068161262E7
owltEarthMSL2: 289.8
angSepHGAEarth: 130.477
utcTime: "2016-05-01~04:10:00"
sol: 1328
sclkValue: " 1/01328:02:04:32:54098"

2018-08-11 22:35:32,270 [batteryMonitor] INFO  space.exploration.mars.rover.communication.Radio - One Way Light Time computed by SPICE :: 289.782
2018-08-11 22:35:32,278 [batteryMonitor] INFO  space.exploration.mars.rover.communication.Radio - Message encryption successful.
2018-08-11 22:35:32,278 [batteryMonitor] INFO  space.exploration.mars.rover.communication.Transmitter - Sending information packet to curiosity_to_earth_5
2018-08-11 22:35:35,278 [batteryMonitor] INFO  space.exploration.mars.rover.kernel.Rover - Trying to reflect rover state.Listening State Software Version - 2.0
2018-08-11 22:35:35,279 [roverGarbageCollector] INFO  space.exploration.mars.rover.diagnostics.RoverGarbageCollector - RoverGC trimming instructionQueue. Current length = 3
2018-08-11 22:35:35,280 [roverGarbageCollector] INFO  space.exploration.mars.rover.kernel.Rover - Trying to reflect rover state.Listening State Software Version - 2.0
2018-08-11 22:35:35,281 [roverGarbageCollector] INFO  space.exploration.mars.rover.kernel.ListeningState - timeStamp: 1534041245259
targets {
  roverModule: 1
  estimatedPowerUsage: 40
  action: "Move"
  auxiliaryData: "\n\006\b\212\005\020\367\002"
}

2018-08-11 22:35:38,320 [radio] INFO  space.exploration.mars.rover.communication.Receiver - Time Elapsed since last message = 46514
2018-08-11 22:35:38,353 [radio] INFO  space.exploration.mars.rover.kernel.PositionSensor - Houston - this is curiosityActual.ephemerisTime: 5.15348588185474E8
stateCuriosity: -3.3234085371E7
stateCuriosity: -7.3576098781E7
stateCuriosity: -3.2064112551E7
stateCuriosity: 0.802
stateCuriosity: 8.904
stateCuriosity: 2.914
owltMSLEarth: 289.761
stateEarth: 3.3236107176E7
stateEarth: 7.3580574168E7
stateEarth: 3.2066062968E7
stateEarth: -0.805
stateEarth: -8.91
stateEarth: -2.917
owltEarthMSL: 289.778
positionEarthWRTCuriosity: 3.3236107176E7
positionEarthWRTCuriosity: 7.3580574168E7
positionEarthWRTCuriosity: 3.2066062968E7
owltEarthMSL2: 289.778
angSepHGAEarth: 128.931
utcTime: "2016-05-01~04:22:00"
sol: 1328
sclkValue: " 1/01328:02:16:13:27688"

2018-08-11 22:35:38,387 [radio] INFO  space.exploration.mars.rover.kernel.PositionSensor - ephemerisTime: 5.15348588185474E8
stateCuriosity: -3.3234085371E7
stateCuriosity: -7.3576098781E7
stateCuriosity: -3.2064112551E7
stateCuriosity: 0.802
stateCuriosity: 8.904
stateCuriosity: 2.914
owltMSLEarth: 289.761
stateEarth: 3.3236107176E7
stateEarth: 7.3580574168E7
stateEarth: 3.2066062968E7
stateEarth: -0.805
stateEarth: -8.91
stateEarth: -2.917
owltEarthMSL: 289.778
positionEarthWRTCuriosity: 3.3236107176E7
positionEarthWRTCuriosity: 7.3580574168E7
positionEarthWRTCuriosity: 3.2066062968E7
owltEarthMSL2: 289.778
angSepHGAEarth: 128.931
utcTime: "2016-05-01~04:22:00"
sol: 1328
sclkValue: " 1/01328:02:16:13:27688"

2018-08-11 22:35:38,387 [radio] INFO  space.exploration.mars.rover.communication.Radio - One Way Light Time computed by SPICE :: 289.761
2018-08-11 22:35:41,300 [roverGarbageCollector] INFO  space.exploration.mars.rover.kernel.ListeningState - 1534041341300,1,Move Current instructionQueue length = 2
2018-08-11 22:35:41,491 [roverGarbageCollector] INFO  space.exploration.mars.rover.utils.HeatMap -  MaxQValue = 10.0
2018-08-11 22:35:41,491 [roverGarbageCollector] INFO  space.exploration.mars.rover.utils.HeatMap -  MinQValue = 0.0
2018-08-11 22:35:41,492 [roverGarbageCollector] INFO  space.exploration.mars.rover.utils.HeatMap -  MaxQValue = 10.0
2018-08-11 22:35:41,492 [roverGarbageCollector] INFO  space.exploration.mars.rover.utils.HeatMap -  MinQValue = 0.0
2018-08-11 22:35:41,493 [roverGarbageCollector] INFO  space.exploration.mars.rover.learning.ReinforcementLearner -  rlEngine logging totalExplorationSteps = 233757
2018-08-11 22:35:41,493 [roverGarbageCollector] INFO  space.exploration.mars.rover.kernel.ListeningState - Rover Curiosity is on the move!
2018-08-11 22:35:41,493 [roverGarbageCollector] INFO  space.exploration.mars.rover.kernel.Rover - Trying to reflect rover state.Moving State Software Version - 2.0
2018-08-11 22:35:41,656 [roverGarbageCollector] INFO  space.exploration.mars.rover.utils.HeatMap -  MaxQValue = 10.0
2018-08-11 22:35:41,656 [roverGarbageCollector] INFO  space.exploration.mars.rover.utils.HeatMap -  MinQValue = 0.0
2018-08-11 22:35:41,657 [roverGarbageCollector] INFO  space.exploration.mars.rover.utils.HeatMap -  MaxQValue = 10.0
2018-08-11 22:35:41,657 [roverGarbageCollector] INFO  space.exploration.mars.rover.utils.HeatMap -  MinQValue = 0.0
2018-08-11 22:35:41,657 [roverGarbageCollector] INFO  space.exploration.mars.rover.learning.ReinforcementLearner -  rlEngine logging totalExplorationSteps = 266636
2018-08-11 22:35:41,700 [roverGarbageCollector] INFO  space.exploration.mars.rover.sensor.TelemetrySensor - Telemetry relay commenced.
2018-08-11 22:36:10,431 [roverGarbageCollector] INFO  space.exploration.mars.rover.sensor.TelemetrySensor - Telemetry relay stopped, number of telemetryDataPoints = 68
2018-08-11 22:36:13,433 [roverGarbageCollector] INFO  space.exploration.mars.rover.kernel.Rover - Trying to reflect rover state.Transmitting State Software Version - 2.0
2018-08-11 22:36:19,481 [roverGarbageCollector] INFO  space.exploration.mars.rover.kernel.PositionSensor - Houston - this is curiosityActual.ephemerisTime: 5.15353508185473E8
stateCuriosity: -3.3230206294E7
stateCuriosity: -7.3532141339E7
stateCuriosity: -3.2049678462E7
stateCuriosity: 0.771
stateCuriosity: 8.963
stateCuriosity: 2.955
owltMSLEarth: 289.614
stateEarth: 3.323221525E7
stateEarth: 7.3536586508E7
stateEarth: 3.2051616107E7
stateEarth: -0.773
stateEarth: -8.969
stateEarth: -2.957
owltEarthMSL: 289.631
positionEarthWRTCuriosity: 3.323221525E7
positionEarthWRTCuriosity: 7.3536586508E7
positionEarthWRTCuriosity: 3.2051616107E7
owltEarthMSL2: 289.631
angSepHGAEarth: 116.871
utcTime: "2016-05-01~05:44:00"
sol: 1328
sclkValue: " 1/01328:03:36:01:63882"

2018-08-11 22:36:19,514 [roverGarbageCollector] INFO  space.exploration.mars.rover.kernel.PositionSensor - ephemerisTime: 5.15353508185473E8
stateCuriosity: -3.3230206294E7
stateCuriosity: -7.3532141339E7
stateCuriosity: -3.2049678462E7
stateCuriosity: 0.771
stateCuriosity: 8.963
stateCuriosity: 2.955
owltMSLEarth: 289.614
stateEarth: 3.323221525E7
stateEarth: 7.3536586508E7
stateEarth: 3.2051616107E7
stateEarth: -0.773
stateEarth: -8.969
stateEarth: -2.957
owltEarthMSL: 289.631
positionEarthWRTCuriosity: 3.323221525E7
positionEarthWRTCuriosity: 7.3536586508E7
positionEarthWRTCuriosity: 3.2051616107E7
owltEarthMSL2: 289.631
angSepHGAEarth: 116.871
utcTime: "2016-05-01~05:44:00"
sol: 1328
sclkValue: " 1/01328:03:36:01:63882"

2018-08-11 22:36:19,514 [roverGarbageCollector] INFO  space.exploration.mars.rover.communication.Radio - One Way Light Time computed by SPICE :: 289.614
2018-08-11 22:36:19,527 [roverGarbageCollector] INFO  space.exploration.mars.rover.communication.Radio - Message encryption successful.
2018-08-11 22:36:19,528 [roverGarbageCollector] INFO  space.exploration.mars.rover.communication.Transmitter - Sending information packet to curiosity_to_earth_5
2018-08-11 22:36:22,528 [roverGarbageCollector] INFO  space.exploration.mars.rover.kernel.Rover - Trying to reflect rover state.Listening State Software Version - 2.0
2018-08-11 22:36:22,529 [roverGarbageCollector] INFO  space.exploration.mars.rover.diagnostics.RoverGarbageCollector - RoverGC trimming instructionQueue. Current length = 2
2018-08-11 22:36:22,529 [radio] INFO  space.exploration.mars.rover.kernel.Rover - Trying to reflect rover state.Listening State Software Version - 2.0
2018-08-11 22:36:22,529 [batteryMonitor] INFO  space.exploration.mars.rover.power.BatteryMonitor - BatteryMonitor performing due diligence. SCET = 1534041356184 Rover state = Listening State
2018-08-11 22:36:22,529 [radio] INFO  space.exploration.mars.rover.kernel.ListeningState - timeStamp: 1534041338305
targets {
  roverModule: 10
  estimatedPowerUsage: 70
  action: "GetSeasonalWeather"
}

2018-08-11 22:36:28,546 [radio] INFO  space.exploration.mars.rover.kernel.ListeningState - 1534041388546,10,GetSeasonalWeather Current instructionQueue length = 2
2018-08-11 22:36:28,546 [radio] INFO  space.exploration.mars.rover.kernel.ListeningState - Rover will try to get weather measurements - actual Curiosity Data
2018-08-11 22:36:28,547 [radio] INFO  space.exploration.mars.rover.kernel.Rover - Trying to reflect rover state.Weather Sensing State Software Version - 2.0
2018-08-11 22:36:28,547 [radio] INFO  space.exploration.mars.rover.kernel.WeatherSensingState - Will get mars weather measurements
2018-08-11 22:36:31,584 [radio] INFO  space.exploration.mars.rover.kernel.Rover - Trying to reflect rover state.Transmitting State Software Version - 2.0
2018-08-11 22:36:37,636 [radio] INFO  space.exploration.mars.rover.kernel.PositionSensor - Houston - this is curiosityActual.ephemerisTime: 5.15355788185473E8
stateCuriosity: -3.3228474138E7
stateCuriosity: -7.3511678446E7
stateCuriosity: -3.2042917843E7
stateCuriosity: 0.748
stateCuriosity: 8.986
stateCuriosity: 2.976
owltMSLEarth: 289.545
stateEarth: 3.3230477878E7
stateEarth: 7.3516111199E7
stateEarth: 3.2044850252E7
stateEarth: -0.75
stateEarth: -8.991
stateEarth: -2.978
owltEarthMSL: 289.563
positionEarthWRTCuriosity: 3.3230477878E7
positionEarthWRTCuriosity: 7.3516111199E7
positionEarthWRTCuriosity: 3.2044850252E7
owltEarthMSL2: 289.563
angSepHGAEarth: 110.721
utcTime: "2016-05-01~06:22:00"
sol: 1328
sclkValue: " 1/01328:04:13:00:63582"

2018-08-11 22:36:37,669 [radio] INFO  space.exploration.mars.rover.kernel.PositionSensor - ephemerisTime: 5.15355788185473E8
stateCuriosity: -3.3228474138E7
stateCuriosity: -7.3511678446E7
stateCuriosity: -3.2042917843E7
stateCuriosity: 0.748
stateCuriosity: 8.986
stateCuriosity: 2.976
owltMSLEarth: 289.545
stateEarth: 3.3230477878E7
stateEarth: 7.3516111199E7
stateEarth: 3.2044850252E7
stateEarth: -0.75
stateEarth: -8.991
stateEarth: -2.978
owltEarthMSL: 289.563
positionEarthWRTCuriosity: 3.3230477878E7
positionEarthWRTCuriosity: 7.3516111199E7
positionEarthWRTCuriosity: 3.2044850252E7
owltEarthMSL2: 289.563
angSepHGAEarth: 110.721
utcTime: "2016-05-01~06:22:00"
sol: 1328
sclkValue: " 1/01328:04:13:00:63582"

2018-08-11 22:36:37,670 [radio] INFO  space.exploration.mars.rover.communication.Radio - One Way Light Time computed by SPICE :: 289.545
2018-08-11 22:36:37,677 [radio] INFO  space.exploration.mars.rover.communication.Radio - Message encryption successful.
2018-08-11 22:36:37,677 [radio] INFO  space.exploration.mars.rover.communication.Transmitter - Sending information packet to curiosity_to_earth_5
2018-08-11 22:36:40,678 [radio] INFO  space.exploration.mars.rover.kernel.Rover - Trying to reflect rover state.Listening State Software Version - 2.0
2018-08-11 22:36:40,678 [radio] INFO  space.exploration.mars.rover.communication.Receiver - Time Elapsed since last message = 62358
2018-08-11 22:36:40,678 [roverGarbageCollector] INFO  space.exploration.mars.rover.kernel.Rover - Trying to reflect rover state.Listening State Software Version - 2.0
2018-08-11 22:36:40,678 [batteryMonitor] INFO  space.exploration.mars.rover.power.BatteryMonitor -  Battery primaryUnits = 848 auxiliaryPowerUnits = 100
2018-08-11 22:36:40,679 [roverGarbageCollector] INFO  space.exploration.mars.rover.kernel.ListeningState - timeStamp: 1534041268909
targets {
  roverModule: 6
  action: "Request Rover Logs"
  auxiliaryData: "\n\023yyyy-MM-dd~HH:mm:ss\022\0232018-08-11~22:34:28\032\0232018-08-12~00:00:00"
}

2018-08-11 22:36:40,752 [radio] INFO  space.exploration.mars.rover.kernel.PositionSensor - Houston - this is curiosityActual.ephemerisTime: 5.15356148185473E8
stateCuriosity: -3.3228205608E7
stateCuriosity: -7.3508442889E7
stateCuriosity: -3.2041845963E7
stateCuriosity: 0.744
stateCuriosity: 8.989
stateCuriosity: 2.979
owltMSLEarth: 289.534
stateEarth: 3.3230208575E7
stateEarth: 7.3512873791E7
stateEarth: 3.2043777593E7
stateEarth: -0.746
stateEarth: -8.994
stateEarth: -2.981
owltEarthMSL: 289.552
positionEarthWRTCuriosity: 3.3230208575E7
positionEarthWRTCuriosity: 7.3512873791E7
positionEarthWRTCuriosity: 3.2043777593E7
owltEarthMSL2: 289.552
angSepHGAEarth: 109.731
utcTime: "2016-05-01~06:28:00"
sol: 1328
sclkValue: " 1/01328:04:18:51:00377"

2018-08-11 22:36:40,787 [radio] INFO  space.exploration.mars.rover.kernel.PositionSensor - ephemerisTime: 5.15356148185473E8
stateCuriosity: -3.3228205608E7
stateCuriosity: -7.3508442889E7
stateCuriosity: -3.2041845963E7
stateCuriosity: 0.744
stateCuriosity: 8.989
stateCuriosity: 2.979
owltMSLEarth: 289.534
stateEarth: 3.3230208575E7
stateEarth: 7.3512873791E7
stateEarth: 3.2043777593E7
stateEarth: -0.746
stateEarth: -8.994
stateEarth: -2.981
owltEarthMSL: 289.552
positionEarthWRTCuriosity: 3.3230208575E7
positionEarthWRTCuriosity: 7.3512873791E7
positionEarthWRTCuriosity: 3.2043777593E7
owltEarthMSL2: 289.552
angSepHGAEarth: 109.731
utcTime: "2016-05-01~06:28:00"
sol: 1328
sclkValue: " 1/01328:04:18:51:00377"

2018-08-11 22:36:40,787 [radio] INFO  space.exploration.mars.rover.communication.Radio - One Way Light Time computed by SPICE :: 289.534
2018-08-11 22:36:46,700 [roverGarbageCollector] INFO  space.exploration.mars.rover.kernel.ListeningState - 1534041406700,6,Request Rover Logs Current instructionQueue length = 1
2018-08-11 22:36:46,700 [roverGarbageCollector] INFO  space.exploration.mars.rover.kernel.ListeningState - Requesting logs in date format = yyyy-MM-dd~HH:mm:ss
2018-08-11 22:36:46,701 [roverGarbageCollector] INFO  space.exploration.mars.rover.kernel.ListeningState - Start date = 2018-08-11~22:34:28 End date = 2018-08-12~00:00:00
