2018-06-30 21:00:57,371 [roverGarbageCollector] INFO  space.exploration.mars.rover.diagnostics.RoverGarbageCollector - RoverGC trimming instructionQueue. Current length = 1
2018-06-30 21:00:57,371 [roverGarbageCollector] INFO  space.exploration.mars.rover.kernel.Rover - Trying to reflect rover state.Listening State Software Version - 2.0
2018-06-30 21:00:57,371 [roverGarbageCollector] INFO  space.exploration.mars.rover.kernel.ListeningState - timeStamp: 1530410457022
targets {
  roverModule: 6
  action: "Request Rover Logs"
  auxiliaryData: "\n\023yyyy-MM-dd~HH:mm:ss\022\0232018-06-30~21:00:57\032\0232018-07-01~00:00:00"
}

2018-06-30 21:01:00,360 [radio] INFO  space.exploration.mars.rover.communication.Receiver - Time Elapsed since last message = 26513
2018-06-30 21:01:00,397 [radio] INFO  space.exploration.mars.rover.kernel.PositionSensor - Houston - this is curiosityActual.ephemerisTime: 5.15334428185476E8
stateCuriosity: -3.3245326814E7
stateCuriosity: -7.3700838826E7
stateCuriosity: -3.2104907156E7
stateCuriosity: 0.754
stateCuriosity: 8.723
stateCuriosity: 2.87
owltMSLEarth: 290.178
stateEarth: 3.32473896E7
stateEarth: 7.3705409784E7
stateEarth: 3.2106898058E7
stateEarth: -0.757
stateEarth: -8.729
stateEarth: -2.872
owltEarthMSL: 290.196
positionEarthWRTCuriosity: 3.32473896E7
positionEarthWRTCuriosity: 7.3705409784E7
positionEarthWRTCuriosity: 3.2106898058E7
owltEarthMSL2: 290.196
angSepHGAEarth: 137.116
utcTime: "2016-05-01~00:28:00"
sol: 1327
sclkValue: " 1/01327:22:26:32:13762"

2018-06-30 21:01:00,436 [radio] INFO  space.exploration.mars.rover.kernel.PositionSensor - ephemerisTime: 5.15334548185476E8
stateCuriosity: -3.3245236251E7
stateCuriosity: -7.3699792023E7
stateCuriosity: -3.2104562823E7
stateCuriosity: 0.755
stateCuriosity: 8.724
stateCuriosity: 2.869
owltMSLEarth: 290.174
stateEarth: 3.3247298715E7
stateEarth: 7.3704362223E7
stateEarth: 3.2106553404E7
stateEarth: -0.758
stateEarth: -8.73
stateEarth: -2.872
owltEarthMSL: 290.192
positionEarthWRTCuriosity: 3.3247298715E7
positionEarthWRTCuriosity: 7.3704362223E7
positionEarthWRTCuriosity: 3.2106553404E7
owltEarthMSL2: 290.192
angSepHGAEarth: 137.279
utcTime: "2016-05-01~00:28:00"
sol: 1327
sclkValue: " 1/01327:22:28:28:92694"

2018-06-30 21:01:00,436 [radio] INFO  space.exploration.mars.rover.communication.Radio - One Way Light Time computed by SPICE :: 290.178
2018-06-30 21:01:03,379 [roverGarbageCollector] INFO  space.exploration.mars.rover.kernel.ListeningState - 1530410463379,6,Request Rover Logs Current instructionQueue length = 0
2018-06-30 21:01:03,380 [roverGarbageCollector] INFO  space.exploration.mars.rover.kernel.ListeningState - Requesting logs in date format = yyyy-MM-dd~HH:mm:ss
2018-06-30 21:01:03,380 [roverGarbageCollector] INFO  space.exploration.mars.rover.kernel.ListeningState - Start date = 2018-06-30~21:00:57 End date = 2018-07-01~00:00:00
