2018-08-11 23:54:48,508 [pacemaker] INFO  space.exploration.mars.rover.kernel.PositionSensor - Houston - this is curiosityActual.ephemerisTime: 5.15341508185475E8
stateCuriosity: -3.3239794132E7
stateCuriosity: -7.3638796835E7
stateCuriosity: -3.2084590866E7
stateCuriosity: 0.802
stateCuriosity: 8.807
stateCuriosity: 2.875
owltMSLEarth: 289.97
stateEarth: 3.3241836612E7
stateEarth: 7.3643320401E7
stateEarth: 3.2086561684E7
stateEarth: -0.805
stateEarth: -8.814
stateEarth: -2.878
owltEarthMSL: 289.988
positionEarthWRTCuriosity: 3.3241836612E7
positionEarthWRTCuriosity: 7.3643320401E7
positionEarthWRTCuriosity: 3.2086561684E7
owltEarthMSL2: 289.988
angSepHGAEarth: 139.825
utcTime: "2016-05-01~02:24:00"
sol: 1328
sclkValue: " 1/01328:00:21:22:70725"

2018-08-11 23:54:48,544 [pacemaker] INFO  space.exploration.mars.rover.kernel.PositionSensor - ephemerisTime: 5.15341508185475E8
stateCuriosity: -3.3239794132E7
stateCuriosity: -7.3638796835E7
stateCuriosity: -3.2084590866E7
stateCuriosity: 0.802
stateCuriosity: 8.807
stateCuriosity: 2.875
owltMSLEarth: 289.97
stateEarth: 3.3241836612E7
stateEarth: 7.3643320401E7
stateEarth: 3.2086561684E7
stateEarth: -0.805
stateEarth: -8.814
stateEarth: -2.878
owltEarthMSL: 289.988
positionEarthWRTCuriosity: 3.3241836612E7
positionEarthWRTCuriosity: 7.3643320401E7
positionEarthWRTCuriosity: 3.2086561684E7
owltEarthMSL2: 289.988
angSepHGAEarth: 139.825
utcTime: "2016-05-01~02:24:00"
sol: 1328
sclkValue: " 1/01328:00:21:22:70725"

2018-08-11 23:54:48,545 [pacemaker] INFO  space.exploration.mars.rover.kernel.SpacecraftClock - Internal time::2016-05-01T02:14:00.000-04:00 sclk of::1/01328:00:10:40:36601
2018-08-11 23:54:48,545 [pacemaker] INFO  space.exploration.mars.rover.kernel.Rover - Trying to reflect rover state.Transmitting State Software Version - 2.0
2018-08-11 23:54:54,590 [pacemaker] INFO  space.exploration.mars.rover.kernel.PositionSensor - Houston - this is curiosityActual.ephemerisTime: 5.15342228185475E8
stateCuriosity: -3.3239215871E7
stateCuriosity: -7.3632452053E7
stateCuriosity: -3.2082519621E7
stateCuriosity: 0.804
stateCuriosity: 8.817
stateCuriosity: 2.878
owltMSLEarth: 289.949
stateEarth: 3.3241256209E7
stateEarth: 7.3636970633E7
stateEarth: 3.2084488328E7
stateEarth: -0.807
stateEarth: -8.824
stateEarth: -2.881
owltEarthMSL: 289.967
positionEarthWRTCuriosity: 3.3241256209E7
positionEarthWRTCuriosity: 7.3636970633E7
positionEarthWRTCuriosity: 3.2084488328E7
owltEarthMSL2: 289.967
angSepHGAEarth: 139.258
utcTime: "2016-05-01~02:36:00"
sol: 1328
sclkValue: " 1/01328:00:33:03:44314"

2018-08-11 23:54:54,623 [pacemaker] INFO  space.exploration.mars.rover.kernel.PositionSensor - ephemerisTime: 5.15342228185475E8
stateCuriosity: -3.3239215871E7
stateCuriosity: -7.3632452053E7
stateCuriosity: -3.2082519621E7
stateCuriosity: 0.804
stateCuriosity: 8.817
stateCuriosity: 2.878
owltMSLEarth: 289.949
stateEarth: 3.3241256209E7
stateEarth: 7.3636970633E7
stateEarth: 3.2084488328E7
stateEarth: -0.807
stateEarth: -8.824
stateEarth: -2.881
owltEarthMSL: 289.967
positionEarthWRTCuriosity: 3.3241256209E7
positionEarthWRTCuriosity: 7.3636970633E7
positionEarthWRTCuriosity: 3.2084488328E7
owltEarthMSL2: 289.967
angSepHGAEarth: 139.258
utcTime: "2016-05-01~02:38:00"
sol: 1328
sclkValue: " 1/01328:00:33:03:44314"

2018-08-11 23:54:54,623 [pacemaker] INFO  space.exploration.mars.rover.communication.Radio - One Way Light Time computed by SPICE :: 289.949
2018-08-11 23:54:54,631 [pacemaker] INFO  space.exploration.mars.rover.communication.Radio - Message encryption successful.
2018-08-11 23:54:54,631 [pacemaker] INFO  space.exploration.mars.rover.communication.Transmitter - Sending information packet to curiosity_to_earth_5
2018-08-11 23:54:57,632 [pacemaker] INFO  space.exploration.mars.rover.kernel.Rover - Trying to reflect rover state.Listening State Software Version - 2.0
2018-08-11 23:54:57,632 [roverGarbageCollector] INFO  space.exploration.mars.rover.diagnostics.RoverGarbageCollector - RoverGC trimming instructionQueue. Current length = 1
2018-08-11 23:54:57,633 [roverGarbageCollector] INFO  space.exploration.mars.rover.kernel.Rover - Trying to reflect rover state.Listening State Software Version - 2.0
2018-08-11 23:54:57,634 [roverGarbageCollector] INFO  space.exploration.mars.rover.kernel.ListeningState - timeStamp: 1534046088444
targets {
  roverModule: 6
  action: "Request Rover Logs"
  auxiliaryData: "\n\023yyyy-MM-dd~HH:mm:ss\022\0232018-08-11~23:54:48\032\0232018-08-12~00:00:00"
}

2018-08-11 23:55:03,084 [radio] INFO  space.exploration.mars.rover.communication.Receiver - Time Elapsed since last message = 46517
2018-08-11 23:55:03,148 [radio] INFO  space.exploration.mars.rover.kernel.PositionSensor - Houston - this is curiosityActual.ephemerisTime: 5.15343308185475E8
stateCuriosity: -3.3238345741E7
stateCuriosity: -7.3622921687E7
stateCuriosity: -3.2079408995E7
stateCuriosity: 0.807
stateCuriosity: 8.832
stateCuriosity: 2.883
owltMSLEarth: 289.917
stateEarth: 3.3240382866E7
stateEarth: 7.3627432792E7
stateEarth: 3.2081374534E7
stateEarth: -0.81
stateEarth: -8.839
stateEarth: -2.885
owltEarthMSL: 289.935
positionEarthWRTCuriosity: 3.3240382866E7
positionEarthWRTCuriosity: 7.3627432792E7
positionEarthWRTCuriosity: 3.2081374534E7
owltEarthMSL2: 289.935
angSepHGAEarth: 138.139
utcTime: "2016-05-01~02:54:00"
sol: 1328
sclkValue: " 1/01328:00:50:34:54699"

2018-08-11 23:55:03,182 [radio] INFO  space.exploration.mars.rover.kernel.PositionSensor - ephemerisTime: 5.15343308185475E8
stateCuriosity: -3.3238345741E7
stateCuriosity: -7.3622921687E7
stateCuriosity: -3.2079408995E7
stateCuriosity: 0.807
stateCuriosity: 8.832
stateCuriosity: 2.883
owltMSLEarth: 289.917
stateEarth: 3.3240382866E7
stateEarth: 7.3627432792E7
stateEarth: 3.2081374534E7
stateEarth: -0.81
stateEarth: -8.839
stateEarth: -2.885
owltEarthMSL: 289.935
positionEarthWRTCuriosity: 3.3240382866E7
positionEarthWRTCuriosity: 7.3627432792E7
positionEarthWRTCuriosity: 3.2081374534E7
owltEarthMSL2: 289.935
angSepHGAEarth: 138.139
utcTime: "2016-05-01~02:54:00"
sol: 1328
sclkValue: " 1/01328:00:50:34:54699"

2018-08-11 23:55:03,182 [radio] INFO  space.exploration.mars.rover.communication.Radio - One Way Light Time computed by SPICE :: 289.917
2018-08-11 23:55:03,649 [roverGarbageCollector] INFO  space.exploration.mars.rover.kernel.ListeningState - 1534046103649,6,Request Rover Logs Current instructionQueue length = 0
2018-08-11 23:55:03,649 [roverGarbageCollector] INFO  space.exploration.mars.rover.kernel.ListeningState - Requesting logs in date format = yyyy-MM-dd~HH:mm:ss
2018-08-11 23:55:03,649 [roverGarbageCollector] INFO  space.exploration.mars.rover.kernel.ListeningState - Start date = 2018-08-11~23:54:48 End date = 2018-08-12~00:00:00
