2018-06-19 22:12:02,692 [radio] INFO  space.exploration.mars.rover.kernel.Rover - Trying to reflect rover state.Listening State Software Version - 2.0
2018-06-19 22:12:02,694 [radio] INFO  space.exploration.mars.rover.kernel.ListeningState - timeStamp: 1529464185435
targets {
  roverModule: 6
  action: "Update Software"
  auxiliaryData: "\tffffff\376?\022`https://storage.googleapis.com/rover_artifacts/softwareUpdates/mars.rover-1.8-SOLSHOT-shaded.jar\032Phttps://storage.googleapis.com/rover_artifacts/softwareUpdates/softwareLaunch.sh\"!mars.rover-1.8-SOLSHOT-shaded.jar*\021softwareLaunch.sh"
}

2018-06-19 22:12:08,711 [radio] INFO  space.exploration.mars.rover.kernel.ListeningState - 1529464328711,6,Update Software Current instructionQueue length = 5
2018-06-19 22:12:08,712 [radio] WARN  space.exploration.mars.rover.kernel.Rover - Updating software. This is always a bit tricky!
2018-06-19 22:12:08,713 [radio] INFO  space.exploration.mars.rover.kernel.Rover - Trying to reflect rover state.Maintenance State Software Version - 2.0
2018-06-19 22:12:08,713 [radio] INFO  space.exploration.mars.rover.kernel.ListeningState - Rover commencing software update.
2018-06-19 22:12:08,714 [radio] ERROR space.exploration.mars.rover.kernel.ListeningState - Software already up to date.
2018-06-19 22:12:08,714 [radio] INFO  space.exploration.mars.rover.communication.Receiver - Time Elapsed since last message = 21588
2018-06-19 22:12:08,715 [roverGarbageCollector] INFO  space.exploration.mars.rover.kernel.Rover - Trying to reflect rover state.Listening State Software Version - 2.0
2018-06-19 22:12:08,715 [batteryMonitor] INFO  space.exploration.mars.rover.power.BatteryMonitor - BatteryMonitor performing due diligence. SCET = 1529464328715 Rover state = Listening State
2018-06-19 22:12:08,717 [roverGarbageCollector] INFO  space.exploration.mars.rover.kernel.ListeningState - timeStamp: 1529463945276
targets {
  roverModule: 8
  estimatedPowerUsage: 20
  action: "ClickCamera"
  roverSubModule: "MAST"
}

2018-06-19 22:12:08,789 [radio] INFO  space.exploration.mars.rover.kernel.PositionSensor - Houston - this is curiosityActual.ephemerisTime: 5.15334788185476E8
stateCuriosity: -3.3245054722E7
stateCuriosity: -7.3697697982E7
stateCuriosity: -3.2103874226E7
stateCuriosity: 0.757
stateCuriosity: 8.726
stateCuriosity: 2.869
owltMSLEarth: 290.167
stateEarth: 3.3247116537E7
stateEarth: 7.370226666E7
stateEarth: 3.2105864162E7
stateEarth: -0.76
stateEarth: -8.733
stateEarth: -2.872
owltEarthMSL: 290.185
positionEarthWRTCuriosity: 3.3247116537E7
positionEarthWRTCuriosity: 7.370226666E7
positionEarthWRTCuriosity: 3.2105864162E7
owltEarthMSL2: 290.185
angSepHGAEarth: 137.596
utcTime: "2016-05-01~00:32:00"
sol: 1327
sclkValue: " 1/01327:22:32:22:50557"

2018-06-19 22:12:08,825 [radio] INFO  space.exploration.mars.rover.kernel.PositionSensor - ephemerisTime: 5.15334788185476E8
stateCuriosity: -3.3245054722E7
stateCuriosity: -7.3697697982E7
stateCuriosity: -3.2103874226E7
stateCuriosity: 0.757
stateCuriosity: 8.726
stateCuriosity: 2.869
owltMSLEarth: 290.167
stateEarth: 3.3247116537E7
stateEarth: 7.370226666E7
stateEarth: 3.2105864162E7
stateEarth: -0.76
stateEarth: -8.733
stateEarth: -2.872
owltEarthMSL: 290.185
positionEarthWRTCuriosity: 3.3247116537E7
positionEarthWRTCuriosity: 7.370226666E7
positionEarthWRTCuriosity: 3.2105864162E7
owltEarthMSL2: 290.185
angSepHGAEarth: 137.596
utcTime: "2016-05-01~00:32:00"
sol: 1327
sclkValue: " 1/01327:22:32:22:50557"

2018-06-19 22:12:08,825 [radio] INFO  space.exploration.mars.rover.communication.Radio - One Way Light Time computed by SPICE :: 290.167
2018-06-19 22:12:14,735 [roverGarbageCollector] INFO  space.exploration.mars.rover.kernel.ListeningState - 1529464334735,8,ClickCamera Current instructionQueue length = 6
2018-06-19 22:12:14,736 [roverGarbageCollector] INFO  space.exploration.mars.rover.kernel.ListeningState - Rover Curiosity is going to try to take pictures!
2018-06-19 22:12:14,737 [roverGarbageCollector] INFO  space.exploration.mars.rover.kernel.Rover - Trying to reflect rover state.Photographing State Software Version - 2.0
2018-06-19 22:12:44,416 [roverGarbageCollector] INFO  space.exploration.mars.rover.kernel.Rover - Trying to reflect rover state.Transmitting State Software Version - 2.0
2018-06-19 22:12:50,496 [roverGarbageCollector] INFO  space.exploration.mars.rover.kernel.PositionSensor - Houston - this is curiosityActual.ephemerisTime: 5.15339828185475E8
stateCuriosity: -3.3241135437E7
stateCuriosity: -7.3653574488E7
stateCuriosity: -3.2089417519E7
stateCuriosity: 0.794
stateCuriosity: 8.785
stateCuriosity: 2.871
owltMSLEarth: 290.02
stateEarth: 3.3243182894E7
stateEarth: 7.3658109639E7
stateEarth: 3.2091393247E7
stateEarth: -0.797
stateEarth: -8.792
stateEarth: -2.874
owltEarthMSL: 290.037
positionEarthWRTCuriosity: 3.3243182894E7
positionEarthWRTCuriosity: 7.3658109639E7
positionEarthWRTCuriosity: 3.2091393247E7
owltEarthMSL2: 290.037
angSepHGAEarth: 140.548
utcTime: "2016-05-01~01:56:00"
sol: 1327
sclkValue: " 1/01327:23:54:07:65683"

2018-06-19 22:12:50,530 [roverGarbageCollector] INFO  space.exploration.mars.rover.kernel.PositionSensor - ephemerisTime: 5.15339828185475E8
stateCuriosity: -3.3241135437E7
stateCuriosity: -7.3653574488E7
stateCuriosity: -3.2089417519E7
stateCuriosity: 0.794
stateCuriosity: 8.785
stateCuriosity: 2.871
owltMSLEarth: 290.02
stateEarth: 3.3243182894E7
stateEarth: 7.3658109639E7
stateEarth: 3.2091393247E7
stateEarth: -0.797
stateEarth: -8.792
stateEarth: -2.874
owltEarthMSL: 290.037
positionEarthWRTCuriosity: 3.3243182894E7
positionEarthWRTCuriosity: 7.3658109639E7
positionEarthWRTCuriosity: 3.2091393247E7
owltEarthMSL2: 290.037
angSepHGAEarth: 140.548
utcTime: "2016-05-01~01:56:00"
sol: 1327
sclkValue: " 1/01327:23:54:07:65683"

2018-06-19 22:12:50,530 [roverGarbageCollector] INFO  space.exploration.mars.rover.communication.Radio - One Way Light Time computed by SPICE :: 290.02
2018-06-19 22:12:56,005 [roverGarbageCollector] INFO  space.exploration.mars.rover.communication.Radio - Message encryption successful.
2018-06-19 22:12:56,007 [roverGarbageCollector] INFO  space.exploration.mars.rover.communication.Transmitter - Sending information packet to curiosity_to_earth_5
2018-06-19 22:12:59,008 [roverGarbageCollector] INFO  space.exploration.mars.rover.kernel.Rover - Trying to reflect rover state.Listening State Software Version - 2.0
2018-06-19 22:12:59,011 [roverGarbageCollector] INFO  space.exploration.mars.rover.diagnostics.RoverGarbageCollector - RoverGC trimming instructionQueue. Current length = 6
2018-06-19 22:12:59,011 [spacecraftClock] INFO  space.exploration.mars.rover.sensor.DANSpectrometer - Commencing calibration for DAN Spectrometer for sol = 1328
2018-06-19 22:12:59,690 [spacecraftClock] INFO  space.exploration.mars.rover.service.ApxsDataService - ApxsSpectrometer configured successfully for sol = 1328
2018-06-19 22:12:59,691 [radio] INFO  space.exploration.mars.rover.kernel.Rover - Trying to reflect rover state.Listening State Software Version - 2.0
2018-06-19 22:12:59,692 [radio] INFO  space.exploration.mars.rover.kernel.ListeningState - timeStamp: 1529464211951
targets {
  roverModule: 11
  action: "GetSclkInformation"
}

2018-06-19 22:13:05,709 [radio] INFO  space.exploration.mars.rover.kernel.ListeningState - 1529464385709,11,GetSclkInformation Current instructionQueue length = 6
2018-06-19 22:13:05,710 [radio] INFO  space.exploration.mars.rover.kernel.ListeningState - Rover will get detailed spacecraftClock information. Houston, this is CuriosityActual.
2018-06-19 22:13:05,711 [radio] INFO  space.exploration.mars.rover.kernel.Rover - Trying to reflect rover state.SclkTiming State Software Version - 2.0
2018-06-19 22:13:05,712 [radio] INFO  space.exploration.mars.rover.kernel.SpacecraftClock - Internal time::2016-05-01T02:03:00.000-05:00 sclk of::1/01328:00:00:56:41943
2018-06-19 22:13:05,712 [radio] INFO  space.exploration.mars.rover.kernel.Rover - Trying to reflect rover state.Transmitting State Software Version - 2.0
2018-06-19 22:13:11,798 [radio] INFO  space.exploration.mars.rover.kernel.PositionSensor - Houston - this is curiosityActual.ephemerisTime: 5.15342348185475E8
stateCuriosity: -3.3239119336E7
stateCuriosity: -7.3631393908E7
stateCuriosity: -3.208217423E7
stateCuriosity: 0.805
stateCuriosity: 8.819
stateCuriosity: 2.878
owltMSLEarth: 289.945
stateEarth: 3.3241159317E7
stateEarth: 7.3635911657E7
stateEarth: 3.2084142584E7
stateEarth: -0.808
stateEarth: -8.826
stateEarth: -2.881
owltEarthMSL: 289.963
positionEarthWRTCuriosity: 3.3241159317E7
positionEarthWRTCuriosity: 7.3635911657E7
positionEarthWRTCuriosity: 3.2084142584E7
owltEarthMSL2: 289.963
angSepHGAEarth: 139.149
utcTime: "2016-05-01~02:38:00"
sol: 1328
sclkValue: " 1/01328:00:35:00:23246"

2018-06-19 22:13:11,832 [radio] INFO  space.exploration.mars.rover.kernel.PositionSensor - ephemerisTime: 5.15342348185475E8
stateCuriosity: -3.3239119336E7
stateCuriosity: -7.3631393908E7
stateCuriosity: -3.208217423E7
stateCuriosity: 0.805
stateCuriosity: 8.819
stateCuriosity: 2.878
owltMSLEarth: 289.945
stateEarth: 3.3241159317E7
stateEarth: 7.3635911657E7
stateEarth: 3.2084142584E7
stateEarth: -0.808
stateEarth: -8.826
stateEarth: -2.881
owltEarthMSL: 289.963
positionEarthWRTCuriosity: 3.3241159317E7
positionEarthWRTCuriosity: 7.3635911657E7
positionEarthWRTCuriosity: 3.2084142584E7
owltEarthMSL2: 289.963
angSepHGAEarth: 139.149
utcTime: "2016-05-01~02:38:00"
sol: 1328
sclkValue: " 1/01328:00:35:00:23246"

2018-06-19 22:13:11,833 [radio] INFO  space.exploration.mars.rover.communication.Radio - One Way Light Time computed by SPICE :: 289.945
2018-06-19 22:13:11,852 [radio] INFO  space.exploration.mars.rover.communication.Radio - Message encryption successful.
2018-06-19 22:13:11,853 [radio] INFO  space.exploration.mars.rover.communication.Transmitter - Sending information packet to curiosity_to_earth_5
2018-06-19 22:13:14,854 [radio] INFO  space.exploration.mars.rover.kernel.Rover - Trying to reflect rover state.Listening State Software Version - 2.0
2018-06-19 22:13:14,856 [radio] INFO  space.exploration.mars.rover.communication.Receiver - Time Elapsed since last message = 66141
2018-06-19 22:13:14,856 [roverGarbageCollector] INFO  space.exploration.mars.rover.kernel.Rover - Trying to reflect rover state.Listening State Software Version - 2.0
2018-06-19 22:13:14,856 [batteryMonitor] INFO  space.exploration.mars.rover.power.BatteryMonitor -  Battery primaryUnits = 738 auxiliaryPowerUnits = 100
2018-06-19 22:13:14,858 [roverGarbageCollector] INFO  space.exploration.mars.rover.kernel.ListeningState - timeStamp: 1529463971792
targets {
  roverModule: 11
  action: "SynchronizeClock"
  utcTime: "2016-05-01~00:00:00"
}

2018-06-19 22:13:14,928 [radio] INFO  space.exploration.mars.rover.kernel.PositionSensor - Houston - this is curiosityActual.ephemerisTime: 5.15342708185475E8
stateCuriosity: -3.3238829495E7
stateCuriosity: -7.3628218299E7
stateCuriosity: -3.2081137715E7
stateCuriosity: 0.806
stateCuriosity: 8.824
stateCuriosity: 2.88
owltMSLEarth: 289.935
stateEarth: 3.3240868404E7
stateEarth: 7.3632733555E7
stateEarth: 3.2083105013E7
stateEarth: -0.809
stateEarth: -8.831
stateEarth: -2.883
owltEarthMSL: 289.953
positionEarthWRTCuriosity: 3.3240868404E7
positionEarthWRTCuriosity: 7.3632733555E7
positionEarthWRTCuriosity: 3.2083105013E7
owltEarthMSL2: 289.953
angSepHGAEarth: 138.799
utcTime: "2016-05-01~02:44:00"
sol: 1328
sclkValue: " 1/01328:00:40:50:60041"

2018-06-19 22:13:14,963 [radio] INFO  space.exploration.mars.rover.kernel.PositionSensor - ephemerisTime: 5.15342708185475E8
stateCuriosity: -3.3238829495E7
stateCuriosity: -7.3628218299E7
stateCuriosity: -3.2081137715E7
stateCuriosity: 0.806
stateCuriosity: 8.824
stateCuriosity: 2.88
owltMSLEarth: 289.935
stateEarth: 3.3240868404E7
stateEarth: 7.3632733555E7
stateEarth: 3.2083105013E7
stateEarth: -0.809
stateEarth: -8.831
stateEarth: -2.883
owltEarthMSL: 289.953
positionEarthWRTCuriosity: 3.3240868404E7
positionEarthWRTCuriosity: 7.3632733555E7
positionEarthWRTCuriosity: 3.2083105013E7
owltEarthMSL2: 289.953
angSepHGAEarth: 138.799
utcTime: "2016-05-01~02:44:00"
sol: 1328
sclkValue: " 1/01328:00:40:50:60041"

2018-06-19 22:13:14,964 [radio] INFO  space.exploration.mars.rover.communication.Radio - One Way Light Time computed by SPICE :: 289.935
2018-06-19 22:13:20,875 [roverGarbageCollector] INFO  space.exploration.mars.rover.kernel.ListeningState - 1529464400875,11,SynchronizeClock Current instructionQueue length = 5
2018-06-19 22:13:20,877 [roverGarbageCollector] INFO  space.exploration.mars.rover.kernel.ListeningState - Rover will get detailed spacecraftClock information. Houston, this is CuriosityActual.
2018-06-19 22:13:20,878 [roverGarbageCollector] INFO  space.exploration.mars.rover.kernel.SclkTimingState - Synchronizing sclk and positionSensor to 2016-05-01~00:00:00
2018-06-19 22:13:20,878 [roverGarbageCollector] INFO  space.exploration.mars.rover.kernel.SclkTimingState - Houston, expect a diagnostics pause. Shutting down paceMaker
2018-06-19 22:13:20,879 [roverGarbageCollector] INFO  space.exploration.mars.rover.kernel.Rover - Trying to reflect rover state.SclkTiming State Software Version - 2.0
2018-06-19 22:13:20,880 [roverGarbageCollector] INFO  space.exploration.mars.rover.diagnostics.Pacemaker - Pacemaker diagnostic module interrupted.
2018-06-19 22:13:20,880 [roverGarbageCollector] INFO  space.exploration.mars.rover.kernel.SclkTimingState - Houston, be advised - garbageCollection is paused. Please wait before sending new signals.
2018-06-19 22:13:20,881 [roverGarbageCollector] INFO  space.exploration.mars.rover.diagnostics.RoverGarbageCollector - RoverGC interrupted
2018-06-19 22:13:20,882 [roverGarbageCollector] INFO  space.exploration.mars.rover.kernel.SpacecraftClock - UTCTime = 2016-05-01~00:00:00
2018-06-19 22:13:20,883 [roverGarbageCollector] INFO  space.exploration.mars.rover.kernel.SpacecraftClock - Valid utc time ranges are dictated by clockService as follows:
2018-06-19 22:13:20,883 [roverGarbageCollector] INFO  space.exploration.mars.rover.kernel.SpacecraftClock - APPLICABLE_START_TIME=2000-001T11:58:55.816, APPLICABLE_STOP_TIME=2017-360T19:17:40.149
2018-06-19 22:13:20,884 [roverGarbageCollector] INFO  space.exploration.mars.rover.kernel.SpacecraftClock - Given UTC = 2016-05-01~00:00:00
2018-06-19 22:13:20,885 [roverGarbageCollector] INFO  space.exploration.mars.rover.kernel.SpacecraftClock - Please ensure that positionSensor and sclk are synchronized
2018-06-19 22:13:20,886 [roverGarbageCollector] INFO  space.exploration.mars.rover.kernel.PositionSensor - Synchronizing positionSensor clock to 2016-05-01~00:00:00
2018-06-19 22:13:20,886 [roverGarbageCollector] INFO  space.exploration.mars.rover.kernel.SclkTimingState - Restarting diagnostics heartbeat
2018-06-19 22:13:20,887 [roverGarbageCollector] INFO  space.exploration.mars.rover.diagnostics.Pacemaker - Pacemaker initialized
2018-06-19 22:13:20,888 [roverGarbageCollector] INFO  space.exploration.mars.rover.kernel.SclkTimingState - Restarting garbageCollection
2018-06-19 22:13:20,888 [roverGarbageCollector] INFO  space.exploration.mars.rover.diagnostics.RoverGarbageCollector - RoverGarbageCollector initialized
2018-06-19 22:13:20,889 [roverGarbageCollector] INFO  space.exploration.mars.rover.diagnostics.RoverGarbageCollector - Starting garbageCollection
2018-06-19 22:13:20,889 [roverGarbageCollector] INFO  space.exploration.mars.rover.kernel.Rover - Trying to reflect rover state.SclkTiming State Software Version - 2.0
2018-06-19 22:13:20,890 [roverGarbageCollector] INFO  space.exploration.mars.rover.kernel.SpacecraftClock - Internal time::2016-05-01T00:01:00.000-05:00 sclk of::1/01328:00:00:56:41943
2018-06-19 22:13:20,891 [roverGarbageCollector] INFO  space.exploration.mars.rover.kernel.Rover - Trying to reflect rover state.Transmitting State Software Version - 2.0
2018-06-19 22:13:27,017 [roverGarbageCollector] INFO  space.exploration.mars.rover.kernel.PositionSensor - Houston - this is curiosityActual.ephemerisTime: 5.15333708185476E8
stateCuriosity: -3.3245867297E7
stateCuriosity: -7.3707116695E7
stateCuriosity: -3.2106973714E7
stateCuriosity: 0.747
stateCuriosity: 8.716
stateCuriosity: 2.871
owltMSLEarth: 290.199
stateEarth: 3.3247931999E7
stateEarth: 7.3711692152E7
stateEarth: 3.2108966522E7
stateEarth: -0.75
stateEarth: -8.722
stateEarth: -2.874
owltEarthMSL: 290.217
positionEarthWRTCuriosity: 3.3247931999E7
positionEarthWRTCuriosity: 7.3711692152E7
positionEarthWRTCuriosity: 3.2108966522E7
owltEarthMSL2: 290.217
angSepHGAEarth: 136.064
utcTime: "2016-05-01~00:14:00"
sol: 1327
sclkValue: " 1/01327:22:14:51:40173"

2018-06-19 22:13:27,053 [roverGarbageCollector] INFO  space.exploration.mars.rover.kernel.PositionSensor - ephemerisTime: 5.15333708185476E8
stateCuriosity: -3.3245867297E7
stateCuriosity: -7.3707116695E7
stateCuriosity: -3.2106973714E7
stateCuriosity: 0.747
stateCuriosity: 8.716
stateCuriosity: 2.871
owltMSLEarth: 290.199
stateEarth: 3.3247931999E7
stateEarth: 7.3711692152E7
stateEarth: 3.2108966522E7
stateEarth: -0.75
stateEarth: -8.722
stateEarth: -2.874
owltEarthMSL: 290.217
positionEarthWRTCuriosity: 3.3247931999E7
positionEarthWRTCuriosity: 7.3711692152E7
positionEarthWRTCuriosity: 3.2108966522E7
owltEarthMSL2: 290.217
angSepHGAEarth: 136.064
utcTime: "2016-05-01~00:14:00"
sol: 1327
sclkValue: " 1/01327:22:14:51:40173"

2018-06-19 22:13:27,053 [roverGarbageCollector] INFO  space.exploration.mars.rover.communication.Radio - One Way Light Time computed by SPICE :: 290.199
2018-06-19 22:13:27,061 [roverGarbageCollector] INFO  space.exploration.mars.rover.communication.Radio - Message encryption successful.
2018-06-19 22:13:27,062 [roverGarbageCollector] INFO  space.exploration.mars.rover.communication.Transmitter - Sending information packet to curiosity_to_earth_5
2018-06-19 22:13:30,062 [roverGarbageCollector] INFO  space.exploration.mars.rover.kernel.Rover - Trying to reflect rover state.Listening State Software Version - 2.0
2018-06-19 22:13:30,063 [spacecraftClock] INFO  space.exploration.mars.rover.sensor.DANSpectrometer - Commencing calibration for DAN Spectrometer for sol = 1327
2018-06-19 22:13:30,491 [spacecraftClock] INFO  space.exploration.mars.rover.service.ApxsDataService - ApxsSpectrometer configured successfully for sol = 1327
2018-06-19 22:13:30,492 [roverGarbageCollector] INFO  space.exploration.mars.rover.diagnostics.RoverGarbageCollector - RoverGC trimming instructionQueue. Current length = 5
2018-06-19 22:13:30,492 [radio] INFO  space.exploration.mars.rover.kernel.Rover - Trying to reflect rover state.Listening State Software Version - 2.0
2018-06-19 22:13:30,494 [radio] INFO  space.exploration.mars.rover.kernel.ListeningState - timeStamp: 1529464238472
targets {
  roverModule: 5
  estimatedPowerUsage: 30
  action: "Explore"
}

2018-06-19 22:13:36,514 [radio] INFO  space.exploration.mars.rover.kernel.ListeningState - 1529464416514,5,Explore Current instructionQueue length = 5
2018-06-19 22:13:36,515 [radio] INFO  space.exploration.mars.rover.kernel.ListeningState - Rover Curiosity is on a scientific mission!
2018-06-19 22:13:36,516 [radio] INFO  space.exploration.mars.rover.kernel.Rover - Trying to reflect rover state.ApxsSensingState Software Version - 2.0
2018-06-19 22:13:51,522 [radio] INFO  space.exploration.mars.rover.kernel.Rover - Trying to reflect rover state.Transmitting State Software Version - 2.0
2018-06-19 22:13:57,604 [radio] INFO  space.exploration.mars.rover.kernel.PositionSensor - Houston - this is curiosityActual.ephemerisTime: 5.15337308185476E8
stateCuriosity: -3.3243118447E7
stateCuriosity: -7.3675673423E7
stateCuriosity: -3.209664707E7
stateCuriosity: 0.778
stateCuriosity: 8.754
stateCuriosity: 2.868
owltMSLEarth: 290.093
stateEarth: 3.3245173231E7
stateEarth: 7.3680225657E7
stateEarth: 3.2098630037E7
stateEarth: -0.781
stateEarth: -8.761
stateEarth: -2.87
owltEarthMSL: 290.111
positionEarthWRTCuriosity: 3.3245173231E7
positionEarthWRTCuriosity: 7.3680225657E7
positionEarthWRTCuriosity: 3.2098630037E7
owltEarthMSL2: 290.111
angSepHGAEarth: 140.004
utcTime: "2016-05-01~01:14:00"
sol: 1327
sclkValue: " 1/01327:23:13:15:08120"

2018-06-19 22:13:57,637 [radio] INFO  space.exploration.mars.rover.kernel.PositionSensor - ephemerisTime: 5.15337308185476E8
stateCuriosity: -3.3243118447E7
stateCuriosity: -7.3675673423E7
stateCuriosity: -3.209664707E7
stateCuriosity: 0.778
stateCuriosity: 8.754
stateCuriosity: 2.868
owltMSLEarth: 290.093
stateEarth: 3.3245173231E7
stateEarth: 7.3680225657E7
stateEarth: 3.2098630037E7
stateEarth: -0.781
stateEarth: -8.761
stateEarth: -2.87
owltEarthMSL: 290.111
positionEarthWRTCuriosity: 3.3245173231E7
positionEarthWRTCuriosity: 7.3680225657E7
positionEarthWRTCuriosity: 3.2098630037E7
owltEarthMSL2: 290.111
angSepHGAEarth: 140.004
utcTime: "2016-05-01~01:14:00"
sol: 1327
sclkValue: " 1/01327:23:13:15:08120"

2018-06-19 22:13:57,638 [radio] INFO  space.exploration.mars.rover.communication.Radio - One Way Light Time computed by SPICE :: 290.093
2018-06-19 22:13:57,645 [radio] INFO  space.exploration.mars.rover.communication.Radio - Message encryption successful.
2018-06-19 22:13:57,645 [radio] INFO  space.exploration.mars.rover.communication.Transmitter - Sending information packet to curiosity_to_earth_5
2018-06-19 22:14:00,646 [radio] INFO  space.exploration.mars.rover.kernel.Rover - Trying to reflect rover state.Listening State Software Version - 2.0
2018-06-19 22:14:00,647 [radio] INFO  space.exploration.mars.rover.communication.Receiver - Time Elapsed since last message = 45791
2018-06-19 22:14:00,647 [roverGarbageCollector] INFO  space.exploration.mars.rover.kernel.Rover - Trying to reflect rover state.Listening State Software Version - 2.0
2018-06-19 22:14:00,647 [batteryMonitor] INFO  space.exploration.mars.rover.power.BatteryMonitor - BatteryMonitor performing due diligence. SCET = 1529464440647 Rover state = Listening State
2018-06-19 22:14:00,648 [roverGarbageCollector] INFO  space.exploration.mars.rover.kernel.ListeningState - timeStamp: 1529463998302
targets {
  roverModule: 10
  estimatedPowerUsage: 70
  action: "GetWeather"
}

2018-06-19 22:14:00,716 [radio] INFO  space.exploration.mars.rover.kernel.PositionSensor - Houston - this is curiosityActual.ephemerisTime: 5.15337668185476E8
stateCuriosity: -3.3242837723E7
stateCuriosity: -7.3672521186E7
stateCuriosity: -3.2095614692E7
stateCuriosity: 0.781
stateCuriosity: 8.758
stateCuriosity: 2.868
owltMSLEarth: 290.083
stateEarth: 3.3244891475E7
stateEarth: 7.3677071011E7
stateEarth: 3.2097596639E7
stateEarth: -0.784
stateEarth: -8.765
stateEarth: -2.871
owltEarthMSL: 290.101
positionEarthWRTCuriosity: 3.3244891475E7
positionEarthWRTCuriosity: 7.3677071011E7
positionEarthWRTCuriosity: 3.2097596639E7
owltEarthMSL2: 290.101
angSepHGAEarth: 140.201
utcTime: "2016-05-01~01:20:00"
sol: 1327
sclkValue: " 1/01327:23:19:05:44915"

2018-06-19 22:14:00,750 [radio] INFO  space.exploration.mars.rover.kernel.PositionSensor - ephemerisTime: 5.15337668185476E8
stateCuriosity: -3.3242837723E7
stateCuriosity: -7.3672521186E7
stateCuriosity: -3.2095614692E7
stateCuriosity: 0.781
stateCuriosity: 8.758
stateCuriosity: 2.868
owltMSLEarth: 290.083
stateEarth: 3.3244891475E7
stateEarth: 7.3677071011E7
stateEarth: 3.2097596639E7
stateEarth: -0.784
stateEarth: -8.765
stateEarth: -2.871
owltEarthMSL: 290.101
positionEarthWRTCuriosity: 3.3244891475E7
positionEarthWRTCuriosity: 7.3677071011E7
positionEarthWRTCuriosity: 3.2097596639E7
owltEarthMSL2: 290.101
angSepHGAEarth: 140.201
utcTime: "2016-05-01~01:20:00"
sol: 1327
sclkValue: " 1/01327:23:19:05:44915"

2018-06-19 22:14:00,751 [radio] INFO  space.exploration.mars.rover.communication.Radio - One Way Light Time computed by SPICE :: 290.083
2018-06-19 22:14:06,670 [roverGarbageCollector] INFO  space.exploration.mars.rover.kernel.ListeningState - 1529464446670,10,GetWeather Current instructionQueue length = 5
2018-06-19 22:14:06,671 [roverGarbageCollector] INFO  space.exploration.mars.rover.kernel.ListeningState - Rover will try to get weather measurements - actual Curiosity Data
2018-06-19 22:14:06,671 [roverGarbageCollector] INFO  space.exploration.mars.rover.kernel.Rover - Trying to reflect rover state.Weather Sensing State Software Version - 2.0
2018-06-19 22:14:06,672 [roverGarbageCollector] INFO  space.exploration.mars.rover.kernel.WeatherSensingState - Will get mars weather measurements
2018-06-19 22:14:09,705 [roverGarbageCollector] INFO  space.exploration.mars.rover.kernel.Rover - Trying to reflect rover state.Transmitting State Software Version - 2.0
2018-06-19 22:14:15,790 [roverGarbageCollector] INFO  space.exploration.mars.rover.kernel.PositionSensor - Houston - this is curiosityActual.ephemerisTime: 5.15339468185475E8
stateCuriosity: -3.3241421088E7
stateCuriosity: -7.3656736339E7
stateCuriosity: -3.2090450893E7
stateCuriosity: 0.792
stateCuriosity: 8.781
stateCuriosity: 2.87
owltMSLEarth: 290.03
stateEarth: 3.3243469604E7
stateEarth: 7.3661273957E7
stateEarth: 3.2092427667E7
stateEarth: -0.795
stateEarth: -8.787
stateEarth: -2.873
owltEarthMSL: 290.048
positionEarthWRTCuriosity: 3.3243469604E7
positionEarthWRTCuriosity: 7.3661273957E7
positionEarthWRTCuriosity: 3.2092427667E7
owltEarthMSL2: 290.048
angSepHGAEarth: 140.591
utcTime: "2016-05-01~01:50:00"
sol: 1327
sclkValue: " 1/01327:23:48:17:28888"

2018-06-19 22:14:15,823 [roverGarbageCollector] INFO  space.exploration.mars.rover.kernel.PositionSensor - ephemerisTime: 5.15339468185475E8
stateCuriosity: -3.3241421088E7
stateCuriosity: -7.3656736339E7
stateCuriosity: -3.2090450893E7
stateCuriosity: 0.792
stateCuriosity: 8.781
stateCuriosity: 2.87
owltMSLEarth: 290.03
stateEarth: 3.3243469604E7
stateEarth: 7.3661273957E7
stateEarth: 3.2092427667E7
stateEarth: -0.795
stateEarth: -8.787
stateEarth: -2.873
owltEarthMSL: 290.048
positionEarthWRTCuriosity: 3.3243469604E7
positionEarthWRTCuriosity: 7.3661273957E7
positionEarthWRTCuriosity: 3.2092427667E7
owltEarthMSL2: 290.048
angSepHGAEarth: 140.591
utcTime: "2016-05-01~01:50:00"
sol: 1327
sclkValue: " 1/01327:23:48:17:28888"

2018-06-19 22:14:15,823 [roverGarbageCollector] INFO  space.exploration.mars.rover.communication.Radio - One Way Light Time computed by SPICE :: 290.03
2018-06-19 22:14:15,831 [roverGarbageCollector] INFO  space.exploration.mars.rover.communication.Radio - Message encryption successful.
2018-06-19 22:14:15,832 [roverGarbageCollector] INFO  space.exploration.mars.rover.communication.Transmitter - Sending information packet to curiosity_to_earth_5
2018-06-19 22:14:18,832 [roverGarbageCollector] INFO  space.exploration.mars.rover.kernel.Rover - Trying to reflect rover state.Listening State Software Version - 2.0
2018-06-19 22:14:18,834 [roverGarbageCollector] INFO  space.exploration.mars.rover.diagnostics.RoverGarbageCollector - RoverGC trimming instructionQueue. Current length = 5
2018-06-19 22:14:18,834 [radio] INFO  space.exploration.mars.rover.kernel.Rover - Trying to reflect rover state.Listening State Software Version - 2.0
2018-06-19 22:14:18,836 [radio] INFO  space.exploration.mars.rover.kernel.ListeningState - timeStamp: 1529464264990
targets {
  roverModule: 6
  action: "Update Software"
  auxiliaryData: "\tffffff\376?\022`https://storage.googleapis.com/rover_artifacts/softwareUpdates/mars.rover-1.8-SOLSHOT-shaded.jar\032Phttps://storage.googleapis.com/rover_artifacts/softwareUpdates/softwareLaunch.sh\"!mars.rover-1.8-SOLSHOT-shaded.jar*\021softwareLaunch.sh"
}

2018-06-19 22:14:24,856 [radio] INFO  space.exploration.mars.rover.kernel.ListeningState - 1529464464856,6,Update Software Current instructionQueue length = 5
2018-06-19 22:14:24,857 [radio] WARN  space.exploration.mars.rover.kernel.Rover - Updating software. This is always a bit tricky!
2018-06-19 22:14:24,858 [radio] INFO  space.exploration.mars.rover.kernel.Rover - Trying to reflect rover state.Maintenance State Software Version - 2.0
2018-06-19 22:14:24,858 [radio] INFO  space.exploration.mars.rover.kernel.ListeningState - Rover commencing software update.
2018-06-19 22:14:24,859 [radio] ERROR space.exploration.mars.rover.kernel.ListeningState - Software already up to date.
2018-06-19 22:14:24,860 [radio] INFO  space.exploration.mars.rover.communication.Receiver - Time Elapsed since last message = 24213
2018-06-19 22:14:24,860 [roverGarbageCollector] INFO  space.exploration.mars.rover.kernel.Rover - Trying to reflect rover state.Listening State Software Version - 2.0
2018-06-19 22:14:24,860 [batteryMonitor] INFO  space.exploration.mars.rover.power.BatteryMonitor -  Battery primaryUnits = 638 auxiliaryPowerUnits = 100
2018-06-19 22:14:24,862 [roverGarbageCollector] INFO  space.exploration.mars.rover.kernel.ListeningState - timeStamp: 1529464024827
targets {
  roverModule: 8
  estimatedPowerUsage: 20
  action: "ClickCamera"
  roverSubModule: "RHAZ"
}

2018-06-19 22:14:24,933 [radio] INFO  space.exploration.mars.rover.kernel.PositionSensor - Houston - this is curiosityActual.ephemerisTime: 5.15340548185475E8
stateCuriosity: -3.3240562143E7
stateCuriosity: -7.3647245756E7
stateCuriosity: -3.2087349894E7
stateCuriosity: 0.798
stateCuriosity: 8.795
stateCuriosity: 2.873
owltMSLEarth: 289.998
stateEarth: 3.3242607473E7
stateEarth: 7.3651775954E7
stateEarth: 3.2089323523E7
stateEarth: -0.801
stateEarth: -8.802
stateEarth: -2.876
owltEarthMSL: 290.016
positionEarthWRTCuriosity: 3.3242607473E7
positionEarthWRTCuriosity: 7.3651775954E7
positionEarthWRTCuriosity: 3.2089323523E7
owltEarthMSL2: 290.016
angSepHGAEarth: 140.343
utcTime: "2016-05-01~02:10:00"
sol: 1328
sclkValue: " 1/01328:00:05:48:39272"

2018-06-19 22:14:24,970 [radio] INFO  space.exploration.mars.rover.kernel.PositionSensor - ephemerisTime: 5.15340668185475E8
stateCuriosity: -3.3240466355E7
stateCuriosity: -7.3646190308E7
stateCuriosity: -3.2087005163E7
stateCuriosity: 0.799
stateCuriosity: 8.796
stateCuriosity: 2.873
owltMSLEarth: 289.995
stateEarth: 3.3242511329E7
stateEarth: 7.3650719678E7
stateEarth: 3.2088978441E7
stateEarth: -0.801
stateEarth: -8.803
stateEarth: -2.876
owltEarthMSL: 290.013
positionEarthWRTCuriosity: 3.3242511329E7
positionEarthWRTCuriosity: 7.3650719678E7
positionEarthWRTCuriosity: 3.2088978441E7
owltEarthMSL2: 290.013
angSepHGAEarth: 140.293
utcTime: "2016-05-01~02:10:00"
sol: 1328
sclkValue: " 1/01328:00:07:45:18204"

2018-06-19 22:14:24,970 [radio] INFO  space.exploration.mars.rover.communication.Radio - One Way Light Time computed by SPICE :: 289.998
2018-06-19 22:14:30,878 [roverGarbageCollector] INFO  space.exploration.mars.rover.kernel.ListeningState - 1529464470878,8,ClickCamera Current instructionQueue length = 5
2018-06-19 22:14:30,879 [roverGarbageCollector] INFO  space.exploration.mars.rover.kernel.ListeningState - Rover Curiosity is going to try to take pictures!
2018-06-19 22:14:30,879 [roverGarbageCollector] INFO  space.exploration.mars.rover.kernel.Rover - Trying to reflect rover state.Photographing State Software Version - 2.0
2018-06-19 22:14:36,724 [roverGarbageCollector] INFO  space.exploration.mars.rover.kernel.Rover - Trying to reflect rover state.Transmitting State Software Version - 2.0
2018-06-19 22:14:42,805 [roverGarbageCollector] INFO  space.exploration.mars.rover.kernel.PositionSensor - Houston - this is curiosityActual.ephemerisTime: 5.15342708185475E8
stateCuriosity: -3.3238829495E7
stateCuriosity: -7.3628218299E7
stateCuriosity: -3.2081137715E7
stateCuriosity: 0.806
stateCuriosity: 8.824
stateCuriosity: 2.88
owltMSLEarth: 289.935
stateEarth: 3.3240868404E7
stateEarth: 7.3632733555E7
stateEarth: 3.2083105013E7
stateEarth: -0.809
stateEarth: -8.831
stateEarth: -2.883
owltEarthMSL: 289.953
positionEarthWRTCuriosity: 3.3240868404E7
positionEarthWRTCuriosity: 7.3632733555E7
positionEarthWRTCuriosity: 3.2083105013E7
owltEarthMSL2: 289.953
angSepHGAEarth: 138.799
utcTime: "2016-05-01~02:44:00"
sol: 1328
sclkValue: " 1/01328:00:40:50:60041"

2018-06-19 22:14:42,840 [roverGarbageCollector] INFO  space.exploration.mars.rover.kernel.PositionSensor - ephemerisTime: 5.15342708185475E8
stateCuriosity: -3.3238829495E7
stateCuriosity: -7.3628218299E7
stateCuriosity: -3.2081137715E7
stateCuriosity: 0.806
stateCuriosity: 8.824
stateCuriosity: 2.88
owltMSLEarth: 289.935
stateEarth: 3.3240868404E7
stateEarth: 7.3632733555E7
stateEarth: 3.2083105013E7
stateEarth: -0.809
stateEarth: -8.831
stateEarth: -2.883
owltEarthMSL: 289.953
positionEarthWRTCuriosity: 3.3240868404E7
positionEarthWRTCuriosity: 7.3632733555E7
positionEarthWRTCuriosity: 3.2083105013E7
owltEarthMSL2: 289.953
angSepHGAEarth: 138.799
utcTime: "2016-05-01~02:44:00"
sol: 1328
sclkValue: " 1/01328:00:40:50:60041"

2018-06-19 22:14:42,840 [roverGarbageCollector] INFO  space.exploration.mars.rover.communication.Radio - One Way Light Time computed by SPICE :: 289.935
2018-06-19 22:14:43,474 [roverGarbageCollector] INFO  space.exploration.mars.rover.communication.Radio - Message encryption successful.
2018-06-19 22:14:43,475 [roverGarbageCollector] INFO  space.exploration.mars.rover.communication.Transmitter - Sending information packet to curiosity_to_earth_5
2018-06-19 22:14:46,476 [roverGarbageCollector] INFO  space.exploration.mars.rover.kernel.Rover - Trying to reflect rover state.Listening State Software Version - 2.0
2018-06-19 22:14:46,478 [roverGarbageCollector] INFO  space.exploration.mars.rover.diagnostics.RoverGarbageCollector - RoverGC trimming instructionQueue. Current length = 5
2018-06-19 22:14:46,478 [spacecraftClock] INFO  space.exploration.mars.rover.sensor.DANSpectrometer - Commencing calibration for DAN Spectrometer for sol = 1328
2018-06-19 22:14:46,878 [spacecraftClock] INFO  space.exploration.mars.rover.service.ApxsDataService - ApxsSpectrometer configured successfully for sol = 1328
2018-06-19 22:14:46,879 [radio] INFO  space.exploration.mars.rover.kernel.Rover - Trying to reflect rover state.Listening State Software Version - 2.0
2018-06-19 22:14:46,879 [radio] INFO  space.exploration.mars.rover.kernel.ListeningState - timeStamp: 1529464291511
targets {
  roverModule: 9
  estimatedPowerUsage: 20
  action: "PerformRadarScan"
}

2018-06-19 22:14:52,891 [radio] INFO  space.exploration.mars.rover.kernel.ListeningState - 1529464492891,9,PerformRadarScan Current instructionQueue length = 5
2018-06-19 22:14:52,892 [radio] INFO  space.exploration.mars.rover.kernel.ListeningState - Rover Curiosity will do a radarScan!
2018-06-19 22:14:52,893 [radio] INFO  space.exploration.mars.rover.kernel.Rover - Trying to reflect rover state.Radar Scanning State Software Version - 2.0
2018-06-19 22:15:40,493 [radio] INFO  space.exploration.mars.rover.kernel.Rover - Trying to reflect rover state.Transmitting State Software Version - 2.0
2018-06-19 22:15:46,578 [radio] INFO  space.exploration.mars.rover.kernel.PositionSensor - Houston - this is curiosityActual.ephemerisTime: 5.15350388185474E8
stateCuriosity: -3.3232648972E7
stateCuriosity: -7.3560051188E7
stateCuriosity: -3.2058854829E7
stateCuriosity: 0.793
stateCuriosity: 8.927
stateCuriosity: 2.928
owltMSLEarth: 289.707
stateEarth: 3.323466586E7
stateEarth: 7.3564515056E7
stateEarth: 3.2060800374E7
stateEarth: -0.796
stateEarth: -8.933
stateEarth: -2.931
owltEarthMSL: 289.724
positionEarthWRTCuriosity: 3.323466586E7
positionEarthWRTCuriosity: 7.3564515056E7
positionEarthWRTCuriosity: 3.2060800374E7
owltEarthMSL2: 289.724
angSepHGAEarth: 124.78
utcTime: "2016-05-01~04:52:00"
sol: 1328
sclkValue: " 1/01328:02:45:25:11661"

2018-06-19 22:15:46,611 [radio] INFO  space.exploration.mars.rover.kernel.PositionSensor - ephemerisTime: 5.15350388185474E8
stateCuriosity: -3.3232648972E7
stateCuriosity: -7.3560051188E7
stateCuriosity: -3.2058854829E7
stateCuriosity: 0.793
stateCuriosity: 8.927
stateCuriosity: 2.928
owltMSLEarth: 289.707
stateEarth: 3.323466586E7
stateEarth: 7.3564515056E7
stateEarth: 3.2060800374E7
stateEarth: -0.796
stateEarth: -8.933
stateEarth: -2.931
owltEarthMSL: 289.724
positionEarthWRTCuriosity: 3.323466586E7
positionEarthWRTCuriosity: 7.3564515056E7
positionEarthWRTCuriosity: 3.2060800374E7
owltEarthMSL2: 289.724
angSepHGAEarth: 124.78
utcTime: "2016-05-01~04:52:00"
sol: 1328
sclkValue: " 1/01328:02:45:25:11661"

2018-06-19 22:15:46,612 [radio] INFO  space.exploration.mars.rover.communication.Radio - One Way Light Time computed by SPICE :: 289.707
2018-06-19 22:15:46,619 [radio] INFO  space.exploration.mars.rover.communication.Radio - Message encryption successful.
2018-06-19 22:15:46,619 [radio] INFO  space.exploration.mars.rover.communication.Transmitter - Sending information packet to curiosity_to_earth_5
2018-06-19 22:15:49,620 [radio] INFO  space.exploration.mars.rover.kernel.Rover - Trying to reflect rover state.Listening State Software Version - 2.0
2018-06-19 22:15:49,621 [radio] INFO  space.exploration.mars.rover.communication.Receiver - Time Elapsed since last message = 84761
2018-06-19 22:15:49,621 [roverGarbageCollector] INFO  space.exploration.mars.rover.kernel.Rover - Trying to reflect rover state.Listening State Software Version - 2.0
2018-06-19 22:15:49,621 [batteryMonitor] INFO  space.exploration.mars.rover.power.BatteryMonitor - BatteryMonitor performing due diligence. SCET = 1529464549621 Rover state = Listening State
2018-06-19 22:15:49,623 [roverGarbageCollector] INFO  space.exploration.mars.rover.kernel.ListeningState - timeStamp: 1529464161056
targets {
  roverModule: 6
  action: "Request Rover Logs"
  auxiliaryData: "\n\023yyyy-MM-dd~HH:mm:ss\022\0232018-06-19~22:09:21\032\0232018-06-20~00:00:00"
}

2018-06-19 22:15:49,694 [radio] INFO  space.exploration.mars.rover.kernel.PositionSensor - Houston - this is curiosityActual.ephemerisTime: 5.15350748185474E8
stateCuriosity: -3.3232363701E7
stateCuriosity: -7.3556836739E7
stateCuriosity: -3.205780022E7
stateCuriosity: 0.791
stateCuriosity: 8.931
stateCuriosity: 2.931
owltMSLEarth: 289.696
stateEarth: 3.3234379634E7
stateEarth: 7.3561298361E7
stateEarth: 3.2059744815E7
stateEarth: -0.794
stateEarth: -8.937
stateEarth: -2.934
owltEarthMSL: 289.714
positionEarthWRTCuriosity: 3.3234379634E7
positionEarthWRTCuriosity: 7.3561298361E7
positionEarthWRTCuriosity: 3.2059744815E7
owltEarthMSL2: 289.714
angSepHGAEarth: 123.908
utcTime: "2016-05-01~04:58:00"
sol: 1328
sclkValue: " 1/01328:02:51:15:48456"

2018-06-19 22:15:49,728 [radio] INFO  space.exploration.mars.rover.kernel.PositionSensor - ephemerisTime: 5.15350748185474E8
stateCuriosity: -3.3232363701E7
stateCuriosity: -7.3556836739E7
stateCuriosity: -3.205780022E7
stateCuriosity: 0.791
stateCuriosity: 8.931
stateCuriosity: 2.931
owltMSLEarth: 289.696
stateEarth: 3.3234379634E7
stateEarth: 7.3561298361E7
stateEarth: 3.2059744815E7
stateEarth: -0.794
stateEarth: -8.937
stateEarth: -2.934
owltEarthMSL: 289.714
positionEarthWRTCuriosity: 3.3234379634E7
positionEarthWRTCuriosity: 7.3561298361E7
positionEarthWRTCuriosity: 3.2059744815E7
owltEarthMSL2: 289.714
angSepHGAEarth: 123.908
utcTime: "2016-05-01~04:58:00"
sol: 1328
sclkValue: " 1/01328:02:51:15:48456"

2018-06-19 22:15:49,728 [radio] INFO  space.exploration.mars.rover.communication.Radio - One Way Light Time computed by SPICE :: 289.696
2018-06-19 22:15:55,641 [roverGarbageCollector] INFO  space.exploration.mars.rover.kernel.ListeningState - 1529464555641,6,Request Rover Logs Current instructionQueue length = 4
2018-06-19 22:15:55,642 [roverGarbageCollector] INFO  space.exploration.mars.rover.kernel.ListeningState - Requesting logs in date format = yyyy-MM-dd~HH:mm:ss
2018-06-19 22:15:55,643 [roverGarbageCollector] INFO  space.exploration.mars.rover.kernel.ListeningState - Start date = 2018-06-19~22:09:21 End date = 2018-06-20~00:00:00
2018-06-19 22:15:55,651 [roverGarbageCollector] INFO  space.exploration.mars.rover.kernel.Rover - Trying to reflect rover state.Transmitting State Software Version - 2.0
2018-06-19 22:16:01,737 [roverGarbageCollector] INFO  space.exploration.mars.rover.kernel.PositionSensor - Houston - this is curiosityActual.ephemerisTime: 5.15352188185474E8
stateCuriosity: -3.323123096E7
stateCuriosity: -7.3543963202E7
stateCuriosity: -3.2053570995E7
stateCuriosity: 0.782
stateCuriosity: 8.948
stateCuriosity: 2.943
owltMSLEarth: 289.653
stateEarth: 3.3233243169E7
stateEarth: 7.3548416062E7
stateEarth: 3.2055511888E7
stateEarth: -0.784
stateEarth: -8.954
stateEarth: -2.946
owltEarthMSL: 289.671
positionEarthWRTCuriosity: 3.3233243169E7
positionEarthWRTCuriosity: 7.3548416062E7
positionEarthWRTCuriosity: 3.2055511888E7
owltEarthMSL2: 289.671
angSepHGAEarth: 120.306
utcTime: "2016-05-01~05:22:00"
sol: 1328
sclkValue: " 1/01328:03:14:36:95635"

2018-06-19 22:16:01,771 [roverGarbageCollector] INFO  space.exploration.mars.rover.kernel.PositionSensor - ephemerisTime: 5.15352188185474E8
stateCuriosity: -3.323123096E7
stateCuriosity: -7.3543963202E7
stateCuriosity: -3.2053570995E7
stateCuriosity: 0.782
stateCuriosity: 8.948
stateCuriosity: 2.943
owltMSLEarth: 289.653
stateEarth: 3.3233243169E7
stateEarth: 7.3548416062E7
stateEarth: 3.2055511888E7
stateEarth: -0.784
stateEarth: -8.954
stateEarth: -2.946
owltEarthMSL: 289.671
positionEarthWRTCuriosity: 3.3233243169E7
positionEarthWRTCuriosity: 7.3548416062E7
positionEarthWRTCuriosity: 3.2055511888E7
owltEarthMSL2: 289.671
angSepHGAEarth: 120.306
utcTime: "2016-05-01~05:22:00"
sol: 1328
sclkValue: " 1/01328:03:14:36:95635"

2018-06-19 22:16:01,771 [roverGarbageCollector] INFO  space.exploration.mars.rover.communication.Radio - One Way Light Time computed by SPICE :: 289.653
2018-06-19 22:16:01,959 [roverGarbageCollector] INFO  space.exploration.mars.rover.communication.Radio - Message encryption successful.
2018-06-19 22:16:01,960 [roverGarbageCollector] INFO  space.exploration.mars.rover.communication.Transmitter - Sending information packet to curiosity_to_earth_5
2018-06-19 22:16:04,960 [roverGarbageCollector] INFO  space.exploration.mars.rover.kernel.Rover - Trying to reflect rover state.Listening State Software Version - 2.0
2018-06-19 22:16:04,961 [roverGarbageCollector] INFO  space.exploration.mars.rover.diagnostics.RoverGarbageCollector - RoverGC trimming instructionQueue. Current length = 4
2018-06-19 22:16:04,961 [radio] INFO  space.exploration.mars.rover.kernel.Rover - Trying to reflect rover state.Listening State Software Version - 2.0
2018-06-19 22:16:04,963 [radio] INFO  space.exploration.mars.rover.kernel.ListeningState - timeStamp: 1529464318025
targets {
  roverModule: 9
  estimatedPowerUsage: 20
  action: "PerformRadarScan"
}

2018-06-19 22:16:10,983 [radio] INFO  space.exploration.mars.rover.kernel.ListeningState - 1529464570983,9,PerformRadarScan Current instructionQueue length = 4
2018-06-19 22:16:10,983 [radio] INFO  space.exploration.mars.rover.kernel.ListeningState - Rover Curiosity will do a radarScan!
2018-06-19 22:16:10,984 [radio] INFO  space.exploration.mars.rover.kernel.Rover - Trying to reflect rover state.Radar Scanning State Software Version - 2.0
2018-06-19 22:16:58,606 [radio] INFO  space.exploration.mars.rover.kernel.Rover - Trying to reflect rover state.Transmitting State Software Version - 2.0
2018-06-19 22:17:04,654 [radio] INFO  space.exploration.mars.rover.kernel.PositionSensor - Houston - this is curiosityActual.ephemerisTime: 5.15359748185472E8
stateCuriosity: -3.3225607936E7
stateCuriosity: -7.3476030717E7
stateCuriosity: -3.203105975E7
stateCuriosity: 0.698
stateCuriosity: 9.016
stateCuriosity: 3.013
owltMSLEarth: 289.426
stateEarth: 3.3227604015E7
stateEarth: 7.3480444909E7
stateEarth: 3.2032984354E7
stateEarth: -0.699
stateEarth: -9.02
stateEarth: -3.015
owltEarthMSL: 289.444
positionEarthWRTCuriosity: 3.3227604015E7
positionEarthWRTCuriosity: 7.3480444909E7
positionEarthWRTCuriosity: 3.2032984354E7
owltEarthMSL2: 289.444
angSepHGAEarth: 99.695
utcTime: "2016-05-01~07:28:00"
sol: 1328
sclkValue: " 1/01328:05:17:14:68324"

2018-06-19 22:17:04,700 [radio] INFO  space.exploration.mars.rover.kernel.PositionSensor - ephemerisTime: 5.15359748185472E8
stateCuriosity: -3.3225607936E7
stateCuriosity: -7.3476030717E7
stateCuriosity: -3.203105975E7
stateCuriosity: 0.698
stateCuriosity: 9.016
stateCuriosity: 3.013
owltMSLEarth: 289.426
stateEarth: 3.3227604015E7
stateEarth: 7.3480444909E7
stateEarth: 3.2032984354E7
stateEarth: -0.699
stateEarth: -9.02
stateEarth: -3.015
owltEarthMSL: 289.444
positionEarthWRTCuriosity: 3.3227604015E7
positionEarthWRTCuriosity: 7.3480444909E7
positionEarthWRTCuriosity: 3.2032984354E7
owltEarthMSL2: 289.444
angSepHGAEarth: 99.695
utcTime: "2016-05-01~07:28:00"
sol: 1328
sclkValue: " 1/01328:05:17:14:68324"

2018-06-19 22:17:04,701 [radio] INFO  space.exploration.mars.rover.communication.Radio - One Way Light Time computed by SPICE :: 289.426
2018-06-19 22:17:04,708 [radio] INFO  space.exploration.mars.rover.communication.Radio - Message encryption successful.
2018-06-19 22:17:04,708 [radio] INFO  space.exploration.mars.rover.communication.Transmitter - Sending information packet to curiosity_to_earth_5
2018-06-19 22:17:07,709 [radio] INFO  space.exploration.mars.rover.kernel.Rover - Trying to reflect rover state.Listening State Software Version - 2.0
2018-06-19 22:17:07,710 [batteryMonitor] INFO  space.exploration.mars.rover.power.BatteryMonitor -  Battery primaryUnits = 578 auxiliaryPowerUnits = 100
2018-06-19 22:17:07,710 [roverGarbageCollector] INFO  space.exploration.mars.rover.kernel.Rover - Trying to reflect rover state.Listening State Software Version - 2.0
2018-06-19 22:17:07,710 [radio] INFO  space.exploration.mars.rover.communication.Receiver - Time Elapsed since last message = 78088
2018-06-19 22:17:07,712 [roverGarbageCollector] INFO  space.exploration.mars.rover.kernel.ListeningState - timeStamp: 1529464237178
targets {
  roverModule: 6
  action: "Request Rover Logs"
  auxiliaryData: "\n\023yyyy-MM-dd~HH:mm:ss\022\0232018-06-19~22:10:37\032\0232018-06-20~00:00:00"
}

2018-06-19 22:17:07,754 [radio] INFO  space.exploration.mars.rover.kernel.PositionSensor - Houston - this is curiosityActual.ephemerisTime: 5.15360108185472E8
stateCuriosity: -3.3225357759E7
stateCuriosity: -7.3472784754E7
stateCuriosity: -3.202997439E7
stateCuriosity: 0.692
stateCuriosity: 9.018
stateCuriosity: 3.017
owltMSLEarth: 289.416
stateEarth: 3.3227353238E7
stateEarth: 7.3477197464E7
stateEarth: 3.2031898372E7
stateEarth: -0.694
stateEarth: -9.022
stateEarth: -3.018
owltEarthMSL: 289.433
positionEarthWRTCuriosity: 3.3227353238E7
positionEarthWRTCuriosity: 7.3477197464E7
positionEarthWRTCuriosity: 3.2031898372E7
owltEarthMSL2: 289.433
angSepHGAEarth: 98.685
utcTime: "2016-05-01~07:34:00"
sol: 1328
sclkValue: " 1/01328:05:23:05:05118"

2018-06-19 22:17:07,789 [radio] INFO  space.exploration.mars.rover.kernel.PositionSensor - ephemerisTime: 5.15360108185472E8
stateCuriosity: -3.3225357759E7
stateCuriosity: -7.3472784754E7
stateCuriosity: -3.202997439E7
stateCuriosity: 0.692
stateCuriosity: 9.018
stateCuriosity: 3.017
owltMSLEarth: 289.416
stateEarth: 3.3227353238E7
stateEarth: 7.3477197464E7
stateEarth: 3.2031898372E7
stateEarth: -0.694
stateEarth: -9.022
stateEarth: -3.018
owltEarthMSL: 289.433
positionEarthWRTCuriosity: 3.3227353238E7
positionEarthWRTCuriosity: 7.3477197464E7
positionEarthWRTCuriosity: 3.2031898372E7
owltEarthMSL2: 289.433
angSepHGAEarth: 98.685
utcTime: "2016-05-01~07:34:00"
sol: 1328
sclkValue: " 1/01328:05:23:05:05118"

2018-06-19 22:17:07,789 [radio] INFO  space.exploration.mars.rover.communication.Radio - One Way Light Time computed by SPICE :: 289.416
2018-06-19 22:17:13,732 [roverGarbageCollector] INFO  space.exploration.mars.rover.kernel.ListeningState - 1529464633732,6,Request Rover Logs Current instructionQueue length = 3
2018-06-19 22:17:13,733 [roverGarbageCollector] INFO  space.exploration.mars.rover.kernel.ListeningState - Requesting logs in date format = yyyy-MM-dd~HH:mm:ss
2018-06-19 22:17:13,734 [roverGarbageCollector] INFO  space.exploration.mars.rover.kernel.ListeningState - Start date = 2018-06-19~22:10:37 End date = 2018-06-20~00:00:00
2018-06-19 22:17:13,742 [roverGarbageCollector] INFO  space.exploration.mars.rover.kernel.Rover - Trying to reflect rover state.Transmitting State Software Version - 2.0
2018-06-19 22:17:19,829 [roverGarbageCollector] INFO  space.exploration.mars.rover.kernel.PositionSensor - Houston - this is curiosityActual.ephemerisTime: 5.15361548185472E8
stateCuriosity: -3.3224376191E7
stateCuriosity: -7.345979449E7
stateCuriosity: -3.2025620873E7
stateCuriosity: 0.671
stateCuriosity: 9.024
stateCuriosity: 3.03
owltMSLEarth: 289.372
stateEarth: 3.3226369436E7
stateEarth: 7.3464201636E7
stateEarth: 3.2027542524E7
stateEarth: -0.672
stateEarth: -9.028
stateEarth: -3.031
owltEarthMSL: 289.39
positionEarthWRTCuriosity: 3.3226369436E7
positionEarthWRTCuriosity: 7.3464201636E7
positionEarthWRTCuriosity: 3.2027542524E7
owltEarthMSL2: 289.39
angSepHGAEarth: 94.653
utcTime: "2016-05-01~07:58:00"
sol: 1328
sclkValue: " 1/01328:05:46:26:52297"

2018-06-19 22:17:19,862 [roverGarbageCollector] INFO  space.exploration.mars.rover.kernel.PositionSensor - ephemerisTime: 5.15361548185472E8
stateCuriosity: -3.3224376191E7
stateCuriosity: -7.345979449E7
stateCuriosity: -3.2025620873E7
stateCuriosity: 0.671
stateCuriosity: 9.024
stateCuriosity: 3.03
owltMSLEarth: 289.372
stateEarth: 3.3226369436E7
stateEarth: 7.3464201636E7
stateEarth: 3.2027542524E7
stateEarth: -0.672
stateEarth: -9.028
stateEarth: -3.031
owltEarthMSL: 289.39
positionEarthWRTCuriosity: 3.3226369436E7
positionEarthWRTCuriosity: 7.3464201636E7
positionEarthWRTCuriosity: 3.2027542524E7
owltEarthMSL2: 289.39
angSepHGAEarth: 94.653
utcTime: "2016-05-01~07:58:00"
sol: 1328
sclkValue: " 1/01328:05:46:26:52297"

2018-06-19 22:17:19,863 [roverGarbageCollector] INFO  space.exploration.mars.rover.communication.Radio - One Way Light Time computed by SPICE :: 289.372
2018-06-19 22:17:20,082 [roverGarbageCollector] INFO  space.exploration.mars.rover.communication.Radio - Message encryption successful.
2018-06-19 22:17:20,082 [roverGarbageCollector] INFO  space.exploration.mars.rover.communication.Transmitter - Sending information packet to curiosity_to_earth_5
2018-06-19 22:17:23,083 [roverGarbageCollector] INFO  space.exploration.mars.rover.kernel.Rover - Trying to reflect rover state.Listening State Software Version - 2.0
2018-06-19 22:17:23,084 [roverGarbageCollector] INFO  space.exploration.mars.rover.diagnostics.RoverGarbageCollector - RoverGC trimming instructionQueue. Current length = 3
2018-06-19 22:17:23,084 [radio] INFO  space.exploration.mars.rover.kernel.Rover - Trying to reflect rover state.Listening State Software Version - 2.0
2018-06-19 22:17:23,085 [radio] INFO  space.exploration.mars.rover.kernel.ListeningState - timeStamp: 1529464344542
targets {
  roverModule: 10
  estimatedPowerUsage: 70
  action: "GetSeasonalWeather"
}

2018-06-19 22:17:29,105 [radio] INFO  space.exploration.mars.rover.kernel.ListeningState - 1529464649105,10,GetSeasonalWeather Current instructionQueue length = 3
2018-06-19 22:17:29,106 [radio] INFO  space.exploration.mars.rover.kernel.ListeningState - Rover will try to get weather measurements - actual Curiosity Data
2018-06-19 22:17:29,107 [radio] INFO  space.exploration.mars.rover.kernel.Rover - Trying to reflect rover state.Weather Sensing State Software Version - 2.0
2018-06-19 22:17:29,108 [radio] INFO  space.exploration.mars.rover.kernel.WeatherSensingState - Will get mars weather measurements
2018-06-19 22:17:32,139 [radio] INFO  space.exploration.mars.rover.kernel.Rover - Trying to reflect rover state.Transmitting State Software Version - 2.0
2018-06-19 22:17:38,224 [radio] INFO  space.exploration.mars.rover.kernel.PositionSensor - Houston - this is curiosityActual.ephemerisTime: 5.15363828185472E8
stateCuriosity: -3.3222888226E7
stateCuriosity: -7.3439211469E7
stateCuriosity: -3.2018689292E7
stateCuriosity: 0.634
stateCuriosity: 9.03
stateCuriosity: 3.05
owltMSLEarth: 289.304
stateEarth: 3.3224878497E7
stateEarth: 7.3443611013E7
stateEarth: 3.2020607772E7
stateEarth: -0.635
stateEarth: -9.033
stateEarth: -3.051
owltEarthMSL: 289.321
positionEarthWRTCuriosity: 3.3224878497E7
positionEarthWRTCuriosity: 7.3443611013E7
positionEarthWRTCuriosity: 3.2020607772E7
owltEarthMSL2: 289.321
angSepHGAEarth: 88.333
utcTime: "2016-05-01~08:36:00"
sol: 1328
sclkValue: " 1/01328:06:23:25:51997"

2018-06-19 22:17:38,259 [radio] INFO  space.exploration.mars.rover.kernel.PositionSensor - ephemerisTime: 5.15363828185472E8
stateCuriosity: -3.3222888226E7
stateCuriosity: -7.3439211469E7
stateCuriosity: -3.2018689292E7
stateCuriosity: 0.634
stateCuriosity: 9.03
stateCuriosity: 3.05
owltMSLEarth: 289.304
stateEarth: 3.3224878497E7
stateEarth: 7.3443611013E7
stateEarth: 3.2020607772E7
stateEarth: -0.635
stateEarth: -9.033
stateEarth: -3.051
owltEarthMSL: 289.321
positionEarthWRTCuriosity: 3.3224878497E7
positionEarthWRTCuriosity: 7.3443611013E7
positionEarthWRTCuriosity: 3.2020607772E7
owltEarthMSL2: 289.321
angSepHGAEarth: 88.333
utcTime: "2016-05-01~08:36:00"
sol: 1328
sclkValue: " 1/01328:06:23:25:51997"

2018-06-19 22:17:38,259 [radio] INFO  space.exploration.mars.rover.communication.Radio - One Way Light Time computed by SPICE :: 289.304
2018-06-19 22:17:38,267 [radio] INFO  space.exploration.mars.rover.communication.Radio - Message encryption successful.
2018-06-19 22:17:38,267 [radio] INFO  space.exploration.mars.rover.communication.Transmitter - Sending information packet to curiosity_to_earth_5
2018-06-19 22:17:41,268 [radio] INFO  space.exploration.mars.rover.kernel.Rover - Trying to reflect rover state.Listening State Software Version - 2.0
2018-06-19 22:17:41,269 [radio] INFO  space.exploration.mars.rover.communication.Receiver - Time Elapsed since last message = 33555
2018-06-19 22:17:41,269 [roverGarbageCollector] INFO  space.exploration.mars.rover.kernel.Rover - Trying to reflect rover state.Listening State Software Version - 2.0
2018-06-19 22:17:41,271 [roverGarbageCollector] INFO  space.exploration.mars.rover.kernel.ListeningState - timeStamp: 1529464322692
targets {
  roverModule: 6
  action: "Request Rover Logs"
  auxiliaryData: "\n\023yyyy-MM-dd~HH:mm:ss\022\0232018-06-19~22:12:02\032\0232018-06-20~00:00:00"
}

2018-06-19 22:17:41,342 [radio] INFO  space.exploration.mars.rover.kernel.PositionSensor - Houston - this is curiosityActual.ephemerisTime: 5.15364188185472E8
stateCuriosity: -3.3222661052E7
stateCuriosity: -7.3435960503E7
stateCuriosity: -3.2017590665E7
stateCuriosity: 0.628
stateCuriosity: 9.031
stateCuriosity: 3.053
owltMSLEarth: 289.293
stateEarth: 3.3224650918E7
stateEarth: 7.3440358983E7
stateEarth: 3.2019508703E7
stateEarth: -0.629
stateEarth: -9.034
stateEarth: -3.054
owltEarthMSL: 289.31
positionEarthWRTCuriosity: 3.3224650918E7
positionEarthWRTCuriosity: 7.3440358983E7
positionEarthWRTCuriosity: 3.2019508703E7
owltEarthMSL2: 289.31
angSepHGAEarth: 87.347
utcTime: "2016-05-01~08:42:00"
sol: 1328
sclkValue: " 1/01328:06:29:15:88792"

2018-06-19 22:17:41,378 [radio] INFO  space.exploration.mars.rover.kernel.PositionSensor - ephemerisTime: 5.15364188185472E8
stateCuriosity: -3.3222661052E7
stateCuriosity: -7.3435960503E7
stateCuriosity: -3.2017590665E7
stateCuriosity: 0.628
stateCuriosity: 9.031
stateCuriosity: 3.053
owltMSLEarth: 289.293
stateEarth: 3.3224650918E7
stateEarth: 7.3440358983E7
stateEarth: 3.2019508703E7
stateEarth: -0.629
stateEarth: -9.034
stateEarth: -3.054
owltEarthMSL: 289.31
positionEarthWRTCuriosity: 3.3224650918E7
positionEarthWRTCuriosity: 7.3440358983E7
positionEarthWRTCuriosity: 3.2019508703E7
owltEarthMSL2: 289.31
angSepHGAEarth: 87.347
utcTime: "2016-05-01~08:42:00"
sol: 1328
sclkValue: " 1/01328:06:29:15:88792"

2018-06-19 22:17:41,378 [radio] INFO  space.exploration.mars.rover.communication.Radio - One Way Light Time computed by SPICE :: 289.293
2018-06-19 22:17:47,283 [roverGarbageCollector] INFO  space.exploration.mars.rover.kernel.ListeningState - 1529464667283,6,Request Rover Logs Current instructionQueue length = 3
2018-06-19 22:17:47,283 [roverGarbageCollector] INFO  space.exploration.mars.rover.kernel.ListeningState - Requesting logs in date format = yyyy-MM-dd~HH:mm:ss
2018-06-19 22:17:47,284 [roverGarbageCollector] INFO  space.exploration.mars.rover.kernel.ListeningState - Start date = 2018-06-19~22:12:02 End date = 2018-06-20~00:00:00
