2018-06-30 23:37:12,631 [radio] INFO  space.exploration.mars.rover.kernel.ListeningState - timeStamp: 1530419675643
targets {
  roverModule: 10
  estimatedPowerUsage: 70
  action: "GetSeasonalWeather"
}

2018-06-30 23:37:18,638 [radio] INFO  space.exploration.mars.rover.kernel.ListeningState - 1530419838638,10,GetSeasonalWeather Current instructionQueue length = 0
2018-06-30 23:37:18,639 [radio] INFO  space.exploration.mars.rover.kernel.ListeningState - Rover will try to get weather measurements - actual Curiosity Data
2018-06-30 23:37:18,639 [radio] INFO  space.exploration.mars.rover.kernel.Rover - Trying to reflect rover state.Weather Sensing State Software Version - 2.0
2018-06-30 23:37:18,639 [radio] INFO  space.exploration.mars.rover.kernel.WeatherSensingState - Will get mars weather measurements
2018-06-30 23:37:21,648 [radio] ERROR space.exploration.mars.rover.sensor.WeatherSensor - REMS sensor is calibrating. Please wait for a while.
2018-06-30 23:37:21,648 [radio] INFO  space.exploration.mars.rover.kernel.Rover - Trying to reflect rover state.Transmitting State Software Version - 2.0
2018-06-30 23:37:27,685 [radio] INFO  space.exploration.mars.rover.kernel.PositionSensor - Houston - this is curiosityActual.ephemerisTime: 5.15431028185462E8
stateCuriosity: -3.3196615048E7
stateCuriosity: -7.2853178278E7
stateCuriosity: -3.1818468744E7
stateCuriosity: 0.552
stateCuriosity: 8.662
stateCuriosity: 2.811
owltMSLEarth: 287.369
stateEarth: 3.3198560083E7
stateEarth: 7.2857445691E7
stateEarth: 3.182033244E7
stateEarth: -0.555
stateEarth: -8.669
stateEarth: -2.814
owltEarthMSL: 287.386
positionEarthWRTCuriosity: 3.3198560083E7
positionEarthWRTCuriosity: 7.2857445691E7
positionEarthWRTCuriosity: 3.182033244E7
owltEarthMSL2: 287.386
angSepHGAEarth: 139.29
utcTime: "2016-05-02~03:16:00"
sol: 1329
sclkValue: " 1/01329:00:33:27:53677"

2018-06-30 23:37:27,742 [radio] INFO  space.exploration.mars.rover.kernel.PositionSensor - ephemerisTime: 5.15431028185462E8
stateCuriosity: -3.3196615048E7
stateCuriosity: -7.2853178278E7
stateCuriosity: -3.1818468744E7
stateCuriosity: 0.552
stateCuriosity: 8.662
stateCuriosity: 2.811
owltMSLEarth: 287.369
stateEarth: 3.3198560083E7
stateEarth: 7.2857445691E7
stateEarth: 3.182033244E7
stateEarth: -0.555
stateEarth: -8.669
stateEarth: -2.814
owltEarthMSL: 287.386
positionEarthWRTCuriosity: 3.3198560083E7
positionEarthWRTCuriosity: 7.2857445691E7
positionEarthWRTCuriosity: 3.182033244E7
owltEarthMSL2: 287.386
angSepHGAEarth: 139.29
utcTime: "2016-05-02~03:16:00"
sol: 1329
sclkValue: " 1/01329:00:33:27:53677"

2018-06-30 23:37:27,742 [radio] INFO  space.exploration.mars.rover.communication.Radio - One Way Light Time computed by SPICE :: 287.369
2018-06-30 23:37:27,752 [radio] INFO  space.exploration.mars.rover.communication.Radio - Message encryption successful.
2018-06-30 23:37:27,752 [radio] INFO  space.exploration.mars.rover.communication.Transmitter - Sending information packet to curiosity_to_earth_5
2018-06-30 23:37:30,752 [radio] INFO  space.exploration.mars.rover.kernel.Rover - Trying to reflect rover state.Listening State Software Version - 2.0
2018-06-30 23:37:30,753 [radio] INFO  space.exploration.mars.rover.communication.Receiver - Time Elapsed since last message = 27671
2018-06-30 23:37:30,753 [batteryMonitor] INFO  space.exploration.mars.rover.power.BatteryMonitor - BatteryMonitor performing due diligence. SCET = 1530419844006 Rover state = Listening State
2018-06-30 23:37:30,756 [batteryMonitor] INFO  space.exploration.mars.rover.power.BatteryMonitor -  Battery primaryUnits = 128 auxiliaryPowerUnits = 100
2018-06-30 23:37:30,825 [radio] INFO  space.exploration.mars.rover.kernel.PositionSensor - Houston - this is curiosityActual.ephemerisTime: 5.15431388185462E8
stateCuriosity: -3.3196416018E7
stateCuriosity: -7.2850058951E7
stateCuriosity: -3.1817456626E7
stateCuriosity: 0.553
stateCuriosity: 8.667
stateCuriosity: 2.812
owltMSLEarth: 287.359
stateEarth: 3.3198359981E7
stateEarth: 7.285432389E7
stateEarth: 3.1819319271E7
stateEarth: -0.556
stateEarth: -8.674
stateEarth: -2.815
owltEarthMSL: 287.376
positionEarthWRTCuriosity: 3.3198359981E7
positionEarthWRTCuriosity: 7.285432389E7
positionEarthWRTCuriosity: 3.1819319271E7
owltEarthMSL2: 287.376
angSepHGAEarth: 138.927
utcTime: "2016-05-02~03:22:00"
sol: 1329
sclkValue: " 1/01329:00:39:17:90471"

2018-06-30 23:37:30,860 [radio] INFO  space.exploration.mars.rover.kernel.PositionSensor - ephemerisTime: 5.15431388185462E8
stateCuriosity: -3.3196416018E7
stateCuriosity: -7.2850058951E7
stateCuriosity: -3.1817456626E7
stateCuriosity: 0.553
stateCuriosity: 8.667
stateCuriosity: 2.812
owltMSLEarth: 287.359
stateEarth: 3.3198359981E7
stateEarth: 7.285432389E7
stateEarth: 3.1819319271E7
stateEarth: -0.556
stateEarth: -8.674
stateEarth: -2.815
owltEarthMSL: 287.376
positionEarthWRTCuriosity: 3.3198359981E7
positionEarthWRTCuriosity: 7.285432389E7
positionEarthWRTCuriosity: 3.1819319271E7
owltEarthMSL2: 287.376
angSepHGAEarth: 138.927
utcTime: "2016-05-02~03:22:00"
sol: 1329
sclkValue: " 1/01329:00:39:17:90471"

2018-06-30 23:37:30,861 [radio] INFO  space.exploration.mars.rover.communication.Radio - One Way Light Time computed by SPICE :: 287.359
2018-06-30 23:37:31,276 [radio] INFO  space.exploration.mars.rover.kernel.Rover - Trying to reflect rover state.Listening State Software Version - 2.0
2018-06-30 23:37:31,277 [radio] INFO  space.exploration.mars.rover.kernel.ListeningState - timeStamp: 1530419677163
targets {
  roverModule: 11
  action: "GetSclkInformation"
}

2018-06-30 23:37:37,290 [radio] INFO  space.exploration.mars.rover.kernel.ListeningState - 1530419857290,11,GetSclkInformation Current instructionQueue length = 1
2018-06-30 23:37:37,291 [radio] INFO  space.exploration.mars.rover.kernel.ListeningState - Rover will get detailed spacecraftClock information. Houston, this is CuriosityActual.
2018-06-30 23:37:37,292 [radio] INFO  space.exploration.mars.rover.kernel.Rover - Trying to reflect rover state.SclkTiming State Software Version - 2.0
2018-06-30 23:37:37,292 [radio] INFO  space.exploration.mars.rover.kernel.SpacecraftClock - Internal time::2016-05-02T03:36:00.000-05:00 sclk of::1/01329:00:52:55:42992
2018-06-30 23:37:37,293 [radio] INFO  space.exploration.mars.rover.kernel.Rover - Trying to reflect rover state.Transmitting State Software Version - 2.0
2018-06-30 23:37:43,337 [radio] INFO  space.exploration.mars.rover.kernel.PositionSensor - Houston - this is curiosityActual.ephemerisTime: 5.15432948185461E8
stateCuriosity: -3.319555047E7
stateCuriosity: -7.2836521463E7
stateCuriosity: -3.1813064263E7
stateCuriosity: 0.556
stateCuriosity: 8.689
stateCuriosity: 2.819
owltMSLEarth: 287.314
stateEarth: 3.3197489802E7
stateEarth: 7.2840775707E7
stateEarth: 3.1814922363E7
stateEarth: -0.559
stateEarth: -8.695
stateEarth: -2.822
owltEarthMSL: 287.331
positionEarthWRTCuriosity: 3.3197489802E7
positionEarthWRTCuriosity: 7.2840775707E7
positionEarthWRTCuriosity: 3.1814922363E7
owltEarthMSL2: 287.331
angSepHGAEarth: 136.964
utcTime: "2016-05-02~03:48:00"
sol: 1329
sclkValue: " 1/01329:01:04:36:16582"

2018-06-30 23:37:43,371 [radio] INFO  space.exploration.mars.rover.kernel.PositionSensor - ephemerisTime: 5.15432948185461E8
stateCuriosity: -3.319555047E7
stateCuriosity: -7.2836521463E7
stateCuriosity: -3.1813064263E7
stateCuriosity: 0.556
stateCuriosity: 8.689
stateCuriosity: 2.819
owltMSLEarth: 287.314
stateEarth: 3.3197489802E7
stateEarth: 7.2840775707E7
stateEarth: 3.1814922363E7
stateEarth: -0.559
stateEarth: -8.695
stateEarth: -2.822
owltEarthMSL: 287.331
positionEarthWRTCuriosity: 3.3197489802E7
positionEarthWRTCuriosity: 7.2840775707E7
positionEarthWRTCuriosity: 3.1814922363E7
owltEarthMSL2: 287.331
angSepHGAEarth: 136.964
utcTime: "2016-05-02~03:48:00"
sol: 1329
sclkValue: " 1/01329:01:04:36:16582"

2018-06-30 23:37:43,371 [radio] INFO  space.exploration.mars.rover.communication.Radio - One Way Light Time computed by SPICE :: 287.314
2018-06-30 23:37:43,382 [radio] INFO  space.exploration.mars.rover.communication.Radio - Message encryption successful.
2018-06-30 23:37:43,382 [radio] INFO  space.exploration.mars.rover.communication.Transmitter - Sending information packet to curiosity_to_earth_5
2018-06-30 23:37:46,383 [radio] INFO  space.exploration.mars.rover.kernel.Rover - Trying to reflect rover state.Listening State Software Version - 2.0
2018-06-30 23:37:46,384 [roverGarbageCollector] INFO  space.exploration.mars.rover.diagnostics.RoverGarbageCollector - RoverGC trimming instructionQueue. Current length = 1
2018-06-30 23:37:46,385 [roverGarbageCollector] INFO  space.exploration.mars.rover.kernel.Rover - Trying to reflect rover state.Listening State Software Version - 2.0
2018-06-30 23:37:46,384 [radio] INFO  space.exploration.mars.rover.communication.Receiver - Time Elapsed since last message = 15630
2018-06-30 23:37:46,385 [roverGarbageCollector] INFO  space.exploration.mars.rover.kernel.ListeningState - timeStamp: 1530419832630
targets {
  roverModule: 6
  action: "Request Rover Logs"
  auxiliaryData: "\n\023yyyy-MM-dd~HH:mm:ss\022\0232018-06-30~23:37:12\032\0232018-07-01~00:00:00"
}

2018-06-30 23:37:46,460 [radio] INFO  space.exploration.mars.rover.kernel.PositionSensor - Houston - this is curiosityActual.ephemerisTime: 5.15433308185461E8
stateCuriosity: -3.3195350286E7
stateCuriosity: -7.2833392696E7
stateCuriosity: -3.1812048974E7
stateCuriosity: 0.556
stateCuriosity: 8.693
stateCuriosity: 2.821
owltMSLEarth: 287.304
stateEarth: 3.3197288554E7
stateEarth: 7.2837644484E7
stateEarth: 3.181390603E7
stateEarth: -0.559
stateEarth: -8.7
stateEarth: -2.824
owltEarthMSL: 287.321
positionEarthWRTCuriosity: 3.3197288554E7
positionEarthWRTCuriosity: 7.2837644484E7
positionEarthWRTCuriosity: 3.181390603E7
owltEarthMSL2: 287.321
angSepHGAEarth: 136.427
utcTime: "2016-05-02~03:54:00"
sol: 1329
sclkValue: " 1/01329:01:10:26:53376"

2018-06-30 23:37:46,493 [radio] INFO  space.exploration.mars.rover.kernel.PositionSensor - ephemerisTime: 5.15433308185461E8
stateCuriosity: -3.3195350286E7
stateCuriosity: -7.2833392696E7
stateCuriosity: -3.1812048974E7
stateCuriosity: 0.556
stateCuriosity: 8.693
stateCuriosity: 2.821
owltMSLEarth: 287.304
stateEarth: 3.3197288554E7
stateEarth: 7.2837644484E7
stateEarth: 3.181390603E7
stateEarth: -0.559
stateEarth: -8.7
stateEarth: -2.824
owltEarthMSL: 287.321
positionEarthWRTCuriosity: 3.3197288554E7
positionEarthWRTCuriosity: 7.2837644484E7
positionEarthWRTCuriosity: 3.181390603E7
owltEarthMSL2: 287.321
angSepHGAEarth: 136.427
utcTime: "2016-05-02~03:54:00"
sol: 1329
sclkValue: " 1/01329:01:10:26:53376"

2018-06-30 23:37:46,494 [radio] INFO  space.exploration.mars.rover.communication.Radio - One Way Light Time computed by SPICE :: 287.304
2018-06-30 23:37:52,402 [roverGarbageCollector] INFO  space.exploration.mars.rover.kernel.ListeningState - 1530419872402,6,Request Rover Logs Current instructionQueue length = 0
2018-06-30 23:37:52,404 [roverGarbageCollector] INFO  space.exploration.mars.rover.kernel.ListeningState - Requesting logs in date format = yyyy-MM-dd~HH:mm:ss
2018-06-30 23:37:52,405 [roverGarbageCollector] INFO  space.exploration.mars.rover.kernel.ListeningState - Start date = 2018-06-30~23:37:12 End date = 2018-07-01~00:00:00
