2018-06-30 22:44:58,389 [radio] INFO  space.exploration.mars.rover.kernel.ListeningState - timeStamp: 1530416676282
targets {
  roverModule: 5
  estimatedPowerUsage: 30
  action: "Explore"
}

2018-06-30 22:45:04,406 [radio] INFO  space.exploration.mars.rover.kernel.ListeningState - 1530416704406,5,Explore Current instructionQueue length = 1
2018-06-30 22:45:04,407 [radio] INFO  space.exploration.mars.rover.kernel.ListeningState - Rover Curiosity is on a scientific mission!
2018-06-30 22:45:04,407 [radio] INFO  space.exploration.mars.rover.kernel.Rover - Trying to reflect rover state.ApxsSensingState Software Version - 2.0
2018-06-30 22:45:19,414 [radio] INFO  space.exploration.mars.rover.kernel.Rover - Trying to reflect rover state.Transmitting State Software Version - 2.0
2018-06-30 22:45:25,499 [radio] INFO  space.exploration.mars.rover.kernel.PositionSensor - Houston - this is curiosityActual.ephemerisTime: 5.15346308185474E8
stateCuriosity: -3.3235921474E7
stateCuriosity: -7.3596364429E7
stateCuriosity: -3.2070738602E7
stateCuriosity: 0.808
stateCuriosity: 8.873
stateCuriosity: 2.899
owltMSLEarth: 289.828
stateEarth: 3.3237949773E7
stateEarth: 7.3600854977E7
stateEarth: 3.2072695435E7
stateEarth: -0.811
stateEarth: -8.88
stateEarth: -2.901
owltEarthMSL: 289.846
positionEarthWRTCuriosity: 3.3237949773E7
positionEarthWRTCuriosity: 7.3600854977E7
positionEarthWRTCuriosity: 3.2072695435E7
owltEarthMSL2: 289.846
angSepHGAEarth: 133.555
utcTime: "2016-05-01~03:44:00"
sol: 1328
sclkValue: " 1/01328:01:39:14:27988"

2018-06-30 22:45:25,532 [radio] INFO  space.exploration.mars.rover.kernel.PositionSensor - ephemerisTime: 5.15346308185474E8
stateCuriosity: -3.3235921474E7
stateCuriosity: -7.3596364429E7
stateCuriosity: -3.2070738602E7
stateCuriosity: 0.808
stateCuriosity: 8.873
stateCuriosity: 2.899
owltMSLEarth: 289.828
stateEarth: 3.3237949773E7
stateEarth: 7.3600854977E7
stateEarth: 3.2072695435E7
stateEarth: -0.811
stateEarth: -8.88
stateEarth: -2.901
owltEarthMSL: 289.846
positionEarthWRTCuriosity: 3.3237949773E7
positionEarthWRTCuriosity: 7.3600854977E7
positionEarthWRTCuriosity: 3.2072695435E7
owltEarthMSL2: 289.846
angSepHGAEarth: 133.555
utcTime: "2016-05-01~03:44:00"
sol: 1328
sclkValue: " 1/01328:01:39:14:27988"

2018-06-30 22:45:25,533 [radio] INFO  space.exploration.mars.rover.communication.Radio - One Way Light Time computed by SPICE :: 289.828
2018-06-30 22:45:25,541 [radio] INFO  space.exploration.mars.rover.communication.Radio - Message encryption successful.
2018-06-30 22:45:25,542 [radio] INFO  space.exploration.mars.rover.communication.Transmitter - Sending information packet to curiosity_to_earth_5
2018-06-30 22:45:28,542 [radio] INFO  space.exploration.mars.rover.kernel.Rover - Trying to reflect rover state.Listening State Software Version - 2.0
2018-06-30 22:45:28,543 [batteryMonitor] INFO  space.exploration.mars.rover.power.BatteryMonitor -  Battery primaryUnits = 737 auxiliaryPowerUnits = 100
2018-06-30 22:45:28,543 [radio] INFO  space.exploration.mars.rover.communication.Receiver - Time Elapsed since last message = 30758
2018-06-30 22:45:28,543 [roverGarbageCollector] INFO  space.exploration.mars.rover.kernel.Rover - Trying to reflect rover state.Listening State Software Version - 2.0
2018-06-30 22:45:28,545 [roverGarbageCollector] INFO  space.exploration.mars.rover.kernel.ListeningState - timeStamp: 1530416623795
targets {
  roverModule: 6
  action: "Request Rover Logs"
  auxiliaryData: "\n\023yyyy-MM-dd~HH:mm:ss\022\0232018-06-30~22:43:43\032\0232018-07-01~00:00:00"
}

2018-06-30 22:45:28,583 [radio] INFO  space.exploration.mars.rover.kernel.PositionSensor - Houston - this is curiosityActual.ephemerisTime: 5.15346668185474E8
stateCuriosity: -3.3235630786E7
stateCuriosity: -7.3593169257E7
stateCuriosity: -3.2069694689E7
stateCuriosity: 0.807
stateCuriosity: 8.878
stateCuriosity: 2.901
owltMSLEarth: 289.818
stateEarth: 3.3237658043E7
stateEarth: 7.3597657377E7
stateEarth: 3.2071650494E7
stateEarth: -0.81
stateEarth: -8.885
stateEarth: -2.904
owltEarthMSL: 289.835
positionEarthWRTCuriosity: 3.3237658043E7
positionEarthWRTCuriosity: 7.3597657377E7
positionEarthWRTCuriosity: 3.2071650494E7
owltEarthMSL2: 289.835
angSepHGAEarth: 132.881
utcTime: "2016-05-01~03:50:00"
sol: 1328
sclkValue: " 1/01328:01:45:04:64782"

2018-06-30 22:45:28,619 [radio] INFO  space.exploration.mars.rover.kernel.PositionSensor - ephemerisTime: 5.15346668185474E8
stateCuriosity: -3.3235630786E7
stateCuriosity: -7.3593169257E7
stateCuriosity: -3.2069694689E7
stateCuriosity: 0.807
stateCuriosity: 8.878
stateCuriosity: 2.901
owltMSLEarth: 289.818
stateEarth: 3.3237658043E7
stateEarth: 7.3597657377E7
stateEarth: 3.2071650494E7
stateEarth: -0.81
stateEarth: -8.885
stateEarth: -2.904
owltEarthMSL: 289.835
positionEarthWRTCuriosity: 3.3237658043E7
positionEarthWRTCuriosity: 7.3597657377E7
positionEarthWRTCuriosity: 3.2071650494E7
owltEarthMSL2: 289.835
angSepHGAEarth: 132.881
utcTime: "2016-05-01~03:50:00"
sol: 1328
sclkValue: " 1/01328:01:45:04:64782"

2018-06-30 22:45:28,619 [radio] INFO  space.exploration.mars.rover.communication.Radio - One Way Light Time computed by SPICE :: 289.818
2018-06-30 22:45:34,559 [roverGarbageCollector] INFO  space.exploration.mars.rover.kernel.ListeningState - 1530416734559,6,Request Rover Logs Current instructionQueue length = 1
2018-06-30 22:45:34,560 [roverGarbageCollector] INFO  space.exploration.mars.rover.kernel.ListeningState - Requesting logs in date format = yyyy-MM-dd~HH:mm:ss
2018-06-30 22:45:34,561 [roverGarbageCollector] INFO  space.exploration.mars.rover.kernel.ListeningState - Start date = 2018-06-30~22:43:43 End date = 2018-07-01~00:00:00
2018-06-30 22:45:34,566 [roverGarbageCollector] INFO  space.exploration.mars.rover.kernel.Rover - Trying to reflect rover state.Transmitting State Software Version - 2.0
2018-06-30 22:45:40,653 [roverGarbageCollector] INFO  space.exploration.mars.rover.kernel.PositionSensor - Houston - this is curiosityActual.ephemerisTime: 5.15348108185474E8
stateCuriosity: -3.3234470724E7
stateCuriosity: -7.3580371022E7
stateCuriosity: -3.2065510493E7
stateCuriosity: 0.804
stateCuriosity: 8.897
stateCuriosity: 2.911
owltMSLEarth: 289.775
stateEarth: 3.3236493875E7
stateEarth: 7.3584849554E7
stateEarth: 3.206746224E7
stateEarth: -0.806
stateEarth: -8.904
stateEarth: -2.913
owltEarthMSL: 289.792
positionEarthWRTCuriosity: 3.3236493875E7
positionEarthWRTCuriosity: 7.3584849554E7
positionEarthWRTCuriosity: 3.206746224E7
owltEarthMSL2: 289.792
angSepHGAEarth: 129.97
utcTime: "2016-05-01~04:14:00"
sol: 1328
sclkValue: " 1/01328:02:08:26:11961"

2018-06-30 22:45:40,686 [roverGarbageCollector] INFO  space.exploration.mars.rover.kernel.PositionSensor - ephemerisTime: 5.15348108185474E8
stateCuriosity: -3.3234470724E7
stateCuriosity: -7.3580371022E7
stateCuriosity: -3.2065510493E7
stateCuriosity: 0.804
stateCuriosity: 8.897
stateCuriosity: 2.911
owltMSLEarth: 289.775
stateEarth: 3.3236493875E7
stateEarth: 7.3584849554E7
stateEarth: 3.206746224E7
stateEarth: -0.806
stateEarth: -8.904
stateEarth: -2.913
owltEarthMSL: 289.792
positionEarthWRTCuriosity: 3.3236493875E7
positionEarthWRTCuriosity: 7.3584849554E7
positionEarthWRTCuriosity: 3.206746224E7
owltEarthMSL2: 289.792
angSepHGAEarth: 129.97
utcTime: "2016-05-01~04:14:00"
sol: 1328
sclkValue: " 1/01328:02:08:26:11961"

2018-06-30 22:45:40,686 [roverGarbageCollector] INFO  space.exploration.mars.rover.communication.Radio - One Way Light Time computed by SPICE :: 289.775
2018-06-30 22:45:40,713 [roverGarbageCollector] INFO  space.exploration.mars.rover.communication.Radio - Message encryption successful.
2018-06-30 22:45:40,714 [roverGarbageCollector] INFO  space.exploration.mars.rover.communication.Transmitter - Sending information packet to curiosity_to_earth_5
2018-06-30 22:45:43,714 [roverGarbageCollector] INFO  space.exploration.mars.rover.kernel.Rover - Trying to reflect rover state.Listening State Software Version - 2.0
2018-06-30 22:45:43,715 [roverGarbageCollector] INFO  space.exploration.mars.rover.diagnostics.RoverGarbageCollector - RoverGC trimming instructionQueue. Current length = 1
2018-06-30 22:45:43,715 [radio] INFO  space.exploration.mars.rover.kernel.Rover - Trying to reflect rover state.Listening State Software Version - 2.0
2018-06-30 22:45:43,716 [radio] INFO  space.exploration.mars.rover.kernel.ListeningState - timeStamp: 1530416702788
targets {
  roverModule: 6
  action: "Update Software"
  auxiliaryData: "\tffffff\376?\022`https://storage.googleapis.com/rover_artifacts/softwareUpdates/mars.rover-1.8-SOLSHOT-shaded.jar\032Phttps://storage.googleapis.com/rover_artifacts/softwareUpdates/softwareLaunch.sh\"!mars.rover-1.8-SOLSHOT-shaded.jar*\021softwareLaunch.sh"
}

2018-06-30 22:45:49,731 [radio] INFO  space.exploration.mars.rover.kernel.ListeningState - 1530416749731,6,Update Software Current instructionQueue length = 1
2018-06-30 22:45:49,732 [radio] WARN  space.exploration.mars.rover.kernel.Rover - Updating software. This is always a bit tricky!
2018-06-30 22:45:49,733 [radio] INFO  space.exploration.mars.rover.kernel.Rover - Trying to reflect rover state.Maintenance State Software Version - 2.0
2018-06-30 22:45:49,733 [radio] INFO  space.exploration.mars.rover.kernel.ListeningState - Rover commencing software update.
2018-06-30 22:45:49,733 [radio] ERROR space.exploration.mars.rover.kernel.ListeningState - Software already up to date.
2018-06-30 22:45:49,734 [radio] INFO  space.exploration.mars.rover.communication.Receiver - Time Elapsed since last message = 21190
2018-06-30 22:45:49,734 [roverGarbageCollector] INFO  space.exploration.mars.rover.kernel.Rover - Trying to reflect rover state.Listening State Software Version - 2.0
2018-06-30 22:45:49,735 [roverGarbageCollector] INFO  space.exploration.mars.rover.kernel.ListeningState - timeStamp: 1530416698388
targets {
  roverModule: 6
  action: "Request Rover Logs"
  auxiliaryData: "\n\023yyyy-MM-dd~HH:mm:ss\022\0232018-06-30~22:44:58\032\0232018-07-01~00:00:00"
}

2018-06-30 22:45:49,803 [radio] INFO  space.exploration.mars.rover.kernel.PositionSensor - Houston - this is curiosityActual.ephemerisTime: 5.15349188185474E8
stateCuriosity: -3.323360491E7
stateCuriosity: -7.3570754221E7
stateCuriosity: -3.2062362741E7
stateCuriosity: 0.8
stateCuriosity: 8.912
stateCuriosity: 2.919
owltMSLEarth: 289.743
stateEarth: 3.3235625053E7
stateEarth: 7.3575225718E7
stateEarth: 3.2064311512E7
stateEarth: -0.802
stateEarth: -8.918
stateEarth: -2.921
owltEarthMSL: 289.76
positionEarthWRTCuriosity: 3.3235625053E7
positionEarthWRTCuriosity: 7.3575225718E7
positionEarthWRTCuriosity: 3.2064311512E7
owltEarthMSL2: 289.76
angSepHGAEarth: 127.589
utcTime: "2016-05-01~04:32:00"
sol: 1328
sclkValue: " 1/01328:02:25:57:22345"

2018-06-30 22:45:49,836 [radio] INFO  space.exploration.mars.rover.kernel.PositionSensor - ephemerisTime: 5.15349188185474E8
stateCuriosity: -3.323360491E7
stateCuriosity: -7.3570754221E7
stateCuriosity: -3.2062362741E7
stateCuriosity: 0.8
stateCuriosity: 8.912
stateCuriosity: 2.919
owltMSLEarth: 289.743
stateEarth: 3.3235625053E7
stateEarth: 7.3575225718E7
stateEarth: 3.2064311512E7
stateEarth: -0.802
stateEarth: -8.918
stateEarth: -2.921
owltEarthMSL: 289.76
positionEarthWRTCuriosity: 3.3235625053E7
positionEarthWRTCuriosity: 7.3575225718E7
positionEarthWRTCuriosity: 3.2064311512E7
owltEarthMSL2: 289.76
angSepHGAEarth: 127.589
utcTime: "2016-05-01~04:32:00"
sol: 1328
sclkValue: " 1/01328:02:25:57:22345"

2018-06-30 22:45:49,836 [radio] INFO  space.exploration.mars.rover.communication.Radio - One Way Light Time computed by SPICE :: 289.743
2018-06-30 22:45:55,752 [roverGarbageCollector] INFO  space.exploration.mars.rover.kernel.ListeningState - 1530416755752,6,Request Rover Logs Current instructionQueue length = 0
2018-06-30 22:45:55,753 [roverGarbageCollector] INFO  space.exploration.mars.rover.kernel.ListeningState - Requesting logs in date format = yyyy-MM-dd~HH:mm:ss
2018-06-30 22:45:55,753 [roverGarbageCollector] INFO  space.exploration.mars.rover.kernel.ListeningState - Start date = 2018-06-30~22:44:58 End date = 2018-07-01~00:00:00
