2018-06-30 23:07:18,009 [batteryMonitor] INFO  space.exploration.mars.rover.power.BatteryMonitor - BatteryMonitor performing due diligence. SCET = 1530418038009 Rover state = Listening State
2018-06-30 23:07:18,010 [batteryMonitor] INFO  space.exploration.mars.rover.power.BatteryMonitor -  Battery primaryUnits = 1106 auxiliaryPowerUnits = 100
2018-06-30 23:07:18,010 [batteryMonitor] INFO  space.exploration.mars.rover.power.BatteryMonitor - BatteryMonitor performing due diligence. SCET = 1530418038010 Rover state = Listening State
2018-06-30 23:07:18,010 [pacemaker] INFO  space.exploration.mars.rover.kernel.Rover - Trying to reflect rover state.Transmitting State Software Version - 2.0
2018-06-30 23:07:24,095 [pacemaker] INFO  space.exploration.mars.rover.kernel.PositionSensor - Houston - this is curiosityActual.ephemerisTime: 5.15436908185461E8
stateCuriosity: -3.3193353152E7
stateCuriosity: -7.2802007851E7
stateCuriosity: -3.1801854167E7
stateCuriosity: 0.551
stateCuriosity: 8.742
stateCuriosity: 2.844
owltMSLEarth: 287.2
stateEarth: 3.3195281024E7
stateEarth: 7.2806235579E7
stateEarth: 3.1803701006E7
stateEarth: -0.554
stateEarth: -8.749
stateEarth: -2.846
owltEarthMSL: 287.217
positionEarthWRTCuriosity: 3.3195281024E7
positionEarthWRTCuriosity: 7.2806235579E7
positionEarthWRTCuriosity: 3.1803701006E7
owltEarthMSL2: 287.217
angSepHGAEarth: 129.665
utcTime: "2016-05-02~04:54:00"
sol: 1329
sclkValue: " 1/01329:02:08:50:21324"

2018-06-30 23:07:24,129 [pacemaker] INFO  space.exploration.mars.rover.kernel.PositionSensor - ephemerisTime: 5.15436908185461E8
stateCuriosity: -3.3193353152E7
stateCuriosity: -7.2802007851E7
stateCuriosity: -3.1801854167E7
stateCuriosity: 0.551
stateCuriosity: 8.742
stateCuriosity: 2.844
owltMSLEarth: 287.2
stateEarth: 3.3195281024E7
stateEarth: 7.2806235579E7
stateEarth: 3.1803701006E7
stateEarth: -0.554
stateEarth: -8.749
stateEarth: -2.846
owltEarthMSL: 287.217
positionEarthWRTCuriosity: 3.3195281024E7
positionEarthWRTCuriosity: 7.2806235579E7
positionEarthWRTCuriosity: 3.1803701006E7
owltEarthMSL2: 287.217
angSepHGAEarth: 129.665
utcTime: "2016-05-02~04:54:00"
sol: 1329
sclkValue: " 1/01329:02:08:50:21324"

2018-06-30 23:07:24,130 [pacemaker] INFO  space.exploration.mars.rover.communication.Radio - One Way Light Time computed by SPICE :: 287.2
2018-06-30 23:07:24,137 [pacemaker] INFO  space.exploration.mars.rover.communication.Radio - Message encryption successful.
2018-06-30 23:07:24,137 [pacemaker] INFO  space.exploration.mars.rover.communication.Transmitter - Sending information packet to curiosity_to_earth_5
2018-06-30 23:07:27,138 [pacemaker] INFO  space.exploration.mars.rover.kernel.Rover - Trying to reflect rover state.Listening State Software Version - 2.0
2018-06-30 23:07:27,139 [radio] INFO  space.exploration.mars.rover.kernel.Rover - Trying to reflect rover state.Listening State Software Version - 2.0
2018-06-30 23:07:27,139 [radio] INFO  space.exploration.mars.rover.kernel.ListeningState - timeStamp: 1530417990948
targets {
  roverModule: 11
  action: "GetSclkInformation"
}

2018-06-30 23:07:33,160 [radio] INFO  space.exploration.mars.rover.kernel.ListeningState - 1530418053160,11,GetSclkInformation Current instructionQueue length = 1
2018-06-30 23:07:33,161 [radio] INFO  space.exploration.mars.rover.kernel.ListeningState - Rover will get detailed spacecraftClock information. Houston, this is CuriosityActual.
2018-06-30 23:07:33,162 [radio] INFO  space.exploration.mars.rover.kernel.Rover - Trying to reflect rover state.SclkTiming State Software Version - 2.0
2018-06-30 23:07:33,162 [radio] INFO  space.exploration.mars.rover.kernel.SpacecraftClock - Internal time::2016-05-02T05:12:00.000-05:00 sclk of::1/01329:02:26:21:31708
2018-06-30 23:07:33,163 [radio] INFO  space.exploration.mars.rover.kernel.Rover - Trying to reflect rover state.Transmitting State Software Version - 2.0
2018-06-30 23:07:39,215 [radio] INFO  space.exploration.mars.rover.kernel.PositionSensor - Houston - this is curiosityActual.ephemerisTime: 5.1543870818546E8
stateCuriosity: -3.3192367791E7
stateCuriosity: -7.2786250782E7
stateCuriosity: -3.179672341E7
stateCuriosity: 0.543
stateCuriosity: 8.765
stateCuriosity: 2.857
owltMSLEarth: 287.148
stateEarth: 3.3194290708E7
stateEarth: 7.2790467003E7
stateEarth: 3.1798565366E7
stateEarth: -0.546
stateEarth: -8.772
stateEarth: -2.86
owltEarthMSL: 287.165
positionEarthWRTCuriosity: 3.3194290708E7
positionEarthWRTCuriosity: 7.2790467003E7
positionEarthWRTCuriosity: 3.1798565366E7
owltEarthMSL2: 287.165
angSepHGAEarth: 125.549
utcTime: "2016-05-02~05:24:00"
sol: 1329
sclkValue: " 1/01329:02:38:02:05297"

2018-06-30 23:07:39,248 [radio] INFO  space.exploration.mars.rover.kernel.PositionSensor - ephemerisTime: 5.1543870818546E8
stateCuriosity: -3.3192367791E7
stateCuriosity: -7.2786250782E7
stateCuriosity: -3.179672341E7
stateCuriosity: 0.543
stateCuriosity: 8.765
stateCuriosity: 2.857
owltMSLEarth: 287.148
stateEarth: 3.3194290708E7
stateEarth: 7.2790467003E7
stateEarth: 3.1798565366E7
stateEarth: -0.546
stateEarth: -8.772
stateEarth: -2.86
owltEarthMSL: 287.165
positionEarthWRTCuriosity: 3.3194290708E7
positionEarthWRTCuriosity: 7.2790467003E7
positionEarthWRTCuriosity: 3.1798565366E7
owltEarthMSL2: 287.165
angSepHGAEarth: 125.549
utcTime: "2016-05-02~05:24:00"
sol: 1329
sclkValue: " 1/01329:02:38:02:05297"

2018-06-30 23:07:39,248 [radio] INFO  space.exploration.mars.rover.communication.Radio - One Way Light Time computed by SPICE :: 287.148
2018-06-30 23:07:39,256 [radio] INFO  space.exploration.mars.rover.communication.Radio - Message encryption successful.
2018-06-30 23:07:39,256 [radio] INFO  space.exploration.mars.rover.communication.Transmitter - Sending information packet to curiosity_to_earth_5
2018-06-30 23:07:42,257 [radio] INFO  space.exploration.mars.rover.kernel.Rover - Trying to reflect rover state.Listening State Software Version - 2.0
2018-06-30 23:07:42,257 [batteryMonitor] INFO  space.exploration.mars.rover.power.BatteryMonitor -  Battery primaryUnits = 1106 auxiliaryPowerUnits = 100
2018-06-30 23:07:42,258 [roverGarbageCollector] INFO  space.exploration.mars.rover.diagnostics.RoverGarbageCollector - RoverGC trimming instructionQueue. Current length = 1
2018-06-30 23:07:42,259 [roverGarbageCollector] INFO  space.exploration.mars.rover.kernel.Rover - Trying to reflect rover state.Listening State Software Version - 2.0
2018-06-30 23:07:42,257 [radio] INFO  space.exploration.mars.rover.communication.Receiver - Time Elapsed since last message = 24601
2018-06-30 23:07:42,259 [roverGarbageCollector] INFO  space.exploration.mars.rover.kernel.ListeningState - timeStamp: 1530418038009
targets {
  roverModule: 6
  action: "Request Rover Logs"
  auxiliaryData: "\n\023yyyy-MM-dd~HH:mm:ss\022\0232018-06-30~23:07:18\032\0232018-07-01~00:00:00"
}

2018-06-30 23:07:42,328 [radio] INFO  space.exploration.mars.rover.kernel.PositionSensor - Houston - this is curiosityActual.ephemerisTime: 5.1543906818546E8
stateCuriosity: -3.3192172576E7
stateCuriosity: -7.2783094412E7
stateCuriosity: -3.1795694252E7
stateCuriosity: 0.541
stateCuriosity: 8.77
stateCuriosity: 2.86
owltMSLEarth: 287.138
stateEarth: 3.3194094529E7
stateEarth: 7.2787308387E7
stateEarth: 3.1797535255E7
stateEarth: -0.544
stateEarth: -8.776
stateEarth: -2.863
owltEarthMSL: 287.154
positionEarthWRTCuriosity: 3.3194094529E7
positionEarthWRTCuriosity: 7.2787308387E7
positionEarthWRTCuriosity: 3.1797535255E7
owltEarthMSL2: 287.154
angSepHGAEarth: 124.682
utcTime: "2016-05-02~05:32:00"
sol: 1329
sclkValue: " 1/01329:02:43:52:42092"

2018-06-30 23:07:42,362 [radio] INFO  space.exploration.mars.rover.kernel.PositionSensor - ephemerisTime: 5.1543918818546E8
stateCuriosity: -3.3192107665E7
stateCuriosity: -7.2782041931E7
stateCuriosity: -3.1795350968E7
stateCuriosity: 0.541
stateCuriosity: 8.771
stateCuriosity: 2.861
owltMSLEarth: 287.134
stateEarth: 3.3194029298E7
stateEarth: 7.2786255161E7
stateEarth: 3.1797191655E7
stateEarth: -0.543
stateEarth: -8.778
stateEarth: -2.864
owltEarthMSL: 287.151
positionEarthWRTCuriosity: 3.3194029298E7
positionEarthWRTCuriosity: 7.2786255161E7
positionEarthWRTCuriosity: 3.1797191655E7
owltEarthMSL2: 287.151
angSepHGAEarth: 124.39
utcTime: "2016-05-02~05:32:00"
sol: 1329
sclkValue: " 1/01329:02:45:49:21023"

2018-06-30 23:07:42,362 [radio] INFO  space.exploration.mars.rover.communication.Radio - One Way Light Time computed by SPICE :: 287.138
2018-06-30 23:07:48,285 [roverGarbageCollector] INFO  space.exploration.mars.rover.kernel.ListeningState - 1530418068285,6,Request Rover Logs Current instructionQueue length = 0
2018-06-30 23:07:48,286 [roverGarbageCollector] INFO  space.exploration.mars.rover.kernel.ListeningState - Requesting logs in date format = yyyy-MM-dd~HH:mm:ss
2018-06-30 23:07:48,286 [roverGarbageCollector] INFO  space.exploration.mars.rover.kernel.ListeningState - Start date = 2018-06-30~23:07:18 End date = 2018-07-01~00:00:00
