2018-07-06 22:49:06,524 [radio] INFO  space.exploration.mars.rover.kernel.ListeningState - timeStamp: 1530935324865
targets {
  roverModule: 5
  estimatedPowerUsage: 30
  action: "Explore"
}

2018-07-06 22:49:06,596 [pacemaker] INFO  space.exploration.mars.rover.kernel.PositionSensor - Houston - this is curiosityActual.ephemerisTime: 5.15341748185475E8
stateCuriosity: -3.3239601571E7
stateCuriosity: -7.3636682684E7
stateCuriosity: -3.2083900654E7
stateCuriosity: 0.803
stateCuriosity: 8.811
stateCuriosity: 2.876
owltMSLEarth: 289.963
stateEarth: 3.3241643337E7
stateEarth: 7.3641204588E7
stateEarth: 3.2085870769E7
stateEarth: -0.806
stateEarth: -8.817
stateEarth: -2.879
owltEarthMSL: 289.981
positionEarthWRTCuriosity: 3.3241643337E7
positionEarthWRTCuriosity: 7.3641204588E7
positionEarthWRTCuriosity: 3.2085870769E7
owltEarthMSL2: 289.981
angSepHGAEarth: 139.652
utcTime: "2016-05-01~02:28:00"
sol: 1328
sclkValue: " 1/01328:00:25:16:28588"

2018-07-06 22:49:06,631 [pacemaker] INFO  space.exploration.mars.rover.kernel.PositionSensor - ephemerisTime: 5.15341748185475E8
stateCuriosity: -3.3239601571E7
stateCuriosity: -7.3636682684E7
stateCuriosity: -3.2083900654E7
stateCuriosity: 0.803
stateCuriosity: 8.811
stateCuriosity: 2.876
owltMSLEarth: 289.963
stateEarth: 3.3241643337E7
stateEarth: 7.3641204588E7
stateEarth: 3.2085870769E7
stateEarth: -0.806
stateEarth: -8.817
stateEarth: -2.879
owltEarthMSL: 289.981
positionEarthWRTCuriosity: 3.3241643337E7
positionEarthWRTCuriosity: 7.3641204588E7
positionEarthWRTCuriosity: 3.2085870769E7
owltEarthMSL2: 289.981
angSepHGAEarth: 139.652
utcTime: "2016-05-01~02:28:00"
sol: 1328
sclkValue: " 1/01328:00:25:16:28588"

2018-07-06 22:49:12,541 [radio] INFO  space.exploration.mars.rover.kernel.ListeningState - 1530935352541,5,Explore Current instructionQueue length = 0
2018-07-06 22:49:12,542 [radio] INFO  space.exploration.mars.rover.kernel.ListeningState - Rover Curiosity is on a scientific mission!
2018-07-06 22:49:12,543 [radio] INFO  space.exploration.mars.rover.kernel.Rover - Trying to reflect rover state.ApxsSensingState Software Version - 2.0
2018-07-06 22:49:27,551 [radio] INFO  space.exploration.mars.rover.kernel.Rover - Trying to reflect rover state.Transmitting State Software Version - 2.0
2018-07-06 22:49:33,635 [radio] INFO  space.exploration.mars.rover.kernel.PositionSensor - Houston - this is curiosityActual.ephemerisTime: 5.15344988185475E8
stateCuriosity: -3.32369884E7
stateCuriosity: -7.3608064876E7
stateCuriosity: -3.2074559579E7
stateCuriosity: 0.809
stateCuriosity: 8.855
stateCuriosity: 2.891
owltMSLEarth: 289.867
stateEarth: 3.3239020555E7
stateEarth: 7.361256441E7
stateEarth: 3.2076520216E7
stateEarth: -0.811
stateEarth: -8.862
stateEarth: -2.894
owltEarthMSL: 289.885
positionEarthWRTCuriosity: 3.3239020555E7
positionEarthWRTCuriosity: 7.361256441E7
positionEarthWRTCuriosity: 3.2076520216E7
owltEarthMSL2: 289.885
angSepHGAEarth: 135.814
utcTime: "2016-05-01~03:22:00"
sol: 1328
sclkValue: " 1/01328:01:17:49:59740"

2018-07-06 22:49:33,668 [radio] INFO  space.exploration.mars.rover.kernel.PositionSensor - ephemerisTime: 5.15344988185475E8
stateCuriosity: -3.32369884E7
stateCuriosity: -7.3608064876E7
stateCuriosity: -3.2074559579E7
stateCuriosity: 0.809
stateCuriosity: 8.855
stateCuriosity: 2.891
owltMSLEarth: 289.867
stateEarth: 3.3239020555E7
stateEarth: 7.361256441E7
stateEarth: 3.2076520216E7
stateEarth: -0.811
stateEarth: -8.862
stateEarth: -2.894
owltEarthMSL: 289.885
positionEarthWRTCuriosity: 3.3239020555E7
positionEarthWRTCuriosity: 7.361256441E7
positionEarthWRTCuriosity: 3.2076520216E7
owltEarthMSL2: 289.885
angSepHGAEarth: 135.814
utcTime: "2016-05-01~03:22:00"
sol: 1328
sclkValue: " 1/01328:01:17:49:59740"

2018-07-06 22:49:33,669 [radio] INFO  space.exploration.mars.rover.communication.Radio - One Way Light Time computed by SPICE :: 289.867
2018-07-06 22:49:33,676 [radio] INFO  space.exploration.mars.rover.communication.Radio - Message encryption successful.
2018-07-06 22:49:33,676 [radio] INFO  space.exploration.mars.rover.communication.Transmitter - Sending information packet to curiosity_to_earth_5
2018-07-06 22:49:36,677 [radio] INFO  space.exploration.mars.rover.kernel.Rover - Trying to reflect rover state.Listening State Software Version - 2.0
2018-07-06 22:49:36,678 [radio] INFO  space.exploration.mars.rover.communication.Receiver - Time Elapsed since last message = 45681
2018-07-06 22:49:36,678 [batteryMonitor] INFO  space.exploration.mars.rover.power.BatteryMonitor -  Battery primaryUnits = 221 auxiliaryPowerUnits = 100
2018-07-06 22:49:36,678 [pacemaker] INFO  space.exploration.mars.rover.kernel.SpacecraftClock - Internal time::2016-05-01T02:04:00.000-05:00 sclk of::1/01328:00:00:56:41943
2018-07-06 22:49:36,679 [batteryMonitor] INFO  space.exploration.mars.rover.power.BatteryMonitor - BatteryMonitor performing due diligence. SCET = 1530935376679 Rover state = Listening State
2018-07-06 22:49:36,680 [batteryMonitor] INFO  space.exploration.mars.rover.power.BatteryMonitor -  Battery primaryUnits = 221 auxiliaryPowerUnits = 100
2018-07-06 22:49:36,681 [pacemaker] INFO  space.exploration.mars.rover.kernel.Rover - Trying to reflect rover state.Transmitting State Software Version - 2.0
2018-07-06 22:49:36,750 [radio] INFO  space.exploration.mars.rover.kernel.PositionSensor - Houston - this is curiosityActual.ephemerisTime: 5.15345348185475E8
stateCuriosity: -3.3236697335E7
stateCuriosity: -7.3604876219E7
stateCuriosity: -3.2073518497E7
stateCuriosity: 0.808
stateCuriosity: 8.86
stateCuriosity: 2.893
owltMSLEarth: 289.857
stateEarth: 3.3238728433E7
stateEarth: 7.3609373291E7
stateEarth: 3.2075478092E7
stateEarth: -0.811
stateEarth: -8.867
stateEarth: -2.896
owltEarthMSL: 289.874
positionEarthWRTCuriosity: 3.3238728433E7
positionEarthWRTCuriosity: 7.3609373291E7
positionEarthWRTCuriosity: 3.2075478092E7
owltEarthMSL2: 289.874
angSepHGAEarth: 135.233
utcTime: "2016-05-01~03:28:00"
sol: 1328
sclkValue: " 1/01328:01:23:39:96535"

2018-07-06 22:49:36,785 [radio] INFO  space.exploration.mars.rover.kernel.PositionSensor - ephemerisTime: 5.15345348185475E8
stateCuriosity: -3.3236697335E7
stateCuriosity: -7.3604876219E7
stateCuriosity: -3.2073518497E7
stateCuriosity: 0.808
stateCuriosity: 8.86
stateCuriosity: 2.893
owltMSLEarth: 289.857
stateEarth: 3.3238728433E7
stateEarth: 7.3609373291E7
stateEarth: 3.2075478092E7
stateEarth: -0.811
stateEarth: -8.867
stateEarth: -2.896
owltEarthMSL: 289.874
positionEarthWRTCuriosity: 3.3238728433E7
positionEarthWRTCuriosity: 7.3609373291E7
positionEarthWRTCuriosity: 3.2075478092E7
owltEarthMSL2: 289.874
angSepHGAEarth: 135.233
utcTime: "2016-05-01~03:28:00"
sol: 1328
sclkValue: " 1/01328:01:23:39:96535"

2018-07-06 22:49:36,785 [radio] INFO  space.exploration.mars.rover.communication.Radio - One Way Light Time computed by SPICE :: 289.857
2018-07-06 22:49:42,766 [pacemaker] INFO  space.exploration.mars.rover.kernel.PositionSensor - Houston - this is curiosityActual.ephemerisTime: 5.15346068185474E8
stateCuriosity: -3.3236115364E7
stateCuriosity: -7.3598493561E7
stateCuriosity: -3.2071434095E7
stateCuriosity: 0.808
stateCuriosity: 8.87
stateCuriosity: 2.897
owltMSLEarth: 289.835
stateEarth: 3.3238144359E7
stateEarth: 7.3602985733E7
stateEarth: 3.2073391615E7
stateEarth: -0.811
stateEarth: -8.877
stateEarth: -2.9
owltEarthMSL: 289.853
positionEarthWRTCuriosity: 3.3238144359E7
positionEarthWRTCuriosity: 7.3602985733E7
positionEarthWRTCuriosity: 3.2073391615E7
owltEarthMSL2: 289.853
angSepHGAEarth: 133.991
utcTime: "2016-05-01~03:40:00"
sol: 1328
sclkValue: " 1/01328:01:35:20:70125"

2018-07-06 22:49:42,800 [pacemaker] INFO  space.exploration.mars.rover.kernel.PositionSensor - ephemerisTime: 5.15346068185474E8
stateCuriosity: -3.3236115364E7
stateCuriosity: -7.3598493561E7
stateCuriosity: -3.2071434095E7
stateCuriosity: 0.808
stateCuriosity: 8.87
stateCuriosity: 2.897
owltMSLEarth: 289.835
stateEarth: 3.3238144359E7
stateEarth: 7.3602985733E7
stateEarth: 3.2073391615E7
stateEarth: -0.811
stateEarth: -8.877
stateEarth: -2.9
owltEarthMSL: 289.853
positionEarthWRTCuriosity: 3.3238144359E7
positionEarthWRTCuriosity: 7.3602985733E7
positionEarthWRTCuriosity: 3.2073391615E7
owltEarthMSL2: 289.853
angSepHGAEarth: 133.991
utcTime: "2016-05-01~03:40:00"
sol: 1328
sclkValue: " 1/01328:01:35:20:70125"

2018-07-06 22:49:42,800 [pacemaker] INFO  space.exploration.mars.rover.communication.Radio - One Way Light Time computed by SPICE :: 289.835
2018-07-06 22:49:42,810 [pacemaker] INFO  space.exploration.mars.rover.communication.Radio - Message encryption successful.
2018-07-06 22:49:42,810 [pacemaker] INFO  space.exploration.mars.rover.communication.Transmitter - Sending information packet to curiosity_to_earth_5
2018-07-06 22:49:45,810 [pacemaker] INFO  space.exploration.mars.rover.kernel.Rover - Trying to reflect rover state.Listening State Software Version - 2.0
2018-07-06 22:49:45,811 [roverGarbageCollector] INFO  space.exploration.mars.rover.diagnostics.RoverGarbageCollector - RoverGC trimming instructionQueue. Current length = 1
2018-07-06 22:49:45,811 [radio] INFO  space.exploration.mars.rover.kernel.Rover - Trying to reflect rover state.Listening State Software Version - 2.0
2018-07-06 22:49:45,812 [radio] INFO  space.exploration.mars.rover.kernel.ListeningState - timeStamp: 1530935371370
targets {
  roverModule: 8
  estimatedPowerUsage: 20
  action: "ClickCamera"
  roverSubModule: "RHAZ"
}

2018-07-06 22:49:51,830 [radio] INFO  space.exploration.mars.rover.kernel.ListeningState - 1530935391830,8,ClickCamera Current instructionQueue length = 1
2018-07-06 22:49:51,831 [radio] INFO  space.exploration.mars.rover.kernel.ListeningState - Rover Curiosity is going to try to take pictures!
2018-07-06 22:49:51,831 [radio] INFO  space.exploration.mars.rover.kernel.Rover - Trying to reflect rover state.Photographing State Software Version - 2.0
2018-07-06 22:49:57,705 [radio] INFO  space.exploration.mars.rover.kernel.Rover - Trying to reflect rover state.Transmitting State Software Version - 2.0
2018-07-06 22:50:03,786 [radio] INFO  space.exploration.mars.rover.kernel.PositionSensor - Houston - this is curiosityActual.ephemerisTime: 5.15348588185474E8
stateCuriosity: -3.3234085371E7
stateCuriosity: -7.3576098781E7
stateCuriosity: -3.2064112551E7
stateCuriosity: 0.802
stateCuriosity: 8.904
stateCuriosity: 2.914
owltMSLEarth: 289.761
stateEarth: 3.3236107176E7
stateEarth: 7.3580574168E7
stateEarth: 3.2066062968E7
stateEarth: -0.805
stateEarth: -8.91
stateEarth: -2.917
owltEarthMSL: 289.778
positionEarthWRTCuriosity: 3.3236107176E7
positionEarthWRTCuriosity: 7.3580574168E7
positionEarthWRTCuriosity: 3.2066062968E7
owltEarthMSL2: 289.778
angSepHGAEarth: 128.931
utcTime: "2016-05-01~04:22:00"
sol: 1328
sclkValue: " 1/01328:02:16:13:27688"

2018-07-06 22:50:03,820 [radio] INFO  space.exploration.mars.rover.kernel.PositionSensor - ephemerisTime: 5.15348588185474E8
stateCuriosity: -3.3234085371E7
stateCuriosity: -7.3576098781E7
stateCuriosity: -3.2064112551E7
stateCuriosity: 0.802
stateCuriosity: 8.904
stateCuriosity: 2.914
owltMSLEarth: 289.761
stateEarth: 3.3236107176E7
stateEarth: 7.3580574168E7
stateEarth: 3.2066062968E7
stateEarth: -0.805
stateEarth: -8.91
stateEarth: -2.917
owltEarthMSL: 289.778
positionEarthWRTCuriosity: 3.3236107176E7
positionEarthWRTCuriosity: 7.3580574168E7
positionEarthWRTCuriosity: 3.2066062968E7
owltEarthMSL2: 289.778
angSepHGAEarth: 128.931
utcTime: "2016-05-01~04:22:00"
sol: 1328
sclkValue: " 1/01328:02:16:13:27688"

2018-07-06 22:50:03,821 [radio] INFO  space.exploration.mars.rover.communication.Radio - One Way Light Time computed by SPICE :: 289.761
2018-07-06 22:50:04,116 [radio] INFO  space.exploration.mars.rover.communication.Radio - Message encryption successful.
2018-07-06 22:50:04,116 [radio] INFO  space.exploration.mars.rover.communication.Transmitter - Sending information packet to curiosity_to_earth_5
2018-07-06 22:50:07,117 [radio] INFO  space.exploration.mars.rover.kernel.Rover - Trying to reflect rover state.Listening State Software Version - 2.0
2018-07-06 22:50:07,117 [batteryMonitor] INFO  space.exploration.mars.rover.power.BatteryMonitor - BatteryMonitor performing due diligence. SCET = 1530935391874 Rover state = Listening State
2018-07-06 22:50:07,117 [roverGarbageCollector] INFO  space.exploration.mars.rover.kernel.Rover - Trying to reflect rover state.Listening State Software Version - 2.0
2018-07-06 22:50:07,119 [roverGarbageCollector] INFO  space.exploration.mars.rover.kernel.ListeningState - timeStamp: 1530935346522
targets {
  roverModule: 6
  action: "Request Rover Logs"
  auxiliaryData: "\n\023yyyy-MM-dd~HH:mm:ss\022\0232018-07-06~22:49:06\032\0232018-07-07~00:00:00"
}

2018-07-06 22:50:13,135 [roverGarbageCollector] INFO  space.exploration.mars.rover.kernel.ListeningState - 1530935413135,6,Request Rover Logs Current instructionQueue length = 0
2018-07-06 22:50:13,136 [roverGarbageCollector] INFO  space.exploration.mars.rover.kernel.ListeningState - Requesting logs in date format = yyyy-MM-dd~HH:mm:ss
2018-07-06 22:50:13,136 [roverGarbageCollector] INFO  space.exploration.mars.rover.kernel.ListeningState - Start date = 2018-07-06~22:49:06 End date = 2018-07-07~00:00:00
