2018-08-16 22:54:30,688 [pacemaker] INFO  space.exploration.mars.rover.kernel.PositionSensor - Houston - this is curiosityActual.ephemerisTime: 5.15334188185476E8
stateCuriosity: -3.3245507531E7
stateCuriosity: -7.3702932007E7
stateCuriosity: -3.2105595897E7
stateCuriosity: 0.752
stateCuriosity: 8.72
stateCuriosity: 2.87
owltMSLEarth: 290.185
stateEarth: 3.324757096E7
stateEarth: 7.3707504474E7
stateEarth: 3.2107587438E7
stateEarth: -0.755
stateEarth: -8.727
stateEarth: -2.873
owltEarthMSL: 290.203
positionEarthWRTCuriosity: 3.324757096E7
positionEarthWRTCuriosity: 7.3707504474E7
positionEarthWRTCuriosity: 3.2107587438E7
owltEarthMSL2: 290.203
angSepHGAEarth: 136.778
utcTime: "2016-05-01~00:22:00"
sol: 1327
sclkValue: " 1/01327:22:22:38:55899"

2018-08-16 22:54:30,728 [pacemaker] INFO  space.exploration.mars.rover.kernel.PositionSensor - ephemerisTime: 5.15334188185476E8
stateCuriosity: -3.3245507531E7
stateCuriosity: -7.3702932007E7
stateCuriosity: -3.2105595897E7
stateCuriosity: 0.752
stateCuriosity: 8.72
stateCuriosity: 2.87
owltMSLEarth: 290.185
stateEarth: 3.324757096E7
stateEarth: 7.3707504474E7
stateEarth: 3.2107587438E7
stateEarth: -0.755
stateEarth: -8.727
stateEarth: -2.873
owltEarthMSL: 290.203
positionEarthWRTCuriosity: 3.324757096E7
positionEarthWRTCuriosity: 7.3707504474E7
positionEarthWRTCuriosity: 3.2107587438E7
owltEarthMSL2: 290.203
angSepHGAEarth: 136.778
utcTime: "2016-05-01~00:22:00"
sol: 1327
sclkValue: " 1/01327:22:22:38:55899"

2018-08-16 22:54:30,729 [pacemaker] INFO  space.exploration.mars.rover.kernel.SpacecraftClock - Internal time::2016-05-01T00:12:00.000-04:00 sclk of::1/01327:22:11:56:21775
2018-08-16 22:54:30,730 [pacemaker] INFO  space.exploration.mars.rover.kernel.Rover - Trying to reflect rover state.Transmitting State Software Version - 2.0
2018-08-16 22:54:36,775 [pacemaker] INFO  space.exploration.mars.rover.kernel.PositionSensor - Houston - this is curiosityActual.ephemerisTime: 5.15334908185476E8
stateCuriosity: -3.3244963758E7
stateCuriosity: -7.3696650742E7
stateCuriosity: -3.2103529959E7
stateCuriosity: 0.759
stateCuriosity: 8.728
stateCuriosity: 2.869
owltMSLEarth: 290.164
stateEarth: 3.3247025247E7
stateEarth: 7.3701218657E7
stateEarth: 3.2105519572E7
stateEarth: -0.761
stateEarth: -8.734
stateEarth: -2.872
owltEarthMSL: 290.182
positionEarthWRTCuriosity: 3.3247025247E7
positionEarthWRTCuriosity: 7.3701218657E7
positionEarthWRTCuriosity: 3.2105519572E7
owltEarthMSL2: 290.182
angSepHGAEarth: 137.749
utcTime: "2016-05-01~00:34:00"
sol: 1327
sclkValue: " 1/01327:22:34:19:29489"

2018-08-16 22:54:36,809 [pacemaker] INFO  space.exploration.mars.rover.kernel.PositionSensor - ephemerisTime: 5.15334908185476E8
stateCuriosity: -3.3244963758E7
stateCuriosity: -7.3696650742E7
stateCuriosity: -3.2103529959E7
stateCuriosity: 0.759
stateCuriosity: 8.728
stateCuriosity: 2.869
owltMSLEarth: 290.164
stateEarth: 3.3247025247E7
stateEarth: 7.3701218657E7
stateEarth: 3.2105519572E7
stateEarth: -0.761
stateEarth: -8.734
stateEarth: -2.872
owltEarthMSL: 290.182
positionEarthWRTCuriosity: 3.3247025247E7
positionEarthWRTCuriosity: 7.3701218657E7
positionEarthWRTCuriosity: 3.2105519572E7
owltEarthMSL2: 290.182
angSepHGAEarth: 137.749
utcTime: "2016-05-01~00:34:00"
sol: 1327
sclkValue: " 1/01327:22:34:19:29489"

2018-08-16 22:54:36,809 [pacemaker] INFO  space.exploration.mars.rover.communication.Radio - One Way Light Time computed by SPICE :: 290.164
2018-08-16 22:54:36,817 [pacemaker] INFO  space.exploration.mars.rover.communication.Radio - Message encryption successful.
2018-08-16 22:54:36,817 [pacemaker] INFO  space.exploration.mars.rover.communication.Transmitter - Sending information packet to curiosity_to_earth_5
2018-08-16 22:54:39,818 [pacemaker] INFO  space.exploration.mars.rover.kernel.Rover - Trying to reflect rover state.Listening State Software Version - 2.0
2018-08-16 22:54:40,200 [roverGarbageCollector] INFO  space.exploration.mars.rover.diagnostics.RoverGarbageCollector - RoverGC trimming instructionQueue. Current length = 1
2018-08-16 22:54:40,202 [roverGarbageCollector] INFO  space.exploration.mars.rover.kernel.Rover - Trying to reflect rover state.Listening State Software Version - 2.0
2018-08-16 22:54:40,203 [roverGarbageCollector] INFO  space.exploration.mars.rover.kernel.ListeningState - timeStamp: 1534474470634
targets {
  roverModule: 6
  action: "Request Rover Logs"
  auxiliaryData: "\n\023yyyy-MM-dd~HH:mm:ss\022\0232018-08-16~22:54:30\032\0232018-08-17~00:00:00"
}

2018-08-16 22:54:46,225 [roverGarbageCollector] INFO  space.exploration.mars.rover.kernel.ListeningState - 1534474486225,6,Request Rover Logs Current instructionQueue length = 0
2018-08-16 22:54:46,226 [roverGarbageCollector] INFO  space.exploration.mars.rover.kernel.ListeningState - Requesting logs in date format = yyyy-MM-dd~HH:mm:ss
2018-08-16 22:54:46,226 [roverGarbageCollector] INFO  space.exploration.mars.rover.kernel.ListeningState - Start date = 2018-08-16~22:54:30 End date = 2018-08-17~00:00:00
