2018-08-16 23:26:07,223 [radio] INFO  space.exploration.mars.rover.communication.Receiver - Time Elapsed since last message = 32481
2018-08-16 23:26:07,256 [radio] INFO  space.exploration.mars.rover.kernel.PositionSensor - Houston - this is curiosityActual.ephemerisTime: 5.15335028185476E8
stateCuriosity: -3.3244872662E7
stateCuriosity: -7.3695603355E7
stateCuriosity: -3.2103185712E7
stateCuriosity: 0.76
stateCuriosity: 8.729
stateCuriosity: 2.869
owltMSLEarth: 290.16
stateEarth: 3.3246933824E7
stateEarth: 7.3700170503E7
stateEarth: 3.2105175E7
stateEarth: -0.762
stateEarth: -8.735
stateEarth: -2.871
owltEarthMSL: 290.178
positionEarthWRTCuriosity: 3.3246933824E7
positionEarthWRTCuriosity: 7.3700170503E7
positionEarthWRTCuriosity: 3.2105175E7
owltEarthMSL2: 290.178
angSepHGAEarth: 137.898
utcTime: "2016-05-01~00:36:00"
sol: 1327
sclkValue: " 1/01327:22:36:16:08420"

2018-08-16 23:26:07,289 [radio] INFO  space.exploration.mars.rover.kernel.PositionSensor - ephemerisTime: 5.15335028185476E8
stateCuriosity: -3.3244872662E7
stateCuriosity: -7.3695603355E7
stateCuriosity: -3.2103185712E7
stateCuriosity: 0.76
stateCuriosity: 8.729
stateCuriosity: 2.869
owltMSLEarth: 290.16
stateEarth: 3.3246933824E7
stateEarth: 7.3700170503E7
stateEarth: 3.2105175E7
stateEarth: -0.762
stateEarth: -8.735
stateEarth: -2.871
owltEarthMSL: 290.178
positionEarthWRTCuriosity: 3.3246933824E7
positionEarthWRTCuriosity: 7.3700170503E7
positionEarthWRTCuriosity: 3.2105175E7
owltEarthMSL2: 290.178
angSepHGAEarth: 137.898
utcTime: "2016-05-01~00:36:00"
sol: 1327
sclkValue: " 1/01327:22:36:16:08420"

2018-08-16 23:26:07,290 [radio] INFO  space.exploration.mars.rover.communication.Radio - One Way Light Time computed by SPICE :: 290.16
2018-08-16 23:26:07,707 [radio] INFO  space.exploration.mars.rover.kernel.Rover - Trying to reflect rover state.Listening State Software Version - 2.0
2018-08-16 23:26:07,707 [radio] INFO  space.exploration.mars.rover.kernel.ListeningState - timeStamp: 1534476367209
targets {
  roverModule: 8
  estimatedPowerUsage: 20
  action: "ClickCamera"
  roverSubModule: "FHAZ"
}

2018-08-16 23:26:13,722 [radio] INFO  space.exploration.mars.rover.kernel.ListeningState - 1534476373722,8,ClickCamera Current instructionQueue length = 1
2018-08-16 23:26:13,722 [radio] INFO  space.exploration.mars.rover.kernel.ListeningState - Rover Curiosity is going to try to take pictures!
2018-08-16 23:26:13,723 [radio] INFO  space.exploration.mars.rover.kernel.Rover - Trying to reflect rover state.Photographing State Software Version - 2.0
2018-08-16 23:26:21,294 [radio] INFO  space.exploration.mars.rover.kernel.Rover - Trying to reflect rover state.Transmitting State Software Version - 2.0
2018-08-16 23:26:27,376 [radio] INFO  space.exploration.mars.rover.kernel.PositionSensor - Houston - this is curiosityActual.ephemerisTime: 5.15337428185476E8
stateCuriosity: -3.3243024977E7
stateCuriosity: -7.3674622848E7
stateCuriosity: -3.2096302951E7
stateCuriosity: 0.779
stateCuriosity: 8.756
stateCuriosity: 2.868
owltMSLEarth: 290.09
stateEarth: 3.3245079417E7
stateEarth: 7.367917428E7
stateEarth: 3.2098285579E7
stateEarth: -0.782
stateEarth: -8.762
stateEarth: -2.871
owltEarthMSL: 290.108
positionEarthWRTCuriosity: 3.3245079417E7
positionEarthWRTCuriosity: 7.367917428E7
positionEarthWRTCuriosity: 3.2098285579E7
owltEarthMSL2: 290.108
angSepHGAEarth: 140.074
utcTime: "2016-05-01~01:16:00"
sol: 1327
sclkValue: " 1/01327:23:15:11:87052"

2018-08-16 23:26:27,409 [radio] INFO  space.exploration.mars.rover.kernel.PositionSensor - ephemerisTime: 5.15337428185476E8
stateCuriosity: -3.3243024977E7
stateCuriosity: -7.3674622848E7
stateCuriosity: -3.2096302951E7
stateCuriosity: 0.779
stateCuriosity: 8.756
stateCuriosity: 2.868
owltMSLEarth: 290.09
stateEarth: 3.3245079417E7
stateEarth: 7.367917428E7
stateEarth: 3.2098285579E7
stateEarth: -0.782
stateEarth: -8.762
stateEarth: -2.871
owltEarthMSL: 290.108
positionEarthWRTCuriosity: 3.3245079417E7
positionEarthWRTCuriosity: 7.367917428E7
positionEarthWRTCuriosity: 3.2098285579E7
owltEarthMSL2: 290.108
angSepHGAEarth: 140.074
utcTime: "2016-05-01~01:16:00"
sol: 1327
sclkValue: " 1/01327:23:15:11:87052"

2018-08-16 23:26:27,409 [radio] INFO  space.exploration.mars.rover.communication.Radio - One Way Light Time computed by SPICE :: 290.09
2018-08-16 23:26:27,901 [radio] INFO  space.exploration.mars.rover.communication.Radio - Message encryption successful.
2018-08-16 23:26:27,902 [radio] INFO  space.exploration.mars.rover.communication.Transmitter - Sending information packet to curiosity_to_earth_5
2018-08-16 23:26:30,903 [radio] INFO  space.exploration.mars.rover.kernel.Rover - Trying to reflect rover state.Listening State Software Version - 2.0
2018-08-16 23:26:30,903 [batteryMonitor] INFO  space.exploration.mars.rover.power.BatteryMonitor - BatteryMonitor performing due diligence. SCET = 1534476377568 Rover state = Listening State
2018-08-16 23:26:30,903 [roverGarbageCollector] INFO  space.exploration.mars.rover.diagnostics.RoverGarbageCollector - RoverGC trimming instructionQueue. Current length = 1
2018-08-16 23:26:30,905 [roverGarbageCollector] INFO  space.exploration.mars.rover.kernel.Rover - Trying to reflect rover state.Listening State Software Version - 2.0
2018-08-16 23:26:30,905 [batteryMonitor] INFO  space.exploration.mars.rover.power.BatteryMonitor -  Battery primaryUnits = 272 auxiliaryPowerUnits = 100
2018-08-16 23:26:30,905 [roverGarbageCollector] INFO  space.exploration.mars.rover.kernel.ListeningState - timeStamp: 1534476360292
targets {
  roverModule: 6
  action: "Request Rover Logs"
  auxiliaryData: "\n\023yyyy-MM-dd~HH:mm:ss\022\0232018-08-16~23:26:00\032\0232018-08-17~00:00:00"
}

2018-08-16 23:26:36,922 [roverGarbageCollector] INFO  space.exploration.mars.rover.kernel.ListeningState - 1534476396922,6,Request Rover Logs Current instructionQueue length = 0
2018-08-16 23:26:36,923 [roverGarbageCollector] INFO  space.exploration.mars.rover.kernel.ListeningState - Requesting logs in date format = yyyy-MM-dd~HH:mm:ss
2018-08-16 23:26:36,923 [roverGarbageCollector] INFO  space.exploration.mars.rover.kernel.ListeningState - Start date = 2018-08-16~23:26:00 End date = 2018-08-17~00:00:00
