2018-08-20 23:27:49,517 [roverGarbageCollector] INFO  space.exploration.mars.rover.diagnostics.RoverGarbageCollector - RoverGC trimming instructionQueue. Current length = 1
2018-08-20 23:27:49,518 [roverGarbageCollector] INFO  space.exploration.mars.rover.kernel.Rover - Trying to reflect rover state.Listening State Software Version - 2.0
2018-08-20 23:27:49,519 [roverGarbageCollector] INFO  space.exploration.mars.rover.kernel.ListeningState - timeStamp: 1534822060006
targets {
  roverModule: 6
  action: "Request Rover Logs"
  auxiliaryData: "\n\023yyyy-MM-dd~HH:mm:ss\022\0232018-08-20~23:27:40\032\0232018-08-21~00:00:00"
}

2018-08-20 23:27:53,490 [radio] INFO  space.exploration.mars.rover.communication.Receiver - Time Elapsed since last message = 46525
2018-08-20 23:27:53,537 [radio] INFO  space.exploration.mars.rover.kernel.PositionSensor - Houston - this is curiosityActual.ephemerisTime: 5.15432948185461E8
stateCuriosity: -3.319555047E7
stateCuriosity: -7.2836521463E7
stateCuriosity: -3.1813064263E7
stateCuriosity: 0.556
stateCuriosity: 8.689
stateCuriosity: 2.819
owltMSLEarth: 287.314
stateEarth: 3.3197489802E7
stateEarth: 7.2840775707E7
stateEarth: 3.1814922363E7
stateEarth: -0.559
stateEarth: -8.695
stateEarth: -2.822
owltEarthMSL: 287.331
positionEarthWRTCuriosity: 3.3197489802E7
positionEarthWRTCuriosity: 7.2840775707E7
positionEarthWRTCuriosity: 3.1814922363E7
owltEarthMSL2: 287.331
angSepHGAEarth: 136.964
utcTime: "2016-05-02~03:50:00"
sol: 1329
sclkValue: " 1/01329:01:04:36:16582"

2018-08-20 23:27:53,565 [radio] INFO  space.exploration.mars.rover.kernel.PositionSensor - ephemerisTime: 5.15433068185461E8
stateCuriosity: -3.3195483752E7
stateCuriosity: -7.2835478738E7
stateCuriosity: -3.1812725908E7
stateCuriosity: 0.556
stateCuriosity: 8.69
stateCuriosity: 2.82
owltMSLEarth: 287.311
stateEarth: 3.3197422729E7
stateEarth: 7.2839732163E7
stateEarth: 3.181458366E7
stateEarth: -0.559
stateEarth: -8.697
stateEarth: -2.823
owltEarthMSL: 287.328
positionEarthWRTCuriosity: 3.3197422729E7
positionEarthWRTCuriosity: 7.2839732163E7
positionEarthWRTCuriosity: 3.181458366E7
owltEarthMSL2: 287.328
angSepHGAEarth: 136.788
utcTime: "2016-05-02~03:50:00"
sol: 1329
sclkValue: " 1/01329:01:06:32:95513"

2018-08-20 23:27:53,565 [radio] INFO  space.exploration.mars.rover.communication.Radio - One Way Light Time computed by SPICE :: 287.314
2018-08-20 23:27:55,538 [roverGarbageCollector] INFO  space.exploration.mars.rover.kernel.ListeningState - 1534822075538,6,Request Rover Logs Current instructionQueue length = 0
2018-08-20 23:27:55,539 [roverGarbageCollector] INFO  space.exploration.mars.rover.kernel.ListeningState - Requesting logs in date format = yyyy-MM-dd~HH:mm:ss
2018-08-20 23:27:55,539 [roverGarbageCollector] INFO  space.exploration.mars.rover.kernel.ListeningState - Start date = 2018-08-20~23:27:40 End date = 2018-08-21~00:00:00
