2018-06-30 22:54:11,995 [batteryMonitor] INFO  space.exploration.mars.rover.power.BatteryMonitor - BatteryMonitor performing due diligence. SCET = 1530417251995 Rover state = Hibernating State
2018-06-30 22:54:11,996 [batteryMonitor] INFO  space.exploration.mars.rover.power.BatteryMonitor -  Battery primaryUnits = 110 auxiliaryPowerUnits = 100
2018-06-30 22:54:11,996 [batteryMonitor] INFO  space.exploration.mars.rover.power.BatteryMonitor - Rover is in hibernating state, timeInRecharge = 59002 required = 60000
2018-06-30 22:54:12,997 [batteryMonitor] INFO  space.exploration.mars.rover.power.BatteryMonitor - Rover is in Hibernating State, timeInRecharge = 59002 required = 60000 Rover instructionQueue length = 8 Max Pending messages allowed = 15
2018-06-30 22:54:22,699 [radio] INFO  space.exploration.mars.rover.communication.Receiver - Time Elapsed since last message = 26524
2018-06-30 22:54:22,739 [radio] INFO  space.exploration.mars.rover.kernel.PositionSensor - Houston - this is curiosityActual.ephemerisTime: 5.15343188185475E8
stateCuriosity: -3.3238442552E7
stateCuriosity: -7.3623981403E7
stateCuriosity: -3.2079754864E7
stateCuriosity: 0.807
stateCuriosity: 8.83
stateCuriosity: 2.882
owltMSLEarth: 289.921
stateEarth: 3.3240480034E7
stateEarth: 7.3628493338E7
stateEarth: 3.2081720755E7
stateEarth: -0.81
stateEarth: -8.837
stateEarth: -2.885
owltEarthMSL: 289.938
positionEarthWRTCuriosity: 3.3240480034E7
positionEarthWRTCuriosity: 7.3628493338E7
positionEarthWRTCuriosity: 3.2081720755E7
owltEarthMSL2: 289.938
angSepHGAEarth: 138.279
utcTime: "2016-05-01~02:52:00"
sol: 1328
sclkValue: " 1/01328:00:48:37:75767"

2018-06-30 22:54:22,772 [radio] INFO  space.exploration.mars.rover.kernel.PositionSensor - ephemerisTime: 5.15343188185475E8
stateCuriosity: -3.3238442552E7
stateCuriosity: -7.3623981403E7
stateCuriosity: -3.2079754864E7
stateCuriosity: 0.807
stateCuriosity: 8.83
stateCuriosity: 2.882
owltMSLEarth: 289.921
stateEarth: 3.3240480034E7
stateEarth: 7.3628493338E7
stateEarth: 3.2081720755E7
stateEarth: -0.81
stateEarth: -8.837
stateEarth: -2.885
owltEarthMSL: 289.938
positionEarthWRTCuriosity: 3.3240480034E7
positionEarthWRTCuriosity: 7.3628493338E7
positionEarthWRTCuriosity: 3.2081720755E7
owltEarthMSL2: 289.938
angSepHGAEarth: 138.279
utcTime: "2016-05-01~02:52:00"
sol: 1328
sclkValue: " 1/01328:00:48:37:75767"

2018-06-30 22:54:22,773 [radio] INFO  space.exploration.mars.rover.communication.Radio - One Way Light Time computed by SPICE :: 289.921
2018-06-30 22:54:23,183 [radio] INFO  space.exploration.mars.rover.kernel.Rover - Trying to reflect rover state.Hibernating State Software Version - 2.0
2018-06-30 22:54:23,183 [radio] INFO  space.exploration.mars.rover.kernel.HibernatingState - In hibernating state's receiveMessage(), adding message to instruction queue
2018-06-30 22:54:23,183 [radio] INFO  space.exploration.mars.rover.kernel.HibernatingState - Current instructionQueue length = 9
2018-06-30 22:54:41,995 [batteryMonitor] INFO  space.exploration.mars.rover.power.BatteryMonitor - BatteryMonitor performing due diligence. SCET = 1530417281995 Rover state = Hibernating State
2018-06-30 22:54:41,995 [batteryMonitor] INFO  space.exploration.mars.rover.power.BatteryMonitor -  Battery primaryUnits = 110 auxiliaryPowerUnits = 100
2018-06-30 22:54:41,995 [batteryMonitor] INFO  space.exploration.mars.rover.power.BatteryMonitor - Rover is in hibernating state, timeInRecharge = 89001 required = 60000
2018-06-30 22:54:42,995 [batteryMonitor] INFO  space.exploration.mars.rover.power.BatteryMonitor - Rover is in Hibernating State, timeInRecharge = 89001 required = 60000 Rover instructionQueue length = 9 Max Pending messages allowed = 15
2018-06-30 22:54:42,996 [batteryMonitor] INFO  space.exploration.mars.rover.power.BatteryMonitor - Battery Monitor restoring the rover to normal after recharge
2018-06-30 22:54:43,997 [batteryMonitor] INFO  space.exploration.mars.rover.power.Battery - Battery configured, batteryLife:primaryPowerUnits = 1200 auxiliaryPowerUnits = 100 alertThreshold: 100 rechargeTime = 60000
2018-06-30 22:54:44,997 [batteryMonitor] INFO  space.exploration.mars.rover.kernel.Rover - Battery Monitor configured!
2018-06-30 22:54:44,998 [batteryMonitor] INFO  space.exploration.mars.rover.kernel.Rover - Trying to reflect rover state.Transmitting State Software Version - 2.0
2018-06-30 22:54:49,228 [radio] INFO  space.exploration.mars.rover.communication.Receiver - Time Elapsed since last message = 26528
2018-06-30 22:54:49,288 [radio] INFO  space.exploration.mars.rover.kernel.PositionSensor - Houston - this is curiosityActual.ephemerisTime: 5.15346308185474E8
stateCuriosity: -3.3235921474E7
stateCuriosity: -7.3596364429E7
stateCuriosity: -3.2070738602E7
stateCuriosity: 0.808
stateCuriosity: 8.873
stateCuriosity: 2.899
owltMSLEarth: 289.828
stateEarth: 3.3237949773E7
stateEarth: 7.3600854977E7
stateEarth: 3.2072695435E7
stateEarth: -0.811
stateEarth: -8.88
stateEarth: -2.901
owltEarthMSL: 289.846
positionEarthWRTCuriosity: 3.3237949773E7
positionEarthWRTCuriosity: 7.3600854977E7
positionEarthWRTCuriosity: 3.2072695435E7
owltEarthMSL2: 289.846
angSepHGAEarth: 133.555
utcTime: "2016-05-01~03:46:00"
sol: 1328
sclkValue: " 1/01328:01:39:14:27988"

2018-06-30 22:54:49,321 [radio] INFO  space.exploration.mars.rover.kernel.PositionSensor - ephemerisTime: 5.15346428185474E8
stateCuriosity: -3.3235824557E7
stateCuriosity: -7.3595299568E7
stateCuriosity: -3.2070390722E7
stateCuriosity: 0.808
stateCuriosity: 8.875
stateCuriosity: 2.899
owltMSLEarth: 289.825
stateEarth: 3.3237852508E7
stateEarth: 7.3599789305E7
stateEarth: 3.2072347211E7
stateEarth: -0.81
stateEarth: -8.881
stateEarth: -2.902
owltEarthMSL: 289.842
positionEarthWRTCuriosity: 3.3237852508E7
positionEarthWRTCuriosity: 7.3599789305E7
positionEarthWRTCuriosity: 3.2072347211E7
owltEarthMSL2: 289.842
angSepHGAEarth: 133.333
utcTime: "2016-05-01~03:46:00"
sol: 1328
sclkValue: " 1/01328:01:41:11:06919"

2018-06-30 22:54:49,321 [radio] INFO  space.exploration.mars.rover.communication.Radio - One Way Light Time computed by SPICE :: 289.828
2018-06-30 22:54:51,082 [batteryMonitor] INFO  space.exploration.mars.rover.kernel.PositionSensor - Houston - this is curiosityActual.ephemerisTime: 5.15346548185474E8
stateCuriosity: -3.323572766E7
stateCuriosity: -7.3594234511E7
stateCuriosity: -3.2070042751E7
stateCuriosity: 0.807
stateCuriosity: 8.876
stateCuriosity: 2.9
owltMSLEarth: 289.821
stateEarth: 3.3237755264E7
stateEarth: 7.3598723439E7
stateEarth: 3.2071998898E7
stateEarth: -0.81
stateEarth: -8.883
stateEarth: -2.903
owltEarthMSL: 289.839
positionEarthWRTCuriosity: 3.3237755264E7
positionEarthWRTCuriosity: 7.3598723439E7
positionEarthWRTCuriosity: 3.2071998898E7
owltEarthMSL2: 289.839
angSepHGAEarth: 133.108
utcTime: "2016-05-01~03:48:00"
sol: 1328
sclkValue: " 1/01328:01:43:07:85851"

2018-06-30 22:54:51,116 [batteryMonitor] INFO  space.exploration.mars.rover.kernel.PositionSensor - ephemerisTime: 5.15346548185474E8
stateCuriosity: -3.323572766E7
stateCuriosity: -7.3594234511E7
stateCuriosity: -3.2070042751E7
stateCuriosity: 0.807
stateCuriosity: 8.876
stateCuriosity: 2.9
owltMSLEarth: 289.821
stateEarth: 3.3237755264E7
stateEarth: 7.3598723439E7
stateEarth: 3.2071998898E7
stateEarth: -0.81
stateEarth: -8.883
stateEarth: -2.903
owltEarthMSL: 289.839
positionEarthWRTCuriosity: 3.3237755264E7
positionEarthWRTCuriosity: 7.3598723439E7
positionEarthWRTCuriosity: 3.2071998898E7
owltEarthMSL2: 289.839
angSepHGAEarth: 133.108
utcTime: "2016-05-01~03:48:00"
sol: 1328
sclkValue: " 1/01328:01:43:07:85851"

2018-06-30 22:54:51,116 [batteryMonitor] INFO  space.exploration.mars.rover.communication.Radio - One Way Light Time computed by SPICE :: 289.821
2018-06-30 22:54:51,124 [batteryMonitor] INFO  space.exploration.mars.rover.communication.Radio - Message encryption successful.
2018-06-30 22:54:51,125 [batteryMonitor] INFO  space.exploration.mars.rover.communication.Transmitter - Sending information packet to curiosity_to_earth_5
2018-06-30 22:54:54,125 [batteryMonitor] INFO  space.exploration.mars.rover.kernel.Rover - Trying to reflect rover state.Listening State Software Version - 2.0
2018-06-30 22:54:54,126 [radio] INFO  space.exploration.mars.rover.kernel.Rover - Trying to reflect rover state.Listening State Software Version - 2.0
2018-06-30 22:54:54,127 [radio] INFO  space.exploration.mars.rover.kernel.ListeningState - timeStamp: 1530417289199
targets {
  roverModule: 9
  estimatedPowerUsage: 20
  action: "PerformRadarScan"
}

2018-06-30 22:55:00,142 [radio] INFO  space.exploration.mars.rover.kernel.ListeningState - 1530417300142,9,PerformRadarScan Current instructionQueue length = 9
2018-06-30 22:55:00,143 [radio] INFO  space.exploration.mars.rover.kernel.ListeningState - Rover Curiosity will do a radarScan!
2018-06-30 22:55:00,143 [radio] INFO  space.exploration.mars.rover.kernel.Rover - Trying to reflect rover state.Radar Scanning State Software Version - 2.0
2018-06-30 22:55:47,515 [radio] INFO  space.exploration.mars.rover.kernel.Rover - Trying to reflect rover state.Transmitting State Software Version - 2.0
2018-06-30 22:55:53,599 [radio] INFO  space.exploration.mars.rover.kernel.PositionSensor - Houston - this is curiosityActual.ephemerisTime: 5.15354108185473E8
stateCuriosity: -3.3229745517E7
stateCuriosity: -7.3526761469E7
stateCuriosity: -3.2047903979E7
stateCuriosity: 0.765
stateCuriosity: 8.97
stateCuriosity: 2.96
owltMSLEarth: 289.596
stateEarth: 3.3231753048E7
stateEarth: 7.3531203259E7
stateEarth: 3.2049840199E7
stateEarth: -0.768
stateEarth: -8.975
stateEarth: -2.963
owltEarthMSL: 289.613
positionEarthWRTCuriosity: 3.3231753048E7
positionEarthWRTCuriosity: 7.3531203259E7
positionEarthWRTCuriosity: 3.2049840199E7
owltEarthMSL2: 289.613
angSepHGAEarth: 115.275
utcTime: "2016-05-01~05:54:00"
sol: 1328
sclkValue: " 1/01328:03:45:45:58540"

2018-06-30 22:55:53,633 [radio] INFO  space.exploration.mars.rover.kernel.PositionSensor - ephemerisTime: 5.15354108185473E8
stateCuriosity: -3.3229745517E7
stateCuriosity: -7.3526761469E7
stateCuriosity: -3.2047903979E7
stateCuriosity: 0.765
stateCuriosity: 8.97
stateCuriosity: 2.96
owltMSLEarth: 289.596
stateEarth: 3.3231753048E7
stateEarth: 7.3531203259E7
stateEarth: 3.2049840199E7
stateEarth: -0.768
stateEarth: -8.975
stateEarth: -2.963
owltEarthMSL: 289.613
positionEarthWRTCuriosity: 3.3231753048E7
positionEarthWRTCuriosity: 7.3531203259E7
positionEarthWRTCuriosity: 3.2049840199E7
owltEarthMSL2: 289.613
angSepHGAEarth: 115.275
utcTime: "2016-05-01~05:54:00"
sol: 1328
sclkValue: " 1/01328:03:45:45:58540"

2018-06-30 22:55:53,633 [radio] INFO  space.exploration.mars.rover.communication.Radio - One Way Light Time computed by SPICE :: 289.596
2018-06-30 22:55:53,640 [radio] INFO  space.exploration.mars.rover.communication.Radio - Message encryption successful.
2018-06-30 22:55:53,640 [radio] INFO  space.exploration.mars.rover.communication.Transmitter - Sending information packet to curiosity_to_earth_5
2018-06-30 22:55:56,641 [radio] INFO  space.exploration.mars.rover.kernel.Rover - Trying to reflect rover state.Listening State Software Version - 2.0
2018-06-30 22:55:56,642 [roverGarbageCollector] INFO  space.exploration.mars.rover.diagnostics.RoverGarbageCollector - RoverGC trimming instructionQueue. Current length = 9
2018-06-30 22:55:56,642 [roverGarbageCollector] INFO  space.exploration.mars.rover.kernel.Rover - Trying to reflect rover state.Listening State Software Version - 2.0
2018-06-30 22:55:56,642 [radio] INFO  space.exploration.mars.rover.communication.Receiver - Time Elapsed since last message = 67414
2018-06-30 22:55:56,642 [batteryMonitor] INFO  space.exploration.mars.rover.power.BatteryMonitor - BatteryMonitor performing due diligence. SCET = 1530417314998 Rover state = Listening State
2018-06-30 22:55:56,643 [roverGarbageCollector] INFO  space.exploration.mars.rover.kernel.ListeningState - timeStamp: 1530417103509
targets {
  roverModule: 10
  estimatedPowerUsage: 70
  action: "GetWeather"
}

2018-06-30 22:55:56,693 [radio] INFO  space.exploration.mars.rover.kernel.PositionSensor - Houston - this is curiosityActual.ephemerisTime: 5.15354468185473E8
stateCuriosity: -3.3229470674E7
stateCuriosity: -7.3523531744E7
stateCuriosity: -3.2046837717E7
stateCuriosity: 0.762
stateCuriosity: 8.973
stateCuriosity: 2.963
owltMSLEarth: 289.585
stateEarth: 3.3231477368E7
stateEarth: 7.3527971544E7
stateEarth: 3.2048773097E7
stateEarth: -0.764
stateEarth: -8.979
stateEarth: -2.966
owltEarthMSL: 289.602
positionEarthWRTCuriosity: 3.3231477368E7
positionEarthWRTCuriosity: 7.3527971544E7
positionEarthWRTCuriosity: 3.2048773097E7
owltEarthMSL2: 289.602
angSepHGAEarth: 114.309
utcTime: "2016-05-01~06:00:00"
sol: 1328
sclkValue: " 1/01328:03:51:35:95335"

2018-06-30 22:55:56,728 [radio] INFO  space.exploration.mars.rover.kernel.PositionSensor - ephemerisTime: 5.15354468185473E8
stateCuriosity: -3.3229470674E7
stateCuriosity: -7.3523531744E7
stateCuriosity: -3.2046837717E7
stateCuriosity: 0.762
stateCuriosity: 8.973
stateCuriosity: 2.963
owltMSLEarth: 289.585
stateEarth: 3.3231477368E7
stateEarth: 7.3527971544E7
stateEarth: 3.2048773097E7
stateEarth: -0.764
stateEarth: -8.979
stateEarth: -2.966
owltEarthMSL: 289.602
positionEarthWRTCuriosity: 3.3231477368E7
positionEarthWRTCuriosity: 7.3527971544E7
positionEarthWRTCuriosity: 3.2048773097E7
owltEarthMSL2: 289.602
angSepHGAEarth: 114.309
utcTime: "2016-05-01~06:00:00"
sol: 1328
sclkValue: " 1/01328:03:51:35:95335"

2018-06-30 22:55:56,728 [radio] INFO  space.exploration.mars.rover.communication.Radio - One Way Light Time computed by SPICE :: 289.585
2018-06-30 22:56:02,652 [roverGarbageCollector] INFO  space.exploration.mars.rover.kernel.ListeningState - 1530417362652,10,GetWeather Current instructionQueue length = 8
2018-06-30 22:56:02,652 [roverGarbageCollector] INFO  space.exploration.mars.rover.kernel.ListeningState - Rover will try to get weather measurements - actual Curiosity Data
2018-06-30 22:56:02,652 [roverGarbageCollector] INFO  space.exploration.mars.rover.kernel.Rover - Trying to reflect rover state.Weather Sensing State Software Version - 2.0
2018-06-30 22:56:02,652 [roverGarbageCollector] INFO  space.exploration.mars.rover.kernel.WeatherSensingState - Will get mars weather measurements
2018-06-30 22:56:05,666 [roverGarbageCollector] INFO  space.exploration.mars.rover.kernel.Rover - Trying to reflect rover state.Transmitting State Software Version - 2.0
2018-06-30 22:56:11,704 [roverGarbageCollector] INFO  space.exploration.mars.rover.kernel.PositionSensor - Houston - this is curiosityActual.ephemerisTime: 5.15356268185473E8
stateCuriosity: -3.3228116424E7
stateCuriosity: -7.3507364113E7
stateCuriosity: -3.2041488399E7
stateCuriosity: 0.743
stateCuriosity: 8.99
stateCuriosity: 2.98
owltMSLEarth: 289.531
stateEarth: 3.3230119137E7
stateEarth: 7.3511794405E7
stateEarth: 3.2043419772E7
stateEarth: -0.745
stateEarth: -8.995
stateEarth: -2.982
owltEarthMSL: 289.548
positionEarthWRTCuriosity: 3.3230119137E7
positionEarthWRTCuriosity: 7.3511794405E7
positionEarthWRTCuriosity: 3.2043419772E7
owltEarthMSL2: 289.548
angSepHGAEarth: 109.401
utcTime: "2016-05-01~06:30:00"
sol: 1328
sclkValue: " 1/01328:04:20:47:79308"

2018-06-30 22:56:11,737 [roverGarbageCollector] INFO  space.exploration.mars.rover.kernel.PositionSensor - ephemerisTime: 5.15356268185473E8
stateCuriosity: -3.3228116424E7
stateCuriosity: -7.3507364113E7
stateCuriosity: -3.2041488399E7
stateCuriosity: 0.743
stateCuriosity: 8.99
stateCuriosity: 2.98
owltMSLEarth: 289.531
stateEarth: 3.3230119137E7
stateEarth: 7.3511794405E7
stateEarth: 3.2043419772E7
stateEarth: -0.745
stateEarth: -8.995
stateEarth: -2.982
owltEarthMSL: 289.548
positionEarthWRTCuriosity: 3.3230119137E7
positionEarthWRTCuriosity: 7.3511794405E7
positionEarthWRTCuriosity: 3.2043419772E7
owltEarthMSL2: 289.548
angSepHGAEarth: 109.401
utcTime: "2016-05-01~06:30:00"
sol: 1328
sclkValue: " 1/01328:04:20:47:79308"

2018-06-30 22:56:11,737 [roverGarbageCollector] INFO  space.exploration.mars.rover.communication.Radio - One Way Light Time computed by SPICE :: 289.531
2018-06-30 22:56:11,745 [roverGarbageCollector] INFO  space.exploration.mars.rover.communication.Radio - Message encryption successful.
2018-06-30 22:56:11,745 [roverGarbageCollector] INFO  space.exploration.mars.rover.communication.Transmitter - Sending information packet to curiosity_to_earth_5
2018-06-30 22:56:14,745 [roverGarbageCollector] INFO  space.exploration.mars.rover.kernel.Rover - Trying to reflect rover state.Listening State Software Version - 2.0
2018-06-30 22:56:14,746 [roverGarbageCollector] INFO  space.exploration.mars.rover.diagnostics.RoverGarbageCollector - RoverGC trimming instructionQueue. Current length = 8
2018-06-30 22:56:14,746 [radio] INFO  space.exploration.mars.rover.kernel.Rover - Trying to reflect rover state.Listening State Software Version - 2.0
2018-06-30 22:56:14,746 [radio] INFO  space.exploration.mars.rover.kernel.ListeningState - timeStamp: 1530417301122
targets {
  roverModule: 6
  action: "Update Software"
  auxiliaryData: "\tffffff\376?\022`https://storage.googleapis.com/rover_artifacts/softwareUpdates/mars.rover-1.8-SOLSHOT-shaded.jar\032Phttps://storage.googleapis.com/rover_artifacts/softwareUpdates/softwareLaunch.sh\"!mars.rover-1.8-SOLSHOT-shaded.jar*\021softwareLaunch.sh"
}

2018-06-30 22:56:20,756 [radio] INFO  space.exploration.mars.rover.kernel.ListeningState - 1530417380756,6,Update Software Current instructionQueue length = 8
2018-06-30 22:56:20,757 [radio] WARN  space.exploration.mars.rover.kernel.Rover - Updating software. This is always a bit tricky!
2018-06-30 22:56:20,758 [radio] INFO  space.exploration.mars.rover.kernel.Rover - Trying to reflect rover state.Maintenance State Software Version - 2.0
2018-06-30 22:56:20,758 [radio] INFO  space.exploration.mars.rover.kernel.ListeningState - Rover commencing software update.
2018-06-30 22:56:20,759 [radio] ERROR space.exploration.mars.rover.kernel.ListeningState - Software already up to date.
2018-06-30 22:56:20,759 [batteryMonitor] INFO  space.exploration.mars.rover.power.BatteryMonitor -  Battery primaryUnits = 1108 auxiliaryPowerUnits = 100
2018-06-30 22:56:20,759 [roverGarbageCollector] INFO  space.exploration.mars.rover.kernel.Rover - Trying to reflect rover state.Listening State Software Version - 2.0
2018-06-30 22:56:20,759 [radio] INFO  space.exploration.mars.rover.communication.Receiver - Time Elapsed since last message = 24116
2018-06-30 22:56:20,761 [roverGarbageCollector] INFO  space.exploration.mars.rover.kernel.ListeningState - timeStamp: 1530417186979
targets {
  roverModule: 6
  action: "Request Rover Logs"
  auxiliaryData: "\n\023yyyy-MM-dd~HH:mm:ss\022\0232018-06-30~22:53:06\032\0232018-07-01~00:00:00"
}

2018-06-30 22:56:20,829 [radio] INFO  space.exploration.mars.rover.kernel.PositionSensor - Houston - this is curiosityActual.ephemerisTime: 5.15357348185473E8
stateCuriosity: -3.3227321386E7
stateCuriosity: -7.3497649624E7
stateCuriosity: -3.2038264203E7
stateCuriosity: 0.73
stateCuriosity: 8.999
stateCuriosity: 2.99
owltMSLEarth: 289.498
stateEarth: 3.3229321884E7
stateEarth: 7.3502074585E7
stateEarth: 3.2040193332E7
stateEarth: -0.732
stateEarth: -9.004
stateEarth: -2.992
owltEarthMSL: 289.516
positionEarthWRTCuriosity: 3.3229321884E7
positionEarthWRTCuriosity: 7.3502074585E7
positionEarthWRTCuriosity: 3.2040193332E7
owltEarthMSL2: 289.516
angSepHGAEarth: 106.408
utcTime: "2016-05-01~06:48:00"
sol: 1328
sclkValue: " 1/01328:04:38:18:89692"

2018-06-30 22:56:20,863 [radio] INFO  space.exploration.mars.rover.kernel.PositionSensor - ephemerisTime: 5.15357348185473E8
stateCuriosity: -3.3227321386E7
stateCuriosity: -7.3497649624E7
stateCuriosity: -3.2038264203E7
stateCuriosity: 0.73
stateCuriosity: 8.999
stateCuriosity: 2.99
owltMSLEarth: 289.498
stateEarth: 3.3229321884E7
stateEarth: 7.3502074585E7
stateEarth: 3.2040193332E7
stateEarth: -0.732
stateEarth: -9.004
stateEarth: -2.992
owltEarthMSL: 289.516
positionEarthWRTCuriosity: 3.3229321884E7
positionEarthWRTCuriosity: 7.3502074585E7
positionEarthWRTCuriosity: 3.2040193332E7
owltEarthMSL2: 289.516
angSepHGAEarth: 106.408
utcTime: "2016-05-01~06:48:00"
sol: 1328
sclkValue: " 1/01328:04:38:18:89692"

2018-06-30 22:56:20,863 [radio] INFO  space.exploration.mars.rover.communication.Radio - One Way Light Time computed by SPICE :: 289.498
2018-06-30 22:56:26,775 [roverGarbageCollector] INFO  space.exploration.mars.rover.kernel.ListeningState - 1530417386775,6,Request Rover Logs Current instructionQueue length = 7
2018-06-30 22:56:26,776 [roverGarbageCollector] INFO  space.exploration.mars.rover.kernel.ListeningState - Requesting logs in date format = yyyy-MM-dd~HH:mm:ss
2018-06-30 22:56:26,776 [roverGarbageCollector] INFO  space.exploration.mars.rover.kernel.ListeningState - Start date = 2018-06-30~22:53:06 End date = 2018-07-01~00:00:00
2018-06-30 22:56:26,783 [roverGarbageCollector] INFO  space.exploration.mars.rover.kernel.Rover - Trying to reflect rover state.Transmitting State Software Version - 2.0
2018-06-30 22:56:32,855 [roverGarbageCollector] INFO  space.exploration.mars.rover.kernel.PositionSensor - Houston - this is curiosityActual.ephemerisTime: 5.15358788185473E8
stateCuriosity: -3.3226284027E7
stateCuriosity: -7.3484682916E7
stateCuriosity: -3.2033948078E7
stateCuriosity: 0.711
stateCuriosity: 9.01
stateCuriosity: 3.004
owltMSLEarth: 289.455
stateEarth: 3.3228281788E7
stateEarth: 7.3489101232E7
stateEarth: 3.2035874412E7
stateEarth: -0.713
stateEarth: -9.014
stateEarth: -3.006
owltEarthMSL: 289.473
positionEarthWRTCuriosity: 3.3228281788E7
positionEarthWRTCuriosity: 7.3489101232E7
positionEarthWRTCuriosity: 3.2035874412E7
owltEarthMSL2: 289.473
angSepHGAEarth: 102.386
utcTime: "2016-05-01~07:12:00"
sol: 1328
sclkValue: " 1/01328:05:01:40:36871"

2018-06-30 22:56:32,891 [roverGarbageCollector] INFO  space.exploration.mars.rover.kernel.PositionSensor - ephemerisTime: 5.15358788185473E8
stateCuriosity: -3.3226284027E7
stateCuriosity: -7.3484682916E7
stateCuriosity: -3.2033948078E7
stateCuriosity: 0.711
stateCuriosity: 9.01
stateCuriosity: 3.004
owltMSLEarth: 289.455
stateEarth: 3.3228281788E7
stateEarth: 7.3489101232E7
stateEarth: 3.2035874412E7
stateEarth: -0.713
stateEarth: -9.014
stateEarth: -3.006
owltEarthMSL: 289.473
positionEarthWRTCuriosity: 3.3228281788E7
positionEarthWRTCuriosity: 7.3489101232E7
positionEarthWRTCuriosity: 3.2035874412E7
owltEarthMSL2: 289.473
angSepHGAEarth: 102.386
utcTime: "2016-05-01~07:12:00"
sol: 1328
sclkValue: " 1/01328:05:01:40:36871"

2018-06-30 22:56:32,891 [roverGarbageCollector] INFO  space.exploration.mars.rover.communication.Radio - One Way Light Time computed by SPICE :: 289.455
2018-06-30 22:56:32,963 [roverGarbageCollector] INFO  space.exploration.mars.rover.communication.Radio - Message encryption successful.
2018-06-30 22:56:32,964 [roverGarbageCollector] INFO  space.exploration.mars.rover.communication.Transmitter - Sending information packet to curiosity_to_earth_5
2018-06-30 22:56:35,964 [roverGarbageCollector] INFO  space.exploration.mars.rover.kernel.Rover - Trying to reflect rover state.Listening State Software Version - 2.0
2018-06-30 22:56:35,965 [roverGarbageCollector] INFO  space.exploration.mars.rover.diagnostics.RoverGarbageCollector - RoverGC trimming instructionQueue. Current length = 7
2018-06-30 22:56:35,965 [radio] INFO  space.exploration.mars.rover.kernel.Rover - Trying to reflect rover state.Listening State Software Version - 2.0
2018-06-30 22:56:35,966 [radio] INFO  space.exploration.mars.rover.kernel.ListeningState - timeStamp: 1530417327839
targets {
  roverModule: 10
  estimatedPowerUsage: 70
  action: "GetWeather"
}

2018-06-30 22:56:41,982 [radio] INFO  space.exploration.mars.rover.kernel.ListeningState - 1530417401982,10,GetWeather Current instructionQueue length = 7
2018-06-30 22:56:41,983 [radio] INFO  space.exploration.mars.rover.kernel.ListeningState - Rover will try to get weather measurements - actual Curiosity Data
2018-06-30 22:56:41,983 [radio] INFO  space.exploration.mars.rover.kernel.Rover - Trying to reflect rover state.Weather Sensing State Software Version - 2.0
2018-06-30 22:56:41,984 [radio] INFO  space.exploration.mars.rover.kernel.WeatherSensingState - Will get mars weather measurements
2018-06-30 22:56:45,016 [radio] INFO  space.exploration.mars.rover.kernel.Rover - Trying to reflect rover state.Transmitting State Software Version - 2.0
2018-06-30 22:56:51,100 [radio] INFO  space.exploration.mars.rover.kernel.PositionSensor - Houston - this is curiosityActual.ephemerisTime: 5.15360948185472E8
stateCuriosity: -3.3224781389E7
stateCuriosity: -7.3465208246E7
stateCuriosity: -3.2027437172E7
stateCuriosity: 0.68
stateCuriosity: 9.022
stateCuriosity: 3.024
owltMSLEarth: 289.39
stateEarth: 3.3226775532E7
stateEarth: 7.3469617639E7
stateEarth: 3.2029359765E7
stateEarth: -0.681
stateEarth: -9.025
stateEarth: -3.026
owltEarthMSL: 289.408
positionEarthWRTCuriosity: 3.3226775532E7
positionEarthWRTCuriosity: 7.3469617639E7
positionEarthWRTCuriosity: 3.2029359765E7
owltEarthMSL2: 289.408
angSepHGAEarth: 96.331
utcTime: "2016-05-01~07:48:00"
sol: 1328
sclkValue: " 1/01328:05:36:42:57639"

2018-06-30 22:56:51,134 [radio] INFO  space.exploration.mars.rover.kernel.PositionSensor - ephemerisTime: 5.15360948185472E8
stateCuriosity: -3.3224781389E7
stateCuriosity: -7.3465208246E7
stateCuriosity: -3.2027437172E7
stateCuriosity: 0.68
stateCuriosity: 9.022
stateCuriosity: 3.024
owltMSLEarth: 289.39
stateEarth: 3.3226775532E7
stateEarth: 7.3469617639E7
stateEarth: 3.2029359765E7
stateEarth: -0.681
stateEarth: -9.025
stateEarth: -3.026
owltEarthMSL: 289.408
positionEarthWRTCuriosity: 3.3226775532E7
positionEarthWRTCuriosity: 7.3469617639E7
positionEarthWRTCuriosity: 3.2029359765E7
owltEarthMSL2: 289.408
angSepHGAEarth: 96.331
utcTime: "2016-05-01~07:48:00"
sol: 1328
sclkValue: " 1/01328:05:36:42:57639"

2018-06-30 22:56:51,134 [radio] INFO  space.exploration.mars.rover.communication.Radio - One Way Light Time computed by SPICE :: 289.39
2018-06-30 22:56:51,143 [radio] INFO  space.exploration.mars.rover.communication.Radio - Message encryption successful.
2018-06-30 22:56:51,143 [radio] INFO  space.exploration.mars.rover.communication.Transmitter - Sending information packet to curiosity_to_earth_5
2018-06-30 22:56:54,143 [radio] INFO  space.exploration.mars.rover.kernel.Rover - Trying to reflect rover state.Listening State Software Version - 2.0
2018-06-30 22:56:54,144 [radio] INFO  space.exploration.mars.rover.communication.Receiver - Time Elapsed since last message = 33383
2018-06-30 22:56:54,144 [roverGarbageCollector] INFO  space.exploration.mars.rover.kernel.Rover - Trying to reflect rover state.Listening State Software Version - 2.0
2018-06-30 22:56:54,145 [roverGarbageCollector] INFO  space.exploration.mars.rover.kernel.ListeningState - timeStamp: 1530417130034
targets {
  roverModule: 9
  estimatedPowerUsage: 20
  action: "PerformRadarScan"
}

2018-06-30 22:56:54,202 [radio] INFO  space.exploration.mars.rover.kernel.PositionSensor - Houston - this is curiosityActual.ephemerisTime: 5.15361308185472E8
stateCuriosity: -3.322453761E7
stateCuriosity: -7.3461960171E7
stateCuriosity: -3.202634779E7
stateCuriosity: 0.674
stateCuriosity: 9.023
stateCuriosity: 3.028
owltMSLEarth: 289.379
stateEarth: 3.3226531208E7
stateEarth: 7.3466368204E7
stateEarth: 3.2028269813E7
stateEarth: -0.676
stateEarth: -9.027
stateEarth: -3.029
owltEarthMSL: 289.397
positionEarthWRTCuriosity: 3.3226531208E7
positionEarthWRTCuriosity: 7.3466368204E7
positionEarthWRTCuriosity: 3.2028269813E7
owltEarthMSL2: 289.397
angSepHGAEarth: 95.324
utcTime: "2016-05-01~07:54:00"
sol: 1328
sclkValue: " 1/01328:05:42:32:94434"

2018-06-30 22:56:54,235 [radio] INFO  space.exploration.mars.rover.kernel.PositionSensor - ephemerisTime: 5.15361308185472E8
stateCuriosity: -3.322453761E7
stateCuriosity: -7.3461960171E7
stateCuriosity: -3.202634779E7
stateCuriosity: 0.674
stateCuriosity: 9.023
stateCuriosity: 3.028
owltMSLEarth: 289.379
stateEarth: 3.3226531208E7
stateEarth: 7.3466368204E7
stateEarth: 3.2028269813E7
stateEarth: -0.676
stateEarth: -9.027
stateEarth: -3.029
owltEarthMSL: 289.397
positionEarthWRTCuriosity: 3.3226531208E7
positionEarthWRTCuriosity: 7.3466368204E7
positionEarthWRTCuriosity: 3.2028269813E7
owltEarthMSL2: 289.397
angSepHGAEarth: 95.324
utcTime: "2016-05-01~07:54:00"
sol: 1328
sclkValue: " 1/01328:05:42:32:94434"

2018-06-30 22:56:54,236 [radio] INFO  space.exploration.mars.rover.communication.Radio - One Way Light Time computed by SPICE :: 289.379
2018-06-30 22:57:00,160 [roverGarbageCollector] INFO  space.exploration.mars.rover.kernel.ListeningState - 1530417420160,9,PerformRadarScan Current instructionQueue length = 6
2018-06-30 22:57:00,161 [roverGarbageCollector] INFO  space.exploration.mars.rover.kernel.ListeningState - Rover Curiosity will do a radarScan!
2018-06-30 22:57:00,161 [roverGarbageCollector] INFO  space.exploration.mars.rover.kernel.Rover - Trying to reflect rover state.Radar Scanning State Software Version - 2.0
2018-06-30 22:57:47,586 [roverGarbageCollector] INFO  space.exploration.mars.rover.kernel.Rover - Trying to reflect rover state.Transmitting State Software Version - 2.0
2018-06-30 22:57:53,669 [roverGarbageCollector] INFO  space.exploration.mars.rover.kernel.PositionSensor - Houston - this is curiosityActual.ephemerisTime: 5.15368508185471E8
stateCuriosity: -3.3220109634E7
stateCuriosity: -7.3396952702E7
stateCuriosity: -3.200432615E7
stateCuriosity: 0.552
stateCuriosity: 9.025
stateCuriosity: 3.086
owltMSLEarth: 289.163
stateEarth: 3.3222095993E7
stateEarth: 7.3401341342E7
stateEarth: 3.2006240133E7
stateEarth: -0.553
stateEarth: -9.027
stateEarth: -3.087
owltEarthMSL: 289.18
positionEarthWRTCuriosity: 3.3222095993E7
positionEarthWRTCuriosity: 7.3401341342E7
positionEarthWRTCuriosity: 3.2006240133E7
owltEarthMSL2: 289.18
angSepHGAEarth: 75.953
utcTime: "2016-05-01~09:54:00"
sol: 1328
sclkValue: " 1/01328:07:39:20:30328"

2018-06-30 22:57:53,702 [roverGarbageCollector] INFO  space.exploration.mars.rover.kernel.PositionSensor - ephemerisTime: 5.15368508185471E8
stateCuriosity: -3.3220109634E7
stateCuriosity: -7.3396952702E7
stateCuriosity: -3.200432615E7
stateCuriosity: 0.552
stateCuriosity: 9.025
stateCuriosity: 3.086
owltMSLEarth: 289.163
stateEarth: 3.3222095993E7
stateEarth: 7.3401341342E7
stateEarth: 3.2006240133E7
stateEarth: -0.553
stateEarth: -9.027
stateEarth: -3.087
owltEarthMSL: 289.18
positionEarthWRTCuriosity: 3.3222095993E7
positionEarthWRTCuriosity: 7.3401341342E7
positionEarthWRTCuriosity: 3.2006240133E7
owltEarthMSL2: 289.18
angSepHGAEarth: 75.953
utcTime: "2016-05-01~09:54:00"
sol: 1328
sclkValue: " 1/01328:07:39:20:30328"

2018-06-30 22:57:53,703 [roverGarbageCollector] INFO  space.exploration.mars.rover.communication.Radio - One Way Light Time computed by SPICE :: 289.163
2018-06-30 22:57:53,711 [roverGarbageCollector] INFO  space.exploration.mars.rover.communication.Radio - Message encryption successful.
2018-06-30 22:57:53,712 [roverGarbageCollector] INFO  space.exploration.mars.rover.communication.Transmitter - Sending information packet to curiosity_to_earth_5
2018-06-30 22:57:56,712 [roverGarbageCollector] INFO  space.exploration.mars.rover.kernel.Rover - Trying to reflect rover state.Listening State Software Version - 2.0
2018-06-30 22:57:56,713 [roverGarbageCollector] INFO  space.exploration.mars.rover.diagnostics.RoverGarbageCollector - RoverGC trimming instructionQueue. Current length = 6
2018-06-30 22:57:56,714 [radio] INFO  space.exploration.mars.rover.kernel.Rover - Trying to reflect rover state.Listening State Software Version - 2.0
2018-06-30 22:57:56,715 [radio] INFO  space.exploration.mars.rover.kernel.ListeningState - timeStamp: 1530417354364
targets {
  roverModule: 10
  estimatedPowerUsage: 70
  action: "GetWeather"
}

2018-06-30 22:58:02,732 [radio] INFO  space.exploration.mars.rover.kernel.ListeningState - 1530417482732,10,GetWeather Current instructionQueue length = 6
2018-06-30 22:58:02,733 [radio] INFO  space.exploration.mars.rover.kernel.ListeningState - Rover will try to get weather measurements - actual Curiosity Data
2018-06-30 22:58:02,734 [radio] INFO  space.exploration.mars.rover.kernel.Rover - Trying to reflect rover state.Weather Sensing State Software Version - 2.0
2018-06-30 22:58:02,734 [radio] INFO  space.exploration.mars.rover.kernel.WeatherSensingState - Will get mars weather measurements
2018-06-30 22:58:05,762 [radio] INFO  space.exploration.mars.rover.kernel.Rover - Trying to reflect rover state.Transmitting State Software Version - 2.0
2018-06-30 22:58:11,844 [radio] INFO  space.exploration.mars.rover.kernel.PositionSensor - Houston - this is curiosityActual.ephemerisTime: 5.15370668185471E8
stateCuriosity: -3.3218958598E7
stateCuriosity: -7.3377468916E7
stateCuriosity: -3.1997644638E7
stateCuriosity: 0.513
stateCuriosity: 9.015
stateCuriosity: 3.1
owltMSLEarth: 289.098
stateEarth: 3.3220944119E7
stateEarth: 7.33818546E7
stateEarth: 3.1999557433E7
stateEarth: -0.514
stateEarth: -9.016
stateEarth: -3.1
owltEarthMSL: 289.116
positionEarthWRTCuriosity: 3.3220944119E7
positionEarthWRTCuriosity: 7.33818546E7
positionEarthWRTCuriosity: 3.1999557433E7
owltEarthMSL2: 289.116
angSepHGAEarth: 70.704
utcTime: "2016-05-01~10:30:00"
sol: 1328
sclkValue: " 1/01328:08:14:22:51097"

2018-06-30 22:58:11,879 [radio] INFO  space.exploration.mars.rover.kernel.PositionSensor - ephemerisTime: 5.15370668185471E8
stateCuriosity: -3.3218958598E7
stateCuriosity: -7.3377468916E7
stateCuriosity: -3.1997644638E7
stateCuriosity: 0.513
stateCuriosity: 9.015
stateCuriosity: 3.1
owltMSLEarth: 289.098
stateEarth: 3.3220944119E7
stateEarth: 7.33818546E7
stateEarth: 3.1999557433E7
stateEarth: -0.514
stateEarth: -9.016
stateEarth: -3.1
owltEarthMSL: 289.116
positionEarthWRTCuriosity: 3.3220944119E7
positionEarthWRTCuriosity: 7.33818546E7
positionEarthWRTCuriosity: 3.1999557433E7
owltEarthMSL2: 289.116
angSepHGAEarth: 70.704
utcTime: "2016-05-01~10:30:00"
sol: 1328
sclkValue: " 1/01328:08:14:22:51097"

2018-06-30 22:58:11,879 [radio] INFO  space.exploration.mars.rover.communication.Radio - One Way Light Time computed by SPICE :: 289.098
2018-06-30 22:58:11,887 [radio] INFO  space.exploration.mars.rover.communication.Radio - Message encryption successful.
2018-06-30 22:58:11,888 [radio] INFO  space.exploration.mars.rover.communication.Transmitter - Sending information packet to curiosity_to_earth_5
2018-06-30 22:58:14,888 [radio] INFO  space.exploration.mars.rover.kernel.Rover - Trying to reflect rover state.Listening State Software Version - 2.0
2018-06-30 22:58:14,889 [batteryMonitor] INFO  space.exploration.mars.rover.power.BatteryMonitor - BatteryMonitor performing due diligence. SCET = 1530417414144 Rover state = Listening State
2018-06-30 22:58:14,889 [roverGarbageCollector] INFO  space.exploration.mars.rover.kernel.Rover - Trying to reflect rover state.Listening State Software Version - 2.0
2018-06-30 22:58:14,889 [radio] INFO  space.exploration.mars.rover.communication.Receiver - Time Elapsed since last message = 80745
2018-06-30 22:58:14,891 [roverGarbageCollector] INFO  space.exploration.mars.rover.kernel.ListeningState - timeStamp: 1530417156563
targets {
  roverModule: 9
  estimatedPowerUsage: 20
  action: "PerformRadarScan"
}

2018-06-30 22:58:14,951 [radio] INFO  space.exploration.mars.rover.kernel.PositionSensor - Houston - this is curiosityActual.ephemerisTime: 5.15371028185471E8
stateCuriosity: -3.3218774943E7
stateCuriosity: -7.3374224046E7
stateCuriosity: -3.1996528375E7
stateCuriosity: 0.507
stateCuriosity: 9.012
stateCuriosity: 3.102
owltMSLEarth: 289.088
stateEarth: 3.322076038E7
stateEarth: 7.3378609359E7
stateEarth: 3.1998441024E7
stateEarth: -0.507
stateEarth: -9.013
stateEarth: -3.102
owltEarthMSL: 289.105
positionEarthWRTCuriosity: 3.322076038E7
positionEarthWRTCuriosity: 7.3378609359E7
positionEarthWRTCuriosity: 3.1998441024E7
owltEarthMSL2: 289.105
angSepHGAEarth: 69.869
utcTime: "2016-05-01~10:36:00"
sol: 1328
sclkValue: " 1/01328:08:20:12:87891"

2018-06-30 22:58:14,984 [radio] INFO  space.exploration.mars.rover.kernel.PositionSensor - ephemerisTime: 5.15371028185471E8
stateCuriosity: -3.3218774943E7
stateCuriosity: -7.3374224046E7
stateCuriosity: -3.1996528375E7
stateCuriosity: 0.507
stateCuriosity: 9.012
stateCuriosity: 3.102
owltMSLEarth: 289.088
stateEarth: 3.322076038E7
stateEarth: 7.3378609359E7
stateEarth: 3.1998441024E7
stateEarth: -0.507
stateEarth: -9.013
stateEarth: -3.102
owltEarthMSL: 289.105
positionEarthWRTCuriosity: 3.322076038E7
positionEarthWRTCuriosity: 7.3378609359E7
positionEarthWRTCuriosity: 3.1998441024E7
owltEarthMSL2: 289.105
angSepHGAEarth: 69.869
utcTime: "2016-05-01~10:36:00"
sol: 1328
sclkValue: " 1/01328:08:20:12:87891"

2018-06-30 22:58:14,985 [radio] INFO  space.exploration.mars.rover.communication.Radio - One Way Light Time computed by SPICE :: 289.088
2018-06-30 22:58:20,905 [roverGarbageCollector] INFO  space.exploration.mars.rover.kernel.ListeningState - 1530417500905,9,PerformRadarScan Current instructionQueue length = 5
2018-06-30 22:58:20,905 [roverGarbageCollector] INFO  space.exploration.mars.rover.kernel.ListeningState - Rover Curiosity will do a radarScan!
2018-06-30 22:58:20,905 [roverGarbageCollector] INFO  space.exploration.mars.rover.kernel.Rover - Trying to reflect rover state.Radar Scanning State Software Version - 2.0
2018-06-30 22:59:08,336 [roverGarbageCollector] INFO  space.exploration.mars.rover.kernel.Rover - Trying to reflect rover state.Transmitting State Software Version - 2.0
2018-06-30 22:59:14,385 [roverGarbageCollector] INFO  space.exploration.mars.rover.kernel.PositionSensor - Houston - this is curiosityActual.ephemerisTime: 5.1537822818547E8
stateCuriosity: -3.3215578298E7
stateCuriosity: -7.3309561915E7
stateCuriosity: -3.1974096251E7
stateCuriosity: 0.384
stateCuriosity: 8.941
stateCuriosity: 3.124
owltMSLEarth: 288.873
stateEarth: 3.3217565026E7
stateEarth: 7.331394613E7
stateEarth: 3.1976008686E7
stateEarth: -0.384
stateEarth: -8.941
stateEarth: -3.123
owltEarthMSL: 288.891
positionEarthWRTCuriosity: 3.3217565026E7
positionEarthWRTCuriosity: 7.331394613E7
positionEarthWRTCuriosity: 3.1976008686E7
owltEarthMSL2: 288.891
angSepHGAEarth: 56.695
utcTime: "2016-05-01~12:36:00"
sol: 1328
sclkValue: " 1/01328:10:17:00:23786"

2018-06-30 22:59:14,418 [roverGarbageCollector] INFO  space.exploration.mars.rover.kernel.PositionSensor - ephemerisTime: 5.1537822818547E8
stateCuriosity: -3.3215578298E7
stateCuriosity: -7.3309561915E7
stateCuriosity: -3.1974096251E7
stateCuriosity: 0.384
stateCuriosity: 8.941
stateCuriosity: 3.124
owltMSLEarth: 288.873
stateEarth: 3.3217565026E7
stateEarth: 7.331394613E7
stateEarth: 3.1976008686E7
stateEarth: -0.384
stateEarth: -8.941
stateEarth: -3.123
owltEarthMSL: 288.891
positionEarthWRTCuriosity: 3.3217565026E7
positionEarthWRTCuriosity: 7.331394613E7
positionEarthWRTCuriosity: 3.1976008686E7
owltEarthMSL2: 288.891
angSepHGAEarth: 56.695
utcTime: "2016-05-01~12:36:00"
sol: 1328
sclkValue: " 1/01328:10:17:00:23786"

2018-06-30 22:59:14,418 [roverGarbageCollector] INFO  space.exploration.mars.rover.communication.Radio - One Way Light Time computed by SPICE :: 288.873
2018-06-30 22:59:14,427 [roverGarbageCollector] INFO  space.exploration.mars.rover.communication.Radio - Message encryption successful.
2018-06-30 22:59:14,427 [roverGarbageCollector] INFO  space.exploration.mars.rover.communication.Transmitter - Sending information packet to curiosity_to_earth_5
2018-06-30 22:59:17,428 [roverGarbageCollector] INFO  space.exploration.mars.rover.kernel.Rover - Trying to reflect rover state.Listening State Software Version - 2.0
2018-06-30 22:59:17,428 [roverGarbageCollector] INFO  space.exploration.mars.rover.diagnostics.RoverGarbageCollector - RoverGC trimming instructionQueue. Current length = 5
2018-06-30 22:59:17,428 [radio] INFO  space.exploration.mars.rover.kernel.Rover - Trying to reflect rover state.Listening State Software Version - 2.0
2018-06-30 22:59:17,428 [radio] INFO  space.exploration.mars.rover.kernel.ListeningState - timeStamp: 1530417380923
targets {
  roverModule: 11
  action: "GetSclkInformation"
}

2018-06-30 22:59:23,442 [radio] INFO  space.exploration.mars.rover.kernel.ListeningState - 1530417563441,11,GetSclkInformation Current instructionQueue length = 5
2018-06-30 22:59:23,442 [radio] INFO  space.exploration.mars.rover.kernel.ListeningState - Rover will get detailed spacecraftClock information. Houston, this is CuriosityActual.
2018-06-30 22:59:23,442 [radio] INFO  space.exploration.mars.rover.kernel.Rover - Trying to reflect rover state.SclkTiming State Software Version - 2.0
2018-06-30 22:59:23,443 [radio] INFO  space.exploration.mars.rover.kernel.SpacecraftClock - Internal time::2016-05-01T12:54:00.000-05:00 sclk of::1/01328:10:34:31:34170
2018-06-30 22:59:23,444 [radio] INFO  space.exploration.mars.rover.kernel.Rover - Trying to reflect rover state.Transmitting State Software Version - 2.0
2018-06-30 22:59:29,528 [radio] INFO  space.exploration.mars.rover.kernel.PositionSensor - Houston - this is curiosityActual.ephemerisTime: 5.15380028185469E8
stateCuriosity: -3.3214911446E7
stateCuriosity: -7.3293489422E7
stateCuriosity: -3.1968473455E7
stateCuriosity: 0.357
stateCuriosity: 8.917
stateCuriosity: 3.124
owltMSLEarth: 288.82
stateEarth: 3.3216899212E7
stateEarth: 7.3297874897E7
stateEarth: 3.197038649E7
stateEarth: -0.357
stateEarth: -8.916
stateEarth: -3.123
owltEarthMSL: 288.837
positionEarthWRTCuriosity: 3.3216899212E7
positionEarthWRTCuriosity: 7.3297874897E7
positionEarthWRTCuriosity: 3.197038649E7
owltEarthMSL2: 288.837
angSepHGAEarth: 54.829
utcTime: "2016-05-01~13:06:00"
sol: 1328
sclkValue: " 1/01328:10:46:12:07759"

2018-06-30 22:59:29,561 [radio] INFO  space.exploration.mars.rover.kernel.PositionSensor - ephemerisTime: 5.15380028185469E8
stateCuriosity: -3.3214911446E7
stateCuriosity: -7.3293489422E7
stateCuriosity: -3.1968473455E7
stateCuriosity: 0.357
stateCuriosity: 8.917
stateCuriosity: 3.124
owltMSLEarth: 288.82
stateEarth: 3.3216899212E7
stateEarth: 7.3297874897E7
stateEarth: 3.197038649E7
stateEarth: -0.357
stateEarth: -8.916
stateEarth: -3.123
owltEarthMSL: 288.837
positionEarthWRTCuriosity: 3.3216899212E7
positionEarthWRTCuriosity: 7.3297874897E7
positionEarthWRTCuriosity: 3.197038649E7
owltEarthMSL2: 288.837
angSepHGAEarth: 54.829
utcTime: "2016-05-01~13:06:00"
sol: 1328
sclkValue: " 1/01328:10:46:12:07759"

2018-06-30 22:59:29,561 [radio] INFO  space.exploration.mars.rover.communication.Radio - One Way Light Time computed by SPICE :: 288.82
2018-06-30 22:59:29,569 [radio] INFO  space.exploration.mars.rover.communication.Radio - Message encryption successful.
2018-06-30 22:59:29,570 [radio] INFO  space.exploration.mars.rover.communication.Transmitter - Sending information packet to curiosity_to_earth_5
2018-06-30 22:59:32,570 [radio] INFO  space.exploration.mars.rover.kernel.Rover - Trying to reflect rover state.Listening State Software Version - 2.0
2018-06-30 22:59:32,571 [batteryMonitor] INFO  space.exploration.mars.rover.power.BatteryMonitor -  Battery primaryUnits = 928 auxiliaryPowerUnits = 100
2018-06-30 22:59:32,571 [roverGarbageCollector] INFO  space.exploration.mars.rover.kernel.Rover - Trying to reflect rover state.Listening State Software Version - 2.0
2018-06-30 22:59:32,571 [radio] INFO  space.exploration.mars.rover.communication.Receiver - Time Elapsed since last message = 77680
2018-06-30 22:59:32,573 [roverGarbageCollector] INFO  space.exploration.mars.rover.kernel.ListeningState - timeStamp: 1530417183091
targets {
  roverModule: 8
  estimatedPowerUsage: 20
  action: "ClickCamera"
  roverSubModule: "NAVCAM"
}

2018-06-30 22:59:32,644 [radio] ERROR space.exploration.mars.rover.communication.Radio - Encountered exception when getting comsDelay. There may be a coverage gap at this time.Radio is returning the last known communications delay.4 utcTime = 2016-05-01~13:12:00
java.lang.NumberFormatException: empty String
	at sun.misc.FloatingDecimal.readJavaFormatString(FloatingDecimal.java:1842)
	at sun.misc.FloatingDecimal.parseDouble(FloatingDecimal.java:110)
	at java.lang.Double.parseDouble(Double.java:538)
	at space.exploration.spice.utilities.PositionUtils.getPositionPacket(PositionUtils.java:41)
	at space.exploration.mars.rover.kernel.PositionSensor.getPositionsData(PositionSensor.java:76)
	at space.exploration.mars.rover.communication.Radio.getComsDelaySecs(Radio.java:153)
	at space.exploration.mars.rover.communication.Radio.receiveMessage(Radio.java:84)
	at space.exploration.mars.rover.communication.Receiver.run(Receiver.java:68)
2018-06-30 22:59:38,589 [roverGarbageCollector] INFO  space.exploration.mars.rover.kernel.ListeningState - 1530417578589,8,ClickCamera Current instructionQueue length = 4
2018-06-30 22:59:38,590 [roverGarbageCollector] INFO  space.exploration.mars.rover.kernel.ListeningState - Rover Curiosity is going to try to take pictures!
2018-06-30 22:59:38,591 [roverGarbageCollector] INFO  space.exploration.mars.rover.kernel.Rover - Trying to reflect rover state.Photographing State Software Version - 2.0
2018-06-30 22:59:43,679 [roverGarbageCollector] INFO  space.exploration.mars.rover.kernel.Rover - Trying to reflect rover state.Transmitting State Software Version - 2.0
2018-06-30 22:59:49,763 [roverGarbageCollector] INFO  space.exploration.mars.rover.kernel.PositionSensor - Houston - this is curiosityActual.ephemerisTime: 5.15382428185469E8
stateCuriosity: -3.321409363E7
stateCuriosity: -7.3272132009E7
stateCuriosity: -3.1960980841E7
stateCuriosity: 0.325
stateCuriosity: 8.881
stateCuriosity: 3.12
owltMSLEarth: 288.749
stateEarth: 3.3216083077E7
stateEarth: 7.3276519798E7
stateEarth: 3.1962894947E7
stateEarth: -0.324
stateEarth: -8.88
stateEarth: -3.119
owltEarthMSL: 288.767
positionEarthWRTCuriosity: 3.3216083077E7
positionEarthWRTCuriosity: 7.3276519798E7
positionEarthWRTCuriosity: 3.1962894947E7
owltEarthMSL2: 288.767
angSepHGAEarth: 53.321
utcTime: "2016-05-01~13:46:00"
sol: 1328
sclkValue: " 1/01328:11:25:07:86391"

2018-06-30 22:59:49,796 [roverGarbageCollector] INFO  space.exploration.mars.rover.kernel.PositionSensor - ephemerisTime: 5.15382428185469E8
stateCuriosity: -3.321409363E7
stateCuriosity: -7.3272132009E7
stateCuriosity: -3.1960980841E7
stateCuriosity: 0.325
stateCuriosity: 8.881
stateCuriosity: 3.12
owltMSLEarth: 288.749
stateEarth: 3.3216083077E7
stateEarth: 7.3276519798E7
stateEarth: 3.1962894947E7
stateEarth: -0.324
stateEarth: -8.88
stateEarth: -3.119
owltEarthMSL: 288.767
positionEarthWRTCuriosity: 3.3216083077E7
positionEarthWRTCuriosity: 7.3276519798E7
positionEarthWRTCuriosity: 3.1962894947E7
owltEarthMSL2: 288.767
angSepHGAEarth: 53.321
utcTime: "2016-05-01~13:46:00"
sol: 1328
sclkValue: " 1/01328:11:25:07:86391"

2018-06-30 22:59:49,796 [roverGarbageCollector] INFO  space.exploration.mars.rover.communication.Radio - One Way Light Time computed by SPICE :: 288.749
2018-06-30 22:59:50,631 [roverGarbageCollector] INFO  space.exploration.mars.rover.communication.Radio - Message encryption successful.
2018-06-30 22:59:50,632 [roverGarbageCollector] INFO  space.exploration.mars.rover.communication.Transmitter - Sending information packet to curiosity_to_earth_5
2018-06-30 22:59:53,633 [roverGarbageCollector] INFO  space.exploration.mars.rover.kernel.Rover - Trying to reflect rover state.Listening State Software Version - 2.0
2018-06-30 22:59:53,633 [roverGarbageCollector] INFO  space.exploration.mars.rover.diagnostics.RoverGarbageCollector - RoverGC trimming instructionQueue. Current length = 4
2018-06-30 22:59:53,633 [radio] INFO  space.exploration.mars.rover.kernel.Rover - Trying to reflect rover state.Listening State Software Version - 2.0
2018-06-30 22:59:53,634 [radio] INFO  space.exploration.mars.rover.kernel.ListeningState - timeStamp: 1530417407447
targets {
  roverModule: 9
  estimatedPowerUsage: 20
  action: "PerformRadarScan"
}

2018-06-30 22:59:59,651 [radio] INFO  space.exploration.mars.rover.kernel.ListeningState - 1530417599651,9,PerformRadarScan Current instructionQueue length = 4
2018-06-30 22:59:59,652 [radio] INFO  space.exploration.mars.rover.kernel.ListeningState - Rover Curiosity will do a radarScan!
2018-06-30 22:59:59,652 [radio] INFO  space.exploration.mars.rover.kernel.Rover - Trying to reflect rover state.Radar Scanning State Software Version - 2.0
2018-06-30 23:00:47,179 [radio] INFO  space.exploration.mars.rover.kernel.Rover - Trying to reflect rover state.Transmitting State Software Version - 2.0
2018-06-30 23:00:53,247 [radio] INFO  space.exploration.mars.rover.kernel.PositionSensor - Houston - this is curiosityActual.ephemerisTime: 5.15389988185468E8
stateCuriosity: -3.32119266E7
stateCuriosity: -7.3205467424E7
stateCuriosity: -3.1937516718E7
stateCuriosity: 0.258
stateCuriosity: 8.754
stateCuriosity: 3.082
owltMSLEarth: 288.53
stateEarth: 3.3213922208E7
stateEarth: 7.3209864366E7
stateEarth: 3.1939434977E7
stateEarth: -0.257
stateEarth: -8.752
stateEarth: -3.081
owltEarthMSL: 288.547
positionEarthWRTCuriosity: 3.3213922208E7
positionEarthWRTCuriosity: 7.3209864366E7
positionEarthWRTCuriosity: 3.1939434977E7
owltEarthMSL2: 288.547
angSepHGAEarth: 58.094
utcTime: "2016-05-01~15:52:00"
sol: 1328
sclkValue: " 1/01328:13:27:45:59079"

2018-06-30 23:00:53,280 [radio] INFO  space.exploration.mars.rover.kernel.PositionSensor - ephemerisTime: 5.15389988185468E8
stateCuriosity: -3.32119266E7
stateCuriosity: -7.3205467424E7
stateCuriosity: -3.1937516718E7
stateCuriosity: 0.258
stateCuriosity: 8.754
stateCuriosity: 3.082
owltMSLEarth: 288.53
stateEarth: 3.3213922208E7
stateEarth: 7.3209864366E7
stateEarth: 3.1939434977E7
stateEarth: -0.257
stateEarth: -8.752
stateEarth: -3.081
owltEarthMSL: 288.547
positionEarthWRTCuriosity: 3.3213922208E7
positionEarthWRTCuriosity: 7.3209864366E7
positionEarthWRTCuriosity: 3.1939434977E7
owltEarthMSL2: 288.547
angSepHGAEarth: 58.094
utcTime: "2016-05-01~15:54:00"
sol: 1328
sclkValue: " 1/01328:13:27:45:59079"

2018-06-30 23:00:53,280 [radio] INFO  space.exploration.mars.rover.communication.Radio - One Way Light Time computed by SPICE :: 288.53
2018-06-30 23:00:53,288 [radio] INFO  space.exploration.mars.rover.communication.Radio - Message encryption successful.
2018-06-30 23:00:53,288 [radio] INFO  space.exploration.mars.rover.communication.Transmitter - Sending information packet to curiosity_to_earth_5
2018-06-30 23:00:56,289 [radio] INFO  space.exploration.mars.rover.kernel.Rover - Trying to reflect rover state.Listening State Software Version - 2.0
2018-06-30 23:00:56,290 [radio] INFO  space.exploration.mars.rover.communication.Receiver - Time Elapsed since last message = 83717
2018-06-30 23:00:56,290 [roverGarbageCollector] INFO  space.exploration.mars.rover.kernel.Rover - Trying to reflect rover state.Listening State Software Version - 2.0
2018-06-30 23:00:56,290 [batteryMonitor] INFO  space.exploration.mars.rover.power.BatteryMonitor - BatteryMonitor performing due diligence. SCET = 1530417656290 Rover state = Listening State
2018-06-30 23:00:56,291 [roverGarbageCollector] INFO  space.exploration.mars.rover.kernel.ListeningState - timeStamp: 1530417209615
targets {
  roverModule: 1
  estimatedPowerUsage: 40
  action: "Move"
  auxiliaryData: "\n\006\b\277\004\020\310\001"
}

2018-06-30 23:00:56,342 [radio] INFO  space.exploration.mars.rover.kernel.PositionSensor - Houston - this is curiosityActual.ephemerisTime: 5.15390468185468E8
stateCuriosity: -3.3211803529E7
stateCuriosity: -7.3201267729E7
stateCuriosity: -3.1936038431E7
stateCuriosity: 0.255
stateCuriosity: 8.745
stateCuriosity: 3.078
owltMSLEarth: 288.516
stateEarth: 3.3213799509E7
stateEarth: 7.3205665211E7
stateEarth: 3.1937956934E7
stateEarth: -0.254
stateEarth: -8.744
stateEarth: -3.077
owltEarthMSL: 288.533
positionEarthWRTCuriosity: 3.3213799509E7
positionEarthWRTCuriosity: 7.3205665211E7
positionEarthWRTCuriosity: 3.1937956934E7
owltEarthMSL2: 288.533
angSepHGAEarth: 58.813
utcTime: "2016-05-01~16:00:00"
sol: 1328
sclkValue: " 1/01328:13:35:32:74806"

2018-06-30 23:00:56,375 [radio] INFO  space.exploration.mars.rover.kernel.PositionSensor - ephemerisTime: 5.15390468185468E8
stateCuriosity: -3.3211803529E7
stateCuriosity: -7.3201267729E7
stateCuriosity: -3.1936038431E7
stateCuriosity: 0.255
stateCuriosity: 8.745
stateCuriosity: 3.078
owltMSLEarth: 288.516
stateEarth: 3.3213799509E7
stateEarth: 7.3205665211E7
stateEarth: 3.1937956934E7
stateEarth: -0.254
stateEarth: -8.744
stateEarth: -3.077
owltEarthMSL: 288.533
positionEarthWRTCuriosity: 3.3213799509E7
positionEarthWRTCuriosity: 7.3205665211E7
positionEarthWRTCuriosity: 3.1937956934E7
owltEarthMSL2: 288.533
angSepHGAEarth: 58.813
utcTime: "2016-05-01~16:00:00"
sol: 1328
sclkValue: " 1/01328:13:35:32:74806"

2018-06-30 23:00:56,376 [radio] INFO  space.exploration.mars.rover.communication.Radio - One Way Light Time computed by SPICE :: 288.516
2018-06-30 23:01:02,307 [roverGarbageCollector] INFO  space.exploration.mars.rover.kernel.ListeningState - 1530417662307,1,Move Current instructionQueue length = 3
2018-06-30 23:01:02,493 [roverGarbageCollector] INFO  space.exploration.mars.rover.utils.HeatMap -  MaxQValue = 10.0
2018-06-30 23:01:02,493 [roverGarbageCollector] INFO  space.exploration.mars.rover.utils.HeatMap -  MinQValue = 0.0
2018-06-30 23:01:02,494 [roverGarbageCollector] INFO  space.exploration.mars.rover.utils.HeatMap -  MaxQValue = 10.0
2018-06-30 23:01:02,495 [roverGarbageCollector] INFO  space.exploration.mars.rover.utils.HeatMap -  MinQValue = 0.0
2018-06-30 23:01:02,495 [roverGarbageCollector] INFO  space.exploration.mars.rover.learning.ReinforcementLearner -  rlEngine logging totalExplorationSteps = 269104
2018-06-30 23:01:02,495 [roverGarbageCollector] INFO  space.exploration.mars.rover.kernel.ListeningState - Rover Curiosity is on the move!
2018-06-30 23:01:02,495 [roverGarbageCollector] INFO  space.exploration.mars.rover.kernel.Rover - Trying to reflect rover state.Moving State Software Version - 2.0
2018-06-30 23:01:02,640 [roverGarbageCollector] INFO  space.exploration.mars.rover.utils.HeatMap -  MaxQValue = 10.0
2018-06-30 23:01:02,640 [roverGarbageCollector] INFO  space.exploration.mars.rover.utils.HeatMap -  MinQValue = 0.0
2018-06-30 23:01:02,642 [roverGarbageCollector] INFO  space.exploration.mars.rover.utils.HeatMap -  MaxQValue = 10.0
2018-06-30 23:01:02,642 [roverGarbageCollector] INFO  space.exploration.mars.rover.utils.HeatMap -  MinQValue = 0.0
2018-06-30 23:01:02,642 [roverGarbageCollector] INFO  space.exploration.mars.rover.learning.ReinforcementLearner -  rlEngine logging totalExplorationSteps = 231062
2018-06-30 23:01:02,684 [roverGarbageCollector] INFO  space.exploration.mars.rover.sensor.TelemetrySensor - Telemetry relay commenced.
2018-06-30 23:01:29,239 [roverGarbageCollector] INFO  space.exploration.mars.rover.sensor.TelemetrySensor - Telemetry relay stopped, number of telemetryDataPoints = 63
2018-06-30 23:01:32,240 [roverGarbageCollector] INFO  space.exploration.mars.rover.kernel.Rover - Trying to reflect rover state.Transmitting State Software Version - 2.0
2018-06-30 23:01:38,277 [roverGarbageCollector] INFO  space.exploration.mars.rover.kernel.PositionSensor - Houston - this is curiosityActual.ephemerisTime: 5.15395388185467E8
stateCuriosity: -3.3210581781E7
stateCuriosity: -7.3158445066E7
stateCuriosity: -3.1920997386E7
stateCuriosity: 0.246
stateCuriosity: 8.664
stateCuriosity: 3.035
owltMSLEarth: 288.375
stateEarth: 3.3212580911E7
stateEarth: 7.316284667E7
stateEarth: 3.1922917789E7
stateEarth: -0.245
stateEarth: -8.663
stateEarth: -3.034
owltEarthMSL: 288.392
positionEarthWRTCuriosity: 3.3212580911E7
positionEarthWRTCuriosity: 7.316284667E7
positionEarthWRTCuriosity: 3.1922917789E7
owltEarthMSL2: 288.392
angSepHGAEarth: 68.265
utcTime: "2016-05-01~17:24:00"
sol: 1328
sclkValue: " 1/01328:14:55:21:11000"

2018-06-30 23:01:38,311 [roverGarbageCollector] INFO  space.exploration.mars.rover.kernel.PositionSensor - ephemerisTime: 5.15395508185467E8
stateCuriosity: -3.321055229E7
stateCuriosity: -7.3157405549E7
stateCuriosity: -3.1920633316E7
stateCuriosity: 0.246
stateCuriosity: 8.662
stateCuriosity: 3.033
owltMSLEarth: 288.371
stateEarth: 3.3212551476E7
stateEarth: 7.316180721E7
stateEarth: 3.1922553747E7
stateEarth: -0.245
stateEarth: -8.661
stateEarth: -3.033
owltEarthMSL: 288.389
positionEarthWRTCuriosity: 3.3212551476E7
positionEarthWRTCuriosity: 7.316180721E7
positionEarthWRTCuriosity: 3.1922553747E7
owltEarthMSL2: 288.389
angSepHGAEarth: 68.534
utcTime: "2016-05-01~17:24:00"
sol: 1328
sclkValue: " 1/01328:14:57:17:89932"

2018-06-30 23:01:38,311 [roverGarbageCollector] INFO  space.exploration.mars.rover.communication.Radio - One Way Light Time computed by SPICE :: 288.375
2018-06-30 23:01:38,322 [roverGarbageCollector] INFO  space.exploration.mars.rover.communication.Radio - Message encryption successful.
2018-06-30 23:01:38,323 [roverGarbageCollector] INFO  space.exploration.mars.rover.communication.Transmitter - Sending information packet to curiosity_to_earth_5
2018-06-30 23:01:41,323 [roverGarbageCollector] INFO  space.exploration.mars.rover.kernel.Rover - Trying to reflect rover state.Listening State Software Version - 2.0
2018-06-30 23:01:41,324 [roverGarbageCollector] INFO  space.exploration.mars.rover.diagnostics.RoverGarbageCollector - RoverGC trimming instructionQueue. Current length = 3
2018-06-30 23:01:41,324 [radio] INFO  space.exploration.mars.rover.kernel.Rover - Trying to reflect rover state.Listening State Software Version - 2.0
2018-06-30 23:01:41,324 [radio] INFO  space.exploration.mars.rover.kernel.ListeningState - timeStamp: 1530417433987
targets {
  roverModule: 6
  action: "Update Software"
  auxiliaryData: "\tffffff\376?\022`https://storage.googleapis.com/rover_artifacts/softwareUpdates/mars.rover-1.8-SOLSHOT-shaded.jar\032Phttps://storage.googleapis.com/rover_artifacts/softwareUpdates/softwareLaunch.sh\"!mars.rover-1.8-SOLSHOT-shaded.jar*\021softwareLaunch.sh"
}

2018-06-30 23:01:47,332 [radio] INFO  space.exploration.mars.rover.kernel.ListeningState - 1530417707332,6,Update Software Current instructionQueue length = 3
2018-06-30 23:01:47,332 [radio] WARN  space.exploration.mars.rover.kernel.Rover - Updating software. This is always a bit tricky!
2018-06-30 23:01:47,332 [radio] INFO  space.exploration.mars.rover.kernel.Rover - Trying to reflect rover state.Maintenance State Software Version - 2.0
2018-06-30 23:01:47,332 [radio] INFO  space.exploration.mars.rover.kernel.ListeningState - Rover commencing software update.
2018-06-30 23:01:47,332 [radio] ERROR space.exploration.mars.rover.kernel.ListeningState - Software already up to date.
2018-06-30 23:01:47,332 [batteryMonitor] INFO  space.exploration.mars.rover.power.BatteryMonitor -  Battery primaryUnits = 628 auxiliaryPowerUnits = 100
2018-06-30 23:01:47,332 [radio] INFO  space.exploration.mars.rover.communication.Receiver - Time Elapsed since last message = 51042
2018-06-30 23:01:47,332 [roverGarbageCollector] INFO  space.exploration.mars.rover.kernel.Rover - Trying to reflect rover state.Listening State Software Version - 2.0
2018-06-30 23:01:47,333 [roverGarbageCollector] INFO  space.exploration.mars.rover.kernel.ListeningState - timeStamp: 1530417236140
targets {
  roverModule: 10
  estimatedPowerUsage: 70
  action: "GetWeather"
}

2018-06-30 23:01:47,368 [radio] INFO  space.exploration.mars.rover.kernel.PositionSensor - Houston - this is curiosityActual.ephemerisTime: 5.15396588185467E8
stateCuriosity: -3.3210286127E7
stateCuriosity: -7.3148059915E7
stateCuriosity: -3.1917363154E7
stateCuriosity: 0.247
stateCuriosity: 8.645
stateCuriosity: 3.022
owltMSLEarth: 288.341
stateEarth: 3.3212285772E7
stateEarth: 7.3152461984E7
stateEarth: 3.1919283787E7
stateEarth: -0.247
stateEarth: -8.645
stateEarth: -3.022
owltEarthMSL: 288.358
positionEarthWRTCuriosity: 3.3212285772E7
positionEarthWRTCuriosity: 7.3152461984E7
positionEarthWRTCuriosity: 3.1919283787E7
owltEarthMSL2: 288.358
angSepHGAEarth: 71.027
utcTime: "2016-05-01~17:42:00"
sol: 1328
sclkValue: " 1/01328:15:14:49:00316"

2018-06-30 23:01:47,422 [radio] INFO  space.exploration.mars.rover.kernel.PositionSensor - ephemerisTime: 5.15396588185467E8
stateCuriosity: -3.3210286127E7
stateCuriosity: -7.3148059915E7
stateCuriosity: -3.1917363154E7
stateCuriosity: 0.247
stateCuriosity: 8.645
stateCuriosity: 3.022
owltMSLEarth: 288.341
stateEarth: 3.3212285772E7
stateEarth: 7.3152461984E7
stateEarth: 3.1919283787E7
stateEarth: -0.247
stateEarth: -8.645
stateEarth: -3.022
owltEarthMSL: 288.358
positionEarthWRTCuriosity: 3.3212285772E7
positionEarthWRTCuriosity: 7.3152461984E7
positionEarthWRTCuriosity: 3.1919283787E7
owltEarthMSL2: 288.358
angSepHGAEarth: 71.027
utcTime: "2016-05-01~17:42:00"
sol: 1328
sclkValue: " 1/01328:15:14:49:00316"

2018-06-30 23:01:47,422 [radio] INFO  space.exploration.mars.rover.communication.Radio - One Way Light Time computed by SPICE :: 288.341
2018-06-30 23:01:53,340 [roverGarbageCollector] INFO  space.exploration.mars.rover.kernel.ListeningState - 1530417713340,10,GetWeather Current instructionQueue length = 2
2018-06-30 23:01:53,340 [roverGarbageCollector] INFO  space.exploration.mars.rover.kernel.ListeningState - Rover will try to get weather measurements - actual Curiosity Data
2018-06-30 23:01:53,340 [roverGarbageCollector] INFO  space.exploration.mars.rover.kernel.Rover - Trying to reflect rover state.Weather Sensing State Software Version - 2.0
2018-06-30 23:01:53,340 [roverGarbageCollector] INFO  space.exploration.mars.rover.kernel.WeatherSensingState - Will get mars weather measurements
2018-06-30 23:01:56,351 [roverGarbageCollector] INFO  space.exploration.mars.rover.kernel.Rover - Trying to reflect rover state.Transmitting State Software Version - 2.0
2018-06-30 23:02:02,388 [roverGarbageCollector] INFO  space.exploration.mars.rover.kernel.PositionSensor - Houston - this is curiosityActual.ephemerisTime: 5.15398388185467E8
stateCuriosity: -3.3209836898E7
stateCuriosity: -7.3132522508E7
stateCuriosity: -3.1911939499E7
stateCuriosity: 0.252
stateCuriosity: 8.619
stateCuriosity: 3.004
owltMSLEarth: 288.29
stateEarth: 3.3211837074E7
stateEarth: 7.3136924759E7
stateEarth: 3.1913860256E7
stateEarth: -0.252
stateEarth: -8.619
stateEarth: -3.004
owltEarthMSL: 288.307
positionEarthWRTCuriosity: 3.3211837074E7
positionEarthWRTCuriosity: 7.3136924759E7
positionEarthWRTCuriosity: 3.1913860256E7
owltEarthMSL2: 288.307
angSepHGAEarth: 75.414
utcTime: "2016-05-01~18:12:00"
sol: 1328
sclkValue: " 1/01328:15:44:00:84289"

2018-06-30 23:02:02,422 [roverGarbageCollector] INFO  space.exploration.mars.rover.kernel.PositionSensor - ephemerisTime: 5.15398388185467E8
stateCuriosity: -3.3209836898E7
stateCuriosity: -7.3132522508E7
stateCuriosity: -3.1911939499E7
stateCuriosity: 0.252
stateCuriosity: 8.619
stateCuriosity: 3.004
owltMSLEarth: 288.29
stateEarth: 3.3211837074E7
stateEarth: 7.3136924759E7
stateEarth: 3.1913860256E7
stateEarth: -0.252
stateEarth: -8.619
stateEarth: -3.004
owltEarthMSL: 288.307
positionEarthWRTCuriosity: 3.3211837074E7
positionEarthWRTCuriosity: 7.3136924759E7
positionEarthWRTCuriosity: 3.1913860256E7
owltEarthMSL2: 288.307
angSepHGAEarth: 75.414
utcTime: "2016-05-01~18:12:00"
sol: 1328
sclkValue: " 1/01328:15:44:00:84289"

2018-06-30 23:02:02,422 [roverGarbageCollector] INFO  space.exploration.mars.rover.communication.Radio - One Way Light Time computed by SPICE :: 288.29
2018-06-30 23:02:02,429 [roverGarbageCollector] INFO  space.exploration.mars.rover.communication.Radio - Message encryption successful.
2018-06-30 23:02:02,430 [roverGarbageCollector] INFO  space.exploration.mars.rover.communication.Transmitter - Sending information packet to curiosity_to_earth_5
2018-06-30 23:02:05,430 [roverGarbageCollector] INFO  space.exploration.mars.rover.kernel.Rover - Trying to reflect rover state.Listening State Software Version - 2.0
2018-06-30 23:02:05,430 [roverGarbageCollector] INFO  space.exploration.mars.rover.diagnostics.RoverGarbageCollector - RoverGC trimming instructionQueue. Current length = 2
2018-06-30 23:02:05,430 [radio] INFO  space.exploration.mars.rover.kernel.Rover - Trying to reflect rover state.Listening State Software Version - 2.0
2018-06-30 23:02:05,430 [radio] INFO  space.exploration.mars.rover.kernel.ListeningState - timeStamp: 1530417460500
targets {
  roverModule: 1
  estimatedPowerUsage: 40
  action: "Move"
  auxiliaryData: "\n\006\b\254\002\020\330\004"
}

2018-06-30 23:02:11,438 [radio] INFO  space.exploration.mars.rover.kernel.ListeningState - 1530417731438,1,Move Current instructionQueue length = 2
2018-06-30 23:02:11,576 [radio] INFO  space.exploration.mars.rover.utils.HeatMap -  MaxQValue = 10.0
2018-06-30 23:02:11,576 [radio] INFO  space.exploration.mars.rover.utils.HeatMap -  MinQValue = 0.0
2018-06-30 23:02:11,577 [radio] INFO  space.exploration.mars.rover.utils.HeatMap -  MaxQValue = 10.0
2018-06-30 23:02:11,577 [radio] INFO  space.exploration.mars.rover.utils.HeatMap -  MinQValue = 0.0
2018-06-30 23:02:11,577 [radio] INFO  space.exploration.mars.rover.learning.ReinforcementLearner -  rlEngine logging totalExplorationSteps = 211481
2018-06-30 23:02:11,577 [radio] INFO  space.exploration.mars.rover.kernel.ListeningState - Rover Curiosity is on the move!
2018-06-30 23:02:11,578 [radio] INFO  space.exploration.mars.rover.kernel.Rover - Trying to reflect rover state.Moving State Software Version - 2.0
2018-06-30 23:02:11,746 [radio] INFO  space.exploration.mars.rover.utils.HeatMap -  MaxQValue = 10.0
2018-06-30 23:02:11,746 [radio] INFO  space.exploration.mars.rover.utils.HeatMap -  MinQValue = 0.0
2018-06-30 23:02:11,747 [radio] INFO  space.exploration.mars.rover.utils.HeatMap -  MaxQValue = 10.0
2018-06-30 23:02:11,747 [radio] INFO  space.exploration.mars.rover.utils.HeatMap -  MinQValue = 0.0
2018-06-30 23:02:11,747 [radio] INFO  space.exploration.mars.rover.learning.ReinforcementLearner -  rlEngine logging totalExplorationSteps = 242341
2018-06-30 23:02:11,790 [radio] INFO  space.exploration.mars.rover.sensor.TelemetrySensor - Telemetry relay commenced.
2018-06-30 23:02:40,262 [radio] INFO  space.exploration.mars.rover.sensor.TelemetrySensor - Telemetry relay stopped, number of telemetryDataPoints = 68
2018-06-30 23:02:43,262 [radio] INFO  space.exploration.mars.rover.kernel.Rover - Trying to reflect rover state.Transmitting State Software Version - 2.0
2018-06-30 23:02:49,316 [radio] INFO  space.exploration.mars.rover.kernel.PositionSensor - Houston - this is curiosityActual.ephemerisTime: 5.15404028185466E8
stateCuriosity: -3.3208326652E7
stateCuriosity: -7.3084110148E7
stateCuriosity: -3.1895171704E7
stateCuriosity: 0.288
stateCuriosity: 8.553
stateCuriosity: 2.942
owltMSLEarth: 288.13
stateEarth: 3.3210326238E7
stateEarth: 7.3088508155E7
stateEarth: 3.1897090775E7
stateEarth: -0.288
stateEarth: -8.554
stateEarth: -2.943
owltEarthMSL: 288.148
positionEarthWRTCuriosity: 3.3210326238E7
positionEarthWRTCuriosity: 7.3088508155E7
positionEarthWRTCuriosity: 3.1897090775E7
owltEarthMSL2: 288.148
angSepHGAEarth: 90.436
utcTime: "2016-05-01~19:46:00"
sol: 1328
sclkValue: " 1/01328:17:15:29:94073"

2018-06-30 23:02:49,350 [radio] INFO  space.exploration.mars.rover.kernel.PositionSensor - ephemerisTime: 5.15404028185466E8
stateCuriosity: -3.3208326652E7
stateCuriosity: -7.3084110148E7
stateCuriosity: -3.1895171704E7
stateCuriosity: 0.288
stateCuriosity: 8.553
stateCuriosity: 2.942
owltMSLEarth: 288.13
stateEarth: 3.3210326238E7
stateEarth: 7.3088508155E7
stateEarth: 3.1897090775E7
stateEarth: -0.288
stateEarth: -8.554
stateEarth: -2.943
owltEarthMSL: 288.148
positionEarthWRTCuriosity: 3.3210326238E7
positionEarthWRTCuriosity: 7.3088508155E7
positionEarthWRTCuriosity: 3.1897090775E7
owltEarthMSL2: 288.148
angSepHGAEarth: 90.436
utcTime: "2016-05-01~19:46:00"
sol: 1328
sclkValue: " 1/01328:17:15:29:94073"

2018-06-30 23:02:49,350 [radio] INFO  space.exploration.mars.rover.communication.Radio - One Way Light Time computed by SPICE :: 288.13
2018-06-30 23:02:49,363 [radio] INFO  space.exploration.mars.rover.communication.Radio - Message encryption successful.
2018-06-30 23:02:49,363 [radio] INFO  space.exploration.mars.rover.communication.Transmitter - Sending information packet to curiosity_to_earth_5
2018-06-30 23:02:52,364 [radio] INFO  space.exploration.mars.rover.kernel.Rover - Trying to reflect rover state.Listening State Software Version - 2.0
2018-06-30 23:02:52,364 [radio] INFO  space.exploration.mars.rover.communication.Receiver - Time Elapsed since last message = 65031
2018-06-30 23:02:52,364 [batteryMonitor] INFO  space.exploration.mars.rover.power.BatteryMonitor - BatteryMonitor performing due diligence. SCET = 1530417772364 Rover state = Listening State
2018-06-30 23:02:52,364 [roverGarbageCollector] INFO  space.exploration.mars.rover.kernel.Rover - Trying to reflect rover state.Listening State Software Version - 2.0
2018-06-30 23:02:52,365 [roverGarbageCollector] INFO  space.exploration.mars.rover.kernel.ListeningState - timeStamp: 1530417238875
targets {
  roverModule: 6
  action: "Request Rover Logs"
  auxiliaryData: "\n\023yyyy-MM-dd~HH:mm:ss\022\0232018-06-30~22:53:58\032\0232018-07-01~00:00:00"
}

2018-06-30 23:02:52,400 [radio] INFO  space.exploration.mars.rover.kernel.PositionSensor - Houston - this is curiosityActual.ephemerisTime: 5.15404388185466E8
stateCuriosity: -3.3208222522E7
stateCuriosity: -7.308103168E7
stateCuriosity: -3.1894113267E7
stateCuriosity: 0.291
stateCuriosity: 8.55
stateCuriosity: 2.938
owltMSLEarth: 288.12
stateEarth: 3.3210221939E7
stateEarth: 7.3085429138E7
stateEarth: 3.1896032111E7
stateEarth: -0.291
stateEarth: -8.551
stateEarth: -2.939
owltEarthMSL: 288.138
positionEarthWRTCuriosity: 3.3210221939E7
positionEarthWRTCuriosity: 7.3085429138E7
positionEarthWRTCuriosity: 3.1896032111E7
owltEarthMSL2: 288.138
angSepHGAEarth: 91.436
utcTime: "2016-05-01~19:52:00"
sol: 1328
sclkValue: " 1/01328:17:21:20:30868"

2018-06-30 23:02:52,435 [radio] INFO  space.exploration.mars.rover.kernel.PositionSensor - ephemerisTime: 5.15404388185466E8
stateCuriosity: -3.3208222522E7
stateCuriosity: -7.308103168E7
stateCuriosity: -3.1894113267E7
stateCuriosity: 0.291
stateCuriosity: 8.55
stateCuriosity: 2.938
owltMSLEarth: 288.12
stateEarth: 3.3210221939E7
stateEarth: 7.3085429138E7
stateEarth: 3.1896032111E7
stateEarth: -0.291
stateEarth: -8.551
stateEarth: -2.939
owltEarthMSL: 288.138
positionEarthWRTCuriosity: 3.3210221939E7
positionEarthWRTCuriosity: 7.3085429138E7
positionEarthWRTCuriosity: 3.1896032111E7
owltEarthMSL2: 288.138
angSepHGAEarth: 91.436
utcTime: "2016-05-01~19:52:00"
sol: 1328
sclkValue: " 1/01328:17:21:20:30868"

2018-06-30 23:02:52,436 [radio] INFO  space.exploration.mars.rover.communication.Radio - One Way Light Time computed by SPICE :: 288.12
2018-06-30 23:02:58,373 [roverGarbageCollector] INFO  space.exploration.mars.rover.kernel.ListeningState - 1530417778373,6,Request Rover Logs Current instructionQueue length = 1
2018-06-30 23:02:58,373 [roverGarbageCollector] INFO  space.exploration.mars.rover.kernel.ListeningState - Requesting logs in date format = yyyy-MM-dd~HH:mm:ss
2018-06-30 23:02:58,373 [roverGarbageCollector] INFO  space.exploration.mars.rover.kernel.ListeningState - Start date = 2018-06-30~22:53:58 End date = 2018-07-01~00:00:00
