2018-06-19 20:09:21,151 [roverGarbageCollector] INFO  space.exploration.mars.rover.diagnostics.RoverGarbageCollector - RoverGC trimming instructionQueue. Current length = 1
2018-06-19 20:09:21,152 [roverGarbageCollector] INFO  space.exploration.mars.rover.kernel.Rover - Trying to reflect rover state.Listening State Software Version - 2.0
2018-06-19 20:09:21,206 [roverGarbageCollector] INFO  space.exploration.mars.rover.kernel.ListeningState - timeStamp: 1529456951633
targets {
  roverModule: 6
  action: "Request Rover Logs"
  auxiliaryData: "\n\023yyyy-MM-dd~HH:mm:ss\022\0232018-06-19~20:09:11\032\0232018-06-20~00:00:00"
}

2018-06-19 20:09:27,113 [ZkClient-EventThread-31-localhost:2181] INFO  kafka.consumer.ZookeeperConsumerConnector - [space.exploration.mars.rover.curiosity.1529456927935_zion-mainframe-1529456939024-c33b8a3c], Topic info for path /brokers/topics/earth_to_curiosity_5 changed to {"version":1,"partitions":{"0":[0]}}, triggering rebalance
2018-06-19 20:09:27,118 [space.exploration.mars.rover.curiosity.1529456927935_zion-mainframe-1529456939024-c33b8a3c_watcher_executor] INFO  kafka.consumer.ZookeeperConsumerConnector - [space.exploration.mars.rover.curiosity.1529456927935_zion-mainframe-1529456939024-c33b8a3c], begin rebalancing consumer space.exploration.mars.rover.curiosity.1529456927935_zion-mainframe-1529456939024-c33b8a3c try #0
2018-06-19 20:09:27,135 [space.exploration.mars.rover.curiosity.1529456927935_zion-mainframe-1529456939024-c33b8a3c_watcher_executor] INFO     kafka.consumer.ConsumerFetcherManager - [ConsumerFetcherManager-1529456939057] Stopping leader finder thread
2018-06-19 20:09:27,136 [space.exploration.mars.rover.curiosity.1529456927935_zion-mainframe-1529456939024-c33b8a3c_watcher_executor] INFO  kafka.consumer.ConsumerFetcherManager$LeaderFinderThread - [space.exploration.mars.rover.curiosity.1529456927935_zion-mainframe-1529456939024-c33b8a3c-leader-finder-thread], Shutting down
2018-06-19 20:09:27,136 [space.exploration.mars.rover.curiosity.1529456927935_zion-mainframe-1529456939024-c33b8a3c-leader-finder-thread] INFO  kafka.consumer.ConsumerFetcherManager$LeaderFinderThread - [space.exploration.mars.rover.curiosity.1529456927935_zion-mainframe-1529456939024-c33b8a3c-leader-finder-thread], Stopped 
2018-06-19 20:09:27,136 [space.exploration.mars.rover.curiosity.1529456927935_zion-mainframe-1529456939024-c33b8a3c_watcher_executor] INFO  kafka.consumer.ConsumerFetcherManager$LeaderFinderThread - [space.exploration.mars.rover.curiosity.1529456927935_zion-mainframe-1529456939024-c33b8a3c-leader-finder-thread], Shutdown completed
2018-06-19 20:09:27,136 [space.exploration.mars.rover.curiosity.1529456927935_zion-mainframe-1529456939024-c33b8a3c_watcher_executor] INFO     kafka.consumer.ConsumerFetcherManager - [ConsumerFetcherManager-1529456939057] Stopping all fetchers
2018-06-19 20:09:27,136 [space.exploration.mars.rover.curiosity.1529456927935_zion-mainframe-1529456939024-c33b8a3c_watcher_executor] INFO     kafka.consumer.ConsumerFetcherManager - [ConsumerFetcherManager-1529456939057] All connections stopped
2018-06-19 20:09:27,136 [space.exploration.mars.rover.curiosity.1529456927935_zion-mainframe-1529456939024-c33b8a3c_watcher_executor] INFO  kafka.consumer.ZookeeperConsumerConnector - [space.exploration.mars.rover.curiosity.1529456927935_zion-mainframe-1529456939024-c33b8a3c], Cleared all relevant queues for this fetcher
2018-06-19 20:09:27,137 [space.exploration.mars.rover.curiosity.1529456927935_zion-mainframe-1529456939024-c33b8a3c_watcher_executor] INFO  kafka.consumer.ZookeeperConsumerConnector - [space.exploration.mars.rover.curiosity.1529456927935_zion-mainframe-1529456939024-c33b8a3c], Cleared the data chunks in all the consumer message iterators
2018-06-19 20:09:27,137 [space.exploration.mars.rover.curiosity.1529456927935_zion-mainframe-1529456939024-c33b8a3c_watcher_executor] INFO  kafka.consumer.ZookeeperConsumerConnector - [space.exploration.mars.rover.curiosity.1529456927935_zion-mainframe-1529456939024-c33b8a3c], Committing all offsets after clearing the fetcher queues
2018-06-19 20:09:27,137 [space.exploration.mars.rover.curiosity.1529456927935_zion-mainframe-1529456939024-c33b8a3c_watcher_executor] INFO  kafka.consumer.ZookeeperConsumerConnector - [space.exploration.mars.rover.curiosity.1529456927935_zion-mainframe-1529456939024-c33b8a3c], Releasing partition ownership
2018-06-19 20:09:27,153 [space.exploration.mars.rover.curiosity.1529456927935_zion-mainframe-1529456939024-c33b8a3c_watcher_executor] INFO              kafka.consumer.RangeAssignor - Consumer space.exploration.mars.rover.curiosity.1529456927935_zion-mainframe-1529456939024-c33b8a3c rebalancing the following partitions: ArrayBuffer(0) for topic earth_to_curiosity_5 with consumers: List(space.exploration.mars.rover.curiosity.1529456927935_zion-mainframe-1529456939024-c33b8a3c-0)
2018-06-19 20:09:27,155 [space.exploration.mars.rover.curiosity.1529456927935_zion-mainframe-1529456939024-c33b8a3c_watcher_executor] INFO              kafka.consumer.RangeAssignor - space.exploration.mars.rover.curiosity.1529456927935_zion-mainframe-1529456939024-c33b8a3c-0 attempting to claim partition 0
2018-06-19 20:09:27,171 [space.exploration.mars.rover.curiosity.1529456927935_zion-mainframe-1529456939024-c33b8a3c_watcher_executor] INFO  kafka.consumer.ZookeeperConsumerConnector - [space.exploration.mars.rover.curiosity.1529456927935_zion-mainframe-1529456939024-c33b8a3c], space.exploration.mars.rover.curiosity.1529456927935_zion-mainframe-1529456939024-c33b8a3c-0 successfully owned partition 0 for topic earth_to_curiosity_5
2018-06-19 20:09:27,176 [space.exploration.mars.rover.curiosity.1529456927935_zion-mainframe-1529456939024-c33b8a3c_watcher_executor] INFO  kafka.consumer.ZookeeperConsumerConnector - [space.exploration.mars.rover.curiosity.1529456927935_zion-mainframe-1529456939024-c33b8a3c], Consumer space.exploration.mars.rover.curiosity.1529456927935_zion-mainframe-1529456939024-c33b8a3c selected partitions : earth_to_curiosity_5:0: fetched offset = -1: consumed offset = -1
2018-06-19 20:09:27,176 [space.exploration.mars.rover.curiosity.1529456927935_zion-mainframe-1529456939024-c33b8a3c-leader-finder-thread] INFO  kafka.consumer.ConsumerFetcherManager$LeaderFinderThread - [space.exploration.mars.rover.curiosity.1529456927935_zion-mainframe-1529456939024-c33b8a3c-leader-finder-thread], Starting 
2018-06-19 20:09:27,176 [space.exploration.mars.rover.curiosity.1529456927935_zion-mainframe-1529456939024-c33b8a3c_watcher_executor] INFO  kafka.consumer.ZookeeperConsumerConnector - [space.exploration.mars.rover.curiosity.1529456927935_zion-mainframe-1529456939024-c33b8a3c], end rebalancing consumer space.exploration.mars.rover.curiosity.1529456927935_zion-mainframe-1529456939024-c33b8a3c try #0
2018-06-19 20:09:27,191 [space.exploration.mars.rover.curiosity.1529456927935_zion-mainframe-1529456939024-c33b8a3c-leader-finder-thread] INFO          kafka.utils.VerifiableProperties - Verifying properties
2018-06-19 20:09:27,191 [space.exploration.mars.rover.curiosity.1529456927935_zion-mainframe-1529456939024-c33b8a3c-leader-finder-thread] INFO          kafka.utils.VerifiableProperties - Property client.id is overridden to space.exploration.mars.rover.curiosity.1529456927935
2018-06-19 20:09:27,192 [space.exploration.mars.rover.curiosity.1529456927935_zion-mainframe-1529456939024-c33b8a3c-leader-finder-thread] INFO          kafka.utils.VerifiableProperties - Property metadata.broker.list is overridden to zion-mainframe:9092
2018-06-19 20:09:27,192 [space.exploration.mars.rover.curiosity.1529456927935_zion-mainframe-1529456939024-c33b8a3c-leader-finder-thread] INFO          kafka.utils.VerifiableProperties - Property request.timeout.ms is overridden to 30000
2018-06-19 20:09:27,201 [space.exploration.mars.rover.curiosity.1529456927935_zion-mainframe-1529456939024-c33b8a3c-leader-finder-thread] INFO                 kafka.client.ClientUtils$ - Fetching metadata from broker BrokerEndPoint(0,zion-mainframe,9092) with correlation id 0 for 1 topic(s) Set(earth_to_curiosity_5)
2018-06-19 20:09:27,203 [space.exploration.mars.rover.curiosity.1529456927935_zion-mainframe-1529456939024-c33b8a3c-leader-finder-thread] INFO               kafka.producer.SyncProducer - Connected to zion-mainframe:9092 for producing
2018-06-19 20:09:27,210 [space.exploration.mars.rover.curiosity.1529456927935_zion-mainframe-1529456939024-c33b8a3c-leader-finder-thread] INFO               kafka.producer.SyncProducer - Disconnecting from zion-mainframe:9092
2018-06-19 20:09:27,220 [ConsumerFetcherThread-space.exploration.mars.rover.curiosity.1529456927935_zion-mainframe-1529456939024-c33b8a3c-0-0] INFO      kafka.consumer.ConsumerFetcherThread - [ConsumerFetcherThread-space.exploration.mars.rover.curiosity.1529456927935_zion-mainframe-1529456939024-c33b8a3c-0-0], Starting 
2018-06-19 20:09:27,231 [space.exploration.mars.rover.curiosity.1529456927935_zion-mainframe-1529456939024-c33b8a3c-leader-finder-thread] INFO     kafka.consumer.ConsumerFetcherManager - [ConsumerFetcherManager-1529456939057] Added fetcher for partitions ArrayBuffer([[earth_to_curiosity_5,0], initOffset -1 to broker BrokerEndPoint(0,zion-mainframe,9092)] )
2018-06-19 20:09:27,249 [roverGarbageCollector] INFO  space.exploration.mars.rover.kernel.ListeningState - 1529456967249,6,Request Rover Logs Current instructionQueue length = 0
2018-06-19 20:09:27,249 [roverGarbageCollector] INFO  space.exploration.mars.rover.kernel.ListeningState - Requesting logs in date format = yyyy-MM-dd~HH:mm:ss
2018-06-19 20:09:27,249 [roverGarbageCollector] INFO  space.exploration.mars.rover.kernel.ListeningState - Start date = 2018-06-19~20:09:11 End date = 2018-06-20~00:00:00
