ephemerisTime: 5.07066548E8
localMeanSolarTime: " 01234M19:35:19.607 "
localTrueSolarTime: " 01234 19:53:07 "
boomOne {
  boomAirTemp: 214.12
  boomIntermediateAirTemp: 211.13
  boomAtsAirTemp: 208.27
  internalAirTempUncertainty: 0.14
  intermediateTempUncertainty: 0.32
  tipAirTempUncertainty: 0.32
  atsBoomConfidenceLevel: "    111XX1111 "
}
boomTwo {
  boomAirTemp: 213.71
  boomIntermediateAirTemp: 212.56
  boomAtsAirTemp: 211.92
  internalAirTempUncertainty: 0.16
  intermediateTempUncertainty: 0.12
  tipAirTempUncertainty: 0.35
  atsBoomConfidenceLevel: "    111XX1111 "
}
channelAHumidity {
  percentage: 4.68
  uncertainty: 10.0
}
channelBHumidity {
  percentage: 4.74
  uncertainty: 10.0
}
channelCHumidity {
  percentage: 4.95
  uncertainty: 10.0
}
humiditySensorTemp: 215.3
hsConfidenceLevel: "     0XXX "
pressureSensorConfig: " 2H "
pressureSensorConfidenceLevel: "      111 "
pressureSensor1 {
}
pressureSensor2 {
  thermoCapTemp: 286.6
  baroCapPressure: 815.22
  baroCapAbsoluteUncertainty: 6.0
}
