ephemerisTime: 5.15392868E8
localMeanSolarTime: " 01328M14:35:39.549 "
localTrueSolarTime: " 01328 15:07:01 "
boomOne {
  boomAirTemp: 264.92
  boomIntermediateAirTemp: 259.32
  boomAtsAirTemp: 256.91
  internalAirTempUncertainty: 0.14
  intermediateTempUncertainty: 0.32
  tipAirTempUncertainty: 0.32
  atsBoomConfidenceLevel: "    111XX0001 "
}
boomTwo {
  boomAirTemp: 267.83
  boomIntermediateAirTemp: 269.17
  boomAtsAirTemp: 266.71
  internalAirTempUncertainty: 0.16
  intermediateTempUncertainty: 0.12
  tipAirTempUncertainty: 0.35
  atsBoomConfidenceLevel: "    111XX0001 "
}
channelAHumidity {
  percentage: 0.78
  uncertainty: 2.0
}
channelBHumidity {
  percentage: 0.73
  uncertainty: 2.0
}
channelCHumidity {
  percentage: 0.76
  uncertainty: 2.0
}
humiditySensorTemp: 267.91
hsConfidenceLevel: "     0XXX "
pressureSensorConfig: " 2H "
pressureSensorConfidenceLevel: "      111 "
pressureSensor1 {
  thermoCapTemp: 297.92
}
pressureSensor2 {
  baroCapPressure: 697.73
  baroCapAbsoluteUncertainty: 5.1
}
