ephemerisTime: 5.43857715E8
localMeanSolarTime: " 01649M06:00:51.040 "
localTrueSolarTime: " 01649 05:10:43 "
boomOne {
  boomAirTemp: 200.46
  boomIntermediateAirTemp: 202.6
  boomAtsAirTemp: 202.95
  internalAirTempUncertainty: 0.55
  intermediateTempUncertainty: 0.32
  tipAirTempUncertainty: 1.19
  atsBoomConfidenceLevel: "    011XX1111 "
}
boomTwo {
  boomAirTemp: 147.38
  boomIntermediateAirTemp: 150.77
  boomAtsAirTemp: 143.16
  internalAirTempUncertainty: 1.13
  intermediateTempUncertainty: 1.06
  tipAirTempUncertainty: 1.58
  atsBoomConfidenceLevel: "    011XX1110 "
}
channelBHumidity {
}
channelCHumidity {
}
hsConfidenceLevel: "      UNK "
pressureSensorConfig: " 2L "
pressureSensorConfidenceLevel: "      101 "
pressureSensor1 {
  thermoCapTemp: 279.55
  baroCapPressure: 852.83
  baroCapAbsoluteUncertainty: 5.1
}
pressureSensor2 {
  thermoCapTemp: 279.54
  baroCapPressure: 849.96
  baroCapAbsoluteUncertainty: 6.4
}
