ephemerisTime: 5.36780469E8
localMeanSolarTime: " 01569M12:41:36.718 "
localTrueSolarTime: " 01569 12:05:46 "
boomOne {
  boomAirTemp: 253.71
  boomIntermediateAirTemp: 249.62
  boomAtsAirTemp: 244.76
  internalAirTempUncertainty: 0.14
  intermediateTempUncertainty: 0.32
  tipAirTempUncertainty: 0.32
  atsBoomConfidenceLevel: "    111XX1111 "
}
boomTwo {
  boomAirTemp: 255.7
  boomIntermediateAirTemp: 249.27
  boomAtsAirTemp: 245.61
  internalAirTempUncertainty: 0.16
  intermediateTempUncertainty: 0.12
  tipAirTempUncertainty: 0.35
  atsBoomConfidenceLevel: "    111XX1111 "
}
channelAHumidity {
  percentage: 1.18
  uncertainty: 2.0
}
channelBHumidity {
  percentage: 1.17
  uncertainty: 2.0
}
channelCHumidity {
  percentage: 1.24
  uncertainty: 2.0
}
humiditySensorTemp: 255.85
hsConfidenceLevel: "     0XXX "
pressureSensorConfig: " 2H "
pressureSensorConfidenceLevel: "      111 "
pressureSensor1 {
}
pressureSensor2 {
  baroCapPressure: 857.31
  baroCapAbsoluteUncertainty: 5.7
}
