ephemerisTime: 5.37960189E8
localMeanSolarTime: " 01582M19:37:43.317 "
localTrueSolarTime: " 01582 18:55:45 "
boomOne {
  boomAirTemp: 236.32
  boomIntermediateAirTemp: 235.88
  boomAtsAirTemp: 235.71
  internalAirTempUncertainty: 0.14
  intermediateTempUncertainty: 0.32
  tipAirTempUncertainty: 0.32
  atsBoomConfidenceLevel: "    111XX1111 "
}
boomTwo {
  boomAirTemp: 233.21
  boomIntermediateAirTemp: 232.22
  boomAtsAirTemp: 231.27
  internalAirTempUncertainty: 0.16
  intermediateTempUncertainty: 0.12
  tipAirTempUncertainty: 0.35
  atsBoomConfidenceLevel: "    111XX1111 "
}
channelAHumidity {
  percentage: 2.14
  uncertainty: 10.0
}
channelBHumidity {
  percentage: 2.19
  uncertainty: 10.0
}
channelCHumidity {
  percentage: 2.3
  uncertainty: 10.0
}
humiditySensorTemp: 234.48
hsConfidenceLevel: "     0XXX "
pressureSensorConfig: " 2H "
pressureSensorConfidenceLevel: "      111 "
pressureSensor1 {
}
pressureSensor2 {
  baroCapPressure: 833.79
  baroCapAbsoluteUncertainty: 5.7
}
