ephemerisTime: 5.43066466E8
localMeanSolarTime: " 01640M08:06:05.195 "
localTrueSolarTime: " 01640 07:15:05 "
boomOne {
  boomAirTemp: 208.44
  boomIntermediateAirTemp: 208.85
  boomAtsAirTemp: 208.92
  internalAirTempUncertainty: 0.55
  intermediateTempUncertainty: 0.32
  tipAirTempUncertainty: 1.19
  atsBoomConfidenceLevel: "    011XX1111 "
}
boomTwo {
  boomAirTemp: 182.18
  boomIntermediateAirTemp: 182.9
  boomAtsAirTemp: 150.31
  internalAirTempUncertainty: 1.13
  intermediateTempUncertainty: 1.06
  tipAirTempUncertainty: 1.58
  atsBoomConfidenceLevel: "    011XX0000 "
}
channelAHumidity {
  percentage: 5.41
  uncertainty: 10.0
}
channelBHumidity {
  percentage: 5.49
  uncertainty: 10.0
}
channelCHumidity {
  percentage: 5.72
  uncertainty: 10.0
}
humiditySensorTemp: 210.6
hsConfidenceLevel: "     0XXX "
pressureSensorConfig: " 2H "
pressureSensorConfidenceLevel: "      111 "
pressureSensor1 {
  baroCapPressure: 877.55
  baroCapAbsoluteUncertainty: 4.9
}
pressureSensor2 {
  baroCapPressure: 874.72
  baroCapAbsoluteUncertainty: 5.7
}
