ephemerisTime: 5.30038798E8
localMeanSolarTime: " 01493M14:05:41.933 "
localTrueSolarTime: " 01493 14:19:44 "
boomOne {
  boomAirTemp: 263.51
  boomIntermediateAirTemp: 262.18
  boomAtsAirTemp: 258.61
  internalAirTempUncertainty: 0.14
  intermediateTempUncertainty: 0.32
  tipAirTempUncertainty: 0.32
  atsBoomConfidenceLevel: "    111XX1111 "
}
boomTwo {
  boomAirTemp: 273.77
  boomIntermediateAirTemp: 274.21
  boomAtsAirTemp: 270.43
  internalAirTempUncertainty: 0.16
  intermediateTempUncertainty: 0.12
  tipAirTempUncertainty: 0.35
  atsBoomConfidenceLevel: "    111XX0001 "
}
channelAHumidity {
  percentage: 0.6
  uncertainty: 2.0
}
channelBHumidity {
  percentage: 0.56
  uncertainty: 2.0
}
channelCHumidity {
  percentage: 0.59
  uncertainty: 2.0
}
humiditySensorTemp: 273.88
hsConfidenceLevel: "     0XXX "
pressureSensorConfig: " 2H "
pressureSensorConfidenceLevel: "      111 "
pressureSensor1 {
  baroCapPressure: 861.09
  baroCapAbsoluteUncertainty: 4.7
}
pressureSensor2 {
  baroCapPressure: 857.91
  baroCapAbsoluteUncertainty: 5.3
}
