ephemerisTime: 5.43804849E8
localMeanSolarTime: " 01648M15:43:19.021 "
localTrueSolarTime: " 01648 14:53:07 "
boomOne {
  boomAirTemp: 271.5
  boomIntermediateAirTemp: 270.86
  boomAtsAirTemp: 267.75
  internalAirTempUncertainty: 0.14
  intermediateTempUncertainty: 0.32
  tipAirTempUncertainty: 0.32
  atsBoomConfidenceLevel: "    111XX0001 "
}
boomTwo {
  boomAirTemp: 260.77
  boomIntermediateAirTemp: 257.82
  boomAtsAirTemp: 254.95
  internalAirTempUncertainty: 0.16
  intermediateTempUncertainty: 0.12
  tipAirTempUncertainty: 0.35
  atsBoomConfidenceLevel: "    111XX1111 "
}
channelAHumidity {
  percentage: 1.09
  uncertainty: 2.0
}
channelBHumidity {
  percentage: 1.07
  uncertainty: 2.0
}
channelCHumidity {
  percentage: 1.14
  uncertainty: 2.0
}
humiditySensorTemp: 261.1
hsConfidenceLevel: "     0XXX "
pressureSensorConfig: " 2H "
pressureSensorConfidenceLevel: "      111 "
pressureSensor1 {
}
pressureSensor2 {
  baroCapPressure: 782.28
  baroCapAbsoluteUncertainty: 5.7
}
