ephemerisTime: 5.20188728E8
localMeanSolarTime: " 01382M15:08:46.997 "
localTrueSolarTime: " 01382 15:47:32 "
boomOne {
  boomAirTemp: 272.87
  boomIntermediateAirTemp: 272.22
  boomAtsAirTemp: 268.77
  internalAirTempUncertainty: 0.14
  intermediateTempUncertainty: 0.32
  tipAirTempUncertainty: 0.32
  atsBoomConfidenceLevel: "    111XX0101 "
}
boomTwo {
  boomAirTemp: 268.29
  boomIntermediateAirTemp: 267.14
  boomAtsAirTemp: 264.27
  internalAirTempUncertainty: 0.16
  intermediateTempUncertainty: 0.12
  tipAirTempUncertainty: 0.35
  atsBoomConfidenceLevel: "    111XX0001 "
}
channelAHumidity {
  percentage: 1.01
  uncertainty: 2.0
}
channelBHumidity {
  percentage: 0.98
  uncertainty: 2.0
}
channelCHumidity {
  percentage: 1.04
  uncertainty: 2.0
}
humiditySensorTemp: 268.38
hsConfidenceLevel: "     0XXX "
pressureSensorConfig: " 2H "
pressureSensorConfidenceLevel: "      111 "
pressureSensor1 {
}
pressureSensor2 {
  baroCapPressure: 702.83
  baroCapAbsoluteUncertainty: 5.1
}
