ephemerisTime: 5.38883229E8
localMeanSolarTime: " 01593M05:10:15.213 "
localTrueSolarTime: " 01593 04:24:32 "
boomOne {
  boomAirTemp: 205.21
  boomIntermediateAirTemp: 204.96
  boomAtsAirTemp: 205.4
  internalAirTempUncertainty: 0.55
  intermediateTempUncertainty: 0.32
  tipAirTempUncertainty: 1.19
  atsBoomConfidenceLevel: "    011XX1111 "
}
boomTwo {
  atsBoomConfidenceLevel: "          UNK "
}
channelBHumidity {
}
channelCHumidity {
}
hsConfidenceLevel: "      UNK "
pressureSensorConfig: " 2H "
pressureSensorConfidenceLevel: "      111 "
pressureSensor1 {
  thermoCapTemp: 280.55
}
pressureSensor2 {
  baroCapPressure: 879.01
  baroCapAbsoluteUncertainty: 5.7
}
