ephemerisTime: 5.13304518E8
localMeanSolarTime: " 01305M02:00:45.637 "
localTrueSolarTime: " 01305 02:28:22 "
boomOne {
  boomAirTemp: 198.91
  boomIntermediateAirTemp: 198.68
  boomAtsAirTemp: 198.51
  internalAirTempUncertainty: 0.55
  intermediateTempUncertainty: 0.32
  tipAirTempUncertainty: 1.19
  atsBoomConfidenceLevel: "    011XX1111 "
}
boomTwo {
  boomAirTemp: 145.9
  boomIntermediateAirTemp: 148.98
  boomAtsAirTemp: 144.36
  internalAirTempUncertainty: 1.13
  intermediateTempUncertainty: 1.06
  tipAirTempUncertainty: 1.58
  atsBoomConfidenceLevel: "    011XX1110 "
}
channelBHumidity {
}
channelCHumidity {
}
hsConfidenceLevel: "      UNK "
pressureSensorConfig: " 2H "
pressureSensorConfidenceLevel: "      101 "
pressureSensor1 {
}
pressureSensor2 {
  thermoCapTemp: 281.28
  baroCapPressure: 764.48
  baroCapAbsoluteUncertainty: 5.1
}
