ephemerisTime: 5.23695123E8
localMeanSolarTime: " 01422M03:05:38.144 "
localTrueSolarTime: " 01422 03:44:36 "
boomOne {
  boomAirTemp: 207.45
  boomIntermediateAirTemp: 207.1
  boomAtsAirTemp: 207.62
  internalAirTempUncertainty: 0.55
  intermediateTempUncertainty: 0.32
  tipAirTempUncertainty: 1.19
  atsBoomConfidenceLevel: "    011XX1111 "
}
boomTwo {
  boomAirTemp: 201.88
  boomIntermediateAirTemp: 201.54
  boomAtsAirTemp: 177.29
  internalAirTempUncertainty: 1.13
  intermediateTempUncertainty: 1.06
  tipAirTempUncertainty: 1.58
  atsBoomConfidenceLevel: "    011XX1110 "
}
channelAHumidity {
  percentage: 8.31
  uncertainty: 10.0
}
channelBHumidity {
  percentage: 8.33
  uncertainty: 10.0
}
channelCHumidity {
  percentage: 8.72
  uncertainty: 10.0
}
humiditySensorTemp: 207.71
hsConfidenceLevel: "     0XXX "
pressureSensorConfig: " 2H "
pressureSensorConfidenceLevel: "      111 "
pressureSensor1 {
  baroCapPressure: 821.78
  baroCapAbsoluteUncertainty: 4.7
}
pressureSensor2 {
  baroCapPressure: 819.34
  baroCapAbsoluteUncertainty: 5.3
}
