ephemerisTime: 5.06277188E8
localMeanSolarTime: " 01225M22:11:12.237 "
localTrueSolarTime: " 01225 22:27:47 "
boomOne {
  boomAirTemp: 204.11
  boomIntermediateAirTemp: 202.82
  boomAtsAirTemp: 201.53
  internalAirTempUncertainty: 0.55
  intermediateTempUncertainty: 0.32
  tipAirTempUncertainty: 1.19
  atsBoomConfidenceLevel: "    011XX1111 "
}
boomTwo {
  boomAirTemp: 199.69
  boomIntermediateAirTemp: 200.83
  boomAtsAirTemp: 193.82
  internalAirTempUncertainty: 1.13
  intermediateTempUncertainty: 1.06
  tipAirTempUncertainty: 1.58
  atsBoomConfidenceLevel: "    011XX1110 "
}
channelAHumidity {
  percentage: 8.53
  uncertainty: 10.0
}
channelBHumidity {
  percentage: 8.46
  uncertainty: 10.0
}
channelCHumidity {
  percentage: 8.84
  uncertainty: 10.0
}
humiditySensorTemp: 205.22
hsConfidenceLevel: "     0XXX "
pressureSensorConfig: " 2H "
pressureSensorConfidenceLevel: "      111 "
pressureSensor1 {
}
pressureSensor2 {
  baroCapPressure: 832.99
  baroCapAbsoluteUncertainty: 6.0
}
