ephemerisTime: 5.35901306E8
localMeanSolarTime: " 01559M15:00:48.265 "
localTrueSolarTime: " 01559 14:30:27 "
boomOne {
  boomAirTemp: 264.38
  boomIntermediateAirTemp: 266.83
  boomAtsAirTemp: 265.39
  internalAirTempUncertainty: 0.14
  intermediateTempUncertainty: 0.32
  tipAirTempUncertainty: 0.32
  atsBoomConfidenceLevel: "    111XX0011 "
}
boomTwo {
  boomAirTemp: 274.08
  boomIntermediateAirTemp: 273.69
  boomAtsAirTemp: 271.42
  internalAirTempUncertainty: 0.16
  intermediateTempUncertainty: 0.12
  tipAirTempUncertainty: 0.35
  atsBoomConfidenceLevel: "    111XX1101 "
}
channelBHumidity {
}
channelCHumidity {
}
hsConfidenceLevel: "      UNK "
pressureSensorConfig: " 2H "
pressureSensorConfidenceLevel: "      101 "
pressureSensor1 {
}
pressureSensor2 {
  thermoCapTemp: 295.99
  baroCapPressure: 839.15
  baroCapAbsoluteUncertainty: 5.7
}
