ephemerisTime: 5.37044585E8
localMeanSolarTime: " 01572M12:05:48.535 "
localTrueSolarTime: " 01572 11:28:28 "
boomOne {
  boomAirTemp: 254.4
  boomIntermediateAirTemp: 255.38
  boomAtsAirTemp: 249.35
  internalAirTempUncertainty: 0.14
  intermediateTempUncertainty: 0.32
  tipAirTempUncertainty: 0.32
  atsBoomConfidenceLevel: "    111XX1111 "
}
boomTwo {
  boomAirTemp: 258.39
  boomIntermediateAirTemp: 256.52
  boomAtsAirTemp: 247.35
  internalAirTempUncertainty: 0.16
  intermediateTempUncertainty: 0.12
  tipAirTempUncertainty: 0.35
  atsBoomConfidenceLevel: "    111XX0111 "
}
channelAHumidity {
  percentage: 0.98
  uncertainty: 2.0
}
channelBHumidity {
  percentage: 0.95
  uncertainty: 2.0
}
channelCHumidity {
  percentage: 1.03
  uncertainty: 2.0
}
humiditySensorTemp: 258.57
hsConfidenceLevel: "     0XXX "
pressureSensorConfig: " 2H "
pressureSensorConfidenceLevel: "      111 "
pressureSensor1 {
}
pressureSensor2 {
  baroCapPressure: 858.46
  baroCapAbsoluteUncertainty: 5.7
}
