ephemerisTime: 5.3728471E8
localMeanSolarTime: " 01575M05:00:51.027 "
localTrueSolarTime: " 01575 04:22:12 "
boomOne {
  boomAirTemp: 202.11
  boomIntermediateAirTemp: 203.03
  boomAtsAirTemp: 202.71
  internalAirTempUncertainty: 0.55
  intermediateTempUncertainty: 0.32
  tipAirTempUncertainty: 1.19
  atsBoomConfidenceLevel: "    011XX1111 "
}
boomTwo {
  boomAirTemp: 194.52
  boomIntermediateAirTemp: 195.07
  boomAtsAirTemp: 151.08
  internalAirTempUncertainty: 1.13
  intermediateTempUncertainty: 1.06
  tipAirTempUncertainty: 1.58
  atsBoomConfidenceLevel: "    011XX1110 "
}
channelBHumidity {
}
channelCHumidity {
}
hsConfidenceLevel: "      UNK "
pressureSensorConfig: " 2H "
pressureSensorConfidenceLevel: "      101 "
pressureSensor1 {
}
pressureSensor2 {
  thermoCapTemp: 280.84
  baroCapPressure: 895.61
  baroCapAbsoluteUncertainty: 5.7
}
