ephemerisTime: 5.17780928E8
localMeanSolarTime: " 01355M12:12:07.261 "
localTrueSolarTime: " 01355 12:47:39 "
boomOne {
  boomAirTemp: 259.2
  boomIntermediateAirTemp: 255.56
  boomAtsAirTemp: 251.45
  internalAirTempUncertainty: 0.14
  intermediateTempUncertainty: 0.32
  tipAirTempUncertainty: 0.32
  atsBoomConfidenceLevel: "    111XX1111 "
}
boomTwo {
  boomAirTemp: 256.1
  boomIntermediateAirTemp: 256.84
  boomAtsAirTemp: 255.75
  internalAirTempUncertainty: 0.16
  intermediateTempUncertainty: 0.12
  tipAirTempUncertainty: 0.35
  atsBoomConfidenceLevel: "    111XX1111 "
}
channelAHumidity {
  percentage: 1.05
  uncertainty: 2.0
}
channelBHumidity {
  percentage: 1.05
  uncertainty: 2.0
}
channelCHumidity {
  percentage: 1.11
  uncertainty: 2.0
}
humiditySensorTemp: 256.8
hsConfidenceLevel: "     0XXX "
pressureSensorConfig: " 2H "
pressureSensorConfidenceLevel: "      111 "
pressureSensor1 {
}
pressureSensor2 {
  baroCapPressure: 718.05
  baroCapAbsoluteUncertainty: 5.1
}
