ephemerisTime: 5.1910815E8
localMeanSolarTime: " 01370M11:00:50.695 "
localTrueSolarTime: " 01370 11:38:21 "
boomOne {
  boomAirTemp: 252.7
  boomIntermediateAirTemp: 253.47
  boomAtsAirTemp: 250.64
  internalAirTempUncertainty: 0.14
  intermediateTempUncertainty: 0.32
  tipAirTempUncertainty: 0.32
  atsBoomConfidenceLevel: "    111XX1111 "
}
boomTwo {
  boomAirTemp: 250.14
  boomIntermediateAirTemp: 252.97
  boomAtsAirTemp: 253.5
  internalAirTempUncertainty: 0.16
  intermediateTempUncertainty: 0.12
  tipAirTempUncertainty: 0.35
  atsBoomConfidenceLevel: "    111XX1111 "
}
channelBHumidity {
}
channelCHumidity {
}
hsConfidenceLevel: "      UNK "
pressureSensorConfig: " 2H "
pressureSensorConfidenceLevel: "      101 "
pressureSensor1 {
}
pressureSensor2 {
  thermoCapTemp: 291.01
  baroCapPressure: 729.94
  baroCapAbsoluteUncertainty: 5.1
}
