ephemerisTime: 5.44138149E8
localMeanSolarTime: " 01652M09:49:44.407 "
localTrueSolarTime: " 01652 09:00:02 "
boomOne {
  boomAirTemp: 234.28
  boomIntermediateAirTemp: 234.48
  boomAtsAirTemp: 233.09
  internalAirTempUncertainty: 0.14
  intermediateTempUncertainty: 0.32
  tipAirTempUncertainty: 0.32
  atsBoomConfidenceLevel: "    111XX0001 "
}
boomTwo {
  boomAirTemp: 235.33
  boomIntermediateAirTemp: 236.82
  boomAtsAirTemp: 236.13
  internalAirTempUncertainty: 0.16
  intermediateTempUncertainty: 0.12
  tipAirTempUncertainty: 0.35
  atsBoomConfidenceLevel: "    111XX0001 "
}
channelAHumidity {
  percentage: 1.79
  uncertainty: 10.0
}
channelBHumidity {
  percentage: 1.83
  uncertainty: 10.0
}
channelCHumidity {
  percentage: 1.95
  uncertainty: 10.0
}
humiditySensorTemp: 237.22
hsConfidenceLevel: "     0XXX "
pressureSensorConfig: " 2H "
pressureSensorConfidenceLevel: "      111 "
pressureSensor1 {
}
pressureSensor2 {
  baroCapPressure: 854.62
  baroCapAbsoluteUncertainty: 6.4
}
