ephemerisTime: 5.37440365E8
localMeanSolarTime: " 01576M23:05:42.798 "
localTrueSolarTime: " 01576 22:26:15 "
boomOne {
  boomAirTemp: 216.99
  boomIntermediateAirTemp: 216.91
  boomAtsAirTemp: 216.31
  internalAirTempUncertainty: 0.14
  intermediateTempUncertainty: 0.32
  tipAirTempUncertainty: 0.32
  atsBoomConfidenceLevel: "    111XX1111 "
}
boomTwo {
  boomAirTemp: 214.65
  boomIntermediateAirTemp: 215.78
  boomAtsAirTemp: 215.3
  internalAirTempUncertainty: 0.16
  intermediateTempUncertainty: 0.12
  tipAirTempUncertainty: 0.35
  atsBoomConfidenceLevel: "    111XX1111 "
}
channelAHumidity {
  percentage: 4.39
  uncertainty: 10.0
}
channelBHumidity {
  percentage: 4.41
  uncertainty: 10.0
}
channelCHumidity {
  percentage: 4.65
  uncertainty: 10.0
}
humiditySensorTemp: 217.43
hsConfidenceLevel: "     0XXX "
pressureSensorConfig: " 2H "
pressureSensorConfidenceLevel: "      111 "
pressureSensor1 {
  baroCapPressure: 875.13
  baroCapAbsoluteUncertainty: 4.9
}
pressureSensor2 {
  baroCapPressure: 872.64
  baroCapAbsoluteUncertainty: 5.7
}
