ephemerisTime: 5.11436861E8
localMeanSolarTime: " 01284M01:05:41.958 "
localTrueSolarTime: " 01284 01:30:08 "
boomOne {
  boomAirTemp: 202.39
  boomIntermediateAirTemp: 202.43
  boomAtsAirTemp: 203.1
  internalAirTempUncertainty: 0.55
  intermediateTempUncertainty: 0.32
  tipAirTempUncertainty: 1.19
  atsBoomConfidenceLevel: "    011XX1111 "
}
boomTwo {
  boomAirTemp: 189.11
  boomIntermediateAirTemp: 188.06
  boomAtsAirTemp: 145.47
  internalAirTempUncertainty: 1.13
  intermediateTempUncertainty: 1.06
  tipAirTempUncertainty: 1.58
  atsBoomConfidenceLevel: "    011XX1110 "
}
channelAHumidity {
  percentage: 14.41
  uncertainty: 20.0
}
channelBHumidity {
  percentage: 14.11
  uncertainty: 20.0
}
channelCHumidity {
  percentage: 14.56
  uncertainty: 20.0
}
humiditySensorTemp: 202.59
hsConfidenceLevel: "     0XXX "
pressureSensorConfig: " 2H "
pressureSensorConfidenceLevel: "      111 "
pressureSensor1 {
  baroCapPressure: 790.47
  baroCapAbsoluteUncertainty: 4.4
}
pressureSensor2 {
  baroCapPressure: 787.23
  baroCapAbsoluteUncertainty: 6.0
}
