ephemerisTime: 5.11843434E8
localMeanSolarTime: " 01288M15:00:40.546 "
localTrueSolarTime: " 01288 15:25:47 "
boomOne {
  boomAirTemp: 257.59
  boomIntermediateAirTemp: 258.27
  boomAtsAirTemp: 255.76
  internalAirTempUncertainty: 0.14
  intermediateTempUncertainty: 0.32
  tipAirTempUncertainty: 0.32
  atsBoomConfidenceLevel: "    111XX0001 "
}
boomTwo {
  boomAirTemp: 259.44
  boomIntermediateAirTemp: 260.41
  boomAtsAirTemp: 259.97
  internalAirTempUncertainty: 0.16
  intermediateTempUncertainty: 0.12
  tipAirTempUncertainty: 0.35
  atsBoomConfidenceLevel: "    111XX0001 "
}
channelBHumidity {
}
channelCHumidity {
}
hsConfidenceLevel: "      UNK "
pressureSensorConfig: " 2H "
pressureSensorConfidenceLevel: "      101 "
pressureSensor1 {
}
pressureSensor2 {
  thermoCapTemp: 291.63
  baroCapPressure: 730.59
  baroCapAbsoluteUncertainty: 6.0
}
