ephemerisTime: 5.36789049E8
localMeanSolarTime: " 01569M15:00:47.233 "
localTrueSolarTime: " 01569 14:24:54 "
boomOne {
  boomAirTemp: 264.23
  boomIntermediateAirTemp: 259.39
  boomAtsAirTemp: 257.35
  internalAirTempUncertainty: 0.14
  intermediateTempUncertainty: 0.32
  tipAirTempUncertainty: 0.32
  atsBoomConfidenceLevel: "    111XX0001 "
}
boomTwo {
  boomAirTemp: 274.94
  boomIntermediateAirTemp: 263.89
  boomAtsAirTemp: 258.3
  internalAirTempUncertainty: 0.16
  intermediateTempUncertainty: 0.12
  tipAirTempUncertainty: 0.35
  atsBoomConfidenceLevel: "    111XX1101 "
}
channelAHumidity {
  percentage: 0.64
  uncertainty: 2.0
}
channelBHumidity {
  percentage: 0.58
  uncertainty: 2.0
}
channelCHumidity {
  percentage: 0.61
  uncertainty: 2.0
}
humiditySensorTemp: 273.9
hsConfidenceLevel: "     0XXX "
pressureSensorConfig: " 2H "
pressureSensorConfidenceLevel: "      111 "
pressureSensor1 {
}
pressureSensor2 {
  baroCapPressure: 832.77
  baroCapAbsoluteUncertainty: 5.7
}
