ephemerisTime: 5.16500697E8
localMeanSolarTime: " 01341M02:05:37.982 "
localTrueSolarTime: " 01341 02:38:59 "
boomOne {
  boomAirTemp: 207.04
  boomIntermediateAirTemp: 205.51
  boomAtsAirTemp: 204.1
  internalAirTempUncertainty: 0.55
  intermediateTempUncertainty: 0.32
  tipAirTempUncertainty: 1.19
  atsBoomConfidenceLevel: "    011XX1111 "
}
boomTwo {
  boomAirTemp: 204.52
  boomIntermediateAirTemp: 202.67
  boomAtsAirTemp: 201.29
  internalAirTempUncertainty: 1.13
  intermediateTempUncertainty: 1.06
  tipAirTempUncertainty: 1.58
  atsBoomConfidenceLevel: "    011XX1111 "
}
channelAHumidity {
  percentage: 7.54
  uncertainty: 10.0
}
channelBHumidity {
  percentage: 7.52
  uncertainty: 10.0
}
channelCHumidity {
  percentage: 7.75
  uncertainty: 10.0
}
humiditySensorTemp: 207.74
hsConfidenceLevel: "     0XXX "
pressureSensorConfig: " 2H "
pressureSensorConfidenceLevel: "      111 "
pressureSensor1 {
}
pressureSensor2 {
  baroCapPressure: 746.59
  baroCapAbsoluteUncertainty: 5.1
}
