ephemerisTime: 5.17587879E8
localMeanSolarTime: " 01353M08:00:41.650 "
localTrueSolarTime: " 01353 08:35:55 "
boomOne {
  boomAirTemp: 231.36
  boomIntermediateAirTemp: 228.1
  boomAtsAirTemp: 225.52
  internalAirTempUncertainty: 0.14
  intermediateTempUncertainty: 0.32
  tipAirTempUncertainty: 0.32
  atsBoomConfidenceLevel: "    111XX0001 "
}
boomTwo {
  boomAirTemp: 218.38
  boomIntermediateAirTemp: 218.25
  boomAtsAirTemp: 216.23
  internalAirTempUncertainty: 0.16
  intermediateTempUncertainty: 0.12
  tipAirTempUncertainty: 0.35
  atsBoomConfidenceLevel: "    111XX1111 "
}
channelBHumidity {
}
channelCHumidity {
}
hsConfidenceLevel: "      UNK "
pressureSensorConfig: " 2H "
pressureSensorConfidenceLevel: "      101 "
pressureSensor1 {
}
pressureSensor2 {
  thermoCapTemp: 281.69
  baroCapPressure: 775.68
  baroCapAbsoluteUncertainty: 5.1
}
