ephemerisTime: 5.07923048E8
localMeanSolarTime: " 01244M11:08:31.216 "
localTrueSolarTime: " 01244 11:27:35 "
boomOne {
  boomAirTemp: 243.71
  boomIntermediateAirTemp: 239.01
  boomAtsAirTemp: 236.88
  internalAirTempUncertainty: 0.14
  intermediateTempUncertainty: 0.32
  tipAirTempUncertainty: 0.32
  atsBoomConfidenceLevel: "    111XX0001 "
}
boomTwo {
  boomAirTemp: 233.54
  boomIntermediateAirTemp: 234.82
  boomAtsAirTemp: 234.08
  internalAirTempUncertainty: 0.16
  intermediateTempUncertainty: 0.12
  tipAirTempUncertainty: 0.35
  atsBoomConfidenceLevel: "    111XX1111 "
}
channelAHumidity {
  percentage: 2.33
  uncertainty: 10.0
}
channelBHumidity {
  percentage: 2.34
  uncertainty: 10.0
}
channelCHumidity {
  percentage: 2.49
  uncertainty: 10.0
}
humiditySensorTemp: 234.49
hsConfidenceLevel: "     0XXX "
pressureSensorConfig: " 2H "
pressureSensorConfidenceLevel: "      111 "
pressureSensor1 {
}
pressureSensor2 {
  thermoCapTemp: 284.99
  baroCapPressure: 800.28
  baroCapAbsoluteUncertainty: 6.0
}
