ephemerisTime: 5.27401159E8
localMeanSolarTime: " 01463M21:00:50.589 "
localTrueSolarTime: " 01463 21:29:55 "
boomOne {
  boomAirTemp: 225.65
  boomIntermediateAirTemp: 225.18
  boomAtsAirTemp: 224.34
  internalAirTempUncertainty: 0.14
  intermediateTempUncertainty: 0.32
  tipAirTempUncertainty: 0.32
  atsBoomConfidenceLevel: "    111XX1111 "
}
boomTwo {
  boomAirTemp: 224.28
  boomIntermediateAirTemp: 224.91
  boomAtsAirTemp: 225.27
  internalAirTempUncertainty: 0.16
  intermediateTempUncertainty: 0.12
  tipAirTempUncertainty: 0.35
  atsBoomConfidenceLevel: "    111XX1111 "
}
channelBHumidity {
}
channelCHumidity {
}
hsConfidenceLevel: "      UNK "
pressureSensorConfig: " 2H "
pressureSensorConfidenceLevel: "      101 "
pressureSensor1 {
}
pressureSensor2 {
  thermoCapTemp: 287.32
  baroCapPressure: 869.87
  baroCapAbsoluteUncertainty: 5.3
}
