ephemerisTime: 5.40847749E8
localMeanSolarTime: " 01615M08:16:31.146 "
localTrueSolarTime: " 01615 07:26:03 "
boomOne {
  boomAirTemp: 214.32
  boomIntermediateAirTemp: 216.42
  boomAtsAirTemp: 216.85
  internalAirTempUncertainty: 0.14
  intermediateTempUncertainty: 0.32
  tipAirTempUncertainty: 0.32
  atsBoomConfidenceLevel: "    111XX0011 "
}
boomTwo {
  boomAirTemp: 213.52
  boomIntermediateAirTemp: 215.47
  boomAtsAirTemp: 213.8
  internalAirTempUncertainty: 0.16
  intermediateTempUncertainty: 0.12
  tipAirTempUncertainty: 0.35
  atsBoomConfidenceLevel: "    111XX0001 "
}
channelAHumidity {
  percentage: 4.81
  uncertainty: 10.0
}
channelBHumidity {
  percentage: 4.91
  uncertainty: 10.0
}
channelCHumidity {
  percentage: 5.11
  uncertainty: 10.0
}
humiditySensorTemp: 216.31
hsConfidenceLevel: "     0XXX "
pressureSensorConfig: " 2H "
pressureSensorConfidenceLevel: "      111 "
pressureSensor1 {
  thermoCapTemp: 282.98
}
pressureSensor2 {
  baroCapPressure: 879.47
  baroCapAbsoluteUncertainty: 5.7
}
