ephemerisTime: 5.38405389E8
localMeanSolarTime: " 01587M19:59:15.768 "
localTrueSolarTime: " 01587 19:15:22 "
boomOne {
  boomAirTemp: 232.43
  boomIntermediateAirTemp: 230.61
  boomAtsAirTemp: 228.83
  internalAirTempUncertainty: 0.14
  intermediateTempUncertainty: 0.32
  tipAirTempUncertainty: 0.32
  atsBoomConfidenceLevel: "    111XX1111 "
}
boomTwo {
  boomAirTemp: 229.77
  boomIntermediateAirTemp: 228.16
  boomAtsAirTemp: 226.16
  internalAirTempUncertainty: 0.16
  intermediateTempUncertainty: 0.12
  tipAirTempUncertainty: 0.35
  atsBoomConfidenceLevel: "    111XX1111 "
}
channelAHumidity {
  percentage: 2.27
  uncertainty: 10.0
}
channelBHumidity {
  percentage: 2.36
  uncertainty: 10.0
}
channelCHumidity {
  percentage: 2.48
  uncertainty: 10.0
}
humiditySensorTemp: 231.44
hsConfidenceLevel: "     0XXX "
pressureSensorConfig: " 2H "
pressureSensorConfidenceLevel: "      111 "
pressureSensor1 {
}
pressureSensor2 {
  baroCapPressure: 837.91
  baroCapAbsoluteUncertainty: 5.7
}
