ephemerisTime: 5.41764369E8
localMeanSolarTime: " 01625M16:04:54.754 "
localTrueSolarTime: " 01625 15:13:38 "
boomOne {
  boomAirTemp: 262.92
  boomIntermediateAirTemp: 263.97
  boomAtsAirTemp: 260.96
  internalAirTempUncertainty: 0.14
  intermediateTempUncertainty: 0.32
  tipAirTempUncertainty: 0.32
  atsBoomConfidenceLevel: "    111XX0011 "
}
boomTwo {
  boomAirTemp: 270.74
  boomIntermediateAirTemp: 270.27
  boomAtsAirTemp: 265.38
  internalAirTempUncertainty: 0.16
  intermediateTempUncertainty: 0.12
  tipAirTempUncertainty: 0.35
  atsBoomConfidenceLevel: "    111XX1101 "
}
channelAHumidity {
  percentage: 0.83
  uncertainty: 2.0
}
channelBHumidity {
  percentage: 0.78
  uncertainty: 2.0
}
channelCHumidity {
  percentage: 0.83
  uncertainty: 2.0
}
humiditySensorTemp: 270.94
hsConfidenceLevel: "     0XXX "
pressureSensorConfig: " 2H "
pressureSensorConfidenceLevel: "      111 "
pressureSensor1 {
}
pressureSensor2 {
  baroCapPressure: 776.73
  baroCapAbsoluteUncertainty: 5.7
}
