ephemerisTime: 5.18087551E8
localMeanSolarTime: " 01358M23:05:49.164 "
localTrueSolarTime: " 01358 23:41:50 "
boomOne {
  boomAirTemp: 212.41
  boomIntermediateAirTemp: 212.46
  boomAtsAirTemp: 212.88
  internalAirTempUncertainty: 0.14
  intermediateTempUncertainty: 0.32
  tipAirTempUncertainty: 0.32
  atsBoomConfidenceLevel: "    111XX1111 "
}
boomTwo {
  boomAirTemp: 207.81
  boomIntermediateAirTemp: 209.57
  boomAtsAirTemp: 207.87
  internalAirTempUncertainty: 0.16
  intermediateTempUncertainty: 0.12
  tipAirTempUncertainty: 0.35
  atsBoomConfidenceLevel: "    111XX1111 "
}
channelAHumidity {
  percentage: 6.44
  uncertainty: 10.0
}
channelBHumidity {
  percentage: 6.49
  uncertainty: 10.0
}
channelCHumidity {
  percentage: 6.78
  uncertainty: 10.0
}
humiditySensorTemp: 213.47
hsConfidenceLevel: "     0XXX "
pressureSensorConfig: " 2H "
pressureSensorConfidenceLevel: "      111 "
pressureSensor1 {
  baroCapPressure: 753.7
  baroCapAbsoluteUncertainty: 4.6
}
pressureSensor2 {
  baroCapPressure: 750.84
  baroCapAbsoluteUncertainty: 5.1
}
