ephemerisTime: 5.42500514E8
localMeanSolarTime: " 01633M23:05:50.439 "
localTrueSolarTime: " 01633 22:14:32 "
boomOne {
  boomAirTemp: 219.1
  boomIntermediateAirTemp: 218.94
  boomAtsAirTemp: 219.47
  internalAirTempUncertainty: 0.14
  intermediateTempUncertainty: 0.32
  tipAirTempUncertainty: 0.32
  atsBoomConfidenceLevel: "    111XX1111 "
}
boomTwo {
  boomAirTemp: 213.88
  boomIntermediateAirTemp: 214.86
  boomAtsAirTemp: 174.09
  internalAirTempUncertainty: 0.16
  intermediateTempUncertainty: 0.12
  tipAirTempUncertainty: 0.35
  atsBoomConfidenceLevel: "    111XX1110 "
}
channelAHumidity {
  percentage: 3.78
  uncertainty: 10.0
}
channelBHumidity {
  percentage: 3.83
  uncertainty: 10.0
}
channelCHumidity {
  percentage: 4.02
  uncertainty: 10.0
}
humiditySensorTemp: 219.5
hsConfidenceLevel: "     0XXX "
pressureSensorConfig: " 2H "
pressureSensorConfidenceLevel: "      111 "
pressureSensor1 {
  baroCapPressure: 844.36
  baroCapAbsoluteUncertainty: 4.9
}
pressureSensor2 {
  baroCapPressure: 841.6
  baroCapAbsoluteUncertainty: 5.7
}
