ephemerisTime: 5.09069228E8
localMeanSolarTime: " 01257M09:00:34.893 "
localTrueSolarTime: " 01257 09:21:21 "
boomOne {
  boomAirTemp: 233.22
  boomIntermediateAirTemp: 231.39
  boomAtsAirTemp: 232.03
  internalAirTempUncertainty: 0.14
  intermediateTempUncertainty: 0.32
  tipAirTempUncertainty: 0.32
  atsBoomConfidenceLevel: "    111XX0001 "
}
boomTwo {
  boomAirTemp: 224.29
  boomIntermediateAirTemp: 216.08
  boomAtsAirTemp: 213.98
  internalAirTempUncertainty: 0.16
  intermediateTempUncertainty: 0.12
  tipAirTempUncertainty: 0.35
  atsBoomConfidenceLevel: "    111XX0001 "
}
channelAHumidity {
  percentage: 2.48
  uncertainty: 10.0
}
channelBHumidity {
  percentage: 2.56
  uncertainty: 10.0
}
channelCHumidity {
  percentage: 2.69
  uncertainty: 10.0
}
humiditySensorTemp: 224.46
hsConfidenceLevel: "     0XXX "
pressureSensorConfig: " 2H "
pressureSensorConfidenceLevel: "      111 "
pressureSensor1 {
}
pressureSensor2 {
  thermoCapTemp: 281.65
  baroCapPressure: 801.93
  baroCapAbsoluteUncertainty: 6.0
}
