ephemerisTime: 5.31270237E8
localMeanSolarTime: " 01507M11:00:44.229 "
localTrueSolarTime: " 01507 11:05:50 "
boomOne {
  boomAirTemp: 249.01
  boomIntermediateAirTemp: 245.86
  boomAtsAirTemp: 241.46
  internalAirTempUncertainty: 0.14
  intermediateTempUncertainty: 0.32
  tipAirTempUncertainty: 0.32
  atsBoomConfidenceLevel: "    111XX1111 "
}
boomTwo {
  boomAirTemp: 260.31
  boomIntermediateAirTemp: 261.73
  boomAtsAirTemp: 261.92
  internalAirTempUncertainty: 0.16
  intermediateTempUncertainty: 0.12
  tipAirTempUncertainty: 0.35
  atsBoomConfidenceLevel: "    111XX0001 "
}
channelBHumidity {
}
channelCHumidity {
}
hsConfidenceLevel: "      UNK "
pressureSensorConfig: " 2H "
pressureSensorConfidenceLevel: "      101 "
pressureSensor1 {
}
pressureSensor2 {
  thermoCapTemp: 287.49
  baroCapPressure: 904.96
  baroCapAbsoluteUncertainty: 5.3
}
