ephemerisTime: 5.05466478E8
localMeanSolarTime: " 01216M19:00:45.906 "
localTrueSolarTime: " 01216 19:16:04 "
boomOne {
  boomAirTemp: 214.52
  boomIntermediateAirTemp: 214.32
  boomAtsAirTemp: 213.1
  internalAirTempUncertainty: 0.14
  intermediateTempUncertainty: 0.32
  tipAirTempUncertainty: 0.32
  atsBoomConfidenceLevel: "    111XX1111 "
}
boomTwo {
  boomAirTemp: 212.53
  boomIntermediateAirTemp: 211.57
  boomAtsAirTemp: 211.49
  internalAirTempUncertainty: 0.16
  intermediateTempUncertainty: 0.12
  tipAirTempUncertainty: 0.35
  atsBoomConfidenceLevel: "    111XX1111 "
}
channelBHumidity {
}
channelCHumidity {
}
hsConfidenceLevel: "      UNK "
pressureSensorConfig: " 2H "
pressureSensorConfidenceLevel: "      101 "
pressureSensor1 {
}
pressureSensor2 {
  thermoCapTemp: 284.24
  baroCapPressure: 832.65
  baroCapAbsoluteUncertainty: 6.0
}
