ephemerisTime: 5.09631477E8
localMeanSolarTime: " 01263M17:00:45.691 "
localTrueSolarTime: " 01263 17:22:22 "
boomOne {
  boomAirTemp: 236.62
  boomIntermediateAirTemp: 235.48
  boomAtsAirTemp: 234.39
  internalAirTempUncertainty: 0.14
  intermediateTempUncertainty: 0.32
  tipAirTempUncertainty: 0.32
  atsBoomConfidenceLevel: "    111XX1111 "
}
boomTwo {
  boomAirTemp: 238.8
  boomIntermediateAirTemp: 238.06
  boomAtsAirTemp: 235.59
  internalAirTempUncertainty: 0.16
  intermediateTempUncertainty: 0.12
  tipAirTempUncertainty: 0.35
  atsBoomConfidenceLevel: "    111XX0001 "
}
channelBHumidity {
}
channelCHumidity {
}
hsConfidenceLevel: "      UNK "
pressureSensorConfig: " 2H "
pressureSensorConfidenceLevel: "      101 "
pressureSensor1 {
}
pressureSensor2 {
  thermoCapTemp: 289.14
  baroCapPressure: 755.31
  baroCapAbsoluteUncertainty: 6.0
}
