ephemerisTime: 5.34473509E8
localMeanSolarTime: " 01543M13:00:39.861 "
localTrueSolarTime: " 01543 12:40:32 "
boomOne {
  boomAirTemp: 266.53
  boomIntermediateAirTemp: 267.78
  boomAtsAirTemp: 264.56
  internalAirTempUncertainty: 0.14
  intermediateTempUncertainty: 0.32
  tipAirTempUncertainty: 0.32
  atsBoomConfidenceLevel: "    111XX0001 "
}
boomTwo {
  boomAirTemp: 260.63
  boomIntermediateAirTemp: 260.12
  boomAtsAirTemp: 252.87
  internalAirTempUncertainty: 0.16
  intermediateTempUncertainty: 0.12
  tipAirTempUncertainty: 0.35
  atsBoomConfidenceLevel: "    111XX1111 "
}
channelBHumidity {
}
channelCHumidity {
}
hsConfidenceLevel: "      UNK "
pressureSensorConfig: " 2H "
pressureSensorConfidenceLevel: "      101 "
pressureSensor1 {
}
pressureSensor2 {
  thermoCapTemp: 292.64
  baroCapPressure: 870.2
  baroCapAbsoluteUncertainty: 5.7
}
