ephemerisTime: 5.07938468E8
localMeanSolarTime: " 01244M15:18:38.784 "
localTrueSolarTime: " 01244 15:37:44 "
boomOne {
  boomAirTemp: 255.96
  boomIntermediateAirTemp: 249.57
  boomAtsAirTemp: 244.88
  internalAirTempUncertainty: 0.14
  intermediateTempUncertainty: 0.32
  tipAirTempUncertainty: 0.32
  atsBoomConfidenceLevel: "    111XX0001 "
}
boomTwo {
  boomAirTemp: 254.94
  boomIntermediateAirTemp: 248.67
  boomAtsAirTemp: 243.67
  internalAirTempUncertainty: 0.16
  intermediateTempUncertainty: 0.12
  tipAirTempUncertainty: 0.35
  atsBoomConfidenceLevel: "    111XX0001 "
}
channelAHumidity {
  percentage: 1.24
  uncertainty: 2.0
}
channelBHumidity {
  percentage: 1.23
  uncertainty: 2.0
}
channelCHumidity {
  percentage: 1.32
  uncertainty: 2.0
}
humiditySensorTemp: 254.27
hsConfidenceLevel: "     0XXX "
pressureSensorConfig: " 2H "
pressureSensorConfidenceLevel: "      111 "
pressureSensor1 {
  thermoCapTemp: 293.71
}
pressureSensor2 {
  baroCapPressure: 777.06
  baroCapAbsoluteUncertainty: 6.0
}
