ephemerisTime: 5.19326688E8
localMeanSolarTime: " 01372M22:05:43.565 "
localTrueSolarTime: " 01372 22:43:30 "
boomOne {
  boomAirTemp: 217.07
  boomIntermediateAirTemp: 217.6
  boomAtsAirTemp: 217.79
  internalAirTempUncertainty: 0.14
  intermediateTempUncertainty: 0.32
  tipAirTempUncertainty: 0.32
  atsBoomConfidenceLevel: "    111XX1111 "
}
boomTwo {
  boomAirTemp: 211.01
  boomIntermediateAirTemp: 211.52
  boomAtsAirTemp: 206.68
  internalAirTempUncertainty: 0.16
  intermediateTempUncertainty: 0.12
  tipAirTempUncertainty: 0.35
  atsBoomConfidenceLevel: "    111XX1110 "
}
channelAHumidity {
  percentage: 4.8
  uncertainty: 10.0
}
channelBHumidity {
  percentage: 4.87
  uncertainty: 10.0
}
channelCHumidity {
  percentage: 5.1
  uncertainty: 10.0
}
humiditySensorTemp: 216.2
hsConfidenceLevel: "     0XXX "
pressureSensorConfig: " 2H "
pressureSensorConfidenceLevel: "      111 "
pressureSensor1 {
  baroCapPressure: 754.77
  baroCapAbsoluteUncertainty: 4.6
}
pressureSensor2 {
  baroCapPressure: 752.05
  baroCapAbsoluteUncertainty: 5.1
}
