ephemerisTime: 5.43162629E8
localMeanSolarTime: " 01641M10:05:56.169 "
localTrueSolarTime: " 01641 09:15:00 "
boomOne {
  boomAirTemp: 228.58
  boomIntermediateAirTemp: 230.39
  boomAtsAirTemp: 227.29
  internalAirTempUncertainty: 0.14
  intermediateTempUncertainty: 0.32
  tipAirTempUncertainty: 0.32
  atsBoomConfidenceLevel: "    111XX1111 "
}
boomTwo {
  boomAirTemp: 235.85
  boomIntermediateAirTemp: 239.65
  boomAtsAirTemp: 235.32
  internalAirTempUncertainty: 0.16
  intermediateTempUncertainty: 0.12
  tipAirTempUncertainty: 0.35
  atsBoomConfidenceLevel: "    111XX0001 "
}
channelAHumidity {
  percentage: 1.76
  uncertainty: 10.0
}
channelBHumidity {
  percentage: 1.81
  uncertainty: 10.0
}
channelCHumidity {
  percentage: 1.93
  uncertainty: 10.0
}
humiditySensorTemp: 237.12
hsConfidenceLevel: "     0XXX "
pressureSensorConfig: " 2H "
pressureSensorConfidenceLevel: "      111 "
pressureSensor1 {
  baroCapPressure: 855.52
  baroCapAbsoluteUncertainty: 4.9
}
pressureSensor2 {
  baroCapPressure: 852.25
  baroCapAbsoluteUncertainty: 5.7
}
