ephemerisTime: 5.31022412E8
localMeanSolarTime: " 01504M16:00:47.685 "
localTrueSolarTime: " 01504 16:07:46 "
boomOne {
  boomAirTemp: 271.24
  boomIntermediateAirTemp: 273.95
  boomAtsAirTemp: 273.12
  internalAirTempUncertainty: 0.14
  intermediateTempUncertainty: 0.32
  tipAirTempUncertainty: 0.32
  atsBoomConfidenceLevel: "    111XX0001 "
}
boomTwo {
  boomAirTemp: 267.7
  boomIntermediateAirTemp: 263.85
  boomAtsAirTemp: 261.13
  internalAirTempUncertainty: 0.16
  intermediateTempUncertainty: 0.12
  tipAirTempUncertainty: 0.35
  atsBoomConfidenceLevel: "    111XX0001 "
}
channelBHumidity {
}
channelCHumidity {
}
hsConfidenceLevel: "      UNK "
pressureSensorConfig: " 2H "
pressureSensorConfidenceLevel: "      101 "
pressureSensor1 {
}
pressureSensor2 {
  thermoCapTemp: 298.15
  baroCapPressure: 851.98
  baroCapAbsoluteUncertainty: 5.3
}
