ephemerisTime: 5.09003768E8
localMeanSolarTime: " 01256M15:18:45.720 "
localTrueSolarTime: " 01256 15:39:26 "
boomOne {
  boomAirTemp: 251.19
  boomIntermediateAirTemp: 246.38
  boomAtsAirTemp: 241.79
  internalAirTempUncertainty: 0.14
  intermediateTempUncertainty: 0.32
  tipAirTempUncertainty: 0.32
  atsBoomConfidenceLevel: "    111XX0001 "
}
boomTwo {
  boomAirTemp: 251.05
  boomIntermediateAirTemp: 243.87
  boomAtsAirTemp: 244.32
  internalAirTempUncertainty: 0.16
  intermediateTempUncertainty: 0.12
  tipAirTempUncertainty: 0.35
  atsBoomConfidenceLevel: "    111XX0001 "
}
channelAHumidity {
  percentage: 1.28
  uncertainty: 2.0
}
channelBHumidity {
  percentage: 1.29
  uncertainty: 2.0
}
channelCHumidity {
  percentage: 1.36
  uncertainty: 2.0
}
humiditySensorTemp: 250.48
hsConfidenceLevel: "     0XXX "
pressureSensorConfig: " 2H "
pressureSensorConfidenceLevel: "      111 "
pressureSensor1 {
}
pressureSensor2 {
  baroCapPressure: 763.04
  baroCapAbsoluteUncertainty: 6.0
}
