ephemerisTime: 5.07964268E8
localMeanSolarTime: " 01244M22:17:08.724 "
localTrueSolarTime: " 01244 22:36:17 "
boomOne {
  boomAirTemp: 207.5
  boomIntermediateAirTemp: 205.7
  boomAtsAirTemp: 203.35
  internalAirTempUncertainty: 0.55
  intermediateTempUncertainty: 0.32
  tipAirTempUncertainty: 1.19
  atsBoomConfidenceLevel: "    011XX1111 "
}
boomTwo {
  boomAirTemp: 203.28
  boomIntermediateAirTemp: 200.69
  boomAtsAirTemp: 194.06
  internalAirTempUncertainty: 0.16
  intermediateTempUncertainty: 0.12
  tipAirTempUncertainty: 0.35
  atsBoomConfidenceLevel: "    111XX1110 "
}
channelAHumidity {
  percentage: 8.33
  uncertainty: 10.0
}
channelBHumidity {
  percentage: 8.24
  uncertainty: 10.0
}
channelCHumidity {
  percentage: 8.55
  uncertainty: 10.0
}
humiditySensorTemp: 207.96
hsConfidenceLevel: "     0XXX "
pressureSensorConfig: " 2H "
pressureSensorConfidenceLevel: "      111 "
pressureSensor1 {
}
pressureSensor2 {
  baroCapPressure: 812.36
  baroCapAbsoluteUncertainty: 6.0
}
