ephemerisTime: 5.41024638E8
localMeanSolarTime: " 01617M08:05:48.981 "
localTrueSolarTime: " 01617 07:15:07 "
boomOne {
  boomAirTemp: 207.85
  boomIntermediateAirTemp: 209.56
  boomAtsAirTemp: 211.35
  internalAirTempUncertainty: 0.55
  intermediateTempUncertainty: 0.32
  tipAirTempUncertainty: 1.19
  atsBoomConfidenceLevel: "    011XX0011 "
}
boomTwo {
  boomAirTemp: 160.24
  boomIntermediateAirTemp: 162.87
  boomAtsAirTemp: 151.04
  internalAirTempUncertainty: 1.13
  intermediateTempUncertainty: 1.06
  tipAirTempUncertainty: 1.58
  atsBoomConfidenceLevel: "    011XX0000 "
}
channelAHumidity {
  percentage: 6.13
  uncertainty: 10.0
}
channelBHumidity {
  percentage: 6.24
  uncertainty: 10.0
}
channelCHumidity {
  percentage: 6.53
  uncertainty: 10.0
}
humiditySensorTemp: 210.13
hsConfidenceLevel: "     0XXX "
pressureSensorConfig: " 2H "
pressureSensorConfidenceLevel: "      111 "
pressureSensor1 {
  baroCapPressure: 883.44
  baroCapAbsoluteUncertainty: 4.9
}
pressureSensor2 {
  baroCapPressure: 880.29
  baroCapAbsoluteUncertainty: 5.7
}
