ephemerisTime: 5.23502864E8
localMeanSolarTime: " 01419M23:07:01.402 "
localTrueSolarTime: " 01419 23:46:11 "
boomOne {
  boomAirTemp: 216.58
  boomIntermediateAirTemp: 216.85
  boomAtsAirTemp: 216.83
  internalAirTempUncertainty: 0.14
  intermediateTempUncertainty: 0.32
  tipAirTempUncertainty: 0.32
  atsBoomConfidenceLevel: "    111XX1111 "
}
boomTwo {
  boomAirTemp: 215.48
  boomIntermediateAirTemp: 216.38
  boomAtsAirTemp: 216.89
  internalAirTempUncertainty: 0.16
  intermediateTempUncertainty: 0.12
  tipAirTempUncertainty: 0.35
  atsBoomConfidenceLevel: "    111XX1111 "
}
channelAHumidity {
  percentage: 3.98
  uncertainty: 10.0
}
channelBHumidity {
  percentage: 4.07
  uncertainty: 10.0
}
channelCHumidity {
  percentage: 4.27
  uncertainty: 10.0
}
humiditySensorTemp: 217.04
hsConfidenceLevel: "     0XXX "
pressureSensorConfig: " 1L "
pressureSensorConfidenceLevel: "      011 "
pressureSensor1 {
  thermoCapTemp: 282.88
  baroCapPressure: 804.26
  baroCapAbsoluteUncertainty: 4.8
}
pressureSensor2 {
  thermoCapTemp: 282.96
  baroCapPressure: 804.75
  baroCapAbsoluteUncertainty: 4.3
}
