ephemerisTime: 5.06307128E8
localMeanSolarTime: " 01226M06:16:51.447 "
localTrueSolarTime: " 01226 06:33:29 "
boomOne {
  boomAirTemp: 196.08
  boomIntermediateAirTemp: 194.42
  boomAtsAirTemp: 191.3
  internalAirTempUncertainty: 0.14
  intermediateTempUncertainty: 0.32
  tipAirTempUncertainty: 0.32
  atsBoomConfidenceLevel: "    111XX0001 "
}
boomTwo {
  atsBoomConfidenceLevel: "          UNK "
}
channelBHumidity {
}
channelCHumidity {
}
hsConfidenceLevel: "      UNK "
pressureSensorConfig: " 2H "
pressureSensorConfidenceLevel: "      111 "
pressureSensor1 {
}
pressureSensor2 {
  baroCapPressure: 852.98
  baroCapAbsoluteUncertainty: 6.0
}
