ephemerisTime: 5.07579668E8
localMeanSolarTime: " 01240M14:18:35.434 "
localTrueSolarTime: " 01240 14:37:09 "
boomOne {
  boomAirTemp: 250.21
  boomIntermediateAirTemp: 250.06
  boomAtsAirTemp: 248.9
  internalAirTempUncertainty: 0.14
  intermediateTempUncertainty: 0.32
  tipAirTempUncertainty: 0.32
  atsBoomConfidenceLevel: "    111XX0111 "
}
boomTwo {
  boomAirTemp: 256.54
  boomIntermediateAirTemp: 251.48
  boomAtsAirTemp: 249.19
  internalAirTempUncertainty: 0.16
  intermediateTempUncertainty: 0.12
  tipAirTempUncertainty: 0.35
  atsBoomConfidenceLevel: "    111XX0001 "
}
channelAHumidity {
  percentage: 0.99
  uncertainty: 2.0
}
channelBHumidity {
  percentage: 0.98
  uncertainty: 2.0
}
channelCHumidity {
  percentage: 1.04
  uncertainty: 2.0
}
humiditySensorTemp: 256.43
hsConfidenceLevel: "     0XXX "
pressureSensorConfig: " 2H "
pressureSensorConfidenceLevel: "      111 "
pressureSensor1 {
}
pressureSensor2 {
  baroCapPressure: 784.57
  baroCapAbsoluteUncertainty: 6.0
}
