ephemerisTime: 5.05100276E8
localMeanSolarTime: " 01212M16:00:38.534 "
localTrueSolarTime: " 01212 16:15:20 "
boomOne {
  boomAirTemp: 247.55
  boomIntermediateAirTemp: 243.59
  boomAtsAirTemp: 239.78
  internalAirTempUncertainty: 0.14
  intermediateTempUncertainty: 0.32
  tipAirTempUncertainty: 0.32
  atsBoomConfidenceLevel: "    111XX0001 "
}
boomTwo {
  boomAirTemp: 246.55
  boomIntermediateAirTemp: 243.08
  boomAtsAirTemp: 239.6
  internalAirTempUncertainty: 0.16
  intermediateTempUncertainty: 0.12
  tipAirTempUncertainty: 0.35
  atsBoomConfidenceLevel: "    111XX0001 "
}
channelBHumidity {
}
channelCHumidity {
}
hsConfidenceLevel: "      UNK "
pressureSensorConfig: " 2H "
pressureSensorConfidenceLevel: "      100 "
pressureSensor1 {
}
pressureSensor2 {
  thermoCapTemp: 287.94
  baroCapPressure: 816.63
  baroCapAbsoluteUncertainty: 6.0
}
