ephemerisTime: 5.15312288E8
localMeanSolarTime: " 01327M16:48:34.783 "
localTrueSolarTime: " 01327 17:19:48 "
boomOne {
  boomAirTemp: 252.22
  boomIntermediateAirTemp: 247.27
  boomAtsAirTemp: 242.61
  internalAirTempUncertainty: 0.14
  intermediateTempUncertainty: 0.32
  tipAirTempUncertainty: 0.32
  atsBoomConfidenceLevel: "    111XX0001 "
}
boomTwo {
  boomAirTemp: 252.41
  boomIntermediateAirTemp: 247.6
  boomAtsAirTemp: 242.61
  internalAirTempUncertainty: 0.16
  intermediateTempUncertainty: 0.12
  tipAirTempUncertainty: 0.35
  atsBoomConfidenceLevel: "    111XX0001 "
}
channelAHumidity {
  percentage: 1.19
  uncertainty: 2.0
}
channelBHumidity {
  percentage: 1.2
  uncertainty: 2.0
}
channelCHumidity {
  percentage: 1.27
  uncertainty: 2.0
}
humiditySensorTemp: 252.38
hsConfidenceLevel: "     0XXX "
pressureSensorConfig: " 2H "
pressureSensorConfidenceLevel: "      111 "
pressureSensor1 {
  baroCapPressure: 695.28
  baroCapAbsoluteUncertainty: 4.6
}
pressureSensor2 {
  baroCapPressure: 692.25
  baroCapAbsoluteUncertainty: 5.1
}
