ephemerisTime: 5.3921185E8
localMeanSolarTime: " 01596M22:00:46.746 "
localTrueSolarTime: " 01596 21:13:58 "
boomOne {
  boomAirTemp: 221.64
  boomIntermediateAirTemp: 223.17
  boomAtsAirTemp: 224.02
  internalAirTempUncertainty: 0.14
  intermediateTempUncertainty: 0.32
  tipAirTempUncertainty: 0.32
  atsBoomConfidenceLevel: "    111XX1111 "
}
boomTwo {
  boomAirTemp: 218.3
  boomIntermediateAirTemp: 221.29
  boomAtsAirTemp: 221.91
  internalAirTempUncertainty: 0.16
  intermediateTempUncertainty: 0.12
  tipAirTempUncertainty: 0.35
  atsBoomConfidenceLevel: "    111XX1111 "
}
channelBHumidity {
}
channelCHumidity {
}
hsConfidenceLevel: "      UNK "
pressureSensorConfig: " 2H "
pressureSensorConfidenceLevel: "      101 "
pressureSensor1 {
}
pressureSensor2 {
  thermoCapTemp: 283.65
  baroCapPressure: 849.95
  baroCapAbsoluteUncertainty: 5.7
}
