ephemerisTime: 5.11690448E8
localMeanSolarTime: " 01286M21:39:06.389 "
localTrueSolarTime: " 01286 22:03:57 "
boomOne {
  boomAirTemp: 210.5
  boomIntermediateAirTemp: 208.7
  boomAtsAirTemp: 207.81
  internalAirTempUncertainty: 0.14
  intermediateTempUncertainty: 0.32
  tipAirTempUncertainty: 0.32
  atsBoomConfidenceLevel: "    111XX1111 "
}
boomTwo {
  boomAirTemp: 207.28
  boomIntermediateAirTemp: 204.69
  boomAtsAirTemp: 204.26
  internalAirTempUncertainty: 0.16
  intermediateTempUncertainty: 0.12
  tipAirTempUncertainty: 0.35
  atsBoomConfidenceLevel: "    111XX1111 "
}
channelAHumidity {
  percentage: 6.67
  uncertainty: 10.0
}
channelBHumidity {
  percentage: 6.65
  uncertainty: 10.0
}
channelCHumidity {
  percentage: 6.9
  uncertainty: 10.0
}
humiditySensorTemp: 211.33
hsConfidenceLevel: "     0XXX "
pressureSensorConfig: " 2H "
pressureSensorConfidenceLevel: "      111 "
pressureSensor1 {
}
pressureSensor2 {
  baroCapPressure: 759.71
  baroCapAbsoluteUncertainty: 6.0
}
