ephemerisTime: 5.24390522E8
localMeanSolarTime: " 01429M23:05:37.642 "
localTrueSolarTime: " 01429 23:43:40 "
boomOne {
  boomAirTemp: 220.27
  boomIntermediateAirTemp: 219.6
  boomAtsAirTemp: 218.87
  internalAirTempUncertainty: 0.14
  intermediateTempUncertainty: 0.32
  tipAirTempUncertainty: 0.32
  atsBoomConfidenceLevel: "    111XX1111 "
}
boomTwo {
  boomAirTemp: 219.61
  boomIntermediateAirTemp: 219.07
  boomAtsAirTemp: 218.7
  internalAirTempUncertainty: 0.16
  intermediateTempUncertainty: 0.12
  tipAirTempUncertainty: 0.35
  atsBoomConfidenceLevel: "    111XX1111 "
}
channelAHumidity {
  percentage: 3.51
  uncertainty: 10.0
}
channelBHumidity {
  percentage: 3.54
  uncertainty: 10.0
}
channelCHumidity {
  percentage: 3.74
  uncertainty: 10.0
}
humiditySensorTemp: 221.29
hsConfidenceLevel: "     0XXX "
pressureSensorConfig: " 2H "
pressureSensorConfidenceLevel: "      111 "
pressureSensor1 {
}
pressureSensor2 {
  thermoCapTemp: 283.64
  baroCapPressure: 822.4
  baroCapAbsoluteUncertainty: 5.3
}
