ephemerisTime: 5.08055735E8
localMeanSolarTime: " 01245M23:00:49.301 "
localTrueSolarTime: " 01245 23:20:05 "
boomOne {
  boomAirTemp: 200.73
  boomIntermediateAirTemp: 200.12
  boomAtsAirTemp: 199.13
  internalAirTempUncertainty: 0.55
  intermediateTempUncertainty: 0.32
  tipAirTempUncertainty: 1.19
  atsBoomConfidenceLevel: "    011XX1111 "
}
boomTwo {
  boomAirTemp: 149.14
  boomIntermediateAirTemp: 150.51
  boomAtsAirTemp: 140.1
  internalAirTempUncertainty: 1.13
  intermediateTempUncertainty: 1.06
  tipAirTempUncertainty: 1.58
  atsBoomConfidenceLevel: "    011XX1110 "
}
channelBHumidity {
}
channelCHumidity {
}
hsConfidenceLevel: "      UNK "
pressureSensorConfig: " 2H "
pressureSensorConfidenceLevel: "      101 "
pressureSensor1 {
}
pressureSensor2 {
  thermoCapTemp: 279.83
  baroCapPressure: 817.87
  baroCapAbsoluteUncertainty: 6.0
}
