ephemerisTime: 5.37584622E8
localMeanSolarTime: " 01578M14:05:41.426 "
localTrueSolarTime: " 01578 13:25:30 "
boomOne {
  boomAirTemp: 269.3
  boomIntermediateAirTemp: 270.98
  boomAtsAirTemp: 271.65
  internalAirTempUncertainty: 0.14
  intermediateTempUncertainty: 0.32
  tipAirTempUncertainty: 0.32
  atsBoomConfidenceLevel: "    111XX0001 "
}
boomTwo {
  boomAirTemp: 261.76
  boomIntermediateAirTemp: 259.29
  boomAtsAirTemp: 255.49
  internalAirTempUncertainty: 0.16
  intermediateTempUncertainty: 0.12
  tipAirTempUncertainty: 0.35
  atsBoomConfidenceLevel: "    111XX1111 "
}
channelAHumidity {
  percentage: 1.02
  uncertainty: 2.0
}
channelBHumidity {
  percentage: 1.01
  uncertainty: 2.0
}
channelCHumidity {
  percentage: 1.05
  uncertainty: 2.0
}
humiditySensorTemp: 262.31
hsConfidenceLevel: "     0XXX "
pressureSensorConfig: " 2H "
pressureSensorConfidenceLevel: "      111 "
pressureSensor1 {
  baroCapPressure: 842.8
  baroCapAbsoluteUncertainty: 4.9
}
pressureSensor2 {
  baroCapPressure: 839.47
  baroCapAbsoluteUncertainty: 5.7
}
