ephemerisTime: 5.19642188E8
localMeanSolarTime: " 01376M11:23:25.039 "
localTrueSolarTime: " 01376 12:01:35 "
boomOne {
  boomAirTemp: 256.05
  boomIntermediateAirTemp: 256.77
  boomAtsAirTemp: 250.27
  internalAirTempUncertainty: 0.14
  intermediateTempUncertainty: 0.32
  tipAirTempUncertainty: 0.32
  atsBoomConfidenceLevel: "    111XX1111 "
}
boomTwo {
  boomAirTemp: 255.3
  boomIntermediateAirTemp: 256.13
  boomAtsAirTemp: 253.46
  internalAirTempUncertainty: 0.16
  intermediateTempUncertainty: 0.12
  tipAirTempUncertainty: 0.35
  atsBoomConfidenceLevel: "    111XX1111 "
}
channelAHumidity {
  percentage: 1.11
  uncertainty: 2.0
}
channelBHumidity {
  percentage: 1.1
  uncertainty: 2.0
}
channelCHumidity {
  percentage: 1.16
  uncertainty: 2.0
}
humiditySensorTemp: 255.97
hsConfidenceLevel: "     0XXX "
pressureSensorConfig: " 2H "
pressureSensorConfidenceLevel: "      111 "
pressureSensor1 {
}
pressureSensor2 {
  baroCapPressure: 733.41
  baroCapAbsoluteUncertainty: 5.1
}
