ephemerisTime: 5.31290708E8
localMeanSolarTime: " 01507M16:32:47.701 "
localTrueSolarTime: " 01507 16:37:44 "
boomOne {
  boomAirTemp: 266.33
  boomIntermediateAirTemp: 262.76
  boomAtsAirTemp: 258.91
  internalAirTempUncertainty: 0.14
  intermediateTempUncertainty: 0.32
  tipAirTempUncertainty: 0.32
  atsBoomConfidenceLevel: "    111XX0001 "
}
boomTwo {
  boomAirTemp: 270.2
  boomIntermediateAirTemp: 271.42
  boomAtsAirTemp: 270.41
  internalAirTempUncertainty: 0.16
  intermediateTempUncertainty: 0.12
  tipAirTempUncertainty: 0.35
  atsBoomConfidenceLevel: "    111XX0001 "
}
channelAHumidity {
  percentage: 0.63
  uncertainty: 2.0
}
channelBHumidity {
  percentage: 0.59
  uncertainty: 2.0
}
channelCHumidity {
  percentage: 0.62
  uncertainty: 2.0
}
humiditySensorTemp: 270.36
hsConfidenceLevel: "     0XXX "
pressureSensorConfig: " 2H "
pressureSensorConfidenceLevel: "      111 "
pressureSensor1 {
}
pressureSensor2 {
  baroCapPressure: 849.46
  baroCapAbsoluteUncertainty: 5.3
}
