ephemerisTime: 5.20618688E8
localMeanSolarTime: " 01387M11:23:07.065 "
localTrueSolarTime: " 01387 12:02:14 "
boomOne {
  boomAirTemp: 260.91
  boomIntermediateAirTemp: 262.1
  boomAtsAirTemp: 259.26
  internalAirTempUncertainty: 0.14
  intermediateTempUncertainty: 0.32
  tipAirTempUncertainty: 0.32
  atsBoomConfidenceLevel: "    111XX1111 "
}
boomTwo {
  boomAirTemp: 259.89
  boomIntermediateAirTemp: 261.08
  boomAtsAirTemp: 259.44
  internalAirTempUncertainty: 0.16
  intermediateTempUncertainty: 0.12
  tipAirTempUncertainty: 0.35
  atsBoomConfidenceLevel: "    111XX1111 "
}
channelAHumidity {
  percentage: 0.89
  uncertainty: 2.0
}
channelBHumidity {
  percentage: 0.87
  uncertainty: 2.0
}
channelCHumidity {
  percentage: 0.93
  uncertainty: 2.0
}
humiditySensorTemp: 260.78
hsConfidenceLevel: "     0XXX "
pressureSensorConfig: " 2H "
pressureSensorConfidenceLevel: "      111 "
pressureSensor1 {
}
pressureSensor2 {
  baroCapPressure: 737.96
  baroCapAbsoluteUncertainty: 5.1
}
