ephemerisTime: 5.16744668E8
localMeanSolarTime: " 01343M20:03:03.607 "
localTrueSolarTime: " 01343 20:36:51 "
boomOne {
  boomAirTemp: 220.86
  boomIntermediateAirTemp: 220.95
  boomAtsAirTemp: 220.76
  internalAirTempUncertainty: 0.14
  intermediateTempUncertainty: 0.32
  tipAirTempUncertainty: 0.32
  atsBoomConfidenceLevel: "    111XX1111 "
}
boomTwo {
  boomAirTemp: 217.81
  boomIntermediateAirTemp: 218.76
  boomAtsAirTemp: 180.68
  internalAirTempUncertainty: 0.16
  intermediateTempUncertainty: 0.12
  tipAirTempUncertainty: 0.35
  atsBoomConfidenceLevel: "    111XX1110 "
}
channelAHumidity {
  percentage: 4.25
  uncertainty: 10.0
}
channelBHumidity {
  percentage: 4.29
  uncertainty: 10.0
}
channelCHumidity {
  percentage: 4.49
  uncertainty: 10.0
}
humiditySensorTemp: 220.8
hsConfidenceLevel: "     0XXX "
pressureSensorConfig: " 2H "
pressureSensorConfidenceLevel: "      101 "
pressureSensor1 {
}
pressureSensor2 {
  baroCapPressure: 734.64
  baroCapAbsoluteUncertainty: 5.1
}
