ephemerisTime: 5.43210701E8
localMeanSolarTime: " 01641M23:05:42.411 "
localTrueSolarTime: " 01641 22:14:49 "
boomOne {
  boomAirTemp: 217.74
  boomIntermediateAirTemp: 217.71
  boomAtsAirTemp: 217.52
  internalAirTempUncertainty: 0.14
  intermediateTempUncertainty: 0.32
  tipAirTempUncertainty: 0.32
  atsBoomConfidenceLevel: "    111XX1111 "
}
boomTwo {
  boomAirTemp: 210.95
  boomIntermediateAirTemp: 211.42
  boomAtsAirTemp: 163.35
  internalAirTempUncertainty: 0.16
  intermediateTempUncertainty: 0.12
  tipAirTempUncertainty: 0.35
  atsBoomConfidenceLevel: "    111XX1110 "
}
channelAHumidity {
  percentage: 3.78
  uncertainty: 10.0
}
channelBHumidity {
  percentage: 3.83
  uncertainty: 10.0
}
channelCHumidity {
  percentage: 4.03
  uncertainty: 10.0
}
humiditySensorTemp: 217.88
hsConfidenceLevel: "     0XXX "
pressureSensorConfig: " 2H "
pressureSensorConfidenceLevel: "      111 "
pressureSensor1 {
  baroCapPressure: 842.98
  baroCapAbsoluteUncertainty: 4.9
}
pressureSensor2 {
  baroCapPressure: 840.42
  baroCapAbsoluteUncertainty: 5.7
}
