ephemerisTime: 5.41189509E8
localMeanSolarTime: " 01619M04:40:10.256 "
localTrueSolarTime: " 01619 03:49:18 "
boomOne {
  boomAirTemp: 207.05
  boomIntermediateAirTemp: 206.58
  boomAtsAirTemp: 206.22
  internalAirTempUncertainty: 0.55
  intermediateTempUncertainty: 0.32
  tipAirTempUncertainty: 1.19
  atsBoomConfidenceLevel: "    011XX1111 "
}
boomTwo {
  boomAirTemp: 204.76
  boomIntermediateAirTemp: 204.5
  boomAtsAirTemp: 203.84
  internalAirTempUncertainty: 1.13
  intermediateTempUncertainty: 1.06
  tipAirTempUncertainty: 1.58
  atsBoomConfidenceLevel: "    011XX1111 "
}
channelAHumidity {
  percentage: 8.47
  uncertainty: 10.0
}
channelBHumidity {
  percentage: 8.53
  uncertainty: 10.0
}
channelCHumidity {
  percentage: 8.83
  uncertainty: 10.0
}
humiditySensorTemp: 207.69
hsConfidenceLevel: "     0XXX "
pressureSensorConfig: " 2H "
pressureSensorConfidenceLevel: "      111 "
pressureSensor1 {
}
pressureSensor2 {
  thermoCapTemp: 284.84
  baroCapPressure: 864.85
  baroCapAbsoluteUncertainty: 5.7
}
