ephemerisTime: 5.39903855E8
localMeanSolarTime: " 01604M17:05:43.022 "
localTrueSolarTime: " 01604 16:16:59 "
boomOne {
  boomAirTemp: 263.05
  boomIntermediateAirTemp: 262.14
  boomAtsAirTemp: 258.92
  internalAirTempUncertainty: 0.14
  intermediateTempUncertainty: 0.32
  tipAirTempUncertainty: 0.32
  atsBoomConfidenceLevel: "    111XX0001 "
}
boomTwo {
  boomAirTemp: 257.87
  boomIntermediateAirTemp: 255.69
  boomAtsAirTemp: 254.62
  internalAirTempUncertainty: 0.16
  intermediateTempUncertainty: 0.12
  tipAirTempUncertainty: 0.35
  atsBoomConfidenceLevel: "    111XX0011 "
}
channelAHumidity {
  percentage: 0.98
  uncertainty: 2.0
}
channelBHumidity {
  percentage: 0.96
  uncertainty: 2.0
}
channelCHumidity {
  percentage: 1.02
  uncertainty: 2.0
}
humiditySensorTemp: 258.24
hsConfidenceLevel: "     0XXX "
pressureSensorConfig: " 2H "
pressureSensorConfidenceLevel: "      111 "
pressureSensor1 {
  baroCapPressure: 793.85
  baroCapAbsoluteUncertainty: 4.9
}
pressureSensor2 {
  baroCapPressure: 791.03
  baroCapAbsoluteUncertainty: 5.7
}
