ephemerisTime: 5.07923708E8
localMeanSolarTime: " 01244M11:19:13.563 "
localTrueSolarTime: " 01244 11:38:18 "
boomOne {
  boomAirTemp: 245.04
  boomIntermediateAirTemp: 239.43
  boomAtsAirTemp: 236.0
  internalAirTempUncertainty: 0.14
  intermediateTempUncertainty: 0.32
  tipAirTempUncertainty: 0.32
  atsBoomConfidenceLevel: "    111XX0101 "
}
boomTwo {
  boomAirTemp: 236.49
  boomIntermediateAirTemp: 235.42
  boomAtsAirTemp: 233.0
  internalAirTempUncertainty: 0.16
  intermediateTempUncertainty: 0.12
  tipAirTempUncertainty: 0.35
  atsBoomConfidenceLevel: "    111XX1111 "
}
channelAHumidity {
  percentage: 2.12
  uncertainty: 10.0
}
channelBHumidity {
  percentage: 2.14
  uncertainty: 10.0
}
channelCHumidity {
  percentage: 2.27
  uncertainty: 10.0
}
humiditySensorTemp: 237.17
hsConfidenceLevel: "     0XXX "
pressureSensorConfig: " 2H "
pressureSensorConfidenceLevel: "      111 "
pressureSensor1 {
}
pressureSensor2 {
  thermoCapTemp: 286.44
  baroCapPressure: 798.67
  baroCapAbsoluteUncertainty: 6.0
}
