ephemerisTime: 5.06687128E8
localMeanSolarTime: " 01230M13:00:47.770 "
localTrueSolarTime: " 01230 13:18:01 "
boomOne {
  boomAirTemp: 242.62
  boomIntermediateAirTemp: 240.64
  boomAtsAirTemp: 235.28
  internalAirTempUncertainty: 0.14
  intermediateTempUncertainty: 0.32
  tipAirTempUncertainty: 0.32
  atsBoomConfidenceLevel: "    111XX1111 "
}
boomTwo {
  boomAirTemp: 248.41
  boomIntermediateAirTemp: 241.45
  boomAtsAirTemp: 236.42
  internalAirTempUncertainty: 0.16
  intermediateTempUncertainty: 0.12
  tipAirTempUncertainty: 0.35
  atsBoomConfidenceLevel: "    111XX1101 "
}
channelBHumidity {
}
channelCHumidity {
}
hsConfidenceLevel: "      UNK "
pressureSensorConfig: " 2H "
pressureSensorConfidenceLevel: "      101 "
pressureSensor1 {
}
pressureSensor2 {
  thermoCapTemp: 286.76
  baroCapPressure: 804.4
  baroCapAbsoluteUncertainty: 6.0
}
