ephemerisTime: 5.07726548E8
localMeanSolarTime: " 01242M06:01:06.906 "
localTrueSolarTime: " 01242 06:19:54 "
boomOne {
  boomAirTemp: 195.68
  boomIntermediateAirTemp: 192.83
  boomAtsAirTemp: 190.09
  internalAirTempUncertainty: 0.55
  intermediateTempUncertainty: 0.32
  tipAirTempUncertainty: 1.19
  atsBoomConfidenceLevel: "    011XX1111 "
}
boomTwo {
  boomAirTemp: 180.11
  boomIntermediateAirTemp: 179.02
  boomAtsAirTemp: 133.77
  internalAirTempUncertainty: 1.13
  intermediateTempUncertainty: 1.06
  tipAirTempUncertainty: 1.58
  atsBoomConfidenceLevel: "    011XX1110 "
}
channelAHumidity {
  percentage: 16.18
  uncertainty: 20.0
}
channelBHumidity {
  percentage: 16.04
  uncertainty: 20.0
}
channelCHumidity {
  percentage: 16.78
  uncertainty: 20.0
}
humiditySensorTemp: 196.96
hsConfidenceLevel: "     0XXX "
pressureSensorConfig: " 2H "
pressureSensorConfidenceLevel: "      111 "
pressureSensor1 {
}
pressureSensor2 {
  baroCapPressure: 832.21
  baroCapAbsoluteUncertainty: 6.0
}
