ephemerisTime: 5.28810757E8
localMeanSolarTime: " 01479M18:05:46.752 "
localTrueSolarTime: " 01479 18:27:37 "
boomOne {
  boomAirTemp: 241.45
  boomIntermediateAirTemp: 241.55
  boomAtsAirTemp: 241.62
  internalAirTempUncertainty: 0.14
  intermediateTempUncertainty: 0.32
  tipAirTempUncertainty: 0.32
  atsBoomConfidenceLevel: "    111XX1111 "
}
boomTwo {
  boomAirTemp: 239.9
  boomIntermediateAirTemp: 239.16
  boomAtsAirTemp: 239.58
  internalAirTempUncertainty: 0.16
  intermediateTempUncertainty: 0.12
  tipAirTempUncertainty: 0.35
  atsBoomConfidenceLevel: "    111XX1111 "
}
channelAHumidity {
  percentage: 1.89
  uncertainty: 10.0
}
channelBHumidity {
  percentage: 1.91
  uncertainty: 10.0
}
channelCHumidity {
  percentage: 2.02
  uncertainty: 10.0
}
humiditySensorTemp: 241.11
hsConfidenceLevel: "     0XXX "
pressureSensorConfig: " 2H "
pressureSensorConfidenceLevel: "      111 "
pressureSensor1 {
  baroCapPressure: 841.91
  baroCapAbsoluteUncertainty: 4.7
}
pressureSensor2 {
  baroCapPressure: 839.4
  baroCapAbsoluteUncertainty: 5.3
}
