ephemerisTime: 5.1838348E8
localMeanSolarTime: " 01362M07:06:03.094 "
localTrueSolarTime: " 01362 07:42:31 "
boomOne {
  boomAirTemp: 221.5
  boomIntermediateAirTemp: 222.91
  boomAtsAirTemp: 220.08
  internalAirTempUncertainty: 0.14
  intermediateTempUncertainty: 0.32
  tipAirTempUncertainty: 0.32
  atsBoomConfidenceLevel: "    111XX0001 "
}
boomTwo {
  boomAirTemp: 220.86
  boomIntermediateAirTemp: 219.8
  boomAtsAirTemp: 217.33
  internalAirTempUncertainty: 0.16
  intermediateTempUncertainty: 0.12
  tipAirTempUncertainty: 0.35
  atsBoomConfidenceLevel: "    111XX0001 "
}
channelAHumidity {
  percentage: 3.86
  uncertainty: 10.0
}
channelBHumidity {
  percentage: 3.9
  uncertainty: 10.0
}
channelCHumidity {
  percentage: 4.1
  uncertainty: 10.0
}
humiditySensorTemp: 221.68
hsConfidenceLevel: "     0XXX "
pressureSensorConfig: " 2H "
pressureSensorConfidenceLevel: "      111 "
pressureSensor1 {
  baroCapPressure: 784.29
  baroCapAbsoluteUncertainty: 4.6
}
pressureSensor2 {
  baroCapPressure: 781.48
  baroCapAbsoluteUncertainty: 5.1
}
