ephemerisTime: 5.05266742E8
localMeanSolarTime: " 01214M13:00:52.148 "
localTrueSolarTime: " 01214 13:15:50 "
boomOne {
  boomAirTemp: 246.24
  boomIntermediateAirTemp: 242.83
  boomAtsAirTemp: 240.93
  internalAirTempUncertainty: 0.14
  intermediateTempUncertainty: 0.32
  tipAirTempUncertainty: 0.32
  atsBoomConfidenceLevel: "    111XX0001 "
}
boomTwo {
  boomAirTemp: 239.39
  boomIntermediateAirTemp: 237.4
  boomAtsAirTemp: 238.12
  internalAirTempUncertainty: 0.16
  intermediateTempUncertainty: 0.12
  tipAirTempUncertainty: 0.35
  atsBoomConfidenceLevel: "    111XX0001 "
}
channelBHumidity {
}
channelCHumidity {
}
hsConfidenceLevel: "      UNK "
pressureSensorConfig: " 2H "
pressureSensorConfidenceLevel: "      101 "
pressureSensor1 {
}
pressureSensor2 {
  thermoCapTemp: 288.07
  baroCapPressure: 824.36
  baroCapAbsoluteUncertainty: 6.0
}
