ephemerisTime: 5.22984936E8
localMeanSolarTime: " 01414M03:05:46.172 "
localTrueSolarTime: " 01414 03:45:18 "
boomOne {
  boomAirTemp: 206.62
  boomIntermediateAirTemp: 206.5
  boomAtsAirTemp: 206.38
  internalAirTempUncertainty: 0.55
  intermediateTempUncertainty: 0.32
  tipAirTempUncertainty: 1.19
  atsBoomConfidenceLevel: "    011XX1111 "
}
boomTwo {
  boomAirTemp: 163.81
  boomIntermediateAirTemp: 163.52
  boomAtsAirTemp: 147.86
  internalAirTempUncertainty: 1.13
  intermediateTempUncertainty: 1.06
  tipAirTempUncertainty: 1.58
  atsBoomConfidenceLevel: "    011XX1110 "
}
channelAHumidity {
  percentage: 8.89
  uncertainty: 10.0
}
channelBHumidity {
  percentage: 8.91
  uncertainty: 10.0
}
channelCHumidity {
  percentage: 9.25
  uncertainty: 10.0
}
humiditySensorTemp: 207.05
hsConfidenceLevel: "     0XXX "
pressureSensorConfig: " 2H "
pressureSensorConfidenceLevel: "      111 "
pressureSensor1 {
  baroCapPressure: 805.76
  baroCapAbsoluteUncertainty: 4.6
}
pressureSensor2 {
  baroCapPressure: 803.04
  baroCapAbsoluteUncertainty: 5.1
}
