ephemerisTime: 5.42237529E8
localMeanSolarTime: " 01630M23:59:59.372 "
localTrueSolarTime: " 01630 23:08:38 "
boomOne {
  boomAirTemp: 217.56
  boomIntermediateAirTemp: 216.38
  boomAtsAirTemp: 216.1
  internalAirTempUncertainty: 0.14
  intermediateTempUncertainty: 0.32
  tipAirTempUncertainty: 0.32
  atsBoomConfidenceLevel: "    111XX1111 "
}
boomTwo {
  boomAirTemp: 210.53
  boomIntermediateAirTemp: 210.16
  boomAtsAirTemp: 160.78
  internalAirTempUncertainty: 0.16
  intermediateTempUncertainty: 0.12
  tipAirTempUncertainty: 0.35
  atsBoomConfidenceLevel: "    111XX1110 "
}
channelAHumidity {
  percentage: 3.93
  uncertainty: 10.0
}
channelBHumidity {
  percentage: 3.97
  uncertainty: 10.0
}
channelCHumidity {
  percentage: 4.19
  uncertainty: 10.0
}
humiditySensorTemp: 217.95
hsConfidenceLevel: "     0XXX "
pressureSensorConfig: " 2H "
pressureSensorConfidenceLevel: "      111 "
pressureSensor1 {
}
pressureSensor2 {
  thermoCapTemp: 283.32
  baroCapPressure: 850.85
  baroCapAbsoluteUncertainty: 5.7
}
