ephemerisTime: 5.15357741E8
localMeanSolarTime: " 01328M05:05:52.074 "
localTrueSolarTime: " 01328 05:37:10 "
boomOne {
  boomAirTemp: 199.77
  boomIntermediateAirTemp: 199.36
  boomAtsAirTemp: 198.95
  internalAirTempUncertainty: 0.14
  intermediateTempUncertainty: 0.32
  tipAirTempUncertainty: 0.32
  atsBoomConfidenceLevel: "    111XX1111 "
}
boomTwo {
  boomAirTemp: 183.04
  boomIntermediateAirTemp: 181.19
  boomAtsAirTemp: 140.83
  internalAirTempUncertainty: 1.13
  intermediateTempUncertainty: 1.06
  tipAirTempUncertainty: 1.58
  atsBoomConfidenceLevel: "    011XX1110 "
}
channelAHumidity {
  percentage: 16.38
  uncertainty: 20.0
}
channelBHumidity {
  percentage: 16.14
  uncertainty: 20.0
}
channelCHumidity {
  percentage: 16.69
  uncertainty: 20.0
}
humiditySensorTemp: 200.47
hsConfidenceLevel: "     0XXX "
pressureSensorConfig: " 2H "
pressureSensorConfidenceLevel: "      111 "
pressureSensor1 {
  baroCapPressure: 755.51
  baroCapAbsoluteUncertainty: 4.6
}
pressureSensor2 {
  baroCapPressure: 752.22
  baroCapAbsoluteUncertainty: 5.1
}
