ephemerisTime: 5.12024689E8
localMeanSolarTime: " 01290M16:00:47.606 "
localTrueSolarTime: " 01290 16:26:12 "
boomOne {
  boomAirTemp: 253.61
  boomIntermediateAirTemp: 252.71
  boomAtsAirTemp: 249.22
  internalAirTempUncertainty: 0.14
  intermediateTempUncertainty: 0.32
  tipAirTempUncertainty: 0.32
  atsBoomConfidenceLevel: "    111XX0001 "
}
boomTwo {
  boomAirTemp: 246.21
  boomIntermediateAirTemp: 245.79
  boomAtsAirTemp: 245.74
  internalAirTempUncertainty: 0.16
  intermediateTempUncertainty: 0.12
  tipAirTempUncertainty: 0.35
  atsBoomConfidenceLevel: "    111XX0111 "
}
channelBHumidity {
}
channelCHumidity {
}
hsConfidenceLevel: "      UNK "
pressureSensorConfig: " 2H "
pressureSensorConfidenceLevel: "      101 "
pressureSensor1 {
}
pressureSensor2 {
  thermoCapTemp: 291.74
  baroCapPressure: 726.22
  baroCapAbsoluteUncertainty: 6.0
}
