ephemerisTime: 5.43295473E8
localMeanSolarTime: " 01642M22:00:47.055 "
localTrueSolarTime: " 01642 21:09:59 "
boomOne {
  boomAirTemp: 219.76
  boomIntermediateAirTemp: 220.76
  boomAtsAirTemp: 221.58
  internalAirTempUncertainty: 0.14
  intermediateTempUncertainty: 0.32
  tipAirTempUncertainty: 0.32
  atsBoomConfidenceLevel: "    111XX1111 "
}
boomTwo {
  boomAirTemp: 213.44
  boomIntermediateAirTemp: 215.28
  boomAtsAirTemp: 168.09
  internalAirTempUncertainty: 0.16
  intermediateTempUncertainty: 0.12
  tipAirTempUncertainty: 0.35
  atsBoomConfidenceLevel: "    111XX1110 "
}
channelBHumidity {
}
channelCHumidity {
}
hsConfidenceLevel: "      UNK "
pressureSensorConfig: " 2H "
pressureSensorConfidenceLevel: "      101 "
pressureSensor1 {
}
pressureSensor2 {
  thermoCapTemp: 284.04
  baroCapPressure: 829.63
  baroCapAbsoluteUncertainty: 5.7
}
