ephemerisTime: 5.30778272E8
localMeanSolarTime: " 01501M22:00:37.579 "
localTrueSolarTime: " 01501 22:09:24 "
boomOne {
  boomAirTemp: 222.67
  boomIntermediateAirTemp: 222.77
  boomAtsAirTemp: 222.18
  internalAirTempUncertainty: 0.14
  intermediateTempUncertainty: 0.32
  tipAirTempUncertainty: 0.32
  atsBoomConfidenceLevel: "    111XX1111 "
}
boomTwo {
  boomAirTemp: 216.64
  boomIntermediateAirTemp: 217.8
  boomAtsAirTemp: 175.71
  internalAirTempUncertainty: 0.16
  intermediateTempUncertainty: 0.12
  tipAirTempUncertainty: 0.35
  atsBoomConfidenceLevel: "    111XX1110 "
}
channelBHumidity {
}
channelCHumidity {
}
hsConfidenceLevel: "      UNK "
pressureSensorConfig: " 2H "
pressureSensorConfidenceLevel: "      101 "
pressureSensor1 {
}
pressureSensor2 {
  thermoCapTemp: 283.68
  baroCapPressure: 912.36
  baroCapAbsoluteUncertainty: 5.3
}
