ephemerisTime: 5.39818478E8
localMeanSolarTime: " 01603M18:00:49.560 "
localTrueSolarTime: " 01603 17:12:18 "
boomOne {
  boomAirTemp: 256.07
  boomIntermediateAirTemp: 254.61
  boomAtsAirTemp: 252.56
  internalAirTempUncertainty: 0.14
  intermediateTempUncertainty: 0.32
  tipAirTempUncertainty: 0.32
  atsBoomConfidenceLevel: "    111XX0001 "
}
boomTwo {
  boomAirTemp: 256.58
  boomIntermediateAirTemp: 257.51
  boomAtsAirTemp: 256.66
  internalAirTempUncertainty: 0.16
  intermediateTempUncertainty: 0.12
  tipAirTempUncertainty: 0.35
  atsBoomConfidenceLevel: "    111XX0001 "
}
channelBHumidity {
}
channelCHumidity {
}
hsConfidenceLevel: "      UNK "
pressureSensorConfig: " 2H "
pressureSensorConfidenceLevel: "      100 "
pressureSensor1 {
}
pressureSensor2 {
  thermoCapTemp: 298.64
  baroCapPressure: 789.03
  baroCapAbsoluteUncertainty: 5.7
}
