ephemerisTime: 5.36696709E8
localMeanSolarTime: " 01568M14:02:57.006 "
localTrueSolarTime: " 01568 13:27:36 "
boomOne {
  boomAirTemp: 260.33
  boomIntermediateAirTemp: 262.83
  boomAtsAirTemp: 261.24
  internalAirTempUncertainty: 0.14
  intermediateTempUncertainty: 0.32
  tipAirTempUncertainty: 0.32
  atsBoomConfidenceLevel: "    111XX1111 "
}
boomTwo {
  boomAirTemp: 269.5
  boomIntermediateAirTemp: 269.97
  boomAtsAirTemp: 268.44
  internalAirTempUncertainty: 0.16
  intermediateTempUncertainty: 0.12
  tipAirTempUncertainty: 0.35
  atsBoomConfidenceLevel: "    111XX1101 "
}
channelAHumidity {
  percentage: 0.79
  uncertainty: 2.0
}
channelBHumidity {
  percentage: 0.76
  uncertainty: 2.0
}
channelCHumidity {
  percentage: 0.81
  uncertainty: 2.0
}
humiditySensorTemp: 269.58
hsConfidenceLevel: "     0XXX "
pressureSensorConfig: " 2H "
pressureSensorConfidenceLevel: "      101 "
pressureSensor1 {
}
pressureSensor2 {
  thermoCapTemp: 298.08
  baroCapPressure: 848.87
  baroCapAbsoluteUncertainty: 5.7
}
