ephemerisTime: 5.34817508E8
localMeanSolarTime: " 01547M10:00:38.086 "
localTrueSolarTime: " 01547 09:37:55 "
boomOne {
  boomAirTemp: 247.73
  boomIntermediateAirTemp: 248.68
  boomAtsAirTemp: 244.89
  internalAirTempUncertainty: 0.14
  intermediateTempUncertainty: 0.32
  tipAirTempUncertainty: 0.32
  atsBoomConfidenceLevel: "    111XX0001 "
}
boomTwo {
  boomAirTemp: 248.08
  boomIntermediateAirTemp: 250.86
  boomAtsAirTemp: 246.89
  internalAirTempUncertainty: 0.16
  intermediateTempUncertainty: 0.12
  tipAirTempUncertainty: 0.35
  atsBoomConfidenceLevel: "    111XX0001 "
}
channelBHumidity {
}
channelCHumidity {
}
hsConfidenceLevel: "      UNK "
pressureSensorConfig: " 2H "
pressureSensorConfidenceLevel: "      101 "
pressureSensor1 {
}
pressureSensor2 {
  thermoCapTemp: 282.7
  baroCapPressure: 901.3
  baroCapAbsoluteUncertainty: 5.7
}
