ephemerisTime: 5.43615669E8
localMeanSolarTime: " 01646M12:34:38.927 "
localTrueSolarTime: " 01646 11:44:12 "
boomOne {
  boomAirTemp: 255.15
  boomIntermediateAirTemp: 255.08
  boomAtsAirTemp: 253.94
  internalAirTempUncertainty: 0.14
  intermediateTempUncertainty: 0.32
  tipAirTempUncertainty: 0.32
  atsBoomConfidenceLevel: "    111XX1111 "
}
boomTwo {
  boomAirTemp: 248.88
  boomIntermediateAirTemp: 244.96
  boomAtsAirTemp: 242.61
  internalAirTempUncertainty: 0.16
  intermediateTempUncertainty: 0.12
  tipAirTempUncertainty: 0.35
  atsBoomConfidenceLevel: "    111XX1111 "
}
channelAHumidity {
  percentage: 1.25
  uncertainty: 2.0
}
channelBHumidity {
  percentage: 1.26
  uncertainty: 2.0
}
channelCHumidity {
  percentage: 1.32
  uncertainty: 2.0
}
humiditySensorTemp: 249.83
hsConfidenceLevel: "     0XXX "
pressureSensorConfig: " 2H "
pressureSensorConfidenceLevel: "      110 "
pressureSensor1 {
}
pressureSensor2 {
  thermoCapTemp: 290.56
  baroCapPressure: 815.78
  baroCapAbsoluteUncertainty: 5.7
}
