ephemerisTime: 5.11211048E8
localMeanSolarTime: " 01281M12:02:48.669 "
localTrueSolarTime: " 01281 12:26:53 "
boomOne {
  boomAirTemp: 241.93
  boomIntermediateAirTemp: 241.06
  boomAtsAirTemp: 238.71
  internalAirTempUncertainty: 0.14
  intermediateTempUncertainty: 0.32
  tipAirTempUncertainty: 0.32
  atsBoomConfidenceLevel: "    111XX1111 "
}
boomTwo {
  boomAirTemp: 245.02
  boomIntermediateAirTemp: 240.76
  boomAtsAirTemp: 236.78
  internalAirTempUncertainty: 0.16
  intermediateTempUncertainty: 0.12
  tipAirTempUncertainty: 0.35
  atsBoomConfidenceLevel: "    111XX1111 "
}
channelAHumidity {
  percentage: 1.5
  uncertainty: 2.0
}
channelBHumidity {
  percentage: 1.49
  uncertainty: 2.0
}
channelCHumidity {
  percentage: 1.58
  uncertainty: 2.0
}
humiditySensorTemp: 245.04
hsConfidenceLevel: "     0XXX "
pressureSensorConfig: " 2H "
pressureSensorConfidenceLevel: "      111 "
pressureSensor1 {
}
pressureSensor2 {
  thermoCapTemp: 289.2
  baroCapPressure: 752.47
  baroCapAbsoluteUncertainty: 6.0
}
