ephemerisTime: 5.24109095E8
localMeanSolarTime: " 01426M19:00:37.834 "
localTrueSolarTime: " 01426 19:39:06 "
boomOne {
  boomAirTemp: 231.63
  boomIntermediateAirTemp: 231.75
  boomAtsAirTemp: 231.57
  internalAirTempUncertainty: 0.14
  intermediateTempUncertainty: 0.32
  tipAirTempUncertainty: 0.32
  atsBoomConfidenceLevel: "    111XX1111 "
}
boomTwo {
  boomAirTemp: 230.14
  boomIntermediateAirTemp: 231.09
  boomAtsAirTemp: 232.13
  internalAirTempUncertainty: 0.16
  intermediateTempUncertainty: 0.12
  tipAirTempUncertainty: 0.35
  atsBoomConfidenceLevel: "    111XX1111 "
}
channelBHumidity {
}
channelCHumidity {
}
hsConfidenceLevel: "      UNK "
pressureSensorConfig: " 2H "
pressureSensorConfidenceLevel: "      101 "
pressureSensor1 {
}
pressureSensor2 {
  thermoCapTemp: 291.74
  baroCapPressure: 797.86
  baroCapAbsoluteUncertainty: 5.3
}
