ephemerisTime: 5.42360229E8
localMeanSolarTime: " 01632M09:10:17.574 "
localTrueSolarTime: " 01632 08:18:57 "
boomOne {
  boomAirTemp: 218.1
  boomIntermediateAirTemp: 220.03
  boomAtsAirTemp: 219.42
  internalAirTempUncertainty: 0.14
  intermediateTempUncertainty: 0.32
  tipAirTempUncertainty: 0.32
  atsBoomConfidenceLevel: "    111XX1111 "
}
boomTwo {
  boomAirTemp: 221.13
  boomIntermediateAirTemp: 223.99
  boomAtsAirTemp: 221.29
  internalAirTempUncertainty: 0.16
  intermediateTempUncertainty: 0.12
  tipAirTempUncertainty: 0.35
  atsBoomConfidenceLevel: "    111XX0001 "
}
channelAHumidity {
  percentage: 2.93
  uncertainty: 10.0
}
channelBHumidity {
  percentage: 3.0
  uncertainty: 10.0
}
channelCHumidity {
  percentage: 3.15
  uncertainty: 10.0
}
humiditySensorTemp: 223.58
hsConfidenceLevel: "     0XXX "
pressureSensorConfig: " 2H "
pressureSensorConfidenceLevel: "      111 "
pressureSensor1 {
}
pressureSensor2 {
  baroCapPressure: 868.24
  baroCapAbsoluteUncertainty: 5.7
}
