ephemerisTime: 5.20439767E8
localMeanSolarTime: " 01385M11:00:51.579 "
localTrueSolarTime: " 01385 11:39:50 "
boomOne {
  boomAirTemp: 252.73
  boomIntermediateAirTemp: 254.59
  boomAtsAirTemp: 253.32
  internalAirTempUncertainty: 0.14
  intermediateTempUncertainty: 0.32
  tipAirTempUncertainty: 0.32
  atsBoomConfidenceLevel: "    111XX1111 "
}
boomTwo {
  boomAirTemp: 251.9
  boomIntermediateAirTemp: 254.91
  boomAtsAirTemp: 255.6
  internalAirTempUncertainty: 0.16
  intermediateTempUncertainty: 0.12
  tipAirTempUncertainty: 0.35
  atsBoomConfidenceLevel: "    111XX1111 "
}
channelBHumidity {
}
channelCHumidity {
}
hsConfidenceLevel: "      UNK "
pressureSensorConfig: " 2H "
pressureSensorConfidenceLevel: "      101 "
pressureSensor1 {
}
pressureSensor2 {
  thermoCapTemp: 289.82
  baroCapPressure: 739.29
  baroCapAbsoluteUncertainty: 5.1
}
