ephemerisTime: 5.36784909E8
localMeanSolarTime: " 01569M13:53:37.963 "
localTrueSolarTime: " 01569 13:17:46 "
boomOne {
  boomAirTemp: 260.7
  boomIntermediateAirTemp: 262.24
  boomAtsAirTemp: 257.06
  internalAirTempUncertainty: 0.14
  intermediateTempUncertainty: 0.32
  tipAirTempUncertainty: 0.32
  atsBoomConfidenceLevel: "    111XX1111 "
}
boomTwo {
  boomAirTemp: 266.9
  boomIntermediateAirTemp: 266.03
  boomAtsAirTemp: 258.48
  internalAirTempUncertainty: 0.16
  intermediateTempUncertainty: 0.12
  tipAirTempUncertainty: 0.35
  atsBoomConfidenceLevel: "    111XX1111 "
}
channelAHumidity {
  percentage: 0.82
  uncertainty: 2.0
}
channelBHumidity {
  percentage: 0.78
  uncertainty: 2.0
}
channelCHumidity {
  percentage: 0.83
  uncertainty: 2.0
}
humiditySensorTemp: 266.68
hsConfidenceLevel: "     0XXX "
pressureSensorConfig: " 2H "
pressureSensorConfidenceLevel: "      111 "
pressureSensor1 {
}
pressureSensor2 {
  baroCapPressure: 843.82
  baroCapAbsoluteUncertainty: 5.7
}
