ephemerisTime: 5.39237769E8
localMeanSolarTime: " 01597M05:01:12.503 "
localTrueSolarTime: " 01597 04:14:19 "
boomOne {
  boomAirTemp: 208.58
  boomIntermediateAirTemp: 209.24
  boomAtsAirTemp: 209.4
  internalAirTempUncertainty: 0.55
  intermediateTempUncertainty: 0.32
  tipAirTempUncertainty: 1.19
  atsBoomConfidenceLevel: "    011XX1111 "
}
boomTwo {
  boomAirTemp: 165.78
  boomIntermediateAirTemp: 170.44
  boomAtsAirTemp: 148.69
  internalAirTempUncertainty: 1.13
  intermediateTempUncertainty: 1.06
  tipAirTempUncertainty: 1.58
  atsBoomConfidenceLevel: "    011XX1110 "
}
channelAHumidity {
  percentage: 6.33
  uncertainty: 10.0
}
channelBHumidity {
  percentage: 6.39
  uncertainty: 10.0
}
channelCHumidity {
  percentage: 6.66
  uncertainty: 10.0
}
humiditySensorTemp: 209.3
hsConfidenceLevel: "     0XXX "
pressureSensorConfig: " 2H "
pressureSensorConfidenceLevel: "      111 "
pressureSensor1 {
}
pressureSensor2 {
  baroCapPressure: 883.23
  baroCapAbsoluteUncertainty: 5.7
}
