ephemerisTime: 5.11818008E8
localMeanSolarTime: " 01288M08:08:14.603 "
localTrueSolarTime: " 01288 08:33:18 "
boomOne {
  boomAirTemp: 229.19
  boomIntermediateAirTemp: 224.84
  boomAtsAirTemp: 219.95
  internalAirTempUncertainty: 0.14
  intermediateTempUncertainty: 0.32
  tipAirTempUncertainty: 0.32
  atsBoomConfidenceLevel: "    111XX0001 "
}
boomTwo {
  boomAirTemp: 219.41
  boomIntermediateAirTemp: 218.49
  boomAtsAirTemp: 217.22
  internalAirTempUncertainty: 0.16
  intermediateTempUncertainty: 0.12
  tipAirTempUncertainty: 0.35
  atsBoomConfidenceLevel: "    111XX0111 "
}
channelAHumidity {
  percentage: 3.38
  uncertainty: 10.0
}
channelBHumidity {
  percentage: 3.42
  uncertainty: 10.0
}
channelCHumidity {
  percentage: 3.61
  uncertainty: 10.0
}
humiditySensorTemp: 220.68
hsConfidenceLevel: "     0XXX "
pressureSensorConfig: " 2H "
pressureSensorConfidenceLevel: "      111 "
pressureSensor1 {
  baroCapPressure: 785.91
  baroCapAbsoluteUncertainty: 4.4
}
pressureSensor2 {
  baroCapPressure: 782.59
  baroCapAbsoluteUncertainty: 6.0
}
