ephemerisTime: 5.39637539E8
localMeanSolarTime: " 01601M17:05:50.048 "
localTrueSolarTime: " 01601 16:17:46 "
boomOne {
  boomAirTemp: 268.43
  boomIntermediateAirTemp: 268.96
  boomAtsAirTemp: 266.55
  internalAirTempUncertainty: 0.14
  intermediateTempUncertainty: 0.32
  tipAirTempUncertainty: 0.32
  atsBoomConfidenceLevel: "    111XX0001 "
}
boomTwo {
  boomAirTemp: 269.03
  boomIntermediateAirTemp: 269.77
  boomAtsAirTemp: 267.56
  internalAirTempUncertainty: 0.16
  intermediateTempUncertainty: 0.12
  tipAirTempUncertainty: 0.35
  atsBoomConfidenceLevel: "    111XX0001 "
}
channelAHumidity {
  percentage: 0.74
  uncertainty: 2.0
}
channelBHumidity {
  percentage: 0.69
  uncertainty: 2.0
}
channelCHumidity {
  percentage: 0.75
  uncertainty: 2.0
}
humiditySensorTemp: 269.13
hsConfidenceLevel: "     0XXX "
pressureSensorConfig: " 2H "
pressureSensorConfidenceLevel: "      111 "
pressureSensor1 {
  baroCapPressure: 798.53
  baroCapAbsoluteUncertainty: 4.9
}
pressureSensor2 {
  baroCapPressure: 795.51
  baroCapAbsoluteUncertainty: 5.7
}
