ephemerisTime: 5.44157638E8
localMeanSolarTime: " 01652M15:05:52.145 "
localTrueSolarTime: " 01652 14:16:12 "
boomOne {
  boomAirTemp: 269.57
  boomIntermediateAirTemp: 266.65
  boomAtsAirTemp: 264.1
  internalAirTempUncertainty: 0.14
  intermediateTempUncertainty: 0.32
  tipAirTempUncertainty: 0.32
  atsBoomConfidenceLevel: "    111XX0001 "
}
boomTwo {
  boomAirTemp: 260.6
  boomIntermediateAirTemp: 257.22
  boomAtsAirTemp: 254.66
  internalAirTempUncertainty: 0.16
  intermediateTempUncertainty: 0.12
  tipAirTempUncertainty: 0.35
  atsBoomConfidenceLevel: "    111XX1111 "
}
channelAHumidity {
  percentage: 0.91
  uncertainty: 2.0
}
channelBHumidity {
  percentage: 0.89
  uncertainty: 2.0
}
channelCHumidity {
  percentage: 0.94
  uncertainty: 2.0
}
humiditySensorTemp: 261.03
hsConfidenceLevel: "     0XXX "
pressureSensorConfig: " 2H "
pressureSensorConfidenceLevel: "      111 "
pressureSensor1 {
  baroCapPressure: 795.35
  baroCapAbsoluteUncertainty: 5.1
}
pressureSensor2 {
  baroCapPressure: 791.72
  baroCapAbsoluteUncertainty: 6.4
}
