ephemerisTime: 5.3191755E8
localMeanSolarTime: " 01514M18:00:43.861 "
localTrueSolarTime: " 01514 18:00:49 "
boomOne {
  boomAirTemp: 247.54
  boomIntermediateAirTemp: 247.81
  boomAtsAirTemp: 247.93
  internalAirTempUncertainty: 0.14
  intermediateTempUncertainty: 0.32
  tipAirTempUncertainty: 0.32
  atsBoomConfidenceLevel: "    111XX0001 "
}
boomTwo {
  boomAirTemp: 242.45
  boomIntermediateAirTemp: 241.23
  boomAtsAirTemp: 240.88
  internalAirTempUncertainty: 0.16
  intermediateTempUncertainty: 0.12
  tipAirTempUncertainty: 0.35
  atsBoomConfidenceLevel: "    111XX0001 "
}
channelBHumidity {
}
channelCHumidity {
}
hsConfidenceLevel: "      UNK "
pressureSensorConfig: " 2L "
pressureSensorConfidenceLevel: "      101 "
pressureSensor1 {
  thermoCapTemp: 299.84
  baroCapPressure: 855.31
  baroCapAbsoluteUncertainty: 4.7
}
pressureSensor2 {
  thermoCapTemp: 299.81
  baroCapPressure: 853.38
  baroCapAbsoluteUncertainty: 5.3
}
