ephemerisTime: 5.36704329E8
localMeanSolarTime: " 01568M16:06:33.197 "
localTrueSolarTime: " 01568 15:31:09 "
boomOne {
  boomAirTemp: 268.84
  boomIntermediateAirTemp: 267.2
  boomAtsAirTemp: 264.1
  internalAirTempUncertainty: 0.14
  intermediateTempUncertainty: 0.32
  tipAirTempUncertainty: 0.32
  atsBoomConfidenceLevel: "    111XX0001 "
}
boomTwo {
  boomAirTemp: 273.44
  boomIntermediateAirTemp: 271.89
  boomAtsAirTemp: 270.09
  internalAirTempUncertainty: 0.16
  intermediateTempUncertainty: 0.12
  tipAirTempUncertainty: 0.35
  atsBoomConfidenceLevel: "    111XX1101 "
}
channelAHumidity {
  percentage: 0.72
  uncertainty: 2.0
}
channelBHumidity {
  percentage: 0.66
  uncertainty: 2.0
}
channelCHumidity {
  percentage: 0.69
  uncertainty: 2.0
}
humiditySensorTemp: 272.99
hsConfidenceLevel: "     0XXX "
pressureSensorConfig: " 2H "
pressureSensorConfidenceLevel: "      111 "
pressureSensor1 {
}
pressureSensor2 {
  baroCapPressure: 830.8
  baroCapAbsoluteUncertainty: 5.7
}
