ephemerisTime: 5.23480667E8
localMeanSolarTime: " 01419M17:06:58.095 "
localTrueSolarTime: " 01419 17:46:09 "
boomOne {
  boomAirTemp: 248.41
  boomIntermediateAirTemp: 247.0
  boomAtsAirTemp: 245.99
  internalAirTempUncertainty: 0.14
  intermediateTempUncertainty: 0.32
  tipAirTempUncertainty: 0.32
  atsBoomConfidenceLevel: "    111XX1111 "
}
boomTwo {
  boomAirTemp: 250.65
  boomIntermediateAirTemp: 248.08
  boomAtsAirTemp: 246.87
  internalAirTempUncertainty: 0.16
  intermediateTempUncertainty: 0.12
  tipAirTempUncertainty: 0.35
  atsBoomConfidenceLevel: "    111XX0001 "
}
channelAHumidity {
  percentage: 1.34
  uncertainty: 2.0
}
channelBHumidity {
  percentage: 1.35
  uncertainty: 2.0
}
channelCHumidity {
  percentage: 1.42
  uncertainty: 2.0
}
humiditySensorTemp: 251.28
hsConfidenceLevel: "     0XXX "
pressureSensorConfig: " 1L "
pressureSensorConfidenceLevel: "      011 "
pressureSensor1 {
  thermoCapTemp: 304.93
  baroCapPressure: 746.93
  baroCapAbsoluteUncertainty: 4.8
}
pressureSensor2 {
  thermoCapTemp: 305.01
  baroCapPressure: 747.47
  baroCapAbsoluteUncertainty: 4.3
}
