ephemerisTime: 5.08640167E8
localMeanSolarTime: " 01252M13:00:49.780 "
localTrueSolarTime: " 01252 13:20:57 "
boomOne {
  boomAirTemp: 240.91
  boomIntermediateAirTemp: 241.08
  boomAtsAirTemp: 238.62
  internalAirTempUncertainty: 0.14
  intermediateTempUncertainty: 0.32
  tipAirTempUncertainty: 0.32
  atsBoomConfidenceLevel: "    111XX1111 "
}
boomTwo {
  boomAirTemp: 245.67
  boomIntermediateAirTemp: 239.26
  boomAtsAirTemp: 235.35
  internalAirTempUncertainty: 0.16
  intermediateTempUncertainty: 0.12
  tipAirTempUncertainty: 0.35
  atsBoomConfidenceLevel: "    111XX1111 "
}
channelBHumidity {
}
channelCHumidity {
}
hsConfidenceLevel: "      UNK "
pressureSensorConfig: " 2H "
pressureSensorConfidenceLevel: "      101 "
pressureSensor1 {
}
pressureSensor2 {
  thermoCapTemp: 288.11
  baroCapPressure: 775.88
  baroCapAbsoluteUncertainty: 6.0
}
