ephemerisTime: 5.0603612E8
localMeanSolarTime: " 01223M05:00:51.967 "
localTrueSolarTime: " 01223 05:17:04 "
boomOne {
  boomAirTemp: 188.25
  boomIntermediateAirTemp: 186.93
  boomAtsAirTemp: 185.85
  internalAirTempUncertainty: 0.55
  intermediateTempUncertainty: 0.32
  tipAirTempUncertainty: 1.19
  atsBoomConfidenceLevel: "    011XX1111 "
}
boomTwo {
  boomAirTemp: 132.35
  boomIntermediateAirTemp: 133.65
  boomAtsAirTemp: 129.89
  internalAirTempUncertainty: 1.13
  intermediateTempUncertainty: 1.06
  tipAirTempUncertainty: 1.58
  atsBoomConfidenceLevel: "    011XX1110 "
}
channelBHumidity {
}
channelCHumidity {
}
hsConfidenceLevel: "      UNK "
pressureSensorConfig: " 2H "
pressureSensorConfidenceLevel: "      101 "
pressureSensor1 {
}
pressureSensor2 {
  thermoCapTemp: 279.37
  baroCapPressure: 853.79
  baroCapAbsoluteUncertainty: 6.0
}
