ephemerisTime: 5.14869174E8
localMeanSolarTime: " 01322M17:00:52.539 "
localTrueSolarTime: " 01322 17:31:17 "
boomOne {
  boomAirTemp: 247.62
  boomIntermediateAirTemp: 244.73
  boomAtsAirTemp: 240.05
  internalAirTempUncertainty: 0.14
  intermediateTempUncertainty: 0.32
  tipAirTempUncertainty: 0.32
  atsBoomConfidenceLevel: "    111XX0001 "
}
boomTwo {
  boomAirTemp: 245.64
  boomIntermediateAirTemp: 242.11
  boomAtsAirTemp: 239.09
  internalAirTempUncertainty: 0.16
  intermediateTempUncertainty: 0.12
  tipAirTempUncertainty: 0.35
  atsBoomConfidenceLevel: "    111XX0001 "
}
channelBHumidity {
}
channelCHumidity {
}
hsConfidenceLevel: "      UNK "
pressureSensorConfig: " 2H "
pressureSensorConfidenceLevel: "      100 "
pressureSensor1 {
}
pressureSensor2 {
  thermoCapTemp: 291.52
  baroCapPressure: 698.02
  baroCapAbsoluteUncertainty: 5.1
}
