ephemerisTime: 5.42670358E8
localMeanSolarTime: " 01635M21:00:51.704 "
localTrueSolarTime: " 01635 20:09:37 "
boomOne {
  boomAirTemp: 225.14
  boomIntermediateAirTemp: 225.0
  boomAtsAirTemp: 224.32
  internalAirTempUncertainty: 0.14
  intermediateTempUncertainty: 0.32
  tipAirTempUncertainty: 0.32
  atsBoomConfidenceLevel: "    111XX1111 "
}
boomTwo {
  boomAirTemp: 213.42
  boomIntermediateAirTemp: 214.24
  boomAtsAirTemp: 166.69
  internalAirTempUncertainty: 0.16
  intermediateTempUncertainty: 0.12
  tipAirTempUncertainty: 0.35
  atsBoomConfidenceLevel: "    111XX1110 "
}
channelBHumidity {
}
channelCHumidity {
}
hsConfidenceLevel: "      UNK "
pressureSensorConfig: " 2H "
pressureSensorConfidenceLevel: "      101 "
pressureSensor1 {
}
pressureSensor2 {
  thermoCapTemp: 286.38
  baroCapPressure: 815.99
  baroCapAbsoluteUncertainty: 5.7
}
