ephemerisTime: 5.06498781E8
localMeanSolarTime: " 01228M10:05:38.396 "
localTrueSolarTime: " 01228 10:22:34 "
boomOne {
  boomAirTemp: 238.43
  boomIntermediateAirTemp: 237.59
  boomAtsAirTemp: 237.87
  internalAirTempUncertainty: 0.14
  intermediateTempUncertainty: 0.32
  tipAirTempUncertainty: 0.32
  atsBoomConfidenceLevel: "    111XX0001 "
}
boomTwo {
  boomAirTemp: 234.9
  boomIntermediateAirTemp: 232.97
  boomAtsAirTemp: 228.92
  internalAirTempUncertainty: 0.16
  intermediateTempUncertainty: 0.12
  tipAirTempUncertainty: 0.35
  atsBoomConfidenceLevel: "    111XX0001 "
}
channelAHumidity {
  percentage: 1.93
  uncertainty: 10.0
}
channelBHumidity {
  percentage: 1.96
  uncertainty: 10.0
}
channelCHumidity {
  percentage: 2.08
  uncertainty: 10.0
}
humiditySensorTemp: 235.13
hsConfidenceLevel: "     0XXX "
pressureSensorConfig: " 2H "
pressureSensorConfidenceLevel: "      111 "
pressureSensor1 {
  baroCapPressure: 835.02
  baroCapAbsoluteUncertainty: 4.4
}
pressureSensor2 {
  baroCapPressure: 831.25
  baroCapAbsoluteUncertainty: 6.0
}
