ephemerisTime: 5.15176208E8
localMeanSolarTime: " 01326M04:01:14.449 "
localTrueSolarTime: " 01326 04:32:13 "
boomOne {
  boomAirTemp: 199.68
  boomIntermediateAirTemp: 198.59
  boomAtsAirTemp: 199.54
  internalAirTempUncertainty: 0.55
  intermediateTempUncertainty: 0.32
  tipAirTempUncertainty: 1.19
  atsBoomConfidenceLevel: "    011XX1111 "
}
boomTwo {
  boomAirTemp: 198.04
  boomIntermediateAirTemp: 198.22
  boomAtsAirTemp: 198.58
  internalAirTempUncertainty: 1.13
  intermediateTempUncertainty: 1.06
  tipAirTempUncertainty: 1.58
  atsBoomConfidenceLevel: "    011XX1110 "
}
channelAHumidity {
  percentage: 24.52
  uncertainty: 20.0
}
channelBHumidity {
  percentage: 24.25
  uncertainty: 20.0
}
channelCHumidity {
  percentage: 24.77
  uncertainty: 20.0
}
humiditySensorTemp: 199.62
hsConfidenceLevel: "     0XXX "
pressureSensorConfig: " 2H "
pressureSensorConfidenceLevel: "      101 "
pressureSensor1 {
}
pressureSensor2 {
  baroCapPressure: 755.38
  baroCapAbsoluteUncertainty: 5.1
}
