ephemerisTime: 5.23317844E8
localMeanSolarTime: " 01417M21:05:50.043 "
localTrueSolarTime: " 01417 21:45:09 "
boomOne {
  boomAirTemp: 224.13
  boomIntermediateAirTemp: 223.16
  boomAtsAirTemp: 222.81
  internalAirTempUncertainty: 0.14
  intermediateTempUncertainty: 0.32
  tipAirTempUncertainty: 0.32
  atsBoomConfidenceLevel: "    111XX1111 "
}
boomTwo {
  boomAirTemp: 222.81
  boomIntermediateAirTemp: 221.92
  boomAtsAirTemp: 220.17
  internalAirTempUncertainty: 0.16
  intermediateTempUncertainty: 0.12
  tipAirTempUncertainty: 0.35
  atsBoomConfidenceLevel: "    111XX1111 "
}
channelAHumidity {
  percentage: 2.78
  uncertainty: 10.0
}
channelBHumidity {
  percentage: 2.84
  uncertainty: 10.0
}
channelCHumidity {
  percentage: 3.03
  uncertainty: 10.0
}
humiditySensorTemp: 225.6
hsConfidenceLevel: "     0XXX "
pressureSensorConfig: " 2H "
pressureSensorConfidenceLevel: "      111 "
pressureSensor1 {
}
pressureSensor2 {
  baroCapPressure: 791.37
  baroCapAbsoluteUncertainty: 5.1
}
