ephemerisTime: 5.06813194E8
localMeanSolarTime: " 01231M23:05:41.944 "
localTrueSolarTime: " 01231 23:23:06 "
boomOne {
  boomAirTemp: 204.25
  boomIntermediateAirTemp: 201.6
  boomAtsAirTemp: 199.25
  internalAirTempUncertainty: 0.55
  intermediateTempUncertainty: 0.32
  tipAirTempUncertainty: 1.19
  atsBoomConfidenceLevel: "    011XX1111 "
}
boomTwo {
  boomAirTemp: 200.86
  boomIntermediateAirTemp: 200.1
  boomAtsAirTemp: 147.75
  internalAirTempUncertainty: 1.13
  intermediateTempUncertainty: 1.06
  tipAirTempUncertainty: 1.58
  atsBoomConfidenceLevel: "    011XX1110 "
}
channelAHumidity {
  percentage: 9.48
  uncertainty: 10.0
}
channelBHumidity {
  percentage: 9.47
  uncertainty: 10.0
}
channelCHumidity {
  percentage: 9.94
  uncertainty: 10.0
}
humiditySensorTemp: 205.83
hsConfidenceLevel: "     0XXX "
pressureSensorConfig: " 2H "
pressureSensorConfidenceLevel: "      111 "
pressureSensor1 {
}
pressureSensor2 {
  baroCapPressure: 833.88
  baroCapAbsoluteUncertainty: 6.0
}
