ephemerisTime: 5.18310548E8
localMeanSolarTime: " 01361M11:23:01.771 "
localTrueSolarTime: " 01361 11:59:23 "
boomOne {
  boomAirTemp: 252.32
  boomIntermediateAirTemp: 249.5
  boomAtsAirTemp: 245.84
  internalAirTempUncertainty: 0.14
  intermediateTempUncertainty: 0.32
  tipAirTempUncertainty: 0.32
  atsBoomConfidenceLevel: "    111XX1111 "
}
boomTwo {
  boomAirTemp: 250.6
  boomIntermediateAirTemp: 247.99
  boomAtsAirTemp: 245.86
  internalAirTempUncertainty: 0.16
  intermediateTempUncertainty: 0.12
  tipAirTempUncertainty: 0.35
  atsBoomConfidenceLevel: "    111XX1111 "
}
channelAHumidity {
  percentage: 1.16
  uncertainty: 2.0
}
channelBHumidity {
  percentage: 1.18
  uncertainty: 2.0
}
channelCHumidity {
  percentage: 1.23
  uncertainty: 2.0
}
humiditySensorTemp: 251.05
hsConfidenceLevel: "     0XXX "
pressureSensorConfig: " 2H "
pressureSensorConfidenceLevel: "      111 "
pressureSensor1 {
}
pressureSensor2 {
  baroCapPressure: 721.83
  baroCapAbsoluteUncertainty: 5.1
}
