ephemerisTime: 5.16241789E8
localMeanSolarTime: " 01338M04:05:54.869 "
localTrueSolarTime: " 01338 04:38:49 "
boomOne {
  boomAirTemp: 201.9
  boomIntermediateAirTemp: 201.08
  boomAtsAirTemp: 200.64
  internalAirTempUncertainty: 0.55
  intermediateTempUncertainty: 0.32
  tipAirTempUncertainty: 1.19
  atsBoomConfidenceLevel: "    011XX1111 "
}
boomTwo {
  boomAirTemp: 188.83
  boomIntermediateAirTemp: 186.56
  boomAtsAirTemp: 144.68
  internalAirTempUncertainty: 1.13
  intermediateTempUncertainty: 1.06
  tipAirTempUncertainty: 1.58
  atsBoomConfidenceLevel: "    011XX1110 "
}
channelAHumidity {
  percentage: 13.9
  uncertainty: 20.0
}
channelBHumidity {
  percentage: 13.81
  uncertainty: 20.0
}
channelCHumidity {
  percentage: 14.24
  uncertainty: 20.0
}
humiditySensorTemp: 202.73
hsConfidenceLevel: "     0XXX "
pressureSensorConfig: " 2H "
pressureSensorConfidenceLevel: "      111 "
pressureSensor1 {
  baroCapPressure: 752.33
  baroCapAbsoluteUncertainty: 4.6
}
pressureSensor2 {
  baroCapPressure: 749.35
  baroCapAbsoluteUncertainty: 5.1
}
