ephemerisTime: 5.31240954E8
localMeanSolarTime: " 01507M03:05:44.447 "
localTrueSolarTime: " 01507 03:11:04 "
boomOne {
  boomAirTemp: 208.09
  boomIntermediateAirTemp: 208.62
  boomAtsAirTemp: 209.78
  internalAirTempUncertainty: 0.55
  intermediateTempUncertainty: 0.32
  tipAirTempUncertainty: 1.19
  atsBoomConfidenceLevel: "    011XX1111 "
}
boomTwo {
  boomAirTemp: 206.41
  boomIntermediateAirTemp: 207.37
  boomAtsAirTemp: 207.53
  internalAirTempUncertainty: 1.13
  intermediateTempUncertainty: 1.06
  tipAirTempUncertainty: 1.58
  atsBoomConfidenceLevel: "    011XX1111 "
}
channelAHumidity {
  percentage: 7.53
  uncertainty: 10.0
}
channelBHumidity {
  percentage: 7.56
  uncertainty: 10.0
}
channelCHumidity {
  percentage: 7.91
  uncertainty: 10.0
}
humiditySensorTemp: 208.95
hsConfidenceLevel: "     0XXX "
pressureSensorConfig: " 2H "
pressureSensorConfidenceLevel: "      111 "
pressureSensor1 {
  baroCapPressure: 929.98
  baroCapAbsoluteUncertainty: 4.7
}
pressureSensor2 {
  baroCapPressure: 927.05
  baroCapAbsoluteUncertainty: 5.3
}
