ephemerisTime: 5.17530968E8
localMeanSolarTime: " 01352M16:37:32.821 "
localTrueSolarTime: " 01352 17:12:40 "
boomOne {
  boomAirTemp: 253.87
  boomIntermediateAirTemp: 248.65
  boomAtsAirTemp: 244.45
  internalAirTempUncertainty: 0.14
  intermediateTempUncertainty: 0.32
  tipAirTempUncertainty: 0.32
  atsBoomConfidenceLevel: "    111XX0001 "
}
boomTwo {
  boomAirTemp: 256.45
  boomIntermediateAirTemp: 251.66
  boomAtsAirTemp: 246.94
  internalAirTempUncertainty: 0.16
  intermediateTempUncertainty: 0.12
  tipAirTempUncertainty: 0.35
  atsBoomConfidenceLevel: "    111XX0001 "
}
channelAHumidity {
  percentage: 1.16
  uncertainty: 2.0
}
channelBHumidity {
  percentage: 1.16
  uncertainty: 2.0
}
channelCHumidity {
  percentage: 1.23
  uncertainty: 2.0
}
humiditySensorTemp: 256.21
hsConfidenceLevel: "     0XXX "
pressureSensorConfig: " 2H "
pressureSensorConfidenceLevel: "      111 "
pressureSensor1 {
}
pressureSensor2 {
  baroCapPressure: 685.98
  baroCapAbsoluteUncertainty: 5.1
}
