ephemerisTime: 5.17909683E8
localMeanSolarTime: " 01356M23:00:38.514 "
localTrueSolarTime: " 01356 23:36:23 "
boomOne {
  boomAirTemp: 211.93
  boomIntermediateAirTemp: 211.28
  boomAtsAirTemp: 211.87
  internalAirTempUncertainty: 0.14
  intermediateTempUncertainty: 0.32
  tipAirTempUncertainty: 0.32
  atsBoomConfidenceLevel: "    111XX1111 "
}
boomTwo {
  boomAirTemp: 207.13
  boomIntermediateAirTemp: 206.93
  boomAtsAirTemp: 205.56
  internalAirTempUncertainty: 1.13
  intermediateTempUncertainty: 1.06
  tipAirTempUncertainty: 1.58
  atsBoomConfidenceLevel: "    011XX1110 "
}
channelBHumidity {
}
channelCHumidity {
}
hsConfidenceLevel: "      UNK "
pressureSensorConfig: " 2H "
pressureSensorConfidenceLevel: "      101 "
pressureSensor1 {
}
pressureSensor2 {
  thermoCapTemp: 280.69
  baroCapPressure: 748.59
  baroCapAbsoluteUncertainty: 5.1
}
