ephemerisTime: 5.24815896E8
localMeanSolarTime: " 01434M18:05:34.369 "
localTrueSolarTime: " 01434 18:42:51 "
boomOne {
  boomAirTemp: 241.47
  boomIntermediateAirTemp: 240.15
  boomAtsAirTemp: 239.26
  internalAirTempUncertainty: 0.14
  intermediateTempUncertainty: 0.32
  tipAirTempUncertainty: 0.32
  atsBoomConfidenceLevel: "    111XX1111 "
}
boomTwo {
  boomAirTemp: 240.26
  boomIntermediateAirTemp: 238.31
  boomAtsAirTemp: 237.92
  internalAirTempUncertainty: 0.16
  intermediateTempUncertainty: 0.12
  tipAirTempUncertainty: 0.35
  atsBoomConfidenceLevel: "    111XX1111 "
}
channelAHumidity {
  percentage: 1.76
  uncertainty: 10.0
}
channelBHumidity {
  percentage: 1.78
  uncertainty: 10.0
}
channelCHumidity {
  percentage: 1.86
  uncertainty: 10.0
}
humiditySensorTemp: 241.37
hsConfidenceLevel: "     0XXX "
pressureSensorConfig: " 2H "
pressureSensorConfidenceLevel: "      111 "
pressureSensor1 {
}
pressureSensor2 {
  baroCapPressure: 789.29
  baroCapAbsoluteUncertainty: 5.3
}
