ephemerisTime: 5.41824909E8
localMeanSolarTime: " 01626M08:26:55.520 "
localTrueSolarTime: " 01626 07:35:38 "
boomOne {
  boomAirTemp: 216.61
  boomIntermediateAirTemp: 214.35
  boomAtsAirTemp: 212.85
  internalAirTempUncertainty: 0.14
  intermediateTempUncertainty: 0.32
  tipAirTempUncertainty: 0.32
  atsBoomConfidenceLevel: "    111XX0001 "
}
boomTwo {
  boomAirTemp: 210.39
  boomIntermediateAirTemp: 211.63
  boomAtsAirTemp: 210.6
  internalAirTempUncertainty: 0.16
  intermediateTempUncertainty: 0.12
  tipAirTempUncertainty: 0.35
  atsBoomConfidenceLevel: "    111XX1111 "
}
channelAHumidity {
  percentage: 4.73
  uncertainty: 10.0
}
channelBHumidity {
  percentage: 4.79
  uncertainty: 10.0
}
channelCHumidity {
  percentage: 5.03
  uncertainty: 10.0
}
humiditySensorTemp: 213.58
hsConfidenceLevel: "     0XXX "
pressureSensorConfig: " 2H "
pressureSensorConfidenceLevel: "      111 "
pressureSensor1 {
}
pressureSensor2 {
  thermoCapTemp: 283.91
  baroCapPressure: 886.99
  baroCapAbsoluteUncertainty: 5.7
}
