ephemerisTime: 5.42725629E8
localMeanSolarTime: " 01636M11:57:24.397 "
localTrueSolarTime: " 01636 11:06:11 "
boomOne {
  boomAirTemp: 250.06
  boomIntermediateAirTemp: 249.23
  boomAtsAirTemp: 246.12
  internalAirTempUncertainty: 0.14
  intermediateTempUncertainty: 0.32
  tipAirTempUncertainty: 0.32
  atsBoomConfidenceLevel: "    111XX1111 "
}
boomTwo {
  boomAirTemp: 255.82
  boomIntermediateAirTemp: 255.78
  boomAtsAirTemp: 253.37
  internalAirTempUncertainty: 0.16
  intermediateTempUncertainty: 0.12
  tipAirTempUncertainty: 0.35
  atsBoomConfidenceLevel: "    111XX1111 "
}
channelAHumidity {
  percentage: 1.22
  uncertainty: 2.0
}
channelBHumidity {
  percentage: 1.21
  uncertainty: 2.0
}
channelCHumidity {
  percentage: 1.28
  uncertainty: 2.0
}
humiditySensorTemp: 256.84
hsConfidenceLevel: "     0XXX "
pressureSensorConfig: " 2H "
pressureSensorConfidenceLevel: "      111 "
pressureSensor1 {
}
pressureSensor2 {
  baroCapPressure: 833.21
  baroCapAbsoluteUncertainty: 5.7
}
