ephemerisTime: 5.30482388E8
localMeanSolarTime: " 01498M14:01:07.445 "
localTrueSolarTime: " 01498 14:12:03 "
boomOne {
  boomAirTemp: 265.5
  boomIntermediateAirTemp: 263.73
  boomAtsAirTemp: 261.06
  internalAirTempUncertainty: 0.14
  intermediateTempUncertainty: 0.32
  tipAirTempUncertainty: 0.32
  atsBoomConfidenceLevel: "    111XX1111 "
}
boomTwo {
  boomAirTemp: 276.12
  boomIntermediateAirTemp: 278.98
  boomAtsAirTemp: 277.75
  internalAirTempUncertainty: 0.16
  intermediateTempUncertainty: 0.12
  tipAirTempUncertainty: 0.35
  atsBoomConfidenceLevel: "    111XX0001 "
}
channelAHumidity {
  percentage: 0.52
  uncertainty: 2.0
}
channelBHumidity {
  percentage: 0.47
  uncertainty: 2.0
}
channelCHumidity {
  percentage: 0.49
  uncertainty: 2.0
}
humiditySensorTemp: 276.37
hsConfidenceLevel: "     0XXX "
pressureSensorConfig: " 2H "
pressureSensorConfidenceLevel: "      111 "
pressureSensor1 {
}
pressureSensor2 {
  baroCapPressure: 860.58
  baroCapAbsoluteUncertainty: 5.3
}
