ephemerisTime: 5.23680329E8
localMeanSolarTime: " 01421M23:05:39.832 "
localTrueSolarTime: " 01421 23:44:39 "
boomOne {
  boomAirTemp: 216.49
  boomIntermediateAirTemp: 217.17
  boomAtsAirTemp: 217.55
  internalAirTempUncertainty: 0.14
  intermediateTempUncertainty: 0.32
  tipAirTempUncertainty: 0.32
  atsBoomConfidenceLevel: "    111XX1111 "
}
boomTwo {
  boomAirTemp: 214.59
  boomIntermediateAirTemp: 216.25
  boomAtsAirTemp: 216.99
  internalAirTempUncertainty: 0.16
  intermediateTempUncertainty: 0.12
  tipAirTempUncertainty: 0.35
  atsBoomConfidenceLevel: "    111XX1111 "
}
channelAHumidity {
  percentage: 4.25
  uncertainty: 10.0
}
channelBHumidity {
  percentage: 4.35
  uncertainty: 10.0
}
channelCHumidity {
  percentage: 4.56
  uncertainty: 10.0
}
humiditySensorTemp: 216.85
hsConfidenceLevel: "     0XXX "
pressureSensorConfig: " 2H "
pressureSensorConfidenceLevel: "      111 "
pressureSensor1 {
  baroCapPressure: 810.63
  baroCapAbsoluteUncertainty: 4.7
}
pressureSensor2 {
  baroCapPressure: 808.24
  baroCapAbsoluteUncertainty: 5.3
}
