ephemerisTime: 5.43976076E8
localMeanSolarTime: " 01650M14:00:46.296 "
localTrueSolarTime: " 01650 13:10:49 "
boomOne {
  boomAirTemp: 264.34
  boomIntermediateAirTemp: 265.54
  boomAtsAirTemp: 264.92
  internalAirTempUncertainty: 0.14
  intermediateTempUncertainty: 0.32
  tipAirTempUncertainty: 0.32
  atsBoomConfidenceLevel: "    111XX0001 "
}
boomTwo {
  boomAirTemp: 256.8
  boomIntermediateAirTemp: 255.93
  boomAtsAirTemp: 252.49
  internalAirTempUncertainty: 0.16
  intermediateTempUncertainty: 0.12
  tipAirTempUncertainty: 0.35
  atsBoomConfidenceLevel: "    111XX1111 "
}
channelBHumidity {
}
channelCHumidity {
}
hsConfidenceLevel: "      UNK "
pressureSensorConfig: " 2H "
pressureSensorConfidenceLevel: "      101 "
pressureSensor1 {
}
pressureSensor2 {
  thermoCapTemp: 291.93
  baroCapPressure: 800.18
  baroCapAbsoluteUncertainty: 6.4
}
