ephemerisTime: 5.32612448E8
localMeanSolarTime: " 01522M13:52:35.760 "
localTrueSolarTime: " 01522 13:47:09 "
boomOne {
  boomAirTemp: 274.49
  boomIntermediateAirTemp: 268.6
  boomAtsAirTemp: 262.36
  internalAirTempUncertainty: 0.14
  intermediateTempUncertainty: 0.32
  tipAirTempUncertainty: 0.32
  atsBoomConfidenceLevel: "    111XX1101 "
}
boomTwo {
  boomAirTemp: 267.35
  boomIntermediateAirTemp: 262.46
  boomAtsAirTemp: 259.11
  internalAirTempUncertainty: 0.16
  intermediateTempUncertainty: 0.12
  tipAirTempUncertainty: 0.35
  atsBoomConfidenceLevel: "    111XX1101 "
}
channelAHumidity {
  percentage: 0.81
  uncertainty: 2.0
}
channelBHumidity {
  percentage: 0.77
  uncertainty: 2.0
}
channelCHumidity {
  percentage: 0.8
  uncertainty: 2.0
}
humiditySensorTemp: 267.51
hsConfidenceLevel: "     0XXX "
pressureSensorConfig: " 2H "
pressureSensorConfidenceLevel: "      111 "
pressureSensor1 {
}
pressureSensor2 {
  baroCapPressure: 867.3
  baroCapAbsoluteUncertainty: 5.7
}
