ephemerisTime: 5.31488471E8
localMeanSolarTime: " 01509M22:00:41.230 "
localTrueSolarTime: " 01509 22:04:07 "
boomOne {
  boomAirTemp: 223.36
  boomIntermediateAirTemp: 224.95
  boomAtsAirTemp: 226.18
  internalAirTempUncertainty: 0.14
  intermediateTempUncertainty: 0.32
  tipAirTempUncertainty: 0.32
  atsBoomConfidenceLevel: "    111XX1111 "
}
boomTwo {
  boomAirTemp: 220.7
  boomIntermediateAirTemp: 223.44
  boomAtsAirTemp: 224.2
  internalAirTempUncertainty: 0.16
  intermediateTempUncertainty: 0.12
  tipAirTempUncertainty: 0.35
  atsBoomConfidenceLevel: "    111XX1111 "
}
channelBHumidity {
}
channelCHumidity {
}
hsConfidenceLevel: "      UNK "
pressureSensorConfig: " 2H "
pressureSensorConfidenceLevel: "      101 "
pressureSensor1 {
}
pressureSensor2 {
  thermoCapTemp: 284.86
  baroCapPressure: 916.58
  baroCapAbsoluteUncertainty: 5.3
}
