ephemerisTime: 5.44239009E8
localMeanSolarTime: " 01653M13:05:46.754 "
localTrueSolarTime: " 01653 12:16:15 "
boomOne {
  boomAirTemp: 259.8
  boomIntermediateAirTemp: 259.93
  boomAtsAirTemp: 255.93
  internalAirTempUncertainty: 0.14
  intermediateTempUncertainty: 0.32
  tipAirTempUncertainty: 0.32
  atsBoomConfidenceLevel: "    111XX1111 "
}
boomTwo {
  boomAirTemp: 255.72
  boomIntermediateAirTemp: 254.66
  boomAtsAirTemp: 247.78
  internalAirTempUncertainty: 0.16
  intermediateTempUncertainty: 0.12
  tipAirTempUncertainty: 0.35
  atsBoomConfidenceLevel: "    111XX1111 "
}
channelAHumidity {
  percentage: 1.0
  uncertainty: 2.0
}
channelBHumidity {
  percentage: 1.0
  uncertainty: 2.0
}
channelCHumidity {
  percentage: 1.07
  uncertainty: 2.0
}
humiditySensorTemp: 256.55
hsConfidenceLevel: "     0XXX "
pressureSensorConfig: " 2H "
pressureSensorConfidenceLevel: "      111 "
pressureSensor1 {
}
pressureSensor2 {
  baroCapPressure: 813.6
  baroCapAbsoluteUncertainty: 6.4
}
