ephemerisTime: 5.16134505E8
localMeanSolarTime: " 01336M23:05:40.342 "
localTrueSolarTime: " 01336 23:38:23 "
boomOne {
  boomAirTemp: 211.34
  boomIntermediateAirTemp: 211.24
  boomAtsAirTemp: 211.28
  internalAirTempUncertainty: 0.14
  intermediateTempUncertainty: 0.32
  tipAirTempUncertainty: 0.32
  atsBoomConfidenceLevel: "    111XX1111 "
}
boomTwo {
  boomAirTemp: 207.0
  boomIntermediateAirTemp: 207.5
  boomAtsAirTemp: 201.3
  internalAirTempUncertainty: 0.16
  intermediateTempUncertainty: 0.12
  tipAirTempUncertainty: 0.35
  atsBoomConfidenceLevel: "    111XX1110 "
}
channelAHumidity {
  percentage: 6.32
  uncertainty: 10.0
}
channelBHumidity {
  percentage: 6.3
  uncertainty: 10.0
}
channelCHumidity {
  percentage: 6.55
  uncertainty: 10.0
}
humiditySensorTemp: 212.07
hsConfidenceLevel: "     0XXX "
pressureSensorConfig: " 2H "
pressureSensorConfidenceLevel: "      111 "
pressureSensor1 {
  baroCapPressure: 742.95
  baroCapAbsoluteUncertainty: 4.6
}
pressureSensor2 {
  baroCapPressure: 740.08
  baroCapAbsoluteUncertainty: 5.1
}
