ephemerisTime: 5.39259909E8
localMeanSolarTime: " 01597M11:00:20.335 "
localTrueSolarTime: " 01597 10:13:22 "
boomOne {
  boomAirTemp: 246.9
  boomIntermediateAirTemp: 241.77
  boomAtsAirTemp: 238.57
  internalAirTempUncertainty: 0.14
  intermediateTempUncertainty: 0.32
  tipAirTempUncertainty: 0.32
  atsBoomConfidenceLevel: "    111XX0001 "
}
boomTwo {
  boomAirTemp: 243.25
  boomIntermediateAirTemp: 242.81
  boomAtsAirTemp: 239.31
  internalAirTempUncertainty: 0.16
  intermediateTempUncertainty: 0.12
  tipAirTempUncertainty: 0.35
  atsBoomConfidenceLevel: "    111XX1111 "
}
channelAHumidity {
  percentage: 1.49
  uncertainty: 2.0
}
channelBHumidity {
  percentage: 1.5
  uncertainty: 2.0
}
channelCHumidity {
  percentage: 1.58
  uncertainty: 2.0
}
humiditySensorTemp: 244.07
hsConfidenceLevel: "     0XXX "
pressureSensorConfig: " 2H "
pressureSensorConfidenceLevel: "      111 "
pressureSensor1 {
}
pressureSensor2 {
  baroCapPressure: 866.2
  baroCapAbsoluteUncertainty: 5.7
}
