ephemerisTime: 5.4001082E8
localMeanSolarTime: " 01605M22:00:47.081 "
localTrueSolarTime: " 01605 21:11:48 "
boomOne {
  boomAirTemp: 220.75
  boomIntermediateAirTemp: 221.11
  boomAtsAirTemp: 221.25
  internalAirTempUncertainty: 0.14
  intermediateTempUncertainty: 0.32
  tipAirTempUncertainty: 0.32
  atsBoomConfidenceLevel: "    111XX1111 "
}
boomTwo {
  boomAirTemp: 196.54
  boomIntermediateAirTemp: 194.67
  boomAtsAirTemp: 161.06
  internalAirTempUncertainty: 0.16
  intermediateTempUncertainty: 0.12
  tipAirTempUncertainty: 0.35
  atsBoomConfidenceLevel: "    111XX1110 "
}
channelBHumidity {
}
channelCHumidity {
}
hsConfidenceLevel: "      UNK "
pressureSensorConfig: " 2H "
pressureSensorConfidenceLevel: "      101 "
pressureSensor1 {
}
pressureSensor2 {
  thermoCapTemp: 283.91
  baroCapPressure: 841.88
  baroCapAbsoluteUncertainty: 5.7
}
