ephemerisTime: 5.42275929E8
localMeanSolarTime: " 01631M10:22:52.306 "
localTrueSolarTime: " 01631 09:31:31 "
boomOne {
  boomAirTemp: 232.11
  boomIntermediateAirTemp: 233.89
  boomAtsAirTemp: 230.8
  internalAirTempUncertainty: 0.14
  intermediateTempUncertainty: 0.32
  tipAirTempUncertainty: 0.32
  atsBoomConfidenceLevel: "    111XX1111 "
}
boomTwo {
  boomAirTemp: 238.07
  boomIntermediateAirTemp: 240.82
  boomAtsAirTemp: 235.37
  internalAirTempUncertainty: 0.16
  intermediateTempUncertainty: 0.12
  tipAirTempUncertainty: 0.35
  atsBoomConfidenceLevel: "    111XX0001 "
}
channelAHumidity {
  percentage: 1.74
  uncertainty: 10.0
}
channelBHumidity {
  percentage: 1.77
  uncertainty: 10.0
}
channelCHumidity {
  percentage: 1.88
  uncertainty: 10.0
}
humiditySensorTemp: 238.7
hsConfidenceLevel: "     0XXX "
pressureSensorConfig: " 2H "
pressureSensorConfidenceLevel: "      111 "
pressureSensor1 {
}
pressureSensor2 {
  baroCapPressure: 855.5
  baroCapAbsoluteUncertainty: 5.7
}
