ephemerisTime: 5.18024367E8
localMeanSolarTime: " 01358M06:00:55.116 "
localTrueSolarTime: " 01358 06:36:50 "
boomOne {
  boomAirTemp: 200.52
  boomIntermediateAirTemp: 201.97
  boomAtsAirTemp: 201.97
  internalAirTempUncertainty: 0.55
  intermediateTempUncertainty: 0.32
  tipAirTempUncertainty: 1.19
  atsBoomConfidenceLevel: "    011XX1111 "
}
boomTwo {
  boomAirTemp: 183.93
  boomIntermediateAirTemp: 187.52
  boomAtsAirTemp: 146.44
  internalAirTempUncertainty: 1.13
  intermediateTempUncertainty: 1.06
  tipAirTempUncertainty: 1.58
  atsBoomConfidenceLevel: "    011XX1110 "
}
channelBHumidity {
}
channelCHumidity {
}
hsConfidenceLevel: "      UNK "
pressureSensorConfig: " 2H "
pressureSensorConfidenceLevel: "      101 "
pressureSensor1 {
}
pressureSensor2 {
  thermoCapTemp: 279.0
  baroCapPressure: 768.0
  baroCapAbsoluteUncertainty: 5.1
}
