ephemerisTime: 5.08942568E8
localMeanSolarTime: " 01255M22:46:02.607 "
localTrueSolarTime: " 01255 23:06:37 "
boomOne {
  boomAirTemp: 207.59
  boomIntermediateAirTemp: 209.24
  boomAtsAirTemp: 212.32
  internalAirTempUncertainty: 0.55
  intermediateTempUncertainty: 0.32
  tipAirTempUncertainty: 1.19
  atsBoomConfidenceLevel: "    011XX1111 "
}
boomTwo {
  boomAirTemp: 203.36
  boomIntermediateAirTemp: 204.89
  boomAtsAirTemp: 161.55
  internalAirTempUncertainty: 1.13
  intermediateTempUncertainty: 1.06
  tipAirTempUncertainty: 1.58
  atsBoomConfidenceLevel: "    011XX1110 "
}
channelAHumidity {
  percentage: 6.98
  uncertainty: 10.0
}
channelBHumidity {
  percentage: 7.06
  uncertainty: 10.0
}
channelCHumidity {
  percentage: 7.12
  uncertainty: 10.0
}
humiditySensorTemp: 208.2
hsConfidenceLevel: "     0XXX "
pressureSensorConfig: " 2H "
pressureSensorConfidenceLevel: "      111 "
pressureSensor1 {
}
pressureSensor2 {
  thermoCapTemp: 281.77
  baroCapPressure: 803.65
  baroCapAbsoluteUncertainty: 6.0
}
