ephemerisTime: 5.40177585E8
localMeanSolarTime: " 01607M19:05:51.698 "
localTrueSolarTime: " 01607 18:16:31 "
boomOne {
  boomAirTemp: 238.66
  boomIntermediateAirTemp: 236.05
  boomAtsAirTemp: 233.81
  internalAirTempUncertainty: 0.14
  intermediateTempUncertainty: 0.32
  tipAirTempUncertainty: 0.32
  atsBoomConfidenceLevel: "    111XX1111 "
}
boomTwo {
  boomAirTemp: 236.47
  boomIntermediateAirTemp: 232.93
  boomAtsAirTemp: 230.33
  internalAirTempUncertainty: 0.16
  intermediateTempUncertainty: 0.12
  tipAirTempUncertainty: 0.35
  atsBoomConfidenceLevel: "    111XX1111 "
}
channelAHumidity {
  percentage: 1.86
  uncertainty: 10.0
}
channelBHumidity {
  percentage: 1.91
  uncertainty: 10.0
}
channelCHumidity {
  percentage: 2.04
  uncertainty: 10.0
}
humiditySensorTemp: 238.53
hsConfidenceLevel: "     0XXX "
pressureSensorConfig: " 2H "
pressureSensorConfidenceLevel: "      111 "
pressureSensor1 {
  baroCapPressure: 798.19
  baroCapAbsoluteUncertainty: 4.9
}
pressureSensor2 {
  baroCapPressure: 795.68
  baroCapAbsoluteUncertainty: 5.7
}
