ephemerisTime: 5.09982872E8
localMeanSolarTime: " 01267M16:00:42.099 "
localTrueSolarTime: " 01267 16:22:51 "
boomOne {
  boomAirTemp: 252.18
  boomIntermediateAirTemp: 247.8
  boomAtsAirTemp: 243.14
  internalAirTempUncertainty: 0.14
  intermediateTempUncertainty: 0.32
  tipAirTempUncertainty: 0.32
  atsBoomConfidenceLevel: "    111XX0001 "
}
boomTwo {
  boomAirTemp: 251.21
  boomIntermediateAirTemp: 247.05
  boomAtsAirTemp: 243.67
  internalAirTempUncertainty: 0.16
  intermediateTempUncertainty: 0.12
  tipAirTempUncertainty: 0.35
  atsBoomConfidenceLevel: "    111XX0001 "
}
channelBHumidity {
}
channelCHumidity {
}
hsConfidenceLevel: "      UNK "
pressureSensorConfig: " 2H "
pressureSensorConfidenceLevel: "      100 "
pressureSensor1 {
}
pressureSensor2 {
  thermoCapTemp: 289.97
  baroCapPressure: 750.54
  baroCapAbsoluteUncertainty: 6.0
}
