ephemerisTime: 5.09465048E8
localMeanSolarTime: " 01261M20:01:08.087 "
localTrueSolarTime: " 01261 20:22:30 "
boomOne {
  boomAirTemp: 211.85
  boomIntermediateAirTemp: 211.56
  boomAtsAirTemp: 210.96
  internalAirTempUncertainty: 0.55
  intermediateTempUncertainty: 0.32
  tipAirTempUncertainty: 1.19
  atsBoomConfidenceLevel: "    011XX1111 "
}
boomTwo {
  boomAirTemp: 208.29
  boomIntermediateAirTemp: 207.07
  boomAtsAirTemp: 205.38
  internalAirTempUncertainty: 0.16
  intermediateTempUncertainty: 0.12
  tipAirTempUncertainty: 0.35
  atsBoomConfidenceLevel: "    111XX1111 "
}
channelAHumidity {
  percentage: 5.36
  uncertainty: 10.0
}
channelBHumidity {
  percentage: 5.38
  uncertainty: 10.0
}
channelCHumidity {
  percentage: 5.48
  uncertainty: 10.0
}
humiditySensorTemp: 210.77
hsConfidenceLevel: "     0XXX "
pressureSensorConfig: " 2H "
pressureSensorConfidenceLevel: "      101 "
pressureSensor1 {
}
pressureSensor2 {
  thermoCapTemp: 283.2
  baroCapPressure: 779.48
  baroCapAbsoluteUncertainty: 6.0
}
