ephemerisTime: 5.43684163E8
localMeanSolarTime: " 01647M07:05:40.952 "
localTrueSolarTime: " 01647 06:15:19 "
boomOne {
  boomAirTemp: 204.38
  boomIntermediateAirTemp: 203.84
  boomAtsAirTemp: 203.66
  internalAirTempUncertainty: 0.55
  intermediateTempUncertainty: 0.32
  tipAirTempUncertainty: 1.19
  atsBoomConfidenceLevel: "    011XX0001 "
}
boomTwo {
  boomAirTemp: 190.09
  boomIntermediateAirTemp: 191.72
  boomAtsAirTemp: 147.43
  internalAirTempUncertainty: 1.13
  intermediateTempUncertainty: 1.06
  tipAirTempUncertainty: 1.58
  atsBoomConfidenceLevel: "    011XX0000 "
}
channelAHumidity {
  percentage: 10.79
  uncertainty: 10.0
}
channelBHumidity {
  percentage: 10.81
  uncertainty: 10.0
}
channelCHumidity {
  percentage: 11.17
  uncertainty: 10.0
}
humiditySensorTemp: 204.86
hsConfidenceLevel: "     0XXX "
pressureSensorConfig: " 2H "
pressureSensorConfidenceLevel: "      111 "
pressureSensor1 {
}
pressureSensor2 {
  baroCapPressure: 861.06
  baroCapAbsoluteUncertainty: 5.7
}
