ephemerisTime: 5.29690788E8
localMeanSolarTime: " 01489M16:00:39.988 "
localTrueSolarTime: " 01489 16:17:03 "
boomOne {
  boomAirTemp: 260.9
  boomIntermediateAirTemp: 259.58
  boomAtsAirTemp: 257.19
  internalAirTempUncertainty: 0.14
  intermediateTempUncertainty: 0.32
  tipAirTempUncertainty: 0.32
  atsBoomConfidenceLevel: "    111XX1111 "
}
boomTwo {
  boomAirTemp: 268.07
  boomIntermediateAirTemp: 265.27
  boomAtsAirTemp: 262.0
  internalAirTempUncertainty: 0.16
  intermediateTempUncertainty: 0.12
  tipAirTempUncertainty: 0.35
  atsBoomConfidenceLevel: "    111XX0001 "
}
channelBHumidity {
}
channelCHumidity {
}
hsConfidenceLevel: "      UNK "
pressureSensorConfig: " 2H "
pressureSensorConfidenceLevel: "      101 "
pressureSensor1 {
}
pressureSensor2 {
  thermoCapTemp: 303.19
  baroCapPressure: 847.0
  baroCapAbsoluteUncertainty: 5.3
}
