ephemerisTime: 5.36624469E8
localMeanSolarTime: " 01567M18:31:09.174 "
localTrueSolarTime: " 01567 17:56:14 "
boomOne {
  boomAirTemp: 246.88
  boomIntermediateAirTemp: 243.65
  boomAtsAirTemp: 241.8
  internalAirTempUncertainty: 0.14
  intermediateTempUncertainty: 0.32
  tipAirTempUncertainty: 0.32
  atsBoomConfidenceLevel: "    111XX0001 "
}
boomTwo {
  boomAirTemp: 248.26
  boomIntermediateAirTemp: 247.53
  boomAtsAirTemp: 247.35
  internalAirTempUncertainty: 0.16
  intermediateTempUncertainty: 0.12
  tipAirTempUncertainty: 0.35
  atsBoomConfidenceLevel: "    111XX0001 "
}
channelAHumidity {
  percentage: 1.59
  uncertainty: 2.0
}
channelBHumidity {
  percentage: 1.58
  uncertainty: 2.0
}
channelCHumidity {
  percentage: 1.69
  uncertainty: 2.0
}
humiditySensorTemp: 249.09
hsConfidenceLevel: "     0XXX "
pressureSensorConfig: " 2H "
pressureSensorConfidenceLevel: "      111 "
pressureSensor1 {
}
pressureSensor2 {
  baroCapPressure: 825.67
  baroCapAbsoluteUncertainty: 5.7
}
