ephemerisTime: 5.10438157E8
localMeanSolarTime: " 01272M19:05:49.811 "
localTrueSolarTime: " 01272 19:28:40 "
boomOne {
  boomAirTemp: 217.66
  boomIntermediateAirTemp: 216.4
  boomAtsAirTemp: 214.34
  internalAirTempUncertainty: 0.14
  intermediateTempUncertainty: 0.32
  tipAirTempUncertainty: 0.32
  atsBoomConfidenceLevel: "    111XX1111 "
}
boomTwo {
  boomAirTemp: 215.91
  boomIntermediateAirTemp: 214.69
  boomAtsAirTemp: 213.79
  internalAirTempUncertainty: 0.16
  intermediateTempUncertainty: 0.12
  tipAirTempUncertainty: 0.35
  atsBoomConfidenceLevel: "    111XX1111 "
}
channelAHumidity {
  percentage: 3.65
  uncertainty: 10.0
}
channelBHumidity {
  percentage: 3.74
  uncertainty: 10.0
}
channelCHumidity {
  percentage: 3.89
  uncertainty: 10.0
}
humiditySensorTemp: 217.3
hsConfidenceLevel: "     0XXX "
pressureSensorConfig: " 2H "
pressureSensorConfidenceLevel: "      111 "
pressureSensor1 {
  baroCapPressure: 768.18
  baroCapAbsoluteUncertainty: 4.4
}
pressureSensor2 {
  baroCapPressure: 764.81
  baroCapAbsoluteUncertainty: 6.0
}
