ephemerisTime: 5.31188862E8
localMeanSolarTime: " 01506M13:00:45.727 "
localTrueSolarTime: " 01506 13:06:29 "
boomOne {
  boomAirTemp: 265.47
  boomIntermediateAirTemp: 261.82
  boomAtsAirTemp: 258.09
  internalAirTempUncertainty: 0.14
  intermediateTempUncertainty: 0.32
  tipAirTempUncertainty: 0.32
  atsBoomConfidenceLevel: "    111XX1111 "
}
boomTwo {
  boomAirTemp: 265.14
  boomIntermediateAirTemp: 267.63
  boomAtsAirTemp: 267.38
  internalAirTempUncertainty: 0.16
  intermediateTempUncertainty: 0.12
  tipAirTempUncertainty: 0.35
  atsBoomConfidenceLevel: "    111XX1111 "
}
channelBHumidity {
}
channelCHumidity {
}
hsConfidenceLevel: "      UNK "
pressureSensorConfig: " 2H "
pressureSensorConfidenceLevel: "      101 "
pressureSensor1 {
}
pressureSensor2 {
  thermoCapTemp: 292.49
  baroCapPressure: 877.13
  baroCapAbsoluteUncertainty: 5.3
}
