ephemerisTime: 5.38538957E8
localMeanSolarTime: " 01589M08:05:51.289 "
localTrueSolarTime: " 01589 07:21:25 "
boomOne {
  boomAirTemp: 209.0
  boomIntermediateAirTemp: 210.47
  boomAtsAirTemp: 210.1
  internalAirTempUncertainty: 0.55
  intermediateTempUncertainty: 0.32
  tipAirTempUncertainty: 1.19
  atsBoomConfidenceLevel: "    011XX1111 "
}
boomTwo {
  boomAirTemp: 177.7
  boomIntermediateAirTemp: 181.68
  boomAtsAirTemp: 152.77
  internalAirTempUncertainty: 1.13
  intermediateTempUncertainty: 1.06
  tipAirTempUncertainty: 1.58
  atsBoomConfidenceLevel: "    011XX0000 "
}
channelAHumidity {
  percentage: 6.63
  uncertainty: 10.0
}
channelBHumidity {
  percentage: 6.74
  uncertainty: 10.0
}
channelCHumidity {
  percentage: 6.99
  uncertainty: 10.0
}
humiditySensorTemp: 212.04
hsConfidenceLevel: "     0XXX "
pressureSensorConfig: " 2H "
pressureSensorConfidenceLevel: "      111 "
pressureSensor1 {
  baroCapPressure: 899.7
  baroCapAbsoluteUncertainty: 4.9
}
pressureSensor2 {
  baroCapPressure: 896.4
  baroCapAbsoluteUncertainty: 5.7
}
