ephemerisTime: 5.15172787E8
localMeanSolarTime: " 01326M03:05:44.949 "
localTrueSolarTime: " 01326 03:36:43 "
boomOne {
  boomAirTemp: 202.38
  boomIntermediateAirTemp: 201.83
  boomAtsAirTemp: 200.46
  internalAirTempUncertainty: 0.55
  intermediateTempUncertainty: 0.32
  tipAirTempUncertainty: 1.19
  atsBoomConfidenceLevel: "    011XX1111 "
}
boomTwo {
  boomAirTemp: 180.51
  boomIntermediateAirTemp: 180.55
  boomAtsAirTemp: 142.84
  internalAirTempUncertainty: 1.13
  intermediateTempUncertainty: 1.06
  tipAirTempUncertainty: 1.58
  atsBoomConfidenceLevel: "    011XX1110 "
}
channelAHumidity {
  percentage: 12.35
  uncertainty: 20.0
}
channelBHumidity {
  percentage: 12.25
  uncertainty: 20.0
}
channelCHumidity {
  percentage: 12.72
  uncertainty: 20.0
}
humiditySensorTemp: 202.81
hsConfidenceLevel: "     0XXX "
pressureSensorConfig: " 2H "
pressureSensorConfidenceLevel: "      111 "
pressureSensor1 {
  baroCapPressure: 756.96
  baroCapAbsoluteUncertainty: 4.6
}
pressureSensor2 {
  baroCapPressure: 753.52
  baroCapAbsoluteUncertainty: 5.1
}
