ephemerisTime: 5.19976748E8
localMeanSolarTime: " 01380M05:50:16.724 "
localTrueSolarTime: " 01380 06:28:49 "
boomOne {
  boomAirTemp: 205.14
  boomIntermediateAirTemp: 203.68
  boomAtsAirTemp: 202.55
  internalAirTempUncertainty: 0.55
  intermediateTempUncertainty: 0.32
  tipAirTempUncertainty: 1.19
  atsBoomConfidenceLevel: "    011XX1111 "
}
boomTwo {
  boomAirTemp: 200.54
  boomIntermediateAirTemp: 200.98
  boomAtsAirTemp: 148.54
  internalAirTempUncertainty: 1.13
  intermediateTempUncertainty: 1.06
  tipAirTempUncertainty: 1.58
  atsBoomConfidenceLevel: "    011XX1110 "
}
channelAHumidity {
  percentage: 10.06
  uncertainty: 10.0
}
channelBHumidity {
  percentage: 10.13
  uncertainty: 10.0
}
channelCHumidity {
  percentage: 10.37
  uncertainty: 10.0
}
humiditySensorTemp: 205.29
hsConfidenceLevel: "     0XXX "
pressureSensorConfig: " 2H "
pressureSensorConfidenceLevel: "      111 "
pressureSensor1 {
}
pressureSensor2 {
  baroCapPressure: 778.51
  baroCapAbsoluteUncertainty: 5.1
}
