ephemerisTime: 5.36589604E8
localMeanSolarTime: " 01567M09:05:36.692 "
localTrueSolarTime: " 01567 08:30:54 "
boomOne {
  boomAirTemp: 231.75
  boomIntermediateAirTemp: 234.66
  boomAtsAirTemp: 233.59
  internalAirTempUncertainty: 0.14
  intermediateTempUncertainty: 0.32
  tipAirTempUncertainty: 0.32
  atsBoomConfidenceLevel: "    111XX0001 "
}
boomTwo {
  boomAirTemp: 227.06
  boomIntermediateAirTemp: 226.03
  boomAtsAirTemp: 225.36
  internalAirTempUncertainty: 0.16
  intermediateTempUncertainty: 0.12
  tipAirTempUncertainty: 0.35
  atsBoomConfidenceLevel: "    111XX0011 "
}
channelAHumidity {
  percentage: 2.52
  uncertainty: 10.0
}
channelBHumidity {
  percentage: 2.58
  uncertainty: 10.0
}
channelCHumidity {
  percentage: 2.72
  uncertainty: 10.0
}
humiditySensorTemp: 228.01
hsConfidenceLevel: "     0XXX "
pressureSensorConfig: " 2H "
pressureSensorConfidenceLevel: "      111 "
pressureSensor1 {
  baroCapPressure: 896.51
  baroCapAbsoluteUncertainty: 4.9
}
pressureSensor2 {
  baroCapPressure: 893.61
  baroCapAbsoluteUncertainty: 5.7
}
