ephemerisTime: 5.37844389E8
localMeanSolarTime: " 01581M12:19:20.564 "
localTrueSolarTime: " 01581 11:37:54 "
boomOne {
  boomAirTemp: 255.93
  boomIntermediateAirTemp: 257.27
  boomAtsAirTemp: 249.12
  internalAirTempUncertainty: 0.14
  intermediateTempUncertainty: 0.32
  tipAirTempUncertainty: 0.32
  atsBoomConfidenceLevel: "    111XX1111 "
}
boomTwo {
  boomAirTemp: 257.58
  boomIntermediateAirTemp: 257.63
  boomAtsAirTemp: 250.02
  internalAirTempUncertainty: 0.16
  intermediateTempUncertainty: 0.12
  tipAirTempUncertainty: 0.35
  atsBoomConfidenceLevel: "    111XX1111 "
}
channelAHumidity {
  percentage: 1.04
  uncertainty: 2.0
}
channelBHumidity {
  percentage: 1.03
  uncertainty: 2.0
}
channelCHumidity {
  percentage: 1.1
  uncertainty: 2.0
}
humiditySensorTemp: 258.17
hsConfidenceLevel: "     0XXX "
pressureSensorConfig: " 2H "
pressureSensorConfidenceLevel: "      111 "
pressureSensor1 {
  thermoCapTemp: 287.98
}
pressureSensor2 {
  baroCapPressure: 848.34
  baroCapAbsoluteUncertainty: 5.7
}
