ephemerisTime: 5.20735678E8
localMeanSolarTime: " 01388M19:00:47.990 "
localTrueSolarTime: " 01388 19:40:00 "
boomOne {
  boomAirTemp: 230.4
  boomIntermediateAirTemp: 229.78
  boomAtsAirTemp: 229.26
  internalAirTempUncertainty: 0.14
  intermediateTempUncertainty: 0.32
  tipAirTempUncertainty: 0.32
  atsBoomConfidenceLevel: "    111XX1111 "
}
boomTwo {
  boomAirTemp: 227.72
  boomIntermediateAirTemp: 227.65
  boomAtsAirTemp: 228.54
  internalAirTempUncertainty: 0.16
  intermediateTempUncertainty: 0.12
  tipAirTempUncertainty: 0.35
  atsBoomConfidenceLevel: "    111XX1111 "
}
channelBHumidity {
}
channelCHumidity {
}
hsConfidenceLevel: "      UNK "
pressureSensorConfig: " 2H "
pressureSensorConfidenceLevel: "      101 "
pressureSensor1 {
}
pressureSensor2 {
  thermoCapTemp: 290.51
  baroCapPressure: 749.25
  baroCapAbsoluteUncertainty: 5.1
}
