ephemerisTime: 5.39976249E8
localMeanSolarTime: " 01605M12:40:00.735 "
localTrueSolarTime: " 01605 11:51:07 "
boomOne {
  boomAirTemp: 261.0
  boomIntermediateAirTemp: 256.53
  boomAtsAirTemp: 250.35
  internalAirTempUncertainty: 0.14
  intermediateTempUncertainty: 0.32
  tipAirTempUncertainty: 0.32
  atsBoomConfidenceLevel: "    111XX0001 "
}
boomTwo {
  boomAirTemp: 251.39
  boomIntermediateAirTemp: 246.98
  boomAtsAirTemp: 243.06
  internalAirTempUncertainty: 0.16
  intermediateTempUncertainty: 0.12
  tipAirTempUncertainty: 0.35
  atsBoomConfidenceLevel: "    111XX1111 "
}
channelAHumidity {
  percentage: 1.21
  uncertainty: 2.0
}
channelBHumidity {
  percentage: 1.21
  uncertainty: 2.0
}
channelCHumidity {
  percentage: 1.31
  uncertainty: 2.0
}
humiditySensorTemp: 251.75
hsConfidenceLevel: "     0XXX "
pressureSensorConfig: " 2H "
pressureSensorConfidenceLevel: "      111 "
pressureSensor1 {
}
pressureSensor2 {
  baroCapPressure: 833.28
  baroCapAbsoluteUncertainty: 5.7
}
