ephemerisTime: 5.3817646E8
localMeanSolarTime: " 01585M06:05:49.821 "
localTrueSolarTime: " 01585 05:22:53 "
boomOne {
  boomAirTemp: 202.57
  boomIntermediateAirTemp: 203.09
  boomAtsAirTemp: 203.07
  internalAirTempUncertainty: 0.55
  intermediateTempUncertainty: 0.32
  tipAirTempUncertainty: 1.19
  atsBoomConfidenceLevel: "    011XX1111 "
}
boomTwo {
  boomAirTemp: 152.53
  boomIntermediateAirTemp: 153.86
  boomAtsAirTemp: 143.92
  internalAirTempUncertainty: 1.13
  intermediateTempUncertainty: 1.06
  tipAirTempUncertainty: 1.58
  atsBoomConfidenceLevel: "    011XX1110 "
}
channelAHumidity {
  percentage: 15.01
  uncertainty: 10.0
}
channelBHumidity {
  percentage: 15.01
  uncertainty: 10.0
}
channelCHumidity {
  percentage: 15.52
  uncertainty: 10.0
}
humiditySensorTemp: 203.76
hsConfidenceLevel: "     0XXX "
pressureSensorConfig: " 2H "
pressureSensorConfidenceLevel: "      111 "
pressureSensor1 {
  baroCapPressure: 900.21
  baroCapAbsoluteUncertainty: 4.9
}
pressureSensor2 {
  baroCapPressure: 897.26
  baroCapAbsoluteUncertainty: 5.7
}
