ephemerisTime: 5.0565913E8
localMeanSolarTime: " 01218M23:05:45.136 "
localTrueSolarTime: " 01218 23:21:22 "
boomOne {
  boomAirTemp: 200.88
  boomIntermediateAirTemp: 199.9
  boomAtsAirTemp: 199.21
  internalAirTempUncertainty: 0.14
  intermediateTempUncertainty: 0.32
  tipAirTempUncertainty: 0.32
  atsBoomConfidenceLevel: "    111XX1111 "
}
boomTwo {
  boomAirTemp: 160.29
  boomIntermediateAirTemp: 161.9
  boomAtsAirTemp: 143.13
  internalAirTempUncertainty: 1.13
  intermediateTempUncertainty: 1.06
  tipAirTempUncertainty: 1.58
  atsBoomConfidenceLevel: "    011XX1110 "
}
channelAHumidity {
  percentage: 12.79
  uncertainty: 20.0
}
channelBHumidity {
  percentage: 12.66
  uncertainty: 20.0
}
channelCHumidity {
  percentage: 13.24
  uncertainty: 20.0
}
humiditySensorTemp: 202.28
hsConfidenceLevel: "     0XXX "
pressureSensorConfig: " 2H "
pressureSensorConfidenceLevel: "      111 "
pressureSensor1 {
  baroCapPressure: 854.2
  baroCapAbsoluteUncertainty: 4.4
}
pressureSensor2 {
  baroCapPressure: 850.66
  baroCapAbsoluteUncertainty: 6.0
}
