ephemerisTime: 5.13145462E8
localMeanSolarTime: " 01303M07:00:43.833 "
localTrueSolarTime: " 01303 07:28:03 "
boomOne {
  boomAirTemp: 210.83
  boomIntermediateAirTemp: 213.23
  boomAtsAirTemp: 211.8
  internalAirTempUncertainty: 0.14
  intermediateTempUncertainty: 0.32
  tipAirTempUncertainty: 0.32
  atsBoomConfidenceLevel: "    111XX0001 "
}
boomTwo {
  boomAirTemp: 195.73
  boomIntermediateAirTemp: 196.2
  boomAtsAirTemp: 149.27
  internalAirTempUncertainty: 1.13
  intermediateTempUncertainty: 1.06
  tipAirTempUncertainty: 1.58
  atsBoomConfidenceLevel: "    011XX0000 "
}
channelBHumidity {
}
channelCHumidity {
}
hsConfidenceLevel: "      UNK "
pressureSensorConfig: " 2H "
pressureSensorConfidenceLevel: "      101 "
pressureSensor1 {
}
pressureSensor2 {
  thermoCapTemp: 280.12
  baroCapPressure: 779.38
  baroCapAbsoluteUncertainty: 5.1
}
