ephemerisTime: 5.29061967E8
localMeanSolarTime: " 01482M14:00:37.760 "
localTrueSolarTime: " 01482 14:20:59 "
boomOne {
  boomAirTemp: 273.76
  boomIntermediateAirTemp: 273.09
  boomAtsAirTemp: 270.31
  internalAirTempUncertainty: 0.14
  intermediateTempUncertainty: 0.32
  tipAirTempUncertainty: 0.32
  atsBoomConfidenceLevel: "    111XX0001 "
}
boomTwo {
  boomAirTemp: 275.29
  boomIntermediateAirTemp: 276.81
  boomAtsAirTemp: 269.93
  internalAirTempUncertainty: 0.16
  intermediateTempUncertainty: 0.12
  tipAirTempUncertainty: 0.35
  atsBoomConfidenceLevel: "    111XX0001 "
}
channelBHumidity {
}
channelCHumidity {
}
hsConfidenceLevel: "      UNK "
pressureSensorConfig: " 2H "
pressureSensorConfidenceLevel: "      100 "
pressureSensor1 {
}
pressureSensor2 {
  thermoCapTemp: 298.88
  baroCapPressure: 842.9
  baroCapAbsoluteUncertainty: 5.3
}
