ephemerisTime: 5.33090419E8
localMeanSolarTime: " 01527M23:05:42.701 "
localTrueSolarTime: " 01527 22:56:27 "
boomOne {
  boomAirTemp: 216.73
  boomIntermediateAirTemp: 216.5
  boomAtsAirTemp: 216.54
  internalAirTempUncertainty: 0.14
  intermediateTempUncertainty: 0.32
  tipAirTempUncertainty: 0.32
  atsBoomConfidenceLevel: "    111XX1111 "
}
boomTwo {
  boomAirTemp: 215.37
  boomIntermediateAirTemp: 215.9
  boomAtsAirTemp: 215.48
  internalAirTempUncertainty: 0.16
  intermediateTempUncertainty: 0.12
  tipAirTempUncertainty: 0.35
  atsBoomConfidenceLevel: "    111XX1111 "
}
channelAHumidity {
  percentage: 4.44
  uncertainty: 10.0
}
channelBHumidity {
  percentage: 4.53
  uncertainty: 10.0
}
channelCHumidity {
  percentage: 4.76
  uncertainty: 10.0
}
humiditySensorTemp: 217.38
hsConfidenceLevel: "     0XXX "
pressureSensorConfig: " 2H "
pressureSensorConfidenceLevel: "      111 "
pressureSensor1 {
  baroCapPressure: 914.62
  baroCapAbsoluteUncertainty: 4.9
}
pressureSensor2 {
  baroCapPressure: 911.94
  baroCapAbsoluteUncertainty: 5.7
}
