ephemerisTime: 5.26912868E8
localMeanSolarTime: " 01458M09:00:19.672 "
localTrueSolarTime: " 01458 09:31:27 "
boomOne {
  boomAirTemp: 249.69
  boomIntermediateAirTemp: 242.95
  boomAtsAirTemp: 239.43
  internalAirTempUncertainty: 0.14
  intermediateTempUncertainty: 0.32
  tipAirTempUncertainty: 0.32
  atsBoomConfidenceLevel: "    111XX0001 "
}
boomTwo {
  boomAirTemp: 242.82
  boomIntermediateAirTemp: 240.1
  boomAtsAirTemp: 235.49
  internalAirTempUncertainty: 0.16
  intermediateTempUncertainty: 0.12
  tipAirTempUncertainty: 0.35
  atsBoomConfidenceLevel: "    111XX1111 "
}
channelAHumidity {
  percentage: 1.73
  uncertainty: 10.0
}
channelBHumidity {
  percentage: 1.76
  uncertainty: 10.0
}
channelCHumidity {
  percentage: 1.85
  uncertainty: 10.0
}
humiditySensorTemp: 242.94
hsConfidenceLevel: "     0XXX "
pressureSensorConfig: " 2H "
pressureSensorConfidenceLevel: "      111 "
pressureSensor1 {
}
pressureSensor2 {
  thermoCapTemp: 284.54
  baroCapPressure: 877.47
  baroCapAbsoluteUncertainty: 5.3
}
