ephemerisTime: 5.35309471E8
localMeanSolarTime: " 01552M23:00:42.790 "
localTrueSolarTime: " 01552 22:34:26 "
boomOne {
  boomAirTemp: 216.11
  boomIntermediateAirTemp: 216.16
  boomAtsAirTemp: 216.98
  internalAirTempUncertainty: 0.14
  intermediateTempUncertainty: 0.32
  tipAirTempUncertainty: 0.32
  atsBoomConfidenceLevel: "    111XX1111 "
}
boomTwo {
  boomAirTemp: 214.58
  boomIntermediateAirTemp: 215.2
  boomAtsAirTemp: 214.43
  internalAirTempUncertainty: 0.16
  intermediateTempUncertainty: 0.12
  tipAirTempUncertainty: 0.35
  atsBoomConfidenceLevel: "    111XX1111 "
}
channelBHumidity {
}
channelCHumidity {
}
hsConfidenceLevel: "      UNK "
pressureSensorConfig: " 2H "
pressureSensorConfidenceLevel: "      101 "
pressureSensor1 {
}
pressureSensor2 {
  thermoCapTemp: 283.3
  baroCapPressure: 891.36
  baroCapAbsoluteUncertainty: 5.7
}
