ephemerisTime: 5.10967748E8
localMeanSolarTime: " 01278M18:16:16.097 "
localTrueSolarTime: " 01278 18:39:57 "
boomOne {
  boomAirTemp: 225.26
  boomIntermediateAirTemp: 223.13
  boomAtsAirTemp: 220.94
  internalAirTempUncertainty: 0.14
  intermediateTempUncertainty: 0.32
  tipAirTempUncertainty: 0.32
  atsBoomConfidenceLevel: "    111XX1111 "
}
boomTwo {
  boomAirTemp: 224.38
  boomIntermediateAirTemp: 221.63
  boomAtsAirTemp: 219.77
  internalAirTempUncertainty: 0.16
  intermediateTempUncertainty: 0.12
  tipAirTempUncertainty: 0.35
  atsBoomConfidenceLevel: "    111XX1111 "
}
channelAHumidity {
  percentage: 2.96
  uncertainty: 10.0
}
channelBHumidity {
  percentage: 2.97
  uncertainty: 10.0
}
channelCHumidity {
  percentage: 3.11
  uncertainty: 10.0
}
humiditySensorTemp: 225.57
hsConfidenceLevel: "     0XXX "
pressureSensorConfig: " 2H "
pressureSensorConfidenceLevel: "      111 "
pressureSensor1 {
}
pressureSensor2 {
  baroCapPressure: 747.08
  baroCapAbsoluteUncertainty: 6.0
}
