ephemerisTime: 5.07892994E8
localMeanSolarTime: " 01244M03:01:01.055 "
localTrueSolarTime: " 01244 03:20:03 "
boomOne {
  boomAirTemp: 192.69
  boomIntermediateAirTemp: 194.08
  boomAtsAirTemp: 193.23
  internalAirTempUncertainty: 0.55
  intermediateTempUncertainty: 0.32
  tipAirTempUncertainty: 1.19
  atsBoomConfidenceLevel: "    011XX1111 "
}
boomTwo {
  boomAirTemp: 137.41
  boomIntermediateAirTemp: 139.23
  boomAtsAirTemp: 133.19
  internalAirTempUncertainty: 1.13
  intermediateTempUncertainty: 1.06
  tipAirTempUncertainty: 1.58
  atsBoomConfidenceLevel: "    011XX1110 "
}
channelBHumidity {
}
channelCHumidity {
}
hsConfidenceLevel: "      UNK "
pressureSensorConfig: " 2H "
pressureSensorConfidenceLevel: "      101 "
pressureSensor1 {
}
pressureSensor2 {
  thermoCapTemp: 281.85
  baroCapPressure: 830.6
  baroCapAbsoluteUncertainty: 6.0
}
