ephemerisTime: 5.15374748E8
localMeanSolarTime: " 01328M09:41:44.196 "
localTrueSolarTime: " 01328 10:13:04 "
boomOne {
  boomAirTemp: 243.98
  boomIntermediateAirTemp: 236.61
  boomAtsAirTemp: 234.69
  internalAirTempUncertainty: 0.14
  intermediateTempUncertainty: 0.32
  tipAirTempUncertainty: 0.32
  atsBoomConfidenceLevel: "    111XX0001 "
}
boomTwo {
  boomAirTemp: 234.76
  boomIntermediateAirTemp: 235.96
  boomAtsAirTemp: 235.4
  internalAirTempUncertainty: 0.16
  intermediateTempUncertainty: 0.12
  tipAirTempUncertainty: 0.35
  atsBoomConfidenceLevel: "    111XX1111 "
}
channelAHumidity {
  percentage: 2.12
  uncertainty: 10.0
}
channelBHumidity {
  percentage: 2.13
  uncertainty: 10.0
}
channelCHumidity {
  percentage: 2.23
  uncertainty: 10.0
}
humiditySensorTemp: 235.66
hsConfidenceLevel: "     0XXX "
pressureSensorConfig: " 2H "
pressureSensorConfidenceLevel: "      111 "
pressureSensor1 {
}
pressureSensor2 {
  baroCapPressure: 738.68
  baroCapAbsoluteUncertainty: 5.1
}
