ephemerisTime: 5.22154028E8
localMeanSolarTime: " 01404M18:27:42.067 "
localTrueSolarTime: " 01404 19:07:27 "
boomOne {
  boomAirTemp: 234.55
  boomIntermediateAirTemp: 233.02
  boomAtsAirTemp: 231.85
  internalAirTempUncertainty: 0.14
  intermediateTempUncertainty: 0.32
  tipAirTempUncertainty: 0.32
  atsBoomConfidenceLevel: "    111XX1111 "
}
boomTwo {
  boomAirTemp: 234.74
  boomIntermediateAirTemp: 232.99
  boomAtsAirTemp: 232.43
  internalAirTempUncertainty: 0.16
  intermediateTempUncertainty: 0.12
  tipAirTempUncertainty: 0.35
  atsBoomConfidenceLevel: "    111XX1111 "
}
channelAHumidity {
  percentage: 2.09
  uncertainty: 10.0
}
channelBHumidity {
  percentage: 2.13
  uncertainty: 10.0
}
channelCHumidity {
  percentage: 2.24
  uncertainty: 10.0
}
humiditySensorTemp: 235.8
hsConfidenceLevel: "     0XXX "
pressureSensorConfig: " 2H "
pressureSensorConfidenceLevel: "      111 "
pressureSensor1 {
}
pressureSensor2 {
  baroCapPressure: 756.84
  baroCapAbsoluteUncertainty: 5.1
}
