ephemerisTime: 5.23824289E8
localMeanSolarTime: " 01423M14:00:49.403 "
localTrueSolarTime: " 01423 14:39:39 "
boomOne {
  boomAirTemp: 263.99
  boomIntermediateAirTemp: 263.56
  boomAtsAirTemp: 261.42
  internalAirTempUncertainty: 0.14
  intermediateTempUncertainty: 0.32
  tipAirTempUncertainty: 0.32
  atsBoomConfidenceLevel: "    111XX1111 "
}
boomTwo {
  boomAirTemp: 268.14
  boomIntermediateAirTemp: 266.68
  boomAtsAirTemp: 267.12
  internalAirTempUncertainty: 0.16
  intermediateTempUncertainty: 0.12
  tipAirTempUncertainty: 0.35
  atsBoomConfidenceLevel: "    111XX0011 "
}
channelBHumidity {
}
channelCHumidity {
}
hsConfidenceLevel: "      UNK "
pressureSensorConfig: " 2H "
pressureSensorConfidenceLevel: "      101 "
pressureSensor1 {
}
pressureSensor2 {
  thermoCapTemp: 298.95
  baroCapPressure: 759.65
  baroCapAbsoluteUncertainty: 5.3
}
