ephemerisTime: 5.10837659E8
localMeanSolarTime: " 01277M07:06:06.524 "
localTrueSolarTime: " 01277 07:29:35 "
boomOne {
  boomAirTemp: 214.49
  boomIntermediateAirTemp: 219.46
  boomAtsAirTemp: 218.19
  internalAirTempUncertainty: 0.14
  intermediateTempUncertainty: 0.32
  tipAirTempUncertainty: 0.32
  atsBoomConfidenceLevel: "    111XX0001 "
}
boomTwo {
  boomAirTemp: 208.23
  boomIntermediateAirTemp: 208.72
  boomAtsAirTemp: 204.22
  internalAirTempUncertainty: 0.16
  intermediateTempUncertainty: 0.12
  tipAirTempUncertainty: 0.35
  atsBoomConfidenceLevel: "    111XX0001 "
}
channelAHumidity {
  percentage: 5.42
  uncertainty: 10.0
}
channelBHumidity {
  percentage: 5.47
  uncertainty: 10.0
}
channelCHumidity {
  percentage: 5.67
  uncertainty: 10.0
}
humiditySensorTemp: 213.48
hsConfidenceLevel: "     0XXX "
pressureSensorConfig: " 2H "
pressureSensorConfidenceLevel: "      111 "
pressureSensor1 {
}
pressureSensor2 {
  baroCapPressure: 795.9
  baroCapAbsoluteUncertainty: 6.0
}
