ephemerisTime: 5.15927588E8
localMeanSolarTime: " 01334M15:09:17.651 "
localTrueSolarTime: " 01334 15:41:38 "
boomOne {
  boomAirTemp: 264.15
  boomIntermediateAirTemp: 263.46
  boomAtsAirTemp: 260.9
  internalAirTempUncertainty: 0.14
  intermediateTempUncertainty: 0.32
  tipAirTempUncertainty: 0.32
  atsBoomConfidenceLevel: "    111XX0001 "
}
boomTwo {
  boomAirTemp: 256.98
  boomIntermediateAirTemp: 254.43
  boomAtsAirTemp: 254.2
  internalAirTempUncertainty: 0.16
  intermediateTempUncertainty: 0.12
  tipAirTempUncertainty: 0.35
  atsBoomConfidenceLevel: "    111XX0011 "
}
channelAHumidity {
  percentage: 1.18
  uncertainty: 2.0
}
channelBHumidity {
  percentage: 1.17
  uncertainty: 2.0
}
channelCHumidity {
  percentage: 1.26
  uncertainty: 2.0
}
humiditySensorTemp: 257.42
hsConfidenceLevel: "     0XXX "
pressureSensorConfig: " 2H "
pressureSensorConfidenceLevel: "      111 "
pressureSensor1 {
}
pressureSensor2 {
  baroCapPressure: 690.76
  baroCapAbsoluteUncertainty: 5.1
}
