ephemerisTime: 5.19212018E8
localMeanSolarTime: " 01371M15:05:40.588 "
localTrueSolarTime: " 01371 15:43:19 "
boomOne {
  boomAirTemp: 272.63
  boomIntermediateAirTemp: 271.62
  boomAtsAirTemp: 267.26
  internalAirTempUncertainty: 0.14
  intermediateTempUncertainty: 0.32
  tipAirTempUncertainty: 0.32
  atsBoomConfidenceLevel: "    111XX1101 "
}
boomTwo {
  boomAirTemp: 270.44
  boomIntermediateAirTemp: 268.56
  boomAtsAirTemp: 265.72
  internalAirTempUncertainty: 0.16
  intermediateTempUncertainty: 0.12
  tipAirTempUncertainty: 0.35
  atsBoomConfidenceLevel: "    111XX0001 "
}
channelAHumidity {
  percentage: 0.61
  uncertainty: 2.0
}
channelBHumidity {
  percentage: 0.57
  uncertainty: 2.0
}
channelCHumidity {
  percentage: 0.6
  uncertainty: 2.0
}
humiditySensorTemp: 270.42
hsConfidenceLevel: "     0XXX "
pressureSensorConfig: " 2H "
pressureSensorConfidenceLevel: "      111 "
pressureSensor1 {
}
pressureSensor2 {
  baroCapPressure: 697.54
  baroCapAbsoluteUncertainty: 5.1
}
