ephemerisTime: 5.08742288E8
localMeanSolarTime: " 01253M16:37:19.399 "
localTrueSolarTime: " 01253 16:57:36 "
boomOne {
  boomAirTemp: 238.8
  boomIntermediateAirTemp: 237.03
  boomAtsAirTemp: 235.26
  internalAirTempUncertainty: 0.14
  intermediateTempUncertainty: 0.15
  tipAirTempUncertainty: 0.19
  atsBoomConfidenceLevel: "    101XX1111 "
}
boomTwo {
  boomAirTemp: 242.4
  boomIntermediateAirTemp: 239.41
  boomAtsAirTemp: 236.56
  internalAirTempUncertainty: 0.33
  intermediateTempUncertainty: 0.29
  tipAirTempUncertainty: 0.5
  atsBoomConfidenceLevel: "    101XX0001 "
}
channelAHumidity {
  percentage: 1.78
  uncertainty: 10.0
}
channelBHumidity {
  percentage: 1.8
  uncertainty: 10.0
}
channelCHumidity {
  percentage: 1.91
  uncertainty: 10.0
}
humiditySensorTemp: 242.54
hsConfidenceLevel: "     0XXX "
pressureSensorConfig: " 2H "
pressureSensorConfidenceLevel: "      111 "
pressureSensor1 {
}
pressureSensor2 {
  baroCapPressure: 764.31
  baroCapAbsoluteUncertainty: 6.0
}
