ephemerisTime: 5.12087871E8
localMeanSolarTime: " 01291M09:05:39.708 "
localTrueSolarTime: " 01291 09:31:10 "
boomOne {
  boomAirTemp: 218.35
  boomIntermediateAirTemp: 220.03
  boomAtsAirTemp: 219.02
  internalAirTempUncertainty: 0.14
  intermediateTempUncertainty: 0.32
  tipAirTempUncertainty: 0.32
  atsBoomConfidenceLevel: "    111XX1111 "
}
boomTwo {
  boomAirTemp: 232.88
  boomIntermediateAirTemp: 234.41
  boomAtsAirTemp: 235.58
  internalAirTempUncertainty: 0.16
  intermediateTempUncertainty: 0.12
  tipAirTempUncertainty: 0.35
  atsBoomConfidenceLevel: "    111XX0001 "
}
channelAHumidity {
  percentage: 2.02
  uncertainty: 10.0
}
channelBHumidity {
  percentage: 2.07
  uncertainty: 10.0
}
channelCHumidity {
  percentage: 2.19
  uncertainty: 10.0
}
humiditySensorTemp: 234.0
hsConfidenceLevel: "     0XXX "
pressureSensorConfig: " 2H "
pressureSensorConfidenceLevel: "      111 "
pressureSensor1 {
  baroCapPressure: 771.06
  baroCapAbsoluteUncertainty: 4.4
}
pressureSensor2 {
  baroCapPressure: 767.4
  baroCapAbsoluteUncertainty: 6.0
}
