ephemerisTime: 5.09877788E8
localMeanSolarTime: " 01266M11:36:08.730 "
localTrueSolarTime: " 01266 11:58:08 "
boomOne {
  boomAirTemp: 244.61
  boomIntermediateAirTemp: 238.2
  boomAtsAirTemp: 236.22
  internalAirTempUncertainty: 0.14
  intermediateTempUncertainty: 0.32
  tipAirTempUncertainty: 0.32
  atsBoomConfidenceLevel: "    111XX0101 "
}
boomTwo {
  boomAirTemp: 236.68
  boomIntermediateAirTemp: 233.49
  boomAtsAirTemp: 230.92
  internalAirTempUncertainty: 0.16
  intermediateTempUncertainty: 0.12
  tipAirTempUncertainty: 0.35
  atsBoomConfidenceLevel: "    111XX1111 "
}
channelAHumidity {
  percentage: 1.96
  uncertainty: 10.0
}
channelBHumidity {
  percentage: 2.0
  uncertainty: 10.0
}
channelCHumidity {
  percentage: 2.1
  uncertainty: 10.0
}
humiditySensorTemp: 237.31
hsConfidenceLevel: "     0XXX "
pressureSensorConfig: " 2H "
pressureSensorConfidenceLevel: "      111 "
pressureSensor1 {
}
pressureSensor2 {
  baroCapPressure: 773.05
  baroCapAbsoluteUncertainty: 6.0
}
