ephemerisTime: 5.12124551E8
localMeanSolarTime: " 01291M19:00:38.646 "
localTrueSolarTime: " 01291 19:26:13 "
boomOne {
  boomAirTemp: 218.5
  boomIntermediateAirTemp: 218.43
  boomAtsAirTemp: 218.61
  internalAirTempUncertainty: 0.14
  intermediateTempUncertainty: 0.32
  tipAirTempUncertainty: 0.32
  atsBoomConfidenceLevel: "    111XX1111 "
}
boomTwo {
  boomAirTemp: 216.5
  boomIntermediateAirTemp: 216.48
  boomAtsAirTemp: 216.44
  internalAirTempUncertainty: 0.16
  intermediateTempUncertainty: 0.12
  tipAirTempUncertainty: 0.35
  atsBoomConfidenceLevel: "    111XX1111 "
}
channelBHumidity {
}
channelCHumidity {
}
hsConfidenceLevel: "      UNK "
pressureSensorConfig: " 2H "
pressureSensorConfidenceLevel: "      101 "
pressureSensor1 {
}
pressureSensor2 {
  thermoCapTemp: 285.42
  baroCapPressure: 745.13
  baroCapAbsoluteUncertainty: 6.0
}
