ephemerisTime: 5.15402126E8
localMeanSolarTime: " 01328M17:05:49.930 "
localTrueSolarTime: " 01328 17:37:13 "
boomOne {
  boomAirTemp: 245.52
  boomIntermediateAirTemp: 244.6
  boomAtsAirTemp: 243.46
  internalAirTempUncertainty: 0.14
  intermediateTempUncertainty: 0.32
  tipAirTempUncertainty: 0.32
  atsBoomConfidenceLevel: "    111XX0001 "
}
boomTwo {
  boomAirTemp: 244.88
  boomIntermediateAirTemp: 243.88
  boomAtsAirTemp: 243.45
  internalAirTempUncertainty: 0.16
  intermediateTempUncertainty: 0.12
  tipAirTempUncertainty: 0.35
  atsBoomConfidenceLevel: "    111XX0001 "
}
channelAHumidity {
  percentage: 1.5
  uncertainty: 2.0
}
channelBHumidity {
  percentage: 1.52
  uncertainty: 2.0
}
channelCHumidity {
  percentage: 1.6
  uncertainty: 2.0
}
humiditySensorTemp: 245.62
hsConfidenceLevel: "     0XXX "
pressureSensorConfig: " 2H "
pressureSensorConfidenceLevel: "      111 "
pressureSensor1 {
  baroCapPressure: 695.82
  baroCapAbsoluteUncertainty: 4.6
}
pressureSensor2 {
  baroCapPressure: 692.8
  baroCapAbsoluteUncertainty: 5.1
}
