ephemerisTime: 5.18538512E8
localMeanSolarTime: " 01364M01:00:48.528 "
localTrueSolarTime: " 01364 01:37:31 "
boomOne {
  boomAirTemp: 207.59
  boomIntermediateAirTemp: 207.93
  boomAtsAirTemp: 207.28
  internalAirTempUncertainty: 0.14
  intermediateTempUncertainty: 0.32
  tipAirTempUncertainty: 0.32
  atsBoomConfidenceLevel: "    111XX1111 "
}
boomTwo {
  boomAirTemp: 206.67
  boomIntermediateAirTemp: 208.07
  boomAtsAirTemp: 207.55
  internalAirTempUncertainty: 1.13
  intermediateTempUncertainty: 1.06
  tipAirTempUncertainty: 1.58
  atsBoomConfidenceLevel: "    011XX1111 "
}
channelBHumidity {
}
channelCHumidity {
}
hsConfidenceLevel: "      UNK "
pressureSensorConfig: " 2H "
pressureSensorConfidenceLevel: "      101 "
pressureSensor1 {
}
pressureSensor2 {
  thermoCapTemp: 279.59
  baroCapPressure: 756.64
  baroCapAbsoluteUncertainty: 5.1
}
