ephemerisTime: 5.36970549E8
localMeanSolarTime: " 01571M16:04:52.740 "
localTrueSolarTime: " 01571 15:27:57 "
boomOne {
  boomAirTemp: 273.61
  boomIntermediateAirTemp: 276.11
  boomAtsAirTemp: 275.14
  internalAirTempUncertainty: 0.14
  intermediateTempUncertainty: 0.32
  tipAirTempUncertainty: 0.32
  atsBoomConfidenceLevel: "    111XX0001 "
}
boomTwo {
  boomAirTemp: 268.14
  boomIntermediateAirTemp: 263.4
  boomAtsAirTemp: 260.73
  internalAirTempUncertainty: 0.16
  intermediateTempUncertainty: 0.12
  tipAirTempUncertainty: 0.35
  atsBoomConfidenceLevel: "    111XX0001 "
}
channelAHumidity {
  percentage: 0.71
  uncertainty: 2.0
}
channelBHumidity {
  percentage: 0.66
  uncertainty: 2.0
}
channelCHumidity {
  percentage: 0.71
  uncertainty: 2.0
}
humiditySensorTemp: 267.95
hsConfidenceLevel: "     0XXX "
pressureSensorConfig: " 2H "
pressureSensorConfidenceLevel: "      111 "
pressureSensor1 {
  baroCapPressure: 828.69
  baroCapAbsoluteUncertainty: 4.9
}
pressureSensor2 {
  baroCapPressure: 825.75
  baroCapAbsoluteUncertainty: 5.7
}
