ephemerisTime: 5.19100746E8
localMeanSolarTime: " 01370M09:00:44.727 "
localTrueSolarTime: " 01370 09:38:14 "
boomOne {
  boomAirTemp: 233.86
  boomIntermediateAirTemp: 233.16
  boomAtsAirTemp: 230.56
  internalAirTempUncertainty: 0.14
  intermediateTempUncertainty: 0.32
  tipAirTempUncertainty: 0.32
  atsBoomConfidenceLevel: "    111XX1111 "
}
boomTwo {
  boomAirTemp: 232.56
  boomIntermediateAirTemp: 235.52
  boomAtsAirTemp: 236.51
  internalAirTempUncertainty: 0.16
  intermediateTempUncertainty: 0.12
  tipAirTempUncertainty: 0.35
  atsBoomConfidenceLevel: "    111XX1111 "
}
channelBHumidity {
}
channelCHumidity {
}
hsConfidenceLevel: "      UNK "
pressureSensorConfig: " 2H "
pressureSensorConfidenceLevel: "      101 "
pressureSensor1 {
}
pressureSensor2 {
  thermoCapTemp: 285.4
  baroCapPressure: 756.18
  baroCapAbsoluteUncertainty: 5.1
}
