ephemerisTime: 5.09635489E8
localMeanSolarTime: " 01263M18:05:50.384 "
localTrueSolarTime: " 01263 18:27:27 "
boomOne {
  boomAirTemp: 223.26
  boomIntermediateAirTemp: 221.01
  boomAtsAirTemp: 218.79
  internalAirTempUncertainty: 0.14
  intermediateTempUncertainty: 0.32
  tipAirTempUncertainty: 0.32
  atsBoomConfidenceLevel: "    111XX1111 "
}
boomTwo {
  boomAirTemp: 221.98
  boomIntermediateAirTemp: 220.03
  boomAtsAirTemp: 219.05
  internalAirTempUncertainty: 0.16
  intermediateTempUncertainty: 0.12
  tipAirTempUncertainty: 0.35
  atsBoomConfidenceLevel: "    111XX1111 "
}
channelAHumidity {
  percentage: 3.18
  uncertainty: 10.0
}
channelBHumidity {
  percentage: 3.29
  uncertainty: 10.0
}
channelCHumidity {
  percentage: 3.43
  uncertainty: 10.0
}
humiditySensorTemp: 223.25
hsConfidenceLevel: "     0XXX "
pressureSensorConfig: " 2H "
pressureSensorConfidenceLevel: "      111 "
pressureSensor1 {
  baroCapPressure: 765.63
  baroCapAbsoluteUncertainty: 4.4
}
pressureSensor2 {
  baroCapPressure: 762.07
  baroCapAbsoluteUncertainty: 6.0
}
