ephemerisTime: 5.17639748E8
localMeanSolarTime: " 01353M22:02:03.335 "
localTrueSolarTime: " 01353 22:37:21 "
boomOne {
  boomAirTemp: 214.88
  boomIntermediateAirTemp: 214.77
  boomAtsAirTemp: 214.15
  internalAirTempUncertainty: 0.14
  intermediateTempUncertainty: 0.32
  tipAirTempUncertainty: 0.32
  atsBoomConfidenceLevel: "    111XX1111 "
}
boomTwo {
  boomAirTemp: 212.21
  boomIntermediateAirTemp: 212.39
  boomAtsAirTemp: 211.04
  internalAirTempUncertainty: 0.16
  intermediateTempUncertainty: 0.12
  tipAirTempUncertainty: 0.35
  atsBoomConfidenceLevel: "    111XX1111 "
}
channelAHumidity {
  percentage: 4.97
  uncertainty: 10.0
}
channelBHumidity {
  percentage: 5.05
  uncertainty: 10.0
}
channelCHumidity {
  percentage: 5.26
  uncertainty: 10.0
}
humiditySensorTemp: 214.33
hsConfidenceLevel: "     0XXX "
pressureSensorConfig: " 2H "
pressureSensorConfidenceLevel: "      101 "
pressureSensor1 {
  baroCapPressure: 740.03
  baroCapAbsoluteUncertainty: 4.6
}
pressureSensor2 {
  baroCapPressure: 737.69
  baroCapAbsoluteUncertainty: 5.1
}
