ephemerisTime: 5.11791652E8
localMeanSolarTime: " 01288M01:00:43.534 "
localTrueSolarTime: " 01288 01:25:44 "
boomOne {
  boomAirTemp: 199.8
  boomIntermediateAirTemp: 199.93
  boomAtsAirTemp: 199.1
  internalAirTempUncertainty: 0.55
  intermediateTempUncertainty: 0.32
  tipAirTempUncertainty: 1.19
  atsBoomConfidenceLevel: "    011XX1111 "
}
boomTwo {
  boomAirTemp: 166.45
  boomIntermediateAirTemp: 165.89
  boomAtsAirTemp: 143.46
  internalAirTempUncertainty: 1.13
  intermediateTempUncertainty: 1.06
  tipAirTempUncertainty: 1.58
  atsBoomConfidenceLevel: "    011XX1110 "
}
channelBHumidity {
}
channelCHumidity {
}
hsConfidenceLevel: "      UNK "
pressureSensorConfig: " 2H "
pressureSensorConfidenceLevel: "      101 "
pressureSensor1 {
}
pressureSensor2 {
  thermoCapTemp: 280.52
  baroCapPressure: 779.1
  baroCapAbsoluteUncertainty: 6.0
}
