ephemerisTime: 5.10042063E8
localMeanSolarTime: " 01268M08:00:49.946 "
localTrueSolarTime: " 01268 08:23:04 "
boomOne {
  boomAirTemp: 222.5
  boomIntermediateAirTemp: 219.15
  boomAtsAirTemp: 214.53
  internalAirTempUncertainty: 0.14
  intermediateTempUncertainty: 0.32
  tipAirTempUncertainty: 0.32
  atsBoomConfidenceLevel: "    111XX0001 "
}
boomTwo {
  boomAirTemp: 201.75
  boomIntermediateAirTemp: 202.13
  boomAtsAirTemp: 153.6
  internalAirTempUncertainty: 1.13
  intermediateTempUncertainty: 1.06
  tipAirTempUncertainty: 1.58
  atsBoomConfidenceLevel: "    011XX1110 "
}
channelBHumidity {
}
channelCHumidity {
}
hsConfidenceLevel: "      UNK "
pressureSensorConfig: " 2H "
pressureSensorConfidenceLevel: "      101 "
pressureSensor1 {
}
pressureSensor2 {
  thermoCapTemp: 280.49
  baroCapPressure: 804.47
  baroCapAbsoluteUncertainty: 6.0
}
