ephemerisTime: 5.15365028E8
localMeanSolarTime: " 01328M07:04:04.172 "
localTrueSolarTime: " 01328 07:35:23 "
boomOne {
  boomAirTemp: 216.07
  boomIntermediateAirTemp: 215.39
  boomAtsAirTemp: 212.58
  internalAirTempUncertainty: 0.14
  intermediateTempUncertainty: 0.32
  tipAirTempUncertainty: 0.32
  atsBoomConfidenceLevel: "    111XX0001 "
}
boomTwo {
  boomAirTemp: 200.78
  boomIntermediateAirTemp: 200.61
  boomAtsAirTemp: 153.82
  internalAirTempUncertainty: 1.13
  intermediateTempUncertainty: 1.06
  tipAirTempUncertainty: 1.58
  atsBoomConfidenceLevel: "    011XX1110 "
}
channelAHumidity {
  percentage: 11.4
  uncertainty: 10.0
}
channelBHumidity {
  percentage: 11.41
  uncertainty: 10.0
}
channelCHumidity {
  percentage: 11.87
  uncertainty: 10.0
}
humiditySensorTemp: 206.28
hsConfidenceLevel: "     0XXX "
pressureSensorConfig: " 2H "
pressureSensorConfidenceLevel: "      111 "
pressureSensor1 {
}
pressureSensor2 {
  thermoCapTemp: 280.45
  baroCapPressure: 764.24
  baroCapAbsoluteUncertainty: 5.1
}
