ephemerisTime: 5.07382988E8
localMeanSolarTime: " 01238M09:08:15.939 "
localTrueSolarTime: " 01238 09:26:32 "
boomOne {
  boomAirTemp: 231.91
  boomIntermediateAirTemp: 232.94
  boomAtsAirTemp: 232.29
  internalAirTempUncertainty: 0.14
  intermediateTempUncertainty: 0.32
  tipAirTempUncertainty: 0.32
  atsBoomConfidenceLevel: "    111XX0001 "
}
boomTwo {
  boomAirTemp: 227.23
  boomIntermediateAirTemp: 224.86
  boomAtsAirTemp: 221.18
  internalAirTempUncertainty: 0.16
  intermediateTempUncertainty: 0.12
  tipAirTempUncertainty: 0.35
  atsBoomConfidenceLevel: "    111XX0001 "
}
channelAHumidity {
  percentage: 2.53
  uncertainty: 10.0
}
channelBHumidity {
  percentage: 2.6
  uncertainty: 10.0
}
channelCHumidity {
  percentage: 2.74
  uncertainty: 10.0
}
humiditySensorTemp: 227.59
hsConfidenceLevel: "     0XXX "
pressureSensorConfig: " 2H "
pressureSensorConfidenceLevel: "      111 "
pressureSensor1 {
  thermoCapTemp: 279.81
}
pressureSensor2 {
  baroCapPressure: 826.44
  baroCapAbsoluteUncertainty: 6.0
}
