ephemerisTime: 5.10419661E8
localMeanSolarTime: " 01272M14:05:48.515 "
localTrueSolarTime: " 01272 14:28:37 "
boomOne {
  boomAirTemp: 255.2
  boomIntermediateAirTemp: 252.4
  boomAtsAirTemp: 249.03
  internalAirTempUncertainty: 0.14
  intermediateTempUncertainty: 0.32
  tipAirTempUncertainty: 0.32
  atsBoomConfidenceLevel: "    111XX0001 "
}
boomTwo {
  boomAirTemp: 256.32
  boomIntermediateAirTemp: 254.9
  boomAtsAirTemp: 253.57
  internalAirTempUncertainty: 0.16
  intermediateTempUncertainty: 0.12
  tipAirTempUncertainty: 0.35
  atsBoomConfidenceLevel: "    111XX0001 "
}
channelAHumidity {
  percentage: 0.96
  uncertainty: 2.0
}
channelBHumidity {
  percentage: 0.96
  uncertainty: 2.0
}
channelCHumidity {
  percentage: 1.02
  uncertainty: 2.0
}
humiditySensorTemp: 256.63
hsConfidenceLevel: "     0XXX "
pressureSensorConfig: " 2H "
pressureSensorConfidenceLevel: "      111 "
pressureSensor1 {
  baroCapPressure: 753.41
  baroCapAbsoluteUncertainty: 4.4
}
pressureSensor2 {
  baroCapPressure: 749.79
  baroCapAbsoluteUncertainty: 6.0
}
