ephemerisTime: 5.12139662E8
localMeanSolarTime: " 01291M23:05:45.479 "
localTrueSolarTime: " 01291 23:31:21 "
boomOne {
  boomAirTemp: 205.69
  boomIntermediateAirTemp: 204.82
  boomAtsAirTemp: 204.04
  internalAirTempUncertainty: 0.55
  intermediateTempUncertainty: 0.32
  tipAirTempUncertainty: 1.19
  atsBoomConfidenceLevel: "    011XX1111 "
}
boomTwo {
  boomAirTemp: 183.01
  boomIntermediateAirTemp: 184.12
  boomAtsAirTemp: 144.18
  internalAirTempUncertainty: 1.13
  intermediateTempUncertainty: 1.06
  tipAirTempUncertainty: 1.58
  atsBoomConfidenceLevel: "    011XX1110 "
}
channelAHumidity {
  percentage: 10.42
  uncertainty: 10.0
}
channelBHumidity {
  percentage: 10.31
  uncertainty: 10.0
}
channelCHumidity {
  percentage: 10.69
  uncertainty: 10.0
}
humiditySensorTemp: 205.68
hsConfidenceLevel: "     0XXX "
pressureSensorConfig: " 2H "
pressureSensorConfidenceLevel: "      111 "
pressureSensor1 {
  baroCapPressure: 772.77
  baroCapAbsoluteUncertainty: 4.4
}
pressureSensor2 {
  baroCapPressure: 769.46
  baroCapAbsoluteUncertainty: 6.0
}
