ephemerisTime: 5.1024951E8
localMeanSolarTime: " 01270M16:05:48.461 "
localTrueSolarTime: " 01270 16:28:22 "
boomOne {
  boomAirTemp: 252.23
  boomIntermediateAirTemp: 249.68
  boomAtsAirTemp: 245.44
  internalAirTempUncertainty: 0.14
  intermediateTempUncertainty: 0.32
  tipAirTempUncertainty: 0.32
  atsBoomConfidenceLevel: "    111XX0001 "
}
boomTwo {
  boomAirTemp: 253.3
  boomIntermediateAirTemp: 252.67
  boomAtsAirTemp: 249.94
  internalAirTempUncertainty: 0.16
  intermediateTempUncertainty: 0.12
  tipAirTempUncertainty: 0.35
  atsBoomConfidenceLevel: "    111XX0001 "
}
channelAHumidity {
  percentage: 1.11
  uncertainty: 2.0
}
channelBHumidity {
  percentage: 1.12
  uncertainty: 2.0
}
channelCHumidity {
  percentage: 1.19
  uncertainty: 2.0
}
humiditySensorTemp: 253.23
hsConfidenceLevel: "     0XXX "
pressureSensorConfig: " 2H "
pressureSensorConfidenceLevel: "      111 "
pressureSensor1 {
  baroCapPressure: 751.4
  baroCapAbsoluteUncertainty: 4.4
}
pressureSensor2 {
  baroCapPressure: 747.65
  baroCapAbsoluteUncertainty: 6.0
}
