ephemerisTime: 5.35642376E8
localMeanSolarTime: " 01556M17:00:43.741 "
localTrueSolarTime: " 01556 16:32:07 "
boomOne {
  boomAirTemp: 262.36
  boomIntermediateAirTemp: 262.98
  boomAtsAirTemp: 261.27
  internalAirTempUncertainty: 0.14
  intermediateTempUncertainty: 0.32
  tipAirTempUncertainty: 0.32
  atsBoomConfidenceLevel: "    111XX0001 "
}
boomTwo {
  boomAirTemp: 266.11
  boomIntermediateAirTemp: 266.36
  boomAtsAirTemp: 268.62
  internalAirTempUncertainty: 0.16
  intermediateTempUncertainty: 0.12
  tipAirTempUncertainty: 0.35
  atsBoomConfidenceLevel: "    111XX0001 "
}
channelBHumidity {
}
channelCHumidity {
}
hsConfidenceLevel: "      UNK "
pressureSensorConfig: " 2H "
pressureSensorConfidenceLevel: "      101 "
pressureSensor1 {
}
pressureSensor2 {
  thermoCapTemp: 295.38
  baroCapPressure: 830.95
  baroCapAbsoluteUncertainty: 5.7
}
