ephemerisTime: 5.31040896E8
localMeanSolarTime: " 01504M21:00:37.302 "
localTrueSolarTime: " 01504 21:07:27 "
boomOne {
  boomAirTemp: 225.33
  boomIntermediateAirTemp: 225.92
  boomAtsAirTemp: 225.16
  internalAirTempUncertainty: 0.14
  intermediateTempUncertainty: 0.32
  tipAirTempUncertainty: 0.32
  atsBoomConfidenceLevel: "    111XX1111 "
}
boomTwo {
  boomAirTemp: 217.5
  boomIntermediateAirTemp: 218.23
  boomAtsAirTemp: 168.99
  internalAirTempUncertainty: 0.16
  intermediateTempUncertainty: 0.12
  tipAirTempUncertainty: 0.35
  atsBoomConfidenceLevel: "    111XX1110 "
}
channelBHumidity {
}
channelCHumidity {
}
hsConfidenceLevel: "      UNK "
pressureSensorConfig: " 2H "
pressureSensorConfidenceLevel: "      101 "
pressureSensor1 {
}
pressureSensor2 {
  thermoCapTemp: 286.72
  baroCapPressure: 906.21
  baroCapAbsoluteUncertainty: 5.3
}
