ephemerisTime: 5.12986568E8
localMeanSolarTime: " 01301M12:03:19.694 "
localTrueSolarTime: " 01301 12:30:22 "
boomOne {
  boomAirTemp: 249.34
  boomIntermediateAirTemp: 243.62
  boomAtsAirTemp: 239.14
  internalAirTempUncertainty: 0.14
  intermediateTempUncertainty: 0.32
  tipAirTempUncertainty: 0.32
  atsBoomConfidenceLevel: "    111XX1101 "
}
boomTwo {
  boomAirTemp: 245.5
  boomIntermediateAirTemp: 245.34
  boomAtsAirTemp: 242.9
  internalAirTempUncertainty: 0.16
  intermediateTempUncertainty: 0.12
  tipAirTempUncertainty: 0.35
  atsBoomConfidenceLevel: "    111XX1111 "
}
channelAHumidity {
  percentage: 1.41
  uncertainty: 2.0
}
channelBHumidity {
  percentage: 1.45
  uncertainty: 2.0
}
channelCHumidity {
  percentage: 1.54
  uncertainty: 2.0
}
humiditySensorTemp: 246.39
hsConfidenceLevel: "     0XXX "
pressureSensorConfig: " 2L "
pressureSensorConfidenceLevel: "      101 "
pressureSensor1 {
  thermoCapTemp: 289.89
  baroCapPressure: 737.18
  baroCapAbsoluteUncertainty: 4.6
}
pressureSensor2 {
  thermoCapTemp: 289.88
  baroCapPressure: 733.25
  baroCapAbsoluteUncertainty: 5.1
}
