ephemerisTime: 5.40240849E8
localMeanSolarTime: " 01608M12:12:03.607 "
localTrueSolarTime: " 01608 11:22:36 "
boomOne {
  boomAirTemp: 256.45
  boomIntermediateAirTemp: 248.83
  boomAtsAirTemp: 245.61
  internalAirTempUncertainty: 0.14
  intermediateTempUncertainty: 0.32
  tipAirTempUncertainty: 0.32
  atsBoomConfidenceLevel: "    111XX0101 "
}
boomTwo {
  boomAirTemp: 248.02
  boomIntermediateAirTemp: 244.95
  boomAtsAirTemp: 241.61
  internalAirTempUncertainty: 0.16
  intermediateTempUncertainty: 0.12
  tipAirTempUncertainty: 0.35
  atsBoomConfidenceLevel: "    111XX1111 "
}
channelAHumidity {
  percentage: 1.28
  uncertainty: 2.0
}
channelBHumidity {
  percentage: 1.31
  uncertainty: 2.0
}
channelCHumidity {
  percentage: 1.39
  uncertainty: 2.0
}
humiditySensorTemp: 248.91
hsConfidenceLevel: "     0XXX "
pressureSensorConfig: " 2H "
pressureSensorConfidenceLevel: "      111 "
pressureSensor1 {
}
pressureSensor2 {
  thermoCapTemp: 291.12
  baroCapPressure: 840.42
  baroCapAbsoluteUncertainty: 5.7
}
