ephemerisTime: 5.12886728E8
localMeanSolarTime: " 01300M09:03:50.066 "
localTrueSolarTime: " 01300 09:30:42 "
boomOne {
  boomAirTemp: 237.19
  boomIntermediateAirTemp: 231.24
  boomAtsAirTemp: 227.91
  internalAirTempUncertainty: 0.14
  intermediateTempUncertainty: 0.32
  tipAirTempUncertainty: 0.32
  atsBoomConfidenceLevel: "    111XX0001 "
}
boomTwo {
  boomAirTemp: 221.53
  boomIntermediateAirTemp: 222.88
  boomAtsAirTemp: 222.99
  internalAirTempUncertainty: 0.16
  intermediateTempUncertainty: 0.12
  tipAirTempUncertainty: 0.35
  atsBoomConfidenceLevel: "    111XX1111 "
}
channelAHumidity {
  percentage: 3.13
  uncertainty: 10.0
}
channelBHumidity {
  percentage: 3.2
  uncertainty: 10.0
}
channelCHumidity {
  percentage: 3.35
  uncertainty: 10.0
}
humiditySensorTemp: 222.62
hsConfidenceLevel: "     0XXX "
pressureSensorConfig: " 2H "
pressureSensorConfidenceLevel: "      111 "
pressureSensor1 {
}
pressureSensor2 {
  baroCapPressure: 759.44
  baroCapAbsoluteUncertainty: 6.0
}
