ephemerisTime: 5.05610736E8
localMeanSolarTime: " 01218M10:00:45.507 "
localTrueSolarTime: " 01218 10:16:17 "
boomOne {
  boomAirTemp: 235.61
  boomIntermediateAirTemp: 228.67
  boomAtsAirTemp: 223.89
  internalAirTempUncertainty: 0.14
  intermediateTempUncertainty: 0.32
  tipAirTempUncertainty: 0.32
  atsBoomConfidenceLevel: "    111XX0001 "
}
boomTwo {
  boomAirTemp: 232.3
  boomIntermediateAirTemp: 228.87
  boomAtsAirTemp: 225.2
  internalAirTempUncertainty: 0.16
  intermediateTempUncertainty: 0.12
  tipAirTempUncertainty: 0.35
  atsBoomConfidenceLevel: "    111XX0001 "
}
channelBHumidity {
}
channelCHumidity {
}
hsConfidenceLevel: "      UNK "
pressureSensorConfig: " 2H "
pressureSensorConfidenceLevel: "      100 "
pressureSensor1 {
}
pressureSensor2 {
  thermoCapTemp: 279.56
  baroCapPressure: 844.85
  baroCapAbsoluteUncertainty: 6.0
}
