ephemerisTime: 5.27194319E8
localMeanSolarTime: " 01461M13:05:42.838 "
localTrueSolarTime: " 01461 13:35:41 "
boomOne {
  boomAirTemp: 266.05
  boomIntermediateAirTemp: 263.32
  boomAtsAirTemp: 259.36
  internalAirTempUncertainty: 0.14
  intermediateTempUncertainty: 0.32
  tipAirTempUncertainty: 0.32
  atsBoomConfidenceLevel: "    111XX1111 "
}
boomTwo {
  boomAirTemp: 272.05
  boomIntermediateAirTemp: 272.72
  boomAtsAirTemp: 271.55
  internalAirTempUncertainty: 0.16
  intermediateTempUncertainty: 0.12
  tipAirTempUncertainty: 0.35
  atsBoomConfidenceLevel: "    111XX0011 "
}
channelAHumidity {
  percentage: 0.64
  uncertainty: 2.0
}
channelBHumidity {
  percentage: 0.6
  uncertainty: 2.0
}
channelCHumidity {
  percentage: 0.63
  uncertainty: 2.0
}
humiditySensorTemp: 272.1
hsConfidenceLevel: "     0XXX "
pressureSensorConfig: " 2H "
pressureSensorConfidenceLevel: "      111 "
pressureSensor1 {
  baroCapPressure: 834.48
  baroCapAbsoluteUncertainty: 4.7
}
pressureSensor2 {
  baroCapPressure: 831.6
  baroCapAbsoluteUncertainty: 5.3
}
