ephemerisTime: 5.37036874E8
localMeanSolarTime: " 01572M10:00:43.777 "
localTrueSolarTime: " 01572 09:23:26 "
boomOne {
  boomAirTemp: 236.45
  boomIntermediateAirTemp: 238.26
  boomAtsAirTemp: 235.71
  internalAirTempUncertainty: 0.14
  intermediateTempUncertainty: 0.32
  tipAirTempUncertainty: 0.32
  atsBoomConfidenceLevel: "    111XX0011 "
}
boomTwo {
  boomAirTemp: 243.53
  boomIntermediateAirTemp: 242.96
  boomAtsAirTemp: 240.35
  internalAirTempUncertainty: 0.16
  intermediateTempUncertainty: 0.12
  tipAirTempUncertainty: 0.35
  atsBoomConfidenceLevel: "    111XX1101 "
}
channelBHumidity {
}
channelCHumidity {
}
hsConfidenceLevel: "      UNK "
pressureSensorConfig: " 2H "
pressureSensorConfidenceLevel: "      101 "
pressureSensor1 {
}
pressureSensor2 {
  thermoCapTemp: 280.39
  baroCapPressure: 881.6
  baroCapAbsoluteUncertainty: 5.7
}
