ephemerisTime: 5.28683108E8
localMeanSolarTime: " 01478M07:35:11.918 "
localTrueSolarTime: " 01478 07:57:46 "
boomOne {
  boomAirTemp: 220.83
  boomIntermediateAirTemp: 221.87
  boomAtsAirTemp: 220.74
  internalAirTempUncertainty: 0.14
  intermediateTempUncertainty: 0.32
  tipAirTempUncertainty: 0.32
  atsBoomConfidenceLevel: "    111XX1111 "
}
boomTwo {
  boomAirTemp: 222.67
  boomIntermediateAirTemp: 224.59
  boomAtsAirTemp: 223.93
  internalAirTempUncertainty: 0.16
  intermediateTempUncertainty: 0.12
  tipAirTempUncertainty: 0.35
  atsBoomConfidenceLevel: "    111XX0001 "
}
channelAHumidity {
  percentage: 2.64
  uncertainty: 10.0
}
channelBHumidity {
  percentage: 2.69
  uncertainty: 10.0
}
channelCHumidity {
  percentage: 2.87
  uncertainty: 10.0
}
humiditySensorTemp: 224.12
hsConfidenceLevel: "     0XXX "
pressureSensorConfig: " 2H "
pressureSensorConfidenceLevel: "      111 "
pressureSensor1 {
}
pressureSensor2 {
  baroCapPressure: 933.14
  baroCapAbsoluteUncertainty: 5.3
}
