ephemerisTime: 5.33015168E8
localMeanSolarTime: " 01527M02:45:04.403 "
localTrueSolarTime: " 01527 02:36:25 "
boomOne {
  boomAirTemp: 210.54
  boomIntermediateAirTemp: 209.53
  boomAtsAirTemp: 209.57
  internalAirTempUncertainty: 0.14
  intermediateTempUncertainty: 0.32
  tipAirTempUncertainty: 0.32
  atsBoomConfidenceLevel: "    111XX1111 "
}
boomTwo {
  boomAirTemp: 208.69
  boomIntermediateAirTemp: 208.67
  boomAtsAirTemp: 208.55
  internalAirTempUncertainty: 0.16
  intermediateTempUncertainty: 0.12
  tipAirTempUncertainty: 0.35
  atsBoomConfidenceLevel: "    111XX1111 "
}
channelAHumidity {
  percentage: 6.93
  uncertainty: 10.0
}
channelBHumidity {
  percentage: 7.06
  uncertainty: 10.0
}
channelCHumidity {
  percentage: 7.39
  uncertainty: 10.0
}
humiditySensorTemp: 210.97
hsConfidenceLevel: "     0XXX "
pressureSensorConfig: " 2H "
pressureSensorConfidenceLevel: "      111 "
pressureSensor1 {
}
pressureSensor2 {
  baroCapPressure: 921.92
  baroCapAbsoluteUncertainty: 5.7
}
