ephemerisTime: 5.08496207E8
localMeanSolarTime: " 01250M22:05:40.209 "
localTrueSolarTime: " 01250 22:25:35 "
boomOne {
  boomAirTemp: 207.34
  boomIntermediateAirTemp: 205.1
  boomAtsAirTemp: 203.03
  internalAirTempUncertainty: 0.55
  intermediateTempUncertainty: 0.32
  tipAirTempUncertainty: 1.19
  atsBoomConfidenceLevel: "    011XX1111 "
}
boomTwo {
  boomAirTemp: 205.34
  boomIntermediateAirTemp: 204.17
  boomAtsAirTemp: 203.28
  internalAirTempUncertainty: 0.16
  intermediateTempUncertainty: 0.12
  tipAirTempUncertainty: 0.35
  atsBoomConfidenceLevel: "    111XX1111 "
}
channelAHumidity {
  percentage: 7.63
  uncertainty: 10.0
}
channelBHumidity {
  percentage: 7.74
  uncertainty: 10.0
}
channelCHumidity {
  percentage: 7.98
  uncertainty: 10.0
}
humiditySensorTemp: 208.4
hsConfidenceLevel: "     0XXX "
pressureSensorConfig: " 2H "
pressureSensorConfidenceLevel: "      111 "
pressureSensor1 {
}
pressureSensor2 {
  baroCapPressure: 803.9
  baroCapAbsoluteUncertainty: 6.0
}
