ephemerisTime: 5.3762126E8
localMeanSolarTime: " 01578M23:59:59.487 "
localTrueSolarTime: " 01578 23:19:37 "
boomOne {
  boomAirTemp: 216.77
  boomIntermediateAirTemp: 216.49
  boomAtsAirTemp: 216.74
  internalAirTempUncertainty: 0.14
  intermediateTempUncertainty: 0.32
  tipAirTempUncertainty: 0.32
  atsBoomConfidenceLevel: "    111XX1111 "
}
boomTwo {
  boomAirTemp: 215.15
  boomIntermediateAirTemp: 214.97
  boomAtsAirTemp: 213.95
  internalAirTempUncertainty: 0.16
  intermediateTempUncertainty: 0.12
  tipAirTempUncertainty: 0.35
  atsBoomConfidenceLevel: "    111XX1111 "
}
channelAHumidity {
  percentage: 4.45
  uncertainty: 10.0
}
channelBHumidity {
  percentage: 4.52
  uncertainty: 10.0
}
channelCHumidity {
  percentage: 4.71
  uncertainty: 10.0
}
humiditySensorTemp: 217.46
hsConfidenceLevel: "     0XXX "
pressureSensorConfig: " 2H "
pressureSensorConfidenceLevel: "      111 "
pressureSensor1 {
}
pressureSensor2 {
  baroCapPressure: 872.69
  baroCapAbsoluteUncertainty: 5.7
}
