ephemerisTime: 5.15804998E8
localMeanSolarTime: " 01333M06:00:46.507 "
localTrueSolarTime: " 01333 06:32:53 "
boomOne {
  boomAirTemp: 199.63
  boomIntermediateAirTemp: 200.99
  boomAtsAirTemp: 199.11
  internalAirTempUncertainty: 0.55
  intermediateTempUncertainty: 0.32
  tipAirTempUncertainty: 1.19
  atsBoomConfidenceLevel: "    011XX0001 "
}
boomTwo {
  boomAirTemp: 197.27
  boomIntermediateAirTemp: 200.17
  boomAtsAirTemp: 199.19
  internalAirTempUncertainty: 1.13
  intermediateTempUncertainty: 1.06
  tipAirTempUncertainty: 1.58
  atsBoomConfidenceLevel: "    011XX0000 "
}
channelBHumidity {
}
channelCHumidity {
}
hsConfidenceLevel: "      UNK "
pressureSensorConfig: " 2H "
pressureSensorConfidenceLevel: "      101 "
pressureSensor1 {
}
pressureSensor2 {
  thermoCapTemp: 279.16
  baroCapPressure: 753.45
  baroCapAbsoluteUncertainty: 5.1
}
