ephemerisTime: 5.18253995E8
localMeanSolarTime: " 01360M20:05:41.367 "
localTrueSolarTime: " 01360 20:41:58 "
boomOne {
  boomAirTemp: 223.35
  boomIntermediateAirTemp: 222.86
  boomAtsAirTemp: 223.03
  internalAirTempUncertainty: 0.14
  intermediateTempUncertainty: 0.32
  tipAirTempUncertainty: 0.32
  atsBoomConfidenceLevel: "    111XX1111 "
}
boomTwo {
  boomAirTemp: 223.12
  boomIntermediateAirTemp: 222.41
  boomAtsAirTemp: 222.1
  internalAirTempUncertainty: 0.16
  intermediateTempUncertainty: 0.12
  tipAirTempUncertainty: 0.35
  atsBoomConfidenceLevel: "    111XX1111 "
}
channelAHumidity {
  percentage: 3.51
  uncertainty: 10.0
}
channelBHumidity {
  percentage: 3.59
  uncertainty: 10.0
}
channelCHumidity {
  percentage: 3.76
  uncertainty: 10.0
}
humiditySensorTemp: 224.56
hsConfidenceLevel: "     0XXX "
pressureSensorConfig: " 2H "
pressureSensorConfidenceLevel: "      111 "
pressureSensor1 {
}
pressureSensor2 {
  baroCapPressure: 734.49
  baroCapAbsoluteUncertainty: 5.1
}
