ephemerisTime: 5.41764112E8
localMeanSolarTime: " 01625M16:00:44.628 "
localTrueSolarTime: " 01625 15:09:28 "
boomOne {
  boomAirTemp: 262.88
  boomIntermediateAirTemp: 261.0
  boomAtsAirTemp: 259.41
  internalAirTempUncertainty: 0.14
  intermediateTempUncertainty: 0.32
  tipAirTempUncertainty: 0.32
  atsBoomConfidenceLevel: "    111XX0011 "
}
boomTwo {
  boomAirTemp: 270.39
  boomIntermediateAirTemp: 270.57
  boomAtsAirTemp: 269.85
  internalAirTempUncertainty: 0.16
  intermediateTempUncertainty: 0.12
  tipAirTempUncertainty: 0.35
  atsBoomConfidenceLevel: "    111XX1101 "
}
channelBHumidity {
}
channelCHumidity {
}
hsConfidenceLevel: "      UNK "
pressureSensorConfig: " 2H "
pressureSensorConfidenceLevel: "      101 "
pressureSensor1 {
}
pressureSensor2 {
  thermoCapTemp: 299.96
  baroCapPressure: 777.53
  baroCapAbsoluteUncertainty: 5.7
}
