ephemerisTime: 5.19810934E8
localMeanSolarTime: " 01378M09:00:37.671 "
localTrueSolarTime: " 01378 09:38:59 "
boomOne {
  boomAirTemp: 233.94
  boomIntermediateAirTemp: 232.61
  boomAtsAirTemp: 230.9
  internalAirTempUncertainty: 0.14
  intermediateTempUncertainty: 0.32
  tipAirTempUncertainty: 0.32
  atsBoomConfidenceLevel: "    111XX0111 "
}
boomTwo {
  boomAirTemp: 240.15
  boomIntermediateAirTemp: 241.74
  boomAtsAirTemp: 243.01
  internalAirTempUncertainty: 0.16
  intermediateTempUncertainty: 0.12
  tipAirTempUncertainty: 0.35
  atsBoomConfidenceLevel: "    111XX0111 "
}
channelBHumidity {
}
channelCHumidity {
}
hsConfidenceLevel: "      UNK "
pressureSensorConfig: " 2H "
pressureSensorConfidenceLevel: "      101 "
pressureSensor1 {
}
pressureSensor2 {
  thermoCapTemp: 282.48
  baroCapPressure: 762.0
  baroCapAbsoluteUncertainty: 5.1
}
