ephemerisTime: 5.15353268E8
localMeanSolarTime: " 01328M03:53:18.711 "
localTrueSolarTime: " 01328 04:24:36 "
boomOne {
  boomAirTemp: 204.59
  boomIntermediateAirTemp: 202.95
  boomAtsAirTemp: 201.97
  internalAirTempUncertainty: 0.55
  intermediateTempUncertainty: 0.32
  tipAirTempUncertainty: 1.19
  atsBoomConfidenceLevel: "    011XX1111 "
}
boomTwo {
  boomAirTemp: 200.17
  boomIntermediateAirTemp: 197.6
  boomAtsAirTemp: 149.28
  internalAirTempUncertainty: 1.13
  intermediateTempUncertainty: 1.06
  tipAirTempUncertainty: 1.58
  atsBoomConfidenceLevel: "    011XX1110 "
}
channelAHumidity {
  percentage: 11.29
  uncertainty: 10.0
}
channelBHumidity {
  percentage: 11.11
  uncertainty: 10.0
}
channelCHumidity {
  percentage: 11.42
  uncertainty: 10.0
}
humiditySensorTemp: 205.27
hsConfidenceLevel: "     0XXX "
pressureSensorConfig: " 2H "
pressureSensorConfidenceLevel: "      111 "
pressureSensor1 {
}
pressureSensor2 {
  thermoCapTemp: 283.61
  baroCapPressure: 753.32
  baroCapAbsoluteUncertainty: 5.1
}
