ephemerisTime: 5.42988464E8
localMeanSolarTime: " 01639M11:00:49.477 "
localTrueSolarTime: " 01639 10:09:45 "
boomOne {
  boomAirTemp: 243.43
  boomIntermediateAirTemp: 238.3
  boomAtsAirTemp: 236.16
  internalAirTempUncertainty: 0.14
  intermediateTempUncertainty: 0.32
  tipAirTempUncertainty: 0.32
  atsBoomConfidenceLevel: "    111XX0001 "
}
boomTwo {
  boomAirTemp: 235.73
  boomIntermediateAirTemp: 234.95
  boomAtsAirTemp: 232.33
  internalAirTempUncertainty: 0.16
  intermediateTempUncertainty: 0.12
  tipAirTempUncertainty: 0.35
  atsBoomConfidenceLevel: "    111XX1111 "
}
channelBHumidity {
}
channelCHumidity {
}
hsConfidenceLevel: "      UNK "
pressureSensorConfig: " 2H "
pressureSensorConfidenceLevel: "      101 "
pressureSensor1 {
}
pressureSensor2 {
  thermoCapTemp: 283.87
  baroCapPressure: 843.06
  baroCapAbsoluteUncertainty: 5.7
}
