ephemerisTime: 5.4093926E8
localMeanSolarTime: " 01616M09:00:54.545 "
localTrueSolarTime: " 01616 08:10:19 "
boomOne {
  boomAirTemp: 220.06
  boomIntermediateAirTemp: 223.4
  boomAtsAirTemp: 224.58
  internalAirTempUncertainty: 0.14
  intermediateTempUncertainty: 0.32
  tipAirTempUncertainty: 0.32
  atsBoomConfidenceLevel: "    111XX0011 "
}
boomTwo {
  boomAirTemp: 220.13
  boomIntermediateAirTemp: 221.29
  boomAtsAirTemp: 221.99
  internalAirTempUncertainty: 0.16
  intermediateTempUncertainty: 0.12
  tipAirTempUncertainty: 0.35
  atsBoomConfidenceLevel: "    111XX0001 "
}
channelBHumidity {
}
channelCHumidity {
}
hsConfidenceLevel: "      UNK "
pressureSensorConfig: " 2H "
pressureSensorConfidenceLevel: "      101 "
pressureSensor1 {
}
pressureSensor2 {
  thermoCapTemp: 279.11
  baroCapPressure: 883.91
  baroCapAbsoluteUncertainty: 5.7
}
