ephemerisTime: 5.10752108E8
localMeanSolarTime: " 01276M07:58:23.715 "
localTrueSolarTime: " 01276 08:21:44 "
boomOne {
  boomAirTemp: 224.43
  boomIntermediateAirTemp: 217.99
  boomAtsAirTemp: 213.29
  internalAirTempUncertainty: 0.14
  intermediateTempUncertainty: 0.32
  tipAirTempUncertainty: 0.32
  atsBoomConfidenceLevel: "    111XX0001 "
}
boomTwo {
  boomAirTemp: 216.21
  boomIntermediateAirTemp: 215.42
  boomAtsAirTemp: 214.36
  internalAirTempUncertainty: 0.16
  intermediateTempUncertainty: 0.12
  tipAirTempUncertainty: 0.35
  atsBoomConfidenceLevel: "    111XX0011 "
}
channelAHumidity {
  percentage: 3.21
  uncertainty: 10.0
}
channelBHumidity {
  percentage: 3.18
  uncertainty: 10.0
}
channelCHumidity {
  percentage: 3.36
  uncertainty: 10.0
}
humiditySensorTemp: 217.62
hsConfidenceLevel: "     0XXX "
pressureSensorConfig: " 2H "
pressureSensorConfidenceLevel: "      111 "
pressureSensor1 {
}
pressureSensor2 {
  thermoCapTemp: 282.22
  baroCapPressure: 794.12
  baroCapAbsoluteUncertainty: 6.0
}
