ephemerisTime: 5.06631954E8
localMeanSolarTime: " 01229M22:05:49.483 "
localTrueSolarTime: " 01229 22:22:57 "
boomOne {
  boomAirTemp: 202.88
  boomIntermediateAirTemp: 201.82
  boomAtsAirTemp: 200.59
  internalAirTempUncertainty: 0.55
  intermediateTempUncertainty: 0.32
  tipAirTempUncertainty: 1.19
  atsBoomConfidenceLevel: "    011XX1111 "
}
boomTwo {
  boomAirTemp: 196.68
  boomIntermediateAirTemp: 195.31
  boomAtsAirTemp: 147.27
  internalAirTempUncertainty: 1.13
  intermediateTempUncertainty: 1.06
  tipAirTempUncertainty: 1.58
  atsBoomConfidenceLevel: "    011XX1110 "
}
channelAHumidity {
  percentage: 11.49
  uncertainty: 10.0
}
channelBHumidity {
  percentage: 11.49
  uncertainty: 10.0
}
channelCHumidity {
  percentage: 11.93
  uncertainty: 10.0
}
humiditySensorTemp: 204.01
hsConfidenceLevel: "     0XXX "
pressureSensorConfig: " 2H "
pressureSensorConfidenceLevel: "      111 "
pressureSensor1 {
  baroCapPressure: 830.15
  baroCapAbsoluteUncertainty: 4.4
}
pressureSensor2 {
  baroCapPressure: 827.0
  baroCapAbsoluteUncertainty: 6.0
}
