ephemerisTime: 5.18105734E8
localMeanSolarTime: " 01359M04:00:45.832 "
localTrueSolarTime: " 01359 04:36:49 "
boomOne {
  boomAirTemp: 199.97
  boomIntermediateAirTemp: 200.14
  boomAtsAirTemp: 200.35
  internalAirTempUncertainty: 0.55
  intermediateTempUncertainty: 0.32
  tipAirTempUncertainty: 1.19
  atsBoomConfidenceLevel: "    011XX1111 "
}
boomTwo {
  boomAirTemp: 194.53
  boomIntermediateAirTemp: 196.06
  boomAtsAirTemp: 149.37
  internalAirTempUncertainty: 1.13
  intermediateTempUncertainty: 1.06
  tipAirTempUncertainty: 1.58
  atsBoomConfidenceLevel: "    011XX1110 "
}
channelBHumidity {
}
channelCHumidity {
}
hsConfidenceLevel: "      UNK "
pressureSensorConfig: " 2H "
pressureSensorConfidenceLevel: "      101 "
pressureSensor1 {
}
pressureSensor2 {
  thermoCapTemp: 279.91
  baroCapPressure: 762.14
  baroCapAbsoluteUncertainty: 5.1
}
