ephemerisTime: 5.27316387E8
localMeanSolarTime: " 01462M22:05:45.944 "
localTrueSolarTime: " 01462 22:35:12 "
boomOne {
  boomAirTemp: 222.76
  boomIntermediateAirTemp: 223.43
  boomAtsAirTemp: 223.13
  internalAirTempUncertainty: 0.14
  intermediateTempUncertainty: 0.32
  tipAirTempUncertainty: 0.32
  atsBoomConfidenceLevel: "    111XX1111 "
}
boomTwo {
  boomAirTemp: 222.1
  boomIntermediateAirTemp: 223.36
  boomAtsAirTemp: 223.99
  internalAirTempUncertainty: 0.16
  intermediateTempUncertainty: 0.12
  tipAirTempUncertainty: 0.35
  atsBoomConfidenceLevel: "    111XX1111 "
}
channelAHumidity {
  percentage: 2.96
  uncertainty: 10.0
}
channelBHumidity {
  percentage: 3.07
  uncertainty: 10.0
}
channelCHumidity {
  percentage: 3.25
  uncertainty: 10.0
}
humiditySensorTemp: 223.71
hsConfidenceLevel: "     0XXX "
pressureSensorConfig: " 2H "
pressureSensorConfidenceLevel: "      111 "
pressureSensor1 {
  baroCapPressure: 882.31
  baroCapAbsoluteUncertainty: 4.7
}
pressureSensor2 {
  baroCapPressure: 880.07
  baroCapAbsoluteUncertainty: 5.3
}
