ephemerisTime: 5.18790032E8
localMeanSolarTime: " 01366M21:00:41.244 "
localTrueSolarTime: " 01366 21:37:45 "
boomOne {
  boomAirTemp: 219.54
  boomIntermediateAirTemp: 220.97
  boomAtsAirTemp: 221.62
  internalAirTempUncertainty: 0.14
  intermediateTempUncertainty: 0.32
  tipAirTempUncertainty: 0.32
  atsBoomConfidenceLevel: "    111XX1111 "
}
boomTwo {
  boomAirTemp: 218.09
  boomIntermediateAirTemp: 220.36
  boomAtsAirTemp: 219.81
  internalAirTempUncertainty: 0.16
  intermediateTempUncertainty: 0.12
  tipAirTempUncertainty: 0.35
  atsBoomConfidenceLevel: "    111XX1111 "
}
channelBHumidity {
}
channelCHumidity {
}
hsConfidenceLevel: "      UNK "
pressureSensorConfig: " 2H "
pressureSensorConfidenceLevel: "      101 "
pressureSensor1 {
}
pressureSensor2 {
  thermoCapTemp: 285.8
  baroCapPressure: 736.4
  baroCapAbsoluteUncertainty: 5.1
}
