ephemerisTime: 5.19319294E8
localMeanSolarTime: " 01372M20:05:47.329 "
localTrueSolarTime: " 01372 20:43:34 "
boomOne {
  boomAirTemp: 225.32
  boomIntermediateAirTemp: 224.43
  boomAtsAirTemp: 223.81
  internalAirTempUncertainty: 0.14
  intermediateTempUncertainty: 0.32
  tipAirTempUncertainty: 0.32
  atsBoomConfidenceLevel: "    111XX1111 "
}
boomTwo {
  boomAirTemp: 224.21
  boomIntermediateAirTemp: 223.39
  boomAtsAirTemp: 223.49
  internalAirTempUncertainty: 0.16
  intermediateTempUncertainty: 0.12
  tipAirTempUncertainty: 0.35
  atsBoomConfidenceLevel: "    111XX1111 "
}
channelAHumidity {
  percentage: 3.32
  uncertainty: 10.0
}
channelBHumidity {
  percentage: 3.36
  uncertainty: 10.0
}
channelCHumidity {
  percentage: 3.54
  uncertainty: 10.0
}
humiditySensorTemp: 225.79
hsConfidenceLevel: "     0XXX "
pressureSensorConfig: " 2H "
pressureSensorConfidenceLevel: "      111 "
pressureSensor1 {
}
pressureSensor2 {
  baroCapPressure: 739.56
  baroCapAbsoluteUncertainty: 5.1
}
