ephemerisTime: 5.12435468E8
localMeanSolarTime: " 01295M07:03:59.699 "
localTrueSolarTime: " 01295 07:30:05 "
boomOne {
  boomAirTemp: 216.92
  boomIntermediateAirTemp: 213.27
  boomAtsAirTemp: 210.31
  internalAirTempUncertainty: 0.14
  intermediateTempUncertainty: 0.32
  tipAirTempUncertainty: 0.32
  atsBoomConfidenceLevel: "    111XX0001 "
}
boomTwo {
  boomAirTemp: 205.43
  boomIntermediateAirTemp: 204.95
  boomAtsAirTemp: 202.54
  internalAirTempUncertainty: 1.13
  intermediateTempUncertainty: 1.06
  tipAirTempUncertainty: 1.58
  atsBoomConfidenceLevel: "    011XX1111 "
}
channelAHumidity {
  percentage: 5.41
  uncertainty: 10.0
}
channelBHumidity {
  percentage: 5.46
  uncertainty: 10.0
}
channelCHumidity {
  percentage: 5.59
  uncertainty: 10.0
}
humiditySensorTemp: 207.08
hsConfidenceLevel: "     0XXX "
pressureSensorConfig: " 2H "
pressureSensorConfidenceLevel: "      111 "
pressureSensor1 {
}
pressureSensor2 {
  baroCapPressure: 781.77
  baroCapAbsoluteUncertainty: 6.0
}
