ephemerisTime: 5.20670168E8
localMeanSolarTime: " 01388M01:18:10.154 "
localTrueSolarTime: " 01388 01:57:20 "
boomOne {
  boomAirTemp: 210.61
  boomIntermediateAirTemp: 209.39
  boomAtsAirTemp: 208.2
  internalAirTempUncertainty: 0.14
  intermediateTempUncertainty: 0.32
  tipAirTempUncertainty: 0.32
  atsBoomConfidenceLevel: "    111XX1111 "
}
boomTwo {
  boomAirTemp: 208.84
  boomIntermediateAirTemp: 207.74
  boomAtsAirTemp: 206.51
  internalAirTempUncertainty: 0.16
  intermediateTempUncertainty: 0.12
  tipAirTempUncertainty: 0.35
  atsBoomConfidenceLevel: "    111XX1111 "
}
channelAHumidity {
  percentage: 6.18
  uncertainty: 10.0
}
channelBHumidity {
  percentage: 6.28
  uncertainty: 10.0
}
channelCHumidity {
  percentage: 6.55
  uncertainty: 10.0
}
humiditySensorTemp: 210.79
hsConfidenceLevel: "     0XXX "
pressureSensorConfig: " 2H "
pressureSensorConfidenceLevel: "      111 "
pressureSensor1 {
}
pressureSensor2 {
  thermoCapTemp: 282.93
  baroCapPressure: 772.55
  baroCapAbsoluteUncertainty: 5.1
}
