ephemerisTime: 5.42692749E8
localMeanSolarTime: " 01636M03:04:03.823 "
localTrueSolarTime: " 01636 02:12:49 "
boomOne {
  boomAirTemp: 208.24
  boomIntermediateAirTemp: 209.55
  boomAtsAirTemp: 210.65
  internalAirTempUncertainty: 0.55
  intermediateTempUncertainty: 0.32
  tipAirTempUncertainty: 1.19
  atsBoomConfidenceLevel: "    011XX1111 "
}
boomTwo {
  boomAirTemp: 204.52
  boomIntermediateAirTemp: 207.19
  boomAtsAirTemp: 206.17
  internalAirTempUncertainty: 1.13
  intermediateTempUncertainty: 1.06
  tipAirTempUncertainty: 1.58
  atsBoomConfidenceLevel: "    011XX1111 "
}
channelAHumidity {
  percentage: 7.49
  uncertainty: 10.0
}
channelBHumidity {
  percentage: 7.54
  uncertainty: 10.0
}
channelCHumidity {
  percentage: 7.89
  uncertainty: 10.0
}
humiditySensorTemp: 208.7
hsConfidenceLevel: "     0XXX "
pressureSensorConfig: " 2H "
pressureSensorConfidenceLevel: "      111 "
pressureSensor1 {
}
pressureSensor2 {
  thermoCapTemp: 279.97
  baroCapPressure: 855.71
  baroCapAbsoluteUncertainty: 5.7
}
