ephemerisTime: 5.06596448E8
localMeanSolarTime: " 01229M12:29:53.144 "
localTrueSolarTime: " 01229 12:46:58 "
boomOne {
  boomAirTemp: 243.36
  boomIntermediateAirTemp: 240.27
  boomAtsAirTemp: 235.94
  internalAirTempUncertainty: 0.14
  intermediateTempUncertainty: 0.32
  tipAirTempUncertainty: 0.32
  atsBoomConfidenceLevel: "    111XX1111 "
}
boomTwo {
  boomAirTemp: 248.09
  boomIntermediateAirTemp: 239.67
  boomAtsAirTemp: 234.48
  internalAirTempUncertainty: 0.16
  intermediateTempUncertainty: 0.12
  tipAirTempUncertainty: 0.35
  atsBoomConfidenceLevel: "    111XX1111 "
}
channelAHumidity {
  percentage: 1.56
  uncertainty: 2.0
}
channelBHumidity {
  percentage: 1.61
  uncertainty: 2.0
}
channelCHumidity {
  percentage: 1.68
  uncertainty: 2.0
}
humiditySensorTemp: 247.6
hsConfidenceLevel: "     0XXX "
pressureSensorConfig: " 2H "
pressureSensorConfidenceLevel: "      110 "
pressureSensor1 {
}
pressureSensor2 {
  baroCapPressure: 809.22
  baroCapAbsoluteUncertainty: 6.0
}
