ephemerisTime: 5.3709976E8
localMeanSolarTime: " 01573M03:00:47.796 "
localTrueSolarTime: " 01573 02:23:09 "
boomOne {
  boomAirTemp: 205.21
  boomIntermediateAirTemp: 205.85
  boomAtsAirTemp: 204.66
  internalAirTempUncertainty: 0.14
  intermediateTempUncertainty: 0.32
  tipAirTempUncertainty: 0.32
  atsBoomConfidenceLevel: "    111XX1111 "
}
boomTwo {
  boomAirTemp: 202.76
  boomIntermediateAirTemp: 204.34
  boomAtsAirTemp: 202.87
  internalAirTempUncertainty: 1.13
  intermediateTempUncertainty: 1.06
  tipAirTempUncertainty: 1.58
  atsBoomConfidenceLevel: "    011XX1111 "
}
channelBHumidity {
}
channelCHumidity {
}
hsConfidenceLevel: "      UNK "
pressureSensorConfig: " 2H "
pressureSensorConfidenceLevel: "      101 "
pressureSensor1 {
}
pressureSensor2 {
  thermoCapTemp: 282.21
  baroCapPressure: 892.53
  baroCapAbsoluteUncertainty: 5.7
}
