ephemerisTime: 5.11395867E8
localMeanSolarTime: " 01283M14:00:44.405 "
localTrueSolarTime: " 01283 14:25:06 "
boomOne {
  boomAirTemp: 256.19
  boomIntermediateAirTemp: 252.82
  boomAtsAirTemp: 250.93
  internalAirTempUncertainty: 0.14
  intermediateTempUncertainty: 0.32
  tipAirTempUncertainty: 0.32
  atsBoomConfidenceLevel: "    111XX0001 "
}
boomTwo {
  boomAirTemp: 256.55
  boomIntermediateAirTemp: 255.16
  boomAtsAirTemp: 252.39
  internalAirTempUncertainty: 0.16
  intermediateTempUncertainty: 0.12
  tipAirTempUncertainty: 0.35
  atsBoomConfidenceLevel: "    111XX0001 "
}
channelBHumidity {
}
channelCHumidity {
}
hsConfidenceLevel: "      UNK "
pressureSensorConfig: " 2H "
pressureSensorConfidenceLevel: "      100 "
pressureSensor1 {
}
pressureSensor2 {
  thermoCapTemp: 293.28
  baroCapPressure: 739.66
  baroCapAbsoluteUncertainty: 6.0
}
