ephemerisTime: 5.43421329E8
localMeanSolarTime: " 01644M08:02:16.846 "
localTrueSolarTime: " 01644 07:11:36 "
boomOne {
  boomAirTemp: 205.67
  boomIntermediateAirTemp: 207.56
  boomAtsAirTemp: 208.4
  internalAirTempUncertainty: 0.55
  intermediateTempUncertainty: 0.32
  tipAirTempUncertainty: 1.19
  atsBoomConfidenceLevel: "    011XX0001 "
}
boomTwo {
  boomAirTemp: 154.87
  boomIntermediateAirTemp: 158.62
  boomAtsAirTemp: 152.18
  internalAirTempUncertainty: 1.13
  intermediateTempUncertainty: 1.06
  tipAirTempUncertainty: 1.58
  atsBoomConfidenceLevel: "    011XX0000 "
}
channelAHumidity {
  percentage: 6.19
  uncertainty: 10.0
}
channelBHumidity {
  percentage: 6.28
  uncertainty: 10.0
}
channelCHumidity {
  percentage: 6.53
  uncertainty: 10.0
}
humiditySensorTemp: 206.64
hsConfidenceLevel: "     0XXX "
pressureSensorConfig: " 2H "
pressureSensorConfidenceLevel: "      101 "
pressureSensor1 {
}
pressureSensor2 {
  baroCapPressure: 877.77
  baroCapAbsoluteUncertainty: 5.7
}
