ephemerisTime: 5.32779128E8
localMeanSolarTime: " 01524M10:56:17.651 "
localTrueSolarTime: " 01524 10:49:31 "
boomOne {
  boomAirTemp: 254.11
  boomIntermediateAirTemp: 255.66
  boomAtsAirTemp: 252.82
  internalAirTempUncertainty: 0.14
  intermediateTempUncertainty: 0.32
  tipAirTempUncertainty: 0.32
  atsBoomConfidenceLevel: "    111XX1111 "
}
boomTwo {
  boomAirTemp: 257.29
  boomIntermediateAirTemp: 250.88
  boomAtsAirTemp: 243.44
  internalAirTempUncertainty: 0.16
  intermediateTempUncertainty: 0.12
  tipAirTempUncertainty: 0.35
  atsBoomConfidenceLevel: "    111XX0101 "
}
channelAHumidity {
  percentage: 1.01
  uncertainty: 2.0
}
channelBHumidity {
  percentage: 1.02
  uncertainty: 2.0
}
channelCHumidity {
  percentage: 1.06
  uncertainty: 2.0
}
humiditySensorTemp: 256.72
hsConfidenceLevel: "     0XXX "
pressureSensorConfig: " 2H "
pressureSensorConfidenceLevel: "      111 "
pressureSensor1 {
}
pressureSensor2 {
  baroCapPressure: 902.97
  baroCapAbsoluteUncertainty: 5.7
}
