ephemerisTime: 5.37100067E8
localMeanSolarTime: " 01573M03:05:46.585 "
localTrueSolarTime: " 01573 02:28:08 "
boomOne {
  boomAirTemp: 206.94
  boomIntermediateAirTemp: 206.94
  boomAtsAirTemp: 207.9
  internalAirTempUncertainty: 0.55
  intermediateTempUncertainty: 0.32
  tipAirTempUncertainty: 1.19
  atsBoomConfidenceLevel: "    011XX1111 "
}
boomTwo {
  boomAirTemp: 202.59
  boomIntermediateAirTemp: 204.06
  boomAtsAirTemp: 194.62
  internalAirTempUncertainty: 1.13
  intermediateTempUncertainty: 1.06
  tipAirTempUncertainty: 1.58
  atsBoomConfidenceLevel: "    011XX1110 "
}
channelAHumidity {
  percentage: 8.41
  uncertainty: 10.0
}
channelBHumidity {
  percentage: 8.44
  uncertainty: 10.0
}
channelCHumidity {
  percentage: 8.73
  uncertainty: 10.0
}
humiditySensorTemp: 207.28
hsConfidenceLevel: "     0XXX "
pressureSensorConfig: " 2H "
pressureSensorConfidenceLevel: "      111 "
pressureSensor1 {
  baroCapPressure: 895.85
  baroCapAbsoluteUncertainty: 4.9
}
pressureSensor2 {
  baroCapPressure: 892.9
  baroCapAbsoluteUncertainty: 5.7
}
