ephemerisTime: 5.07393617E8
localMeanSolarTime: " 01238M12:00:40.651 "
localTrueSolarTime: " 01238 12:18:58 "
boomOne {
  boomAirTemp: 242.5
  boomIntermediateAirTemp: 239.13
  boomAtsAirTemp: 234.24
  internalAirTempUncertainty: 0.14
  intermediateTempUncertainty: 0.32
  tipAirTempUncertainty: 0.32
  atsBoomConfidenceLevel: "    111XX1111 "
}
boomTwo {
  boomAirTemp: 243.26
  boomIntermediateAirTemp: 236.08
  boomAtsAirTemp: 231.82
  internalAirTempUncertainty: 0.16
  intermediateTempUncertainty: 0.12
  tipAirTempUncertainty: 0.35
  atsBoomConfidenceLevel: "    111XX1111 "
}
channelBHumidity {
}
channelCHumidity {
}
hsConfidenceLevel: "      UNK "
pressureSensorConfig: " 2H "
pressureSensorConfidenceLevel: "      100 "
pressureSensor1 {
}
pressureSensor2 {
  thermoCapTemp: 286.38
  baroCapPressure: 801.28
  baroCapAbsoluteUncertainty: 6.0
}
