ephemerisTime: 5.17303067E8
localMeanSolarTime: " 01350M03:00:47.379 "
localTrueSolarTime: " 01350 03:35:32 "
boomOne {
  boomAirTemp: 203.2
  boomIntermediateAirTemp: 203.23
  boomAtsAirTemp: 202.63
  internalAirTempUncertainty: 0.55
  intermediateTempUncertainty: 0.32
  tipAirTempUncertainty: 1.19
  atsBoomConfidenceLevel: "    011XX1111 "
}
boomTwo {
  boomAirTemp: 191.57
  boomIntermediateAirTemp: 195.63
  boomAtsAirTemp: 151.52
  internalAirTempUncertainty: 1.13
  intermediateTempUncertainty: 1.06
  tipAirTempUncertainty: 1.58
  atsBoomConfidenceLevel: "    011XX1110 "
}
channelBHumidity {
}
channelCHumidity {
}
hsConfidenceLevel: "      UNK "
pressureSensorConfig: " 2H "
pressureSensorConfidenceLevel: "      101 "
pressureSensor1 {
}
pressureSensor2 {
  thermoCapTemp: 279.15
  baroCapPressure: 755.42
  baroCapAbsoluteUncertainty: 5.1
}
