ephemerisTime: 5.11873338E8
localMeanSolarTime: " 01288M23:05:44.718 "
localTrueSolarTime: " 01288 23:30:54 "
boomOne {
  boomAirTemp: 205.52
  boomIntermediateAirTemp: 204.96
  boomAtsAirTemp: 204.86
  internalAirTempUncertainty: 0.55
  intermediateTempUncertainty: 0.32
  tipAirTempUncertainty: 1.19
  atsBoomConfidenceLevel: "    011XX1111 "
}
boomTwo {
  boomAirTemp: 164.83
  boomIntermediateAirTemp: 163.39
  boomAtsAirTemp: 144.78
  internalAirTempUncertainty: 1.13
  intermediateTempUncertainty: 1.06
  tipAirTempUncertainty: 1.58
  atsBoomConfidenceLevel: "    011XX1110 "
}
channelAHumidity {
  percentage: 11.02
  uncertainty: 10.0
}
channelBHumidity {
  percentage: 10.93
  uncertainty: 10.0
}
channelCHumidity {
  percentage: 11.23
  uncertainty: 10.0
}
humiditySensorTemp: 205.5
hsConfidenceLevel: "     0XXX "
pressureSensorConfig: " 2H "
pressureSensorConfidenceLevel: "      111 "
pressureSensor1 {
  baroCapPressure: 773.78
  baroCapAbsoluteUncertainty: 4.4
}
pressureSensor2 {
  baroCapPressure: 770.59
  baroCapAbsoluteUncertainty: 6.0
}
