ephemerisTime: 5.3805408E8
localMeanSolarTime: " 01583M21:00:43.060 "
localTrueSolarTime: " 01583 20:18:19 "
boomOne {
  boomAirTemp: 225.26
  boomIntermediateAirTemp: 225.23
  boomAtsAirTemp: 225.36
  internalAirTempUncertainty: 0.14
  intermediateTempUncertainty: 0.32
  tipAirTempUncertainty: 0.32
  atsBoomConfidenceLevel: "    111XX1111 "
}
boomTwo {
  boomAirTemp: 223.22
  boomIntermediateAirTemp: 223.47
  boomAtsAirTemp: 223.56
  internalAirTempUncertainty: 0.16
  intermediateTempUncertainty: 0.12
  tipAirTempUncertainty: 0.35
  atsBoomConfidenceLevel: "    111XX1111 "
}
channelBHumidity {
}
channelCHumidity {
}
hsConfidenceLevel: "      UNK "
pressureSensorConfig: " 2H "
pressureSensorConfidenceLevel: "      101 "
pressureSensor1 {
}
pressureSensor2 {
  thermoCapTemp: 286.21
  baroCapPressure: 843.03
  baroCapAbsoluteUncertainty: 5.7
}
