ephemerisTime: 5.39659731E8
localMeanSolarTime: " 01601M23:05:48.489 "
localTrueSolarTime: " 01601 22:17:41 "
boomOne {
  boomAirTemp: 219.4
  boomIntermediateAirTemp: 219.95
  boomAtsAirTemp: 220.1
  internalAirTempUncertainty: 0.14
  intermediateTempUncertainty: 0.32
  tipAirTempUncertainty: 0.32
  atsBoomConfidenceLevel: "    111XX1111 "
}
boomTwo {
  boomAirTemp: 217.38
  boomIntermediateAirTemp: 217.76
  boomAtsAirTemp: 217.4
  internalAirTempUncertainty: 0.16
  intermediateTempUncertainty: 0.12
  tipAirTempUncertainty: 0.35
  atsBoomConfidenceLevel: "    111XX1111 "
}
channelAHumidity {
  percentage: 3.66
  uncertainty: 10.0
}
channelBHumidity {
  percentage: 3.69
  uncertainty: 10.0
}
channelCHumidity {
  percentage: 3.94
  uncertainty: 10.0
}
humiditySensorTemp: 220.25
hsConfidenceLevel: "     0XXX "
pressureSensorConfig: " 2H "
pressureSensorConfidenceLevel: "      111 "
pressureSensor1 {
  baroCapPressure: 860.75
  baroCapAbsoluteUncertainty: 4.9
}
pressureSensor2 {
  baroCapPressure: 858.15
  baroCapAbsoluteUncertainty: 5.7
}
