ephemerisTime: 5.10612007E8
localMeanSolarTime: " 01274M18:05:49.929 "
localTrueSolarTime: " 01274 18:28:57 "
boomOne {
  boomAirTemp: 227.11
  boomIntermediateAirTemp: 227.66
  boomAtsAirTemp: 229.31
  internalAirTempUncertainty: 0.14
  intermediateTempUncertainty: 0.32
  tipAirTempUncertainty: 0.32
  atsBoomConfidenceLevel: "    111XX1111 "
}
boomTwo {
  boomAirTemp: 223.44
  boomIntermediateAirTemp: 220.85
  boomAtsAirTemp: 219.65
  internalAirTempUncertainty: 0.16
  intermediateTempUncertainty: 0.12
  tipAirTempUncertainty: 0.35
  atsBoomConfidenceLevel: "    111XX1111 "
}
channelAHumidity {
  percentage: 3.12
  uncertainty: 10.0
}
channelBHumidity {
  percentage: 3.14
  uncertainty: 10.0
}
channelCHumidity {
  percentage: 3.28
  uncertainty: 10.0
}
humiditySensorTemp: 224.39
hsConfidenceLevel: "     0XXX "
pressureSensorConfig: " 2H "
pressureSensorConfidenceLevel: "      111 "
pressureSensor1 {
  baroCapPressure: 754.05
  baroCapAbsoluteUncertainty: 4.4
}
pressureSensor2 {
  baroCapPressure: 750.88
  baroCapAbsoluteUncertainty: 6.0
}
