ephemerisTime: 5.22540756E8
localMeanSolarTime: " 01409M03:00:46.440 "
localTrueSolarTime: " 01409 03:40:29 "
boomOne {
  boomAirTemp: 203.79
  boomIntermediateAirTemp: 205.01
  boomAtsAirTemp: 204.99
  internalAirTempUncertainty: 0.55
  intermediateTempUncertainty: 0.32
  tipAirTempUncertainty: 1.19
  atsBoomConfidenceLevel: "    011XX1111 "
}
boomTwo {
  boomAirTemp: 197.55
  boomIntermediateAirTemp: 197.18
  boomAtsAirTemp: 151.34
  internalAirTempUncertainty: 1.13
  intermediateTempUncertainty: 1.06
  tipAirTempUncertainty: 1.58
  atsBoomConfidenceLevel: "    011XX1110 "
}
channelBHumidity {
}
channelCHumidity {
}
hsConfidenceLevel: "      UNK "
pressureSensorConfig: " 2H "
pressureSensorConfidenceLevel: "      101 "
pressureSensor1 {
}
pressureSensor2 {
  thermoCapTemp: 282.1
  baroCapPressure: 800.24
  baroCapAbsoluteUncertainty: 5.1
}
