ephemerisTime: 5.36674687E8
localMeanSolarTime: " 01568M08:05:44.018 "
localTrueSolarTime: " 01568 07:30:31 "
boomOne {
  boomAirTemp: 217.99
  boomIntermediateAirTemp: 218.51
  boomAtsAirTemp: 216.61
  internalAirTempUncertainty: 0.14
  intermediateTempUncertainty: 0.32
  tipAirTempUncertainty: 0.32
  atsBoomConfidenceLevel: "    111XX0001 "
}
boomTwo {
  boomAirTemp: 213.56
  boomIntermediateAirTemp: 216.11
  boomAtsAirTemp: 217.35
  internalAirTempUncertainty: 0.16
  intermediateTempUncertainty: 0.12
  tipAirTempUncertainty: 0.35
  atsBoomConfidenceLevel: "    111XX0011 "
}
channelAHumidity {
  percentage: 4.15
  uncertainty: 10.0
}
channelBHumidity {
  percentage: 4.21
  uncertainty: 10.0
}
channelCHumidity {
  percentage: 4.38
  uncertainty: 10.0
}
humiditySensorTemp: 216.04
hsConfidenceLevel: "     0XXX "
pressureSensorConfig: " 2H "
pressureSensorConfidenceLevel: "      111 "
pressureSensor1 {
  baroCapPressure: 907.36
  baroCapAbsoluteUncertainty: 4.9
}
pressureSensor2 {
  baroCapPressure: 904.2
  baroCapAbsoluteUncertainty: 5.7
}
