ephemerisTime: 5.30911508E8
localMeanSolarTime: " 01503M10:01:49.980 "
localTrueSolarTime: " 01503 10:09:38 "
boomOne {
  boomAirTemp: 246.36
  boomIntermediateAirTemp: 244.49
  boomAtsAirTemp: 238.89
  internalAirTempUncertainty: 0.14
  intermediateTempUncertainty: 0.32
  tipAirTempUncertainty: 0.32
  atsBoomConfidenceLevel: "    111XX0001 "
}
boomTwo {
  boomAirTemp: 255.1
  boomIntermediateAirTemp: 249.61
  boomAtsAirTemp: 243.05
  internalAirTempUncertainty: 0.16
  intermediateTempUncertainty: 0.12
  tipAirTempUncertainty: 0.35
  atsBoomConfidenceLevel: "    111XX1101 "
}
channelAHumidity {
  percentage: 1.07
  uncertainty: 2.0
}
channelBHumidity {
  percentage: 1.07
  uncertainty: 2.0
}
channelCHumidity {
  percentage: 1.14
  uncertainty: 2.0
}
humiditySensorTemp: 254.6
hsConfidenceLevel: "     0XXX "
pressureSensorConfig: " 2H "
pressureSensorConfidenceLevel: "      111 "
pressureSensor1 {
  baroCapPressure: 919.52
  baroCapAbsoluteUncertainty: 4.7
}
pressureSensor2 {
  baroCapPressure: 916.49
  baroCapAbsoluteUncertainty: 5.3
}
