ephemerisTime: 5.17310648E8
localMeanSolarTime: " 01350M05:03:45.613 "
localTrueSolarTime: " 01350 05:38:31 "
boomOne {
  boomAirTemp: 201.86
  boomIntermediateAirTemp: 203.38
  boomAtsAirTemp: 204.58
  internalAirTempUncertainty: 0.55
  intermediateTempUncertainty: 0.32
  tipAirTempUncertainty: 1.19
  atsBoomConfidenceLevel: "    011XX1111 "
}
boomTwo {
  boomAirTemp: 191.63
  boomIntermediateAirTemp: 193.93
  boomAtsAirTemp: 146.22
  internalAirTempUncertainty: 1.13
  intermediateTempUncertainty: 1.06
  tipAirTempUncertainty: 1.58
  atsBoomConfidenceLevel: "    011XX1110 "
}
channelAHumidity {
  percentage: 17.88
  uncertainty: 20.0
}
channelBHumidity {
  percentage: 17.77
  uncertainty: 20.0
}
channelCHumidity {
  percentage: 18.22
  uncertainty: 20.0
}
humiditySensorTemp: 201.49
hsConfidenceLevel: "     0XXX "
pressureSensorConfig: " 2H "
pressureSensorConfidenceLevel: "      101 "
pressureSensor1 {
}
pressureSensor2 {
  baroCapPressure: 761.07
  baroCapAbsoluteUncertainty: 5.1
}
