ephemerisTime: 5.36552949E8
localMeanSolarTime: " 01566M23:11:02.085 "
localTrueSolarTime: " 01566 22:36:33 "
boomOne {
  boomAirTemp: 219.99
  boomIntermediateAirTemp: 221.41
  boomAtsAirTemp: 223.46
  internalAirTempUncertainty: 0.14
  intermediateTempUncertainty: 0.32
  tipAirTempUncertainty: 0.32
  atsBoomConfidenceLevel: "    111XX1111 "
}
boomTwo {
  boomAirTemp: 217.48
  boomIntermediateAirTemp: 220.2
  boomAtsAirTemp: 221.58
  internalAirTempUncertainty: 0.16
  intermediateTempUncertainty: 0.12
  tipAirTempUncertainty: 0.35
  atsBoomConfidenceLevel: "    111XX1111 "
}
channelAHumidity {
  percentage: 3.5
  uncertainty: 10.0
}
channelBHumidity {
  percentage: 3.59
  uncertainty: 10.0
}
channelCHumidity {
  percentage: 3.76
  uncertainty: 10.0
}
humiditySensorTemp: 220.07
hsConfidenceLevel: "     0XXX "
pressureSensorConfig: " 2H "
pressureSensorConfidenceLevel: "      111 "
pressureSensor1 {
  thermoCapTemp: 285.05
}
pressureSensor2 {
  baroCapPressure: 880.3
  baroCapAbsoluteUncertainty: 5.7
}
