ephemerisTime: 5.23484367E8
localMeanSolarTime: " 01419M18:06:59.133 "
localTrueSolarTime: " 01419 18:46:09 "
boomOne {
  boomAirTemp: 236.97
  boomIntermediateAirTemp: 238.07
  boomAtsAirTemp: 238.62
  internalAirTempUncertainty: 0.14
  intermediateTempUncertainty: 0.32
  tipAirTempUncertainty: 0.32
  atsBoomConfidenceLevel: "    111XX1111 "
}
boomTwo {
  boomAirTemp: 236.88
  boomIntermediateAirTemp: 237.67
  boomAtsAirTemp: 238.74
  internalAirTempUncertainty: 0.16
  intermediateTempUncertainty: 0.12
  tipAirTempUncertainty: 0.35
  atsBoomConfidenceLevel: "    111XX1111 "
}
channelAHumidity {
  percentage: 1.96
  uncertainty: 10.0
}
channelBHumidity {
  percentage: 1.99
  uncertainty: 10.0
}
channelCHumidity {
  percentage: 2.11
  uncertainty: 10.0
}
humiditySensorTemp: 238.26
hsConfidenceLevel: "     0XXX "
pressureSensorConfig: " 1L "
pressureSensorConfidenceLevel: "      011 "
pressureSensor1 {
  thermoCapTemp: 298.38
  baroCapPressure: 765.0
  baroCapAbsoluteUncertainty: 4.8
}
pressureSensor2 {
  thermoCapTemp: 298.45
  baroCapPressure: 765.46
  baroCapAbsoluteUncertainty: 4.3
}
