ephemerisTime: 5.37022408E8
localMeanSolarTime: " 01572M06:06:04.692 "
localTrueSolarTime: " 01572 05:28:51 "
boomOne {
  boomAirTemp: 204.46
  boomIntermediateAirTemp: 203.41
  boomAtsAirTemp: 202.5
  internalAirTempUncertainty: 0.55
  intermediateTempUncertainty: 0.32
  tipAirTempUncertainty: 1.19
  atsBoomConfidenceLevel: "    011XX1111 "
}
boomTwo {
  boomAirTemp: 199.32
  boomIntermediateAirTemp: 199.12
  boomAtsAirTemp: 155.99
  internalAirTempUncertainty: 1.13
  intermediateTempUncertainty: 1.06
  tipAirTempUncertainty: 1.58
  atsBoomConfidenceLevel: "    011XX1110 "
}
channelAHumidity {
  percentage: 9.96
  uncertainty: 10.0
}
channelBHumidity {
  percentage: 10.01
  uncertainty: 10.0
}
channelCHumidity {
  percentage: 10.2
  uncertainty: 10.0
}
humiditySensorTemp: 205.31
hsConfidenceLevel: "     0XXX "
pressureSensorConfig: " 2H "
pressureSensorConfidenceLevel: "      111 "
pressureSensor1 {
  baroCapPressure: 901.75
  baroCapAbsoluteUncertainty: 4.9
}
pressureSensor2 {
  baroCapPressure: 899.02
  baroCapAbsoluteUncertainty: 5.7
}
