ephemerisTime: 5.28358448E8
localMeanSolarTime: " 01474M15:48:55.442 "
localTrueSolarTime: " 01474 16:13:18 "
boomOne {
  boomAirTemp: 272.91
  boomIntermediateAirTemp: 273.67
  boomAtsAirTemp: 269.63
  internalAirTempUncertainty: 0.14
  intermediateTempUncertainty: 0.32
  tipAirTempUncertainty: 0.32
  atsBoomConfidenceLevel: "    111XX0001 "
}
boomTwo {
  boomAirTemp: 269.72
  boomIntermediateAirTemp: 266.9
  boomAtsAirTemp: 262.61
  internalAirTempUncertainty: 0.16
  intermediateTempUncertainty: 0.12
  tipAirTempUncertainty: 0.35
  atsBoomConfidenceLevel: "    111XX0001 "
}
channelAHumidity {
  percentage: 0.64
  uncertainty: 2.0
}
channelBHumidity {
  percentage: 0.61
  uncertainty: 2.0
}
channelCHumidity {
  percentage: 0.64
  uncertainty: 2.0
}
humiditySensorTemp: 269.6
hsConfidenceLevel: "     0XXX "
pressureSensorConfig: " 2H "
pressureSensorConfidenceLevel: "      111 "
pressureSensor1 {
}
pressureSensor2 {
  baroCapPressure: 824.75
  baroCapAbsoluteUncertainty: 5.3
}
