ephemerisTime: 5.1434761E8
localMeanSolarTime: " 01316M20:00:38.560 "
localTrueSolarTime: " 01316 20:30:06 "
boomOne {
  boomAirTemp: 216.12
  boomIntermediateAirTemp: 217.05
  boomAtsAirTemp: 217.2
  internalAirTempUncertainty: 0.14
  intermediateTempUncertainty: 0.32
  tipAirTempUncertainty: 0.32
  atsBoomConfidenceLevel: "    111XX1111 "
}
boomTwo {
  boomAirTemp: 213.65
  boomIntermediateAirTemp: 215.96
  boomAtsAirTemp: 215.94
  internalAirTempUncertainty: 0.16
  intermediateTempUncertainty: 0.12
  tipAirTempUncertainty: 0.35
  atsBoomConfidenceLevel: "    111XX1111 "
}
channelBHumidity {
}
channelCHumidity {
}
hsConfidenceLevel: "      UNK "
pressureSensorConfig: " 2H "
pressureSensorConfidenceLevel: "      101 "
pressureSensor1 {
}
pressureSensor2 {
  thermoCapTemp: 285.35
  baroCapPressure: 734.96
  baroCapAbsoluteUncertainty: 5.1
}
