ephemerisTime: 5.40090729E8
localMeanSolarTime: " 01606M19:36:58.794 "
localTrueSolarTime: " 01606 18:47:50 "
boomOne {
  boomAirTemp: 233.92
  boomIntermediateAirTemp: 233.86
  boomAtsAirTemp: 233.67
  internalAirTempUncertainty: 0.14
  intermediateTempUncertainty: 0.32
  tipAirTempUncertainty: 0.32
  atsBoomConfidenceLevel: "    111XX1111 "
}
boomTwo {
  boomAirTemp: 231.85
  boomIntermediateAirTemp: 231.82
  boomAtsAirTemp: 231.07
  internalAirTempUncertainty: 0.16
  intermediateTempUncertainty: 0.12
  tipAirTempUncertainty: 0.35
  atsBoomConfidenceLevel: "    111XX1111 "
}
channelAHumidity {
  percentage: 2.25
  uncertainty: 10.0
}
channelBHumidity {
  percentage: 2.3
  uncertainty: 10.0
}
channelCHumidity {
  percentage: 2.43
  uncertainty: 10.0
}
humiditySensorTemp: 234.29
hsConfidenceLevel: "     0XXX "
pressureSensorConfig: " 2H "
pressureSensorConfidenceLevel: "      111 "
pressureSensor1 {
}
pressureSensor2 {
  thermoCapTemp: 295.28
  baroCapPressure: 813.46
  baroCapAbsoluteUncertainty: 5.7
}
