ephemerisTime: 5.41331644E8
localMeanSolarTime: " 01620M19:05:43.640 "
localTrueSolarTime: " 01620 18:14:43 "
boomOne {
  boomAirTemp: 238.37
  boomIntermediateAirTemp: 238.89
  boomAtsAirTemp: 240.26
  internalAirTempUncertainty: 0.14
  intermediateTempUncertainty: 0.32
  tipAirTempUncertainty: 0.32
  atsBoomConfidenceLevel: "    111XX0111 "
}
boomTwo {
  boomAirTemp: 238.87
  boomIntermediateAirTemp: 239.85
  boomAtsAirTemp: 240.75
  internalAirTempUncertainty: 0.16
  intermediateTempUncertainty: 0.12
  tipAirTempUncertainty: 0.35
  atsBoomConfidenceLevel: "    111XX0001 "
}
channelAHumidity {
  percentage: 1.82
  uncertainty: 10.0
}
channelBHumidity {
  percentage: 1.84
  uncertainty: 10.0
}
channelCHumidity {
  percentage: 1.94
  uncertainty: 10.0
}
humiditySensorTemp: 240.18
hsConfidenceLevel: "     0XXX "
pressureSensorConfig: " 2H "
pressureSensorConfidenceLevel: "      111 "
pressureSensor1 {
  baroCapPressure: 797.17
  baroCapAbsoluteUncertainty: 4.9
}
pressureSensor2 {
  baroCapPressure: 794.4
  baroCapAbsoluteUncertainty: 5.7
}
