ephemerisTime: 5.07402848E8
localMeanSolarTime: " 01238M14:30:24.754 "
localTrueSolarTime: " 01238 14:48:43 "
boomOne {
  boomAirTemp: 249.69
  boomIntermediateAirTemp: 247.09
  boomAtsAirTemp: 243.11
  internalAirTempUncertainty: 0.14
  intermediateTempUncertainty: 0.32
  tipAirTempUncertainty: 0.32
  atsBoomConfidenceLevel: "    111XX1111 "
}
boomTwo {
  boomAirTemp: 256.84
  boomIntermediateAirTemp: 252.22
  boomAtsAirTemp: 247.48
  internalAirTempUncertainty: 0.16
  intermediateTempUncertainty: 0.12
  tipAirTempUncertainty: 0.35
  atsBoomConfidenceLevel: "    111XX0001 "
}
channelAHumidity {
  percentage: 0.98
  uncertainty: 2.0
}
channelBHumidity {
  percentage: 0.99
  uncertainty: 2.0
}
channelCHumidity {
  percentage: 1.04
  uncertainty: 2.0
}
humiditySensorTemp: 256.45
hsConfidenceLevel: "     0XXX "
pressureSensorConfig: " 2H "
pressureSensorConfidenceLevel: "      111 "
pressureSensor1 {
}
pressureSensor2 {
  baroCapPressure: 786.55
  baroCapAbsoluteUncertainty: 6.0
}
