ephemerisTime: 5.09059268E8
localMeanSolarTime: " 01257M06:19:01.289 "
localTrueSolarTime: " 01257 06:39:46 "
boomOne {
  boomAirTemp: 197.86
  boomIntermediateAirTemp: 195.53
  boomAtsAirTemp: 193.79
  internalAirTempUncertainty: 0.55
  intermediateTempUncertainty: 0.32
  tipAirTempUncertainty: 1.19
  atsBoomConfidenceLevel: "    011XX0001 "
}
boomTwo {
  atsBoomConfidenceLevel: "          UNK "
}
channelBHumidity {
}
channelCHumidity {
}
hsConfidenceLevel: "      UNK "
pressureSensorConfig: " 2H "
pressureSensorConfidenceLevel: "      111 "
pressureSensor1 {
  baroCapPressure: 816.6
  baroCapAbsoluteUncertainty: 4.4
}
pressureSensor2 {
  baroCapPressure: 813.23
  baroCapAbsoluteUncertainty: 6.0
}
