ephemerisTime: 5.16300659E8
localMeanSolarTime: " 01338M20:00:50.301 "
localTrueSolarTime: " 01338 20:33:50 "
boomOne {
  boomAirTemp: 220.64
  boomIntermediateAirTemp: 223.63
  boomAtsAirTemp: 227.68
  internalAirTempUncertainty: 0.14
  intermediateTempUncertainty: 0.32
  tipAirTempUncertainty: 0.32
  atsBoomConfidenceLevel: "    111XX1111 "
}
boomTwo {
  boomAirTemp: 216.47
  boomIntermediateAirTemp: 218.9
  boomAtsAirTemp: 220.64
  internalAirTempUncertainty: 0.16
  intermediateTempUncertainty: 0.12
  tipAirTempUncertainty: 0.35
  atsBoomConfidenceLevel: "    111XX1111 "
}
channelBHumidity {
}
channelCHumidity {
}
hsConfidenceLevel: "      UNK "
pressureSensorConfig: " 2H "
pressureSensorConfidenceLevel: "      101 "
pressureSensor1 {
}
pressureSensor2 {
  thermoCapTemp: 286.26
  baroCapPressure: 732.7
  baroCapAbsoluteUncertainty: 5.1
}
