ephemerisTime: 5.10145939E8
localMeanSolarTime: " 01269M12:05:47.625 "
localTrueSolarTime: " 01269 12:28:11 "
boomOne {
  boomAirTemp: 245.18
  boomIntermediateAirTemp: 239.98
  boomAtsAirTemp: 236.52
  internalAirTempUncertainty: 0.14
  intermediateTempUncertainty: 0.32
  tipAirTempUncertainty: 0.32
  atsBoomConfidenceLevel: "    111XX1111 "
}
boomTwo {
  boomAirTemp: 241.3
  boomIntermediateAirTemp: 239.43
  boomAtsAirTemp: 236.45
  internalAirTempUncertainty: 0.16
  intermediateTempUncertainty: 0.12
  tipAirTempUncertainty: 0.35
  atsBoomConfidenceLevel: "    111XX1111 "
}
channelAHumidity {
  percentage: 1.7
  uncertainty: 10.0
}
channelBHumidity {
  percentage: 1.74
  uncertainty: 10.0
}
channelCHumidity {
  percentage: 1.85
  uncertainty: 10.0
}
humiditySensorTemp: 241.82
hsConfidenceLevel: "     0XXX "
pressureSensorConfig: " 2H "
pressureSensorConfidenceLevel: "      111 "
pressureSensor1 {
}
pressureSensor2 {
  baroCapPressure: 763.39
  baroCapAbsoluteUncertainty: 6.0
}
