ephemerisTime: 5.22512168E8
localMeanSolarTime: " 01408M19:17:03.070 "
localTrueSolarTime: " 01408 19:56:46 "
boomOne {
  boomAirTemp: 229.37
  boomIntermediateAirTemp: 228.91
  boomAtsAirTemp: 229.04
  internalAirTempUncertainty: 0.14
  intermediateTempUncertainty: 0.32
  tipAirTempUncertainty: 0.32
  atsBoomConfidenceLevel: "    111XX1111 "
}
boomTwo {
  boomAirTemp: 227.48
  boomIntermediateAirTemp: 226.81
  boomAtsAirTemp: 226.75
  internalAirTempUncertainty: 0.16
  intermediateTempUncertainty: 0.12
  tipAirTempUncertainty: 0.35
  atsBoomConfidenceLevel: "    111XX1111 "
}
channelAHumidity {
  percentage: 2.6
  uncertainty: 10.0
}
channelBHumidity {
  percentage: 2.64
  uncertainty: 10.0
}
channelCHumidity {
  percentage: 2.8
  uncertainty: 10.0
}
humiditySensorTemp: 229.12
hsConfidenceLevel: "     0XXX "
pressureSensorConfig: " 2H "
pressureSensorConfidenceLevel: "      111 "
pressureSensor1 {
  baroCapPressure: 774.77
  baroCapAbsoluteUncertainty: 4.6
}
pressureSensor2 {
  baroCapPressure: 772.67
  baroCapAbsoluteUncertainty: 5.1
}
