ephemerisTime: 5.10131828E8
localMeanSolarTime: " 01269M08:16:54.045 "
localTrueSolarTime: " 01269 08:39:16 "
boomOne {
  boomAirTemp: 226.72
  boomIntermediateAirTemp: 219.67
  boomAtsAirTemp: 216.13
  internalAirTempUncertainty: 0.14
  intermediateTempUncertainty: 0.32
  tipAirTempUncertainty: 0.32
  atsBoomConfidenceLevel: "    111XX0001 "
}
boomTwo {
  boomAirTemp: 207.3
  boomIntermediateAirTemp: 206.58
  boomAtsAirTemp: 202.24
  internalAirTempUncertainty: 0.16
  intermediateTempUncertainty: 0.12
  tipAirTempUncertainty: 0.35
  atsBoomConfidenceLevel: "    111XX1110 "
}
channelAHumidity {
  percentage: 4.56
  uncertainty: 10.0
}
channelBHumidity {
  percentage: 4.65
  uncertainty: 10.0
}
channelCHumidity {
  percentage: 4.76
  uncertainty: 10.0
}
humiditySensorTemp: 211.72
hsConfidenceLevel: "     0XXX "
pressureSensorConfig: " 2H "
pressureSensorConfidenceLevel: "      111 "
pressureSensor1 {
}
pressureSensor2 {
  baroCapPressure: 798.53
  baroCapAbsoluteUncertainty: 6.0
}
