ephemerisTime: 5.17367048E8
localMeanSolarTime: " 01350M20:18:37.110 "
localTrueSolarTime: " 01350 20:53:28 "
boomOne {
  boomAirTemp: 223.56
  boomIntermediateAirTemp: 222.12
  boomAtsAirTemp: 221.32
  internalAirTempUncertainty: 0.14
  intermediateTempUncertainty: 0.32
  tipAirTempUncertainty: 0.32
  atsBoomConfidenceLevel: "    111XX1111 "
}
boomTwo {
  boomAirTemp: 222.52
  boomIntermediateAirTemp: 221.19
  boomAtsAirTemp: 220.97
  internalAirTempUncertainty: 0.16
  intermediateTempUncertainty: 0.12
  tipAirTempUncertainty: 0.35
  atsBoomConfidenceLevel: "    111XX1111 "
}
channelAHumidity {
  percentage: 3.68
  uncertainty: 10.0
}
channelBHumidity {
  percentage: 3.71
  uncertainty: 10.0
}
channelCHumidity {
  percentage: 3.89
  uncertainty: 10.0
}
humiditySensorTemp: 223.88
hsConfidenceLevel: "     0XXX "
pressureSensorConfig: " 2H "
pressureSensorConfidenceLevel: "      111 "
pressureSensor1 {
}
pressureSensor2 {
  thermoCapTemp: 287.27
  baroCapPressure: 732.55
  baroCapAbsoluteUncertainty: 5.1
}
