ephemerisTime: 5.15388788E8
localMeanSolarTime: " 01328M13:29:28.675 "
localTrueSolarTime: " 01328 14:00:50 "
boomOne {
  boomAirTemp: 261.67
  boomIntermediateAirTemp: 256.8
  boomAtsAirTemp: 255.02
  internalAirTempUncertainty: 0.14
  intermediateTempUncertainty: 0.32
  tipAirTempUncertainty: 0.32
  atsBoomConfidenceLevel: "    111XX0001 "
}
boomTwo {
  boomAirTemp: 258.19
  boomIntermediateAirTemp: 255.0
  boomAtsAirTemp: 254.38
  internalAirTempUncertainty: 0.16
  intermediateTempUncertainty: 0.12
  tipAirTempUncertainty: 0.35
  atsBoomConfidenceLevel: "    111XX0001 "
}
channelAHumidity {
  percentage: 1.01
  uncertainty: 2.0
}
channelBHumidity {
  percentage: 0.98
  uncertainty: 2.0
}
channelCHumidity {
  percentage: 1.03
  uncertainty: 2.0
}
humiditySensorTemp: 258.52
hsConfidenceLevel: "     0XXX "
pressureSensorConfig: " 2H "
pressureSensorConfidenceLevel: "      111 "
pressureSensor1 {
}
pressureSensor2 {
  baroCapPressure: 705.76
  baroCapAbsoluteUncertainty: 5.1
}
