ephemerisTime: 5.39949909E8
localMeanSolarTime: " 01605M05:32:45.238 "
localTrueSolarTime: " 01605 04:43:55 "
boomOne {
  boomAirTemp: 205.15
  boomIntermediateAirTemp: 204.23
  boomAtsAirTemp: 204.1
  internalAirTempUncertainty: 0.14
  intermediateTempUncertainty: 0.32
  tipAirTempUncertainty: 0.32
  atsBoomConfidenceLevel: "    111XX1111 "
}
boomTwo {
  atsBoomConfidenceLevel: "          UNK "
}
channelBHumidity {
}
channelCHumidity {
}
hsConfidenceLevel: "      UNK "
pressureSensorConfig: " 2H "
pressureSensorConfidenceLevel: "      111 "
pressureSensor1 {
}
pressureSensor2 {
  baroCapPressure: 874.07
  baroCapAbsoluteUncertainty: 5.7
}
