ephemerisTime: 5.19792455E8
localMeanSolarTime: " 01378M04:00:52.920 "
localTrueSolarTime: " 01378 04:39:13 "
boomOne {
  boomAirTemp: 199.56
  boomIntermediateAirTemp: 200.79
  boomAtsAirTemp: 200.16
  internalAirTempUncertainty: 0.55
  intermediateTempUncertainty: 0.32
  tipAirTempUncertainty: 1.19
  atsBoomConfidenceLevel: "    011XX1111 "
}
boomTwo {
  boomAirTemp: 198.73
  boomIntermediateAirTemp: 200.54
  boomAtsAirTemp: 167.23
  internalAirTempUncertainty: 1.13
  intermediateTempUncertainty: 1.06
  tipAirTempUncertainty: 1.58
  atsBoomConfidenceLevel: "    011XX1110 "
}
channelBHumidity {
}
channelCHumidity {
}
hsConfidenceLevel: "      UNK "
pressureSensorConfig: " 2H "
pressureSensorConfidenceLevel: "      101 "
pressureSensor1 {
}
pressureSensor2 {
  thermoCapTemp: 280.74
  baroCapPressure: 773.21
  baroCapAbsoluteUncertainty: 5.1
}
