ephemerisTime: 5.27320028E8
localMeanSolarTime: " 01462M23:04:49.560 "
localTrueSolarTime: " 01462 23:34:15 "
boomOne {
  boomAirTemp: 220.88
  boomIntermediateAirTemp: 221.31
  boomAtsAirTemp: 221.35
  internalAirTempUncertainty: 0.14
  intermediateTempUncertainty: 0.32
  tipAirTempUncertainty: 0.32
  atsBoomConfidenceLevel: "    111XX1111 "
}
boomTwo {
  boomAirTemp: 219.53
  boomIntermediateAirTemp: 220.81
  boomAtsAirTemp: 221.37
  internalAirTempUncertainty: 0.16
  intermediateTempUncertainty: 0.12
  tipAirTempUncertainty: 0.35
  atsBoomConfidenceLevel: "    111XX1111 "
}
channelAHumidity {
  percentage: 3.32
  uncertainty: 10.0
}
channelBHumidity {
  percentage: 3.4
  uncertainty: 10.0
}
channelCHumidity {
  percentage: 3.61
  uncertainty: 10.0
}
humiditySensorTemp: 221.15
hsConfidenceLevel: "     0XXX "
pressureSensorConfig: " 2H "
pressureSensorConfidenceLevel: "      111 "
pressureSensor1 {
  baroCapPressure: 886.77
  baroCapAbsoluteUncertainty: 4.7
}
pressureSensor2 {
  baroCapPressure: 884.47
  baroCapAbsoluteUncertainty: 5.3
}
