ephemerisTime: 5.11995396E8
localMeanSolarTime: " 01290M08:05:38.092 "
localTrueSolarTime: " 01290 08:30:59 "
boomOne {
  boomAirTemp: 211.46
  boomIntermediateAirTemp: 209.52
  boomAtsAirTemp: 207.19
  internalAirTempUncertainty: 0.14
  intermediateTempUncertainty: 0.32
  tipAirTempUncertainty: 0.32
  atsBoomConfidenceLevel: "    111XX1111 "
}
boomTwo {
  boomAirTemp: 226.51
  boomIntermediateAirTemp: 223.45
  boomAtsAirTemp: 219.24
  internalAirTempUncertainty: 0.16
  intermediateTempUncertainty: 0.12
  tipAirTempUncertainty: 0.35
  atsBoomConfidenceLevel: "    111XX0001 "
}
channelAHumidity {
  percentage: 2.25
  uncertainty: 10.0
}
channelBHumidity {
  percentage: 2.31
  uncertainty: 10.0
}
channelCHumidity {
  percentage: 2.43
  uncertainty: 10.0
}
humiditySensorTemp: 227.03
hsConfidenceLevel: "     0XXX "
pressureSensorConfig: " 2H "
pressureSensorConfidenceLevel: "      111 "
pressureSensor1 {
  baroCapPressure: 783.65
  baroCapAbsoluteUncertainty: 4.4
}
pressureSensor2 {
  baroCapPressure: 780.08
  baroCapAbsoluteUncertainty: 6.0
}
