ephemerisTime: 5.09358057E8
localMeanSolarTime: " 01260M15:05:38.724 "
localTrueSolarTime: " 01260 15:26:51 "
boomOne {
  boomAirTemp: 253.38
  boomIntermediateAirTemp: 251.56
  boomAtsAirTemp: 249.15
  internalAirTempUncertainty: 0.14
  intermediateTempUncertainty: 0.32
  tipAirTempUncertainty: 0.32
  atsBoomConfidenceLevel: "    111XX0001 "
}
boomTwo {
  boomAirTemp: 248.21
  boomIntermediateAirTemp: 248.61
  boomAtsAirTemp: 250.18
  internalAirTempUncertainty: 0.16
  intermediateTempUncertainty: 0.12
  tipAirTempUncertainty: 0.35
  atsBoomConfidenceLevel: "    111XX0011 "
}
channelAHumidity {
  percentage: 1.34
  uncertainty: 2.0
}
channelBHumidity {
  percentage: 1.34
  uncertainty: 2.0
}
channelCHumidity {
  percentage: 1.42
  uncertainty: 2.0
}
humiditySensorTemp: 249.02
hsConfidenceLevel: "     0XXX "
pressureSensorConfig: " 2H "
pressureSensorConfidenceLevel: "      111 "
pressureSensor1 {
  baroCapPressure: 762.05
  baroCapAbsoluteUncertainty: 4.4
}
pressureSensor2 {
  baroCapPressure: 758.4
  baroCapAbsoluteUncertainty: 6.0
}
