ephemerisTime: 5.11570568E8
localMeanSolarTime: " 01285M13:14:32.761 "
localTrueSolarTime: " 01285 13:39:12 "
boomOne {
  boomAirTemp: 254.33
  boomIntermediateAirTemp: 256.22
  boomAtsAirTemp: 254.09
  internalAirTempUncertainty: 0.14
  intermediateTempUncertainty: 0.32
  tipAirTempUncertainty: 0.32
  atsBoomConfidenceLevel: "    111XX0101 "
}
boomTwo {
  boomAirTemp: 249.91
  boomIntermediateAirTemp: 249.84
  boomAtsAirTemp: 249.84
  internalAirTempUncertainty: 0.16
  intermediateTempUncertainty: 0.12
  tipAirTempUncertainty: 0.35
  atsBoomConfidenceLevel: "    111XX0001 "
}
channelAHumidity {
  percentage: 1.47
  uncertainty: 2.0
}
channelBHumidity {
  percentage: 1.49
  uncertainty: 2.0
}
channelCHumidity {
  percentage: 1.58
  uncertainty: 2.0
}
humiditySensorTemp: 250.6
hsConfidenceLevel: "     0XXX "
pressureSensorConfig: " 2H "
pressureSensorConfidenceLevel: "      111 "
pressureSensor1 {
}
pressureSensor2 {
  baroCapPressure: 740.64
  baroCapAbsoluteUncertainty: 6.0
}
