ephemerisTime: 5.31688519E8
localMeanSolarTime: " 01512M04:05:38.643 "
localTrueSolarTime: " 01512 04:07:31 "
boomOne {
  boomAirTemp: 206.19
  boomIntermediateAirTemp: 206.57
  boomAtsAirTemp: 206.31
  internalAirTempUncertainty: 0.55
  intermediateTempUncertainty: 0.32
  tipAirTempUncertainty: 1.19
  atsBoomConfidenceLevel: "    011XX1111 "
}
boomTwo {
  boomAirTemp: 202.54
  boomIntermediateAirTemp: 202.4
  boomAtsAirTemp: 197.5
  internalAirTempUncertainty: 1.13
  intermediateTempUncertainty: 1.06
  tipAirTempUncertainty: 1.58
  atsBoomConfidenceLevel: "    011XX1110 "
}
channelAHumidity {
  percentage: 9.56
  uncertainty: 10.0
}
channelBHumidity {
  percentage: 9.65
  uncertainty: 10.0
}
channelCHumidity {
  percentage: 10.01
  uncertainty: 10.0
}
humiditySensorTemp: 207.35
hsConfidenceLevel: "     0XXX "
pressureSensorConfig: " 2H "
pressureSensorConfidenceLevel: "      111 "
pressureSensor1 {
  baroCapPressure: 932.21
  baroCapAbsoluteUncertainty: 4.7
}
pressureSensor2 {
  baroCapPressure: 929.48
  baroCapAbsoluteUncertainty: 5.3
}
