ephemerisTime: 5.10508116E8
localMeanSolarTime: " 01273M14:00:37.651 "
localTrueSolarTime: " 01273 14:23:35 "
boomOne {
  boomAirTemp: 257.06
  boomIntermediateAirTemp: 255.5
  boomAtsAirTemp: 252.6
  internalAirTempUncertainty: 0.14
  intermediateTempUncertainty: 0.32
  tipAirTempUncertainty: 0.32
  atsBoomConfidenceLevel: "    111XX0001 "
}
boomTwo {
  boomAirTemp: 257.03
  boomIntermediateAirTemp: 254.96
  boomAtsAirTemp: 253.71
  internalAirTempUncertainty: 0.16
  intermediateTempUncertainty: 0.12
  tipAirTempUncertainty: 0.35
  atsBoomConfidenceLevel: "    111XX0001 "
}
channelBHumidity {
}
channelCHumidity {
}
hsConfidenceLevel: "      UNK "
pressureSensorConfig: " 2H "
pressureSensorConfidenceLevel: "      101 "
pressureSensor1 {
}
pressureSensor2 {
  thermoCapTemp: 291.87
  baroCapPressure: 750.02
  baroCapAbsoluteUncertainty: 6.0
}
