ephemerisTime: 5.31754799E8
localMeanSolarTime: " 01512M22:00:45.883 "
localTrueSolarTime: " 01512 22:02:07 "
boomOne {
  boomAirTemp: 223.05
  boomIntermediateAirTemp: 223.71
  boomAtsAirTemp: 224.09
  internalAirTempUncertainty: 0.14
  intermediateTempUncertainty: 0.32
  tipAirTempUncertainty: 0.32
  atsBoomConfidenceLevel: "    111XX1111 "
}
boomTwo {
  boomAirTemp: 220.28
  boomIntermediateAirTemp: 222.35
  boomAtsAirTemp: 220.7
  internalAirTempUncertainty: 0.16
  intermediateTempUncertainty: 0.12
  tipAirTempUncertainty: 0.35
  atsBoomConfidenceLevel: "    111XX1111 "
}
channelBHumidity {
}
channelCHumidity {
}
hsConfidenceLevel: "      UNK "
pressureSensorConfig: " 2H "
pressureSensorConfidenceLevel: "      101 "
pressureSensor1 {
}
pressureSensor2 {
  thermoCapTemp: 283.49
  baroCapPressure: 911.05
  baroCapAbsoluteUncertainty: 5.3
}
