ephemerisTime: 5.33138207E8
localMeanSolarTime: " 01528M12:00:52.538 "
localTrueSolarTime: " 01528 11:51:14 "
boomOne {
  boomAirTemp: 261.81
  boomIntermediateAirTemp: 264.04
  boomAtsAirTemp: 266.11
  internalAirTempUncertainty: 0.14
  intermediateTempUncertainty: 0.32
  tipAirTempUncertainty: 0.32
  atsBoomConfidenceLevel: "    111XX0011 "
}
boomTwo {
  boomAirTemp: 257.03
  boomIntermediateAirTemp: 252.96
  boomAtsAirTemp: 251.61
  internalAirTempUncertainty: 0.16
  intermediateTempUncertainty: 0.12
  tipAirTempUncertainty: 0.35
  atsBoomConfidenceLevel: "    111XX0111 "
}
channelBHumidity {
}
channelCHumidity {
}
hsConfidenceLevel: "      UNK "
pressureSensorConfig: " 2H "
pressureSensorConfidenceLevel: "      100 "
pressureSensor1 {
}
pressureSensor2 {
  thermoCapTemp: 287.49
  baroCapPressure: 882.83
  baroCapAbsoluteUncertainty: 5.7
}
