ephemerisTime: 5.44419946E8
localMeanSolarTime: " 01655M14:00:44.319 "
localTrueSolarTime: " 01655 13:11:31 "
boomOne {
  boomAirTemp: 264.77
  boomIntermediateAirTemp: 265.13
  boomAtsAirTemp: 263.4
  internalAirTempUncertainty: 0.14
  intermediateTempUncertainty: 0.32
  tipAirTempUncertainty: 0.32
  atsBoomConfidenceLevel: "    111XX0001 "
}
boomTwo {
  boomAirTemp: 257.38
  boomIntermediateAirTemp: 257.61
  boomAtsAirTemp: 255.46
  internalAirTempUncertainty: 0.16
  intermediateTempUncertainty: 0.12
  tipAirTempUncertainty: 0.35
  atsBoomConfidenceLevel: "    111XX1111 "
}
channelBHumidity {
}
channelCHumidity {
}
hsConfidenceLevel: "      UNK "
pressureSensorConfig: " 2H "
pressureSensorConfidenceLevel: "      101 "
pressureSensor1 {
}
pressureSensor2 {
  thermoCapTemp: 290.35
  baroCapPressure: 801.95
  baroCapAbsoluteUncertainty: 6.4
}
