ephemerisTime: 5.36873469E8
localMeanSolarTime: " 01570M13:50:09.292 "
localTrueSolarTime: " 01570 13:13:47 "
boomOne {
  boomAirTemp: 259.85
  boomIntermediateAirTemp: 254.96
  boomAtsAirTemp: 251.55
  internalAirTempUncertainty: 0.14
  intermediateTempUncertainty: 0.32
  tipAirTempUncertainty: 0.32
  atsBoomConfidenceLevel: "    111XX1111 "
}
boomTwo {
  boomAirTemp: 266.59
  boomIntermediateAirTemp: 256.85
  boomAtsAirTemp: 253.07
  internalAirTempUncertainty: 0.16
  intermediateTempUncertainty: 0.12
  tipAirTempUncertainty: 0.35
  atsBoomConfidenceLevel: "    111XX1111 "
}
channelAHumidity {
  percentage: 0.79
  uncertainty: 2.0
}
channelBHumidity {
  percentage: 0.75
  uncertainty: 2.0
}
channelCHumidity {
  percentage: 0.79
  uncertainty: 2.0
}
humiditySensorTemp: 266.08
hsConfidenceLevel: "     0XXX "
pressureSensorConfig: " 2H "
pressureSensorConfidenceLevel: "      111 "
pressureSensor1 {
}
pressureSensor2 {
  thermoCapTemp: 298.87
  baroCapPressure: 845.77
  baroCapAbsoluteUncertainty: 5.7
}
