ephemerisTime: 5.44146789E8
localMeanSolarTime: " 01652M12:09:53.318 "
localTrueSolarTime: " 01652 11:20:12 "
boomOne {
  boomAirTemp: 250.74
  boomIntermediateAirTemp: 252.35
  boomAtsAirTemp: 251.08
  internalAirTempUncertainty: 0.14
  intermediateTempUncertainty: 0.32
  tipAirTempUncertainty: 0.32
  atsBoomConfidenceLevel: "    111XX1111 "
}
boomTwo {
  boomAirTemp: 247.29
  boomIntermediateAirTemp: 243.07
  boomAtsAirTemp: 240.65
  internalAirTempUncertainty: 0.16
  intermediateTempUncertainty: 0.12
  tipAirTempUncertainty: 0.35
  atsBoomConfidenceLevel: "    111XX1111 "
}
channelAHumidity {
  percentage: 1.37
  uncertainty: 2.0
}
channelBHumidity {
  percentage: 1.38
  uncertainty: 2.0
}
channelCHumidity {
  percentage: 1.46
  uncertainty: 2.0
}
humiditySensorTemp: 248.25
hsConfidenceLevel: "     0XXX "
pressureSensorConfig: " 2H "
pressureSensorConfidenceLevel: "      111 "
pressureSensor1 {
}
pressureSensor2 {
  baroCapPressure: 824.93
  baroCapAbsoluteUncertainty: 6.4
}
