ephemerisTime: 5.19252706E8
localMeanSolarTime: " 01372M02:05:40.326 "
localTrueSolarTime: " 01372 02:43:21 "
boomOne {
  boomAirTemp: 211.03
  boomIntermediateAirTemp: 210.04
  boomAtsAirTemp: 210.08
  internalAirTempUncertainty: 0.14
  intermediateTempUncertainty: 0.32
  tipAirTempUncertainty: 0.32
  atsBoomConfidenceLevel: "    111XX1111 "
}
boomTwo {
  boomAirTemp: 206.06
  boomIntermediateAirTemp: 204.54
  boomAtsAirTemp: 201.51
  internalAirTempUncertainty: 0.16
  intermediateTempUncertainty: 0.12
  tipAirTempUncertainty: 0.35
  atsBoomConfidenceLevel: "    111XX1111 "
}
channelAHumidity {
  percentage: 7.54
  uncertainty: 10.0
}
channelBHumidity {
  percentage: 7.62
  uncertainty: 10.0
}
channelCHumidity {
  percentage: 7.94
  uncertainty: 10.0
}
humiditySensorTemp: 210.79
hsConfidenceLevel: "     0XXX "
pressureSensorConfig: " 2H "
pressureSensorConfidenceLevel: "      111 "
pressureSensor1 {
}
pressureSensor2 {
  baroCapPressure: 763.1
  baroCapAbsoluteUncertainty: 5.1
}
