ephemerisTime: 5.15388428E8
localMeanSolarTime: " 01328M13:23:38.303 "
localTrueSolarTime: " 01328 13:55:00 "
boomOne {
  boomAirTemp: 261.16
  boomIntermediateAirTemp: 255.58
  boomAtsAirTemp: 253.77
  internalAirTempUncertainty: 0.14
  intermediateTempUncertainty: 0.32
  tipAirTempUncertainty: 0.32
  atsBoomConfidenceLevel: "    111XX0001 "
}
boomTwo {
  boomAirTemp: 256.89
  boomIntermediateAirTemp: 252.76
  boomAtsAirTemp: 252.36
  internalAirTempUncertainty: 0.16
  intermediateTempUncertainty: 0.12
  tipAirTempUncertainty: 0.35
  atsBoomConfidenceLevel: "    111XX0001 "
}
channelAHumidity {
  percentage: 1.02
  uncertainty: 2.0
}
channelBHumidity {
  percentage: 1.01
  uncertainty: 2.0
}
channelCHumidity {
  percentage: 1.07
  uncertainty: 2.0
}
humiditySensorTemp: 257.31
hsConfidenceLevel: "     0XXX "
pressureSensorConfig: " 2H "
pressureSensorConfidenceLevel: "      111 "
pressureSensor1 {
}
pressureSensor2 {
  baroCapPressure: 706.57
  baroCapAbsoluteUncertainty: 5.1
}
