ephemerisTime: 5.06480306E8
localMeanSolarTime: " 01228M05:05:57.538 "
localTrueSolarTime: " 01228 05:22:52 "
boomOne {
  boomAirTemp: 190.78
  boomIntermediateAirTemp: 189.46
  boomAtsAirTemp: 188.93
  internalAirTempUncertainty: 0.14
  intermediateTempUncertainty: 0.32
  tipAirTempUncertainty: 0.32
  atsBoomConfidenceLevel: "    111XX1111 "
}
boomTwo {
  boomAirTemp: 185.85
  boomIntermediateAirTemp: 185.4
  boomAtsAirTemp: 143.59
  internalAirTempUncertainty: 1.13
  intermediateTempUncertainty: 1.06
  tipAirTempUncertainty: 1.58
  atsBoomConfidenceLevel: "    011XX1110 "
}
channelAHumidity {
  percentage: 30.62
  uncertainty: 20.0
}
channelBHumidity {
  percentage: 30.15
  uncertainty: 20.0
}
channelCHumidity {
  percentage: 31.16
  uncertainty: 20.0
}
humiditySensorTemp: 191.9
hsConfidenceLevel: "     0XXX "
pressureSensorConfig: " 2H "
pressureSensorConfidenceLevel: "      111 "
pressureSensor1 {
  baroCapPressure: 851.03
  baroCapAbsoluteUncertainty: 4.4
}
pressureSensor2 {
  baroCapPressure: 847.5
  baroCapAbsoluteUncertainty: 6.0
}
