ephemerisTime: 5.06662928E8
localMeanSolarTime: " 01230M06:28:15.036 "
localTrueSolarTime: " 01230 06:45:26 "
boomOne {
  boomAirTemp: 197.48
  boomIntermediateAirTemp: 196.3
  boomAtsAirTemp: 194.62
  internalAirTempUncertainty: 0.55
  intermediateTempUncertainty: 0.32
  tipAirTempUncertainty: 1.19
  atsBoomConfidenceLevel: "    011XX0001 "
}
boomTwo {
  boomAirTemp: 196.41
  boomIntermediateAirTemp: 196.32
  boomAtsAirTemp: 145.47
  internalAirTempUncertainty: 1.13
  intermediateTempUncertainty: 1.06
  tipAirTempUncertainty: 1.58
  atsBoomConfidenceLevel: "    011XX0000 "
}
channelAHumidity {
  percentage: 16.95
  uncertainty: 20.0
}
channelBHumidity {
  percentage: 16.96
  uncertainty: 20.0
}
channelCHumidity {
  percentage: 17.34
  uncertainty: 20.0
}
humiditySensorTemp: 199.34
hsConfidenceLevel: "     0XXX "
pressureSensorConfig: " 2H "
pressureSensorConfidenceLevel: "      111 "
pressureSensor1 {
}
pressureSensor2 {
  baroCapPressure: 849.57
  baroCapAbsoluteUncertainty: 6.0
}
