ephemerisTime: 5.27715863E8
localMeanSolarTime: " 01467M10:05:37.353 "
localTrueSolarTime: " 01467 10:33:15 "
boomOne {
  boomAirTemp: 251.77
  boomIntermediateAirTemp: 253.17
  boomAtsAirTemp: 251.24
  internalAirTempUncertainty: 0.14
  intermediateTempUncertainty: 0.32
  tipAirTempUncertainty: 0.32
  atsBoomConfidenceLevel: "    111XX1111 "
}
boomTwo {
  boomAirTemp: 249.4
  boomIntermediateAirTemp: 250.91
  boomAtsAirTemp: 248.74
  internalAirTempUncertainty: 0.16
  intermediateTempUncertainty: 0.12
  tipAirTempUncertainty: 0.35
  atsBoomConfidenceLevel: "    111XX1111 "
}
channelAHumidity {
  percentage: 1.21
  uncertainty: 2.0
}
channelBHumidity {
  percentage: 1.22
  uncertainty: 2.0
}
channelCHumidity {
  percentage: 1.31
  uncertainty: 2.0
}
humiditySensorTemp: 250.27
hsConfidenceLevel: "     0XXX "
pressureSensorConfig: " 2H "
pressureSensorConfidenceLevel: "      111 "
pressureSensor1 {
  baroCapPressure: 887.07
  baroCapAbsoluteUncertainty: 4.7
}
pressureSensor2 {
  baroCapPressure: 883.93
  baroCapAbsoluteUncertainty: 5.3
}
