ephemerisTime: 5.08340564E8
localMeanSolarTime: " 01249M04:01:00.117 "
localTrueSolarTime: " 01249 04:20:41 "
boomOne {
  boomAirTemp: 192.01
  boomIntermediateAirTemp: 191.0
  boomAtsAirTemp: 189.56
  internalAirTempUncertainty: 0.55
  intermediateTempUncertainty: 0.32
  tipAirTempUncertainty: 1.19
  atsBoomConfidenceLevel: "    011XX1111 "
}
boomTwo {
  boomAirTemp: 135.22
  boomIntermediateAirTemp: 135.9
  boomAtsAirTemp: 135.21
  internalAirTempUncertainty: 1.13
  intermediateTempUncertainty: 1.06
  tipAirTempUncertainty: 1.58
  atsBoomConfidenceLevel: "    011XX1110 "
}
channelBHumidity {
}
channelCHumidity {
}
hsConfidenceLevel: "      UNK "
pressureSensorConfig: " 2H "
pressureSensorConfidenceLevel: "      101 "
pressureSensor1 {
}
pressureSensor2 {
  thermoCapTemp: 279.86
  baroCapPressure: 820.54
  baroCapAbsoluteUncertainty: 6.0
}
