ephemerisTime: 5.07641778E8
localMeanSolarTime: " 01241M07:06:04.208 "
localTrueSolarTime: " 01241 07:24:43 "
boomOne {
  boomAirTemp: 207.6
  boomIntermediateAirTemp: 207.27
  boomAtsAirTemp: 204.0
  internalAirTempUncertainty: 0.55
  intermediateTempUncertainty: 0.32
  tipAirTempUncertainty: 1.19
  atsBoomConfidenceLevel: "    011XX0001 "
}
boomTwo {
  boomAirTemp: 202.37
  boomIntermediateAirTemp: 200.93
  boomAtsAirTemp: 184.4
  internalAirTempUncertainty: 1.13
  intermediateTempUncertainty: 1.06
  tipAirTempUncertainty: 1.58
  atsBoomConfidenceLevel: "    011XX0000 "
}
channelAHumidity {
  percentage: 9.2
  uncertainty: 10.0
}
channelBHumidity {
  percentage: 9.16
  uncertainty: 10.0
}
channelCHumidity {
  percentage: 9.36
  uncertainty: 10.0
}
humiditySensorTemp: 207.07
hsConfidenceLevel: "     0XXX "
pressureSensorConfig: " 2H "
pressureSensorConfidenceLevel: "      111 "
pressureSensor1 {
}
pressureSensor2 {
  thermoCapTemp: 282.01
  baroCapPressure: 836.66
  baroCapAbsoluteUncertainty: 6.0
}
