ephemerisTime: 5.40861583E8
localMeanSolarTime: " 01615M12:00:55.135 "
localTrueSolarTime: " 01615 11:10:25 "
boomOne {
  boomAirTemp: 250.62
  boomIntermediateAirTemp: 251.45
  boomAtsAirTemp: 247.88
  internalAirTempUncertainty: 0.14
  intermediateTempUncertainty: 0.32
  tipAirTempUncertainty: 0.32
  atsBoomConfidenceLevel: "    111XX1111 "
}
boomTwo {
  boomAirTemp: 253.73
  boomIntermediateAirTemp: 254.72
  boomAtsAirTemp: 251.08
  internalAirTempUncertainty: 0.16
  intermediateTempUncertainty: 0.12
  tipAirTempUncertainty: 0.35
  atsBoomConfidenceLevel: "    111XX1111 "
}
channelBHumidity {
}
channelCHumidity {
}
hsConfidenceLevel: "      UNK "
pressureSensorConfig: " 2H "
pressureSensorConfidenceLevel: "      100 "
pressureSensor1 {
}
pressureSensor2 {
  thermoCapTemp: 285.4
  baroCapPressure: 838.11
  baroCapAbsoluteUncertainty: 5.7
}
