ephemerisTime: 5.36365208E8
localMeanSolarTime: " 01564M20:25:42.503 "
localTrueSolarTime: " 01564 19:52:22 "
boomOne {
  boomAirTemp: 229.94
  boomIntermediateAirTemp: 229.23
  boomAtsAirTemp: 228.75
  internalAirTempUncertainty: 0.14
  intermediateTempUncertainty: 0.32
  tipAirTempUncertainty: 0.32
  atsBoomConfidenceLevel: "    111XX1111 "
}
boomTwo {
  boomAirTemp: 228.48
  boomIntermediateAirTemp: 227.67
  boomAtsAirTemp: 228.44
  internalAirTempUncertainty: 0.16
  intermediateTempUncertainty: 0.12
  tipAirTempUncertainty: 0.35
  atsBoomConfidenceLevel: "    111XX1111 "
}
channelAHumidity {
  percentage: 2.44
  uncertainty: 10.0
}
channelBHumidity {
  percentage: 2.49
  uncertainty: 10.0
}
channelCHumidity {
  percentage: 2.63
  uncertainty: 10.0
}
humiditySensorTemp: 230.05
hsConfidenceLevel: "     0XXX "
pressureSensorConfig: " 2H "
pressureSensorConfidenceLevel: "      111 "
pressureSensor1 {
}
pressureSensor2 {
  baroCapPressure: 855.48
  baroCapAbsoluteUncertainty: 5.7
}
