ephemerisTime: 5.369777E8
localMeanSolarTime: " 01571M18:00:52.475 "
localTrueSolarTime: " 01571 17:23:54 "
boomOne {
  boomAirTemp: 255.45
  boomIntermediateAirTemp: 255.32
  boomAtsAirTemp: 252.27
  internalAirTempUncertainty: 0.14
  intermediateTempUncertainty: 0.32
  tipAirTempUncertainty: 0.32
  atsBoomConfidenceLevel: "    111XX0001 "
}
boomTwo {
  boomAirTemp: 252.18
  boomIntermediateAirTemp: 251.76
  boomAtsAirTemp: 250.68
  internalAirTempUncertainty: 0.16
  intermediateTempUncertainty: 0.12
  tipAirTempUncertainty: 0.35
  atsBoomConfidenceLevel: "    111XX0001 "
}
channelBHumidity {
}
channelCHumidity {
}
hsConfidenceLevel: "      UNK "
pressureSensorConfig: " 2H "
pressureSensorConfidenceLevel: "      101 "
pressureSensor1 {
}
pressureSensor2 {
  thermoCapTemp: 297.51
  baroCapPressure: 818.91
  baroCapAbsoluteUncertainty: 5.7
}
