ephemerisTime: 5.08810928E8
localMeanSolarTime: " 01254M11:10:43.519 "
localTrueSolarTime: " 01254 11:31:06 "
boomOne {
  boomAirTemp: 240.48
  boomIntermediateAirTemp: 239.65
  boomAtsAirTemp: 237.62
  internalAirTempUncertainty: 0.14
  intermediateTempUncertainty: 0.32
  tipAirTempUncertainty: 0.32
  atsBoomConfidenceLevel: "    111XX1111 "
}
boomTwo {
  boomAirTemp: 241.01
  boomIntermediateAirTemp: 238.62
  boomAtsAirTemp: 237.03
  internalAirTempUncertainty: 0.16
  intermediateTempUncertainty: 0.12
  tipAirTempUncertainty: 0.35
  atsBoomConfidenceLevel: "    111XX0111 "
}
channelAHumidity {
  percentage: 1.73
  uncertainty: 10.0
}
channelBHumidity {
  percentage: 1.75
  uncertainty: 10.0
}
channelCHumidity {
  percentage: 1.86
  uncertainty: 10.0
}
humiditySensorTemp: 241.35
hsConfidenceLevel: "     0XXX "
pressureSensorConfig: " 2H "
pressureSensorConfidenceLevel: "      111 "
pressureSensor1 {
}
pressureSensor2 {
  baroCapPressure: 787.09
  baroCapAbsoluteUncertainty: 6.0
}
