ephemerisTime: 5.0643221E8
localMeanSolarTime: " 01227M16:05:47.939 "
localTrueSolarTime: " 01227 16:22:37 "
boomOne {
  boomAirTemp: 243.3
  boomIntermediateAirTemp: 241.72
  boomAtsAirTemp: 239.51
  internalAirTempUncertainty: 0.14
  intermediateTempUncertainty: 0.32
  tipAirTempUncertainty: 0.32
  atsBoomConfidenceLevel: "    111XX1111 "
}
boomTwo {
  boomAirTemp: 249.23
  boomIntermediateAirTemp: 244.82
  boomAtsAirTemp: 241.31
  internalAirTempUncertainty: 0.16
  intermediateTempUncertainty: 0.12
  tipAirTempUncertainty: 0.35
  atsBoomConfidenceLevel: "    111XX0001 "
}
channelAHumidity {
  percentage: 1.27
  uncertainty: 2.0
}
channelBHumidity {
  percentage: 1.28
  uncertainty: 2.0
}
channelCHumidity {
  percentage: 1.35
  uncertainty: 2.0
}
humiditySensorTemp: 249.13
hsConfidenceLevel: "     0XXX "
pressureSensorConfig: " 2H "
pressureSensorConfidenceLevel: "      111 "
pressureSensor1 {
  baroCapPressure: 801.15
  baroCapAbsoluteUncertainty: 4.4
}
pressureSensor2 {
  baroCapPressure: 797.44
  baroCapAbsoluteUncertainty: 6.0
}
