ephemerisTime: 5.10404648E8
localMeanSolarTime: " 01272M10:02:17.060 "
localTrueSolarTime: " 01272 10:25:05 "
boomOne {
  boomAirTemp: 238.04
  boomIntermediateAirTemp: 233.51
  boomAtsAirTemp: 230.69
  internalAirTempUncertainty: 0.14
  intermediateTempUncertainty: 0.32
  tipAirTempUncertainty: 0.32
  atsBoomConfidenceLevel: "    111XX0001 "
}
boomTwo {
  boomAirTemp: 229.32
  boomIntermediateAirTemp: 230.18
  boomAtsAirTemp: 229.47
  internalAirTempUncertainty: 0.16
  intermediateTempUncertainty: 0.12
  tipAirTempUncertainty: 0.35
  atsBoomConfidenceLevel: "    111XX1111 "
}
channelAHumidity {
  percentage: 2.31
  uncertainty: 10.0
}
channelBHumidity {
  percentage: 2.37
  uncertainty: 10.0
}
channelCHumidity {
  percentage: 2.51
  uncertainty: 10.0
}
humiditySensorTemp: 230.05
hsConfidenceLevel: "     0XXX "
pressureSensorConfig: " 2H "
pressureSensorConfidenceLevel: "      101 "
pressureSensor1 {
}
pressureSensor2 {
  baroCapPressure: 777.59
  baroCapAbsoluteUncertainty: 6.0
}
