ephemerisTime: 5.05629228E8
localMeanSolarTime: " 01218M15:00:42.910 "
localTrueSolarTime: " 01218 15:16:16 "
boomOne {
  boomAirTemp: 243.07
  boomIntermediateAirTemp: 241.74
  boomAtsAirTemp: 238.06
  internalAirTempUncertainty: 0.14
  intermediateTempUncertainty: 0.32
  tipAirTempUncertainty: 0.32
  atsBoomConfidenceLevel: "    111XX1111 "
}
boomTwo {
  boomAirTemp: 251.05
  boomIntermediateAirTemp: 248.93
  boomAtsAirTemp: 244.57
  internalAirTempUncertainty: 0.16
  intermediateTempUncertainty: 0.12
  tipAirTempUncertainty: 0.35
  atsBoomConfidenceLevel: "    111XX0001 "
}
channelBHumidity {
}
channelCHumidity {
}
hsConfidenceLevel: "      UNK "
pressureSensorConfig: " 2H "
pressureSensorConfidenceLevel: "      101 "
pressureSensor1 {
}
pressureSensor2 {
  thermoCapTemp: 289.04
  baroCapPressure: 811.54
  baroCapAbsoluteUncertainty: 6.0
}
