ephemerisTime: 5.07371753E8
localMeanSolarTime: " 01238M06:06:01.436 "
localTrueSolarTime: " 01238 06:24:16 "
boomOne {
  boomAirTemp: 190.63
  boomIntermediateAirTemp: 189.61
  boomAtsAirTemp: 188.77
  internalAirTempUncertainty: 0.14
  intermediateTempUncertainty: 0.32
  tipAirTempUncertainty: 0.32
  atsBoomConfidenceLevel: "    111XX1111 "
}
boomTwo {
  boomAirTemp: 168.02
  boomIntermediateAirTemp: 168.1
  boomAtsAirTemp: 133.74
  internalAirTempUncertainty: 1.13
  intermediateTempUncertainty: 1.06
  tipAirTempUncertainty: 1.58
  atsBoomConfidenceLevel: "    011XX1110 "
}
channelAHumidity {
  percentage: 33.34
  uncertainty: 20.0
}
channelBHumidity {
  percentage: 33.14
  uncertainty: 20.0
}
channelCHumidity {
  percentage: 34.51
  uncertainty: 20.0
}
humiditySensorTemp: 192.26
hsConfidenceLevel: "     0XXX "
pressureSensorConfig: " 2H "
pressureSensorConfidenceLevel: "      111 "
pressureSensor1 {
  baroCapPressure: 840.54
  baroCapAbsoluteUncertainty: 4.4
}
pressureSensor2 {
  baroCapPressure: 836.85
  baroCapAbsoluteUncertainty: 6.0
}
