ephemerisTime: 5.07068426E8
localMeanSolarTime: " 01234M20:05:47.377 "
localTrueSolarTime: " 01234 20:23:35 "
boomOne {
  boomAirTemp: 212.02
  boomIntermediateAirTemp: 209.39
  boomAtsAirTemp: 207.12
  internalAirTempUncertainty: 0.14
  intermediateTempUncertainty: 0.32
  tipAirTempUncertainty: 0.32
  atsBoomConfidenceLevel: "    111XX1111 "
}
boomTwo {
  boomAirTemp: 212.61
  boomIntermediateAirTemp: 212.49
  boomAtsAirTemp: 212.73
  internalAirTempUncertainty: 0.16
  intermediateTempUncertainty: 0.12
  tipAirTempUncertainty: 0.35
  atsBoomConfidenceLevel: "    111XX1111 "
}
channelAHumidity {
  percentage: 4.79
  uncertainty: 10.0
}
channelBHumidity {
  percentage: 4.88
  uncertainty: 10.0
}
channelCHumidity {
  percentage: 5.1
  uncertainty: 10.0
}
humiditySensorTemp: 214.21
hsConfidenceLevel: "     0XXX "
pressureSensorConfig: " 2H "
pressureSensorConfidenceLevel: "      111 "
pressureSensor1 {
}
pressureSensor2 {
  baroCapPressure: 814.84
  baroCapAbsoluteUncertainty: 6.0
}
