ephemerisTime: 5.18372061E8
localMeanSolarTime: " 01362M04:00:49.512 "
localTrueSolarTime: " 01362 04:37:17 "
boomOne {
  boomAirTemp: 199.55
  boomIntermediateAirTemp: 199.93
  boomAtsAirTemp: 198.98
  internalAirTempUncertainty: 0.55
  intermediateTempUncertainty: 0.32
  tipAirTempUncertainty: 1.19
  atsBoomConfidenceLevel: "    011XX1111 "
}
boomTwo {
  boomAirTemp: 193.79
  boomIntermediateAirTemp: 193.51
  boomAtsAirTemp: 147.48
  internalAirTempUncertainty: 1.13
  intermediateTempUncertainty: 1.06
  tipAirTempUncertainty: 1.58
  atsBoomConfidenceLevel: "    011XX1110 "
}
channelBHumidity {
}
channelCHumidity {
}
hsConfidenceLevel: "      UNK "
pressureSensorConfig: " 2H "
pressureSensorConfidenceLevel: "      101 "
pressureSensor1 {
}
pressureSensor2 {
  thermoCapTemp: 279.62
  baroCapPressure: 761.95
  baroCapAbsoluteUncertainty: 5.1
}
