ephemerisTime: 5.38819767E8
localMeanSolarTime: " 01592M12:00:50.600 "
localTrueSolarTime: " 01592 11:15:21 "
boomOne {
  boomAirTemp: 250.22
  boomIntermediateAirTemp: 251.69
  boomAtsAirTemp: 245.81
  internalAirTempUncertainty: 0.14
  intermediateTempUncertainty: 0.32
  tipAirTempUncertainty: 0.32
  atsBoomConfidenceLevel: "    111XX1111 "
}
boomTwo {
  boomAirTemp: 256.93
  boomIntermediateAirTemp: 257.11
  boomAtsAirTemp: 252.79
  internalAirTempUncertainty: 0.16
  intermediateTempUncertainty: 0.12
  tipAirTempUncertainty: 0.35
  atsBoomConfidenceLevel: "    111XX0111 "
}
channelBHumidity {
}
channelCHumidity {
}
hsConfidenceLevel: "      UNK "
pressureSensorConfig: " 2H "
pressureSensorConfidenceLevel: "      101 "
pressureSensor1 {
}
pressureSensor2 {
  thermoCapTemp: 286.57
  baroCapPressure: 853.45
  baroCapAbsoluteUncertainty: 5.7
}
