ephemerisTime: 5.39330213E8
localMeanSolarTime: " 01598M06:00:43.948 "
localTrueSolarTime: " 01598 05:13:33 "
boomOne {
  boomAirTemp: 205.43
  boomIntermediateAirTemp: 206.0
  boomAtsAirTemp: 205.84
  internalAirTempUncertainty: 0.14
  intermediateTempUncertainty: 0.32
  tipAirTempUncertainty: 0.32
  atsBoomConfidenceLevel: "    111XX1111 "
}
boomTwo {
  boomAirTemp: 163.75
  boomIntermediateAirTemp: 164.53
  boomAtsAirTemp: 148.02
  internalAirTempUncertainty: 1.13
  intermediateTempUncertainty: 1.06
  tipAirTempUncertainty: 1.58
  atsBoomConfidenceLevel: "    011XX1110 "
}
channelBHumidity {
}
channelCHumidity {
}
hsConfidenceLevel: "      UNK "
pressureSensorConfig: " 2H "
pressureSensorConfidenceLevel: "      101 "
pressureSensor1 {
}
pressureSensor2 {
  thermoCapTemp: 281.41
  baroCapPressure: 880.84
  baroCapAbsoluteUncertainty: 5.7
}
