ephemerisTime: 5.08438208E8
localMeanSolarTime: " 01250M06:24:52.480 "
localTrueSolarTime: " 01250 06:44:42 "
boomOne {
  boomAirTemp: 199.64
  boomIntermediateAirTemp: 199.75
  boomAtsAirTemp: 198.34
  internalAirTempUncertainty: 0.14
  intermediateTempUncertainty: 0.32
  tipAirTempUncertainty: 0.32
  atsBoomConfidenceLevel: "    111XX0001 "
}
boomTwo {
  atsBoomConfidenceLevel: "          UNK "
}
channelBHumidity {
}
channelCHumidity {
}
hsConfidenceLevel: "      UNK "
pressureSensorConfig: " 2H "
pressureSensorConfidenceLevel: "      111 "
pressureSensor1 {
  thermoCapTemp: 282.49
}
pressureSensor2 {
  baroCapPressure: 823.2
  baroCapAbsoluteUncertainty: 6.0
}
