ephemerisTime: 5.43399355E8
localMeanSolarTime: " 01644M02:05:50.574 "
localTrueSolarTime: " 01644 01:15:09 "
boomOne {
  boomAirTemp: 209.17
  boomIntermediateAirTemp: 209.94
  boomAtsAirTemp: 211.06
  internalAirTempUncertainty: 0.55
  intermediateTempUncertainty: 0.32
  tipAirTempUncertainty: 1.19
  atsBoomConfidenceLevel: "    011XX1111 "
}
boomTwo {
  boomAirTemp: 204.23
  boomIntermediateAirTemp: 206.79
  boomAtsAirTemp: 172.04
  internalAirTempUncertainty: 1.13
  intermediateTempUncertainty: 1.06
  tipAirTempUncertainty: 1.58
  atsBoomConfidenceLevel: "    011XX1110 "
}
channelAHumidity {
  percentage: 6.63
  uncertainty: 10.0
}
channelBHumidity {
  percentage: 6.73
  uncertainty: 10.0
}
channelCHumidity {
  percentage: 7.01
  uncertainty: 10.0
}
humiditySensorTemp: 210.61
hsConfidenceLevel: "     0XXX "
pressureSensorConfig: " 2H "
pressureSensorConfidenceLevel: "      111 "
pressureSensor1 {
  baroCapPressure: 858.31
  baroCapAbsoluteUncertainty: 4.9
}
pressureSensor2 {
  baroCapPressure: 855.44
  baroCapAbsoluteUncertainty: 5.7
}
