ephemerisTime: 5.35305782E8
localMeanSolarTime: " 01552M22:00:52.458 "
localTrueSolarTime: " 01552 21:34:37 "
boomOne {
  boomAirTemp: 221.15
  boomIntermediateAirTemp: 221.95
  boomAtsAirTemp: 221.37
  internalAirTempUncertainty: 0.14
  intermediateTempUncertainty: 0.32
  tipAirTempUncertainty: 0.32
  atsBoomConfidenceLevel: "    111XX1111 "
}
boomTwo {
  boomAirTemp: 219.17
  boomIntermediateAirTemp: 222.01
  boomAtsAirTemp: 221.17
  internalAirTempUncertainty: 0.16
  intermediateTempUncertainty: 0.12
  tipAirTempUncertainty: 0.35
  atsBoomConfidenceLevel: "    111XX1111 "
}
channelBHumidity {
}
channelCHumidity {
}
hsConfidenceLevel: "      UNK "
pressureSensorConfig: " 2H "
pressureSensorConfidenceLevel: "      101 "
pressureSensor1 {
}
pressureSensor2 {
  thermoCapTemp: 285.37
  baroCapPressure: 883.51
  baroCapAbsoluteUncertainty: 5.7
}
