ephemerisTime: 5.18072648E8
localMeanSolarTime: " 01358M19:04:04.767 "
localTrueSolarTime: " 01358 19:40:04 "
boomOne {
  boomAirTemp: 224.21
  boomIntermediateAirTemp: 223.72
  boomAtsAirTemp: 223.55
  internalAirTempUncertainty: 0.14
  intermediateTempUncertainty: 0.32
  tipAirTempUncertainty: 0.32
  atsBoomConfidenceLevel: "    111XX1111 "
}
boomTwo {
  boomAirTemp: 222.95
  boomIntermediateAirTemp: 223.06
  boomAtsAirTemp: 222.77
  internalAirTempUncertainty: 0.16
  intermediateTempUncertainty: 0.12
  tipAirTempUncertainty: 0.35
  atsBoomConfidenceLevel: "    111XX1111 "
}
channelAHumidity {
  percentage: 3.11
  uncertainty: 10.0
}
channelBHumidity {
  percentage: 3.18
  uncertainty: 10.0
}
channelCHumidity {
  percentage: 3.32
  uncertainty: 10.0
}
humiditySensorTemp: 224.32
hsConfidenceLevel: "     0XXX "
pressureSensorConfig: " 2H "
pressureSensorConfidenceLevel: "      111 "
pressureSensor1 {
}
pressureSensor2 {
  baroCapPressure: 730.99
  baroCapAbsoluteUncertainty: 5.1
}
