ephemerisTime: 5.30278997E8
localMeanSolarTime: " 01496M07:01:56.446 "
localTrueSolarTime: " 01496 07:14:19 "
boomOne {
  boomAirTemp: 217.48
  boomIntermediateAirTemp: 216.76
  boomAtsAirTemp: 215.62
  internalAirTempUncertainty: 0.14
  intermediateTempUncertainty: 0.32
  tipAirTempUncertainty: 0.32
  atsBoomConfidenceLevel: "    111XX0001 "
}
boomTwo {
  boomAirTemp: 209.99
  boomIntermediateAirTemp: 211.54
  boomAtsAirTemp: 212.5
  internalAirTempUncertainty: 0.16
  intermediateTempUncertainty: 0.12
  tipAirTempUncertainty: 0.35
  atsBoomConfidenceLevel: "    111XX1110 "
}
channelAHumidity {
  percentage: 5.83
  uncertainty: 10.0
}
channelBHumidity {
  percentage: 5.92
  uncertainty: 10.0
}
channelCHumidity {
  percentage: 6.18
  uncertainty: 10.0
}
humiditySensorTemp: 212.98
hsConfidenceLevel: "     0XXX "
pressureSensorConfig: " 2H "
pressureSensorConfidenceLevel: "      111 "
pressureSensor1 {
  baroCapPressure: 944.46
  baroCapAbsoluteUncertainty: 4.7
}
pressureSensor2 {
  baroCapPressure: 941.64
  baroCapAbsoluteUncertainty: 5.3
}
