ephemerisTime: 5.07505748E8
localMeanSolarTime: " 01239M18:19:32.537 "
localTrueSolarTime: " 01239 18:38:00 "
boomOne {
  boomAirTemp: 221.84
  boomIntermediateAirTemp: 218.6
  boomAtsAirTemp: 215.82
  internalAirTempUncertainty: 0.14
  intermediateTempUncertainty: 0.32
  tipAirTempUncertainty: 0.32
  atsBoomConfidenceLevel: "    111XX1111 "
}
boomTwo {
  boomAirTemp: 221.65
  boomIntermediateAirTemp: 219.47
  boomAtsAirTemp: 217.89
  internalAirTempUncertainty: 0.16
  intermediateTempUncertainty: 0.12
  tipAirTempUncertainty: 0.35
  atsBoomConfidenceLevel: "    111XX1111 "
}
channelAHumidity {
  percentage: 3.32
  uncertainty: 10.0
}
channelBHumidity {
  percentage: 3.4
  uncertainty: 10.0
}
channelCHumidity {
  percentage: 3.56
  uncertainty: 10.0
}
humiditySensorTemp: 222.8
hsConfidenceLevel: "     0XXX "
pressureSensorConfig: " 2H "
pressureSensorConfidenceLevel: "      111 "
pressureSensor1 {
}
pressureSensor2 {
  baroCapPressure: 795.11
  baroCapAbsoluteUncertainty: 6.0
}
