ephemerisTime: 5.10238094E8
localMeanSolarTime: " 01270M13:00:37.799 "
localTrueSolarTime: " 01270 13:23:10 "
boomOne {
  boomAirTemp: 250.15
  boomIntermediateAirTemp: 246.33
  boomAtsAirTemp: 244.63
  internalAirTempUncertainty: 0.14
  intermediateTempUncertainty: 0.32
  tipAirTempUncertainty: 0.32
  atsBoomConfidenceLevel: "    111XX0001 "
}
boomTwo {
  boomAirTemp: 245.11
  boomIntermediateAirTemp: 247.21
  boomAtsAirTemp: 250.19
  internalAirTempUncertainty: 0.16
  intermediateTempUncertainty: 0.12
  tipAirTempUncertainty: 0.35
  atsBoomConfidenceLevel: "    111XX0001 "
}
channelBHumidity {
}
channelCHumidity {
}
hsConfidenceLevel: "      UNK "
pressureSensorConfig: " 2H "
pressureSensorConfidenceLevel: "      101 "
pressureSensor1 {
}
pressureSensor2 {
  thermoCapTemp: 290.22
  baroCapPressure: 757.63
  baroCapAbsoluteUncertainty: 6.0
}
