ephemerisTime: 5.40034149E8
localMeanSolarTime: " 01606M04:19:12.112 "
localTrueSolarTime: " 01606 03:30:10 "
boomOne {
  boomAirTemp: 208.46
  boomIntermediateAirTemp: 209.14
  boomAtsAirTemp: 209.56
  internalAirTempUncertainty: 0.55
  intermediateTempUncertainty: 0.32
  tipAirTempUncertainty: 1.19
  atsBoomConfidenceLevel: "    011XX1111 "
}
boomTwo {
  boomAirTemp: 206.55
  boomIntermediateAirTemp: 206.65
  boomAtsAirTemp: 204.95
  internalAirTempUncertainty: 1.13
  intermediateTempUncertainty: 1.06
  tipAirTempUncertainty: 1.58
  atsBoomConfidenceLevel: "    011XX1111 "
}
channelAHumidity {
  percentage: 8.55
  uncertainty: 10.0
}
channelBHumidity {
  percentage: 8.63
  uncertainty: 10.0
}
channelCHumidity {
  percentage: 9.02
  uncertainty: 10.0
}
humiditySensorTemp: 209.17
hsConfidenceLevel: "     0XXX "
pressureSensorConfig: " 2H "
pressureSensorConfidenceLevel: "      111 "
pressureSensor1 {
}
pressureSensor2 {
  baroCapPressure: 874.28
  baroCapAbsoluteUncertainty: 5.7
}
