ephemerisTime: 5.19725861E8
localMeanSolarTime: " 01377M10:00:40.078 "
localTrueSolarTime: " 01377 10:38:56 "
boomOne {
  boomAirTemp: 244.13
  boomIntermediateAirTemp: 243.6
  boomAtsAirTemp: 241.44
  internalAirTempUncertainty: 0.14
  intermediateTempUncertainty: 0.32
  tipAirTempUncertainty: 0.32
  atsBoomConfidenceLevel: "    111XX1111 "
}
boomTwo {
  boomAirTemp: 245.13
  boomIntermediateAirTemp: 248.28
  boomAtsAirTemp: 248.62
  internalAirTempUncertainty: 0.16
  intermediateTempUncertainty: 0.12
  tipAirTempUncertainty: 0.35
  atsBoomConfidenceLevel: "    111XX1111 "
}
channelBHumidity {
}
channelCHumidity {
}
hsConfidenceLevel: "      UNK "
pressureSensorConfig: " 2H "
pressureSensorConfidenceLevel: "      101 "
pressureSensor1 {
}
pressureSensor2 {
  thermoCapTemp: 286.34
  baroCapPressure: 747.17
  baroCapAbsoluteUncertainty: 5.1
}
