ephemerisTime: 5.29184339E8
localMeanSolarTime: " 01483M23:05:36.735 "
localTrueSolarTime: " 01483 23:25:13 "
boomOne {
  boomAirTemp: 221.3
  boomIntermediateAirTemp: 220.91
  boomAtsAirTemp: 221.53
  internalAirTempUncertainty: 0.14
  intermediateTempUncertainty: 0.32
  tipAirTempUncertainty: 0.32
  atsBoomConfidenceLevel: "    111XX1111 "
}
boomTwo {
  boomAirTemp: 219.61
  boomIntermediateAirTemp: 219.11
  boomAtsAirTemp: 219.38
  internalAirTempUncertainty: 0.16
  intermediateTempUncertainty: 0.12
  tipAirTempUncertainty: 0.35
  atsBoomConfidenceLevel: "    111XX1111 "
}
channelAHumidity {
  percentage: 3.58
  uncertainty: 10.0
}
channelBHumidity {
  percentage: 3.65
  uncertainty: 10.0
}
channelCHumidity {
  percentage: 3.84
  uncertainty: 10.0
}
humiditySensorTemp: 221.15
hsConfidenceLevel: "     0XXX "
pressureSensorConfig: " 2H "
pressureSensorConfidenceLevel: "      111 "
pressureSensor1 {
}
pressureSensor2 {
  baroCapPressure: 912.43
  baroCapAbsoluteUncertainty: 5.3
}
