ephemerisTime: 5.31762149E8
localMeanSolarTime: " 01512M23:59:59.297 "
localTrueSolarTime: " 01513 00:01:17 "
boomOne {
  boomAirTemp: 217.79
  boomIntermediateAirTemp: 217.33
  boomAtsAirTemp: 217.31
  internalAirTempUncertainty: 0.14
  intermediateTempUncertainty: 0.32
  tipAirTempUncertainty: 0.32
  atsBoomConfidenceLevel: "    111XX1111 "
}
boomTwo {
  boomAirTemp: 214.39
  boomIntermediateAirTemp: 214.07
  boomAtsAirTemp: 212.46
  internalAirTempUncertainty: 0.16
  intermediateTempUncertainty: 0.12
  tipAirTempUncertainty: 0.35
  atsBoomConfidenceLevel: "    111XX1111 "
}
channelAHumidity {
  percentage: 4.17
  uncertainty: 10.0
}
channelBHumidity {
  percentage: 4.25
  uncertainty: 10.0
}
channelCHumidity {
  percentage: 4.48
  uncertainty: 10.0
}
humiditySensorTemp: 218.17
hsConfidenceLevel: "     0XXX "
pressureSensorConfig: " 2H "
pressureSensorConfidenceLevel: "      111 "
pressureSensor1 {
}
pressureSensor2 {
  baroCapPressure: 920.51
  baroCapAbsoluteUncertainty: 5.3
}
