ephemerisTime: 5.41827912E8
localMeanSolarTime: " 01626M09:15:38.200 "
localTrueSolarTime: " 01626 08:24:20 "
boomOne {
  boomAirTemp: 225.31
  boomIntermediateAirTemp: 223.44
  boomAtsAirTemp: 222.19
  internalAirTempUncertainty: 0.14
  intermediateTempUncertainty: 0.32
  tipAirTempUncertainty: 0.32
  atsBoomConfidenceLevel: "    111XX0001 "
}
boomTwo {
  boomAirTemp: 218.35
  boomIntermediateAirTemp: 218.65
  boomAtsAirTemp: 216.41
  internalAirTempUncertainty: 0.16
  intermediateTempUncertainty: 0.12
  tipAirTempUncertainty: 0.35
  atsBoomConfidenceLevel: "    111XX1111 "
}
channelAHumidity {
  percentage: 3.51
  uncertainty: 10.0
}
channelBHumidity {
  percentage: 3.54
  uncertainty: 10.0
}
channelCHumidity {
  percentage: 3.74
  uncertainty: 10.0
}
humiditySensorTemp: 220.68
hsConfidenceLevel: "     0XXX "
pressureSensorConfig: " 2H "
pressureSensorConfidenceLevel: "      111 "
