ephemerisTime: 5.07857288E8
localMeanSolarTime: " 01243M17:21:50.067 "
localTrueSolarTime: " 01243 17:40:48 "
boomOne {
  boomAirTemp: 236.75
  boomIntermediateAirTemp: 231.69
  boomAtsAirTemp: 226.34
  internalAirTempUncertainty: 0.14
  intermediateTempUncertainty: 0.32
  tipAirTempUncertainty: 0.32
  atsBoomConfidenceLevel: "    111XX0001 "
}
boomTwo {
  boomAirTemp: 235.72
  boomIntermediateAirTemp: 229.73
  boomAtsAirTemp: 225.58
  internalAirTempUncertainty: 0.16
  intermediateTempUncertainty: 0.12
  tipAirTempUncertainty: 0.35
  atsBoomConfidenceLevel: "    111XX0001 "
}
channelAHumidity {
  percentage: 2.17
  uncertainty: 10.0
}
channelBHumidity {
  percentage: 2.22
  uncertainty: 10.0
}
channelCHumidity {
  percentage: 2.36
  uncertainty: 10.0
}
humiditySensorTemp: 235.96
hsConfidenceLevel: "     0XXX "
pressureSensorConfig: " 2H "
pressureSensorConfidenceLevel: "      111 "
pressureSensor1 {
}
pressureSensor2 {
  baroCapPressure: 780.76
  baroCapAbsoluteUncertainty: 6.0
}
