ephemerisTime: 5.06176972E8
localMeanSolarTime: " 01224M19:05:36.666 "
localTrueSolarTime: " 01224 19:22:02 "
boomOne {
  boomAirTemp: 214.95
  boomIntermediateAirTemp: 213.09
  boomAtsAirTemp: 211.28
  internalAirTempUncertainty: 0.14
  intermediateTempUncertainty: 0.32
  tipAirTempUncertainty: 0.32
  atsBoomConfidenceLevel: "    111XX1111 "
}
boomTwo {
  boomAirTemp: 214.07
  boomIntermediateAirTemp: 212.15
  boomAtsAirTemp: 210.67
  internalAirTempUncertainty: 0.16
  intermediateTempUncertainty: 0.12
  tipAirTempUncertainty: 0.35
  atsBoomConfidenceLevel: "    111XX1111 "
}
channelAHumidity {
  percentage: 4.65
  uncertainty: 10.0
}
channelBHumidity {
  percentage: 4.66
  uncertainty: 10.0
}
channelCHumidity {
  percentage: 4.86
  uncertainty: 10.0
}
humiditySensorTemp: 215.47
hsConfidenceLevel: "     0XXX "
pressureSensorConfig: " 2H "
pressureSensorConfidenceLevel: "      111 "
pressureSensor1 {
  baroCapPressure: 826.59
  baroCapAbsoluteUncertainty: 4.4
}
pressureSensor2 {
  baroCapPressure: 823.34
  baroCapAbsoluteUncertainty: 6.0
}
