ephemerisTime: 5.37218435E8
localMeanSolarTime: " 01574M11:05:48.653 "
localTrueSolarTime: " 01574 10:27:31 "
boomOne {
  boomAirTemp: 245.42
  boomIntermediateAirTemp: 246.66
  boomAtsAirTemp: 239.66
  internalAirTempUncertainty: 0.14
  intermediateTempUncertainty: 0.32
  tipAirTempUncertainty: 0.32
  atsBoomConfidenceLevel: "    111XX1111 "
}
boomTwo {
  boomAirTemp: 253.04
  boomIntermediateAirTemp: 251.98
  boomAtsAirTemp: 245.14
  internalAirTempUncertainty: 0.16
  intermediateTempUncertainty: 0.12
  tipAirTempUncertainty: 0.35
  atsBoomConfidenceLevel: "    111XX1101 "
}
channelAHumidity {
  percentage: 1.12
  uncertainty: 2.0
}
channelBHumidity {
  percentage: 1.11
  uncertainty: 2.0
}
channelCHumidity {
  percentage: 1.22
  uncertainty: 2.0
}
humiditySensorTemp: 252.76
hsConfidenceLevel: "     0XXX "
pressureSensorConfig: " 2H "
pressureSensorConfidenceLevel: "      111 "
pressureSensor1 {
  baroCapPressure: 873.6
  baroCapAbsoluteUncertainty: 4.9
}
pressureSensor2 {
  baroCapPressure: 870.31
  baroCapAbsoluteUncertainty: 5.7
}
