ephemerisTime: 5.15537348E8
localMeanSolarTime: " 01330M05:39:15.212 "
localTrueSolarTime: " 01330 06:10:53 "
boomOne {
  boomAirTemp: 201.99
  boomIntermediateAirTemp: 200.18
  boomAtsAirTemp: 198.35
  internalAirTempUncertainty: 0.55
  intermediateTempUncertainty: 0.32
  tipAirTempUncertainty: 1.19
  atsBoomConfidenceLevel: "    011XX1111 "
}
boomTwo {
  boomAirTemp: 197.89
  boomIntermediateAirTemp: 196.29
  boomAtsAirTemp: 145.0
  internalAirTempUncertainty: 1.13
  intermediateTempUncertainty: 1.06
  tipAirTempUncertainty: 1.58
  atsBoomConfidenceLevel: "    011XX1110 "
}
channelAHumidity {
  percentage: 12.6
  uncertainty: 20.0
}
channelBHumidity {
  percentage: 12.49
  uncertainty: 20.0
}
channelCHumidity {
  percentage: 12.89
  uncertainty: 20.0
}
humiditySensorTemp: 202.69
hsConfidenceLevel: "     0XXX "
pressureSensorConfig: " 2H "
pressureSensorConfidenceLevel: "      111 "
pressureSensor1 {
}
pressureSensor2 {
  thermoCapTemp: 281.23
  baroCapPressure: 753.74
  baroCapAbsoluteUncertainty: 5.1
}
