ephemerisTime: 5.27307428E8
localMeanSolarTime: " 01462M19:40:26.566 "
localTrueSolarTime: " 01462 20:09:55 "
boomOne {
  boomAirTemp: 233.31
  boomIntermediateAirTemp: 232.81
  boomAtsAirTemp: 232.4
  internalAirTempUncertainty: 0.14
  intermediateTempUncertainty: 0.32
  tipAirTempUncertainty: 0.32
  atsBoomConfidenceLevel: "    111XX1111 "
}
boomTwo {
  boomAirTemp: 231.89
  boomIntermediateAirTemp: 230.74
  boomAtsAirTemp: 230.85
  internalAirTempUncertainty: 0.16
  intermediateTempUncertainty: 0.12
  tipAirTempUncertainty: 0.35
  atsBoomConfidenceLevel: "    111XX1111 "
}
channelAHumidity {
  percentage: 2.07
  uncertainty: 10.0
}
channelBHumidity {
  percentage: 2.15
  uncertainty: 10.0
}
channelCHumidity {
  percentage: 2.27
  uncertainty: 10.0
}
humiditySensorTemp: 233.27
hsConfidenceLevel: "     0XXX "
pressureSensorConfig: " 2H "
pressureSensorConfidenceLevel: "      111 "
pressureSensor1 {
}
pressureSensor2 {
  baroCapPressure: 857.2
  baroCapAbsoluteUncertainty: 5.3
}
