ephemerisTime: 5.42400644E8
localMeanSolarTime: " 01632M20:05:51.614 "
localTrueSolarTime: " 01632 19:14:32 "
boomOne {
  boomAirTemp: 230.22
  boomIntermediateAirTemp: 229.55
  boomAtsAirTemp: 228.8
  internalAirTempUncertainty: 0.14
  intermediateTempUncertainty: 0.32
  tipAirTempUncertainty: 0.32
  atsBoomConfidenceLevel: "    111XX1111 "
}
boomTwo {
  boomAirTemp: 227.98
  boomIntermediateAirTemp: 227.01
  boomAtsAirTemp: 226.43
  internalAirTempUncertainty: 0.16
  intermediateTempUncertainty: 0.12
  tipAirTempUncertainty: 0.35
  atsBoomConfidenceLevel: "    111XX1111 "
}
channelAHumidity {
  percentage: 2.46
  uncertainty: 10.0
}
channelBHumidity {
  percentage: 2.51
  uncertainty: 10.0
}
channelCHumidity {
  percentage: 2.65
  uncertainty: 10.0
}
humiditySensorTemp: 229.83
hsConfidenceLevel: "     0XXX "
pressureSensorConfig: " 2H "
pressureSensorConfidenceLevel: "      111 "
pressureSensor1 {
  baroCapPressure: 805.34
  baroCapAbsoluteUncertainty: 4.9
}
pressureSensor2 {
  baroCapPressure: 802.76
  baroCapAbsoluteUncertainty: 5.7
}
