ephemerisTime: 5.11451353E8
localMeanSolarTime: " 01284M05:00:46.347 "
localTrueSolarTime: " 01284 05:25:14 "
boomOne {
  boomAirTemp: 194.13
  boomIntermediateAirTemp: 194.66
  boomAtsAirTemp: 194.56
  internalAirTempUncertainty: 0.55
  intermediateTempUncertainty: 0.32
  tipAirTempUncertainty: 1.19
  atsBoomConfidenceLevel: "    011XX1111 "
}
boomTwo {
  boomAirTemp: 140.49
  boomIntermediateAirTemp: 143.06
  boomAtsAirTemp: 136.15
  internalAirTempUncertainty: 1.13
  intermediateTempUncertainty: 1.06
  tipAirTempUncertainty: 1.58
  atsBoomConfidenceLevel: "    011XX1110 "
}
channelBHumidity {
}
channelCHumidity {
}
hsConfidenceLevel: "      UNK "
pressureSensorConfig: " 2H "
pressureSensorConfidenceLevel: "      101 "
pressureSensor1 {
}
pressureSensor2 {
  thermoCapTemp: 278.98
  baroCapPressure: 778.81
  baroCapAbsoluteUncertainty: 6.0
}
