ephemerisTime: 5.17284881E8
localMeanSolarTime: " 01349M22:05:47.791 "
localTrueSolarTime: " 01349 22:40:31 "
boomOne {
  boomAirTemp: 214.67
  boomIntermediateAirTemp: 214.93
  boomAtsAirTemp: 216.21
  internalAirTempUncertainty: 0.14
  intermediateTempUncertainty: 0.32
  tipAirTempUncertainty: 0.32
  atsBoomConfidenceLevel: "    111XX1111 "
}
boomTwo {
  boomAirTemp: 212.38
  boomIntermediateAirTemp: 214.77
  boomAtsAirTemp: 215.23
  internalAirTempUncertainty: 0.16
  intermediateTempUncertainty: 0.12
  tipAirTempUncertainty: 0.35
  atsBoomConfidenceLevel: "    111XX1111 "
}
channelAHumidity {
  percentage: 5.21
  uncertainty: 10.0
}
channelBHumidity {
  percentage: 5.22
  uncertainty: 10.0
}
channelCHumidity {
  percentage: 5.44
  uncertainty: 10.0
}
humiditySensorTemp: 214.85
hsConfidenceLevel: "     0XXX "
pressureSensorConfig: " 2H "
pressureSensorConfidenceLevel: "      111 "
pressureSensor1 {
  baroCapPressure: 739.26
  baroCapAbsoluteUncertainty: 4.6
}
pressureSensor2 {
  baroCapPressure: 736.56
  baroCapAbsoluteUncertainty: 5.1
}
