ephemerisTime: 5.43696249E8
localMeanSolarTime: " 01647M10:21:43.693 "
localTrueSolarTime: " 01647 09:31:23 "
boomOne {
  boomAirTemp: 238.38
  boomIntermediateAirTemp: 239.21
  boomAtsAirTemp: 238.04
  internalAirTempUncertainty: 0.14
  intermediateTempUncertainty: 0.32
  tipAirTempUncertainty: 0.32
  atsBoomConfidenceLevel: "    111XX0001 "
}
boomTwo {
  boomAirTemp: 237.08
  boomIntermediateAirTemp: 234.62
  boomAtsAirTemp: 228.57
  internalAirTempUncertainty: 0.16
  intermediateTempUncertainty: 0.12
  tipAirTempUncertainty: 0.35
  atsBoomConfidenceLevel: "    111XX1101 "
}
channelAHumidity {
  percentage: 1.75
  uncertainty: 10.0
}
channelBHumidity {
  percentage: 1.79
  uncertainty: 10.0
}
channelCHumidity {
  percentage: 1.9
  uncertainty: 10.0
}
humiditySensorTemp: 237.61
hsConfidenceLevel: "     0XXX "
pressureSensorConfig: " 2H "
pressureSensorConfidenceLevel: "      111 "
pressureSensor1 {
}
pressureSensor2 {
  thermoCapTemp: 284.31
  baroCapPressure: 844.74
  baroCapAbsoluteUncertainty: 5.7
}
