ephemerisTime: 5.18042854E8
localMeanSolarTime: " 01358M11:00:47.653 "
localTrueSolarTime: " 01358 11:36:45 "
boomOne {
  boomAirTemp: 248.71
  boomIntermediateAirTemp: 246.13
  boomAtsAirTemp: 242.54
  internalAirTempUncertainty: 0.14
  intermediateTempUncertainty: 0.32
  tipAirTempUncertainty: 0.32
  atsBoomConfidenceLevel: "    111XX1111 "
}
boomTwo {
  boomAirTemp: 245.96
  boomIntermediateAirTemp: 244.27
  boomAtsAirTemp: 243.12
  internalAirTempUncertainty: 0.16
  intermediateTempUncertainty: 0.12
  tipAirTempUncertainty: 0.35
  atsBoomConfidenceLevel: "    111XX1111 "
}
channelBHumidity {
}
channelCHumidity {
}
hsConfidenceLevel: "      UNK "
pressureSensorConfig: " 2H "
pressureSensorConfidenceLevel: "      100 "
pressureSensor1 {
}
pressureSensor2 {
  thermoCapTemp: 287.65
  baroCapPressure: 726.87
  baroCapAbsoluteUncertainty: 5.1
}
