ephemerisTime: 5.15375948E8
localMeanSolarTime: " 01328M10:01:12.100 "
localTrueSolarTime: " 01328 10:32:32 "
boomOne {
  boomAirTemp: 246.24
  boomIntermediateAirTemp: 240.25
  boomAtsAirTemp: 237.28
  internalAirTempUncertainty: 0.14
  intermediateTempUncertainty: 0.32
  tipAirTempUncertainty: 0.32
  atsBoomConfidenceLevel: "    111XX0001 "
}
boomTwo {
  boomAirTemp: 237.58
  boomIntermediateAirTemp: 237.31
  boomAtsAirTemp: 236.15
  internalAirTempUncertainty: 0.16
  intermediateTempUncertainty: 0.12
  tipAirTempUncertainty: 0.35
  atsBoomConfidenceLevel: "    111XX1111 "
}
channelAHumidity {
  percentage: 1.93
  uncertainty: 10.0
}
channelBHumidity {
  percentage: 1.95
  uncertainty: 10.0
}
channelCHumidity {
  percentage: 2.07
  uncertainty: 10.0
}
humiditySensorTemp: 238.39
hsConfidenceLevel: "     0XXX "
pressureSensorConfig: " 2H "
pressureSensorConfidenceLevel: "      111 "
pressureSensor1 {
}
pressureSensor2 {
  thermoCapTemp: 285.49
  baroCapPressure: 734.64
  baroCapAbsoluteUncertainty: 5.1
}
