ephemerisTime: 5.23672628E8
localMeanSolarTime: " 01421M21:00:44.806 "
localTrueSolarTime: " 01421 21:39:44 "
boomOne {
  boomAirTemp: 222.66
  boomIntermediateAirTemp: 223.95
  boomAtsAirTemp: 224.34
  internalAirTempUncertainty: 0.14
  intermediateTempUncertainty: 0.32
  tipAirTempUncertainty: 0.32
  atsBoomConfidenceLevel: "    111XX1111 "
}
boomTwo {
  boomAirTemp: 221.57
  boomIntermediateAirTemp: 222.81
  boomAtsAirTemp: 223.31
  internalAirTempUncertainty: 0.16
  intermediateTempUncertainty: 0.12
  tipAirTempUncertainty: 0.35
  atsBoomConfidenceLevel: "    111XX1111 "
}
channelBHumidity {
}
channelCHumidity {
}
hsConfidenceLevel: "      UNK "
pressureSensorConfig: " 2H "
pressureSensorConfidenceLevel: "      101 "
pressureSensor1 {
}
pressureSensor2 {
  thermoCapTemp: 285.02
  baroCapPressure: 797.23
  baroCapAbsoluteUncertainty: 5.3
}
