ephemerisTime: 5.16966466E8
localMeanSolarTime: " 01346M08:00:49.283 "
localTrueSolarTime: " 01346 08:35:00 "
boomOne {
  boomAirTemp: 228.67
  boomIntermediateAirTemp: 227.91
  boomAtsAirTemp: 223.57
  internalAirTempUncertainty: 0.14
  intermediateTempUncertainty: 0.32
  tipAirTempUncertainty: 0.32
  atsBoomConfidenceLevel: "    111XX0001 "
}
boomTwo {
  boomAirTemp: 225.66
  boomIntermediateAirTemp: 222.34
  boomAtsAirTemp: 220.0
  internalAirTempUncertainty: 0.16
  intermediateTempUncertainty: 0.12
  tipAirTempUncertainty: 0.35
  atsBoomConfidenceLevel: "    111XX0001 "
}
channelBHumidity {
}
channelCHumidity {
}
hsConfidenceLevel: "      UNK "
pressureSensorConfig: " 2H "
pressureSensorConfidenceLevel: "      101 "
pressureSensor1 {
}
pressureSensor2 {
  thermoCapTemp: 280.21
  baroCapPressure: 771.96
  baroCapAbsoluteUncertainty: 5.1
}
