ephemerisTime: 5.41309449E8
localMeanSolarTime: " 01620M13:05:42.279 "
localTrueSolarTime: " 01620 12:14:43 "
boomOne {
  boomAirTemp: 255.69
  boomIntermediateAirTemp: 258.16
  boomAtsAirTemp: 256.96
  internalAirTempUncertainty: 0.14
  intermediateTempUncertainty: 0.32
  tipAirTempUncertainty: 0.32
  atsBoomConfidenceLevel: "    111XX1111 "
}
boomTwo {
  boomAirTemp: 257.71
  boomIntermediateAirTemp: 260.48
  boomAtsAirTemp: 259.31
  internalAirTempUncertainty: 0.16
  intermediateTempUncertainty: 0.12
  tipAirTempUncertainty: 0.35
  atsBoomConfidenceLevel: "    111XX1111 "
}
channelAHumidity {
  percentage: 0.95
  uncertainty: 2.0
}
channelBHumidity {
  percentage: 0.94
  uncertainty: 2.0
}
channelCHumidity {
  percentage: 0.99
  uncertainty: 2.0
}
humiditySensorTemp: 258.76
hsConfidenceLevel: "     0XXX "
pressureSensorConfig: " 2H "
pressureSensorConfidenceLevel: "      111 "
pressureSensor1 {
  baroCapPressure: 831.82
  baroCapAbsoluteUncertainty: 4.9
}
pressureSensor2 {
  baroCapPressure: 828.32
  baroCapAbsoluteUncertainty: 5.7
}
