ephemerisTime: 5.23443308E8
localMeanSolarTime: " 01419M07:00:58.318 "
localTrueSolarTime: " 01419 07:40:11 "
boomOne {
  boomAirTemp: 223.98
  boomIntermediateAirTemp: 225.72
  boomAtsAirTemp: 223.75
  internalAirTempUncertainty: 0.14
  intermediateTempUncertainty: 0.32
  tipAirTempUncertainty: 0.32
  atsBoomConfidenceLevel: "    111XX0001 "
}
boomTwo {
  boomAirTemp: 218.77
  boomIntermediateAirTemp: 219.59
  boomAtsAirTemp: 219.35
  internalAirTempUncertainty: 0.16
  intermediateTempUncertainty: 0.12
  tipAirTempUncertainty: 0.35
  atsBoomConfidenceLevel: "    111XX0001 "
}
channelAHumidity {
  percentage: 2.99
  uncertainty: 10.0
}
channelBHumidity {
  percentage: 3.06
  uncertainty: 10.0
}
channelCHumidity {
  percentage: 3.25
  uncertainty: 10.0
}
humiditySensorTemp: 219.98
hsConfidenceLevel: "     0XXX "
pressureSensorConfig: " 2H "
pressureSensorConfidenceLevel: "      111 "
pressureSensor1 {
}
pressureSensor2 {
  thermoCapTemp: 282.48
  baroCapPressure: 831.21
  baroCapAbsoluteUncertainty: 5.1
}
