ephemerisTime: 5.06209688E8
localMeanSolarTime: " 01225M03:56:17.627 "
localTrueSolarTime: " 01225 04:12:46 "
boomOne {
  boomAirTemp: 198.16
  boomIntermediateAirTemp: 196.0
  boomAtsAirTemp: 194.19
  internalAirTempUncertainty: 0.55
  intermediateTempUncertainty: 0.32
  tipAirTempUncertainty: 1.19
  atsBoomConfidenceLevel: "    011XX1111 "
}
boomTwo {
  boomAirTemp: 186.79
  boomIntermediateAirTemp: 186.68
  boomAtsAirTemp: 137.35
  internalAirTempUncertainty: 1.13
  intermediateTempUncertainty: 1.06
  tipAirTempUncertainty: 1.58
  atsBoomConfidenceLevel: "    011XX1110 "
}
channelAHumidity {
  percentage: 11.44
  uncertainty: 20.0
}
channelBHumidity {
  percentage: 11.15
  uncertainty: 20.0
}
channelCHumidity {
  percentage: 11.52
  uncertainty: 20.0
}
humiditySensorTemp: 199.46
hsConfidenceLevel: "     0XXX "
pressureSensorConfig: " 2H "
pressureSensorConfidenceLevel: "      111 "
pressureSensor1 {
}
pressureSensor2 {
  baroCapPressure: 853.21
  baroCapAbsoluteUncertainty: 6.0
}
