ephemerisTime: 5.41218969E8
localMeanSolarTime: " 01619M12:38:02.304 "
localTrueSolarTime: " 01619 11:47:08 "
boomOne {
  boomAirTemp: 252.09
  boomIntermediateAirTemp: 248.46
  boomAtsAirTemp: 246.14
  internalAirTempUncertainty: 0.14
  intermediateTempUncertainty: 0.32
  tipAirTempUncertainty: 0.32
  atsBoomConfidenceLevel: "    111XX1111 "
}
boomTwo {
  boomAirTemp: 253.15
  boomIntermediateAirTemp: 249.31
  boomAtsAirTemp: 245.86
  internalAirTempUncertainty: 0.16
  intermediateTempUncertainty: 0.12
  tipAirTempUncertainty: 0.35
  atsBoomConfidenceLevel: "    111XX1111 "
}
channelAHumidity {
  percentage: 1.13
  uncertainty: 2.0
}
channelBHumidity {
  percentage: 1.14
  uncertainty: 2.0
}
channelCHumidity {
  percentage: 1.19
  uncertainty: 2.0
}
humiditySensorTemp: 253.67
hsConfidenceLevel: "     0XXX "
pressureSensorConfig: " 2H "
pressureSensorConfidenceLevel: "      111 "
pressureSensor1 {
}
pressureSensor2 {
  baroCapPressure: 830.71
  baroCapAbsoluteUncertainty: 5.7
}
