ephemerisTime: 5.29724288E8
localMeanSolarTime: " 01490M01:04:03.980 "
localTrueSolarTime: " 01490 01:20:13 "
boomOne {
  boomAirTemp: 213.86
  boomIntermediateAirTemp: 215.32
  boomAtsAirTemp: 216.1
  internalAirTempUncertainty: 0.14
  intermediateTempUncertainty: 0.32
  tipAirTempUncertainty: 0.32
  atsBoomConfidenceLevel: "    111XX1111 "
}
boomTwo {
  boomAirTemp: 209.2
  boomIntermediateAirTemp: 211.98
  boomAtsAirTemp: 210.58
  internalAirTempUncertainty: 0.16
  intermediateTempUncertainty: 0.12
  tipAirTempUncertainty: 0.35
  atsBoomConfidenceLevel: "    111XX1111 "
}
channelAHumidity {
  percentage: 4.94
  uncertainty: 10.0
}
channelBHumidity {
  percentage: 5.02
  uncertainty: 10.0
}
channelCHumidity {
  percentage: 5.26
  uncertainty: 10.0
}
humiditySensorTemp: 214.53
hsConfidenceLevel: "     0XXX "
pressureSensorConfig: " 2H "
pressureSensorConfidenceLevel: "      111 "
pressureSensor1 {
}
pressureSensor2 {
  thermoCapTemp: 282.63
  baroCapPressure: 926.74
  baroCapAbsoluteUncertainty: 5.3
}
