ephemerisTime: 5.12383485E8
localMeanSolarTime: " 01294M17:00:47.063 "
localTrueSolarTime: " 01294 17:26:47 "
boomOne {
  boomAirTemp: 244.18
  boomIntermediateAirTemp: 241.05
  boomAtsAirTemp: 236.42
  internalAirTempUncertainty: 0.14
  intermediateTempUncertainty: 0.32
  tipAirTempUncertainty: 0.32
  atsBoomConfidenceLevel: "    111XX0001 "
}
boomTwo {
  boomAirTemp: 243.0
  boomIntermediateAirTemp: 239.31
  boomAtsAirTemp: 236.52
  internalAirTempUncertainty: 0.16
  intermediateTempUncertainty: 0.12
  tipAirTempUncertainty: 0.35
  atsBoomConfidenceLevel: "    111XX0001 "
}
channelBHumidity {
}
channelCHumidity {
}
hsConfidenceLevel: "      UNK "
pressureSensorConfig: " 2H "
pressureSensorConfidenceLevel: "      101 "
pressureSensor1 {
}
pressureSensor2 {
  thermoCapTemp: 288.28
  baroCapPressure: 722.0
  baroCapAbsoluteUncertainty: 6.0
}
