ephemerisTime: 5.06309931E8
localMeanSolarTime: " 01226M07:02:19.476 "
localTrueSolarTime: " 01226 07:18:58 "
boomOne {
  boomAirTemp: 206.3
  boomIntermediateAirTemp: 208.45
  boomAtsAirTemp: 206.17
  internalAirTempUncertainty: 0.55
  intermediateTempUncertainty: 0.32
  tipAirTempUncertainty: 1.19
  atsBoomConfidenceLevel: "    011XX0001 "
}
boomTwo {
  boomAirTemp: 195.48
  boomIntermediateAirTemp: 197.33
  boomAtsAirTemp: 147.04
  internalAirTempUncertainty: 1.13
  intermediateTempUncertainty: 1.06
  tipAirTempUncertainty: 1.58
  atsBoomConfidenceLevel: "    011XX0000 "
}
channelAHumidity {
  percentage: 14.58
  uncertainty: 20.0
}
channelBHumidity {
  percentage: 14.47
  uncertainty: 20.0
}
channelCHumidity {
  percentage: 15.0
  uncertainty: 20.0
}
humiditySensorTemp: 201.39
hsConfidenceLevel: "     0XXX "
pressureSensorConfig: " 2H "
pressureSensorConfidenceLevel: "      111 "
pressureSensor1 {
  baroCapPressure: 859.91
  baroCapAbsoluteUncertainty: 4.4
}
pressureSensor2 {
  baroCapPressure: 856.48
  baroCapAbsoluteUncertainty: 6.0
}
