ephemerisTime: 5.41693569E8
localMeanSolarTime: " 01624M20:56:28.407 "
localTrueSolarTime: " 01624 20:05:14 "
boomOne {
  boomAirTemp: 227.16
  boomIntermediateAirTemp: 225.98
  boomAtsAirTemp: 225.19
  internalAirTempUncertainty: 0.14
  intermediateTempUncertainty: 0.32
  tipAirTempUncertainty: 0.32
  atsBoomConfidenceLevel: "    111XX1111 "
}
boomTwo {
  boomAirTemp: 225.64
  boomIntermediateAirTemp: 223.99
  boomAtsAirTemp: 222.27
  internalAirTempUncertainty: 0.16
  intermediateTempUncertainty: 0.12
  tipAirTempUncertainty: 0.35
  atsBoomConfidenceLevel: "    111XX1111 "
}
channelAHumidity {
  percentage: 2.84
  uncertainty: 10.0
}
channelBHumidity {
  percentage: 2.88
  uncertainty: 10.0
}
channelCHumidity {
  percentage: 3.03
  uncertainty: 10.0
}
humiditySensorTemp: 227.27
hsConfidenceLevel: "     0XXX "
pressureSensorConfig: " 2H "
pressureSensorConfidenceLevel: "      111 "
pressureSensor1 {
}
pressureSensor2 {
  baroCapPressure: 818.56
  baroCapAbsoluteUncertainty: 5.7
}
