ephemerisTime: 5.31573554E8
localMeanSolarTime: " 01510M21:00:48.556 "
localTrueSolarTime: " 01510 21:03:34 "
boomOne {
  boomAirTemp: 224.89
  boomIntermediateAirTemp: 227.06
  boomAtsAirTemp: 229.39
  internalAirTempUncertainty: 0.14
  intermediateTempUncertainty: 0.32
  tipAirTempUncertainty: 0.32
  atsBoomConfidenceLevel: "    111XX1111 "
}
boomTwo {
  boomAirTemp: 223.11
  boomIntermediateAirTemp: 226.44
  boomAtsAirTemp: 227.86
  internalAirTempUncertainty: 0.16
  intermediateTempUncertainty: 0.12
  tipAirTempUncertainty: 0.35
  atsBoomConfidenceLevel: "    111XX1111 "
}
channelBHumidity {
}
channelCHumidity {
}
hsConfidenceLevel: "      UNK "
pressureSensorConfig: " 2H "
pressureSensorConfidenceLevel: "      101 "
pressureSensor1 {
}
pressureSensor2 {
  thermoCapTemp: 284.43
  baroCapPressure: 904.82
  baroCapAbsoluteUncertainty: 5.3
}
