ephemerisTime: 5.09406788E8
localMeanSolarTime: " 01261M04:16:06.339 "
localTrueSolarTime: " 01261 04:37:23 "
boomOne {
  boomAirTemp: 197.59
  boomIntermediateAirTemp: 195.65
  boomAtsAirTemp: 193.69
  internalAirTempUncertainty: 0.14
  intermediateTempUncertainty: 0.32
  tipAirTempUncertainty: 0.32
  atsBoomConfidenceLevel: "    111XX1111 "
}
boomTwo {
  boomAirTemp: 192.18
  boomIntermediateAirTemp: 190.21
  boomAtsAirTemp: 143.66
  internalAirTempUncertainty: 1.13
  intermediateTempUncertainty: 1.06
  tipAirTempUncertainty: 1.58
  atsBoomConfidenceLevel: "    011XX1110 "
}
channelAHumidity {
  percentage: 22.01
  uncertainty: 20.0
}
channelBHumidity {
  percentage: 21.9
  uncertainty: 20.0
}
channelCHumidity {
  percentage: 22.46
  uncertainty: 20.0
}
humiditySensorTemp: 197.81
hsConfidenceLevel: "     0XXX "
pressureSensorConfig: " 2H "
pressureSensorConfidenceLevel: "      111 "
pressureSensor1 {
}
pressureSensor2 {
  baroCapPressure: 803.01
  baroCapAbsoluteUncertainty: 6.0
}
