ephemerisTime: 5.36689269E8
localMeanSolarTime: " 01568M12:02:16.000 "
localTrueSolarTime: " 01568 11:26:58 "
boomOne {
  boomAirTemp: 249.33
  boomIntermediateAirTemp: 246.53
  boomAtsAirTemp: 243.32
  internalAirTempUncertainty: 0.14
  intermediateTempUncertainty: 0.32
  tipAirTempUncertainty: 0.32
  atsBoomConfidenceLevel: "    111XX1111 "
}
boomTwo {
  boomAirTemp: 251.36
  boomIntermediateAirTemp: 248.42
  boomAtsAirTemp: 245.03
  internalAirTempUncertainty: 0.16
  intermediateTempUncertainty: 0.12
  tipAirTempUncertainty: 0.35
  atsBoomConfidenceLevel: "    111XX1111 "
}
channelAHumidity {
  percentage: 1.39
  uncertainty: 2.0
}
channelBHumidity {
  percentage: 1.38
  uncertainty: 2.0
}
channelCHumidity {
  percentage: 1.47
  uncertainty: 2.0
}
humiditySensorTemp: 251.67
hsConfidenceLevel: "     0XXX "
pressureSensorConfig: " 2H "
pressureSensorConfidenceLevel: "      101 "
pressureSensor1 {
}
pressureSensor2 {
  thermoCapTemp: 290.0
  baroCapPressure: 870.61
  baroCapAbsoluteUncertainty: 5.7
}
