ephemerisTime: 5.0730887E8
localMeanSolarTime: " 01237M13:06:00.338 "
localTrueSolarTime: " 01237 13:24:10 "
boomOne {
  boomAirTemp: 246.37
  boomIntermediateAirTemp: 243.04
  boomAtsAirTemp: 236.82
  internalAirTempUncertainty: 0.14
  intermediateTempUncertainty: 0.32
  tipAirTempUncertainty: 0.32
  atsBoomConfidenceLevel: "    111XX1111 "
}
boomTwo {
  boomAirTemp: 252.59
  boomIntermediateAirTemp: 243.25
  boomAtsAirTemp: 237.49
  internalAirTempUncertainty: 0.16
  intermediateTempUncertainty: 0.12
  tipAirTempUncertainty: 0.35
  atsBoomConfidenceLevel: "    111XX1101 "
}
channelAHumidity {
  percentage: 1.15
  uncertainty: 2.0
}
channelBHumidity {
  percentage: 1.16
  uncertainty: 2.0
}
channelCHumidity {
  percentage: 1.22
  uncertainty: 2.0
}
humiditySensorTemp: 251.64
hsConfidenceLevel: "     0XXX "
pressureSensorConfig: " 2H "
pressureSensorConfidenceLevel: "      111 "
pressureSensor1 {
}
pressureSensor2 {
  baroCapPressure: 794.52
  baroCapAbsoluteUncertainty: 6.0
}
