ephemerisTime: 5.25044948E8
localMeanSolarTime: " 01437M08:01:00.026 "
localTrueSolarTime: " 01437 08:37:48 "
boomOne {
  boomAirTemp: 231.84
  boomIntermediateAirTemp: 233.31
  boomAtsAirTemp: 233.47
  internalAirTempUncertainty: 0.14
  intermediateTempUncertainty: 0.32
  tipAirTempUncertainty: 0.32
  atsBoomConfidenceLevel: "    111XX0011 "
}
boomTwo {
  boomAirTemp: 234.78
  boomIntermediateAirTemp: 238.07
  boomAtsAirTemp: 239.43
  internalAirTempUncertainty: 0.16
  intermediateTempUncertainty: 0.12
  tipAirTempUncertainty: 0.35
  atsBoomConfidenceLevel: "    111XX0001 "
}
channelAHumidity {
  percentage: 1.8
  uncertainty: 10.0
}
channelBHumidity {
  percentage: 1.83
  uncertainty: 10.0
}
channelCHumidity {
  percentage: 1.94
  uncertainty: 10.0
}
humiditySensorTemp: 234.7
hsConfidenceLevel: "     0XXX "
pressureSensorConfig: " 2H "
pressureSensorConfidenceLevel: "      101 "
pressureSensor1 {
}
pressureSensor2 {
  baroCapPressure: 842.65
  baroCapAbsoluteUncertainty: 5.3
}
