ephemerisTime: 5.1525011E8
localMeanSolarTime: " 01326M23:59:59.828 "
localTrueSolarTime: " 01327 00:31:06 "
boomOne {
  boomAirTemp: 210.26
  boomIntermediateAirTemp: 209.04
  boomAtsAirTemp: 207.66
  internalAirTempUncertainty: 0.14
  intermediateTempUncertainty: 0.32
  tipAirTempUncertainty: 0.32
  atsBoomConfidenceLevel: "    111XX1111 "
}
boomTwo {
  boomAirTemp: 205.78
  boomIntermediateAirTemp: 204.72
  boomAtsAirTemp: 200.07
  internalAirTempUncertainty: 0.16
  intermediateTempUncertainty: 0.12
  tipAirTempUncertainty: 0.35
  atsBoomConfidenceLevel: "    111XX1110 "
}
channelAHumidity {
  percentage: 6.66
  uncertainty: 10.0
}
channelBHumidity {
  percentage: 6.66
  uncertainty: 10.0
}
channelCHumidity {
  percentage: 6.89
  uncertainty: 10.0
}
humiditySensorTemp: 211.26
hsConfidenceLevel: "     0XXX "
pressureSensorConfig: " 2H "
pressureSensorConfidenceLevel: "      111 "
pressureSensor1 {
  baroCapPressure: 752.32
  baroCapAbsoluteUncertainty: 4.6
}
pressureSensor2 {
  baroCapPressure: 749.48
  baroCapAbsoluteUncertainty: 5.1
}
