ephemerisTime: 5.39500666E8
localMeanSolarTime: " 01600M04:05:37.924 "
localTrueSolarTime: " 01600 03:17:57 "
boomOne {
  boomAirTemp: 208.95
  boomIntermediateAirTemp: 208.23
  boomAtsAirTemp: 207.97
  internalAirTempUncertainty: 0.55
  intermediateTempUncertainty: 0.32
  tipAirTempUncertainty: 1.19
  atsBoomConfidenceLevel: "    011XX1111 "
}
boomTwo {
  boomAirTemp: 205.02
  boomIntermediateAirTemp: 205.66
  boomAtsAirTemp: 205.16
  internalAirTempUncertainty: 1.13
  intermediateTempUncertainty: 1.06
  tipAirTempUncertainty: 1.58
  atsBoomConfidenceLevel: "    011XX1111 "
}
channelAHumidity {
  percentage: 10.66
  uncertainty: 10.0
}
channelBHumidity {
  percentage: 10.66
  uncertainty: 10.0
}
channelCHumidity {
  percentage: 11.16
  uncertainty: 10.0
}
humiditySensorTemp: 208.64
hsConfidenceLevel: "     0XXX "
pressureSensorConfig: " 2H "
pressureSensorConfidenceLevel: "      111 "
pressureSensor1 {
  baroCapPressure: 882.87
  baroCapAbsoluteUncertainty: 4.9
}
pressureSensor2 {
  baroCapPressure: 879.83
  baroCapAbsoluteUncertainty: 5.7
}
