ephemerisTime: 5.06901976E8
localMeanSolarTime: " 01232M23:05:49.335 "
localTrueSolarTime: " 01232 23:23:22 "
boomOne {
  boomAirTemp: 200.81
  boomIntermediateAirTemp: 199.86
  boomAtsAirTemp: 199.11
  internalAirTempUncertainty: 0.55
  intermediateTempUncertainty: 0.32
  tipAirTempUncertainty: 1.19
  atsBoomConfidenceLevel: "    011XX1111 "
}
boomTwo {
  boomAirTemp: 196.23
  boomIntermediateAirTemp: 196.76
  boomAtsAirTemp: 145.72
  internalAirTempUncertainty: 1.13
  intermediateTempUncertainty: 1.06
  tipAirTempUncertainty: 1.58
  atsBoomConfidenceLevel: "    011XX1110 "
}
channelAHumidity {
  percentage: 15.36
  uncertainty: 20.0
}
channelBHumidity {
  percentage: 15.39
  uncertainty: 20.0
}
channelCHumidity {
  percentage: 16.09
  uncertainty: 20.0
}
humiditySensorTemp: 201.89
hsConfidenceLevel: "     0XXX "
pressureSensorConfig: " 2H "
pressureSensorConfidenceLevel: "      111 "
pressureSensor1 {
  baroCapPressure: 836.42
  baroCapAbsoluteUncertainty: 4.4
}
pressureSensor2 {
  baroCapPressure: 832.91
  baroCapAbsoluteUncertainty: 6.0
}
