ephemerisTime: 5.18057708E8
localMeanSolarTime: " 01358M15:01:44.360 "
localTrueSolarTime: " 01358 15:37:43 "
boomOne {
  boomAirTemp: 256.68
  boomIntermediateAirTemp: 257.64
  boomAtsAirTemp: 256.56
  internalAirTempUncertainty: 0.14
  intermediateTempUncertainty: 0.32
  tipAirTempUncertainty: 0.32
  atsBoomConfidenceLevel: "    111XX1111 "
}
boomTwo {
  boomAirTemp: 262.71
  boomIntermediateAirTemp: 261.6
  boomAtsAirTemp: 260.74
  internalAirTempUncertainty: 0.16
  intermediateTempUncertainty: 0.12
  tipAirTempUncertainty: 0.35
  atsBoomConfidenceLevel: "    111XX0001 "
}
channelAHumidity {
  percentage: 0.74
  uncertainty: 2.0
}
channelBHumidity {
  percentage: 0.73
  uncertainty: 2.0
}
channelCHumidity {
  percentage: 0.78
  uncertainty: 2.0
}
humiditySensorTemp: 262.83
hsConfidenceLevel: "     0XXX "
pressureSensorConfig: " 2H "
pressureSensorConfidenceLevel: "      101 "
pressureSensor1 {
}
pressureSensor2 {
  baroCapPressure: 688.76
  baroCapAbsoluteUncertainty: 5.1
}
