ephemerisTime: 5.05422091E8
localMeanSolarTime: " 01216M07:00:46.103 "
localTrueSolarTime: " 01216 07:15:59 "
boomOne {
  boomAirTemp: 199.58
  boomIntermediateAirTemp: 201.58
  boomAtsAirTemp: 199.93
  internalAirTempUncertainty: 0.55
  intermediateTempUncertainty: 0.32
  tipAirTempUncertainty: 1.19
  atsBoomConfidenceLevel: "    011XX0001 "
}
boomTwo {
  boomAirTemp: 154.24
  boomIntermediateAirTemp: 155.86
  boomAtsAirTemp: 138.01
  internalAirTempUncertainty: 1.13
  intermediateTempUncertainty: 1.06
  tipAirTempUncertainty: 1.58
  atsBoomConfidenceLevel: "    011XX0000 "
}
channelBHumidity {
}
channelCHumidity {
}
hsConfidenceLevel: "      UNK "
pressureSensorConfig: " 2H "
pressureSensorConfidenceLevel: "      101 "
pressureSensor1 {
}
pressureSensor2 {
  thermoCapTemp: 280.89
  baroCapPressure: 867.83
  baroCapAbsoluteUncertainty: 6.0
}
