ephemerisTime: 5.10933788E8
localMeanSolarTime: " 01278M09:05:24.408 "
localTrueSolarTime: " 01278 09:29:02 "
boomOne {
  boomAirTemp: 240.1
  boomIntermediateAirTemp: 242.53
  boomAtsAirTemp: 242.76
  internalAirTempUncertainty: 0.14
  intermediateTempUncertainty: 0.32
  tipAirTempUncertainty: 0.32
  atsBoomConfidenceLevel: "    111XX0001 "
}
boomTwo {
  boomAirTemp: 233.44
  boomIntermediateAirTemp: 229.58
  boomAtsAirTemp: 223.33
  internalAirTempUncertainty: 0.16
  intermediateTempUncertainty: 0.12
  tipAirTempUncertainty: 0.35
  atsBoomConfidenceLevel: "    111XX0001 "
}
channelAHumidity {
  percentage: 1.99
  uncertainty: 10.0
}
channelBHumidity {
  percentage: 2.02
  uncertainty: 10.0
}
channelCHumidity {
  percentage: 2.13
  uncertainty: 10.0
}
humiditySensorTemp: 233.5
hsConfidenceLevel: "     0XXX "
pressureSensorConfig: " 2H "
pressureSensorConfidenceLevel: "      111 "
pressureSensor1 {
}
pressureSensor2 {
  baroCapPressure: 779.67
  baroCapAbsoluteUncertainty: 6.0
}
