ephemerisTime: 5.25418526E8
localMeanSolarTime: " 01441M13:00:46.116 "
localTrueSolarTime: " 01441 13:36:42 "
boomOne {
  boomAirTemp: 272.33
  boomIntermediateAirTemp: 272.23
  boomAtsAirTemp: 270.51
  internalAirTempUncertainty: 0.14
  intermediateTempUncertainty: 0.32
  tipAirTempUncertainty: 0.32
  atsBoomConfidenceLevel: "    111XX0011 "
}
boomTwo {
  boomAirTemp: 268.45
  boomIntermediateAirTemp: 271.07
  boomAtsAirTemp: 270.11
  internalAirTempUncertainty: 0.16
  intermediateTempUncertainty: 0.12
  tipAirTempUncertainty: 0.35
  atsBoomConfidenceLevel: "    111XX1111 "
}
channelBHumidity {
}
channelCHumidity {
}
hsConfidenceLevel: "      UNK "
pressureSensorConfig: " 2H "
pressureSensorConfidenceLevel: "      101 "
pressureSensor1 {
}
pressureSensor2 {
  thermoCapTemp: 297.21
  baroCapPressure: 790.84
  baroCapAbsoluteUncertainty: 5.3
}
