ephemerisTime: 5.17483928E8
localMeanSolarTime: " 01352M03:54:30.977 "
localTrueSolarTime: " 01352 04:29:34 "
boomOne {
  boomAirTemp: 206.2
  boomIntermediateAirTemp: 204.31
  boomAtsAirTemp: 203.34
  internalAirTempUncertainty: 0.55
  intermediateTempUncertainty: 0.32
  tipAirTempUncertainty: 1.19
  atsBoomConfidenceLevel: "    011XX1111 "
}
boomTwo {
  boomAirTemp: 202.07
  boomIntermediateAirTemp: 200.16
  boomAtsAirTemp: 185.35
  internalAirTempUncertainty: 1.13
  intermediateTempUncertainty: 1.06
  tipAirTempUncertainty: 1.58
  atsBoomConfidenceLevel: "    011XX1110 "
}
channelAHumidity {
  percentage: 8.11
  uncertainty: 10.0
}
channelBHumidity {
  percentage: 8.13
  uncertainty: 10.0
}
channelCHumidity {
  percentage: 8.41
  uncertainty: 10.0
}
humiditySensorTemp: 206.95
hsConfidenceLevel: "     0XXX "
pressureSensorConfig: " 2H "
pressureSensorConfidenceLevel: "      111 "
pressureSensor1 {
}
pressureSensor2 {
  thermoCapTemp: 282.53
  baroCapPressure: 757.35
  baroCapAbsoluteUncertainty: 5.1
}
