ephemerisTime: 5.2834069E8
localMeanSolarTime: " 01474M11:00:52.407 "
localTrueSolarTime: " 01474 11:25:20 "
boomOne {
  boomAirTemp: 256.85
  boomIntermediateAirTemp: 258.96
  boomAtsAirTemp: 256.43
  internalAirTempUncertainty: 0.14
  intermediateTempUncertainty: 0.32
  tipAirTempUncertainty: 0.32
  atsBoomConfidenceLevel: "    111XX1111 "
}
boomTwo {
  boomAirTemp: 259.96
  boomIntermediateAirTemp: 256.98
  boomAtsAirTemp: 251.35
  internalAirTempUncertainty: 0.16
  intermediateTempUncertainty: 0.12
  tipAirTempUncertainty: 0.35
  atsBoomConfidenceLevel: "    111XX1101 "
}
channelBHumidity {
}
channelCHumidity {
}
hsConfidenceLevel: "      UNK "
pressureSensorConfig: " 2H "
pressureSensorConfidenceLevel: "      101 "
pressureSensor1 {
}
pressureSensor2 {
  thermoCapTemp: 288.29
  baroCapPressure: 879.51
  baroCapAbsoluteUncertainty: 5.3
}
