ephemerisTime: 5.20495546E8
localMeanSolarTime: " 01386M02:05:38.685 "
localTrueSolarTime: " 01386 02:44:40 "
boomOne {
  boomAirTemp: 206.58
  boomIntermediateAirTemp: 205.6
  boomAtsAirTemp: 206.96
  internalAirTempUncertainty: 0.55
  intermediateTempUncertainty: 0.32
  tipAirTempUncertainty: 1.19
  atsBoomConfidenceLevel: "    011XX1111 "
}
boomTwo {
  boomAirTemp: 204.25
  boomIntermediateAirTemp: 204.51
  boomAtsAirTemp: 204.96
  internalAirTempUncertainty: 1.13
  intermediateTempUncertainty: 1.06
  tipAirTempUncertainty: 1.58
  atsBoomConfidenceLevel: "    011XX1110 "
}
channelAHumidity {
  percentage: 7.34
  uncertainty: 10.0
}
channelBHumidity {
  percentage: 7.45
  uncertainty: 10.0
}
channelCHumidity {
  percentage: 7.77
  uncertainty: 10.0
}
humiditySensorTemp: 206.29
hsConfidenceLevel: "     0XXX "
pressureSensorConfig: " 2H "
pressureSensorConfidenceLevel: "      111 "
pressureSensor1 {
  baroCapPressure: 777.66
  baroCapAbsoluteUncertainty: 4.6
}
pressureSensor2 {
  baroCapPressure: 774.74
  baroCapAbsoluteUncertainty: 5.1
}
