ephemerisTime: 5.07603728E8
localMeanSolarTime: " 01240M20:48:51.913 "
localTrueSolarTime: " 01240 21:07:28 "
boomOne {
  boomAirTemp: 212.58
  boomIntermediateAirTemp: 213.56
  boomAtsAirTemp: 215.23
  internalAirTempUncertainty: 0.14
  intermediateTempUncertainty: 0.32
  tipAirTempUncertainty: 0.32
  atsBoomConfidenceLevel: "    111XX1111 "
}
boomTwo {
  boomAirTemp: 211.4
  boomIntermediateAirTemp: 211.96
  boomAtsAirTemp: 212.9
  internalAirTempUncertainty: 0.16
  intermediateTempUncertainty: 0.12
  tipAirTempUncertainty: 0.35
  atsBoomConfidenceLevel: "    111XX1111 "
}
channelAHumidity {
  percentage: 5.51
  uncertainty: 10.0
}
channelBHumidity {
  percentage: 5.49
  uncertainty: 10.0
}
channelCHumidity {
  percentage: 5.68
  uncertainty: 10.0
}
humiditySensorTemp: 213.37
hsConfidenceLevel: "     0XXX "
pressureSensorConfig: " 2H "
pressureSensorConfidenceLevel: "      111 "
pressureSensor1 {
}
pressureSensor2 {
  baroCapPressure: 806.23
  baroCapAbsoluteUncertainty: 6.0
}
