ephemerisTime: 5.23565667E8
localMeanSolarTime: " 01420M16:05:44.641 "
localTrueSolarTime: " 01420 16:44:50 "
boomOne {
  boomAirTemp: 259.72
  boomIntermediateAirTemp: 259.92
  boomAtsAirTemp: 259.3
  internalAirTempUncertainty: 0.14
  intermediateTempUncertainty: 0.32
  tipAirTempUncertainty: 0.32
  atsBoomConfidenceLevel: "    111XX1111 "
}
boomTwo {
  boomAirTemp: 268.92
  boomIntermediateAirTemp: 265.95
  boomAtsAirTemp: 263.8
  internalAirTempUncertainty: 0.16
  intermediateTempUncertainty: 0.12
  tipAirTempUncertainty: 0.35
  atsBoomConfidenceLevel: "    111XX0001 "
}
channelAHumidity {
  percentage: 0.7
  uncertainty: 2.0
}
channelBHumidity {
  percentage: 0.67
  uncertainty: 2.0
}
channelCHumidity {
  percentage: 0.71
  uncertainty: 2.0
}
humiditySensorTemp: 268.87
hsConfidenceLevel: "     0XXX "
pressureSensorConfig: " 2H "
pressureSensorConfidenceLevel: "      111 "
pressureSensor1 {
  baroCapPressure: 747.08
  baroCapAbsoluteUncertainty: 4.7
}
pressureSensor2 {
  baroCapPressure: 744.65
  baroCapAbsoluteUncertainty: 5.3
}
