ephemerisTime: 5.22159848E8
localMeanSolarTime: " 01404M20:02:06.403 "
localTrueSolarTime: " 01404 20:41:51 "
boomOne {
  boomAirTemp: 223.89
  boomIntermediateAirTemp: 223.86
  boomAtsAirTemp: 223.79
  internalAirTempUncertainty: 0.14
  intermediateTempUncertainty: 0.32
  tipAirTempUncertainty: 0.32
  atsBoomConfidenceLevel: "    111XX1111 "
}
boomTwo {
  boomAirTemp: 222.51
  boomIntermediateAirTemp: 223.79
  boomAtsAirTemp: 225.06
  internalAirTempUncertainty: 0.16
  intermediateTempUncertainty: 0.12
  tipAirTempUncertainty: 0.35
  atsBoomConfidenceLevel: "    111XX1111 "
}
channelAHumidity {
  percentage: 3.5
  uncertainty: 10.0
}
channelBHumidity {
  percentage: 3.53
  uncertainty: 10.0
}
channelCHumidity {
  percentage: 3.74
  uncertainty: 10.0
}
humiditySensorTemp: 223.92
hsConfidenceLevel: "     0XXX "
pressureSensorConfig: " 2H "
pressureSensorConfidenceLevel: "      101 "
pressureSensor1 {
  baroCapPressure: 770.32
  baroCapAbsoluteUncertainty: 4.6
}
pressureSensor2 {
  baroCapPressure: 768.03
  baroCapAbsoluteUncertainty: 5.1
}
