ephemerisTime: 5.19441046E8
localMeanSolarTime: " 01374M05:00:42.887 "
localTrueSolarTime: " 01374 05:38:38 "
boomOne {
  boomAirTemp: 198.9
  boomIntermediateAirTemp: 199.79
  boomAtsAirTemp: 200.14
  internalAirTempUncertainty: 0.55
  intermediateTempUncertainty: 0.32
  tipAirTempUncertainty: 1.19
  atsBoomConfidenceLevel: "    011XX1111 "
}
boomTwo {
  boomAirTemp: 167.55
  boomIntermediateAirTemp: 169.69
  boomAtsAirTemp: 143.69
  internalAirTempUncertainty: 1.13
  intermediateTempUncertainty: 1.06
  tipAirTempUncertainty: 1.58
  atsBoomConfidenceLevel: "    011XX1110 "
}
channelBHumidity {
}
channelCHumidity {
}
hsConfidenceLevel: "      UNK "
pressureSensorConfig: " 2H "
pressureSensorConfidenceLevel: "      101 "
pressureSensor1 {
}
pressureSensor2 {
  thermoCapTemp: 279.03
  baroCapPressure: 768.41
  baroCapAbsoluteUncertainty: 5.1
}
