ephemerisTime: 5.36134448E8
localMeanSolarTime: " 01562M06:02:34.529 "
localTrueSolarTime: " 01562 05:30:42 "
boomOne {
  boomAirTemp: 202.15
  boomIntermediateAirTemp: 202.8
  boomAtsAirTemp: 202.61
  internalAirTempUncertainty: 0.55
  intermediateTempUncertainty: 0.32
  tipAirTempUncertainty: 1.19
  atsBoomConfidenceLevel: "    011XX1111 "
}
boomTwo {
  boomAirTemp: 155.46
  boomIntermediateAirTemp: 156.05
  boomAtsAirTemp: 143.77
  internalAirTempUncertainty: 1.13
  intermediateTempUncertainty: 1.06
  tipAirTempUncertainty: 1.58
  atsBoomConfidenceLevel: "    011XX1110 "
}
channelAHumidity {
  percentage: 11.01
  uncertainty: 20.0
}
channelBHumidity {
  percentage: 11.01
  uncertainty: 20.0
}
channelCHumidity {
  percentage: 11.25
  uncertainty: 20.0
}
humiditySensorTemp: 202.52
hsConfidenceLevel: "     0XXX "
pressureSensorConfig: " 2H "
pressureSensorConfidenceLevel: "      101 "
pressureSensor1 {
}
pressureSensor2 {
  baroCapPressure: 906.02
  baroCapAbsoluteUncertainty: 5.7
}
