ephemerisTime: 5.15760926E8
localMeanSolarTime: " 01332M18:05:53.279 "
localTrueSolarTime: " 01332 18:37:55 "
boomOne {
  boomAirTemp: 232.86
  boomIntermediateAirTemp: 230.7
  boomAtsAirTemp: 228.9
  internalAirTempUncertainty: 0.14
  intermediateTempUncertainty: 0.32
  tipAirTempUncertainty: 0.32
  atsBoomConfidenceLevel: "    111XX1111 "
}
boomTwo {
  boomAirTemp: 231.24
  boomIntermediateAirTemp: 229.37
  boomAtsAirTemp: 228.68
  internalAirTempUncertainty: 0.16
  intermediateTempUncertainty: 0.12
  tipAirTempUncertainty: 0.35
  atsBoomConfidenceLevel: "    111XX1111 "
}
channelAHumidity {
  percentage: 2.48
  uncertainty: 10.0
}
channelBHumidity {
  percentage: 2.52
  uncertainty: 10.0
}
channelCHumidity {
  percentage: 2.7
  uncertainty: 10.0
}
humiditySensorTemp: 232.55
hsConfidenceLevel: "     0XXX "
pressureSensorConfig: " 2H "
pressureSensorConfidenceLevel: "      111 "
pressureSensor1 {
  baroCapPressure: 702.98
  baroCapAbsoluteUncertainty: 4.6
}
pressureSensor2 {
  baroCapPressure: 700.41
  baroCapAbsoluteUncertainty: 5.1
}
