ephemerisTime: 5.29505846E8
localMeanSolarTime: " 01487M14:00:44.542 "
localTrueSolarTime: " 01487 14:18:19 "
boomOne {
  boomAirTemp: 265.26
  boomIntermediateAirTemp: 265.24
  boomAtsAirTemp: 262.51
  internalAirTempUncertainty: 0.14
  intermediateTempUncertainty: 0.32
  tipAirTempUncertainty: 0.32
  atsBoomConfidenceLevel: "    111XX0011 "
}
boomTwo {
  boomAirTemp: 273.19
  boomIntermediateAirTemp: 270.87
  boomAtsAirTemp: 266.67
  internalAirTempUncertainty: 0.16
  intermediateTempUncertainty: 0.12
  tipAirTempUncertainty: 0.35
  atsBoomConfidenceLevel: "    111XX0101 "
}
channelBHumidity {
}
channelCHumidity {
}
hsConfidenceLevel: "      UNK "
pressureSensorConfig: " 2H "
pressureSensorConfidenceLevel: "      101 "
pressureSensor1 {
}
pressureSensor2 {
  thermoCapTemp: 298.71
  baroCapPressure: 853.24
  baroCapAbsoluteUncertainty: 5.3
}
