ephemerisTime: 5.40266353E8
localMeanSolarTime: " 01608M19:05:45.464 "
localTrueSolarTime: " 01608 18:16:14 "
boomOne {
  boomAirTemp: 238.13
  boomIntermediateAirTemp: 235.9
  boomAtsAirTemp: 234.29
  internalAirTempUncertainty: 0.14
  intermediateTempUncertainty: 0.32
  tipAirTempUncertainty: 0.32
  atsBoomConfidenceLevel: "    111XX1111 "
}
boomTwo {
  boomAirTemp: 236.93
  boomIntermediateAirTemp: 237.97
  boomAtsAirTemp: 238.09
  internalAirTempUncertainty: 0.16
  intermediateTempUncertainty: 0.12
  tipAirTempUncertainty: 0.35
  atsBoomConfidenceLevel: "    111XX1111 "
}
channelAHumidity {
  percentage: 2.07
  uncertainty: 10.0
}
channelBHumidity {
  percentage: 2.09
  uncertainty: 10.0
}
channelCHumidity {
  percentage: 2.22
  uncertainty: 10.0
}
humiditySensorTemp: 238.82
hsConfidenceLevel: "     0XXX "
pressureSensorConfig: " 2H "
pressureSensorConfidenceLevel: "      111 "
pressureSensor1 {
  baroCapPressure: 801.22
  baroCapAbsoluteUncertainty: 4.9
}
pressureSensor2 {
  baroCapPressure: 798.64
  baroCapAbsoluteUncertainty: 5.7
}
