ephemerisTime: 5.41956468E8
localMeanSolarTime: " 01627M20:00:55.775 "
localTrueSolarTime: " 01627 19:09:36 "
boomOne {
  boomAirTemp: 231.14
  boomIntermediateAirTemp: 230.12
  boomAtsAirTemp: 228.89
  internalAirTempUncertainty: 0.14
  intermediateTempUncertainty: 0.32
  tipAirTempUncertainty: 0.32
  atsBoomConfidenceLevel: "    111XX1111 "
}
boomTwo {
  boomAirTemp: 228.42
  boomIntermediateAirTemp: 229.39
  boomAtsAirTemp: 229.89
  internalAirTempUncertainty: 0.16
  intermediateTempUncertainty: 0.12
  tipAirTempUncertainty: 0.35
  atsBoomConfidenceLevel: "    111XX1111 "
}
channelBHumidity {
}
channelCHumidity {
}
hsConfidenceLevel: "      UNK "
pressureSensorConfig: " 2H "
pressureSensorConfidenceLevel: "      101 "
pressureSensor1 {
}
pressureSensor2 {
  thermoCapTemp: 291.54
  baroCapPressure: 802.74
  baroCapAbsoluteUncertainty: 5.7
}
