ephemerisTime: 5.36830063E8
localMeanSolarTime: " 01570M02:06:04.251 "
localTrueSolarTime: " 01570 01:29:56 "
boomOne {
  boomAirTemp: 212.49
  boomIntermediateAirTemp: 212.23
  boomAtsAirTemp: 212.64
  internalAirTempUncertainty: 0.14
  intermediateTempUncertainty: 0.32
  tipAirTempUncertainty: 0.32
  atsBoomConfidenceLevel: "    111XX1111 "
}
boomTwo {
  boomAirTemp: 209.82
  boomIntermediateAirTemp: 211.03
  boomAtsAirTemp: 210.97
  internalAirTempUncertainty: 0.16
  intermediateTempUncertainty: 0.12
  tipAirTempUncertainty: 0.35
  atsBoomConfidenceLevel: "    111XX1111 "
}
channelAHumidity {
  percentage: 5.62
  uncertainty: 10.0
}
channelBHumidity {
  percentage: 5.66
  uncertainty: 10.0
}
channelCHumidity {
  percentage: 5.87
  uncertainty: 10.0
}
humiditySensorTemp: 213.09
hsConfidenceLevel: "     0XXX "
pressureSensorConfig: " 2H "
pressureSensorConfidenceLevel: "      111 "
pressureSensor1 {
  baroCapPressure: 892.72
  baroCapAbsoluteUncertainty: 4.9
}
pressureSensor2 {
  baroCapPressure: 890.02
  baroCapAbsoluteUncertainty: 5.7
}
