ephemerisTime: 5.39536209E8
localMeanSolarTime: " 01600M13:42:10.272 "
localTrueSolarTime: " 01600 12:54:23 "
boomOne {
  boomAirTemp: 257.61
  boomIntermediateAirTemp: 255.11
  boomAtsAirTemp: 251.67
  internalAirTempUncertainty: 0.14
  intermediateTempUncertainty: 0.32
  tipAirTempUncertainty: 0.32
  atsBoomConfidenceLevel: "    111XX1111 "
}
boomTwo {
  boomAirTemp: 261.06
  boomIntermediateAirTemp: 256.59
  boomAtsAirTemp: 252.73
  internalAirTempUncertainty: 0.16
  intermediateTempUncertainty: 0.12
  tipAirTempUncertainty: 0.35
  atsBoomConfidenceLevel: "    111XX1111 "
}
channelAHumidity {
  percentage: 0.98
  uncertainty: 2.0
}
channelBHumidity {
  percentage: 0.95
  uncertainty: 2.0
}
channelCHumidity {
  percentage: 1.04
  uncertainty: 2.0
}
humiditySensorTemp: 261.26
hsConfidenceLevel: "     0XXX "
pressureSensorConfig: " 2H "
pressureSensorConfidenceLevel: "      111 "
pressureSensor1 {
}
pressureSensor2 {
  baroCapPressure: 818.86
  baroCapAbsoluteUncertainty: 5.7
}
