ephemerisTime: 5.22731948E8
localMeanSolarTime: " 01411M06:42:04.720 "
localTrueSolarTime: " 01411 07:21:43 "
boomOne {
  boomAirTemp: 215.26
  boomIntermediateAirTemp: 215.21
  boomAtsAirTemp: 214.96
  internalAirTempUncertainty: 0.14
  intermediateTempUncertainty: 0.32
  tipAirTempUncertainty: 0.32
  atsBoomConfidenceLevel: "    111XX0011 "
}
boomTwo {
  boomAirTemp: 218.21
  boomIntermediateAirTemp: 220.0
  boomAtsAirTemp: 216.82
  internalAirTempUncertainty: 0.16
  intermediateTempUncertainty: 0.12
  tipAirTempUncertainty: 0.35
  atsBoomConfidenceLevel: "    111XX0001 "
}
channelAHumidity {
  percentage: 3.15
  uncertainty: 10.0
}
channelBHumidity {
  percentage: 3.23
  uncertainty: 10.0
}
channelCHumidity {
  percentage: 3.41
  uncertainty: 10.0
}
humiditySensorTemp: 219.37
hsConfidenceLevel: "     0XXX "
pressureSensorConfig: " 2H "
pressureSensorConfidenceLevel: "      111 "
pressureSensor1 {
}
pressureSensor2 {
  baroCapPressure: 817.49
  baroCapAbsoluteUncertainty: 5.1
}
