ephemerisTime: 5.44198316E8
localMeanSolarTime: " 01653M02:05:42.150 "
localTrueSolarTime: " 01653 01:16:06 "
boomOne {
  boomAirTemp: 207.82
  boomIntermediateAirTemp: 207.22
  boomAtsAirTemp: 207.63
  internalAirTempUncertainty: 0.55
  intermediateTempUncertainty: 0.32
  tipAirTempUncertainty: 1.19
  atsBoomConfidenceLevel: "    011XX1111 "
}
boomTwo {
  boomAirTemp: 204.04
  boomIntermediateAirTemp: 204.09
  boomAtsAirTemp: 172.83
  internalAirTempUncertainty: 1.13
  intermediateTempUncertainty: 1.06
  tipAirTempUncertainty: 1.58
  atsBoomConfidenceLevel: "    011XX1110 "
}
channelAHumidity {
  percentage: 7.6
  uncertainty: 10.0
}
channelBHumidity {
  percentage: 7.66
  uncertainty: 10.0
}
channelCHumidity {
  percentage: 7.95
  uncertainty: 10.0
}
humiditySensorTemp: 208.59
hsConfidenceLevel: "     0XXX "
pressureSensorConfig: " 2H "
pressureSensorConfidenceLevel: "      111 "
pressureSensor1 {
  baroCapPressure: 854.15
  baroCapAbsoluteUncertainty: 5.1
}
pressureSensor2 {
  baroCapPressure: 851.15
  baroCapAbsoluteUncertainty: 6.4
}
