ephemerisTime: 5.09228304E8
localMeanSolarTime: " 01259M04:00:56.164 "
localTrueSolarTime: " 01259 04:21:56 "
boomOne {
  boomAirTemp: 191.22
  boomIntermediateAirTemp: 192.34
  boomAtsAirTemp: 191.46
  internalAirTempUncertainty: 0.55
  intermediateTempUncertainty: 0.32
  tipAirTempUncertainty: 1.19
  atsBoomConfidenceLevel: "    011XX1111 "
}
boomTwo {
  boomAirTemp: 150.2
  boomIntermediateAirTemp: 149.44
  boomAtsAirTemp: 133.92
  internalAirTempUncertainty: 1.13
  intermediateTempUncertainty: 1.06
  tipAirTempUncertainty: 1.58
  atsBoomConfidenceLevel: "    011XX1110 "
}
channelBHumidity {
}
channelCHumidity {
}
hsConfidenceLevel: "      UNK "
pressureSensorConfig: " 2H "
pressureSensorConfidenceLevel: "      101 "
pressureSensor1 {
}
pressureSensor2 {
  thermoCapTemp: 280.31
  baroCapPressure: 807.87
  baroCapAbsoluteUncertainty: 6.0
}
