ephemerisTime: 5.15397548E8
localMeanSolarTime: " 01328M15:51:34.375 "
localTrueSolarTime: " 01328 16:22:57 "
boomOne {
  boomAirTemp: 263.12
  boomIntermediateAirTemp: 259.68
  boomAtsAirTemp: 255.3
  internalAirTempUncertainty: 0.14
  intermediateTempUncertainty: 0.32
  tipAirTempUncertainty: 0.32
  atsBoomConfidenceLevel: "    111XX0001 "
}
boomTwo {
  boomAirTemp: 265.89
  boomIntermediateAirTemp: 266.5
  boomAtsAirTemp: 263.65
  internalAirTempUncertainty: 0.16
  intermediateTempUncertainty: 0.12
  tipAirTempUncertainty: 0.35
  atsBoomConfidenceLevel: "    111XX0001 "
}
channelAHumidity {
  percentage: 0.8
  uncertainty: 2.0
}
channelBHumidity {
  percentage: 0.76
  uncertainty: 2.0
}
channelCHumidity {
  percentage: 0.81
  uncertainty: 2.0
}
humiditySensorTemp: 266.0
hsConfidenceLevel: "     0XXX "
pressureSensorConfig: " 2H "
pressureSensorConfidenceLevel: "      111 "
pressureSensor1 {
}
pressureSensor2 {
  baroCapPressure: 691.52
  baroCapAbsoluteUncertainty: 5.1
}
