ephemerisTime: 5.10031028E8
localMeanSolarTime: " 01268M05:01:50.094 "
localTrueSolarTime: " 01268 05:24:03 "
boomOne {
  boomAirTemp: 193.11
  boomIntermediateAirTemp: 192.54
  boomAtsAirTemp: 191.4
  internalAirTempUncertainty: 0.14
  intermediateTempUncertainty: 0.32
  tipAirTempUncertainty: 0.32
  atsBoomConfidenceLevel: "    111XX1111 "
}
boomTwo {
  atsBoomConfidenceLevel: "          UNK "
}
channelBHumidity {
}
channelCHumidity {
}
hsConfidenceLevel: "      UNK "
pressureSensorConfig: " 2H "
pressureSensorConfidenceLevel: "      101 "
pressureSensor1 {
}
pressureSensor2 {
  baroCapPressure: 795.45
  baroCapAbsoluteUncertainty: 6.0
}
