ephemerisTime: 5.24152148E8
localMeanSolarTime: " 01427M06:38:59.317 "
localTrueSolarTime: " 01427 07:17:24 "
boomOne {
  boomAirTemp: 218.84
  boomIntermediateAirTemp: 219.39
  boomAtsAirTemp: 217.18
  internalAirTempUncertainty: 0.14
  intermediateTempUncertainty: 0.32
  tipAirTempUncertainty: 0.32
  atsBoomConfidenceLevel: "    111XX0001 "
}
boomTwo {
  boomAirTemp: 216.47
  boomIntermediateAirTemp: 215.3
  boomAtsAirTemp: 214.57
  internalAirTempUncertainty: 0.16
  intermediateTempUncertainty: 0.12
  tipAirTempUncertainty: 0.35
  atsBoomConfidenceLevel: "    111XX0001 "
}
channelAHumidity {
  percentage: 3.24
  uncertainty: 10.0
}
channelBHumidity {
  percentage: 3.41
  uncertainty: 10.0
}
channelCHumidity {
  percentage: 3.57
  uncertainty: 10.0
}
humiditySensorTemp: 217.61
hsConfidenceLevel: "     0XXX "
pressureSensorConfig: " 2H "
pressureSensorConfidenceLevel: "      111 "
pressureSensor1 {
  thermoCapTemp: 282.71
}
pressureSensor2 {
  baroCapPressure: 841.19
  baroCapAbsoluteUncertainty: 5.3
}
