ephemerisTime: 5.37328873E8
localMeanSolarTime: " 01575M16:57:12.821 "
localTrueSolarTime: " 01575 16:18:20 "
boomOne {
  boomAirTemp: 272.0
  boomIntermediateAirTemp: 270.19
  boomAtsAirTemp: 264.48
  internalAirTempUncertainty: 0.14
  intermediateTempUncertainty: 0.15
  tipAirTempUncertainty: 0.19
  atsBoomConfidenceLevel: "    101XX0001 "
}
boomTwo {
  boomAirTemp: 265.03
  boomIntermediateAirTemp: 266.1
  boomAtsAirTemp: 264.85
  internalAirTempUncertainty: 0.33
  intermediateTempUncertainty: 0.29
  tipAirTempUncertainty: 0.5
  atsBoomConfidenceLevel: "    101XX0001 "
}
channelBHumidity {
}
channelCHumidity {
}
hsConfidenceLevel: "      UNK "
pressureSensorConfig: " 2H "
pressureSensorConfidenceLevel: "      101 "
pressureSensor1 {
}
pressureSensor2 {
  thermoCapTemp: 302.61
  baroCapPressure: 821.39
  baroCapAbsoluteUncertainty: 5.7
}
