ephemerisTime: 5.09072944E8
localMeanSolarTime: " 01257M10:00:51.503 "
localTrueSolarTime: " 01257 10:21:38 "
boomOne {
  boomAirTemp: 238.87
  boomIntermediateAirTemp: 233.99
  boomAtsAirTemp: 229.81
  internalAirTempUncertainty: 0.14
  intermediateTempUncertainty: 0.32
  tipAirTempUncertainty: 0.32
  atsBoomConfidenceLevel: "    111XX0001 "
}
boomTwo {
  boomAirTemp: 230.59
  boomIntermediateAirTemp: 224.82
  boomAtsAirTemp: 223.98
  internalAirTempUncertainty: 0.16
  intermediateTempUncertainty: 0.12
  tipAirTempUncertainty: 0.35
  atsBoomConfidenceLevel: "    111XX0001 "
}
channelBHumidity {
}
channelCHumidity {
}
hsConfidenceLevel: "      UNK "
pressureSensorConfig: " 2H "
pressureSensorConfidenceLevel: "      101 "
pressureSensor1 {
}
pressureSensor2 {
  thermoCapTemp: 280.27
  baroCapPressure: 792.33
  baroCapAbsoluteUncertainty: 6.0
}
