ephemerisTime: 5.439394E8
localMeanSolarTime: " 01650M04:05:51.251 "
localTrueSolarTime: " 01650 03:15:51 "
boomOne {
  boomAirTemp: 207.27
  boomIntermediateAirTemp: 206.95
  boomAtsAirTemp: 206.52
  internalAirTempUncertainty: 0.55
  intermediateTempUncertainty: 0.32
  tipAirTempUncertainty: 1.19
  atsBoomConfidenceLevel: "    011XX1111 "
}
boomTwo {
  boomAirTemp: 202.39
  boomIntermediateAirTemp: 202.3
  boomAtsAirTemp: 154.97
  internalAirTempUncertainty: 1.13
  intermediateTempUncertainty: 1.06
  tipAirTempUncertainty: 1.58
  atsBoomConfidenceLevel: "    011XX1110 "
}
channelAHumidity {
  percentage: 8.59
  uncertainty: 10.0
}
channelBHumidity {
  percentage: 8.61
  uncertainty: 10.0
}
channelCHumidity {
  percentage: 8.95
  uncertainty: 10.0
}
humiditySensorTemp: 208.3
hsConfidenceLevel: "     0XXX "
pressureSensorConfig: " 2H "
pressureSensorConfidenceLevel: "      111 "
pressureSensor1 {
}
pressureSensor2 {
  baroCapPressure: 855.1
  baroCapAbsoluteUncertainty: 6.4
}
