ephemerisTime: 5.41013239E8
localMeanSolarTime: " 01617M05:00:54.865 "
localTrueSolarTime: " 01617 04:10:14 "
boomOne {
  boomAirTemp: 202.02
  boomIntermediateAirTemp: 203.73
  boomAtsAirTemp: 204.82
  internalAirTempUncertainty: 0.55
  intermediateTempUncertainty: 0.32
  tipAirTempUncertainty: 1.19
  atsBoomConfidenceLevel: "    011XX1111 "
}
boomTwo {
  boomAirTemp: 158.57
  boomIntermediateAirTemp: 161.29
  boomAtsAirTemp: 147.95
  internalAirTempUncertainty: 1.13
  intermediateTempUncertainty: 1.06
  tipAirTempUncertainty: 1.58
  atsBoomConfidenceLevel: "    011XX1110 "
}
channelBHumidity {
}
channelCHumidity {
}
hsConfidenceLevel: "      UNK "
pressureSensorConfig: " 2H "
pressureSensorConfidenceLevel: "      101 "
pressureSensor1 {
}
pressureSensor2 {
  thermoCapTemp: 280.24
  baroCapPressure: 867.89
  baroCapAbsoluteUncertainty: 5.7
}
