ephemerisTime: 5.08409108E8
localMeanSolarTime: " 01249M22:32:50.804 "
localTrueSolarTime: " 01249 22:52:38 "
boomOne {
  boomAirTemp: 205.79
  boomIntermediateAirTemp: 204.52
  boomAtsAirTemp: 204.39
  internalAirTempUncertainty: 0.55
  intermediateTempUncertainty: 0.32
  tipAirTempUncertainty: 1.19
  atsBoomConfidenceLevel: "    011XX1111 "
}
boomTwo {
  boomAirTemp: 200.38
  boomIntermediateAirTemp: 200.9
  boomAtsAirTemp: 150.09
  internalAirTempUncertainty: 1.13
  intermediateTempUncertainty: 1.06
  tipAirTempUncertainty: 1.58
  atsBoomConfidenceLevel: "    011XX1110 "
}
channelAHumidity {
  percentage: 11.21
  uncertainty: 10.0
}
channelBHumidity {
  percentage: 11.3
  uncertainty: 10.0
}
channelCHumidity {
  percentage: 11.51
  uncertainty: 10.0
}
humiditySensorTemp: 207.14
hsConfidenceLevel: "     0XXX "
pressureSensorConfig: " 2H "
pressureSensorConfidenceLevel: "      111 "
pressureSensor1 {
}
pressureSensor2 {
  baroCapPressure: 810.48
  baroCapAbsoluteUncertainty: 6.0
}
