ephemerisTime: 5.13430592E8
localMeanSolarTime: " 01306M12:05:47.597 "
localTrueSolarTime: " 01306 12:33:37 "
boomOne {
  boomAirTemp: 243.44
  boomIntermediateAirTemp: 240.98
  boomAtsAirTemp: 238.34
  internalAirTempUncertainty: 0.14
  intermediateTempUncertainty: 0.32
  tipAirTempUncertainty: 0.32
  atsBoomConfidenceLevel: "    111XX1111 "
}
boomTwo {
  boomAirTemp: 245.79
  boomIntermediateAirTemp: 241.41
  boomAtsAirTemp: 239.05
  internalAirTempUncertainty: 0.16
  intermediateTempUncertainty: 0.12
  tipAirTempUncertainty: 0.35
  atsBoomConfidenceLevel: "    111XX1111 "
}
channelAHumidity {
  percentage: 1.42
  uncertainty: 2.0
}
channelBHumidity {
  percentage: 1.45
  uncertainty: 2.0
}
channelCHumidity {
  percentage: 1.52
  uncertainty: 2.0
}
humiditySensorTemp: 246.01
hsConfidenceLevel: "     0XXX "
pressureSensorConfig: " 2H "
pressureSensorConfidenceLevel: "      111 "
pressureSensor1 {
}
pressureSensor2 {
  baroCapPressure: 730.77
  baroCapAbsoluteUncertainty: 5.1
}
