ephemerisTime: 5.43650887E8
localMeanSolarTime: " 01646M22:05:54.969 "
localTrueSolarTime: " 01646 21:15:31 "
boomOne {
  boomAirTemp: 220.29
  boomIntermediateAirTemp: 220.75
  boomAtsAirTemp: 220.85
  internalAirTempUncertainty: 0.14
  intermediateTempUncertainty: 0.32
  tipAirTempUncertainty: 0.32
  atsBoomConfidenceLevel: "    111XX1111 "
}
boomTwo {
  boomAirTemp: 217.48
  boomIntermediateAirTemp: 219.56
  boomAtsAirTemp: 219.15
  internalAirTempUncertainty: 0.16
  intermediateTempUncertainty: 0.12
  tipAirTempUncertainty: 0.35
  atsBoomConfidenceLevel: "    111XX1111 "
}
channelAHumidity {
  percentage: 3.9
  uncertainty: 10.0
}
channelBHumidity {
  percentage: 3.95
  uncertainty: 10.0
}
channelCHumidity {
  percentage: 4.17
  uncertainty: 10.0
}
humiditySensorTemp: 220.23
hsConfidenceLevel: "     0XXX "
pressureSensorConfig: " 2H "
pressureSensorConfidenceLevel: "      111 "
pressureSensor1 {
  baroCapPressure: 838.01
  baroCapAbsoluteUncertainty: 4.9
}
pressureSensor2 {
  baroCapPressure: 835.43
  baroCapAbsoluteUncertainty: 5.7
}
