ephemerisTime: 5.19348582E8
localMeanSolarTime: " 01373M04:00:51.977 "
localTrueSolarTime: " 01373 04:38:40 "
boomOne {
  boomAirTemp: 202.41
  boomIntermediateAirTemp: 202.31
  boomAtsAirTemp: 202.32
  internalAirTempUncertainty: 0.55
  intermediateTempUncertainty: 0.32
  tipAirTempUncertainty: 1.19
  atsBoomConfidenceLevel: "    011XX1111 "
}
boomTwo {
  boomAirTemp: 164.52
  boomIntermediateAirTemp: 165.1
  boomAtsAirTemp: 146.49
  internalAirTempUncertainty: 1.13
  intermediateTempUncertainty: 1.06
  tipAirTempUncertainty: 1.58
  atsBoomConfidenceLevel: "    011XX1110 "
}
channelBHumidity {
}
channelCHumidity {
}
hsConfidenceLevel: "      UNK "
pressureSensorConfig: " 2H "
pressureSensorConfidenceLevel: "      101 "
pressureSensor1 {
}
pressureSensor2 {
  thermoCapTemp: 279.68
  baroCapPressure: 765.46
  baroCapAbsoluteUncertainty: 5.1
}
