ephemerisTime: 5.37506938E8
localMeanSolarTime: " 01577M17:05:35.203 "
localTrueSolarTime: " 01577 16:25:47 "
boomOne {
  boomAirTemp: 271.66
  boomIntermediateAirTemp: 274.52
  boomAtsAirTemp: 272.31
  internalAirTempUncertainty: 0.14
  intermediateTempUncertainty: 0.32
  tipAirTempUncertainty: 0.32
  atsBoomConfidenceLevel: "    111XX0001 "
}
boomTwo {
  boomAirTemp: 265.48
  boomIntermediateAirTemp: 263.81
  boomAtsAirTemp: 259.26
  internalAirTempUncertainty: 0.16
  intermediateTempUncertainty: 0.12
  tipAirTempUncertainty: 0.35
  atsBoomConfidenceLevel: "    111XX0001 "
}
channelAHumidity {
  percentage: 1.02
  uncertainty: 2.0
}
channelBHumidity {
  percentage: 1.0
  uncertainty: 2.0
}
channelCHumidity {
  percentage: 1.04
  uncertainty: 2.0
}
humiditySensorTemp: 265.29
hsConfidenceLevel: "     0XXX "
pressureSensorConfig: " 2H "
pressureSensorConfidenceLevel: "      111 "
pressureSensor1 {
  baroCapPressure: 818.56
  baroCapAbsoluteUncertainty: 4.9
}
pressureSensor2 {
  baroCapPressure: 815.96
  baroCapAbsoluteUncertainty: 5.7
}
