ephemerisTime: 5.05873664E8
localMeanSolarTime: " 01221M09:05:41.099 "
localTrueSolarTime: " 01221 09:21:38 "
boomOne {
  boomAirTemp: 235.28
  boomIntermediateAirTemp: 234.21
  boomAtsAirTemp: 233.41
  internalAirTempUncertainty: 0.14
  intermediateTempUncertainty: 0.32
  tipAirTempUncertainty: 0.32
  atsBoomConfidenceLevel: "    111XX0001 "
}
boomTwo {
  boomAirTemp: 229.64
  boomIntermediateAirTemp: 223.87
  boomAtsAirTemp: 218.77
  internalAirTempUncertainty: 0.16
  intermediateTempUncertainty: 0.12
  tipAirTempUncertainty: 0.35
  atsBoomConfidenceLevel: "    111XX0001 "
}
channelAHumidity {
  percentage: 2.23
  uncertainty: 10.0
}
channelBHumidity {
  percentage: 2.27
  uncertainty: 10.0
}
channelCHumidity {
  percentage: 2.41
  uncertainty: 10.0
}
humiditySensorTemp: 229.62
hsConfidenceLevel: "     0XXX "
pressureSensorConfig: " 2H "
pressureSensorConfidenceLevel: "      111 "
pressureSensor1 {
}
pressureSensor2 {
  baroCapPressure: 849.2
  baroCapAbsoluteUncertainty: 6.0
}
