ephemerisTime: 5.31215057E8
localMeanSolarTime: " 01506M20:05:40.102 "
localTrueSolarTime: " 01506 20:11:11 "
boomOne {
  boomAirTemp: 229.03
  boomIntermediateAirTemp: 229.98
  boomAtsAirTemp: 232.02
  internalAirTempUncertainty: 0.14
  intermediateTempUncertainty: 0.32
  tipAirTempUncertainty: 0.32
  atsBoomConfidenceLevel: "    111XX1111 "
}
boomTwo {
  boomAirTemp: 225.73
  boomIntermediateAirTemp: 228.45
  boomAtsAirTemp: 228.68
  internalAirTempUncertainty: 0.16
  intermediateTempUncertainty: 0.12
  tipAirTempUncertainty: 0.35
  atsBoomConfidenceLevel: "    111XX1111 "
}
channelAHumidity {
  percentage: 2.56
  uncertainty: 10.0
}
channelBHumidity {
  percentage: 2.62
  uncertainty: 10.0
}
channelCHumidity {
  percentage: 2.78
  uncertainty: 10.0
}
humiditySensorTemp: 228.75
hsConfidenceLevel: "     0XXX "
pressureSensorConfig: " 2H "
pressureSensorConfidenceLevel: "      111 "
pressureSensor1 {
  baroCapPressure: 896.56
  baroCapAbsoluteUncertainty: 4.7
}
pressureSensor2 {
  baroCapPressure: 894.05
  baroCapAbsoluteUncertainty: 5.3
}
