ephemerisTime: 5.12405984E8
localMeanSolarTime: " 01294M23:05:44.293 "
localTrueSolarTime: " 01294 23:31:47 "
boomOne {
  boomAirTemp: 206.12
  boomIntermediateAirTemp: 206.29
  boomAtsAirTemp: 205.74
  internalAirTempUncertainty: 0.14
  intermediateTempUncertainty: 0.32
  tipAirTempUncertainty: 0.32
  atsBoomConfidenceLevel: "    111XX1111 "
}
boomTwo {
  boomAirTemp: 197.78
  boomIntermediateAirTemp: 200.22
  boomAtsAirTemp: 149.69
  internalAirTempUncertainty: 1.13
  intermediateTempUncertainty: 1.06
  tipAirTempUncertainty: 1.58
  atsBoomConfidenceLevel: "    011XX1110 "
}
channelAHumidity {
  percentage: 10.5
  uncertainty: 10.0
}
channelBHumidity {
  percentage: 10.47
  uncertainty: 10.0
}
channelCHumidity {
  percentage: 10.78
  uncertainty: 10.0
}
humiditySensorTemp: 206.77
hsConfidenceLevel: "     0XXX "
pressureSensorConfig: " 2H "
pressureSensorConfidenceLevel: "      111 "
pressureSensor1 {
  baroCapPressure: 772.16
  baroCapAbsoluteUncertainty: 4.4
}
pressureSensor2 {
  baroCapPressure: 768.86
  baroCapAbsoluteUncertainty: 6.0
}
