ephemerisTime: 5.11628904E8
localMeanSolarTime: " 01286M05:00:48.477 "
localTrueSolarTime: " 01286 05:25:33 "
boomOne {
  boomAirTemp: 194.26
  boomIntermediateAirTemp: 194.0
  boomAtsAirTemp: 193.4
  internalAirTempUncertainty: 0.55
  intermediateTempUncertainty: 0.32
  tipAirTempUncertainty: 1.19
  atsBoomConfidenceLevel: "    011XX1111 "
}
boomTwo {
  boomAirTemp: 141.57
  boomIntermediateAirTemp: 142.67
  boomAtsAirTemp: 133.84
  internalAirTempUncertainty: 1.13
  intermediateTempUncertainty: 1.06
  tipAirTempUncertainty: 1.58
  atsBoomConfidenceLevel: "    011XX1110 "
}
channelBHumidity {
}
channelCHumidity {
}
hsConfidenceLevel: "      UNK "
pressureSensorConfig: " 2H "
pressureSensorConfidenceLevel: "      101 "
pressureSensor1 {
}
pressureSensor2 {
  thermoCapTemp: 279.1
  baroCapPressure: 778.53
  baroCapAbsoluteUncertainty: 6.0
}
