ephemerisTime: 5.27941388E8
localMeanSolarTime: " 01469M23:03:50.345 "
localTrueSolarTime: " 01469 23:30:22 "
boomOne {
  boomAirTemp: 218.08
  boomIntermediateAirTemp: 218.99
  boomAtsAirTemp: 220.41
  internalAirTempUncertainty: 0.14
  intermediateTempUncertainty: 0.32
  tipAirTempUncertainty: 0.32
  atsBoomConfidenceLevel: "    111XX1111 "
}
boomTwo {
  boomAirTemp: 216.98
  boomIntermediateAirTemp: 219.25
  boomAtsAirTemp: 219.9
  internalAirTempUncertainty: 0.16
  intermediateTempUncertainty: 0.12
  tipAirTempUncertainty: 0.35
  atsBoomConfidenceLevel: "    111XX1111 "
}
channelAHumidity {
  percentage: 4.09
  uncertainty: 10.0
}
channelBHumidity {
  percentage: 4.17
  uncertainty: 10.0
}
channelCHumidity {
  percentage: 4.38
  uncertainty: 10.0
}
humiditySensorTemp: 218.68
hsConfidenceLevel: "     0XXX "
pressureSensorConfig: " 2H "
pressureSensorConfidenceLevel: "      111 "
pressureSensor1 {
}
pressureSensor2 {
  baroCapPressure: 894.25
  baroCapAbsoluteUncertainty: 5.3
}
