ephemerisTime: 5.24690137E8
localMeanSolarTime: " 01433M08:05:38.985 "
localTrueSolarTime: " 01433 08:43:10 "
boomOne {
  boomAirTemp: 229.18
  boomIntermediateAirTemp: 229.38
  boomAtsAirTemp: 227.3
  internalAirTempUncertainty: 0.14
  intermediateTempUncertainty: 0.32
  tipAirTempUncertainty: 0.32
  atsBoomConfidenceLevel: "    111XX1111 "
}
boomTwo {
  boomAirTemp: 242.23
  boomIntermediateAirTemp: 243.04
  boomAtsAirTemp: 240.99
  internalAirTempUncertainty: 0.16
  intermediateTempUncertainty: 0.12
  tipAirTempUncertainty: 0.35
  atsBoomConfidenceLevel: "    111XX0001 "
}
channelAHumidity {
  percentage: 1.58
  uncertainty: 10.0
}
channelBHumidity {
  percentage: 1.58
  uncertainty: 10.0
}
channelCHumidity {
  percentage: 1.67
  uncertainty: 10.0
}
humiditySensorTemp: 242.3
hsConfidenceLevel: "     0XXX "
pressureSensorConfig: " 2H "
pressureSensorConfidenceLevel: "      111 "
pressureSensor1 {
  baroCapPressure: 840.66
  baroCapAbsoluteUncertainty: 4.7
}
pressureSensor2 {
  baroCapPressure: 837.89
  baroCapAbsoluteUncertainty: 5.3
}
