ephemerisTime: 5.20747078E8
localMeanSolarTime: " 01388M22:05:43.080 "
localTrueSolarTime: " 01388 22:44:56 "
boomOne {
  boomAirTemp: 220.29
  boomIntermediateAirTemp: 219.61
  boomAtsAirTemp: 219.04
  internalAirTempUncertainty: 0.14
  intermediateTempUncertainty: 0.32
  tipAirTempUncertainty: 0.32
  atsBoomConfidenceLevel: "    111XX1111 "
}
boomTwo {
  boomAirTemp: 219.2
  boomIntermediateAirTemp: 218.45
  boomAtsAirTemp: 218.15
  internalAirTempUncertainty: 0.16
  intermediateTempUncertainty: 0.12
  tipAirTempUncertainty: 0.35
  atsBoomConfidenceLevel: "    111XX1111 "
}
channelAHumidity {
  percentage: 3.74
  uncertainty: 10.0
}
channelBHumidity {
  percentage: 3.8
  uncertainty: 10.0
}
channelCHumidity {
  percentage: 4.03
  uncertainty: 10.0
}
humiditySensorTemp: 220.84
hsConfidenceLevel: "     0XXX "
pressureSensorConfig: " 2H "
pressureSensorConfidenceLevel: "      111 "
pressureSensor1 {
}
pressureSensor2 {
  baroCapPressure: 764.31
  baroCapAbsoluteUncertainty: 5.1
}
