ephemerisTime: 5.41926309E8
localMeanSolarTime: " 01627M11:51:43.423 "
localTrueSolarTime: " 01627 11:00:24 "
boomOne {
  boomAirTemp: 249.36
  boomIntermediateAirTemp: 242.95
  boomAtsAirTemp: 239.8
  internalAirTempUncertainty: 0.14
  intermediateTempUncertainty: 0.32
  tipAirTempUncertainty: 0.32
  atsBoomConfidenceLevel: "    111XX0001 "
}
boomTwo {
  boomAirTemp: 246.43
  boomIntermediateAirTemp: 241.61
  boomAtsAirTemp: 237.63
  internalAirTempUncertainty: 0.16
  intermediateTempUncertainty: 0.12
  tipAirTempUncertainty: 0.35
  atsBoomConfidenceLevel: "    111XX1111 "
}
channelAHumidity {
  percentage: 1.49
  uncertainty: 2.0
}
channelBHumidity {
  percentage: 1.49
  uncertainty: 2.0
}
channelCHumidity {
  percentage: 1.57
  uncertainty: 2.0
}
humiditySensorTemp: 247.15
hsConfidenceLevel: "     0XXX "
pressureSensorConfig: " 2H "
pressureSensorConfidenceLevel: "      111 "
pressureSensor1 {
}
pressureSensor2 {
  baroCapPressure: 834.84
  baroCapAbsoluteUncertainty: 5.7
}
