ephemerisTime: 5.08740335E8
localMeanSolarTime: " 01253M16:05:38.635 "
localTrueSolarTime: " 01253 16:25:55 "
boomOne {
  boomAirTemp: 241.95
  boomIntermediateAirTemp: 241.06
  boomAtsAirTemp: 239.69
  internalAirTempUncertainty: 0.14
  intermediateTempUncertainty: 0.32
  tipAirTempUncertainty: 0.32
  atsBoomConfidenceLevel: "    111XX1111 "
}
boomTwo {
  boomAirTemp: 248.07
  boomIntermediateAirTemp: 245.08
  boomAtsAirTemp: 242.3
  internalAirTempUncertainty: 0.16
  intermediateTempUncertainty: 0.12
  tipAirTempUncertainty: 0.35
  atsBoomConfidenceLevel: "    111XX0001 "
}
channelAHumidity {
  percentage: 1.53
  uncertainty: 2.0
}
channelBHumidity {
  percentage: 1.55
  uncertainty: 2.0
}
channelCHumidity {
  percentage: 1.63
  uncertainty: 2.0
}
humiditySensorTemp: 247.79
hsConfidenceLevel: "     0XXX "
pressureSensorConfig: " 2H "
pressureSensorConfidenceLevel: "      111 "
pressureSensor1 {
  baroCapPressure: 767.44
  baroCapAbsoluteUncertainty: 4.4
}
pressureSensor2 {
  baroCapPressure: 763.67
  baroCapAbsoluteUncertainty: 6.0
}
