ephemerisTime: 5.12550188E8
localMeanSolarTime: " 01296M14:04:51.339 "
localTrueSolarTime: " 01296 14:31:09 "
boomOne {
  boomAirTemp: 250.99
  boomIntermediateAirTemp: 247.89
  boomAtsAirTemp: 246.53
  internalAirTempUncertainty: 0.14
  intermediateTempUncertainty: 0.32
  tipAirTempUncertainty: 0.32
  atsBoomConfidenceLevel: "    111XX0111 "
}
boomTwo {
  boomAirTemp: 259.57
  boomIntermediateAirTemp: 251.76
  boomAtsAirTemp: 249.41
  internalAirTempUncertainty: 0.16
  intermediateTempUncertainty: 0.12
  tipAirTempUncertainty: 0.35
  atsBoomConfidenceLevel: "    111XX0001 "
}
channelAHumidity {
  percentage: 1.06
  uncertainty: 2.0
}
channelBHumidity {
  percentage: 1.06
  uncertainty: 2.0
}
channelCHumidity {
  percentage: 1.13
  uncertainty: 2.0
}
humiditySensorTemp: 258.89
hsConfidenceLevel: "     0XXX "
pressureSensorConfig: " 2H "
pressureSensorConfidenceLevel: "      110 "
pressureSensor1 {
}
pressureSensor2 {
  thermoCapTemp: 295.05
  baroCapPressure: 726.49
  baroCapAbsoluteUncertainty: 6.0
}
