ephemerisTime: 5.2735711E8
localMeanSolarTime: " 01463M09:06:19.746 "
localTrueSolarTime: " 01463 09:35:35 "
boomOne {
  boomAirTemp: 254.5
  boomIntermediateAirTemp: 251.96
  boomAtsAirTemp: 249.65
  internalAirTempUncertainty: 0.14
  intermediateTempUncertainty: 0.32
  tipAirTempUncertainty: 0.32
  atsBoomConfidenceLevel: "    111XX0001 "
}
boomTwo {
  boomAirTemp: 245.15
  boomIntermediateAirTemp: 244.23
  boomAtsAirTemp: 241.65
  internalAirTempUncertainty: 0.16
  intermediateTempUncertainty: 0.12
  tipAirTempUncertainty: 0.35
  atsBoomConfidenceLevel: "    111XX1111 "
}
channelAHumidity {
  percentage: 1.44
  uncertainty: 2.0
}
channelBHumidity {
  percentage: 1.49
  uncertainty: 2.0
}
channelCHumidity {
  percentage: 1.57
  uncertainty: 2.0
}
humiditySensorTemp: 245.73
hsConfidenceLevel: "     0XXX "
pressureSensorConfig: " 2H "
pressureSensorConfidenceLevel: "      111 "
pressureSensor1 {
  baroCapPressure: 894.36
  baroCapAbsoluteUncertainty: 4.7
}
pressureSensor2 {
  baroCapPressure: 891.66
  baroCapAbsoluteUncertainty: 5.3
}
