ephemerisTime: 5.32446273E8
localMeanSolarTime: " 01520M16:57:05.363 "
localTrueSolarTime: " 01520 16:52:59 "
boomOne {
  boomAirTemp: 266.59
  boomIntermediateAirTemp: 265.81
  boomAtsAirTemp: 264.54
  internalAirTempUncertainty: 0.14
  intermediateTempUncertainty: 0.15
  tipAirTempUncertainty: 0.19
  atsBoomConfidenceLevel: "    101XX0001 "
}
boomTwo {
  boomAirTemp: 253.66
  boomIntermediateAirTemp: 252.26
  boomAtsAirTemp: 251.64
  internalAirTempUncertainty: 0.33
  intermediateTempUncertainty: 0.29
  tipAirTempUncertainty: 0.5
  atsBoomConfidenceLevel: "    101XX1111 "
}
channelBHumidity {
}
channelCHumidity {
}
hsConfidenceLevel: "      UNK "
pressureSensorConfig: " 2H "
pressureSensorConfidenceLevel: "      101 "
pressureSensor1 {
}
pressureSensor2 {
  thermoCapTemp: 300.37
  baroCapPressure: 847.65
  baroCapAbsoluteUncertainty: 5.7
}
