ephemerisTime: 5.13241634E8
localMeanSolarTime: " 01304M09:00:43.566 "
localTrueSolarTime: " 01304 09:28:13 "
boomOne {
  boomAirTemp: 241.45
  boomIntermediateAirTemp: 242.84
  boomAtsAirTemp: 240.31
  internalAirTempUncertainty: 0.14
  intermediateTempUncertainty: 0.32
  tipAirTempUncertainty: 0.32
  atsBoomConfidenceLevel: "    111XX0001 "
}
boomTwo {
  boomAirTemp: 233.52
  boomIntermediateAirTemp: 228.82
  boomAtsAirTemp: 225.69
  internalAirTempUncertainty: 0.16
  intermediateTempUncertainty: 0.12
  tipAirTempUncertainty: 0.35
  atsBoomConfidenceLevel: "    111XX0001 "
}
channelBHumidity {
}
channelCHumidity {
}
hsConfidenceLevel: "      UNK "
pressureSensorConfig: " 2H "
pressureSensorConfidenceLevel: "      101 "
pressureSensor1 {
}
pressureSensor2 {
  thermoCapTemp: 280.62
  baroCapPressure: 758.93
  baroCapAbsoluteUncertainty: 5.1
}
