ephemerisTime: 5.27365448E8
localMeanSolarTime: " 01463M11:21:34.734 "
localTrueSolarTime: " 01463 11:50:48 "
boomOne {
  boomAirTemp: 264.51
  boomIntermediateAirTemp: 262.47
  boomAtsAirTemp: 256.73
  internalAirTempUncertainty: 0.14
  intermediateTempUncertainty: 0.32
  tipAirTempUncertainty: 0.32
  atsBoomConfidenceLevel: "    111XX1111 "
}
boomTwo {
  boomAirTemp: 261.5
  boomIntermediateAirTemp: 259.28
  boomAtsAirTemp: 254.78
  internalAirTempUncertainty: 0.16
  intermediateTempUncertainty: 0.12
  tipAirTempUncertainty: 0.35
  atsBoomConfidenceLevel: "    111XX1111 "
}
channelAHumidity {
  percentage: 0.86
  uncertainty: 2.0
}
channelBHumidity {
  percentage: 0.85
  uncertainty: 2.0
}
channelCHumidity {
  percentage: 0.9
  uncertainty: 2.0
}
humiditySensorTemp: 261.76
hsConfidenceLevel: "     0XXX "
pressureSensorConfig: " 2H "
pressureSensorConfidenceLevel: "      111 "
pressureSensor1 {
}
pressureSensor2 {
  thermoCapTemp: 294.55
  baroCapPressure: 858.16
  baroCapAbsoluteUncertainty: 5.3
}
