ephemerisTime: 5.06398628E8
localMeanSolarTime: " 01227M07:01:04.140 "
localTrueSolarTime: " 01227 07:17:51 "
boomOne {
  boomAirTemp: 204.25
  boomIntermediateAirTemp: 204.17
  boomAtsAirTemp: 200.79
  internalAirTempUncertainty: 0.55
  intermediateTempUncertainty: 0.32
  tipAirTempUncertainty: 1.19
  atsBoomConfidenceLevel: "    011XX0001 "
}
boomTwo {
  boomAirTemp: 195.35
  boomIntermediateAirTemp: 196.82
  boomAtsAirTemp: 145.28
  internalAirTempUncertainty: 1.13
  intermediateTempUncertainty: 1.06
  tipAirTempUncertainty: 1.58
  atsBoomConfidenceLevel: "    011XX0000 "
}
channelAHumidity {
  percentage: 12.17
  uncertainty: 20.0
}
channelBHumidity {
  percentage: 12.06
  uncertainty: 20.0
}
channelCHumidity {
  percentage: 12.59
  uncertainty: 20.0
}
humiditySensorTemp: 200.09
hsConfidenceLevel: "     0XXX "
pressureSensorConfig: " 2H "
pressureSensorConfidenceLevel: "      111 "
pressureSensor1 {
}
pressureSensor2 {
  baroCapPressure: 855.83
  baroCapAbsoluteUncertainty: 6.0
}
