ephemerisTime: 5.09506028E8
localMeanSolarTime: " 01262M07:05:52.015 "
localTrueSolarTime: " 01262 07:27:17 "
boomOne {
  boomAirTemp: 209.71
  boomIntermediateAirTemp: 213.16
  boomAtsAirTemp: 213.1
  internalAirTempUncertainty: 0.55
  intermediateTempUncertainty: 0.32
  tipAirTempUncertainty: 1.19
  atsBoomConfidenceLevel: "    011XX0001 "
}
boomTwo {
  boomAirTemp: 180.13
  boomIntermediateAirTemp: 182.89
  boomAtsAirTemp: 144.44
  internalAirTempUncertainty: 1.13
  intermediateTempUncertainty: 1.06
  tipAirTempUncertainty: 1.58
  atsBoomConfidenceLevel: "    011XX1110 "
}
channelAHumidity {
  percentage: 10.35
  uncertainty: 20.0
}
channelBHumidity {
  percentage: 10.38
  uncertainty: 20.0
}
channelCHumidity {
  percentage: 10.63
  uncertainty: 20.0
}
humiditySensorTemp: 201.15
hsConfidenceLevel: "     0XXX "
pressureSensorConfig: " 2H "
pressureSensorConfidenceLevel: "      111 "
pressureSensor1 {
  baroCapPressure: 815.6
  baroCapAbsoluteUncertainty: 4.4
}
pressureSensor2 {
  baroCapPressure: 811.75
  baroCapAbsoluteUncertainty: 6.0
}
