ephemerisTime: 5.29050874E8
localMeanSolarTime: " 01482M11:00:41.459 "
localTrueSolarTime: " 01482 11:21:06 "
boomOne {
  boomAirTemp: 253.2
  boomIntermediateAirTemp: 255.73
  boomAtsAirTemp: 252.29
  internalAirTempUncertainty: 0.14
  intermediateTempUncertainty: 0.32
  tipAirTempUncertainty: 0.32
  atsBoomConfidenceLevel: "    111XX1111 "
}
boomTwo {
  boomAirTemp: 260.38
  boomIntermediateAirTemp: 261.18
  boomAtsAirTemp: 261.14
  internalAirTempUncertainty: 0.16
  intermediateTempUncertainty: 0.12
  tipAirTempUncertainty: 0.35
  atsBoomConfidenceLevel: "    111XX0111 "
}
channelBHumidity {
}
channelCHumidity {
}
hsConfidenceLevel: "      UNK "
pressureSensorConfig: " 2H "
pressureSensorConfidenceLevel: "      101 "
pressureSensor1 {
}
pressureSensor2 {
  thermoCapTemp: 288.25
  baroCapPressure: 883.9
  baroCapAbsoluteUncertainty: 5.3
}
