ephemerisTime: 5.35298468E8
localMeanSolarTime: " 01552M20:02:14.082 "
localTrueSolarTime: " 01552 19:36:02 "
boomOne {
  boomAirTemp: 230.2
  boomIntermediateAirTemp: 230.15
  boomAtsAirTemp: 230.41
  internalAirTempUncertainty: 0.14
  intermediateTempUncertainty: 0.32
  tipAirTempUncertainty: 0.32
  atsBoomConfidenceLevel: "    111XX1111 "
}
boomTwo {
  boomAirTemp: 228.63
  boomIntermediateAirTemp: 228.96
  boomAtsAirTemp: 229.86
  internalAirTempUncertainty: 0.16
  intermediateTempUncertainty: 0.12
  tipAirTempUncertainty: 0.35
  atsBoomConfidenceLevel: "    111XX1111 "
}
channelAHumidity {
  percentage: 2.47
  uncertainty: 10.0
}
channelBHumidity {
  percentage: 2.52
  uncertainty: 10.0
}
channelCHumidity {
  percentage: 2.66
  uncertainty: 10.0
}
humiditySensorTemp: 230.28
hsConfidenceLevel: "     0XXX "
pressureSensorConfig: " 2H "
pressureSensorConfidenceLevel: "      111 "
