ephemerisTime: 5.43971169E8
localMeanSolarTime: " 01650M12:41:10.541 "
localTrueSolarTime: " 01650 11:51:13 "
boomOne {
  boomAirTemp: 256.1
  boomIntermediateAirTemp: 257.49
  boomAtsAirTemp: 255.88
  internalAirTempUncertainty: 0.14
  intermediateTempUncertainty: 0.32
  tipAirTempUncertainty: 0.32
  atsBoomConfidenceLevel: "    111XX1111 "
}
boomTwo {
  boomAirTemp: 250.71
  boomIntermediateAirTemp: 249.8
  boomAtsAirTemp: 246.22
  internalAirTempUncertainty: 0.16
  intermediateTempUncertainty: 0.12
  tipAirTempUncertainty: 0.35
  atsBoomConfidenceLevel: "    111XX1111 "
}
channelAHumidity {
  percentage: 1.28
  uncertainty: 2.0
}
channelBHumidity {
  percentage: 1.29
  uncertainty: 2.0
}
channelCHumidity {
  percentage: 1.36
  uncertainty: 2.0
}
humiditySensorTemp: 251.74
hsConfidenceLevel: "     0XXX "
pressureSensorConfig: " 2H "
pressureSensorConfidenceLevel: "      110 "
pressureSensor1 {
  thermoCapTemp: 288.64
}
pressureSensor2 {
  baroCapPressure: 817.33
  baroCapAbsoluteUncertainty: 6.4
}
