ephemerisTime: 5.17489088E8
localMeanSolarTime: " 01352M05:18:12.965 "
localTrueSolarTime: " 01352 05:53:16 "
boomOne {
  boomAirTemp: 204.19
  boomIntermediateAirTemp: 203.83
  boomAtsAirTemp: 203.48
  internalAirTempUncertainty: 0.55
  intermediateTempUncertainty: 0.32
  tipAirTempUncertainty: 1.19
  atsBoomConfidenceLevel: "    011XX1111 "
}
boomTwo {
  atsBoomConfidenceLevel: "          UNK "
}
channelBHumidity {
}
channelCHumidity {
}
hsConfidenceLevel: "      UNK "
pressureSensorConfig: " 2H "
pressureSensorConfidenceLevel: "      111 "
pressureSensor1 {
}
pressureSensor2 {
  thermoCapTemp: 281.47
  baroCapPressure: 760.08
  baroCapAbsoluteUncertainty: 5.1
}
