ephemerisTime: 5.30685908E8
localMeanSolarTime: " 01500M21:02:23.994 "
localTrueSolarTime: " 01500 21:11:51 "
boomOne {
  boomAirTemp: 225.16
  boomIntermediateAirTemp: 225.85
  boomAtsAirTemp: 226.07
  internalAirTempUncertainty: 0.14
  intermediateTempUncertainty: 0.32
  tipAirTempUncertainty: 0.32
  atsBoomConfidenceLevel: "    111XX1111 "
}
boomTwo {
  boomAirTemp: 220.84
  boomIntermediateAirTemp: 221.01
  boomAtsAirTemp: 221.6
  internalAirTempUncertainty: 0.16
  intermediateTempUncertainty: 0.12
  tipAirTempUncertainty: 0.35
  atsBoomConfidenceLevel: "    111XX1111 "
}
channelAHumidity {
  percentage: 2.98
  uncertainty: 10.0
}
channelBHumidity {
  percentage: 3.05
  uncertainty: 10.0
}
channelCHumidity {
  percentage: 3.22
  uncertainty: 10.0
}
humiditySensorTemp: 225.84
hsConfidenceLevel: "     0XXX "
pressureSensorConfig: " 2H "
pressureSensorConfidenceLevel: "      101 "
pressureSensor1 {
}
pressureSensor2 {
  baroCapPressure: 902.11
  baroCapAbsoluteUncertainty: 5.3
}
