ephemerisTime: 5.24120194E8
localMeanSolarTime: " 01426M22:00:39.975 "
localTrueSolarTime: " 01426 22:39:07 "
boomOne {
  boomAirTemp: 219.14
  boomIntermediateAirTemp: 219.48
  boomAtsAirTemp: 219.18
  internalAirTempUncertainty: 0.14
  intermediateTempUncertainty: 0.32
  tipAirTempUncertainty: 0.32
  atsBoomConfidenceLevel: "    111XX1111 "
}
boomTwo {
  boomAirTemp: 216.63
  boomIntermediateAirTemp: 216.66
  boomAtsAirTemp: 214.19
  internalAirTempUncertainty: 0.16
  intermediateTempUncertainty: 0.12
  tipAirTempUncertainty: 0.35
  atsBoomConfidenceLevel: "    111XX1111 "
}
channelBHumidity {
}
channelCHumidity {
}
hsConfidenceLevel: "      UNK "
pressureSensorConfig: " 2H "
pressureSensorConfidenceLevel: "      101 "
pressureSensor1 {
}
pressureSensor2 {
  thermoCapTemp: 287.19
  baroCapPressure: 814.45
  baroCapAbsoluteUncertainty: 5.3
}
