ephemerisTime: 5.08512308E8
localMeanSolarTime: " 01251M02:26:50.563 "
localTrueSolarTime: " 01251 02:46:47 "
boomOne {
  boomAirTemp: 198.21
  boomIntermediateAirTemp: 195.8
  boomAtsAirTemp: 194.94
  internalAirTempUncertainty: 0.14
  intermediateTempUncertainty: 0.32
  tipAirTempUncertainty: 0.32
  atsBoomConfidenceLevel: "    111XX1111 "
}
boomTwo {
  boomAirTemp: 170.26
  boomIntermediateAirTemp: 168.28
  boomAtsAirTemp: 138.96
  internalAirTempUncertainty: 1.13
  intermediateTempUncertainty: 1.06
  tipAirTempUncertainty: 1.58
  atsBoomConfidenceLevel: "    011XX1110 "
}
channelAHumidity {
  percentage: 12.28
  uncertainty: 20.0
}
channelBHumidity {
  percentage: 12.4
  uncertainty: 20.0
}
channelCHumidity {
  percentage: 12.52
  uncertainty: 20.0
}
humiditySensorTemp: 200.29
hsConfidenceLevel: "     0XXX "
pressureSensorConfig: " 2H "
pressureSensorConfidenceLevel: "      111 "
pressureSensor1 {
}
pressureSensor2 {
  baroCapPressure: 822.34
  baroCapAbsoluteUncertainty: 6.0
}
