ephemerisTime: 5.28414977E8
localMeanSolarTime: " 01475M07:05:52.488 "
localTrueSolarTime: " 01475 07:29:56 "
boomOne {
  boomAirTemp: 216.56
  boomIntermediateAirTemp: 217.11
  boomAtsAirTemp: 216.98
  internalAirTempUncertainty: 0.14
  intermediateTempUncertainty: 0.32
  tipAirTempUncertainty: 0.32
  atsBoomConfidenceLevel: "    111XX1111 "
}
boomTwo {
  boomAirTemp: 217.67
  boomIntermediateAirTemp: 218.56
  boomAtsAirTemp: 216.98
  internalAirTempUncertainty: 0.16
  intermediateTempUncertainty: 0.12
  tipAirTempUncertainty: 0.35
  atsBoomConfidenceLevel: "    111XX0001 "
}
channelAHumidity {
  percentage: 2.98
  uncertainty: 10.0
}
channelBHumidity {
  percentage: 3.04
  uncertainty: 10.0
}
channelCHumidity {
  percentage: 3.22
  uncertainty: 10.0
}
humiditySensorTemp: 219.07
hsConfidenceLevel: "     0XXX "
pressureSensorConfig: " 2H "
pressureSensorConfidenceLevel: "      111 "
pressureSensor1 {
  baroCapPressure: 930.13
  baroCapAbsoluteUncertainty: 4.7
}
pressureSensor2 {
  baroCapPressure: 927.51
  baroCapAbsoluteUncertainty: 5.3
}
