ephemerisTime: 5.18305628E8
localMeanSolarTime: " 01361M10:03:13.364 "
localTrueSolarTime: " 01361 10:39:35 "
boomOne {
  boomAirTemp: 252.77
  boomIntermediateAirTemp: 250.62
  boomAtsAirTemp: 249.27
  internalAirTempUncertainty: 0.14
  intermediateTempUncertainty: 0.32
  tipAirTempUncertainty: 0.32
  atsBoomConfidenceLevel: "    111XX0001 "
}
boomTwo {
  boomAirTemp: 251.04
  boomIntermediateAirTemp: 245.96
  boomAtsAirTemp: 242.75
  internalAirTempUncertainty: 0.16
  intermediateTempUncertainty: 0.12
  tipAirTempUncertainty: 0.35
  atsBoomConfidenceLevel: "    111XX0001 "
}
channelAHumidity {
  percentage: 1.11
  uncertainty: 2.0
}
channelBHumidity {
  percentage: 1.14
  uncertainty: 2.0
}
channelCHumidity {
  percentage: 1.2
  uncertainty: 2.0
}
humiditySensorTemp: 250.53
hsConfidenceLevel: "     0XXX "
pressureSensorConfig: " 2H "
pressureSensorConfidenceLevel: "      100 "
pressureSensor1 {
}
pressureSensor2 {
  baroCapPressure: 735.29
  baroCapAbsoluteUncertainty: 5.1
}
