ephemerisTime: 5.06099002E8
localMeanSolarTime: " 01223M22:00:52.092 "
localTrueSolarTime: " 01223 22:17:11 "
boomOne {
  boomAirTemp: 201.15
  boomIntermediateAirTemp: 200.59
  boomAtsAirTemp: 199.44
  internalAirTempUncertainty: 0.55
  intermediateTempUncertainty: 0.32
  tipAirTempUncertainty: 1.19
  atsBoomConfidenceLevel: "    011XX1111 "
}
boomTwo {
  boomAirTemp: 171.63
  boomIntermediateAirTemp: 176.67
  boomAtsAirTemp: 144.31
  internalAirTempUncertainty: 1.13
  intermediateTempUncertainty: 1.06
  tipAirTempUncertainty: 1.58
  atsBoomConfidenceLevel: "    011XX1110 "
}
channelBHumidity {
}
channelCHumidity {
}
hsConfidenceLevel: "      UNK "
pressureSensorConfig: " 2H "
pressureSensorConfidenceLevel: "      101 "
pressureSensor1 {
}
pressureSensor2 {
  thermoCapTemp: 280.72
  baroCapPressure: 833.63
  baroCapAbsoluteUncertainty: 6.0
}
