ephemerisTime: 5.44390389E8
localMeanSolarTime: " 01655M06:01:17.866 "
localTrueSolarTime: " 01655 05:12:02 "
boomOne {
  boomAirTemp: 199.32
  boomIntermediateAirTemp: 199.12
  boomAtsAirTemp: 198.58
  internalAirTempUncertainty: 0.55
  intermediateTempUncertainty: 0.32
  tipAirTempUncertainty: 1.19
  atsBoomConfidenceLevel: "    011XX1111 "
}
boomTwo {
  boomAirTemp: 144.91
  boomIntermediateAirTemp: 146.83
  boomAtsAirTemp: 139.4
  internalAirTempUncertainty: 1.13
  intermediateTempUncertainty: 1.06
  tipAirTempUncertainty: 1.58
  atsBoomConfidenceLevel: "    011XX1110 "
}
channelAHumidity {
  percentage: 16.36
  uncertainty: 20.0
}
channelBHumidity {
  percentage: 16.29
  uncertainty: 20.0
}
channelCHumidity {
  percentage: 16.87
  uncertainty: 20.0
}
humiditySensorTemp: 199.67
hsConfidenceLevel: "     0XXX "
pressureSensorConfig: " 2H "
pressureSensorConfidenceLevel: "      101 "
pressureSensor1 {
}
pressureSensor2 {
  baroCapPressure: 851.1
  baroCapAbsoluteUncertainty: 6.4
}
