ephemerisTime: 5.18905014E8
localMeanSolarTime: " 01368M04:05:47.876 "
localTrueSolarTime: " 01368 04:43:01 "
boomOne {
  boomAirTemp: 202.44
  boomIntermediateAirTemp: 202.62
  boomAtsAirTemp: 202.45
  internalAirTempUncertainty: 0.14
  intermediateTempUncertainty: 0.32
  tipAirTempUncertainty: 0.32
  atsBoomConfidenceLevel: "    111XX1111 "
}
boomTwo {
  boomAirTemp: 198.56
  boomIntermediateAirTemp: 199.2
  boomAtsAirTemp: 170.91
  internalAirTempUncertainty: 1.13
  intermediateTempUncertainty: 1.06
  tipAirTempUncertainty: 1.58
  atsBoomConfidenceLevel: "    011XX1110 "
}
channelAHumidity {
  percentage: 10.85
  uncertainty: 10.0
}
channelBHumidity {
  percentage: 10.97
  uncertainty: 10.0
}
channelCHumidity {
  percentage: 11.47
  uncertainty: 10.0
}
humiditySensorTemp: 204.14
hsConfidenceLevel: "     0XXX "
pressureSensorConfig: " 2H "
pressureSensorConfidenceLevel: "      111 "
pressureSensor1 {
  baroCapPressure: 766.85
  baroCapAbsoluteUncertainty: 4.6
}
pressureSensor2 {
  baroCapPressure: 763.98
  baroCapAbsoluteUncertainty: 5.1
}
