ephemerisTime: 5.31533167E8
localMeanSolarTime: " 01510M10:05:41.767 "
localTrueSolarTime: " 01510 10:08:46 "
boomOne {
  boomAirTemp: 239.91
  boomIntermediateAirTemp: 238.4
  boomAtsAirTemp: 235.94
  internalAirTempUncertainty: 0.14
  intermediateTempUncertainty: 0.32
  tipAirTempUncertainty: 0.32
  atsBoomConfidenceLevel: "    111XX1111 "
}
boomTwo {
  boomAirTemp: 252.94
  boomIntermediateAirTemp: 255.87
  boomAtsAirTemp: 254.36
  internalAirTempUncertainty: 0.16
  intermediateTempUncertainty: 0.12
  tipAirTempUncertainty: 0.35
  atsBoomConfidenceLevel: "    111XX0001 "
}
channelAHumidity {
  percentage: 1.04
  uncertainty: 2.0
}
channelBHumidity {
  percentage: 1.05
  uncertainty: 2.0
}
channelCHumidity {
  percentage: 1.13
  uncertainty: 2.0
}
humiditySensorTemp: 253.23
hsConfidenceLevel: "     0XXX "
pressureSensorConfig: " 2H "
pressureSensorConfidenceLevel: "      111 "
pressureSensor1 {
  baroCapPressure: 919.97
  baroCapAbsoluteUncertainty: 4.7
}
pressureSensor2 {
  baroCapPressure: 916.75
  baroCapAbsoluteUncertainty: 5.3
}
