ephemerisTime: 5.27394072E8
localMeanSolarTime: " 01463M19:05:53.141 "
localTrueSolarTime: " 01463 19:34:59 "
boomOne {
  boomAirTemp: 236.37
  boomIntermediateAirTemp: 236.21
  boomAtsAirTemp: 236.27
  internalAirTempUncertainty: 0.14
  intermediateTempUncertainty: 0.32
  tipAirTempUncertainty: 0.32
  atsBoomConfidenceLevel: "    111XX1111 "
}
boomTwo {
  boomAirTemp: 235.71
  boomIntermediateAirTemp: 235.41
  boomAtsAirTemp: 236.08
  internalAirTempUncertainty: 0.16
  intermediateTempUncertainty: 0.12
  tipAirTempUncertainty: 0.35
  atsBoomConfidenceLevel: "    111XX1111 "
}
channelAHumidity {
  percentage: 1.89
  uncertainty: 10.0
}
channelBHumidity {
  percentage: 1.95
  uncertainty: 10.0
}
channelCHumidity {
  percentage: 2.05
  uncertainty: 10.0
}
humiditySensorTemp: 236.99
hsConfidenceLevel: "     0XXX "
pressureSensorConfig: " 2H "
pressureSensorConfidenceLevel: "      111 "
pressureSensor1 {
  baroCapPressure: 849.27
  baroCapAbsoluteUncertainty: 4.7
}
pressureSensor2 {
  baroCapPressure: 847.56
  baroCapAbsoluteUncertainty: 5.3
}
