ephemerisTime: 5.19235328E8
localMeanSolarTime: " 01371M21:23:47.127 "
localTrueSolarTime: " 01371 22:01:27 "
boomOne {
  boomAirTemp: 223.66
  boomIntermediateAirTemp: 222.96
  boomAtsAirTemp: 223.23
  internalAirTempUncertainty: 0.14
  intermediateTempUncertainty: 0.32
  tipAirTempUncertainty: 0.32
  atsBoomConfidenceLevel: "    111XX1111 "
}
boomTwo {
  boomAirTemp: 222.4
  boomIntermediateAirTemp: 221.58
  boomAtsAirTemp: 221.05
  internalAirTempUncertainty: 0.16
  intermediateTempUncertainty: 0.12
  tipAirTempUncertainty: 0.35
  atsBoomConfidenceLevel: "    111XX1111 "
}
channelAHumidity {
  percentage: 3.66
  uncertainty: 10.0
}
channelBHumidity {
  percentage: 3.73
  uncertainty: 10.0
}
channelCHumidity {
  percentage: 3.93
  uncertainty: 10.0
}
humiditySensorTemp: 223.73
hsConfidenceLevel: "     0XXX "
pressureSensorConfig: " 2H "
pressureSensorConfidenceLevel: "      111 "
pressureSensor1 {
}
pressureSensor2 {
  thermoCapTemp: 286.02
  baroCapPressure: 742.07
  baroCapAbsoluteUncertainty: 5.1
}
