ephemerisTime: 5.37070158E8
localMeanSolarTime: " 01572M19:00:37.546 "
localTrueSolarTime: " 01572 18:23:08 "
boomOne {
  boomAirTemp: 239.31
  boomIntermediateAirTemp: 238.16
  boomAtsAirTemp: 236.52
  internalAirTempUncertainty: 0.14
  intermediateTempUncertainty: 0.32
  tipAirTempUncertainty: 0.32
  atsBoomConfidenceLevel: "    111XX1111 "
}
boomTwo {
  boomAirTemp: 236.02
  boomIntermediateAirTemp: 235.74
  boomAtsAirTemp: 234.33
  internalAirTempUncertainty: 0.16
  intermediateTempUncertainty: 0.12
  tipAirTempUncertainty: 0.35
  atsBoomConfidenceLevel: "    111XX1111 "
}
channelBHumidity {
}
channelCHumidity {
}
hsConfidenceLevel: "      UNK "
pressureSensorConfig: " 2H "
pressureSensorConfidenceLevel: "      101 "
pressureSensor1 {
}
pressureSensor2 {
  thermoCapTemp: 293.56
  baroCapPressure: 830.27
  baroCapAbsoluteUncertainty: 5.7
}
