ephemerisTime: 5.19367088E8
localMeanSolarTime: " 01373M09:01:03.006 "
localTrueSolarTime: " 01373 09:38:53 "
boomOne {
  boomAirTemp: 232.34
  boomIntermediateAirTemp: 233.03
  boomAtsAirTemp: 230.14
  internalAirTempUncertainty: 0.14
  intermediateTempUncertainty: 0.32
  tipAirTempUncertainty: 0.32
  atsBoomConfidenceLevel: "    111XX1111 "
}
boomTwo {
  boomAirTemp: 244.54
  boomIntermediateAirTemp: 245.79
  boomAtsAirTemp: 245.54
  internalAirTempUncertainty: 0.16
  intermediateTempUncertainty: 0.12
  tipAirTempUncertainty: 0.35
  atsBoomConfidenceLevel: "    111XX0001 "
}
channelAHumidity {
  percentage: 1.67
  uncertainty: 2.0
}
channelBHumidity {
  percentage: 1.69
  uncertainty: 2.0
}
channelCHumidity {
  percentage: 1.76
  uncertainty: 2.0
}
humiditySensorTemp: 244.47
hsConfidenceLevel: "     0XXX "
pressureSensorConfig: " 2H "
pressureSensorConfidenceLevel: "      101 "
pressureSensor1 {
  thermoCapTemp: 282.29
}
pressureSensor2 {
  baroCapPressure: 758.24
  baroCapAbsoluteUncertainty: 5.1
}
