ephemerisTime: 5.18910128E8
localMeanSolarTime: " 01368M05:28:45.094 "
localTrueSolarTime: " 01368 06:05:59 "
boomOne {
  boomAirTemp: 204.15
  boomIntermediateAirTemp: 202.38
  boomAtsAirTemp: 201.68
  internalAirTempUncertainty: 0.55
  intermediateTempUncertainty: 0.32
  tipAirTempUncertainty: 1.19
  atsBoomConfidenceLevel: "    011XX1111 "
}
boomTwo {
  boomAirTemp: 200.26
  boomIntermediateAirTemp: 199.76
  boomAtsAirTemp: 152.87
  internalAirTempUncertainty: 1.13
  intermediateTempUncertainty: 1.06
  tipAirTempUncertainty: 1.58
  atsBoomConfidenceLevel: "    011XX1110 "
}
channelAHumidity {
  percentage: 14.49
  uncertainty: 10.0
}
channelBHumidity {
  percentage: 14.73
  uncertainty: 10.0
}
channelCHumidity {
  percentage: 15.1
  uncertainty: 10.0
}
humiditySensorTemp: 205.28
hsConfidenceLevel: "     0XXX "
pressureSensorConfig: " 2H "
pressureSensorConfidenceLevel: "      111 "
pressureSensor1 {
}
pressureSensor2 {
  baroCapPressure: 765.12
  baroCapAbsoluteUncertainty: 5.1
}
