ephemerisTime: 5.07774922E8
localMeanSolarTime: " 01242M19:05:47.070 "
localTrueSolarTime: " 01242 19:24:38 "
boomOne {
  boomAirTemp: 216.01
  boomIntermediateAirTemp: 215.2
  boomAtsAirTemp: 214.4
  internalAirTempUncertainty: 0.14
  intermediateTempUncertainty: 0.32
  tipAirTempUncertainty: 0.32
  atsBoomConfidenceLevel: "    111XX1111 "
}
boomTwo {
  boomAirTemp: 213.21
  boomIntermediateAirTemp: 211.65
  boomAtsAirTemp: 211.05
  internalAirTempUncertainty: 0.16
  intermediateTempUncertainty: 0.12
  tipAirTempUncertainty: 0.35
  atsBoomConfidenceLevel: "    111XX1111 "
}
channelAHumidity {
  percentage: 4.68
  uncertainty: 10.0
}
channelBHumidity {
  percentage: 4.71
  uncertainty: 10.0
}
channelCHumidity {
  percentage: 4.97
  uncertainty: 10.0
}
humiditySensorTemp: 215.7
hsConfidenceLevel: "     0XXX "
pressureSensorConfig: " 2H "
pressureSensorConfidenceLevel: "      111 "
pressureSensor1 {
  baroCapPressure: 804.18
  baroCapAbsoluteUncertainty: 4.4
}
pressureSensor2 {
  baroCapPressure: 800.71
  baroCapAbsoluteUncertainty: 6.0
}
