ephemerisTime: 5.31249188E8
localMeanSolarTime: " 01507M05:19:18.216 "
localTrueSolarTime: " 01507 05:24:34 "
boomOne {
  boomAirTemp: 207.56
  boomIntermediateAirTemp: 206.49
  boomAtsAirTemp: 204.85
  internalAirTempUncertainty: 0.55
  intermediateTempUncertainty: 0.32
  tipAirTempUncertainty: 1.19
  atsBoomConfidenceLevel: "    011XX1111 "
}
boomTwo {
  boomAirTemp: 203.2
  boomIntermediateAirTemp: 202.88
  boomAtsAirTemp: 165.79
  internalAirTempUncertainty: 1.13
  intermediateTempUncertainty: 1.06
  tipAirTempUncertainty: 1.58
  atsBoomConfidenceLevel: "    011XX1110 "
}
channelAHumidity {
  percentage: 6.68
  uncertainty: 10.0
}
channelBHumidity {
  percentage: 6.73
  uncertainty: 10.0
}
channelCHumidity {
  percentage: 7.11
  uncertainty: 10.0
}
humiditySensorTemp: 208.14
hsConfidenceLevel: "     0XXX "
pressureSensorConfig: " 2H "
pressureSensorConfidenceLevel: "      111 "
pressureSensor1 {
}
pressureSensor2 {
  thermoCapTemp: 281.97
  baroCapPressure: 935.5
  baroCapAbsoluteUncertainty: 5.3
}
