ephemerisTime: 5.22870273E8
localMeanSolarTime: " 01412M20:05:50.008 "
localTrueSolarTime: " 01412 20:45:25 "
boomOne {
  boomAirTemp: 225.72
  boomIntermediateAirTemp: 226.98
  boomAtsAirTemp: 227.76
  internalAirTempUncertainty: 0.14
  intermediateTempUncertainty: 0.32
  tipAirTempUncertainty: 0.32
  atsBoomConfidenceLevel: "    111XX1111 "
}
boomTwo {
  boomAirTemp: 220.48
  boomIntermediateAirTemp: 223.31
  boomAtsAirTemp: 216.24
  internalAirTempUncertainty: 0.16
  intermediateTempUncertainty: 0.12
  tipAirTempUncertainty: 0.35
  atsBoomConfidenceLevel: "    111XX1110 "
}
channelAHumidity {
  percentage: 3.12
  uncertainty: 10.0
}
channelBHumidity {
  percentage: 3.2
  uncertainty: 10.0
}
channelCHumidity {
  percentage: 3.35
  uncertainty: 10.0
}
humiditySensorTemp: 225.52
hsConfidenceLevel: "     0XXX "
pressureSensorConfig: " 2H "
pressureSensorConfidenceLevel: "      111 "
pressureSensor1 {
  baroCapPressure: 779.44
  baroCapAbsoluteUncertainty: 4.6
}
pressureSensor2 {
  baroCapPressure: 777.11
  baroCapAbsoluteUncertainty: 5.1
}
