ephemerisTime: 5.40776506E8
localMeanSolarTime: " 01614M13:00:53.648 "
localTrueSolarTime: " 01614 12:10:31 "
boomOne {
  boomAirTemp: 257.78
  boomIntermediateAirTemp: 259.3
  boomAtsAirTemp: 255.94
  internalAirTempUncertainty: 0.14
  intermediateTempUncertainty: 0.32
  tipAirTempUncertainty: 0.32
  atsBoomConfidenceLevel: "    111XX0111 "
}
boomTwo {
  boomAirTemp: 252.06
  boomIntermediateAirTemp: 253.82
  boomAtsAirTemp: 247.73
  internalAirTempUncertainty: 0.16
  intermediateTempUncertainty: 0.12
  tipAirTempUncertainty: 0.35
  atsBoomConfidenceLevel: "    111XX1111 "
}
channelBHumidity {
}
channelCHumidity {
}
hsConfidenceLevel: "      UNK "
pressureSensorConfig: " 2H "
pressureSensorConfidenceLevel: "      100 "
pressureSensor1 {
}
pressureSensor2 {
  thermoCapTemp: 289.87
  baroCapPressure: 822.39
  baroCapAbsoluteUncertainty: 5.7
}
