ephemerisTime: 5.20103158E8
localMeanSolarTime: " 01381M16:00:45.697 "
localTrueSolarTime: " 01381 16:39:25 "
boomOne {
  boomAirTemp: 268.11
  boomIntermediateAirTemp: 270.1
  boomAtsAirTemp: 270.13
  internalAirTempUncertainty: 0.14
  intermediateTempUncertainty: 0.32
  tipAirTempUncertainty: 0.32
  atsBoomConfidenceLevel: "    111XX0001 "
}
boomTwo {
  boomAirTemp: 262.56
  boomIntermediateAirTemp: 260.63
  boomAtsAirTemp: 259.58
  internalAirTempUncertainty: 0.16
  intermediateTempUncertainty: 0.12
  tipAirTempUncertainty: 0.35
  atsBoomConfidenceLevel: "    111XX0001 "
}
channelBHumidity {
}
channelCHumidity {
}
hsConfidenceLevel: "      UNK "
pressureSensorConfig: " 2H "
pressureSensorConfidenceLevel: "      101 "
pressureSensor1 {
}
pressureSensor2 {
  thermoCapTemp: 301.06
  baroCapPressure: 700.18
  baroCapAbsoluteUncertainty: 5.1
}
