ephemerisTime: 5.40239769E8
localMeanSolarTime: " 01608M11:54:32.493 "
localTrueSolarTime: " 01608 11:05:05 "
boomOne {
  boomAirTemp: 255.53
  boomIntermediateAirTemp: 251.2
  boomAtsAirTemp: 249.85
  internalAirTempUncertainty: 0.14
  intermediateTempUncertainty: 0.32
  tipAirTempUncertainty: 0.32
  atsBoomConfidenceLevel: "    111XX1101 "
}
boomTwo {
  boomAirTemp: 246.12
  boomIntermediateAirTemp: 241.99
  boomAtsAirTemp: 238.53
  internalAirTempUncertainty: 0.16
  intermediateTempUncertainty: 0.12
  tipAirTempUncertainty: 0.35
  atsBoomConfidenceLevel: "    111XX1111 "
}
channelAHumidity {
  percentage: 1.38
  uncertainty: 2.0
}
channelBHumidity {
  percentage: 1.39
  uncertainty: 2.0
}
channelCHumidity {
  percentage: 1.49
  uncertainty: 2.0
}
humiditySensorTemp: 246.8
hsConfidenceLevel: "     0XXX "
pressureSensorConfig: " 2H "
pressureSensorConfidenceLevel: "      111 "
pressureSensor1 {
}
pressureSensor2 {
  thermoCapTemp: 290.07
  baroCapPressure: 843.9
  baroCapAbsoluteUncertainty: 5.7
}
