ephemerisTime: 5.11985108E8
localMeanSolarTime: " 01290M05:18:45.260 "
localTrueSolarTime: " 01290 05:44:05 "
boomOne {
  boomAirTemp: 197.28
  boomIntermediateAirTemp: 196.9
  boomAtsAirTemp: 196.47
  internalAirTempUncertainty: 0.55
  intermediateTempUncertainty: 0.32
  tipAirTempUncertainty: 1.19
  atsBoomConfidenceLevel: "    011XX1111 "
}
boomTwo {
  boomAirTemp: 186.72
  boomIntermediateAirTemp: 186.21
  boomAtsAirTemp: 137.24
  internalAirTempUncertainty: 1.13
  intermediateTempUncertainty: 1.06
  tipAirTempUncertainty: 1.58
  atsBoomConfidenceLevel: "    011XX0000 "
}
channelAHumidity {
  percentage: 21.66
  uncertainty: 20.0
}
channelBHumidity {
  percentage: 21.28
  uncertainty: 20.0
}
channelCHumidity {
  percentage: 21.77
  uncertainty: 20.0
}
humiditySensorTemp: 197.76
hsConfidenceLevel: "     0XXX "
pressureSensorConfig: " 2H "
pressureSensorConfidenceLevel: "      111 "
pressureSensor1 {
}
pressureSensor2 {
  baroCapPressure: 776.83
  baroCapAbsoluteUncertainty: 6.0
}
