ephemerisTime: 5.31392528E8
localMeanSolarTime: " 01508M20:04:24.371 "
localTrueSolarTime: " 01508 20:08:34 "
boomOne {
  boomAirTemp: 229.68
  boomIntermediateAirTemp: 230.5
  boomAtsAirTemp: 230.78
  internalAirTempUncertainty: 0.14
  intermediateTempUncertainty: 0.32
  tipAirTempUncertainty: 0.32
  atsBoomConfidenceLevel: "    111XX1111 "
}
boomTwo {
  boomAirTemp: 227.58
  boomIntermediateAirTemp: 229.98
  boomAtsAirTemp: 229.36
  internalAirTempUncertainty: 0.16
  intermediateTempUncertainty: 0.12
  tipAirTempUncertainty: 0.35
  atsBoomConfidenceLevel: "    111XX1111 "
}
channelAHumidity {
  percentage: 2.67
  uncertainty: 10.0
}
channelBHumidity {
  percentage: 2.72
  uncertainty: 10.0
}
channelCHumidity {
  percentage: 2.88
  uncertainty: 10.0
}
humiditySensorTemp: 229.37
hsConfidenceLevel: "     0XXX "
pressureSensorConfig: " 2H "
pressureSensorConfidenceLevel: "      111 "
pressureSensor1 {
}
pressureSensor2 {
  baroCapPressure: 894.5
  baroCapAbsoluteUncertainty: 5.3
}
