ephemerisTime: 5.08367648E8
localMeanSolarTime: " 01249M11:20:19.714 "
localTrueSolarTime: " 01249 11:40:03 "
boomOne {
  boomAirTemp: 242.41
  boomIntermediateAirTemp: 234.18
  boomAtsAirTemp: 229.94
  internalAirTempUncertainty: 0.14
  intermediateTempUncertainty: 0.32
  tipAirTempUncertainty: 0.32
  atsBoomConfidenceLevel: "    111XX0101 "
}
boomTwo {
  boomAirTemp: 236.93
  boomIntermediateAirTemp: 236.63
  boomAtsAirTemp: 234.38
  internalAirTempUncertainty: 0.16
  intermediateTempUncertainty: 0.12
  tipAirTempUncertainty: 0.35
  atsBoomConfidenceLevel: "    111XX1111 "
}
channelAHumidity {
  percentage: 1.89
  uncertainty: 10.0
}
channelBHumidity {
  percentage: 1.91
  uncertainty: 10.0
}
channelCHumidity {
  percentage: 2.02
  uncertainty: 10.0
}
humiditySensorTemp: 237.78
hsConfidenceLevel: "     0XXX "
pressureSensorConfig: " 2H "
pressureSensorConfidenceLevel: "      111 "
pressureSensor1 {
}
pressureSensor2 {
  baroCapPressure: 794.65
  baroCapAbsoluteUncertainty: 6.0
}
