ephemerisTime: 5.3742187E8
localMeanSolarTime: " 01576M18:05:42.475 "
localTrueSolarTime: " 01576 17:26:21 "
boomOne {
  boomAirTemp: 256.22
  boomIntermediateAirTemp: 255.08
  boomAtsAirTemp: 252.26
  internalAirTempUncertainty: 0.14
  intermediateTempUncertainty: 0.32
  tipAirTempUncertainty: 0.32
  atsBoomConfidenceLevel: "    111XX0001 "
}
boomTwo {
  boomAirTemp: 251.83
  boomIntermediateAirTemp: 249.09
  boomAtsAirTemp: 247.62
  internalAirTempUncertainty: 0.16
  intermediateTempUncertainty: 0.12
  tipAirTempUncertainty: 0.35
  atsBoomConfidenceLevel: "    111XX0001 "
}
channelAHumidity {
  percentage: 1.2
  uncertainty: 2.0
}
channelBHumidity {
  percentage: 1.2
  uncertainty: 2.0
}
channelCHumidity {
  percentage: 1.27
  uncertainty: 2.0
}
humiditySensorTemp: 252.19
hsConfidenceLevel: "     0XXX "
pressureSensorConfig: " 2H "
pressureSensorConfidenceLevel: "      111 "
pressureSensor1 {
  baroCapPressure: 815.21
  baroCapAbsoluteUncertainty: 4.9
}
pressureSensor2 {
  baroCapPressure: 812.81
  baroCapAbsoluteUncertainty: 5.7
}
