ephemerisTime: 5.08932374E8
localMeanSolarTime: " 01255M20:00:41.261 "
localTrueSolarTime: " 01255 20:21:15 "
boomOne {
  boomAirTemp: 210.69
  boomIntermediateAirTemp: 213.51
  boomAtsAirTemp: 215.82
  internalAirTempUncertainty: 0.14
  intermediateTempUncertainty: 0.32
  tipAirTempUncertainty: 0.32
  atsBoomConfidenceLevel: "    111XX1111 "
}
boomTwo {
  boomAirTemp: 205.87
  boomIntermediateAirTemp: 207.26
  boomAtsAirTemp: 197.05
  internalAirTempUncertainty: 1.13
  intermediateTempUncertainty: 1.06
  tipAirTempUncertainty: 1.58
  atsBoomConfidenceLevel: "    011XX1110 "
}
channelBHumidity {
}
channelCHumidity {
}
hsConfidenceLevel: "      UNK "
pressureSensorConfig: " 2H "
pressureSensorConfidenceLevel: "      101 "
pressureSensor1 {
}
pressureSensor2 {
  thermoCapTemp: 282.16
  baroCapPressure: 786.48
  baroCapAbsoluteUncertainty: 6.0
}
