ephemerisTime: 5.23077406E8
localMeanSolarTime: " 01415M04:05:42.922 "
localTrueSolarTime: " 01415 04:45:11 "
boomOne {
  boomAirTemp: 205.02
  boomIntermediateAirTemp: 204.84
  boomAtsAirTemp: 204.8
  internalAirTempUncertainty: 0.55
  intermediateTempUncertainty: 0.32
  tipAirTempUncertainty: 1.19
  atsBoomConfidenceLevel: "    011XX1111 "
}
boomTwo {
  boomAirTemp: 199.04
  boomIntermediateAirTemp: 200.7
  boomAtsAirTemp: 160.45
  internalAirTempUncertainty: 1.13
  intermediateTempUncertainty: 1.06
  tipAirTempUncertainty: 1.58
  atsBoomConfidenceLevel: "    011XX1110 "
}
channelAHumidity {
  percentage: 11.0
  uncertainty: 10.0
}
channelBHumidity {
  percentage: 11.05
  uncertainty: 10.0
}
channelCHumidity {
  percentage: 11.5
  uncertainty: 10.0
}
humiditySensorTemp: 205.04
hsConfidenceLevel: "     0XXX "
pressureSensorConfig: " 2H "
pressureSensorConfidenceLevel: "      111 "
pressureSensor1 {
  baroCapPressure: 807.74
  baroCapAbsoluteUncertainty: 4.6
}
pressureSensor2 {
  baroCapPressure: 805.2
  baroCapAbsoluteUncertainty: 5.1
}
