ephemerisTime: 5.32731323E8
localMeanSolarTime: " 01523M22:00:51.268 "
localTrueSolarTime: " 01523 21:54:28 "
boomOne {
  boomAirTemp: 220.07
  boomIntermediateAirTemp: 220.93
  boomAtsAirTemp: 221.46
  internalAirTempUncertainty: 0.14
  intermediateTempUncertainty: 0.32
  tipAirTempUncertainty: 0.32
  atsBoomConfidenceLevel: "    111XX1111 "
}
boomTwo {
  boomAirTemp: 218.53
  boomIntermediateAirTemp: 220.4
  boomAtsAirTemp: 221.4
  internalAirTempUncertainty: 0.16
  intermediateTempUncertainty: 0.12
  tipAirTempUncertainty: 0.35
  atsBoomConfidenceLevel: "    111XX1111 "
}
channelBHumidity {
}
channelCHumidity {
}
hsConfidenceLevel: "      UNK "
pressureSensorConfig: " 2H "
pressureSensorConfidenceLevel: "      101 "
pressureSensor1 {
}
pressureSensor2 {
  thermoCapTemp: 284.22
  baroCapPressure: 909.68
  baroCapAbsoluteUncertainty: 5.7
}
