ephemerisTime: 5.28092348E8
localMeanSolarTime: " 01471M15:52:32.690 "
localTrueSolarTime: " 01471 16:18:19 "
boomOne {
  boomAirTemp: 273.5
  boomIntermediateAirTemp: 274.46
  boomAtsAirTemp: 270.52
  internalAirTempUncertainty: 0.14
  intermediateTempUncertainty: 0.32
  tipAirTempUncertainty: 0.32
  atsBoomConfidenceLevel: "    111XX0001 "
}
boomTwo {
  boomAirTemp: 271.98
  boomIntermediateAirTemp: 270.09
  boomAtsAirTemp: 266.23
  internalAirTempUncertainty: 0.16
  intermediateTempUncertainty: 0.12
  tipAirTempUncertainty: 0.35
  atsBoomConfidenceLevel: "    111XX0001 "
}
channelAHumidity {
  percentage: 0.68
  uncertainty: 2.0
}
channelBHumidity {
  percentage: 0.64
  uncertainty: 2.0
}
channelCHumidity {
  percentage: 0.68
  uncertainty: 2.0
}
humiditySensorTemp: 271.8
hsConfidenceLevel: "     0XXX "
pressureSensorConfig: " 2H "
pressureSensorConfidenceLevel: "      111 "
pressureSensor1 {
}
pressureSensor2 {
  baroCapPressure: 818.27
  baroCapAbsoluteUncertainty: 5.3
}
