ephemerisTime: 5.26765256E8
localMeanSolarTime: " 01456M17:05:55.779 "
localTrueSolarTime: " 01456 17:37:37 "
boomOne {
  boomAirTemp: 253.86
  boomIntermediateAirTemp: 249.86
  boomAtsAirTemp: 247.0
  internalAirTempUncertainty: 0.14
  intermediateTempUncertainty: 0.32
  tipAirTempUncertainty: 0.32
  atsBoomConfidenceLevel: "    111XX1111 "
}
boomTwo {
  boomAirTemp: 255.92
  boomIntermediateAirTemp: 252.53
  boomAtsAirTemp: 249.6
  internalAirTempUncertainty: 0.16
  intermediateTempUncertainty: 0.12
  tipAirTempUncertainty: 0.35
  atsBoomConfidenceLevel: "    111XX0001 "
}
channelAHumidity {
  percentage: 1.07
  uncertainty: 2.0
}
channelBHumidity {
  percentage: 1.06
  uncertainty: 2.0
}
channelCHumidity {
  percentage: 1.11
  uncertainty: 2.0
}
humiditySensorTemp: 256.39
hsConfidenceLevel: "     0XXX "
pressureSensorConfig: " 2H "
pressureSensorConfidenceLevel: "      111 "
pressureSensor1 {
  baroCapPressure: 808.26
  baroCapAbsoluteUncertainty: 4.7
}
pressureSensor2 {
  baroCapPressure: 806.22
  baroCapAbsoluteUncertainty: 5.3
}
