ephemerisTime: 5.31976739E8
localMeanSolarTime: " 01515M10:00:49.762 "
localTrueSolarTime: " 01515 10:00:27 "
boomOne {
  boomAirTemp: 243.57
  boomIntermediateAirTemp: 245.27
  boomAtsAirTemp: 242.85
  internalAirTempUncertainty: 0.14
  intermediateTempUncertainty: 0.32
  tipAirTempUncertainty: 0.32
  atsBoomConfidenceLevel: "    111XX1111 "
}
boomTwo {
  boomAirTemp: 252.71
  boomIntermediateAirTemp: 256.89
  boomAtsAirTemp: 255.67
  internalAirTempUncertainty: 0.16
  intermediateTempUncertainty: 0.12
  tipAirTempUncertainty: 0.35
  atsBoomConfidenceLevel: "    111XX0001 "
}
channelBHumidity {
}
channelCHumidity {
}
hsConfidenceLevel: "      UNK "
pressureSensorConfig: " 2L "
pressureSensorConfidenceLevel: "      101 "
pressureSensor1 {
  thermoCapTemp: 283.54
  baroCapPressure: 920.21
  baroCapAbsoluteUncertainty: 4.9
}
pressureSensor2 {
  thermoCapTemp: 283.55
  baroCapPressure: 917.73
  baroCapAbsoluteUncertainty: 5.7
}
