ephemerisTime: 5.1545729E8
localMeanSolarTime: " 01329M08:00:38.485 "
localTrueSolarTime: " 01329 08:32:07 "
boomOne {
  boomAirTemp: 226.73
  boomIntermediateAirTemp: 222.16
  boomAtsAirTemp: 217.71
  internalAirTempUncertainty: 0.14
  intermediateTempUncertainty: 0.32
  tipAirTempUncertainty: 0.32
  atsBoomConfidenceLevel: "    111XX0001 "
}
boomTwo {
  boomAirTemp: 208.08
  boomIntermediateAirTemp: 206.02
  boomAtsAirTemp: 160.29
  internalAirTempUncertainty: 0.16
  intermediateTempUncertainty: 0.12
  tipAirTempUncertainty: 0.35
  atsBoomConfidenceLevel: "    111XX1110 "
}
channelBHumidity {
}
channelCHumidity {
}
hsConfidenceLevel: "      UNK "
pressureSensorConfig: " 2H "
pressureSensorConfidenceLevel: "      101 "
pressureSensor1 {
}
pressureSensor2 {
  thermoCapTemp: 280.89
  baroCapPressure: 762.33
  baroCapAbsoluteUncertainty: 5.1
}
