ephemerisTime: 5.05806188E8
localMeanSolarTime: " 01220M14:51:09.847 "
localTrueSolarTime: " 01220 15:07:00 "
boomOne {
  boomAirTemp: 246.69
  boomIntermediateAirTemp: 244.79
  boomAtsAirTemp: 241.98
  internalAirTempUncertainty: 0.14
  intermediateTempUncertainty: 0.32
  tipAirTempUncertainty: 0.32
  atsBoomConfidenceLevel: "    111XX1111 "
}
boomTwo {
  boomAirTemp: 254.51
  boomIntermediateAirTemp: 249.57
  boomAtsAirTemp: 245.04
  internalAirTempUncertainty: 0.16
  intermediateTempUncertainty: 0.12
  tipAirTempUncertainty: 0.35
  atsBoomConfidenceLevel: "    111XX0001 "
}
channelAHumidity {
  percentage: 1.17
  uncertainty: 2.0
}
channelBHumidity {
  percentage: 1.17
  uncertainty: 2.0
}
channelCHumidity {
  percentage: 1.24
  uncertainty: 2.0
}
humiditySensorTemp: 253.95
hsConfidenceLevel: "     0XXX "
pressureSensorConfig: " 2H "
pressureSensorConfidenceLevel: "      111 "
pressureSensor1 {
  thermoCapTemp: 290.9
}
pressureSensor2 {
  baroCapPressure: 808.33
  baroCapAbsoluteUncertainty: 6.0
}
