ephemerisTime: 5.11137255E8
localMeanSolarTime: " 01280M16:05:49.375 "
localTrueSolarTime: " 01280 16:29:46 "
boomOne {
  boomAirTemp: 246.85
  boomIntermediateAirTemp: 246.39
  boomAtsAirTemp: 245.41
  internalAirTempUncertainty: 0.14
  intermediateTempUncertainty: 0.32
  tipAirTempUncertainty: 0.32
  atsBoomConfidenceLevel: "    111XX1111 "
}
boomTwo {
  boomAirTemp: 256.19
  boomIntermediateAirTemp: 254.89
  boomAtsAirTemp: 249.64
  internalAirTempUncertainty: 0.16
  intermediateTempUncertainty: 0.12
  tipAirTempUncertainty: 0.35
  atsBoomConfidenceLevel: "    111XX0001 "
}
channelAHumidity {
  percentage: 1.08
  uncertainty: 2.0
}
channelBHumidity {
  percentage: 1.05
  uncertainty: 2.0
}
channelCHumidity {
  percentage: 1.12
  uncertainty: 2.0
}
humiditySensorTemp: 255.95
hsConfidenceLevel: "     0XXX "
pressureSensorConfig: " 2H "
pressureSensorConfidenceLevel: "      111 "
pressureSensor1 {
}
pressureSensor2 {
  baroCapPressure: 736.48
  baroCapAbsoluteUncertainty: 6.0
}
