ephemerisTime: 5.10563619E8
localMeanSolarTime: " 01274M05:00:56.140 "
localTrueSolarTime: " 01274 05:23:59 "
boomOne {
  boomAirTemp: 193.22
  boomIntermediateAirTemp: 193.38
  boomAtsAirTemp: 192.93
  internalAirTempUncertainty: 0.55
  intermediateTempUncertainty: 0.32
  tipAirTempUncertainty: 1.19
  atsBoomConfidenceLevel: "    011XX1111 "
}
boomTwo {
  boomAirTemp: 137.14
  boomIntermediateAirTemp: 137.32
  boomAtsAirTemp: 133.06
  internalAirTempUncertainty: 1.13
  intermediateTempUncertainty: 1.06
  tipAirTempUncertainty: 1.58
  atsBoomConfidenceLevel: "    011XX1110 "
}
channelBHumidity {
}
channelCHumidity {
}
hsConfidenceLevel: "      UNK "
pressureSensorConfig: " 2H "
pressureSensorConfidenceLevel: "      101 "
pressureSensor1 {
}
pressureSensor2 {
  thermoCapTemp: 279.13
  baroCapPressure: 789.85
  baroCapAbsoluteUncertainty: 6.0
}
