ephemerisTime: 5.42474309E8
localMeanSolarTime: " 01633M16:00:46.332 "
localTrueSolarTime: " 01633 15:09:27 "
boomOne {
  boomAirTemp: 268.85
  boomIntermediateAirTemp: 267.01
  boomAtsAirTemp: 263.95
  internalAirTempUncertainty: 0.14
  intermediateTempUncertainty: 0.32
  tipAirTempUncertainty: 0.32
  atsBoomConfidenceLevel: "    111XX0001 "
}
boomTwo {
  boomAirTemp: 270.86
  boomIntermediateAirTemp: 273.74
  boomAtsAirTemp: 272.57
  internalAirTempUncertainty: 0.16
  intermediateTempUncertainty: 0.12
  tipAirTempUncertainty: 0.35
  atsBoomConfidenceLevel: "    111XX0001 "
}
channelBHumidity {
}
channelCHumidity {
}
hsConfidenceLevel: "      UNK "
pressureSensorConfig: " 2H "
pressureSensorConfidenceLevel: "      100 "
pressureSensor1 {
}
pressureSensor2 {
  thermoCapTemp: 296.25
  baroCapPressure: 776.62
  baroCapAbsoluteUncertainty: 5.7
}
