ephemerisTime: 5.1542062E8
localMeanSolarTime: " 01328M22:05:49.279 "
localTrueSolarTime: " 01328 22:37:14 "
boomOne {
  boomAirTemp: 214.6
  boomIntermediateAirTemp: 213.82
  boomAtsAirTemp: 212.59
  internalAirTempUncertainty: 0.14
  intermediateTempUncertainty: 0.32
  tipAirTempUncertainty: 0.32
  atsBoomConfidenceLevel: "    111XX1111 "
}
boomTwo {
  boomAirTemp: 213.84
  boomIntermediateAirTemp: 212.8
  boomAtsAirTemp: 211.54
  internalAirTempUncertainty: 0.16
  intermediateTempUncertainty: 0.12
  tipAirTempUncertainty: 0.35
  atsBoomConfidenceLevel: "    111XX1111 "
}
channelAHumidity {
  percentage: 4.96
  uncertainty: 10.0
}
channelBHumidity {
  percentage: 4.98
  uncertainty: 10.0
}
channelCHumidity {
  percentage: 5.2
  uncertainty: 10.0
}
humiditySensorTemp: 215.39
hsConfidenceLevel: "     0XXX "
pressureSensorConfig: " 2H "
pressureSensorConfidenceLevel: "      111 "
pressureSensor1 {
}
pressureSensor2 {
  baroCapPressure: 737.54
  baroCapAbsoluteUncertainty: 5.1
}
