ephemerisTime: 5.09627772E8
localMeanSolarTime: " 01263M16:00:39.787 "
localTrueSolarTime: " 01263 16:22:16 "
boomOne {
  boomAirTemp: 243.73
  boomIntermediateAirTemp: 242.68
  boomAtsAirTemp: 241.0
  internalAirTempUncertainty: 0.14
  intermediateTempUncertainty: 0.32
  tipAirTempUncertainty: 0.32
  atsBoomConfidenceLevel: "    111XX1111 "
}
boomTwo {
  boomAirTemp: 249.39
  boomIntermediateAirTemp: 247.46
  boomAtsAirTemp: 245.17
  internalAirTempUncertainty: 0.16
  intermediateTempUncertainty: 0.12
  tipAirTempUncertainty: 0.35
  atsBoomConfidenceLevel: "    111XX0001 "
}
channelBHumidity {
}
channelCHumidity {
}
hsConfidenceLevel: "      UNK "
pressureSensorConfig: " 2H "
pressureSensorConfidenceLevel: "      101 "
pressureSensor1 {
}
pressureSensor2 {
  thermoCapTemp: 290.62
  baroCapPressure: 754.98
  baroCapAbsoluteUncertainty: 6.0
}
