ephemerisTime: 5.31281336E8
localMeanSolarTime: " 01507M14:00:46.369 "
localTrueSolarTime: " 01507 14:05:47 "
boomOne {
  boomAirTemp: 266.76
  boomIntermediateAirTemp: 268.69
  boomAtsAirTemp: 265.33
  internalAirTempUncertainty: 0.14
  intermediateTempUncertainty: 0.32
  tipAirTempUncertainty: 0.32
  atsBoomConfidenceLevel: "    111XX1111 "
}
boomTwo {
  boomAirTemp: 274.62
  boomIntermediateAirTemp: 274.37
  boomAtsAirTemp: 268.38
  internalAirTempUncertainty: 0.16
  intermediateTempUncertainty: 0.12
  tipAirTempUncertainty: 0.35
  atsBoomConfidenceLevel: "    111XX1101 "
}
channelBHumidity {
}
channelCHumidity {
}
hsConfidenceLevel: "      UNK "
pressureSensorConfig: " 2H "
pressureSensorConfidenceLevel: "      101 "
pressureSensor1 {
}
pressureSensor2 {
  thermoCapTemp: 298.83
  baroCapPressure: 866.42
  baroCapAbsoluteUncertainty: 5.3
}
