ephemerisTime: 5.06171288E8
localMeanSolarTime: " 01224M17:33:24.693 "
localTrueSolarTime: " 01224 17:49:50 "
boomOne {
  boomAirTemp: 233.72
  boomIntermediateAirTemp: 231.84
  boomAtsAirTemp: 230.87
  internalAirTempUncertainty: 0.14
  intermediateTempUncertainty: 0.32
  tipAirTempUncertainty: 0.32
  atsBoomConfidenceLevel: "    111XX1111 "
}
boomTwo {
  boomAirTemp: 232.57
  boomIntermediateAirTemp: 227.53
  boomAtsAirTemp: 223.39
  internalAirTempUncertainty: 0.16
  intermediateTempUncertainty: 0.12
  tipAirTempUncertainty: 0.35
  atsBoomConfidenceLevel: "    111XX0001 "
}
channelAHumidity {
  percentage: 2.21
  uncertainty: 10.0
}
channelBHumidity {
  percentage: 2.26
  uncertainty: 10.0
}
channelCHumidity {
  percentage: 2.37
  uncertainty: 10.0
}
humiditySensorTemp: 233.27
hsConfidenceLevel: "     0XXX "
pressureSensorConfig: " 2H "
pressureSensorConfidenceLevel: "      111 "
pressureSensor1 {
}
pressureSensor2 {
  baroCapPressure: 804.7
  baroCapAbsoluteUncertainty: 6.0
}
