ephemerisTime: 5.1272041E8
localMeanSolarTime: " 01298M12:06:00.493 "
localTrueSolarTime: " 01298 12:32:35 "
boomOne {
  boomAirTemp: 248.91
  boomIntermediateAirTemp: 242.48
  boomAtsAirTemp: 241.71
  internalAirTempUncertainty: 0.14
  intermediateTempUncertainty: 0.32
  tipAirTempUncertainty: 0.32
  atsBoomConfidenceLevel: "    111XX0011 "
}
boomTwo {
  boomAirTemp: 247.84
  boomIntermediateAirTemp: 241.32
  boomAtsAirTemp: 237.28
  internalAirTempUncertainty: 0.16
  intermediateTempUncertainty: 0.12
  tipAirTempUncertainty: 0.35
  atsBoomConfidenceLevel: "    111XX1111 "
}
channelAHumidity {
  percentage: 1.36
  uncertainty: 2.0
}
channelBHumidity {
  percentage: 1.39
  uncertainty: 2.0
}
channelCHumidity {
  percentage: 1.48
  uncertainty: 2.0
}
humiditySensorTemp: 248.11
hsConfidenceLevel: "     0XXX "
pressureSensorConfig: " 2H "
pressureSensorConfidenceLevel: "      111 "
pressureSensor1 {
  baroCapPressure: 738.99
  baroCapAbsoluteUncertainty: 4.4
}
pressureSensor2 {
  baroCapPressure: 735.16
  baroCapAbsoluteUncertainty: 6.0
}
