ephemerisTime: 5.07741624E8
localMeanSolarTime: " 01242M10:05:39.676 "
localTrueSolarTime: " 01242 10:24:28 "
boomOne {
  boomAirTemp: 240.51
  boomIntermediateAirTemp: 235.91
  boomAtsAirTemp: 234.7
  internalAirTempUncertainty: 0.14
  intermediateTempUncertainty: 0.32
  tipAirTempUncertainty: 0.32
  atsBoomConfidenceLevel: "    111XX0001 "
}
boomTwo {
  boomAirTemp: 238.02
  boomIntermediateAirTemp: 232.48
  boomAtsAirTemp: 228.57
  internalAirTempUncertainty: 0.16
  intermediateTempUncertainty: 0.12
  tipAirTempUncertainty: 0.35
  atsBoomConfidenceLevel: "    111XX0001 "
}
channelAHumidity {
  percentage: 1.76
  uncertainty: 10.0
}
channelBHumidity {
  percentage: 1.81
  uncertainty: 10.0
}
channelCHumidity {
  percentage: 1.92
  uncertainty: 10.0
}
humiditySensorTemp: 237.7
hsConfidenceLevel: "     0XXX "
pressureSensorConfig: " 2H "
pressureSensorConfidenceLevel: "      111 "
pressureSensor1 {
  baroCapPressure: 815.11
  baroCapAbsoluteUncertainty: 4.4
}
pressureSensor2 {
  baroCapPressure: 811.37
  baroCapAbsoluteUncertainty: 6.0
}
