ephemerisTime: 5.38346606E8
localMeanSolarTime: " 01587M04:05:45.009 "
localTrueSolarTime: " 01587 03:22:05 "
boomOne {
  boomAirTemp: 204.96
  boomIntermediateAirTemp: 206.18
  boomAtsAirTemp: 205.84
  internalAirTempUncertainty: 0.14
  intermediateTempUncertainty: 0.32
  tipAirTempUncertainty: 0.32
  atsBoomConfidenceLevel: "    111XX1111 "
}
boomTwo {
  boomAirTemp: 201.52
  boomIntermediateAirTemp: 202.48
  boomAtsAirTemp: 198.76
  internalAirTempUncertainty: 1.13
  intermediateTempUncertainty: 1.06
  tipAirTempUncertainty: 1.58
  atsBoomConfidenceLevel: "    011XX1110 "
}
channelAHumidity {
  percentage: 10.1
  uncertainty: 10.0
}
channelBHumidity {
  percentage: 10.16
  uncertainty: 10.0
}
channelCHumidity {
  percentage: 10.59
  uncertainty: 10.0
}
humiditySensorTemp: 205.97
hsConfidenceLevel: "     0XXX "
pressureSensorConfig: " 2H "
pressureSensorConfidenceLevel: "      111 "
pressureSensor1 {
  baroCapPressure: 882.5
  baroCapAbsoluteUncertainty: 4.9
}
pressureSensor2 {
  baroCapPressure: 879.59
  baroCapAbsoluteUncertainty: 5.7
}
