ephemerisTime: 5.39763294E8
localMeanSolarTime: " 01603M03:05:41.540 "
localTrueSolarTime: " 01603 02:17:18 "
boomOne {
  boomAirTemp: 207.11
  boomIntermediateAirTemp: 207.51
  boomAtsAirTemp: 207.75
  internalAirTempUncertainty: 0.55
  intermediateTempUncertainty: 0.32
  tipAirTempUncertainty: 1.19
  atsBoomConfidenceLevel: "    011XX1111 "
}
boomTwo {
  boomAirTemp: 201.08
  boomIntermediateAirTemp: 201.99
  boomAtsAirTemp: 170.89
  internalAirTempUncertainty: 1.13
  intermediateTempUncertainty: 1.06
  tipAirTempUncertainty: 1.58
  atsBoomConfidenceLevel: "    011XX1110 "
}
channelAHumidity {
  percentage: 8.27
  uncertainty: 10.0
}
channelBHumidity {
  percentage: 8.25
  uncertainty: 10.0
}
channelCHumidity {
  percentage: 8.69
  uncertainty: 10.0
}
humiditySensorTemp: 207.04
hsConfidenceLevel: "     0XXX "
pressureSensorConfig: " 2H "
pressureSensorConfidenceLevel: "      111 "
pressureSensor1 {
  baroCapPressure: 870.65
  baroCapAbsoluteUncertainty: 4.9
}
pressureSensor2 {
  baroCapPressure: 867.8
  baroCapAbsoluteUncertainty: 5.7
}
