ephemerisTime: 5.41405648E8
localMeanSolarTime: " 01621M15:06:08.291 "
localTrueSolarTime: " 01621 14:15:05 "
boomOne {
  boomAirTemp: 261.89
  boomIntermediateAirTemp: 262.42
  boomAtsAirTemp: 258.44
  internalAirTempUncertainty: 0.14
  intermediateTempUncertainty: 0.32
  tipAirTempUncertainty: 0.32
  atsBoomConfidenceLevel: "    111XX1111 "
}
boomTwo {
  boomAirTemp: 267.67
  boomIntermediateAirTemp: 267.98
  boomAtsAirTemp: 263.55
  internalAirTempUncertainty: 0.16
  intermediateTempUncertainty: 0.12
  tipAirTempUncertainty: 0.35
  atsBoomConfidenceLevel: "    111XX1111 "
}
channelAHumidity {
  percentage: 0.64
  uncertainty: 2.0
}
channelBHumidity {
  percentage: 0.62
  uncertainty: 2.0
}
channelCHumidity {
  percentage: 0.65
  uncertainty: 2.0
}
humiditySensorTemp: 268.27
hsConfidenceLevel: "     0XXX "
pressureSensorConfig: " 2H "
pressureSensorConfidenceLevel: "      111 "
pressureSensor1 {
  baroCapPressure: 804.72
  baroCapAbsoluteUncertainty: 4.9
}
pressureSensor2 {
  baroCapPressure: 801.46
  baroCapAbsoluteUncertainty: 5.7
}
