ephemerisTime: 5.08922828E8
localMeanSolarTime: " 01255M17:25:50.583 "
localTrueSolarTime: " 01255 17:46:23 "
boomOne {
  boomAirTemp: 234.45
  boomIntermediateAirTemp: 233.13
  boomAtsAirTemp: 232.79
  internalAirTempUncertainty: 0.14
  intermediateTempUncertainty: 0.32
  tipAirTempUncertainty: 0.32
  atsBoomConfidenceLevel: "    111XX1111 "
}
boomTwo {
  boomAirTemp: 232.24
  boomIntermediateAirTemp: 228.67
  boomAtsAirTemp: 226.46
  internalAirTempUncertainty: 0.16
  intermediateTempUncertainty: 0.12
  tipAirTempUncertainty: 0.35
  atsBoomConfidenceLevel: "    111XX1111 "
}
channelAHumidity {
  percentage: 2.15
  uncertainty: 10.0
}
channelBHumidity {
  percentage: 2.19
  uncertainty: 10.0
}
channelCHumidity {
  percentage: 2.31
  uncertainty: 10.0
}
humiditySensorTemp: 232.96
hsConfidenceLevel: "     0XXX "
pressureSensorConfig: " 2H "
pressureSensorConfidenceLevel: "      111 "
pressureSensor1 {
}
pressureSensor2 {
  thermoCapTemp: 288.81
  baroCapPressure: 764.79
  baroCapAbsoluteUncertainty: 6.0
}
