ephemerisTime: 5.23979633E8
localMeanSolarTime: " 01425M08:00:38.492 "
localTrueSolarTime: " 01425 08:39:17 "
boomOne {
  boomAirTemp: 240.02
  boomIntermediateAirTemp: 235.21
  boomAtsAirTemp: 232.11
  internalAirTempUncertainty: 0.14
  intermediateTempUncertainty: 0.32
  tipAirTempUncertainty: 0.32
  atsBoomConfidenceLevel: "    111XX0101 "
}
boomTwo {
  boomAirTemp: 233.53
  boomIntermediateAirTemp: 229.44
  boomAtsAirTemp: 228.03
  internalAirTempUncertainty: 0.16
  intermediateTempUncertainty: 0.12
  tipAirTempUncertainty: 0.35
  atsBoomConfidenceLevel: "    111XX0001 "
}
channelBHumidity {
}
channelCHumidity {
}
hsConfidenceLevel: "      UNK "
pressureSensorConfig: " 2H "
pressureSensorConfidenceLevel: "      101 "
pressureSensor1 {
}
pressureSensor2 {
  thermoCapTemp: 280.25
  baroCapPressure: 825.84
  baroCapAbsoluteUncertainty: 5.3
}
