ephemerisTime: 5.10205129E8
localMeanSolarTime: " 01270M04:05:54.498 "
localTrueSolarTime: " 01270 04:28:23 "
boomOne {
  boomAirTemp: 195.64
  boomIntermediateAirTemp: 195.64
  boomAtsAirTemp: 194.91
  internalAirTempUncertainty: 0.14
  intermediateTempUncertainty: 0.32
  tipAirTempUncertainty: 0.32
  atsBoomConfidenceLevel: "    111XX1111 "
}
boomTwo {
  boomAirTemp: 189.74
  boomIntermediateAirTemp: 189.62
  boomAtsAirTemp: 142.48
  internalAirTempUncertainty: 1.13
  intermediateTempUncertainty: 1.06
  tipAirTempUncertainty: 1.58
  atsBoomConfidenceLevel: "    011XX1110 "
}
channelAHumidity {
  percentage: 27.77
  uncertainty: 20.0
}
channelBHumidity {
  percentage: 27.63
  uncertainty: 20.0
}
channelCHumidity {
  percentage: 27.58
  uncertainty: 20.0
}
humiditySensorTemp: 195.09
hsConfidenceLevel: "     0XXX "
pressureSensorConfig: " 2H "
pressureSensorConfidenceLevel: "      111 "
pressureSensor1 {
  baroCapPressure: 798.3
  baroCapAbsoluteUncertainty: 4.4
}
pressureSensor2 {
  baroCapPressure: 794.86
  baroCapAbsoluteUncertainty: 6.0
}
