ephemerisTime: 5.15620063E8
localMeanSolarTime: " 01331M04:00:57.874 "
localTrueSolarTime: " 01331 04:32:44 "
boomOne {
  boomAirTemp: 198.65
  boomIntermediateAirTemp: 198.52
  boomAtsAirTemp: 198.61
  internalAirTempUncertainty: 0.55
  intermediateTempUncertainty: 0.32
  tipAirTempUncertainty: 1.19
  atsBoomConfidenceLevel: "    011XX1111 "
}
boomTwo {
  boomAirTemp: 194.74
  boomIntermediateAirTemp: 195.49
  boomAtsAirTemp: 188.62
  internalAirTempUncertainty: 1.13
  intermediateTempUncertainty: 1.06
  tipAirTempUncertainty: 1.58
  atsBoomConfidenceLevel: "    011XX1110 "
}
channelBHumidity {
}
channelCHumidity {
}
hsConfidenceLevel: "      UNK "
pressureSensorConfig: " 2H "
pressureSensorConfidenceLevel: "      101 "
pressureSensor1 {
}
pressureSensor2 {
  thermoCapTemp: 281.57
  baroCapPressure: 751.13
  baroCapAbsoluteUncertainty: 5.1
}
