weatherReports {
  terrestrialDate: "2017-11-13"
  sol: 1874
  ls: 86.0
  minTemp: -80.0
  minTemFahrenheit: -112.0
  maxTemp: -29.0
  maxTempFahrenheit: -20.2
  pressureDescription: "Higher"
  absoluteHumidity: "null"
  atmosphericOpacity: "Sunny"
  season: "Month3"
  sunrise: "2017-11-13T115400Z"
  sunset: "2017-11-13T233700Z"
}
weatherReports {
  terrestrialDate: "2017-11-10"
  sol: 1871
  ls: 85.0
  minTemp: -80.0
  minTemFahrenheit: -112.0
  maxTemp: -30.0
  maxTempFahrenheit: -22.0
  pressureDescription: "Higher"
  absoluteHumidity: "null"
  atmosphericOpacity: "Sunny"
  season: "Month3"
  sunrise: "2017-11-10T115500Z"
  sunset: "2017-11-10T233700Z"
}
weatherReports {
  terrestrialDate: "2017-11-09"
  sol: 1870
  ls: 85.0
  minTemp: -81.0
  minTemFahrenheit: -113.8
  maxTemp: -29.0
  maxTempFahrenheit: -20.2
  pressureDescription: "Higher"
  absoluteHumidity: "null"
  atmosphericOpacity: "Sunny"
  season: "Month3"
  sunrise: "2017-11-09T115500Z"
  sunset: "2017-11-09T233700Z"
}
weatherReports {
  terrestrialDate: "2017-11-07"
  sol: 1868
  ls: 84.0
  minTemp: -80.0
  minTemFahrenheit: -112.0
  maxTemp: -24.0
  maxTempFahrenheit: -11.2
  pressureDescription: "Higher"
  absoluteHumidity: "null"
  atmosphericOpacity: "Sunny"
  season: "Month3"
  sunrise: "2017-11-07T115500Z"
  sunset: "2017-11-07T233800Z"
}
weatherReports {
  terrestrialDate: "2017-11-06"
  sol: 1867
  ls: 83.0
  minTemp: -78.0
  minTemFahrenheit: -108.4
  maxTemp: -24.0
  maxTempFahrenheit: -11.2
  pressureDescription: "Higher"
  absoluteHumidity: "null"
  atmosphericOpacity: "Sunny"
  season: "Month3"
  sunrise: "2017-11-06T115500Z"
  sunset: "2017-11-06T233800Z"
}
weatherReports {
  terrestrialDate: "2017-11-04"
  sol: 1865
  ls: 82.0
  minTemp: -80.0
  minTemFahrenheit: -112.0
  maxTemp: -31.0
  maxTempFahrenheit: -23.8
  pressureDescription: "Higher"
  absoluteHumidity: "null"
  atmosphericOpacity: "Sunny"
  season: "Month3"
  sunrise: "2017-11-04T105600Z"
  sunset: "2017-11-04T223800Z"
}
weatherReports {
  terrestrialDate: "2017-11-01"
  sol: 1862
  ls: 81.0
  minTemp: -81.0
  minTemFahrenheit: -113.8
  maxTemp: -30.0
  maxTempFahrenheit: -22.0
  pressureDescription: "Higher"
  absoluteHumidity: "null"
  atmosphericOpacity: "Sunny"
  season: "Month3"
  sunrise: "2017-11-01T105600Z"
  sunset: "2017-11-01T223900Z"
}
weatherReports {
  terrestrialDate: "2017-10-28"
  sol: 1858
  ls: 79.0
  minTemp: -81.0
  minTemFahrenheit: -113.8
  maxTemp: -28.0
  maxTempFahrenheit: -18.4
  pressureDescription: "Higher"
  absoluteHumidity: "null"
  atmosphericOpacity: "Sunny"
  season: "Month3"
  sunrise: "2017-10-28T105700Z"
  sunset: "2017-10-28T224000Z"
}
weatherReports {
  terrestrialDate: "2017-10-26"
  sol: 1856
  ls: 78.0
  minTemp: -80.0
  minTemFahrenheit: -112.0
  maxTemp: -28.0
  maxTempFahrenheit: -18.4
  pressureDescription: "Higher"
  absoluteHumidity: "null"
  atmosphericOpacity: "Sunny"
  season: "Month3"
  sunrise: "2017-10-26T105700Z"
  sunset: "2017-10-26T224000Z"
}
weatherReports {
  terrestrialDate: "2017-10-23"
  sol: 1853
  ls: 77.0
  minTemp: -80.0
  minTemFahrenheit: -112.0
  maxTemp: -32.0
  maxTempFahrenheit: -25.6
  pressureDescription: "Higher"
  absoluteHumidity: "null"
  atmosphericOpacity: "Sunny"
  season: "Month3"
  sunrise: "2017-10-23T105800Z"
  sunset: "2017-10-23T224100Z"
}
