ephemerisTime: 5.05747748E8
localMeanSolarTime: " 01219M23:03:12.913 "
localTrueSolarTime: " 01219 23:18:58 "
boomOne {
  boomAirTemp: 204.53
  boomIntermediateAirTemp: 201.61
  boomAtsAirTemp: 200.14
  internalAirTempUncertainty: 0.55
  intermediateTempUncertainty: 0.32
  tipAirTempUncertainty: 1.19
  atsBoomConfidenceLevel: "    011XX1111 "
}
boomTwo {
  boomAirTemp: 199.54
  boomIntermediateAirTemp: 198.66
  boomAtsAirTemp: 147.62
  internalAirTempUncertainty: 1.13
  intermediateTempUncertainty: 1.06
  tipAirTempUncertainty: 1.58
  atsBoomConfidenceLevel: "    011XX1110 "
}
channelAHumidity {
  percentage: 9.35
  uncertainty: 10.0
}
channelBHumidity {
  percentage: 9.31
  uncertainty: 10.0
}
channelCHumidity {
  percentage: 9.68
  uncertainty: 10.0
}
humiditySensorTemp: 205.42
hsConfidenceLevel: "     0XXX "
pressureSensorConfig: " 2H "
pressureSensorConfidenceLevel: "      111 "
pressureSensor1 {
  thermoCapTemp: 282.19
}
pressureSensor2 {
  baroCapPressure: 848.34
  baroCapAbsoluteUncertainty: 6.0
}
