ephemerisTime: 5.11743893E8
localMeanSolarTime: " 01287M12:06:01.921 "
localTrueSolarTime: " 01287 12:30:58 "
boomOne {
  boomAirTemp: 248.38
  boomIntermediateAirTemp: 242.22
  boomAtsAirTemp: 237.62
  internalAirTempUncertainty: 0.14
  intermediateTempUncertainty: 0.32
  tipAirTempUncertainty: 0.32
  atsBoomConfidenceLevel: "    111XX1101 "
}
boomTwo {
  boomAirTemp: 242.87
  boomIntermediateAirTemp: 243.39
  boomAtsAirTemp: 242.38
  internalAirTempUncertainty: 0.16
  intermediateTempUncertainty: 0.12
  tipAirTempUncertainty: 0.35
  atsBoomConfidenceLevel: "    111XX1111 "
}
channelAHumidity {
  percentage: 1.68
  uncertainty: 2.0
}
channelBHumidity {
  percentage: 1.7
  uncertainty: 2.0
}
channelCHumidity {
  percentage: 1.8
  uncertainty: 2.0
}
humiditySensorTemp: 243.7
hsConfidenceLevel: "     0XXX "
pressureSensorConfig: " 2H "
pressureSensorConfidenceLevel: "      111 "
pressureSensor1 {
  baroCapPressure: 749.94
  baroCapAbsoluteUncertainty: 4.4
}
pressureSensor2 {
  baroCapPressure: 746.33
  baroCapAbsoluteUncertainty: 6.0
}
