ephemerisTime: 5.15416614E8
localMeanSolarTime: " 01328M21:00:50.426 "
localTrueSolarTime: " 01328 21:32:15 "
boomOne {
  boomAirTemp: 214.56
  boomIntermediateAirTemp: 214.12
  boomAtsAirTemp: 213.38
  internalAirTempUncertainty: 0.14
  intermediateTempUncertainty: 0.32
  tipAirTempUncertainty: 0.32
  atsBoomConfidenceLevel: "    111XX1111 "
}
boomTwo {
  boomAirTemp: 213.01
  boomIntermediateAirTemp: 213.29
  boomAtsAirTemp: 212.76
  internalAirTempUncertainty: 0.16
  intermediateTempUncertainty: 0.12
  tipAirTempUncertainty: 0.35
  atsBoomConfidenceLevel: "    111XX1111 "
}
channelBHumidity {
}
channelCHumidity {
}
hsConfidenceLevel: "      UNK "
pressureSensorConfig: " 2H "
pressureSensorConfidenceLevel: "      101 "
pressureSensor1 {
}
pressureSensor2 {
  thermoCapTemp: 283.61
  baroCapPressure: 731.31
  baroCapAbsoluteUncertainty: 5.1
}
