ephemerisTime: 5.24494094E8
localMeanSolarTime: " 01431M03:05:39.452 "
localTrueSolarTime: " 01431 03:43:32 "
boomOne {
  boomAirTemp: 212.73
  boomIntermediateAirTemp: 210.98
  boomAtsAirTemp: 209.81
  internalAirTempUncertainty: 0.14
  intermediateTempUncertainty: 0.32
  tipAirTempUncertainty: 0.32
  atsBoomConfidenceLevel: "    111XX1111 "
}
boomTwo {
  boomAirTemp: 211.21
  boomIntermediateAirTemp: 209.62
  boomAtsAirTemp: 208.81
  internalAirTempUncertainty: 0.16
  intermediateTempUncertainty: 0.12
  tipAirTempUncertainty: 0.35
  atsBoomConfidenceLevel: "    111XX1111 "
}
channelAHumidity {
  percentage: 5.09
  uncertainty: 10.0
}
channelBHumidity {
  percentage: 5.12
  uncertainty: 10.0
}
channelCHumidity {
  percentage: 5.38
  uncertainty: 10.0
}
humiditySensorTemp: 212.95
hsConfidenceLevel: "     0XXX "
pressureSensorConfig: " 2H "
pressureSensorConfidenceLevel: "      111 "
pressureSensor1 {
}
pressureSensor2 {
  baroCapPressure: 832.65
  baroCapAbsoluteUncertainty: 5.3
}
