ephemerisTime: 5.31303835E8
localMeanSolarTime: " 01507M20:05:43.600 "
localTrueSolarTime: " 01507 20:10:34 "
boomOne {
  boomAirTemp: 229.7
  boomIntermediateAirTemp: 230.11
  boomAtsAirTemp: 229.87
  internalAirTempUncertainty: 0.14
  intermediateTempUncertainty: 0.32
  tipAirTempUncertainty: 0.32
  atsBoomConfidenceLevel: "    111XX1111 "
}
boomTwo {
  boomAirTemp: 228.13
  boomIntermediateAirTemp: 229.64
  boomAtsAirTemp: 229.45
  internalAirTempUncertainty: 0.16
  intermediateTempUncertainty: 0.12
  tipAirTempUncertainty: 0.35
  atsBoomConfidenceLevel: "    111XX1111 "
}
channelAHumidity {
  percentage: 2.45
  uncertainty: 10.0
}
channelBHumidity {
  percentage: 2.5
  uncertainty: 10.0
}
channelCHumidity {
  percentage: 2.65
  uncertainty: 10.0
}
humiditySensorTemp: 229.57
hsConfidenceLevel: "     0XXX "
pressureSensorConfig: " 2H "
pressureSensorConfidenceLevel: "      111 "
pressureSensor1 {
  baroCapPressure: 894.02
  baroCapAbsoluteUncertainty: 4.7
}
pressureSensor2 {
  baroCapPressure: 891.57
  baroCapAbsoluteUncertainty: 5.3
}
