ephemerisTime: 5.27198468E8
localMeanSolarTime: " 01461M14:13:00.867 "
localTrueSolarTime: " 01461 14:42:58 "
boomOne {
  boomAirTemp: 268.1
  boomIntermediateAirTemp: 266.18
  boomAtsAirTemp: 262.67
  internalAirTempUncertainty: 0.14
  intermediateTempUncertainty: 0.32
  tipAirTempUncertainty: 0.32
  atsBoomConfidenceLevel: "    111XX1111 "
}
boomTwo {
  boomAirTemp: 279.43
  boomIntermediateAirTemp: 281.38
  boomAtsAirTemp: 278.99
  internalAirTempUncertainty: 0.16
  intermediateTempUncertainty: 0.12
  tipAirTempUncertainty: 0.35
  atsBoomConfidenceLevel: "    111XX0001 "
}
channelAHumidity {
  percentage: 0.52
  uncertainty: 2.0
}
channelBHumidity {
  percentage: 0.46
  uncertainty: 2.0
}
channelCHumidity {
  percentage: 0.49
  uncertainty: 2.0
}
humiditySensorTemp: 279.14
hsConfidenceLevel: "     0XXX "
pressureSensorConfig: " 2H "
pressureSensorConfidenceLevel: "      111 "
pressureSensor1 {
}
pressureSensor2 {
  baroCapPressure: 821.21
  baroCapAbsoluteUncertainty: 5.3
}
