ephemerisTime: 5.39241436E8
localMeanSolarTime: " 01597M06:00:41.423 "
localTrueSolarTime: " 01597 05:13:47 "
boomOne {
  boomAirTemp: 205.89
  boomIntermediateAirTemp: 206.97
  boomAtsAirTemp: 207.66
  internalAirTempUncertainty: 0.14
  intermediateTempUncertainty: 0.32
  tipAirTempUncertainty: 0.32
  atsBoomConfidenceLevel: "    111XX1111 "
}
boomTwo {
  boomAirTemp: 147.85
  boomIntermediateAirTemp: 150.71
  boomAtsAirTemp: 146.81
  internalAirTempUncertainty: 1.13
  intermediateTempUncertainty: 1.06
  tipAirTempUncertainty: 1.58
  atsBoomConfidenceLevel: "    011XX1110 "
}
channelBHumidity {
}
channelCHumidity {
}
hsConfidenceLevel: "      UNK "
pressureSensorConfig: " 2H "
pressureSensorConfidenceLevel: "      101 "
pressureSensor1 {
}
pressureSensor2 {
  thermoCapTemp: 282.39
  baroCapPressure: 887.04
  baroCapAbsoluteUncertainty: 5.7
}
