ephemerisTime: 5.40872997E8
localMeanSolarTime: " 01615M15:06:03.850 "
localTrueSolarTime: " 01615 14:15:33 "
boomOne {
  boomAirTemp: 272.81
  boomIntermediateAirTemp: 272.87
  boomAtsAirTemp: 268.23
  internalAirTempUncertainty: 0.14
  intermediateTempUncertainty: 0.32
  tipAirTempUncertainty: 0.32
  atsBoomConfidenceLevel: "    111XX1101 "
}
boomTwo {
  boomAirTemp: 264.45
  boomIntermediateAirTemp: 264.08
  boomAtsAirTemp: 259.69
  internalAirTempUncertainty: 0.16
  intermediateTempUncertainty: 0.12
  tipAirTempUncertainty: 0.35
  atsBoomConfidenceLevel: "    111XX1111 "
}
channelAHumidity {
  percentage: 0.81
  uncertainty: 2.0
}
channelBHumidity {
  percentage: 0.79
  uncertainty: 2.0
}
channelCHumidity {
  percentage: 0.84
  uncertainty: 2.0
}
humiditySensorTemp: 264.99
hsConfidenceLevel: "     0XXX "
pressureSensorConfig: " 2H "
pressureSensorConfidenceLevel: "      111 "
pressureSensor1 {
  baroCapPressure: 803.88
  baroCapAbsoluteUncertainty: 4.9
}
pressureSensor2 {
  baroCapPressure: 800.64
  baroCapAbsoluteUncertainty: 5.7
}
