ephemerisTime: 5.37055377E8
localMeanSolarTime: " 01572M15:00:51.886 "
localTrueSolarTime: " 01572 14:23:28 "
boomOne {
  boomAirTemp: 267.33
  boomIntermediateAirTemp: 269.66
  boomAtsAirTemp: 268.06
  internalAirTempUncertainty: 0.14
  intermediateTempUncertainty: 0.32
  tipAirTempUncertainty: 0.32
  atsBoomConfidenceLevel: "    111XX1111 "
}
boomTwo {
  boomAirTemp: 263.7
  boomIntermediateAirTemp: 262.57
  boomAtsAirTemp: 261.76
  internalAirTempUncertainty: 0.16
  intermediateTempUncertainty: 0.12
  tipAirTempUncertainty: 0.35
  atsBoomConfidenceLevel: "    111XX1111 "
}
channelBHumidity {
}
channelCHumidity {
}
hsConfidenceLevel: "      UNK "
pressureSensorConfig: " 2H "
pressureSensorConfidenceLevel: "      101 "
pressureSensor1 {
}
pressureSensor2 {
  thermoCapTemp: 295.85
  baroCapPressure: 829.65
  baroCapAbsoluteUncertainty: 5.7
}
