ephemerisTime: 5.10036191E8
localMeanSolarTime: " 01268M06:25:35.001 "
localTrueSolarTime: " 01268 06:47:48 "
boomOne {
  boomAirTemp: 203.05
  boomIntermediateAirTemp: 203.59
  boomAtsAirTemp: 200.11
  internalAirTempUncertainty: 0.55
  intermediateTempUncertainty: 0.32
  tipAirTempUncertainty: 1.19
  atsBoomConfidenceLevel: "    011XX0001 "
}
boomTwo {
  atsBoomConfidenceLevel: "          UNK "
}
channelBHumidity {
}
channelCHumidity {
}
hsConfidenceLevel: "      UNK "
pressureSensorConfig: " 2H "
pressureSensorConfidenceLevel: "      111 "
pressureSensor1 {
}
pressureSensor2 {
  thermoCapTemp: 281.53
  baroCapPressure: 804.09
  baroCapAbsoluteUncertainty: 6.0
}
