ephemerisTime: 5.16881392E8
localMeanSolarTime: " 01345M09:00:50.716 "
localTrueSolarTime: " 01345 09:34:52 "
boomOne {
  boomAirTemp: 243.78
  boomIntermediateAirTemp: 247.35
  boomAtsAirTemp: 247.05
  internalAirTempUncertainty: 0.14
  intermediateTempUncertainty: 0.32
  tipAirTempUncertainty: 0.32
  atsBoomConfidenceLevel: "    111XX0001 "
}
boomTwo {
  boomAirTemp: 237.28
  boomIntermediateAirTemp: 233.03
  boomAtsAirTemp: 230.51
  internalAirTempUncertainty: 0.16
  intermediateTempUncertainty: 0.12
  tipAirTempUncertainty: 0.35
  atsBoomConfidenceLevel: "    111XX0001 "
}
channelBHumidity {
}
channelCHumidity {
}
hsConfidenceLevel: "      UNK "
pressureSensorConfig: " 2H "
pressureSensorConfidenceLevel: "      101 "
pressureSensor1 {
}
pressureSensor2 {
  thermoCapTemp: 280.32
  baroCapPressure: 750.68
  baroCapAbsoluteUncertainty: 5.1
}
