ephemerisTime: 5.15389028E8
localMeanSolarTime: " 01328M13:33:22.255 "
localTrueSolarTime: " 01328 14:04:44 "
boomOne {
  boomAirTemp: 261.71
  boomIntermediateAirTemp: 257.5
  boomAtsAirTemp: 256.64
  internalAirTempUncertainty: 0.14
  intermediateTempUncertainty: 0.32
  tipAirTempUncertainty: 0.32
  atsBoomConfidenceLevel: "    111XX0001 "
}
boomTwo {
  boomAirTemp: 258.79
  boomIntermediateAirTemp: 256.59
  boomAtsAirTemp: 255.34
  internalAirTempUncertainty: 0.16
  intermediateTempUncertainty: 0.12
  tipAirTempUncertainty: 0.35
  atsBoomConfidenceLevel: "    111XX0001 "
}
channelAHumidity {
  percentage: 0.96
  uncertainty: 2.0
}
channelBHumidity {
  percentage: 0.95
  uncertainty: 2.0
}
channelCHumidity {
  percentage: 0.99
  uncertainty: 2.0
}
humiditySensorTemp: 259.31
hsConfidenceLevel: "     0XXX "
pressureSensorConfig: " 2H "
pressureSensorConfidenceLevel: "      111 "
pressureSensor1 {
}
pressureSensor2 {
  baroCapPressure: 705.31
  baroCapAbsoluteUncertainty: 5.1
}
