ephemerisTime: 5.07049928E8
localMeanSolarTime: " 01234M15:05:44.134 "
localTrueSolarTime: " 01234 15:23:30 "
boomOne {
  boomAirTemp: 249.56
  boomIntermediateAirTemp: 246.26
  boomAtsAirTemp: 239.87
  internalAirTempUncertainty: 0.14
  intermediateTempUncertainty: 0.32
  tipAirTempUncertainty: 0.32
  atsBoomConfidenceLevel: "    111XX1111 "
}
boomTwo {
  boomAirTemp: 256.92
  boomIntermediateAirTemp: 253.06
  boomAtsAirTemp: 247.2
  internalAirTempUncertainty: 0.16
  intermediateTempUncertainty: 0.12
  tipAirTempUncertainty: 0.35
  atsBoomConfidenceLevel: "    111XX0001 "
}
channelAHumidity {
  percentage: 1.06
  uncertainty: 2.0
}
channelBHumidity {
  percentage: 1.06
  uncertainty: 2.0
}
channelCHumidity {
  percentage: 1.12
  uncertainty: 2.0
}
humiditySensorTemp: 256.5
hsConfidenceLevel: "     0XXX "
pressureSensorConfig: " 2H "
pressureSensorConfidenceLevel: "      111 "
pressureSensor1 {
}
pressureSensor2 {
  baroCapPressure: 789.64
  baroCapAbsoluteUncertainty: 6.0
}
