ephemerisTime: 5.24105406E8
localMeanSolarTime: " 01426M18:00:47.502 "
localTrueSolarTime: " 01426 18:39:16 "
boomOne {
  boomAirTemp: 237.7
  boomIntermediateAirTemp: 238.45
  boomAtsAirTemp: 238.68
  internalAirTempUncertainty: 0.14
  intermediateTempUncertainty: 0.32
  tipAirTempUncertainty: 0.32
  atsBoomConfidenceLevel: "    111XX1111 "
}
boomTwo {
  boomAirTemp: 237.13
  boomIntermediateAirTemp: 237.82
  boomAtsAirTemp: 238.87
  internalAirTempUncertainty: 0.16
  intermediateTempUncertainty: 0.12
  tipAirTempUncertainty: 0.35
  atsBoomConfidenceLevel: "    111XX1111 "
}
channelBHumidity {
}
channelCHumidity {
}
hsConfidenceLevel: "      UNK "
pressureSensorConfig: " 2H "
pressureSensorConfidenceLevel: "      101 "
pressureSensor1 {
}
pressureSensor2 {
  thermoCapTemp: 296.78
  baroCapPressure: 777.13
  baroCapAbsoluteUncertainty: 5.3
}
