ephemerisTime: 5.43606488E8
localMeanSolarTime: " 01646M10:05:43.487 "
localTrueSolarTime: " 01646 09:15:16 "
boomOne {
  boomAirTemp: 236.05
  boomIntermediateAirTemp: 238.13
  boomAtsAirTemp: 237.01
  internalAirTempUncertainty: 0.14
  intermediateTempUncertainty: 0.32
  tipAirTempUncertainty: 0.32
  atsBoomConfidenceLevel: "    111XX0001 "
}
boomTwo {
  boomAirTemp: 234.43
  boomIntermediateAirTemp: 236.77
  boomAtsAirTemp: 231.75
  internalAirTempUncertainty: 0.16
  intermediateTempUncertainty: 0.12
  tipAirTempUncertainty: 0.35
  atsBoomConfidenceLevel: "    111XX0001 "
}
channelAHumidity {
  percentage: 1.88
  uncertainty: 10.0
}
channelBHumidity {
  percentage: 1.93
  uncertainty: 10.0
}
channelCHumidity {
  percentage: 2.06
  uncertainty: 10.0
}
humiditySensorTemp: 235.4
hsConfidenceLevel: "     0XXX "
pressureSensorConfig: " 2H "
pressureSensorConfidenceLevel: "      111 "
pressureSensor1 {
  baroCapPressure: 849.83
  baroCapAbsoluteUncertainty: 4.9
}
pressureSensor2 {
  baroCapPressure: 846.6
  baroCapAbsoluteUncertainty: 5.7
}
