ephemerisTime: 5.31888284E8
localMeanSolarTime: " 01514M10:06:00.625 "
localTrueSolarTime: " 01514 10:06:19 "
boomOne {
  boomAirTemp: 245.35
  boomIntermediateAirTemp: 245.9
  boomAtsAirTemp: 241.48
  internalAirTempUncertainty: 0.14
  intermediateTempUncertainty: 0.32
  tipAirTempUncertainty: 0.32
  atsBoomConfidenceLevel: "    111XX1111 "
}
boomTwo {
  boomAirTemp: 256.54
  boomIntermediateAirTemp: 258.81
  boomAtsAirTemp: 255.2
  internalAirTempUncertainty: 0.16
  intermediateTempUncertainty: 0.12
  tipAirTempUncertainty: 0.35
  atsBoomConfidenceLevel: "    111XX0001 "
}
channelAHumidity {
  percentage: 1.05
  uncertainty: 2.0
}
channelBHumidity {
  percentage: 1.04
  uncertainty: 2.0
}
channelCHumidity {
  percentage: 1.1
  uncertainty: 2.0
}
humiditySensorTemp: 256.2
hsConfidenceLevel: "     0XXX "
pressureSensorConfig: " 2H "
pressureSensorConfidenceLevel: "      111 "
pressureSensor1 {
  baroCapPressure: 920.54
  baroCapAbsoluteUncertainty: 4.7
}
pressureSensor2 {
  baroCapPressure: 917.5
  baroCapAbsoluteUncertainty: 5.3
}
