ephemerisTime: 5.39522902E8
localMeanSolarTime: " 01600M10:06:19.188 "
localTrueSolarTime: " 01600 09:18:34 "
boomOne {
  boomAirTemp: 236.37
  boomIntermediateAirTemp: 232.01
  boomAtsAirTemp: 229.99
  internalAirTempUncertainty: 0.14
  intermediateTempUncertainty: 0.32
  tipAirTempUncertainty: 0.32
  atsBoomConfidenceLevel: "    111XX0001 "
}
boomTwo {
  boomAirTemp: 234.77
  boomIntermediateAirTemp: 233.9
  boomAtsAirTemp: 232.2
  internalAirTempUncertainty: 0.16
  intermediateTempUncertainty: 0.12
  tipAirTempUncertainty: 0.35
  atsBoomConfidenceLevel: "    111XX0001 "
}
channelAHumidity {
  percentage: 1.95
  uncertainty: 10.0
}
channelBHumidity {
  percentage: 1.97
  uncertainty: 10.0
}
channelCHumidity {
  percentage: 2.1
  uncertainty: 10.0
}
humiditySensorTemp: 236.37
hsConfidenceLevel: "     0XXX "
pressureSensorConfig: " 2H "
pressureSensorConfidenceLevel: "      111 "
pressureSensor1 {
  baroCapPressure: 874.6
  baroCapAbsoluteUncertainty: 4.9
}
pressureSensor2 {
  baroCapPressure: 871.37
  baroCapAbsoluteUncertainty: 5.7
}
