ephemerisTime: 5.43299229E8
localMeanSolarTime: " 01642M23:01:42.595 "
localTrueSolarTime: " 01642 22:10:54 "
boomOne {
  boomAirTemp: 217.32
  boomIntermediateAirTemp: 219.08
  boomAtsAirTemp: 219.85
  internalAirTempUncertainty: 0.14
  intermediateTempUncertainty: 0.32
  tipAirTempUncertainty: 0.32
  atsBoomConfidenceLevel: "    111XX1111 "
}
boomTwo {
  boomAirTemp: 212.32
  boomIntermediateAirTemp: 215.33
  boomAtsAirTemp: 182.63
  internalAirTempUncertainty: 0.16
  intermediateTempUncertainty: 0.12
  tipAirTempUncertainty: 0.35
  atsBoomConfidenceLevel: "    111XX1110 "
}
channelAHumidity {
  percentage: 3.89
  uncertainty: 10.0
}
channelBHumidity {
  percentage: 3.97
  uncertainty: 10.0
}
channelCHumidity {
  percentage: 4.2
  uncertainty: 10.0
}
humiditySensorTemp: 217.85
hsConfidenceLevel: "     0XXX "
pressureSensorConfig: " 2H "
pressureSensorConfidenceLevel: "      101 "
pressureSensor1 {
}
pressureSensor2 {
  baroCapPressure: 839.8
  baroCapAbsoluteUncertainty: 5.7
}
