ephemerisTime: 5.32298855E8
localMeanSolarTime: " 01519M01:05:50.281 "
localTrueSolarTime: " 01519 01:02:54 "
boomOne {
  boomAirTemp: 211.29
  boomIntermediateAirTemp: 212.21
  boomAtsAirTemp: 212.59
  internalAirTempUncertainty: 0.14
  intermediateTempUncertainty: 0.32
  tipAirTempUncertainty: 0.32
  atsBoomConfidenceLevel: "    111XX1111 "
}
boomTwo {
  boomAirTemp: 210.45
  boomIntermediateAirTemp: 211.79
  boomAtsAirTemp: 211.44
  internalAirTempUncertainty: 0.16
  intermediateTempUncertainty: 0.12
  tipAirTempUncertainty: 0.35
  atsBoomConfidenceLevel: "    111XX1111 "
}
channelAHumidity {
  percentage: 5.98
  uncertainty: 10.0
}
channelBHumidity {
  percentage: 6.05
  uncertainty: 10.0
}
channelCHumidity {
  percentage: 6.32
  uncertainty: 10.0
}
humiditySensorTemp: 212.78
hsConfidenceLevel: "     0XXX "
pressureSensorConfig: " 2H "
pressureSensorConfidenceLevel: "      111 "
pressureSensor1 {
  baroCapPressure: 928.87
  baroCapAbsoluteUncertainty: 4.9
}
pressureSensor2 {
  baroCapPressure: 926.21
  baroCapAbsoluteUncertainty: 5.7
}
