ephemerisTime: 5.17687761E8
localMeanSolarTime: " 01354M11:00:52.154 "
localTrueSolarTime: " 01354 11:36:15 "
boomOne {
  boomAirTemp: 250.17
  boomIntermediateAirTemp: 247.9
  boomAtsAirTemp: 245.12
  internalAirTempUncertainty: 0.14
  intermediateTempUncertainty: 0.32
  tipAirTempUncertainty: 0.32
  atsBoomConfidenceLevel: "    111XX1111 "
}
boomTwo {
  boomAirTemp: 247.06
  boomIntermediateAirTemp: 249.54
  boomAtsAirTemp: 249.87
  internalAirTempUncertainty: 0.16
  intermediateTempUncertainty: 0.12
  tipAirTempUncertainty: 0.35
  atsBoomConfidenceLevel: "    111XX1111 "
}
channelBHumidity {
}
channelCHumidity {
}
hsConfidenceLevel: "      UNK "
pressureSensorConfig: " 2H "
pressureSensorConfidenceLevel: "      101 "
pressureSensor1 {
}
pressureSensor2 {
  thermoCapTemp: 289.58
  baroCapPressure: 727.33
  baroCapAbsoluteUncertainty: 5.1
}
