ephemerisTime: 5.18657189E8
localMeanSolarTime: " 01365M09:05:51.332 "
localTrueSolarTime: " 01365 09:42:44 "
boomOne {
  boomAirTemp: 250.18
  boomIntermediateAirTemp: 243.13
  boomAtsAirTemp: 238.7
  internalAirTempUncertainty: 0.14
  intermediateTempUncertainty: 0.32
  tipAirTempUncertainty: 0.32
  atsBoomConfidenceLevel: "    111XX0001 "
}
boomTwo {
  boomAirTemp: 249.63
  boomIntermediateAirTemp: 240.29
  boomAtsAirTemp: 235.8
  internalAirTempUncertainty: 0.16
  intermediateTempUncertainty: 0.12
  tipAirTempUncertainty: 0.35
  atsBoomConfidenceLevel: "    111XX0001 "
}
channelAHumidity {
  percentage: 1.3
  uncertainty: 2.0
}
channelBHumidity {
  percentage: 1.31
  uncertainty: 2.0
}
channelCHumidity {
  percentage: 1.41
  uncertainty: 2.0
}
humiditySensorTemp: 248.62
hsConfidenceLevel: "     0XXX "
pressureSensorConfig: " 2H "
pressureSensorConfidenceLevel: "      111 "
pressureSensor1 {
}
pressureSensor2 {
  baroCapPressure: 750.22
  baroCapAbsoluteUncertainty: 5.1
}
