ephemerisTime: 5.06724668E8
localMeanSolarTime: " 01230M23:09:43.706 "
localTrueSolarTime: " 01230 23:27:00 "
boomOne {
  boomAirTemp: 203.7
  boomIntermediateAirTemp: 200.77
  boomAtsAirTemp: 198.44
  internalAirTempUncertainty: 0.55
  intermediateTempUncertainty: 0.32
  tipAirTempUncertainty: 1.19
  atsBoomConfidenceLevel: "    011XX1111 "
}
boomTwo {
  boomAirTemp: 194.33
  boomIntermediateAirTemp: 195.6
  boomAtsAirTemp: 146.02
  internalAirTempUncertainty: 1.13
  intermediateTempUncertainty: 1.06
  tipAirTempUncertainty: 1.58
  atsBoomConfidenceLevel: "    011XX1110 "
}
channelAHumidity {
  percentage: 10.6
  uncertainty: 10.0
}
channelBHumidity {
  percentage: 10.59
  uncertainty: 10.0
}
channelCHumidity {
  percentage: 11.14
  uncertainty: 10.0
}
humiditySensorTemp: 204.59
hsConfidenceLevel: "     0XXX "
pressureSensorConfig: " 2H "
pressureSensorConfidenceLevel: "      111 "
pressureSensor1 {
}
pressureSensor2 {
  baroCapPressure: 836.83
  baroCapAbsoluteUncertainty: 6.0
}
