ephemerisTime: 5.14088996E8
localMeanSolarTime: " 01313M22:05:41.583 "
localTrueSolarTime: " 01313 22:34:41 "
boomOne {
  boomAirTemp: 209.25
  boomIntermediateAirTemp: 209.0
  boomAtsAirTemp: 208.19
  internalAirTempUncertainty: 0.55
  intermediateTempUncertainty: 0.32
  tipAirTempUncertainty: 1.19
  atsBoomConfidenceLevel: "    011XX1111 "
}
boomTwo {
  boomAirTemp: 207.1
  boomIntermediateAirTemp: 206.32
  boomAtsAirTemp: 204.92
  internalAirTempUncertainty: 0.16
  intermediateTempUncertainty: 0.12
  tipAirTempUncertainty: 0.35
  atsBoomConfidenceLevel: "    111XX1111 "
}
channelAHumidity {
  percentage: 7.79
  uncertainty: 10.0
}
channelBHumidity {
  percentage: 7.74
  uncertainty: 10.0
}
channelCHumidity {
  percentage: 8.04
  uncertainty: 10.0
}
humiditySensorTemp: 209.08
hsConfidenceLevel: "     0XXX "
pressureSensorConfig: " 2H "
pressureSensorConfidenceLevel: "      111 "
pressureSensor1 {
  baroCapPressure: 748.92
  baroCapAbsoluteUncertainty: 4.6
}
pressureSensor2 {
  baroCapPressure: 745.83
  baroCapAbsoluteUncertainty: 5.1
}
