ephemerisTime: 5.07129608E8
localMeanSolarTime: " 01235M12:38:12.972 "
localTrueSolarTime: " 01235 12:56:06 "
boomOne {
  boomAirTemp: 243.43
  boomIntermediateAirTemp: 240.03
  boomAtsAirTemp: 235.2
  internalAirTempUncertainty: 0.14
  intermediateTempUncertainty: 0.32
  tipAirTempUncertainty: 0.32
  atsBoomConfidenceLevel: "    111XX1111 "
}
boomTwo {
  boomAirTemp: 249.12
  boomIntermediateAirTemp: 239.56
  boomAtsAirTemp: 235.79
  internalAirTempUncertainty: 0.16
  intermediateTempUncertainty: 0.12
  tipAirTempUncertainty: 0.35
  atsBoomConfidenceLevel: "    111XX1101 "
}
channelAHumidity {
  percentage: 1.32
  uncertainty: 2.0
}
channelBHumidity {
  percentage: 1.35
  uncertainty: 2.0
}
channelCHumidity {
  percentage: 1.4
  uncertainty: 2.0
}
humiditySensorTemp: 248.59
hsConfidenceLevel: "     0XXX "
pressureSensorConfig: " 2H "
pressureSensorConfidenceLevel: "      110 "
pressureSensor1 {
}
pressureSensor2 {
  thermoCapTemp: 288.7
  baroCapPressure: 799.09
  baroCapAbsoluteUncertainty: 6.0
}
