ephemerisTime: 5.15419628E8
localMeanSolarTime: " 01328M21:49:43.812 "
localTrueSolarTime: " 01328 22:21:09 "
boomOne {
  boomAirTemp: 215.39
  boomIntermediateAirTemp: 214.23
  boomAtsAirTemp: 212.55
  internalAirTempUncertainty: 0.14
  intermediateTempUncertainty: 0.32
  tipAirTempUncertainty: 0.32
  atsBoomConfidenceLevel: "    111XX1111 "
}
boomTwo {
  boomAirTemp: 213.97
  boomIntermediateAirTemp: 212.7
  boomAtsAirTemp: 211.29
  internalAirTempUncertainty: 0.16
  intermediateTempUncertainty: 0.12
  tipAirTempUncertainty: 0.35
  atsBoomConfidenceLevel: "    111XX1111 "
}
channelAHumidity {
  percentage: 4.49
  uncertainty: 10.0
}
channelBHumidity {
  percentage: 4.51
  uncertainty: 10.0
}
channelCHumidity {
  percentage: 4.71
  uncertainty: 10.0
}
humiditySensorTemp: 215.72
hsConfidenceLevel: "     0XXX "
pressureSensorConfig: " 2H "
pressureSensorConfidenceLevel: "      111 "
pressureSensor1 {
}
pressureSensor2 {
  baroCapPressure: 735.64
  baroCapAbsoluteUncertainty: 5.1
}
