ephemerisTime: 5.18705268E8
localMeanSolarTime: " 01365M22:05:44.386 "
localTrueSolarTime: " 01365 22:42:41 "
boomOne {
  boomAirTemp: 216.9
  boomIntermediateAirTemp: 217.5
  boomAtsAirTemp: 217.54
  internalAirTempUncertainty: 0.14
  intermediateTempUncertainty: 0.32
  tipAirTempUncertainty: 0.32
  atsBoomConfidenceLevel: "    111XX1111 "
}
boomTwo {
  boomAirTemp: 216.41
  boomIntermediateAirTemp: 217.34
  boomAtsAirTemp: 216.99
  internalAirTempUncertainty: 0.16
  intermediateTempUncertainty: 0.12
  tipAirTempUncertainty: 0.35
  atsBoomConfidenceLevel: "    111XX1111 "
}
channelAHumidity {
  percentage: 4.82
  uncertainty: 10.0
}
channelBHumidity {
  percentage: 4.9
  uncertainty: 10.0
}
channelCHumidity {
  percentage: 5.16
  uncertainty: 10.0
}
humiditySensorTemp: 218.27
hsConfidenceLevel: "     0XXX "
pressureSensorConfig: " 2H "
pressureSensorConfidenceLevel: "      111 "
pressureSensor1 {
  baroCapPressure: 748.1
  baroCapAbsoluteUncertainty: 4.6
}
pressureSensor2 {
  baroCapPressure: 745.23
  baroCapAbsoluteUncertainty: 5.1
}
