ephemerisTime: 5.15391788E8
localMeanSolarTime: " 01328M14:18:08.435 "
localTrueSolarTime: " 01328 14:49:30 "
boomOne {
  boomAirTemp: 264.1
  boomIntermediateAirTemp: 259.28
  boomAtsAirTemp: 257.31
  internalAirTempUncertainty: 0.14
  intermediateTempUncertainty: 0.32
  tipAirTempUncertainty: 0.32
  atsBoomConfidenceLevel: "    111XX0001 "
}
boomTwo {
  boomAirTemp: 266.99
  boomIntermediateAirTemp: 266.17
  boomAtsAirTemp: 263.02
  internalAirTempUncertainty: 0.16
  intermediateTempUncertainty: 0.12
  tipAirTempUncertainty: 0.35
  atsBoomConfidenceLevel: "    111XX0001 "
}
channelAHumidity {
  percentage: 0.77
  uncertainty: 2.0
}
channelBHumidity {
  percentage: 0.74
  uncertainty: 2.0
}
channelCHumidity {
  percentage: 0.78
  uncertainty: 2.0
}
humiditySensorTemp: 266.97
hsConfidenceLevel: "     0XXX "
pressureSensorConfig: " 2H "
pressureSensorConfidenceLevel: "      111 "
pressureSensor1 {
}
pressureSensor2 {
  baroCapPressure: 699.89
  baroCapAbsoluteUncertainty: 5.1
}
