ephemerisTime: 5.1077846E8
localMeanSolarTime: " 01276M15:05:50.891 "
localTrueSolarTime: " 01276 15:29:14 "
boomOne {
  boomAirTemp: 246.91
  boomIntermediateAirTemp: 247.13
  boomAtsAirTemp: 245.77
  internalAirTempUncertainty: 0.14
  intermediateTempUncertainty: 0.32
  tipAirTempUncertainty: 0.32
  atsBoomConfidenceLevel: "    111XX1111 "
}
boomTwo {
  boomAirTemp: 256.56
  boomIntermediateAirTemp: 254.71
  boomAtsAirTemp: 251.03
  internalAirTempUncertainty: 0.16
  intermediateTempUncertainty: 0.12
  tipAirTempUncertainty: 0.35
  atsBoomConfidenceLevel: "    111XX0001 "
}
channelAHumidity {
  percentage: 1.18
  uncertainty: 2.0
}
channelBHumidity {
  percentage: 1.16
  uncertainty: 2.0
}
channelCHumidity {
  percentage: 1.23
  uncertainty: 2.0
}
humiditySensorTemp: 256.23
hsConfidenceLevel: "     0XXX "
pressureSensorConfig: " 2H "
pressureSensorConfidenceLevel: "      111 "
pressureSensor1 {
  baroCapPressure: 746.42
  baroCapAbsoluteUncertainty: 4.4
}
pressureSensor2 {
  baroCapPressure: 742.91
  baroCapAbsoluteUncertainty: 6.0
}
