ephemerisTime: 5.08309928E8
localMeanSolarTime: " 01248M19:44:03.523 "
localTrueSolarTime: " 01248 20:03:42 "
boomOne {
  boomAirTemp: 216.25
  boomIntermediateAirTemp: 213.85
  boomAtsAirTemp: 211.98
  internalAirTempUncertainty: 0.14
  intermediateTempUncertainty: 0.32
  tipAirTempUncertainty: 0.32
  atsBoomConfidenceLevel: "    111XX1111 "
}
boomTwo {
  boomAirTemp: 214.55
  boomIntermediateAirTemp: 212.37
  boomAtsAirTemp: 209.57
  internalAirTempUncertainty: 0.16
  intermediateTempUncertainty: 0.12
  tipAirTempUncertainty: 0.35
  atsBoomConfidenceLevel: "    111XX1111 "
}
channelAHumidity {
  percentage: 4.12
  uncertainty: 10.0
}
channelBHumidity {
  percentage: 4.18
  uncertainty: 10.0
}
channelCHumidity {
  percentage: 4.31
  uncertainty: 10.0
}
humiditySensorTemp: 216.06
hsConfidenceLevel: "     0XXX "
pressureSensorConfig: " 2H "
pressureSensorConfidenceLevel: "      111 "
pressureSensor1 {
}
pressureSensor2 {
  baroCapPressure: 797.22
  baroCapAbsoluteUncertainty: 6.0
}
