ephemerisTime: 5.16611683E8
localMeanSolarTime: " 01342M08:05:55.493 "
localTrueSolarTime: " 01342 08:39:29 "
boomOne {
  boomAirTemp: 234.26
  boomIntermediateAirTemp: 235.31
  boomAtsAirTemp: 232.36
  internalAirTempUncertainty: 0.14
  intermediateTempUncertainty: 0.32
  tipAirTempUncertainty: 0.32
  atsBoomConfidenceLevel: "    111XX0001 "
}
boomTwo {
  boomAirTemp: 233.0
  boomIntermediateAirTemp: 229.38
  boomAtsAirTemp: 227.88
  internalAirTempUncertainty: 0.16
  intermediateTempUncertainty: 0.12
  tipAirTempUncertainty: 0.35
  atsBoomConfidenceLevel: "    111XX0001 "
}
channelAHumidity {
  percentage: 1.85
  uncertainty: 10.0
}
channelBHumidity {
  percentage: 1.89
  uncertainty: 10.0
}
channelCHumidity {
  percentage: 2.01
  uncertainty: 10.0
}
humiditySensorTemp: 233.03
hsConfidenceLevel: "     0XXX "
pressureSensorConfig: " 2H "
pressureSensorConfidenceLevel: "      111 "
pressureSensor1 {
  baroCapPressure: 774.18
  baroCapAbsoluteUncertainty: 4.6
}
pressureSensor2 {
  baroCapPressure: 771.18
  baroCapAbsoluteUncertainty: 5.1
}
