ephemerisTime: 5.07038832E8
localMeanSolarTime: " 01234M12:05:44.914 "
localTrueSolarTime: " 01234 12:23:30 "
boomOne {
  boomAirTemp: 241.07
  boomIntermediateAirTemp: 242.14
  boomAtsAirTemp: 240.17
  internalAirTempUncertainty: 0.14
  intermediateTempUncertainty: 0.32
  tipAirTempUncertainty: 0.32
  atsBoomConfidenceLevel: "    111XX1111 "
}
boomTwo {
  boomAirTemp: 245.8
  boomIntermediateAirTemp: 242.28
  boomAtsAirTemp: 238.07
  internalAirTempUncertainty: 0.16
  intermediateTempUncertainty: 0.12
  tipAirTempUncertainty: 0.35
  atsBoomConfidenceLevel: "    111XX1101 "
}
channelAHumidity {
  percentage: 1.47
  uncertainty: 2.0
}
channelBHumidity {
  percentage: 1.5
  uncertainty: 2.0
}
channelCHumidity {
  percentage: 1.57
  uncertainty: 2.0
}
humiditySensorTemp: 245.76
hsConfidenceLevel: "     0XXX "
pressureSensorConfig: " 2H "
pressureSensorConfidenceLevel: "      111 "
pressureSensor1 {
  baroCapPressure: 809.98
  baroCapAbsoluteUncertainty: 4.4
}
pressureSensor2 {
  baroCapPressure: 805.82
  baroCapAbsoluteUncertainty: 6.0
}
