ephemerisTime: 5.06956928E8
localMeanSolarTime: " 01233M13:57:11.560 "
localTrueSolarTime: " 01233 14:14:49 "
boomOne {
  boomAirTemp: 247.3
  boomIntermediateAirTemp: 243.91
  boomAtsAirTemp: 240.05
  internalAirTempUncertainty: 0.14
  intermediateTempUncertainty: 0.32
  tipAirTempUncertainty: 0.32
  atsBoomConfidenceLevel: "    111XX0011 "
}
boomTwo {
  boomAirTemp: 253.18
  boomIntermediateAirTemp: 246.6
  boomAtsAirTemp: 244.19
  internalAirTempUncertainty: 0.16
  intermediateTempUncertainty: 0.12
  tipAirTempUncertainty: 0.35
  atsBoomConfidenceLevel: "    111XX0001 "
}
channelAHumidity {
  percentage: 1.21
  uncertainty: 2.0
}
channelBHumidity {
  percentage: 1.21
  uncertainty: 2.0
}
channelCHumidity {
  percentage: 1.27
  uncertainty: 2.0
}
humiditySensorTemp: 252.87
hsConfidenceLevel: "     0XXX "
pressureSensorConfig: " 2H "
pressureSensorConfidenceLevel: "      111 "
pressureSensor1 {
}
pressureSensor2 {
  baroCapPressure: 795.97
  baroCapAbsoluteUncertainty: 6.0
}
