ephemerisTime: 5.44171029E8
localMeanSolarTime: " 01652M18:43:04.982 "
localTrueSolarTime: " 01652 17:53:26 "
boomOne {
  boomAirTemp: 241.9
  boomIntermediateAirTemp: 239.39
  boomAtsAirTemp: 237.87
  internalAirTempUncertainty: 0.14
  intermediateTempUncertainty: 0.32
  tipAirTempUncertainty: 0.32
  atsBoomConfidenceLevel: "    111XX1111 "
}
boomTwo {
  boomAirTemp: 238.7
  boomIntermediateAirTemp: 235.42
  boomAtsAirTemp: 232.42
  internalAirTempUncertainty: 0.16
  intermediateTempUncertainty: 0.12
  tipAirTempUncertainty: 0.35
  atsBoomConfidenceLevel: "    111XX1111 "
}
channelAHumidity {
  percentage: 1.8
  uncertainty: 10.0
}
channelBHumidity {
  percentage: 1.84
  uncertainty: 10.0
}
channelCHumidity {
  percentage: 1.95
  uncertainty: 10.0
}
humiditySensorTemp: 239.57
hsConfidenceLevel: "     0XXX "
pressureSensorConfig: " 2H "
pressureSensorConfidenceLevel: "      111 "
pressureSensor1 {
}
pressureSensor2 {
  baroCapPressure: 779.77
  baroCapAbsoluteUncertainty: 6.4
}
