ephemerisTime: 5.11692092E8
localMeanSolarTime: " 01286M22:05:46.418 "
localTrueSolarTime: " 01286 22:30:37 "
boomOne {
  boomAirTemp: 210.83
  boomIntermediateAirTemp: 209.21
  boomAtsAirTemp: 208.16
  internalAirTempUncertainty: 0.14
  intermediateTempUncertainty: 0.32
  tipAirTempUncertainty: 0.32
  atsBoomConfidenceLevel: "    111XX1111 "
}
boomTwo {
  boomAirTemp: 206.76
  boomIntermediateAirTemp: 205.57
  boomAtsAirTemp: 203.52
  internalAirTempUncertainty: 0.16
  intermediateTempUncertainty: 0.12
  tipAirTempUncertainty: 0.35
  atsBoomConfidenceLevel: "    111XX1111 "
}
channelAHumidity {
  percentage: 7.45
  uncertainty: 10.0
}
channelBHumidity {
  percentage: 7.39
  uncertainty: 10.0
}
channelCHumidity {
  percentage: 7.62
  uncertainty: 10.0
}
humiditySensorTemp: 211.27
hsConfidenceLevel: "     0XXX "
pressureSensorConfig: " 2H "
pressureSensorConfidenceLevel: "      111 "
pressureSensor1 {
}
pressureSensor2 {
  baroCapPressure: 764.61
  baroCapAbsoluteUncertainty: 6.0
}
