ephemerisTime: 5.41031734E8
localMeanSolarTime: " 01617M10:00:55.188 "
localTrueSolarTime: " 01617 09:10:13 "
boomOne {
  boomAirTemp: 233.4
  boomIntermediateAirTemp: 232.71
  boomAtsAirTemp: 230.36
  internalAirTempUncertainty: 0.14
  intermediateTempUncertainty: 0.32
  tipAirTempUncertainty: 0.32
  atsBoomConfidenceLevel: "    111XX0011 "
}
boomTwo {
  boomAirTemp: 233.71
  boomIntermediateAirTemp: 230.84
  boomAtsAirTemp: 227.56
  internalAirTempUncertainty: 0.16
  intermediateTempUncertainty: 0.12
  tipAirTempUncertainty: 0.35
  atsBoomConfidenceLevel: "    111XX1101 "
}
channelBHumidity {
}
channelCHumidity {
}
hsConfidenceLevel: "      UNK "
pressureSensorConfig: " 2H "
pressureSensorConfidenceLevel: "      101 "
pressureSensor1 {
}
pressureSensor2 {
  thermoCapTemp: 281.38
  baroCapPressure: 861.5
  baroCapAbsoluteUncertainty: 5.7
}
