ephemerisTime: 5.39100885E8
localMeanSolarTime: " 01595M16:00:49.673 "
localTrueSolarTime: " 01595 15:14:22 "
boomOne {
  boomAirTemp: 265.1
  boomIntermediateAirTemp: 262.65
  boomAtsAirTemp: 260.45
  internalAirTempUncertainty: 0.14
  intermediateTempUncertainty: 0.32
  tipAirTempUncertainty: 0.32
  atsBoomConfidenceLevel: "    111XX0001 "
}
boomTwo {
  boomAirTemp: 270.76
  boomIntermediateAirTemp: 270.57
  boomAtsAirTemp: 269.34
  internalAirTempUncertainty: 0.16
  intermediateTempUncertainty: 0.12
  tipAirTempUncertainty: 0.35
  atsBoomConfidenceLevel: "    111XX1101 "
}
channelBHumidity {
}
channelCHumidity {
}
hsConfidenceLevel: "      UNK "
pressureSensorConfig: " 2H "
pressureSensorConfidenceLevel: "      101 "
pressureSensor1 {
}
pressureSensor2 {
  thermoCapTemp: 295.68
  baroCapPressure: 804.84
  baroCapAbsoluteUncertainty: 5.7
}
