ephemerisTime: 5.17277471E8
localMeanSolarTime: " 01349M20:05:35.983 "
localTrueSolarTime: " 01349 20:40:18 "
boomOne {
  boomAirTemp: 222.39
  boomIntermediateAirTemp: 222.6
  boomAtsAirTemp: 222.47
  internalAirTempUncertainty: 0.14
  intermediateTempUncertainty: 0.32
  tipAirTempUncertainty: 0.32
  atsBoomConfidenceLevel: "    111XX1111 "
}
boomTwo {
  boomAirTemp: 220.12
  boomIntermediateAirTemp: 220.28
  boomAtsAirTemp: 220.23
  internalAirTempUncertainty: 0.16
  intermediateTempUncertainty: 0.12
  tipAirTempUncertainty: 0.35
  atsBoomConfidenceLevel: "    111XX1111 "
}
channelAHumidity {
  percentage: 3.86
  uncertainty: 10.0
}
channelBHumidity {
  percentage: 3.9
  uncertainty: 10.0
}
channelCHumidity {
  percentage: 4.14
  uncertainty: 10.0
}
humiditySensorTemp: 221.93
hsConfidenceLevel: "     0XXX "
pressureSensorConfig: " 2H "
pressureSensorConfidenceLevel: "      111 "
pressureSensor1 {
  baroCapPressure: 733.96
  baroCapAbsoluteUncertainty: 4.6
}
pressureSensor2 {
  baroCapPressure: 731.25
  baroCapAbsoluteUncertainty: 5.1
}
