ephemerisTime: 5.18324215E8
localMeanSolarTime: " 01361M15:04:43.226 "
localTrueSolarTime: " 01361 15:41:06 "
boomOne {
  boomAirTemp: 256.56
  boomIntermediateAirTemp: 256.84
  boomAtsAirTemp: 255.92
  internalAirTempUncertainty: 0.14
  intermediateTempUncertainty: 0.32
  tipAirTempUncertainty: 0.32
  atsBoomConfidenceLevel: "    111XX1111 "
}
boomTwo {
  boomAirTemp: 263.45
  boomIntermediateAirTemp: 260.4
  boomAtsAirTemp: 259.86
  internalAirTempUncertainty: 0.16
  intermediateTempUncertainty: 0.12
  tipAirTempUncertainty: 0.35
  atsBoomConfidenceLevel: "    111XX0001 "
}
channelAHumidity {
  percentage: 1.15
  uncertainty: 2.0
}
channelBHumidity {
  percentage: 1.14
  uncertainty: 2.0
}
channelCHumidity {
  percentage: 1.2
  uncertainty: 2.0
}
humiditySensorTemp: 263.64
hsConfidenceLevel: "     0XXX "
pressureSensorConfig: " 2H "
pressureSensorConfidenceLevel: "      111 "
pressureSensor1 {
  baroCapPressure: 689.85
  baroCapAbsoluteUncertainty: 4.6
}
pressureSensor2 {
  baroCapPressure: 686.77
  baroCapAbsoluteUncertainty: 5.1
}
