ephemerisTime: 5.36536629E8
localMeanSolarTime: " 01566M18:46:18.588 "
localTrueSolarTime: " 01566 18:11:55 "
boomOne {
  boomAirTemp: 242.76
  boomIntermediateAirTemp: 239.8
  boomAtsAirTemp: 237.8
  internalAirTempUncertainty: 0.14
  intermediateTempUncertainty: 0.32
  tipAirTempUncertainty: 0.32
  atsBoomConfidenceLevel: "    111XX1111 "
}
boomTwo {
  boomAirTemp: 243.08
  boomIntermediateAirTemp: 242.46
  boomAtsAirTemp: 243.09
  internalAirTempUncertainty: 0.16
  intermediateTempUncertainty: 0.12
  tipAirTempUncertainty: 0.35
  atsBoomConfidenceLevel: "    111XX1111 "
}
channelAHumidity {
  percentage: 1.53
  uncertainty: 2.0
}
channelBHumidity {
  percentage: 1.56
  uncertainty: 2.0
}
channelCHumidity {
  percentage: 1.64
  uncertainty: 2.0
}
humiditySensorTemp: 244.31
hsConfidenceLevel: "     0XXX "
pressureSensorConfig: " 2H "
pressureSensorConfidenceLevel: "      111 "
pressureSensor1 {
}
pressureSensor2 {
  baroCapPressure: 834.72
  baroCapAbsoluteUncertainty: 5.7
}
