ephemerisTime: 5.06435592E8
localMeanSolarTime: " 01227M17:00:39.482 "
localTrueSolarTime: " 01227 17:17:29 "
boomOne {
  boomAirTemp: 235.39
  boomIntermediateAirTemp: 234.04
  boomAtsAirTemp: 232.06
  internalAirTempUncertainty: 0.14
  intermediateTempUncertainty: 0.32
  tipAirTempUncertainty: 0.32
  atsBoomConfidenceLevel: "    111XX1111 "
}
boomTwo {
  boomAirTemp: 236.85
  boomIntermediateAirTemp: 232.99
  boomAtsAirTemp: 229.84
  internalAirTempUncertainty: 0.16
  intermediateTempUncertainty: 0.12
  tipAirTempUncertainty: 0.35
  atsBoomConfidenceLevel: "    111XX0001 "
}
channelBHumidity {
}
channelCHumidity {
}
hsConfidenceLevel: "      UNK "
pressureSensorConfig: " 2H "
pressureSensorConfidenceLevel: "      101 "
pressureSensor1 {
}
pressureSensor2 {
  thermoCapTemp: 288.64
  baroCapPressure: 799.23
  baroCapAbsoluteUncertainty: 6.0
}
