ephemerisTime: 5.4335497E8
localMeanSolarTime: " 01643M14:05:52.718 "
localTrueSolarTime: " 01643 13:15:08 "
boomOne {
  boomAirTemp: 265.44
  boomIntermediateAirTemp: 266.66
  boomAtsAirTemp: 265.6
  internalAirTempUncertainty: 0.14
  intermediateTempUncertainty: 0.32
  tipAirTempUncertainty: 0.32
  atsBoomConfidenceLevel: "    111XX0101 "
}
boomTwo {
  boomAirTemp: 256.64
  boomIntermediateAirTemp: 254.58
  boomAtsAirTemp: 250.98
  internalAirTempUncertainty: 0.16
  intermediateTempUncertainty: 0.12
  tipAirTempUncertainty: 0.35
  atsBoomConfidenceLevel: "    111XX1111 "
}
channelAHumidity {
  percentage: 0.99
  uncertainty: 2.0
}
channelBHumidity {
  percentage: 0.98
  uncertainty: 2.0
}
channelCHumidity {
  percentage: 1.03
  uncertainty: 2.0
}
humiditySensorTemp: 257.29
hsConfidenceLevel: "     0XXX "
pressureSensorConfig: " 2H "
pressureSensorConfidenceLevel: "      111 "
pressureSensor1 {
  baroCapPressure: 800.8
  baroCapAbsoluteUncertainty: 4.9
}
pressureSensor2 {
  baroCapPressure: 797.24
  baroCapAbsoluteUncertainty: 5.7
}
