ephemerisTime: 5.40314437E8
localMeanSolarTime: " 01609M08:05:43.384 "
localTrueSolarTime: " 01609 07:16:07 "
boomOne {
  boomAirTemp: 212.44
  boomIntermediateAirTemp: 215.38
  boomAtsAirTemp: 217.71
  internalAirTempUncertainty: 0.14
  intermediateTempUncertainty: 0.32
  tipAirTempUncertainty: 0.32
  atsBoomConfidenceLevel: "    111XX0001 "
}
boomTwo {
  boomAirTemp: 204.59
  boomIntermediateAirTemp: 208.17
  boomAtsAirTemp: 185.2
  internalAirTempUncertainty: 1.13
  intermediateTempUncertainty: 1.06
  tipAirTempUncertainty: 1.58
  atsBoomConfidenceLevel: "    011XX0110 "
}
channelAHumidity {
  percentage: 4.79
  uncertainty: 10.0
}
channelBHumidity {
  percentage: 4.88
  uncertainty: 10.0
}
channelCHumidity {
  percentage: 5.11
  uncertainty: 10.0
}
humiditySensorTemp: 210.52
hsConfidenceLevel: "     0XXX "
pressureSensorConfig: " 2H "
pressureSensorConfidenceLevel: "      111 "
pressureSensor1 {
  baroCapPressure: 893.48
  baroCapAbsoluteUncertainty: 4.9
}
pressureSensor2 {
  baroCapPressure: 890.27
  baroCapAbsoluteUncertainty: 5.7
}
