ephemerisTime: 5.28145148E8
localMeanSolarTime: " 01472M06:09:00.474 "
localTrueSolarTime: " 01472 06:34:30 "
boomOne {
  boomAirTemp: 209.7
  boomIntermediateAirTemp: 210.1
  boomAtsAirTemp: 210.21
  internalAirTempUncertainty: 0.55
  intermediateTempUncertainty: 0.32
  tipAirTempUncertainty: 1.19
  atsBoomConfidenceLevel: "    011XX1111 "
}
boomTwo {
  atsBoomConfidenceLevel: "          UNK "
}
channelBHumidity {
}
channelCHumidity {
}
hsConfidenceLevel: "      UNK "
pressureSensorConfig: " 2H "
pressureSensorConfidenceLevel: "      111 "
pressureSensor1 {
}
pressureSensor2 {
  baroCapPressure: 924.64
  baroCapAbsoluteUncertainty: 5.3
}
