ephemerisTime: 5.43982809E8
localMeanSolarTime: " 01650M15:49:59.211 "
localTrueSolarTime: " 01650 15:00:03 "
boomOne {
  boomAirTemp: 270.57
  boomIntermediateAirTemp: 266.54
  boomAtsAirTemp: 262.07
  internalAirTempUncertainty: 0.14
  intermediateTempUncertainty: 0.32
  tipAirTempUncertainty: 0.32
  atsBoomConfidenceLevel: "    111XX0001 "
}
boomTwo {
  boomAirTemp: 261.62
  boomIntermediateAirTemp: 258.41
  boomAtsAirTemp: 256.28
  internalAirTempUncertainty: 0.16
  intermediateTempUncertainty: 0.12
  tipAirTempUncertainty: 0.35
  atsBoomConfidenceLevel: "    111XX1111 "
}
channelAHumidity {
  percentage: 0.92
  uncertainty: 2.0
}
channelBHumidity {
  percentage: 0.89
  uncertainty: 2.0
}
channelCHumidity {
  percentage: 0.95
  uncertainty: 2.0
}
humiditySensorTemp: 261.98
hsConfidenceLevel: "     0XXX "
pressureSensorConfig: " 2H "
pressureSensorConfidenceLevel: "      111 "
pressureSensor1 {
}
pressureSensor2 {
  baroCapPressure: 783.54
  baroCapAbsoluteUncertainty: 6.4
}
