ephemerisTime: 5.15398268E8
localMeanSolarTime: " 01328M16:03:15.118 "
localTrueSolarTime: " 01328 16:34:38 "
boomOne {
  boomAirTemp: 261.71
  boomIntermediateAirTemp: 257.46
  boomAtsAirTemp: 253.27
  internalAirTempUncertainty: 0.14
  intermediateTempUncertainty: 0.32
  tipAirTempUncertainty: 0.32
  atsBoomConfidenceLevel: "    111XX0001 "
}
boomTwo {
  boomAirTemp: 263.82
  boomIntermediateAirTemp: 259.1
  boomAtsAirTemp: 253.82
  internalAirTempUncertainty: 0.16
  intermediateTempUncertainty: 0.12
  tipAirTempUncertainty: 0.35
  atsBoomConfidenceLevel: "    111XX0001 "
}
channelAHumidity {
  percentage: 0.84
  uncertainty: 2.0
}
channelBHumidity {
  percentage: 0.84
  uncertainty: 2.0
}
channelCHumidity {
  percentage: 0.89
  uncertainty: 2.0
}
humiditySensorTemp: 263.44
hsConfidenceLevel: "     0XXX "
pressureSensorConfig: " 2H "
pressureSensorConfidenceLevel: "      111 "
pressureSensor1 {
}
pressureSensor2 {
  baroCapPressure: 690.94
  baroCapAbsoluteUncertainty: 5.1
}
