ephemerisTime: 5.19208012E8
localMeanSolarTime: " 01371M14:00:41.735 "
localTrueSolarTime: " 01371 14:38:19 "
boomOne {
  boomAirTemp: 271.67
  boomIntermediateAirTemp: 273.42
  boomAtsAirTemp: 271.59
  internalAirTempUncertainty: 0.14
  intermediateTempUncertainty: 0.32
  tipAirTempUncertainty: 0.32
  atsBoomConfidenceLevel: "    111XX0001 "
}
boomTwo {
  boomAirTemp: 263.79
  boomIntermediateAirTemp: 263.65
  boomAtsAirTemp: 260.67
  internalAirTempUncertainty: 0.16
  intermediateTempUncertainty: 0.12
  tipAirTempUncertainty: 0.35
  atsBoomConfidenceLevel: "    111XX0011 "
}
channelBHumidity {
}
channelCHumidity {
}
hsConfidenceLevel: "      UNK "
pressureSensorConfig: " 2H "
pressureSensorConfidenceLevel: "      101 "
pressureSensor1 {
}
pressureSensor2 {
  thermoCapTemp: 301.94
  baroCapPressure: 704.26
  baroCapAbsoluteUncertainty: 5.1
}
