ephemerisTime: 5.10223298E8
localMeanSolarTime: " 01270M09:00:37.541 "
localTrueSolarTime: " 01270 09:23:08 "
boomOne {
  boomAirTemp: 231.43
  boomIntermediateAirTemp: 224.1
  boomAtsAirTemp: 220.36
  internalAirTempUncertainty: 0.14
  intermediateTempUncertainty: 0.32
  tipAirTempUncertainty: 0.32
  atsBoomConfidenceLevel: "    111XX0001 "
}
boomTwo {
  boomAirTemp: 216.98
  boomIntermediateAirTemp: 214.56
  boomAtsAirTemp: 210.89
  internalAirTempUncertainty: 0.16
  intermediateTempUncertainty: 0.12
  tipAirTempUncertainty: 0.35
  atsBoomConfidenceLevel: "    111XX1111 "
}
channelBHumidity {
}
channelCHumidity {
}
hsConfidenceLevel: "      UNK "
pressureSensorConfig: " 2H "
pressureSensorConfidenceLevel: "      101 "
pressureSensor1 {
}
pressureSensor2 {
  thermoCapTemp: 280.6
  baroCapPressure: 789.44
  baroCapAbsoluteUncertainty: 6.0
}
