ephemerisTime: 5.25473828E8
localMeanSolarTime: " 01442M03:57:48.980 "
localTrueSolarTime: " 01442 04:33:37 "
boomOne {
  boomAirTemp: 209.27
  boomIntermediateAirTemp: 209.36
  boomAtsAirTemp: 209.51
  internalAirTempUncertainty: 0.55
  intermediateTempUncertainty: 0.32
  tipAirTempUncertainty: 1.19
  atsBoomConfidenceLevel: "    011XX1111 "
}
boomTwo {
  boomAirTemp: 207.37
  boomIntermediateAirTemp: 207.47
  boomAtsAirTemp: 207.53
  internalAirTempUncertainty: 0.16
  intermediateTempUncertainty: 0.12
  tipAirTempUncertainty: 0.35
  atsBoomConfidenceLevel: "    111XX1111 "
}
channelAHumidity {
  percentage: 6.53
  uncertainty: 10.0
}
channelBHumidity {
  percentage: 6.65
  uncertainty: 10.0
}
channelCHumidity {
  percentage: 6.91
  uncertainty: 10.0
}
humiditySensorTemp: 209.54
hsConfidenceLevel: "     0XXX "
pressureSensorConfig: " 2H "
pressureSensorConfidenceLevel: "      111 "
pressureSensor1 {
}
pressureSensor2 {
  baroCapPressure: 850.15
  baroCapAbsoluteUncertainty: 5.3
}
