ephemerisTime: 5.40184666E8
localMeanSolarTime: " 01607M21:00:43.306 "
localTrueSolarTime: " 01607 20:11:22 "
boomOne {
  boomAirTemp: 224.2
  boomIntermediateAirTemp: 225.51
  boomAtsAirTemp: 225.97
  internalAirTempUncertainty: 0.14
  intermediateTempUncertainty: 0.32
  tipAirTempUncertainty: 0.32
  atsBoomConfidenceLevel: "    111XX1111 "
}
boomTwo {
  boomAirTemp: 221.51
  boomIntermediateAirTemp: 221.87
  boomAtsAirTemp: 222.23
  internalAirTempUncertainty: 0.16
  intermediateTempUncertainty: 0.12
  tipAirTempUncertainty: 0.35
  atsBoomConfidenceLevel: "    111XX1111 "
}
channelBHumidity {
}
channelCHumidity {
}
hsConfidenceLevel: "      UNK "
pressureSensorConfig: " 2H "
pressureSensorConfidenceLevel: "      101 "
pressureSensor1 {
}
pressureSensor2 {
  thermoCapTemp: 287.96
  baroCapPressure: 826.58
  baroCapAbsoluteUncertainty: 5.7
}
