ephemerisTime: 5.25196388E8
localMeanSolarTime: " 01439M00:57:29.534 "
localTrueSolarTime: " 01439 01:33:58 "
boomOne {
  boomAirTemp: 214.38
  boomIntermediateAirTemp: 214.36
  boomAtsAirTemp: 214.13
  internalAirTempUncertainty: 0.14
  intermediateTempUncertainty: 0.32
  tipAirTempUncertainty: 0.32
  atsBoomConfidenceLevel: "    111XX1111 "
}
boomTwo {
  boomAirTemp: 213.95
  boomIntermediateAirTemp: 214.53
  boomAtsAirTemp: 214.77
  internalAirTempUncertainty: 0.16
  intermediateTempUncertainty: 0.12
  tipAirTempUncertainty: 0.35
  atsBoomConfidenceLevel: "    111XX1111 "
}
channelAHumidity {
  percentage: 5.01
  uncertainty: 10.0
}
channelBHumidity {
  percentage: 5.1
  uncertainty: 10.0
}
channelCHumidity {
  percentage: 5.34
  uncertainty: 10.0
}
humiditySensorTemp: 215.94
hsConfidenceLevel: "     0XXX "
pressureSensorConfig: " 2H "
pressureSensorConfidenceLevel: "      111 "
pressureSensor1 {
}
pressureSensor2 {
  baroCapPressure: 847.37
  baroCapAbsoluteUncertainty: 5.3
}
