ephemerisTime: 5.27259008E8
localMeanSolarTime: " 01462M06:35:01.633 "
localTrueSolarTime: " 01462 07:04:43 "
boomOne {
  boomAirTemp: 215.32
  boomIntermediateAirTemp: 214.85
  boomAtsAirTemp: 214.64
  internalAirTempUncertainty: 0.14
  intermediateTempUncertainty: 0.32
  tipAirTempUncertainty: 0.32
  atsBoomConfidenceLevel: "    111XX0001 "
}
boomTwo {
  atsBoomConfidenceLevel: "          UNK "
}
channelBHumidity {
}
channelCHumidity {
}
hsConfidenceLevel: "      UNK "
pressureSensorConfig: " 2H "
pressureSensorConfidenceLevel: "      111 "
pressureSensor1 {
}
pressureSensor2 {
  thermoCapTemp: 283.76
  baroCapPressure: 910.39
  baroCapAbsoluteUncertainty: 5.3
}
