ephemerisTime: 5.15350024E8
localMeanSolarTime: " 01328M03:00:41.477 "
localTrueSolarTime: " 01328 03:31:59 "
boomOne {
  boomAirTemp: 200.75
  boomIntermediateAirTemp: 201.34
  boomAtsAirTemp: 201.5
  internalAirTempUncertainty: 0.55
  intermediateTempUncertainty: 0.32
  tipAirTempUncertainty: 1.19
  atsBoomConfidenceLevel: "    011XX1111 "
}
boomTwo {
  boomAirTemp: 194.72
  boomIntermediateAirTemp: 197.59
  boomAtsAirTemp: 149.0
  internalAirTempUncertainty: 1.13
  intermediateTempUncertainty: 1.06
  tipAirTempUncertainty: 1.58
  atsBoomConfidenceLevel: "    011XX1110 "
}
channelBHumidity {
}
channelCHumidity {
}
hsConfidenceLevel: "      UNK "
pressureSensorConfig: " 2H "
pressureSensorConfidenceLevel: "      101 "
pressureSensor1 {
}
pressureSensor2 {
  thermoCapTemp: 280.76
  baroCapPressure: 751.87
  baroCapAbsoluteUncertainty: 5.1
}
