ephemerisTime: 5.36626632E8
localMeanSolarTime: " 01567M19:06:14.322 "
localTrueSolarTime: " 01567 18:31:18 "
boomOne {
  boomAirTemp: 240.85
  boomIntermediateAirTemp: 240.83
  boomAtsAirTemp: 242.27
  internalAirTempUncertainty: 0.14
  intermediateTempUncertainty: 0.32
  tipAirTempUncertainty: 0.32
  atsBoomConfidenceLevel: "    111XX1111 "
}
boomTwo {
  boomAirTemp: 240.79
  boomIntermediateAirTemp: 241.35
  boomAtsAirTemp: 242.72
  internalAirTempUncertainty: 0.16
  intermediateTempUncertainty: 0.12
  tipAirTempUncertainty: 0.35
  atsBoomConfidenceLevel: "    111XX1111 "
}
channelAHumidity {
  percentage: 1.91
  uncertainty: 10.0
}
channelBHumidity {
  percentage: 1.93
  uncertainty: 10.0
}
channelCHumidity {
  percentage: 2.04
  uncertainty: 10.0
}
humiditySensorTemp: 241.91
hsConfidenceLevel: "     0XXX "
pressureSensorConfig: " 2H "
pressureSensorConfidenceLevel: "      111 "
pressureSensor1 {
  baroCapPressure: 839.57
  baroCapAbsoluteUncertainty: 4.9
}
pressureSensor2 {
  baroCapPressure: 837.12
  baroCapAbsoluteUncertainty: 5.7
}
