ephemerisTime: 5.43993189E8
localMeanSolarTime: " 01650M18:38:21.582 "
localTrueSolarTime: " 01650 17:48:26 "
boomOne {
  boomAirTemp: 243.31
  boomIntermediateAirTemp: 241.09
  boomAtsAirTemp: 239.45
  internalAirTempUncertainty: 0.14
  intermediateTempUncertainty: 0.32
  tipAirTempUncertainty: 0.32
  atsBoomConfidenceLevel: "    111XX1111 "
}
boomTwo {
  boomAirTemp: 240.06
  boomIntermediateAirTemp: 237.06
  boomAtsAirTemp: 234.79
  internalAirTempUncertainty: 0.16
  intermediateTempUncertainty: 0.12
  tipAirTempUncertainty: 0.35
  atsBoomConfidenceLevel: "    111XX1111 "
}
channelAHumidity {
  percentage: 1.75
  uncertainty: 10.0
}
channelBHumidity {
  percentage: 1.8
  uncertainty: 10.0
}
channelCHumidity {
  percentage: 1.89
  uncertainty: 10.0
}
humiditySensorTemp: 241.18
hsConfidenceLevel: "     0XXX "
pressureSensorConfig: " 2H "
pressureSensorConfidenceLevel: "      111 "
pressureSensor1 {
}
pressureSensor2 {
  baroCapPressure: 776.82
  baroCapAbsoluteUncertainty: 6.4
}
