ephemerisTime: 5.34033342E8
localMeanSolarTime: " 01538M14:00:45.795 "
localTrueSolarTime: " 01538 13:44:02 "
boomOne {
  boomAirTemp: 272.33
  boomIntermediateAirTemp: 268.8
  boomAtsAirTemp: 264.02
  internalAirTempUncertainty: 0.14
  intermediateTempUncertainty: 0.32
  tipAirTempUncertainty: 0.32
  atsBoomConfidenceLevel: "    111XX1101 "
}
boomTwo {
  boomAirTemp: 261.7
  boomIntermediateAirTemp: 264.48
  boomAtsAirTemp: 264.98
  internalAirTempUncertainty: 0.16
  intermediateTempUncertainty: 0.12
  tipAirTempUncertainty: 0.35
  atsBoomConfidenceLevel: "    111XX0001 "
}
channelBHumidity {
}
channelCHumidity {
}
hsConfidenceLevel: "      UNK "
pressureSensorConfig: " 2H "
pressureSensorConfidenceLevel: "      101 "
pressureSensor1 {
}
pressureSensor2 {
  thermoCapTemp: 293.76
  baroCapPressure: 861.41
  baroCapAbsoluteUncertainty: 5.7
}
