ephemerisTime: 5.32509385E8
localMeanSolarTime: " 01521M10:00:49.336 "
localTrueSolarTime: " 01521 09:56:12 "
boomOne {
  boomAirTemp: 252.05
  boomIntermediateAirTemp: 251.27
  boomAtsAirTemp: 247.53
  internalAirTempUncertainty: 0.14
  intermediateTempUncertainty: 0.32
  tipAirTempUncertainty: 0.32
  atsBoomConfidenceLevel: "    111XX0001 "
}
boomTwo {
  boomAirTemp: 248.12
  boomIntermediateAirTemp: 248.49
  boomAtsAirTemp: 244.04
  internalAirTempUncertainty: 0.16
  intermediateTempUncertainty: 0.12
  tipAirTempUncertainty: 0.35
  atsBoomConfidenceLevel: "    111XX0001 "
}
channelBHumidity {
}
channelCHumidity {
}
hsConfidenceLevel: "      UNK "
pressureSensorConfig: " 2H "
pressureSensorConfidenceLevel: "      100 "
pressureSensor1 {
}
pressureSensor2 {
  thermoCapTemp: 283.2
  baroCapPressure: 916.68
  baroCapAbsoluteUncertainty: 5.7
}
