ephemerisTime: 5.19030775E8
localMeanSolarTime: " 01369M14:05:45.207 "
localTrueSolarTime: " 01369 14:43:09 "
boomOne {
  boomAirTemp: 271.43
  boomIntermediateAirTemp: 273.98
  boomAtsAirTemp: 271.81
  internalAirTempUncertainty: 0.14
  intermediateTempUncertainty: 0.32
  tipAirTempUncertainty: 0.32
  atsBoomConfidenceLevel: "    111XX0001 "
}
boomTwo {
  boomAirTemp: 273.06
  boomIntermediateAirTemp: 273.78
  boomAtsAirTemp: 274.02
  internalAirTempUncertainty: 0.16
  intermediateTempUncertainty: 0.12
  tipAirTempUncertainty: 0.35
  atsBoomConfidenceLevel: "    111XX0001 "
}
channelAHumidity {
  percentage: 0.6
  uncertainty: 2.0
}
channelBHumidity {
  percentage: 0.56
  uncertainty: 2.0
}
channelCHumidity {
  percentage: 0.58
  uncertainty: 2.0
}
humiditySensorTemp: 273.35
hsConfidenceLevel: "     0XXX "
pressureSensorConfig: " 2H "
pressureSensorConfidenceLevel: "      111 "
pressureSensor1 {
  baroCapPressure: 701.64
  baroCapAbsoluteUncertainty: 4.6
}
pressureSensor2 {
  baroCapPressure: 698.54
  baroCapAbsoluteUncertainty: 5.1
}
