ephemerisTime: 5.27697068E8
localMeanSolarTime: " 01467M05:00:45.054 "
localTrueSolarTime: " 01467 05:28:28 "
boomOne {
  boomAirTemp: 207.02
  boomIntermediateAirTemp: 206.1
  boomAtsAirTemp: 204.99
  internalAirTempUncertainty: 0.55
  intermediateTempUncertainty: 0.32
  tipAirTempUncertainty: 1.19
  atsBoomConfidenceLevel: "    011XX1111 "
}
boomTwo {
  atsBoomConfidenceLevel: "          UNK "
}
channelBHumidity {
}
channelCHumidity {
}
hsConfidenceLevel: "      UNK "
pressureSensorConfig: " 2H "
pressureSensorConfidenceLevel: "      101 "
pressureSensor1 {
}
pressureSensor2 {
  thermoCapTemp: 281.03
  baroCapPressure: 910.47
  baroCapAbsoluteUncertainty: 5.3
}
