ephemerisTime: 5.08499606E8
localMeanSolarTime: " 01250M23:00:48.298 "
localTrueSolarTime: " 01250 23:20:43 "
boomOne {
  boomAirTemp: 200.73
  boomIntermediateAirTemp: 200.72
  boomAtsAirTemp: 198.86
  internalAirTempUncertainty: 0.55
  intermediateTempUncertainty: 0.32
  tipAirTempUncertainty: 1.19
  atsBoomConfidenceLevel: "    011XX1111 "
}
boomTwo {
  boomAirTemp: 149.77
  boomIntermediateAirTemp: 150.93
  boomAtsAirTemp: 142.49
  internalAirTempUncertainty: 1.13
  intermediateTempUncertainty: 1.06
  tipAirTempUncertainty: 1.58
  atsBoomConfidenceLevel: "    011XX1110 "
}
channelBHumidity {
}
channelCHumidity {
}
hsConfidenceLevel: "      UNK "
pressureSensorConfig: " 2H "
pressureSensorConfidenceLevel: "      101 "
pressureSensor1 {
}
pressureSensor2 {
  thermoCapTemp: 280.19
  baroCapPressure: 811.9
  baroCapAbsoluteUncertainty: 6.0
}
