ephemerisTime: 5.43189189E8
localMeanSolarTime: " 01641M17:16:45.782 "
localTrueSolarTime: " 01641 16:25:52 "
boomOne {
  boomAirTemp: 264.46
  boomIntermediateAirTemp: 265.09
  boomAtsAirTemp: 263.82
  internalAirTempUncertainty: 0.14
  intermediateTempUncertainty: 0.32
  tipAirTempUncertainty: 0.32
  atsBoomConfidenceLevel: "    111XX0001 "
}
boomTwo {
  boomAirTemp: 262.88
  boomIntermediateAirTemp: 263.03
  boomAtsAirTemp: 262.68
  internalAirTempUncertainty: 0.16
  intermediateTempUncertainty: 0.12
  tipAirTempUncertainty: 0.35
  atsBoomConfidenceLevel: "    111XX0001 "
}
channelAHumidity {
  percentage: 0.85
  uncertainty: 2.0
}
channelBHumidity {
  percentage: 0.82
  uncertainty: 2.0
}
channelCHumidity {
  percentage: 0.87
  uncertainty: 2.0
}
humiditySensorTemp: 263.57
hsConfidenceLevel: "     0XXX "
pressureSensorConfig: " 2H "
pressureSensorConfidenceLevel: "      111 "
pressureSensor1 {
}
pressureSensor2 {
  thermoCapTemp: 303.44
  baroCapPressure: 772.08
  baroCapAbsoluteUncertainty: 5.7
}
