ephemerisTime: 5.10364808E8
localMeanSolarTime: " 01271M23:16:02.641 "
localTrueSolarTime: " 01271 23:38:46 "
boomOne {
  boomAirTemp: 206.86
  boomIntermediateAirTemp: 205.45
  boomAtsAirTemp: 204.22
  internalAirTempUncertainty: 0.55
  intermediateTempUncertainty: 0.32
  tipAirTempUncertainty: 1.19
  atsBoomConfidenceLevel: "    011XX1111 "
}
boomTwo {
  boomAirTemp: 191.22
  boomIntermediateAirTemp: 187.9
  boomAtsAirTemp: 143.9
  internalAirTempUncertainty: 1.13
  intermediateTempUncertainty: 1.06
  tipAirTempUncertainty: 1.58
  atsBoomConfidenceLevel: "    011XX1110 "
}
channelAHumidity {
  percentage: 8.21
  uncertainty: 10.0
}
channelBHumidity {
  percentage: 8.3
  uncertainty: 10.0
}
channelCHumidity {
  percentage: 8.37
  uncertainty: 10.0
}
humiditySensorTemp: 206.02
hsConfidenceLevel: "     0XXX "
pressureSensorConfig: " 2H "
pressureSensorConfidenceLevel: "      111 "
pressureSensor1 {
}
pressureSensor2 {
  baroCapPressure: 788.98
  baroCapAbsoluteUncertainty: 6.0
}
