ephemerisTime: 5.08936079E8
localMeanSolarTime: " 01255M21:00:47.165 "
localTrueSolarTime: " 01255 21:21:21 "
boomOne {
  boomAirTemp: 208.44
  boomIntermediateAirTemp: 210.8
  boomAtsAirTemp: 212.91
  internalAirTempUncertainty: 0.14
  intermediateTempUncertainty: 0.32
  tipAirTempUncertainty: 0.32
  atsBoomConfidenceLevel: "    111XX1111 "
}
boomTwo {
  boomAirTemp: 202.49
  boomIntermediateAirTemp: 205.62
  boomAtsAirTemp: 169.68
  internalAirTempUncertainty: 1.13
  intermediateTempUncertainty: 1.06
  tipAirTempUncertainty: 1.58
  atsBoomConfidenceLevel: "    011XX1110 "
}
channelBHumidity {
}
channelCHumidity {
}
hsConfidenceLevel: "      UNK "
pressureSensorConfig: " 2H "
pressureSensorConfidenceLevel: "      101 "
pressureSensor1 {
}
pressureSensor2 {
  thermoCapTemp: 280.5
  baroCapPressure: 786.18
  baroCapAbsoluteUncertainty: 6.0
}
