ephemerisTime: 5.15351708E8
localMeanSolarTime: " 01328M03:28:00.435 "
localTrueSolarTime: " 01328 03:59:18 "
boomOne {
  boomAirTemp: 204.5
  boomIntermediateAirTemp: 202.79
  boomAtsAirTemp: 201.18
  internalAirTempUncertainty: 0.55
  intermediateTempUncertainty: 0.32
  tipAirTempUncertainty: 1.19
  atsBoomConfidenceLevel: "    011XX1111 "
}
boomTwo {
  boomAirTemp: 198.06
  boomIntermediateAirTemp: 197.38
  boomAtsAirTemp: 152.78
  internalAirTempUncertainty: 1.13
  intermediateTempUncertainty: 1.06
  tipAirTempUncertainty: 1.58
  atsBoomConfidenceLevel: "    011XX1110 "
}
channelAHumidity {
  percentage: 10.57
  uncertainty: 10.0
}
channelBHumidity {
  percentage: 10.48
  uncertainty: 10.0
}
channelCHumidity {
  percentage: 10.81
  uncertainty: 10.0
}
humiditySensorTemp: 205.34
hsConfidenceLevel: "     0XXX "
pressureSensorConfig: " 2H "
pressureSensorConfidenceLevel: "      111 "
pressureSensor1 {
}
pressureSensor2 {
  thermoCapTemp: 282.83
  baroCapPressure: 753.08
  baroCapAbsoluteUncertainty: 5.1
}
