ephemerisTime: 5.39899029E8
localMeanSolarTime: " 01604M15:47:26.101 "
localTrueSolarTime: " 01604 14:58:43 "
boomOne {
  boomAirTemp: 269.64
  boomIntermediateAirTemp: 268.44
  boomAtsAirTemp: 266.36
  internalAirTempUncertainty: 0.14
  intermediateTempUncertainty: 0.32
  tipAirTempUncertainty: 0.32
  atsBoomConfidenceLevel: "    111XX0001 "
}
boomTwo {
  boomAirTemp: 262.07
  boomIntermediateAirTemp: 258.76
  boomAtsAirTemp: 254.58
  internalAirTempUncertainty: 0.16
  intermediateTempUncertainty: 0.12
  tipAirTempUncertainty: 0.35
  atsBoomConfidenceLevel: "    111XX0011 "
}
channelAHumidity {
  percentage: 0.83
  uncertainty: 2.0
}
channelBHumidity {
  percentage: 0.8
  uncertainty: 2.0
}
channelCHumidity {
  percentage: 0.88
  uncertainty: 2.0
}
humiditySensorTemp: 262.23
hsConfidenceLevel: "     0XXX "
pressureSensorConfig: " 2H "
pressureSensorConfidenceLevel: "      111 "
pressureSensor1 {
}
pressureSensor2 {
  baroCapPressure: 799.59
  baroCapAbsoluteUncertainty: 5.7
}
