ephemerisTime: 5.19822345E8
localMeanSolarTime: " 01378M12:05:43.467 "
localTrueSolarTime: " 01378 12:44:05 "
boomOne {
  boomAirTemp: 262.02
  boomIntermediateAirTemp: 262.78
  boomAtsAirTemp: 259.3
  internalAirTempUncertainty: 0.14
  intermediateTempUncertainty: 0.32
  tipAirTempUncertainty: 0.32
  atsBoomConfidenceLevel: "    111XX1101 "
}
boomTwo {
  boomAirTemp: 258.58
  boomIntermediateAirTemp: 260.45
  boomAtsAirTemp: 259.13
  internalAirTempUncertainty: 0.16
  intermediateTempUncertainty: 0.12
  tipAirTempUncertainty: 0.35
  atsBoomConfidenceLevel: "    111XX1111 "
}
channelAHumidity {
  percentage: 0.98
  uncertainty: 2.0
}
channelBHumidity {
  percentage: 0.96
  uncertainty: 2.0
}
channelCHumidity {
  percentage: 1.0
  uncertainty: 2.0
}
humiditySensorTemp: 259.29
hsConfidenceLevel: "     0XXX "
pressureSensorConfig: " 2H "
pressureSensorConfidenceLevel: "      111 "
pressureSensor1 {
  baroCapPressure: 727.58
  baroCapAbsoluteUncertainty: 4.6
}
pressureSensor2 {
  baroCapPressure: 724.24
  baroCapAbsoluteUncertainty: 5.1
}
