ephemerisTime: 5.15416748E8
localMeanSolarTime: " 01328M21:03:00.842 "
localTrueSolarTime: " 01328 21:34:25 "
boomOne {
  boomAirTemp: 215.08
  boomIntermediateAirTemp: 213.96
  boomAtsAirTemp: 212.92
  internalAirTempUncertainty: 0.14
  intermediateTempUncertainty: 0.32
  tipAirTempUncertainty: 0.32
  atsBoomConfidenceLevel: "    111XX1111 "
}
boomTwo {
  boomAirTemp: 213.28
  boomIntermediateAirTemp: 212.72
  boomAtsAirTemp: 212.98
  internalAirTempUncertainty: 0.16
  intermediateTempUncertainty: 0.12
  tipAirTempUncertainty: 0.35
  atsBoomConfidenceLevel: "    111XX1111 "
}
channelAHumidity {
  percentage: 5.49
  uncertainty: 10.0
}
channelBHumidity {
  percentage: 5.5
  uncertainty: 10.0
}
channelCHumidity {
  percentage: 5.8
  uncertainty: 10.0
}
humiditySensorTemp: 215.03
hsConfidenceLevel: "     0XXX "
pressureSensorConfig: " 2H "
pressureSensorConfidenceLevel: "      101 "
pressureSensor1 {
}
pressureSensor2 {
  baroCapPressure: 731.15
  baroCapAbsoluteUncertainty: 5.1
}
