ephemerisTime: 5.07589972E8
localMeanSolarTime: " 01240M17:05:43.838 "
localTrueSolarTime: " 01240 17:24:18 "
boomOne {
  boomAirTemp: 236.48
  boomIntermediateAirTemp: 235.33
  boomAtsAirTemp: 233.58
  internalAirTempUncertainty: 0.14
  intermediateTempUncertainty: 0.32
  tipAirTempUncertainty: 0.32
  atsBoomConfidenceLevel: "    111XX1111 "
}
boomTwo {
  boomAirTemp: 238.61
  boomIntermediateAirTemp: 236.71
  boomAtsAirTemp: 233.83
  internalAirTempUncertainty: 0.16
  intermediateTempUncertainty: 0.12
  tipAirTempUncertainty: 0.35
  atsBoomConfidenceLevel: "    111XX0001 "
}
channelAHumidity {
  percentage: 1.84
  uncertainty: 10.0
}
channelBHumidity {
  percentage: 1.86
  uncertainty: 10.0
}
channelCHumidity {
  percentage: 1.96
  uncertainty: 10.0
}
humiditySensorTemp: 239.16
hsConfidenceLevel: "     0XXX "
pressureSensorConfig: " 2H "
pressureSensorConfidenceLevel: "      111 "
pressureSensor1 {
  baroCapPressure: 787.03
  baroCapAbsoluteUncertainty: 4.4
}
pressureSensor2 {
  baroCapPressure: 783.56
  baroCapAbsoluteUncertainty: 6.0
}
