ephemerisTime: 5.12979388E8
localMeanSolarTime: " 01301M10:06:51.734 "
localTrueSolarTime: " 01301 10:33:53 "
boomOne {
  boomAirTemp: 244.92
  boomIntermediateAirTemp: 240.62
  boomAtsAirTemp: 238.55
  internalAirTempUncertainty: 0.14
  intermediateTempUncertainty: 0.32
  tipAirTempUncertainty: 0.32
  atsBoomConfidenceLevel: "    111XX0001 "
}
boomTwo {
  boomAirTemp: 231.09
  boomIntermediateAirTemp: 230.58
  boomAtsAirTemp: 228.65
  internalAirTempUncertainty: 0.16
  intermediateTempUncertainty: 0.12
  tipAirTempUncertainty: 0.35
  atsBoomConfidenceLevel: "    111XX1111 "
}
channelAHumidity {
  percentage: 2.21
  uncertainty: 10.0
}
channelBHumidity {
  percentage: 2.26
  uncertainty: 10.0
}
channelCHumidity {
  percentage: 2.39
  uncertainty: 10.0
}
humiditySensorTemp: 231.91
hsConfidenceLevel: "     0XXX "
pressureSensorConfig: " 1L "
pressureSensorConfidenceLevel: "      011 "
pressureSensor1 {
  thermoCapTemp: 285.36
  baroCapPressure: 749.47
  baroCapAbsoluteUncertainty: 4.8
}
pressureSensor2 {
  thermoCapTemp: 285.44
  baroCapPressure: 749.81
  baroCapAbsoluteUncertainty: 4.3
}
