ephemerisTime: 5.43358664E8
localMeanSolarTime: " 01643M15:05:47.916 "
localTrueSolarTime: " 01643 14:15:03 "
boomOne {
  boomAirTemp: 269.46
  boomIntermediateAirTemp: 269.35
  boomAtsAirTemp: 267.64
  internalAirTempUncertainty: 0.14
  intermediateTempUncertainty: 0.32
  tipAirTempUncertainty: 0.32
  atsBoomConfidenceLevel: "    111XX0001 "
}
boomTwo {
  boomAirTemp: 259.5
  boomIntermediateAirTemp: 259.99
  boomAtsAirTemp: 257.65
  internalAirTempUncertainty: 0.16
  intermediateTempUncertainty: 0.12
  tipAirTempUncertainty: 0.35
  atsBoomConfidenceLevel: "    111XX1111 "
}
channelAHumidity {
  percentage: 0.91
  uncertainty: 2.0
}
channelBHumidity {
  percentage: 0.89
  uncertainty: 2.0
}
channelCHumidity {
  percentage: 0.95
  uncertainty: 2.0
}
humiditySensorTemp: 260.26
hsConfidenceLevel: "     0XXX "
pressureSensorConfig: " 2H "
pressureSensorConfidenceLevel: "      111 "
pressureSensor1 {
  baroCapPressure: 790.05
  baroCapAbsoluteUncertainty: 4.9
}
pressureSensor2 {
  baroCapPressure: 786.55
  baroCapAbsoluteUncertainty: 5.7
}
