ephemerisTime: 5.29254621E8
localMeanSolarTime: " 01484M18:05:38.936 "
localTrueSolarTime: " 01484 18:24:49 "
boomOne {
  boomAirTemp: 242.33
  boomIntermediateAirTemp: 242.1
  boomAtsAirTemp: 241.81
  internalAirTempUncertainty: 0.14
  intermediateTempUncertainty: 0.32
  tipAirTempUncertainty: 0.32
  atsBoomConfidenceLevel: "    111XX1111 "
}
boomTwo {
  boomAirTemp: 239.78
  boomIntermediateAirTemp: 239.35
  boomAtsAirTemp: 240.21
  internalAirTempUncertainty: 0.16
  intermediateTempUncertainty: 0.12
  tipAirTempUncertainty: 0.35
  atsBoomConfidenceLevel: "    111XX1111 "
}
channelAHumidity {
  percentage: 1.8
  uncertainty: 10.0
}
channelBHumidity {
  percentage: 1.83
  uncertainty: 10.0
}
channelCHumidity {
  percentage: 1.92
  uncertainty: 10.0
}
humiditySensorTemp: 240.87
hsConfidenceLevel: "     0XXX "
pressureSensorConfig: " 2H "
pressureSensorConfidenceLevel: "      111 "
pressureSensor1 {
  baroCapPressure: 856.45
  baroCapAbsoluteUncertainty: 4.7
}
pressureSensor2 {
  baroCapPressure: 854.34
  baroCapAbsoluteUncertainty: 5.3
}
