ephemerisTime: 5.39178895E8
localMeanSolarTime: " 01596M13:06:13.177 "
localTrueSolarTime: " 01596 12:19:30 "
boomOne {
  boomAirTemp: 255.99
  boomIntermediateAirTemp: 253.02
  boomAtsAirTemp: 249.26
  internalAirTempUncertainty: 0.14
  intermediateTempUncertainty: 0.32
  tipAirTempUncertainty: 0.32
  atsBoomConfidenceLevel: "    111XX1111 "
}
boomTwo {
  boomAirTemp: 259.43
  boomIntermediateAirTemp: 260.28
  boomAtsAirTemp: 257.58
  internalAirTempUncertainty: 0.16
  intermediateTempUncertainty: 0.12
  tipAirTempUncertainty: 0.35
  atsBoomConfidenceLevel: "    111XX1111 "
}
channelAHumidity {
  percentage: 0.87
  uncertainty: 2.0
}
channelBHumidity {
  percentage: 0.86
  uncertainty: 2.0
}
channelCHumidity {
  percentage: 0.9
  uncertainty: 2.0
}
humiditySensorTemp: 260.38
hsConfidenceLevel: "     0XXX "
pressureSensorConfig: " 2H "
pressureSensorConfidenceLevel: "      111 "
pressureSensor1 {
  baroCapPressure: 833.84
  baroCapAbsoluteUncertainty: 4.9
}
pressureSensor2 {
  baroCapPressure: 830.42
  baroCapAbsoluteUncertainty: 5.7
}
