ephemerisTime: 5.39679189E8
localMeanSolarTime: " 01602M04:21:26.055 "
localTrueSolarTime: " 01602 03:33:16 "
boomOne {
  boomAirTemp: 206.5
  boomIntermediateAirTemp: 206.46
  boomAtsAirTemp: 205.46
  internalAirTempUncertainty: 0.55
  intermediateTempUncertainty: 0.32
  tipAirTempUncertainty: 1.19
  atsBoomConfidenceLevel: "    011XX1111 "
}
boomTwo {
  boomAirTemp: 201.57
  boomIntermediateAirTemp: 201.31
  boomAtsAirTemp: 190.07
  internalAirTempUncertainty: 1.13
  intermediateTempUncertainty: 1.06
  tipAirTempUncertainty: 1.58
  atsBoomConfidenceLevel: "    011XX1110 "
}
channelAHumidity {
  percentage: 9.2
  uncertainty: 10.0
}
channelBHumidity {
  percentage: 9.15
  uncertainty: 10.0
}
channelCHumidity {
  percentage: 9.54
  uncertainty: 10.0
}
humiditySensorTemp: 207.83
hsConfidenceLevel: "     0XXX "
pressureSensorConfig: " 2H "
pressureSensorConfidenceLevel: "      111 "
pressureSensor1 {
}
pressureSensor2 {
  thermoCapTemp: 281.59
  baroCapPressure: 884.08
  baroCapAbsoluteUncertainty: 5.7
}
