ephemerisTime: 5.22718299E8
localMeanSolarTime: " 01411M03:00:40.783 "
localTrueSolarTime: " 01411 03:40:20 "
boomOne {
  boomAirTemp: 204.12
  boomIntermediateAirTemp: 204.89
  boomAtsAirTemp: 204.86
  internalAirTempUncertainty: 0.55
  intermediateTempUncertainty: 0.32
  tipAirTempUncertainty: 1.19
  atsBoomConfidenceLevel: "    011XX1111 "
}
boomTwo {
  boomAirTemp: 147.39
  boomIntermediateAirTemp: 148.47
  boomAtsAirTemp: 145.99
  internalAirTempUncertainty: 1.13
  intermediateTempUncertainty: 1.06
  tipAirTempUncertainty: 1.58
  atsBoomConfidenceLevel: "    011XX1110 "
}
channelBHumidity {
}
channelCHumidity {
}
hsConfidenceLevel: "      UNK "
pressureSensorConfig: " 2H "
pressureSensorConfidenceLevel: "      101 "
pressureSensor1 {
}
pressureSensor2 {
  thermoCapTemp: 280.86
  baroCapPressure: 800.89
  baroCapAbsoluteUncertainty: 5.1
}
