ephemerisTime: 5.15396468E8
localMeanSolarTime: " 01328M15:34:03.261 "
localTrueSolarTime: " 01328 16:05:25 "
boomOne {
  boomAirTemp: 264.56
  boomIntermediateAirTemp: 260.68
  boomAtsAirTemp: 257.23
  internalAirTempUncertainty: 0.14
  intermediateTempUncertainty: 0.32
  tipAirTempUncertainty: 0.32
  atsBoomConfidenceLevel: "    111XX0001 "
}
boomTwo {
  boomAirTemp: 267.34
  boomIntermediateAirTemp: 266.16
  boomAtsAirTemp: 262.08
  internalAirTempUncertainty: 0.16
  intermediateTempUncertainty: 0.12
  tipAirTempUncertainty: 0.35
  atsBoomConfidenceLevel: "    111XX0001 "
}
channelAHumidity {
  percentage: 0.79
  uncertainty: 2.0
}
channelBHumidity {
  percentage: 0.77
  uncertainty: 2.0
}
channelCHumidity {
  percentage: 0.8
  uncertainty: 2.0
}
humiditySensorTemp: 267.02
hsConfidenceLevel: "     0XXX "
pressureSensorConfig: " 2H "
pressureSensorConfidenceLevel: "      111 "
pressureSensor1 {
}
pressureSensor2 {
  baroCapPressure: 692.36
  baroCapAbsoluteUncertainty: 5.1
}
