ephemerisTime: 5.38787589E8
localMeanSolarTime: " 01592M03:18:53.249 "
localTrueSolarTime: " 01592 02:33:31 "
boomOne {
  boomAirTemp: 209.09
  boomIntermediateAirTemp: 209.76
  boomAtsAirTemp: 209.79
  internalAirTempUncertainty: 0.55
  intermediateTempUncertainty: 0.32
  tipAirTempUncertainty: 1.19
  atsBoomConfidenceLevel: "    011XX1111 "
}
boomTwo {
  boomAirTemp: 206.55
  boomIntermediateAirTemp: 207.75
  boomAtsAirTemp: 207.47
  internalAirTempUncertainty: 1.13
  intermediateTempUncertainty: 1.06
  tipAirTempUncertainty: 1.58
  atsBoomConfidenceLevel: "    011XX1111 "
}
channelAHumidity {
  percentage: 7.0
  uncertainty: 10.0
}
channelBHumidity {
  percentage: 7.12
  uncertainty: 10.0
}
channelCHumidity {
  percentage: 7.38
  uncertainty: 10.0
}
humiditySensorTemp: 209.99
hsConfidenceLevel: "     0XXX "
pressureSensorConfig: " 2H "
pressureSensorConfidenceLevel: "      111 "
pressureSensor1 {
}
pressureSensor2 {
  baroCapPressure: 873.58
  baroCapAbsoluteUncertainty: 5.7
}
