ephemerisTime: 5.07060728E8
localMeanSolarTime: " 01234M18:00:55.272 "
localTrueSolarTime: " 01234 18:18:42 "
boomOne {
  boomAirTemp: 223.33
  boomIntermediateAirTemp: 220.39
  boomAtsAirTemp: 217.7
  internalAirTempUncertainty: 0.14
  intermediateTempUncertainty: 0.32
  tipAirTempUncertainty: 0.32
  atsBoomConfidenceLevel: "    111XX1111 "
}
boomTwo {
  boomAirTemp: 221.55
  boomIntermediateAirTemp: 218.96
  boomAtsAirTemp: 217.74
  internalAirTempUncertainty: 0.16
  intermediateTempUncertainty: 0.12
  tipAirTempUncertainty: 0.35
  atsBoomConfidenceLevel: "    111XX1111 "
}
channelAHumidity {
  percentage: 4.01
  uncertainty: 10.0
}
channelBHumidity {
  percentage: 4.06
  uncertainty: 10.0
}
channelCHumidity {
  percentage: 4.27
  uncertainty: 10.0
}
humiditySensorTemp: 222.0
hsConfidenceLevel: "     0XXX "
pressureSensorConfig: " 2H "
pressureSensorConfidenceLevel: "      101 "
pressureSensor1 {
}
pressureSensor2 {
  baroCapPressure: 797.69
  baroCapAbsoluteUncertainty: 6.0
}
