ephemerisTime: 5.15402108E8
localMeanSolarTime: " 01328M17:05:32.411 "
localTrueSolarTime: " 01328 17:36:55 "
boomOne {
  boomAirTemp: 245.55
  boomIntermediateAirTemp: 244.51
  boomAtsAirTemp: 243.29
  internalAirTempUncertainty: 0.14
  intermediateTempUncertainty: 0.32
  tipAirTempUncertainty: 0.32
  atsBoomConfidenceLevel: "    111XX0001 "
}
boomTwo {
  boomAirTemp: 245.03
  boomIntermediateAirTemp: 243.8
  boomAtsAirTemp: 243.21
  internalAirTempUncertainty: 0.16
  intermediateTempUncertainty: 0.12
  tipAirTempUncertainty: 0.35
  atsBoomConfidenceLevel: "    111XX0001 "
}
channelAHumidity {
  percentage: 1.51
  uncertainty: 2.0
}
channelBHumidity {
  percentage: 1.55
  uncertainty: 2.0
}
channelCHumidity {
  percentage: 1.63
  uncertainty: 2.0
}
humiditySensorTemp: 245.61
hsConfidenceLevel: "     0XXX "
pressureSensorConfig: " 2H "
pressureSensorConfidenceLevel: "      111 "
pressureSensor1 {
}
pressureSensor2 {
  baroCapPressure: 692.66
  baroCapAbsoluteUncertainty: 5.1
}
