ephemerisTime: 5.33668328E8
localMeanSolarTime: " 01534M11:19:54.648 "
localTrueSolarTime: " 01534 11:06:03 "
boomOne {
  boomAirTemp: 260.81
  boomIntermediateAirTemp: 260.31
  boomAtsAirTemp: 256.28
  internalAirTempUncertainty: 0.14
  intermediateTempUncertainty: 0.32
  tipAirTempUncertainty: 0.32
  atsBoomConfidenceLevel: "    111XX0001 "
}
boomTwo {
  boomAirTemp: 259.92
  boomIntermediateAirTemp: 258.83
  boomAtsAirTemp: 251.23
  internalAirTempUncertainty: 0.16
  intermediateTempUncertainty: 0.12
  tipAirTempUncertainty: 0.35
  atsBoomConfidenceLevel: "    111XX0001 "
}
channelAHumidity {
  percentage: 0.92
  uncertainty: 2.0
}
channelBHumidity {
  percentage: 0.9
  uncertainty: 2.0
}
channelCHumidity {
  percentage: 0.96
  uncertainty: 2.0
}
humiditySensorTemp: 259.68
hsConfidenceLevel: "     0XXX "
pressureSensorConfig: " 2H "
pressureSensorConfidenceLevel: "      111 "
pressureSensor1 {
}
pressureSensor2 {
  baroCapPressure: 893.25
  baroCapAbsoluteUncertainty: 5.7
}
