ephemerisTime: 5.15494508E8
localMeanSolarTime: " 01329M18:04:21.033 "
localTrueSolarTime: " 01329 18:35:54 "
boomOne {
  boomAirTemp: 229.86
  boomIntermediateAirTemp: 227.66
  boomAtsAirTemp: 225.96
  internalAirTempUncertainty: 0.14
  intermediateTempUncertainty: 0.32
  tipAirTempUncertainty: 0.32
  atsBoomConfidenceLevel: "    111XX1111 "
}
boomTwo {
  boomAirTemp: 227.67
  boomIntermediateAirTemp: 225.95
  boomAtsAirTemp: 225.48
  internalAirTempUncertainty: 0.16
  intermediateTempUncertainty: 0.12
  tipAirTempUncertainty: 0.35
  atsBoomConfidenceLevel: "    111XX1111 "
}
channelAHumidity {
  percentage: 2.5
  uncertainty: 10.0
}
channelBHumidity {
  percentage: 2.54
  uncertainty: 10.0
}
channelCHumidity {
  percentage: 2.66
  uncertainty: 10.0
}
humiditySensorTemp: 228.73
hsConfidenceLevel: "     0XXX "
pressureSensorConfig: " 2H "
pressureSensorConfidenceLevel: "      111 "
pressureSensor1 {
}
pressureSensor2 {
  thermoCapTemp: 291.94
  baroCapPressure: 701.48
  baroCapAbsoluteUncertainty: 5.1
}
