ephemerisTime: 5.10750968E8
localMeanSolarTime: " 01276M07:39:54.206 "
localTrueSolarTime: " 01276 08:03:14 "
boomOne {
  boomAirTemp: 222.07
  boomIntermediateAirTemp: 219.83
  boomAtsAirTemp: 216.97
  internalAirTempUncertainty: 0.14
  intermediateTempUncertainty: 0.32
  tipAirTempUncertainty: 0.32
  atsBoomConfidenceLevel: "    111XX0001 "
}
boomTwo {
  boomAirTemp: 212.85
  boomIntermediateAirTemp: 212.92
  boomAtsAirTemp: 212.49
  internalAirTempUncertainty: 0.16
  intermediateTempUncertainty: 0.12
  tipAirTempUncertainty: 0.35
  atsBoomConfidenceLevel: "    111XX0011 "
}
channelAHumidity {
  percentage: 3.78
  uncertainty: 10.0
}
channelBHumidity {
  percentage: 3.8
  uncertainty: 10.0
}
channelCHumidity {
  percentage: 3.95
  uncertainty: 10.0
}
humiditySensorTemp: 214.57
hsConfidenceLevel: "     0XXX "
pressureSensorConfig: " 2H "
pressureSensorConfidenceLevel: "      111 "
pressureSensor1 {
}
pressureSensor2 {
  thermoCapTemp: 281.72
  baroCapPressure: 796.07
  baroCapAbsoluteUncertainty: 6.0
}
