ephemerisTime: 5.3714044E8
localMeanSolarTime: " 01573M14:00:39.747 "
localTrueSolarTime: " 01573 13:22:47 "
boomOne {
  boomAirTemp: 268.69
  boomIntermediateAirTemp: 270.66
  boomAtsAirTemp: 268.92
  internalAirTempUncertainty: 0.14
  intermediateTempUncertainty: 0.32
  tipAirTempUncertainty: 0.32
  atsBoomConfidenceLevel: "    111XX0001 "
}
boomTwo {
  boomAirTemp: 262.51
  boomIntermediateAirTemp: 263.72
  boomAtsAirTemp: 260.61
  internalAirTempUncertainty: 0.16
  intermediateTempUncertainty: 0.12
  tipAirTempUncertainty: 0.35
  atsBoomConfidenceLevel: "    111XX0111 "
}
channelBHumidity {
}
channelCHumidity {
}
hsConfidenceLevel: "      UNK "
pressureSensorConfig: " 2H "
pressureSensorConfidenceLevel: "      101 "
pressureSensor1 {
}
pressureSensor2 {
  thermoCapTemp: 294.55
  baroCapPressure: 845.35
  baroCapAbsoluteUncertainty: 5.7
}
