ephemerisTime: 5.33219578E8
localMeanSolarTime: " 01529M10:00:47.148 "
localTrueSolarTime: " 01529 09:50:29 "
boomOne {
  boomAirTemp: 250.56
  boomIntermediateAirTemp: 250.71
  boomAtsAirTemp: 246.3
  internalAirTempUncertainty: 0.14
  intermediateTempUncertainty: 0.32
  tipAirTempUncertainty: 0.32
  atsBoomConfidenceLevel: "    111XX0001 "
}
boomTwo {
  boomAirTemp: 250.36
  boomIntermediateAirTemp: 250.01
  boomAtsAirTemp: 242.87
  internalAirTempUncertainty: 0.16
  intermediateTempUncertainty: 0.12
  tipAirTempUncertainty: 0.35
  atsBoomConfidenceLevel: "    111XX0001 "
}
channelBHumidity {
}
channelCHumidity {
}
hsConfidenceLevel: "      UNK "
pressureSensorConfig: " 2H "
pressureSensorConfidenceLevel: "      101 "
pressureSensor1 {
}
pressureSensor2 {
  thermoCapTemp: 283.95
  baroCapPressure: 912.0
  baroCapAbsoluteUncertainty: 5.7
}
