ephemerisTime: 5.17720988E8
localMeanSolarTime: " 01354M19:59:50.448 "
localTrueSolarTime: " 01354 20:35:17 "
boomOne {
  boomAirTemp: 224.49
  boomIntermediateAirTemp: 223.04
  boomAtsAirTemp: 222.23
  internalAirTempUncertainty: 0.14
  intermediateTempUncertainty: 0.32
  tipAirTempUncertainty: 0.32
  atsBoomConfidenceLevel: "    111XX1111 "
}
boomTwo {
  boomAirTemp: 218.34
  boomIntermediateAirTemp: 219.53
  boomAtsAirTemp: 216.36
  internalAirTempUncertainty: 0.16
  intermediateTempUncertainty: 0.12
  tipAirTempUncertainty: 0.35
  atsBoomConfidenceLevel: "    111XX1111 "
}
channelAHumidity {
  percentage: 3.46
  uncertainty: 10.0
}
channelBHumidity {
  percentage: 3.54
  uncertainty: 10.0
}
channelCHumidity {
  percentage: 3.71
  uncertainty: 10.0
}
humiditySensorTemp: 224.31
hsConfidenceLevel: "     0XXX "
pressureSensorConfig: " 2H "
pressureSensorConfidenceLevel: "      111 "
pressureSensor1 {
}
pressureSensor2 {
  baroCapPressure: 733.53
  baroCapAbsoluteUncertainty: 5.1
}
