ephemerisTime: 5.16437521E8
localMeanSolarTime: " 01340M09:00:51.720 "
localTrueSolarTime: " 01340 09:34:06 "
boomOne {
  boomAirTemp: 239.05
  boomIntermediateAirTemp: 239.75
  boomAtsAirTemp: 238.15
  internalAirTempUncertainty: 0.14
  intermediateTempUncertainty: 0.32
  tipAirTempUncertainty: 0.32
  atsBoomConfidenceLevel: "    111XX0001 "
}
boomTwo {
  boomAirTemp: 242.29
  boomIntermediateAirTemp: 237.93
  boomAtsAirTemp: 232.19
  internalAirTempUncertainty: 0.16
  intermediateTempUncertainty: 0.12
  tipAirTempUncertainty: 0.35
  atsBoomConfidenceLevel: "    111XX1101 "
}
channelBHumidity {
}
channelCHumidity {
}
hsConfidenceLevel: "      UNK "
pressureSensorConfig: " 2H "
pressureSensorConfidenceLevel: "      101 "
pressureSensor1 {
}
pressureSensor2 {
  thermoCapTemp: 280.84
  baroCapPressure: 755.86
  baroCapAbsoluteUncertainty: 5.1
}
