ephemerisTime: 5.14695428E8
localMeanSolarTime: " 01320M18:02:33.640 "
localTrueSolarTime: " 01320 18:32:39 "
boomOne {
  boomAirTemp: 233.86
  boomIntermediateAirTemp: 230.66
  boomAtsAirTemp: 227.9
  internalAirTempUncertainty: 0.14
  intermediateTempUncertainty: 0.32
  tipAirTempUncertainty: 0.32
  atsBoomConfidenceLevel: "    111XX1111 "
}
boomTwo {
  boomAirTemp: 233.44
  boomIntermediateAirTemp: 230.99
  boomAtsAirTemp: 230.39
  internalAirTempUncertainty: 0.16
  intermediateTempUncertainty: 0.12
  tipAirTempUncertainty: 0.35
  atsBoomConfidenceLevel: "    111XX1111 "
}
channelAHumidity {
  percentage: 2.25
  uncertainty: 10.0
}
channelBHumidity {
  percentage: 2.3
  uncertainty: 10.0
}
channelCHumidity {
  percentage: 2.43
  uncertainty: 10.0
}
humiditySensorTemp: 234.51
hsConfidenceLevel: "     0XXX "
pressureSensorConfig: " 2H "
pressureSensorConfidenceLevel: "      111 "
pressureSensor1 {
}
pressureSensor2 {
  thermoCapTemp: 293.85
  baroCapPressure: 706.4
  baroCapAbsoluteUncertainty: 5.1
}
