ephemerisTime: 5.15697727E8
localMeanSolarTime: " 01332M01:00:44.632 "
localTrueSolarTime: " 01332 01:32:40 "
boomOne {
  boomAirTemp: 204.17
  boomIntermediateAirTemp: 204.77
  boomAtsAirTemp: 203.56
  internalAirTempUncertainty: 0.55
  intermediateTempUncertainty: 0.32
  tipAirTempUncertainty: 1.19
  atsBoomConfidenceLevel: "    011XX1111 "
}
boomTwo {
  boomAirTemp: 199.14
  boomIntermediateAirTemp: 200.3
  boomAtsAirTemp: 153.35
  internalAirTempUncertainty: 1.13
  intermediateTempUncertainty: 1.06
  tipAirTempUncertainty: 1.58
  atsBoomConfidenceLevel: "    011XX1110 "
}
channelBHumidity {
}
channelCHumidity {
}
hsConfidenceLevel: "      UNK "
pressureSensorConfig: " 2H "
pressureSensorConfidenceLevel: "      101 "
pressureSensor1 {
}
pressureSensor2 {
  thermoCapTemp: 281.53
  baroCapPressure: 751.72
  baroCapAbsoluteUncertainty: 5.1
}
