ephemerisTime: 5.35827323E8
localMeanSolarTime: " 01558M19:00:44.053 "
localTrueSolarTime: " 01558 18:30:52 "
boomOne {
  boomAirTemp: 239.31
  boomIntermediateAirTemp: 238.01
  boomAtsAirTemp: 237.45
  internalAirTempUncertainty: 0.14
  intermediateTempUncertainty: 0.32
  tipAirTempUncertainty: 0.32
  atsBoomConfidenceLevel: "    111XX1111 "
}
boomTwo {
  boomAirTemp: 237.93
  boomIntermediateAirTemp: 239.72
  boomAtsAirTemp: 240.41
  internalAirTempUncertainty: 0.16
  intermediateTempUncertainty: 0.12
  tipAirTempUncertainty: 0.35
  atsBoomConfidenceLevel: "    111XX1111 "
}
channelBHumidity {
}
channelCHumidity {
}
hsConfidenceLevel: "      UNK "
pressureSensorConfig: " 2H "
pressureSensorConfidenceLevel: "      101 "
pressureSensor1 {
}
pressureSensor2 {
  thermoCapTemp: 290.47
  baroCapPressure: 841.05
  baroCapAbsoluteUncertainty: 5.7
}
