ephemerisTime: 5.29881788E8
localMeanSolarTime: " 01491M19:38:51.403 "
localTrueSolarTime: " 01491 19:53:58 "
boomOne {
  boomAirTemp: 232.68
  boomIntermediateAirTemp: 235.08
  boomAtsAirTemp: 235.78
  internalAirTempUncertainty: 0.14
  intermediateTempUncertainty: 0.32
  tipAirTempUncertainty: 0.32
  atsBoomConfidenceLevel: "    111XX1111 "
}
boomTwo {
  boomAirTemp: 232.65
  boomIntermediateAirTemp: 234.64
  boomAtsAirTemp: 236.04
  internalAirTempUncertainty: 0.16
  intermediateTempUncertainty: 0.12
  tipAirTempUncertainty: 0.35
  atsBoomConfidenceLevel: "    111XX1111 "
}
channelAHumidity {
  percentage: 2.29
  uncertainty: 10.0
}
channelBHumidity {
  percentage: 2.32
  uncertainty: 10.0
}
channelCHumidity {
  percentage: 2.44
  uncertainty: 10.0
}
humiditySensorTemp: 234.18
hsConfidenceLevel: "     0XXX "
pressureSensorConfig: " 2H "
pressureSensorConfidenceLevel: "      111 "
pressureSensor1 {
}
pressureSensor2 {
  baroCapPressure: 892.41
  baroCapAbsoluteUncertainty: 5.3
}
