ephemerisTime: 5.23525062E8
localMeanSolarTime: " 01420M05:07:05.683 "
localTrueSolarTime: " 01420 05:46:14 "
boomOne {
  boomAirTemp: 204.24
  boomIntermediateAirTemp: 206.2
  boomAtsAirTemp: 207.29
  internalAirTempUncertainty: 0.14
  intermediateTempUncertainty: 0.32
  tipAirTempUncertainty: 0.32
  atsBoomConfidenceLevel: "    111XX1111 "
}
boomTwo {
  boomAirTemp: 193.82
  boomIntermediateAirTemp: 195.83
  boomAtsAirTemp: 148.78
  internalAirTempUncertainty: 1.13
  intermediateTempUncertainty: 1.06
  tipAirTempUncertainty: 1.58
  atsBoomConfidenceLevel: "    011XX1110 "
}
channelAHumidity {
  percentage: 9.63
  uncertainty: 10.0
}
channelBHumidity {
  percentage: 9.76
  uncertainty: 10.0
}
channelCHumidity {
  percentage: 10.09
  uncertainty: 10.0
}
humiditySensorTemp: 204.88
hsConfidenceLevel: "     0XXX "
pressureSensorConfig: " 1L "
pressureSensorConfidenceLevel: "      011 "
pressureSensor1 {
  thermoCapTemp: 280.14
  baroCapPressure: 816.78
  baroCapAbsoluteUncertainty: 5.1
}
pressureSensor2 {
  thermoCapTemp: 280.22
  baroCapPressure: 817.19
  baroCapAbsoluteUncertainty: 4.5
}
