ephemerisTime: 5.15484308E8
localMeanSolarTime: " 01329M15:18:53.847 "
localTrueSolarTime: " 01329 15:50:26 "
boomOne {
  boomAirTemp: 264.96
  boomIntermediateAirTemp: 265.55
  boomAtsAirTemp: 263.39
  internalAirTempUncertainty: 0.14
  intermediateTempUncertainty: 0.32
  tipAirTempUncertainty: 0.32
  atsBoomConfidenceLevel: "    111XX0001 "
}
boomTwo {
  boomAirTemp: 258.74
  boomIntermediateAirTemp: 255.78
  boomAtsAirTemp: 253.62
  internalAirTempUncertainty: 0.16
  intermediateTempUncertainty: 0.12
  tipAirTempUncertainty: 0.35
  atsBoomConfidenceLevel: "    111XX0011 "
}
channelAHumidity {
  percentage: 0.96
  uncertainty: 2.0
}
channelBHumidity {
  percentage: 0.94
  uncertainty: 2.0
}
channelCHumidity {
  percentage: 0.99
  uncertainty: 2.0
}
humiditySensorTemp: 258.82
hsConfidenceLevel: "     0XXX "
pressureSensorConfig: " 2H "
pressureSensorConfidenceLevel: "      111 "
pressureSensor1 {
}
pressureSensor2 {
  baroCapPressure: 693.0
  baroCapAbsoluteUncertainty: 5.1
}
