ephemerisTime: 5.15353628E8
localMeanSolarTime: " 01328M03:59:09.082 "
localTrueSolarTime: " 01328 04:30:27 "
boomOne {
  boomAirTemp: 204.65
  boomIntermediateAirTemp: 203.13
  boomAtsAirTemp: 201.91
  internalAirTempUncertainty: 0.55
  intermediateTempUncertainty: 0.32
  tipAirTempUncertainty: 1.19
  atsBoomConfidenceLevel: "    011XX1111 "
}
boomTwo {
  boomAirTemp: 198.97
  boomIntermediateAirTemp: 197.95
  boomAtsAirTemp: 150.4
  internalAirTempUncertainty: 1.13
  intermediateTempUncertainty: 1.06
  tipAirTempUncertainty: 1.58
  atsBoomConfidenceLevel: "    011XX1110 "
}
channelAHumidity {
  percentage: 11.6
  uncertainty: 10.0
}
channelBHumidity {
  percentage: 11.48
  uncertainty: 10.0
}
channelCHumidity {
  percentage: 11.79
  uncertainty: 10.0
}
humiditySensorTemp: 205.27
hsConfidenceLevel: "     0XXX "
pressureSensorConfig: " 2H "
pressureSensorConfidenceLevel: "      111 "
pressureSensor1 {
}
pressureSensor2 {
  thermoCapTemp: 283.56
  baroCapPressure: 753.42
  baroCapAbsoluteUncertainty: 5.1
}
