ephemerisTime: 5.20121965E8
localMeanSolarTime: " 01381M21:05:49.675 "
localTrueSolarTime: " 01381 21:44:30 "
boomOne {
  boomAirTemp: 220.81
  boomIntermediateAirTemp: 221.46
  boomAtsAirTemp: 222.87
  internalAirTempUncertainty: 0.14
  intermediateTempUncertainty: 0.32
  tipAirTempUncertainty: 0.32
  atsBoomConfidenceLevel: "    111XX1111 "
}
boomTwo {
  boomAirTemp: 214.71
  boomIntermediateAirTemp: 217.24
  boomAtsAirTemp: 208.13
  internalAirTempUncertainty: 0.16
  intermediateTempUncertainty: 0.12
  tipAirTempUncertainty: 0.35
  atsBoomConfidenceLevel: "    111XX1110 "
}
channelAHumidity {
  percentage: 4.99
  uncertainty: 10.0
}
channelBHumidity {
  percentage: 5.03
  uncertainty: 10.0
}
channelCHumidity {
  percentage: 5.23
  uncertainty: 10.0
}
humiditySensorTemp: 219.93
hsConfidenceLevel: "     0XXX "
pressureSensorConfig: " 2H "
pressureSensorConfidenceLevel: "      111 "
pressureSensor1 {
  baroCapPressure: 753.11
  baroCapAbsoluteUncertainty: 4.6
}
pressureSensor2 {
  baroCapPressure: 750.47
  baroCapAbsoluteUncertainty: 5.1
}
