ephemerisTime: 5.24123899E8
localMeanSolarTime: " 01426M23:00:45.879 "
localTrueSolarTime: " 01426 23:39:13 "
boomOne {
  boomAirTemp: 215.79
  boomIntermediateAirTemp: 216.45
  boomAtsAirTemp: 216.4
  internalAirTempUncertainty: 0.14
  intermediateTempUncertainty: 0.32
  tipAirTempUncertainty: 0.32
  atsBoomConfidenceLevel: "    111XX1111 "
}
boomTwo {
  boomAirTemp: 212.69
  boomIntermediateAirTemp: 213.06
  boomAtsAirTemp: 212.77
  internalAirTempUncertainty: 0.16
  intermediateTempUncertainty: 0.12
  tipAirTempUncertainty: 0.35
  atsBoomConfidenceLevel: "    111XX1111 "
}
channelBHumidity {
}
channelCHumidity {
}
hsConfidenceLevel: "      UNK "
pressureSensorConfig: " 2H "
pressureSensorConfidenceLevel: "      101 "
pressureSensor1 {
}
pressureSensor2 {
  thermoCapTemp: 285.11
  baroCapPressure: 815.65
  baroCapAbsoluteUncertainty: 5.3
}
