ephemerisTime: 5.44227907E8
localMeanSolarTime: " 01653M10:05:41.694 "
localTrueSolarTime: " 01653 09:16:09 "
boomOne {
  boomAirTemp: 234.87
  boomIntermediateAirTemp: 237.0
  boomAtsAirTemp: 237.7
  internalAirTempUncertainty: 0.14
  intermediateTempUncertainty: 0.32
  tipAirTempUncertainty: 0.32
  atsBoomConfidenceLevel: "    111XX0001 "
}
boomTwo {
  boomAirTemp: 234.5
  boomIntermediateAirTemp: 230.67
  boomAtsAirTemp: 227.39
  internalAirTempUncertainty: 0.16
  intermediateTempUncertainty: 0.12
  tipAirTempUncertainty: 0.35
  atsBoomConfidenceLevel: "    111XX0001 "
}
channelAHumidity {
  percentage: 1.91
  uncertainty: 10.0
}
channelBHumidity {
  percentage: 1.97
  uncertainty: 10.0
}
channelCHumidity {
  percentage: 2.08
  uncertainty: 10.0
}
humiditySensorTemp: 235.6
hsConfidenceLevel: "     0XXX "
pressureSensorConfig: " 2H "
pressureSensorConfidenceLevel: "      111 "
pressureSensor1 {
  baroCapPressure: 851.88
  baroCapAbsoluteUncertainty: 5.1
}
pressureSensor2 {
  baroCapPressure: 848.45
  baroCapAbsoluteUncertainty: 6.4
}
