ephemerisTime: 5.15132408E8
localMeanSolarTime: " 01325M16:10:45.947 "
localTrueSolarTime: " 01325 16:41:39 "
boomOne {
  boomAirTemp: 259.68
  boomIntermediateAirTemp: 257.27
  boomAtsAirTemp: 253.14
  internalAirTempUncertainty: 0.14
  intermediateTempUncertainty: 0.32
  tipAirTempUncertainty: 0.32
  atsBoomConfidenceLevel: "    111XX0001 "
}
boomTwo {
  boomAirTemp: 262.12
  boomIntermediateAirTemp: 263.06
  boomAtsAirTemp: 260.9
  internalAirTempUncertainty: 0.16
  intermediateTempUncertainty: 0.12
  tipAirTempUncertainty: 0.35
  atsBoomConfidenceLevel: "    111XX0001 "
}
channelAHumidity {
  percentage: 0.92
  uncertainty: 2.0
}
channelBHumidity {
  percentage: 0.9
  uncertainty: 2.0
}
channelCHumidity {
  percentage: 0.95
  uncertainty: 2.0
}
humiditySensorTemp: 262.19
hsConfidenceLevel: "     0XXX "
pressureSensorConfig: " 2H "
pressureSensorConfidenceLevel: "      111 "
pressureSensor1 {
  baroCapPressure: 696.83
  baroCapAbsoluteUncertainty: 4.6
}
pressureSensor2 {
  baroCapPressure: 693.25
  baroCapAbsoluteUncertainty: 5.1
}
