ephemerisTime: 5.30959833E8
localMeanSolarTime: " 01503M23:05:42.455 "
localTrueSolarTime: " 01503 23:13:09 "
boomOne {
  boomAirTemp: 219.1
  boomIntermediateAirTemp: 219.54
  boomAtsAirTemp: 220.26
  internalAirTempUncertainty: 0.14
  intermediateTempUncertainty: 0.32
  tipAirTempUncertainty: 0.32
  atsBoomConfidenceLevel: "    111XX1111 "
}
boomTwo {
  boomAirTemp: 214.88
  boomIntermediateAirTemp: 214.31
  boomAtsAirTemp: 215.29
  internalAirTempUncertainty: 0.16
  intermediateTempUncertainty: 0.12
  tipAirTempUncertainty: 0.35
  atsBoomConfidenceLevel: "    111XX1111 "
}
channelAHumidity {
  percentage: 4.19
  uncertainty: 10.0
}
channelBHumidity {
  percentage: 4.24
  uncertainty: 10.0
}
channelCHumidity {
  percentage: 4.43
  uncertainty: 10.0
}
humiditySensorTemp: 219.42
hsConfidenceLevel: "     0XXX "
pressureSensorConfig: " 2H "
pressureSensorConfidenceLevel: "      111 "
pressureSensor1 {
  baroCapPressure: 930.24
  baroCapAbsoluteUncertainty: 4.7
}
pressureSensor2 {
  baroCapPressure: 927.68
  baroCapAbsoluteUncertainty: 5.3
}
