ephemerisTime: 5.37225522E8
localMeanSolarTime: " 01574M13:00:46.100 "
localTrueSolarTime: " 01574 12:22:26 "
boomOne {
  boomAirTemp: 259.7
  boomIntermediateAirTemp: 262.08
  boomAtsAirTemp: 260.42
  internalAirTempUncertainty: 0.14
  intermediateTempUncertainty: 0.32
  tipAirTempUncertainty: 0.32
  atsBoomConfidenceLevel: "    111XX1111 "
}
boomTwo {
  boomAirTemp: 258.81
  boomIntermediateAirTemp: 258.13
  boomAtsAirTemp: 253.27
  internalAirTempUncertainty: 0.16
  intermediateTempUncertainty: 0.12
  tipAirTempUncertainty: 0.35
  atsBoomConfidenceLevel: "    111XX1111 "
}
channelBHumidity {
}
channelCHumidity {
}
hsConfidenceLevel: "      UNK "
pressureSensorConfig: " 2H "
pressureSensorConfidenceLevel: "      100 "
pressureSensor1 {
}
pressureSensor2 {
  thermoCapTemp: 292.2
  baroCapPressure: 847.72
  baroCapAbsoluteUncertainty: 5.7
}
