ephemerisTime: 5.15394788E8
localMeanSolarTime: " 01328M15:06:48.195 "
localTrueSolarTime: " 01328 15:38:10 "
boomOne {
  boomAirTemp: 264.61
  boomIntermediateAirTemp: 259.38
  boomAtsAirTemp: 257.04
  internalAirTempUncertainty: 0.14
  intermediateTempUncertainty: 0.32
  tipAirTempUncertainty: 0.32
  atsBoomConfidenceLevel: "    111XX0001 "
}
boomTwo {
  boomAirTemp: 268.52
  boomIntermediateAirTemp: 270.14
  boomAtsAirTemp: 268.27
  internalAirTempUncertainty: 0.16
  intermediateTempUncertainty: 0.12
  tipAirTempUncertainty: 0.35
  atsBoomConfidenceLevel: "    111XX0001 "
}
channelAHumidity {
  percentage: 0.75
  uncertainty: 2.0
}
channelBHumidity {
  percentage: 0.73
  uncertainty: 2.0
}
channelCHumidity {
  percentage: 0.76
  uncertainty: 2.0
}
humiditySensorTemp: 268.57
hsConfidenceLevel: "     0XXX "
pressureSensorConfig: " 2H "
pressureSensorConfidenceLevel: "      111 "
pressureSensor1 {
}
pressureSensor2 {
  baroCapPressure: 694.58
  baroCapAbsoluteUncertainty: 5.1
}
