ephemerisTime: 5.15352908E8
localMeanSolarTime: " 01328M03:47:28.340 "
localTrueSolarTime: " 01328 04:18:46 "
boomOne {
  boomAirTemp: 204.79
  boomIntermediateAirTemp: 203.46
  boomAtsAirTemp: 202.57
  internalAirTempUncertainty: 0.55
  intermediateTempUncertainty: 0.32
  tipAirTempUncertainty: 1.19
  atsBoomConfidenceLevel: "    011XX1111 "
}
boomTwo {
  boomAirTemp: 197.84
  boomIntermediateAirTemp: 198.42
  boomAtsAirTemp: 149.79
  internalAirTempUncertainty: 1.13
  intermediateTempUncertainty: 1.06
  tipAirTempUncertainty: 1.58
  atsBoomConfidenceLevel: "    011XX1110 "
}
channelAHumidity {
  percentage: 10.82
  uncertainty: 10.0
}
channelBHumidity {
  percentage: 10.67
  uncertainty: 10.0
}
channelCHumidity {
  percentage: 10.99
  uncertainty: 10.0
}
humiditySensorTemp: 205.33
hsConfidenceLevel: "     0XXX "
pressureSensorConfig: " 2H "
pressureSensorConfidenceLevel: "      111 "
pressureSensor1 {
}
pressureSensor2 {
  thermoCapTemp: 283.56
  baroCapPressure: 753.11
  baroCapAbsoluteUncertainty: 5.1
}
