ephemerisTime: 5.15357708E8
localMeanSolarTime: " 01328M05:05:19.956 "
localTrueSolarTime: " 01328 05:36:38 "
boomOne {
  boomAirTemp: 199.66
  boomIntermediateAirTemp: 199.25
  boomAtsAirTemp: 198.89
  internalAirTempUncertainty: 0.14
  intermediateTempUncertainty: 0.32
  tipAirTempUncertainty: 0.32
  atsBoomConfidenceLevel: "    111XX1111 "
}
boomTwo {
  boomAirTemp: 190.15
  boomIntermediateAirTemp: 191.22
  boomAtsAirTemp: 141.24
  internalAirTempUncertainty: 1.13
  intermediateTempUncertainty: 1.06
  tipAirTempUncertainty: 1.58
  atsBoomConfidenceLevel: "    011XX1110 "
}
channelAHumidity {
  percentage: 16.49
  uncertainty: 20.0
}
channelBHumidity {
  percentage: 16.22
  uncertainty: 20.0
}
channelCHumidity {
  percentage: 16.82
  uncertainty: 20.0
}
humiditySensorTemp: 200.31
hsConfidenceLevel: "     0XXX "
pressureSensorConfig: " 2H "
pressureSensorConfidenceLevel: "      111 "
pressureSensor1 {
}
pressureSensor2 {
  baroCapPressure: 752.4
  baroCapAbsoluteUncertainty: 5.1
}
