ephemerisTime: 5.31385148E8
localMeanSolarTime: " 01508M18:04:41.760 "
localTrueSolarTime: " 01508 18:08:55 "
boomOne {
  boomAirTemp: 244.37
  boomIntermediateAirTemp: 242.85
  boomAtsAirTemp: 242.34
  internalAirTempUncertainty: 0.14
  intermediateTempUncertainty: 0.32
  tipAirTempUncertainty: 0.32
  atsBoomConfidenceLevel: "    111XX0001 "
}
boomTwo {
  boomAirTemp: 243.92
  boomIntermediateAirTemp: 244.91
  boomAtsAirTemp: 246.57
  internalAirTempUncertainty: 0.16
  intermediateTempUncertainty: 0.12
  tipAirTempUncertainty: 0.35
  atsBoomConfidenceLevel: "    111XX0001 "
}
channelAHumidity {
  percentage: 1.48
  uncertainty: 2.0
}
channelBHumidity {
  percentage: 1.51
  uncertainty: 2.0
}
channelCHumidity {
  percentage: 1.61
  uncertainty: 2.0
}
humiditySensorTemp: 244.98
hsConfidenceLevel: "     0XXX "
pressureSensorConfig: " 2H "
pressureSensorConfidenceLevel: "      111 "
pressureSensor1 {
}
pressureSensor2 {
  thermoCapTemp: 295.53
  baroCapPressure: 859.08
  baroCapAbsoluteUncertainty: 5.3
}
