ephemerisTime: 5.43336156E8
localMeanSolarTime: " 01643M09:00:41.927 "
localTrueSolarTime: " 01643 08:09:56 "
boomOne {
  boomAirTemp: 217.46
  boomIntermediateAirTemp: 217.4
  boomAtsAirTemp: 216.71
  internalAirTempUncertainty: 0.14
  intermediateTempUncertainty: 0.32
  tipAirTempUncertainty: 0.32
  atsBoomConfidenceLevel: "    111XX0001 "
}
boomTwo {
  boomAirTemp: 218.0
  boomIntermediateAirTemp: 220.57
  boomAtsAirTemp: 222.57
  internalAirTempUncertainty: 0.16
  intermediateTempUncertainty: 0.12
  tipAirTempUncertainty: 0.35
  atsBoomConfidenceLevel: "    111XX0101 "
}
channelBHumidity {
}
channelCHumidity {
}
hsConfidenceLevel: "      UNK "
pressureSensorConfig: " 2H "
pressureSensorConfidenceLevel: "      101 "
pressureSensor1 {
}
pressureSensor2 {
  thermoCapTemp: 280.09
  baroCapPressure: 862.48
  baroCapAbsoluteUncertainty: 5.7
}
