ephemerisTime: 5.05496388E8
localMeanSolarTime: " 01217M03:05:55.917 "
localTrueSolarTime: " 01217 03:21:17 "
boomOne {
  boomAirTemp: 194.91
  boomIntermediateAirTemp: 195.43
  boomAtsAirTemp: 195.77
  internalAirTempUncertainty: 0.55
  intermediateTempUncertainty: 0.32
  tipAirTempUncertainty: 1.19
  atsBoomConfidenceLevel: "    011XX1111 "
}
boomTwo {
  boomAirTemp: 182.48
  boomIntermediateAirTemp: 181.9
  boomAtsAirTemp: 136.26
  internalAirTempUncertainty: 1.13
  intermediateTempUncertainty: 1.06
  tipAirTempUncertainty: 1.58
  atsBoomConfidenceLevel: "    011XX1110 "
}
channelAHumidity {
  percentage: 16.87
  uncertainty: 20.0
}
channelBHumidity {
  percentage: 16.35
  uncertainty: 20.0
}
channelCHumidity {
  percentage: 16.76
  uncertainty: 20.0
}
humiditySensorTemp: 195.23
hsConfidenceLevel: "     0XXX "
pressureSensorConfig: " 2H "
pressureSensorConfidenceLevel: "      111 "
pressureSensor1 {
  baroCapPressure: 868.4
  baroCapAbsoluteUncertainty: 4.4
}
pressureSensor2 {
  baroCapPressure: 864.9
  baroCapAbsoluteUncertainty: 6.0
}
