ephemerisTime: 5.08444118E8
localMeanSolarTime: " 01250M08:00:44.408 "
localTrueSolarTime: " 01250 08:20:35 "
boomOne {
  boomAirTemp: 220.51
  boomIntermediateAirTemp: 221.28
  boomAtsAirTemp: 216.52
  internalAirTempUncertainty: 0.14
  intermediateTempUncertainty: 0.32
  tipAirTempUncertainty: 0.32
  atsBoomConfidenceLevel: "    111XX0001 "
}
boomTwo {
  boomAirTemp: 215.28
  boomIntermediateAirTemp: 213.5
  boomAtsAirTemp: 207.93
  internalAirTempUncertainty: 0.16
  intermediateTempUncertainty: 0.12
  tipAirTempUncertainty: 0.35
  atsBoomConfidenceLevel: "    111XX0001 "
}
channelBHumidity {
}
channelCHumidity {
}
hsConfidenceLevel: "      UNK "
pressureSensorConfig: " 2H "
pressureSensorConfidenceLevel: "      101 "
pressureSensor1 {
}
pressureSensor2 {
  thermoCapTemp: 279.31
  baroCapPressure: 823.11
  baroCapAbsoluteUncertainty: 6.0
}
