ephemerisTime: 5.37292417E8
localMeanSolarTime: " 01575M07:05:51.892 "
localTrueSolarTime: " 01575 06:27:11 "
boomOne {
  boomAirTemp: 203.05
  boomIntermediateAirTemp: 203.85
  boomAtsAirTemp: 204.63
  internalAirTempUncertainty: 0.55
  intermediateTempUncertainty: 0.32
  tipAirTempUncertainty: 1.19
  atsBoomConfidenceLevel: "    011XX0111 "
}
boomTwo {
  boomAirTemp: 193.45
  boomIntermediateAirTemp: 195.86
  boomAtsAirTemp: 148.8
  internalAirTempUncertainty: 1.13
  intermediateTempUncertainty: 1.06
  tipAirTempUncertainty: 1.58
  atsBoomConfidenceLevel: "    011XX0000 "
}
channelAHumidity {
  percentage: 7.36
  uncertainty: 10.0
}
channelBHumidity {
  percentage: 7.37
  uncertainty: 10.0
}
channelCHumidity {
  percentage: 7.82
  uncertainty: 10.0
}
humiditySensorTemp: 204.2
hsConfidenceLevel: "     0XXX "
pressureSensorConfig: " 2H "
pressureSensorConfidenceLevel: "      111 "
pressureSensor1 {
  baroCapPressure: 910.79
  baroCapAbsoluteUncertainty: 4.9
}
pressureSensor2 {
  baroCapPressure: 907.74
  baroCapAbsoluteUncertainty: 5.7
}
