ephemerisTime: 5.3779547E8
localMeanSolarTime: " 01580M23:05:49.977 "
localTrueSolarTime: " 01580 22:24:37 "
boomOne {
  boomAirTemp: 218.57
  boomIntermediateAirTemp: 219.42
  boomAtsAirTemp: 220.72
  internalAirTempUncertainty: 0.14
  intermediateTempUncertainty: 0.32
  tipAirTempUncertainty: 0.32
  atsBoomConfidenceLevel: "    111XX1111 "
}
boomTwo {
  boomAirTemp: 213.14
  boomIntermediateAirTemp: 215.44
  boomAtsAirTemp: 165.98
  internalAirTempUncertainty: 0.16
  intermediateTempUncertainty: 0.12
  tipAirTempUncertainty: 0.35
  atsBoomConfidenceLevel: "    111XX1110 "
}
channelAHumidity {
  percentage: 4.22
  uncertainty: 10.0
}
channelBHumidity {
  percentage: 4.3
  uncertainty: 10.0
}
channelCHumidity {
  percentage: 4.49
  uncertainty: 10.0
}
humiditySensorTemp: 219.28
hsConfidenceLevel: "     0XXX "
pressureSensorConfig: " 2H "
pressureSensorConfidenceLevel: "      111 "
pressureSensor1 {
  baroCapPressure: 873.7
  baroCapAbsoluteUncertainty: 4.9
}
pressureSensor2 {
  baroCapPressure: 870.96
  baroCapAbsoluteUncertainty: 5.7
}
