ephemerisTime: 5.26284405E8
localMeanSolarTime: " 01451M07:06:05.868 "
localTrueSolarTime: " 01451 07:39:30 "
boomOne {
  boomAirTemp: 219.19
  boomIntermediateAirTemp: 219.86
  boomAtsAirTemp: 218.76
  internalAirTempUncertainty: 0.14
  intermediateTempUncertainty: 0.32
  tipAirTempUncertainty: 0.32
  atsBoomConfidenceLevel: "    111XX1111 "
}
boomTwo {
  boomAirTemp: 222.92
  boomIntermediateAirTemp: 224.44
  boomAtsAirTemp: 222.57
  internalAirTempUncertainty: 0.16
  intermediateTempUncertainty: 0.12
  tipAirTempUncertainty: 0.35
  atsBoomConfidenceLevel: "    111XX0001 "
}
channelAHumidity {
  percentage: 2.99
  uncertainty: 10.0
}
channelBHumidity {
  percentage: 3.07
  uncertainty: 10.0
}
channelCHumidity {
  percentage: 3.23
  uncertainty: 10.0
}
humiditySensorTemp: 223.99
hsConfidenceLevel: "     0XXX "
pressureSensorConfig: " 2H "
pressureSensorConfidenceLevel: "      111 "
pressureSensor1 {
  baroCapPressure: 868.63
  baroCapAbsoluteUncertainty: 4.7
}
pressureSensor2 {
  baroCapPressure: 866.07
  baroCapAbsoluteUncertainty: 5.3
}
