ephemerisTime: 5.39393396E8
localMeanSolarTime: " 01598M23:05:37.023 "
localTrueSolarTime: " 01598 22:18:15 "
boomOne {
  boomAirTemp: 220.47
  boomIntermediateAirTemp: 220.46
  boomAtsAirTemp: 220.04
  internalAirTempUncertainty: 0.14
  intermediateTempUncertainty: 0.32
  tipAirTempUncertainty: 0.32
  atsBoomConfidenceLevel: "    111XX1111 "
}
boomTwo {
  boomAirTemp: 217.5
  boomIntermediateAirTemp: 218.53
  boomAtsAirTemp: 216.92
  internalAirTempUncertainty: 0.16
  intermediateTempUncertainty: 0.12
  tipAirTempUncertainty: 0.35
  atsBoomConfidenceLevel: "    111XX1111 "
}
channelAHumidity {
  percentage: 3.72
  uncertainty: 10.0
}
channelBHumidity {
  percentage: 3.75
  uncertainty: 10.0
}
channelCHumidity {
  percentage: 4.0
  uncertainty: 10.0
}
humiditySensorTemp: 220.25
hsConfidenceLevel: "     0XXX "
pressureSensorConfig: " 2H "
pressureSensorConfidenceLevel: "      111 "
pressureSensor1 {
  baroCapPressure: 856.82
  baroCapAbsoluteUncertainty: 4.9
}
pressureSensor2 {
  baroCapPressure: 854.18
  baroCapAbsoluteUncertainty: 5.7
}
