ephemerisTime: 5.39084109E8
localMeanSolarTime: " 01595M11:28:42.372 "
localTrueSolarTime: " 01595 10:42:18 "
boomOne {
  boomAirTemp: 245.84
  boomIntermediateAirTemp: 244.74
  boomAtsAirTemp: 241.32
  internalAirTempUncertainty: 0.14
  intermediateTempUncertainty: 0.32
  tipAirTempUncertainty: 0.32
  atsBoomConfidenceLevel: "    111XX1111 "
}
boomTwo {
  boomAirTemp: 245.61
  boomIntermediateAirTemp: 246.88
  boomAtsAirTemp: 244.81
  internalAirTempUncertainty: 0.16
  intermediateTempUncertainty: 0.12
  tipAirTempUncertainty: 0.35
  atsBoomConfidenceLevel: "    111XX1111 "
}
channelAHumidity {
  percentage: 1.42
  uncertainty: 2.0
}
channelBHumidity {
  percentage: 1.43
  uncertainty: 2.0
}
channelCHumidity {
  percentage: 1.51
  uncertainty: 2.0
}
humiditySensorTemp: 246.58
hsConfidenceLevel: "     0XXX "
pressureSensorConfig: " 2H "
pressureSensorConfidenceLevel: "      111 "
pressureSensor1 {
}
pressureSensor2 {
  baroCapPressure: 856.65
  baroCapAbsoluteUncertainty: 5.7
}
