ephemerisTime: 5.23480285E8
localMeanSolarTime: " 01419M17:00:46.312 "
localTrueSolarTime: " 01419 17:39:57 "
boomOne {
  boomAirTemp: 249.72
  boomIntermediateAirTemp: 247.78
  boomAtsAirTemp: 246.38
  internalAirTempUncertainty: 0.14
  intermediateTempUncertainty: 0.32
  tipAirTempUncertainty: 0.32
  atsBoomConfidenceLevel: "    111XX1111 "
}
boomTwo {
  boomAirTemp: 252.45
  boomIntermediateAirTemp: 249.03
  boomAtsAirTemp: 247.44
  internalAirTempUncertainty: 0.16
  intermediateTempUncertainty: 0.12
  tipAirTempUncertainty: 0.35
  atsBoomConfidenceLevel: "    111XX0001 "
}
channelBHumidity {
}
channelCHumidity {
}
hsConfidenceLevel: "      UNK "
pressureSensorConfig: " 2L "
pressureSensorConfidenceLevel: "      101 "
pressureSensor1 {
  thermoCapTemp: 304.62
  baroCapPressure: 748.17
  baroCapAbsoluteUncertainty: 4.6
}
pressureSensor2 {
  thermoCapTemp: 304.55
  baroCapPressure: 745.96
  baroCapAbsoluteUncertainty: 5.1
}
