ephemerisTime: 5.15657035E8
localMeanSolarTime: " 01331M14:00:41.002 "
localTrueSolarTime: " 01331 14:32:32 "
boomOne {
  boomAirTemp: 259.07
  boomIntermediateAirTemp: 260.31
  boomAtsAirTemp: 260.57
  internalAirTempUncertainty: 0.14
  intermediateTempUncertainty: 0.32
  tipAirTempUncertainty: 0.32
  atsBoomConfidenceLevel: "    111XX0001 "
}
boomTwo {
  boomAirTemp: 253.06
  boomIntermediateAirTemp: 253.38
  boomAtsAirTemp: 252.51
  internalAirTempUncertainty: 0.16
  intermediateTempUncertainty: 0.12
  tipAirTempUncertainty: 0.35
  atsBoomConfidenceLevel: "    111XX1111 "
}
channelBHumidity {
}
channelCHumidity {
}
hsConfidenceLevel: "      UNK "
pressureSensorConfig: " 2H "
pressureSensorConfidenceLevel: "      101 "
pressureSensor1 {
}
pressureSensor2 {
  thermoCapTemp: 294.21
  baroCapPressure: 698.11
  baroCapAbsoluteUncertainty: 5.1
}
