ephemerisTime: 5.39633527E8
localMeanSolarTime: " 01601M16:00:45.355 "
localTrueSolarTime: " 01601 15:12:42 "
boomOne {
  boomAirTemp: 272.22
  boomIntermediateAirTemp: 272.86
  boomAtsAirTemp: 269.73
  internalAirTempUncertainty: 0.14
  intermediateTempUncertainty: 0.32
  tipAirTempUncertainty: 0.32
  atsBoomConfidenceLevel: "    111XX0001 "
}
boomTwo {
  boomAirTemp: 272.67
  boomIntermediateAirTemp: 274.87
  boomAtsAirTemp: 271.84
  internalAirTempUncertainty: 0.16
  intermediateTempUncertainty: 0.12
  tipAirTempUncertainty: 0.35
  atsBoomConfidenceLevel: "    111XX0001 "
}
channelBHumidity {
}
channelCHumidity {
}
hsConfidenceLevel: "      UNK "
pressureSensorConfig: " 2H "
pressureSensorConfidenceLevel: "      100 "
pressureSensor1 {
}
pressureSensor2 {
  thermoCapTemp: 298.03
  baroCapPressure: 800.57
  baroCapAbsoluteUncertainty: 5.7
}
