ephemerisTime: 5.05584858E8
localMeanSolarTime: " 01218M03:00:59.653 "
localTrueSolarTime: " 01218 03:16:29 "
boomOne {
  boomAirTemp: 191.98
  boomIntermediateAirTemp: 192.8
  boomAtsAirTemp: 192.71
  internalAirTempUncertainty: 0.55
  intermediateTempUncertainty: 0.32
  tipAirTempUncertainty: 1.19
  atsBoomConfidenceLevel: "    011XX1111 "
}
boomTwo {
  boomAirTemp: 136.79
  boomIntermediateAirTemp: 138.25
  boomAtsAirTemp: 133.45
  internalAirTempUncertainty: 1.13
  intermediateTempUncertainty: 1.06
  tipAirTempUncertainty: 1.58
  atsBoomConfidenceLevel: "    011XX1110 "
}
channelBHumidity {
}
channelCHumidity {
}
hsConfidenceLevel: "      UNK "
pressureSensorConfig: " 2H "
pressureSensorConfidenceLevel: "      101 "
pressureSensor1 {
}
pressureSensor2 {
  thermoCapTemp: 279.77
  baroCapPressure: 864.34
  baroCapAbsoluteUncertainty: 6.0
}
