ephemerisTime: 5.09901841E8
localMeanSolarTime: " 01266M18:06:18.396 "
localTrueSolarTime: " 01266 18:28:19 "
boomOne {
  boomAirTemp: 228.37
  boomIntermediateAirTemp: 225.86
  boomAtsAirTemp: 224.07
  internalAirTempUncertainty: 0.14
  intermediateTempUncertainty: 0.32
  tipAirTempUncertainty: 0.32
  atsBoomConfidenceLevel: "    111XX1111 "
}
boomTwo {
  boomAirTemp: 226.46
  boomIntermediateAirTemp: 223.01
  boomAtsAirTemp: 220.34
  internalAirTempUncertainty: 0.16
  intermediateTempUncertainty: 0.12
  tipAirTempUncertainty: 0.35
  atsBoomConfidenceLevel: "    111XX1111 "
}
channelAHumidity {
  percentage: 2.66
  uncertainty: 10.0
}
channelBHumidity {
  percentage: 2.74
  uncertainty: 10.0
}
channelCHumidity {
  percentage: 2.87
  uncertainty: 10.0
}
humiditySensorTemp: 227.48
hsConfidenceLevel: "     0XXX "
pressureSensorConfig: " 2H "
pressureSensorConfidenceLevel: "      111 "
pressureSensor1 {
  baroCapPressure: 762.97
  baroCapAbsoluteUncertainty: 4.4
}
pressureSensor2 {
  baroCapPressure: 759.77
  baroCapAbsoluteUncertainty: 6.0
}
