ephemerisTime: 5.15649641E8
localMeanSolarTime: " 01331M12:00:44.765 "
localTrueSolarTime: " 01331 12:32:35 "
boomOne {
  boomAirTemp: 247.38
  boomIntermediateAirTemp: 249.46
  boomAtsAirTemp: 249.07
  internalAirTempUncertainty: 0.14
  intermediateTempUncertainty: 0.32
  tipAirTempUncertainty: 0.32
  atsBoomConfidenceLevel: "    111XX1111 "
}
boomTwo {
  boomAirTemp: 244.79
  boomIntermediateAirTemp: 245.25
  boomAtsAirTemp: 245.34
  internalAirTempUncertainty: 0.16
  intermediateTempUncertainty: 0.12
  tipAirTempUncertainty: 0.35
  atsBoomConfidenceLevel: "    111XX1111 "
}
channelBHumidity {
}
channelCHumidity {
}
hsConfidenceLevel: "      UNK "
pressureSensorConfig: " 2H "
pressureSensorConfidenceLevel: "      101 "
pressureSensor1 {
}
pressureSensor2 {
  thermoCapTemp: 288.15
  baroCapPressure: 714.18
  baroCapAbsoluteUncertainty: 5.1
}
