ephemerisTime: 5.15372408E8
localMeanSolarTime: " 01328M09:03:46.783 "
localTrueSolarTime: " 01328 09:35:06 "
boomOne {
  boomAirTemp: 238.8
  boomIntermediateAirTemp: 231.83
  boomAtsAirTemp: 229.09
  internalAirTempUncertainty: 0.14
  intermediateTempUncertainty: 0.32
  tipAirTempUncertainty: 0.32
  atsBoomConfidenceLevel: "    111XX0001 "
}
boomTwo {
  boomAirTemp: 225.63
  boomIntermediateAirTemp: 226.21
  boomAtsAirTemp: 225.36
  internalAirTempUncertainty: 0.16
  intermediateTempUncertainty: 0.12
  tipAirTempUncertainty: 0.35
  atsBoomConfidenceLevel: "    111XX1111 "
}
channelAHumidity {
  percentage: 2.89
  uncertainty: 10.0
}
channelBHumidity {
  percentage: 2.94
  uncertainty: 10.0
}
channelCHumidity {
  percentage: 3.08
  uncertainty: 10.0
}
humiditySensorTemp: 226.72
hsConfidenceLevel: "     0XXX "
pressureSensorConfig: " 2H "
pressureSensorConfidenceLevel: "      111 "
pressureSensor1 {
}
pressureSensor2 {
  baroCapPressure: 748.36
  baroCapAbsoluteUncertainty: 5.1
}
