ephemerisTime: 5.24016634E8
localMeanSolarTime: " 01425M18:00:49.844 "
localTrueSolarTime: " 01425 18:39:25 "
boomOne {
  boomAirTemp: 237.89
  boomIntermediateAirTemp: 238.12
  boomAtsAirTemp: 238.23
  internalAirTempUncertainty: 0.14
  intermediateTempUncertainty: 0.32
  tipAirTempUncertainty: 0.32
  atsBoomConfidenceLevel: "    111XX1111 "
}
boomTwo {
  boomAirTemp: 237.25
  boomIntermediateAirTemp: 237.95
  boomAtsAirTemp: 238.55
  internalAirTempUncertainty: 0.16
  intermediateTempUncertainty: 0.12
  tipAirTempUncertainty: 0.35
  atsBoomConfidenceLevel: "    111XX1111 "
}
channelBHumidity {
}
channelCHumidity {
}
hsConfidenceLevel: "      UNK "
pressureSensorConfig: " 2H "
pressureSensorConfidenceLevel: "      101 "
pressureSensor1 {
}
pressureSensor2 {
  thermoCapTemp: 298.36
  baroCapPressure: 776.28
  baroCapAbsoluteUncertainty: 5.3
}
