ephemerisTime: 5.10658628E8
localMeanSolarTime: " 01275M06:42:03.980 "
localTrueSolarTime: " 01275 07:05:15 "
boomOne {
  boomAirTemp: 206.81
  boomIntermediateAirTemp: 205.42
  boomAtsAirTemp: 202.71
  internalAirTempUncertainty: 0.55
  intermediateTempUncertainty: 0.32
  tipAirTempUncertainty: 1.19
  atsBoomConfidenceLevel: "    011XX0001 "
}
boomTwo {
  atsBoomConfidenceLevel: "          UNK "
}
channelBHumidity {
}
channelCHumidity {
}
hsConfidenceLevel: "      UNK "
pressureSensorConfig: " 2H "
pressureSensorConfidenceLevel: "      111 "
pressureSensor1 {
}
pressureSensor2 {
  thermoCapTemp: 281.78
  baroCapPressure: 796.68
  baroCapAbsoluteUncertainty: 6.0
}
