ephemerisTime: 5.39714899E8
localMeanSolarTime: " 01602M14:00:40.937 "
localTrueSolarTime: " 01602 13:12:25 "
boomOne {
  boomAirTemp: 263.26
  boomIntermediateAirTemp: 264.29
  boomAtsAirTemp: 259.0
  internalAirTempUncertainty: 0.14
  intermediateTempUncertainty: 0.32
  tipAirTempUncertainty: 0.32
  atsBoomConfidenceLevel: "    111XX1111 "
}
boomTwo {
  boomAirTemp: 261.97
  boomIntermediateAirTemp: 263.27
  boomAtsAirTemp: 256.59
  internalAirTempUncertainty: 0.16
  intermediateTempUncertainty: 0.12
  tipAirTempUncertainty: 0.35
  atsBoomConfidenceLevel: "    111XX1111 "
}
channelBHumidity {
}
channelCHumidity {
}
hsConfidenceLevel: "      UNK "
pressureSensorConfig: " 2H "
pressureSensorConfidenceLevel: "      100 "
pressureSensor1 {
}
pressureSensor2 {
  thermoCapTemp: 293.69
  baroCapPressure: 817.27
  baroCapAbsoluteUncertainty: 5.7
}
