ephemerisTime: 5.15374268E8
localMeanSolarTime: " 01328M09:33:57.034 "
localTrueSolarTime: " 01328 10:05:17 "
boomOne {
  boomAirTemp: 243.2
  boomIntermediateAirTemp: 234.81
  boomAtsAirTemp: 232.28
  internalAirTempUncertainty: 0.14
  intermediateTempUncertainty: 0.32
  tipAirTempUncertainty: 0.32
  atsBoomConfidenceLevel: "    111XX0001 "
}
boomTwo {
  boomAirTemp: 233.07
  boomIntermediateAirTemp: 232.57
  boomAtsAirTemp: 230.77
  internalAirTempUncertainty: 0.16
  intermediateTempUncertainty: 0.12
  tipAirTempUncertainty: 0.35
  atsBoomConfidenceLevel: "    111XX1111 "
}
channelAHumidity {
  percentage: 2.14
  uncertainty: 10.0
}
channelBHumidity {
  percentage: 2.18
  uncertainty: 10.0
}
channelCHumidity {
  percentage: 2.3
  uncertainty: 10.0
}
humiditySensorTemp: 233.87
hsConfidenceLevel: "     0XXX "
pressureSensorConfig: " 2H "
pressureSensorConfidenceLevel: "      111 "
pressureSensor1 {
}
pressureSensor2 {
  baroCapPressure: 740.5
  baroCapAbsoluteUncertainty: 5.1
}
