ephemerisTime: 5.4343265E8
localMeanSolarTime: " 01644M11:05:55.048 "
localTrueSolarTime: " 01644 10:15:15 "
boomOne {
  boomAirTemp: 243.43
  boomIntermediateAirTemp: 241.94
  boomAtsAirTemp: 237.96
  internalAirTempUncertainty: 0.14
  intermediateTempUncertainty: 0.32
  tipAirTempUncertainty: 0.32
  atsBoomConfidenceLevel: "    111XX1111 "
}
boomTwo {
  boomAirTemp: 244.76
  boomIntermediateAirTemp: 246.28
  boomAtsAirTemp: 244.9
  internalAirTempUncertainty: 0.16
  intermediateTempUncertainty: 0.12
  tipAirTempUncertainty: 0.35
  atsBoomConfidenceLevel: "    111XX0011 "
}
channelAHumidity {
  percentage: 1.4
  uncertainty: 2.0
}
channelBHumidity {
  percentage: 1.43
  uncertainty: 2.0
}
channelCHumidity {
  percentage: 1.51
  uncertainty: 2.0
}
humiditySensorTemp: 245.58
hsConfidenceLevel: "     0XXX "
pressureSensorConfig: " 2H "
pressureSensorConfidenceLevel: "      111 "
pressureSensor1 {
  baroCapPressure: 839.06
  baroCapAbsoluteUncertainty: 4.9
}
pressureSensor2 {
  baroCapPressure: 835.7
  baroCapAbsoluteUncertainty: 5.7
}
