ephemerisTime: 5.05558943E8
localMeanSolarTime: " 01217M20:00:37.789 "
localTrueSolarTime: " 01217 20:16:04 "
boomOne {
  boomAirTemp: 209.07
  boomIntermediateAirTemp: 208.31
  boomAtsAirTemp: 207.07
  internalAirTempUncertainty: 0.14
  intermediateTempUncertainty: 0.32
  tipAirTempUncertainty: 0.32
  atsBoomConfidenceLevel: "    111XX1111 "
}
boomTwo {
  boomAirTemp: 207.5
  boomIntermediateAirTemp: 208.38
  boomAtsAirTemp: 207.85
  internalAirTempUncertainty: 1.13
  intermediateTempUncertainty: 1.06
  tipAirTempUncertainty: 1.58
  atsBoomConfidenceLevel: "    011XX1111 "
}
channelBHumidity {
}
channelCHumidity {
}
hsConfidenceLevel: "      UNK "
pressureSensorConfig: " 2H "
pressureSensorConfidenceLevel: "      101 "
pressureSensor1 {
}
pressureSensor2 {
  thermoCapTemp: 283.35
  baroCapPressure: 837.08
  baroCapAbsoluteUncertainty: 6.0
}
