ephemerisTime: 5.15575663E8
localMeanSolarTime: " 01330M16:00:45.419 "
localTrueSolarTime: " 01330 16:32:27 "
boomOne {
  boomAirTemp: 259.14
  boomIntermediateAirTemp: 260.07
  boomAtsAirTemp: 257.96
  internalAirTempUncertainty: 0.14
  intermediateTempUncertainty: 0.32
  tipAirTempUncertainty: 0.32
  atsBoomConfidenceLevel: "    111XX0001 "
}
boomTwo {
  boomAirTemp: 251.95
  boomIntermediateAirTemp: 250.4
  boomAtsAirTemp: 250.08
  internalAirTempUncertainty: 0.16
  intermediateTempUncertainty: 0.12
  tipAirTempUncertainty: 0.35
  atsBoomConfidenceLevel: "    111XX0011 "
}
channelBHumidity {
}
channelCHumidity {
}
hsConfidenceLevel: "      UNK "
pressureSensorConfig: " 2H "
pressureSensorConfidenceLevel: "      101 "
pressureSensor1 {
}
pressureSensor2 {
  thermoCapTemp: 295.62
  baroCapPressure: 691.3
  baroCapAbsoluteUncertainty: 5.1
}
