ephemerisTime: 5.27342228E8
localMeanSolarTime: " 01463M05:04:55.788 "
localTrueSolarTime: " 01463 05:34:15 "
boomOne {
  boomAirTemp: 207.87
  boomIntermediateAirTemp: 207.7
  boomAtsAirTemp: 207.08
  internalAirTempUncertainty: 0.55
  intermediateTempUncertainty: 0.32
  tipAirTempUncertainty: 1.19
  atsBoomConfidenceLevel: "    011XX0001 "
}
boomTwo {
  boomAirTemp: 205.85
  boomIntermediateAirTemp: 207.24
  boomAtsAirTemp: 206.68
  internalAirTempUncertainty: 1.13
  intermediateTempUncertainty: 1.06
  tipAirTempUncertainty: 1.58
  atsBoomConfidenceLevel: "    011XX1111 "
}
channelAHumidity {
  percentage: 6.16
  uncertainty: 10.0
}
channelBHumidity {
  percentage: 6.32
  uncertainty: 10.0
}
channelCHumidity {
  percentage: 6.62
  uncertainty: 10.0
}
humiditySensorTemp: 208.71
hsConfidenceLevel: "     0XXX "
pressureSensorConfig: " 2H "
pressureSensorConfidenceLevel: "      111 "
pressureSensor1 {
}
pressureSensor2 {
  baroCapPressure: 909.71
  baroCapAbsoluteUncertainty: 5.3
}
