ephemerisTime: 5.42141411E8
localMeanSolarTime: " 01629M22:00:52.194 "
localTrueSolarTime: " 01629 21:09:31 "
boomOne {
  boomAirTemp: 221.0
  boomIntermediateAirTemp: 221.35
  boomAtsAirTemp: 222.65
  internalAirTempUncertainty: 0.14
  intermediateTempUncertainty: 0.32
  tipAirTempUncertainty: 0.32
  atsBoomConfidenceLevel: "    111XX1111 "
}
boomTwo {
  boomAirTemp: 218.32
  boomIntermediateAirTemp: 219.05
  boomAtsAirTemp: 217.74
  internalAirTempUncertainty: 0.16
  intermediateTempUncertainty: 0.12
  tipAirTempUncertainty: 0.35
  atsBoomConfidenceLevel: "    111XX1111 "
}
channelBHumidity {
}
channelCHumidity {
}
hsConfidenceLevel: "      UNK "
pressureSensorConfig: " 2H "
pressureSensorConfidenceLevel: "      101 "
pressureSensor1 {
}
pressureSensor2 {
  thermoCapTemp: 283.91
  baroCapPressure: 833.55
  baroCapAbsoluteUncertainty: 5.7
}
