ephemerisTime: 5.05566661E8
localMeanSolarTime: " 01217M22:05:49.359 "
localTrueSolarTime: " 01217 22:21:17 "
boomOne {
  boomAirTemp: 203.68
  boomIntermediateAirTemp: 202.35
  boomAtsAirTemp: 201.03
  internalAirTempUncertainty: 0.14
  intermediateTempUncertainty: 0.32
  tipAirTempUncertainty: 0.32
  atsBoomConfidenceLevel: "    111XX1111 "
}
boomTwo {
  boomAirTemp: 190.78
  boomIntermediateAirTemp: 192.0
  boomAtsAirTemp: 145.06
  internalAirTempUncertainty: 1.13
  intermediateTempUncertainty: 1.06
  tipAirTempUncertainty: 1.58
  atsBoomConfidenceLevel: "    011XX1110 "
}
channelAHumidity {
  percentage: 10.09
  uncertainty: 10.0
}
channelBHumidity {
  percentage: 9.96
  uncertainty: 10.0
}
channelCHumidity {
  percentage: 10.4
  uncertainty: 10.0
}
humiditySensorTemp: 204.17
hsConfidenceLevel: "     0XXX "
pressureSensorConfig: " 2H "
pressureSensorConfidenceLevel: "      111 "
pressureSensor1 {
  baroCapPressure: 846.02
  baroCapAbsoluteUncertainty: 4.4
}
pressureSensor2 {
  baroCapPressure: 842.66
  baroCapAbsoluteUncertainty: 6.0
}
