ephemerisTime: 5.30467576E8
localMeanSolarTime: " 01498M10:00:51.615 "
localTrueSolarTime: " 01498 10:11:54 "
boomOne {
  boomAirTemp: 249.62
  boomIntermediateAirTemp: 242.57
  boomAtsAirTemp: 239.0
  internalAirTempUncertainty: 0.14
  intermediateTempUncertainty: 0.32
  tipAirTempUncertainty: 0.32
  atsBoomConfidenceLevel: "    111XX0001 "
}
boomTwo {
  boomAirTemp: 241.73
  boomIntermediateAirTemp: 238.36
  boomAtsAirTemp: 235.36
  internalAirTempUncertainty: 0.16
  intermediateTempUncertainty: 0.12
  tipAirTempUncertainty: 0.35
  atsBoomConfidenceLevel: "    111XX0111 "
}
channelBHumidity {
}
channelCHumidity {
}
hsConfidenceLevel: "      UNK "
pressureSensorConfig: " 2H "
pressureSensorConfidenceLevel: "      101 "
pressureSensor1 {
}
pressureSensor2 {
  thermoCapTemp: 285.87
  baroCapPressure: 918.47
  baroCapAbsoluteUncertainty: 5.3
}
