ephemerisTime: 5.39700418E8
localMeanSolarTime: " 01602M10:05:47.254 "
localTrueSolarTime: " 01602 09:17:34 "
boomOne {
  boomAirTemp: 231.06
  boomIntermediateAirTemp: 230.32
  boomAtsAirTemp: 227.29
  internalAirTempUncertainty: 0.14
  intermediateTempUncertainty: 0.32
  tipAirTempUncertainty: 0.32
  atsBoomConfidenceLevel: "    111XX1111 "
}
boomTwo {
  boomAirTemp: 240.26
  boomIntermediateAirTemp: 242.8
  boomAtsAirTemp: 241.47
  internalAirTempUncertainty: 0.16
  intermediateTempUncertainty: 0.12
  tipAirTempUncertainty: 0.35
  atsBoomConfidenceLevel: "    111XX0001 "
}
channelAHumidity {
  percentage: 1.65
  uncertainty: 10.0
}
channelBHumidity {
  percentage: 1.67
  uncertainty: 10.0
}
channelCHumidity {
  percentage: 1.79
  uncertainty: 10.0
}
humiditySensorTemp: 241.03
hsConfidenceLevel: "     0XXX "
pressureSensorConfig: " 2H "
pressureSensorConfidenceLevel: "      111 "
pressureSensor1 {
  baroCapPressure: 873.39
  baroCapAbsoluteUncertainty: 4.9
}
pressureSensor2 {
  baroCapPressure: 870.0
  baroCapAbsoluteUncertainty: 5.7
}
