ephemerisTime: 5.39532429E8
localMeanSolarTime: " 01600M12:40:51.374 "
localTrueSolarTime: " 01600 11:53:05 "
boomOne {
  boomAirTemp: 250.57
  boomIntermediateAirTemp: 246.79
  boomAtsAirTemp: 243.62
  internalAirTempUncertainty: 0.14
  intermediateTempUncertainty: 0.32
  tipAirTempUncertainty: 0.32
  atsBoomConfidenceLevel: "    111XX1111 "
}
boomTwo {
  boomAirTemp: 252.3
  boomIntermediateAirTemp: 247.53
  boomAtsAirTemp: 242.78
  internalAirTempUncertainty: 0.16
  intermediateTempUncertainty: 0.12
  tipAirTempUncertainty: 0.35
  atsBoomConfidenceLevel: "    111XX1111 "
}
channelAHumidity {
  percentage: 1.29
  uncertainty: 2.0
}
channelBHumidity {
  percentage: 1.27
  uncertainty: 2.0
}
channelCHumidity {
  percentage: 1.36
  uncertainty: 2.0
}
humiditySensorTemp: 252.61
hsConfidenceLevel: "     0XXX "
pressureSensorConfig: " 2H "
pressureSensorConfidenceLevel: "      111 "
pressureSensor1 {
}
pressureSensor2 {
  baroCapPressure: 833.73
  baroCapAbsoluteUncertainty: 5.7
}
