ephemerisTime: 5.05699811E8
localMeanSolarTime: " 01219M10:05:38.061 "
localTrueSolarTime: " 01219 10:21:18 "
boomOne {
  boomAirTemp: 237.67
  boomIntermediateAirTemp: 236.24
  boomAtsAirTemp: 232.99
  internalAirTempUncertainty: 0.14
  intermediateTempUncertainty: 0.32
  tipAirTempUncertainty: 0.32
  atsBoomConfidenceLevel: "    111XX0001 "
}
boomTwo {
  boomAirTemp: 234.66
  boomIntermediateAirTemp: 238.01
  boomAtsAirTemp: 232.75
  internalAirTempUncertainty: 0.16
  intermediateTempUncertainty: 0.12
  tipAirTempUncertainty: 0.35
  atsBoomConfidenceLevel: "    111XX0001 "
}
channelAHumidity {
  percentage: 1.99
  uncertainty: 10.0
}
channelBHumidity {
  percentage: 2.04
  uncertainty: 10.0
}
channelCHumidity {
  percentage: 2.16
  uncertainty: 10.0
}
humiditySensorTemp: 235.25
hsConfidenceLevel: "     0XXX "
pressureSensorConfig: " 2H "
pressureSensorConfidenceLevel: "      111 "
pressureSensor1 {
  baroCapPressure: 847.96
  baroCapAbsoluteUncertainty: 4.4
}
pressureSensor2 {
  baroCapPressure: 844.23
  baroCapAbsoluteUncertainty: 6.0
}
