ephemerisTime: 5.30808174E8
localMeanSolarTime: " 01502M06:05:39.805 "
localTrueSolarTime: " 01502 06:14:13 "
boomOne {
  boomAirTemp: 206.58
  boomIntermediateAirTemp: 207.63
  boomAtsAirTemp: 208.03
  internalAirTempUncertainty: 0.55
  intermediateTempUncertainty: 0.32
  tipAirTempUncertainty: 1.19
  atsBoomConfidenceLevel: "    011XX1111 "
}
boomTwo {
  boomAirTemp: 189.11
  boomIntermediateAirTemp: 188.03
  boomAtsAirTemp: 148.97
  internalAirTempUncertainty: 1.13
  intermediateTempUncertainty: 1.06
  tipAirTempUncertainty: 1.58
  atsBoomConfidenceLevel: "    011XX1110 "
}
channelAHumidity {
  percentage: 5.87
  uncertainty: 10.0
}
channelBHumidity {
  percentage: 5.94
  uncertainty: 10.0
}
channelCHumidity {
  percentage: 6.25
  uncertainty: 10.0
}
humiditySensorTemp: 206.47
hsConfidenceLevel: "     0XXX "
pressureSensorConfig: " 2H "
pressureSensorConfidenceLevel: "      111 "
pressureSensor1 {
  baroCapPressure: 948.47
  baroCapAbsoluteUncertainty: 4.7
}
pressureSensor2 {
  baroCapPressure: 945.72
  baroCapAbsoluteUncertainty: 5.3
}
