ephemerisTime: 5.07835028E8
localMeanSolarTime: " 01243M11:20:45.444 "
localTrueSolarTime: " 01243 11:39:42 "
boomOne {
  boomAirTemp: 241.93
  boomIntermediateAirTemp: 238.55
  boomAtsAirTemp: 232.57
  internalAirTempUncertainty: 0.14
  intermediateTempUncertainty: 0.32
  tipAirTempUncertainty: 0.32
  atsBoomConfidenceLevel: "    111XX1111 "
}
boomTwo {
  boomAirTemp: 244.58
  boomIntermediateAirTemp: 237.77
  boomAtsAirTemp: 235.49
  internalAirTempUncertainty: 0.16
  intermediateTempUncertainty: 0.12
  tipAirTempUncertainty: 0.35
  atsBoomConfidenceLevel: "    111XX0011 "
}
channelAHumidity {
  percentage: 1.7
  uncertainty: 2.0
}
channelBHumidity {
  percentage: 1.72
  uncertainty: 2.0
}
channelCHumidity {
  percentage: 1.85
  uncertainty: 2.0
}
humiditySensorTemp: 244.21
hsConfidenceLevel: "     0XXX "
pressureSensorConfig: " 2H "
pressureSensorConfidenceLevel: "      111 "
pressureSensor1 {
}
pressureSensor2 {
  baroCapPressure: 801.45
  baroCapAbsoluteUncertainty: 6.0
}
