ephemerisTime: 5.44176164E8
localMeanSolarTime: " 01652M20:06:22.639 "
localTrueSolarTime: " 01652 19:16:44 "
boomOne {
  boomAirTemp: 229.1
  boomIntermediateAirTemp: 228.25
  boomAtsAirTemp: 228.29
  internalAirTempUncertainty: 0.14
  intermediateTempUncertainty: 0.32
  tipAirTempUncertainty: 0.32
  atsBoomConfidenceLevel: "    111XX1111 "
}
boomTwo {
  boomAirTemp: 226.39
  boomIntermediateAirTemp: 225.57
  boomAtsAirTemp: 225.37
  internalAirTempUncertainty: 0.16
  intermediateTempUncertainty: 0.12
  tipAirTempUncertainty: 0.35
  atsBoomConfidenceLevel: "    111XX1111 "
}
channelAHumidity {
  percentage: 2.73
  uncertainty: 10.0
}
channelBHumidity {
  percentage: 2.8
  uncertainty: 10.0
}
channelCHumidity {
  percentage: 2.93
  uncertainty: 10.0
}
humiditySensorTemp: 228.62
hsConfidenceLevel: "     0XXX "
pressureSensorConfig: " 2H "
pressureSensorConfidenceLevel: "      111 "
pressureSensor1 {
}
pressureSensor2 {
  thermoCapTemp: 290.41
  baroCapPressure: 813.29
  baroCapAbsoluteUncertainty: 6.4
}
