ephemerisTime: 5.33408524E8
localMeanSolarTime: " 01531M13:05:39.500 "
localTrueSolarTime: " 01531 12:53:51 "
boomOne {
  boomAirTemp: 268.38
  boomIntermediateAirTemp: 270.75
  boomAtsAirTemp: 271.42
  internalAirTempUncertainty: 0.14
  intermediateTempUncertainty: 0.32
  tipAirTempUncertainty: 0.32
  atsBoomConfidenceLevel: "    111XX0101 "
}
boomTwo {
  boomAirTemp: 260.96
  boomIntermediateAirTemp: 254.52
  boomAtsAirTemp: 251.6
  internalAirTempUncertainty: 0.16
  intermediateTempUncertainty: 0.12
  tipAirTempUncertainty: 0.35
  atsBoomConfidenceLevel: "    111XX1111 "
}
channelAHumidity {
  percentage: 0.99
  uncertainty: 2.0
}
channelBHumidity {
  percentage: 0.98
  uncertainty: 2.0
}
channelCHumidity {
  percentage: 1.04
  uncertainty: 2.0
}
humiditySensorTemp: 260.95
hsConfidenceLevel: "     0XXX "
pressureSensorConfig: " 2H "
pressureSensorConfidenceLevel: "      111 "
pressureSensor1 {
  baroCapPressure: 875.73
  baroCapAbsoluteUncertainty: 4.9
}
pressureSensor2 {
  baroCapPressure: 872.28
  baroCapAbsoluteUncertainty: 5.7
}
