ephemerisTime: 5.15395388E8
localMeanSolarTime: " 01328M15:16:32.148 "
localTrueSolarTime: " 01328 15:47:54 "
boomOne {
  boomAirTemp: 264.54
  boomIntermediateAirTemp: 259.97
  boomAtsAirTemp: 256.96
  internalAirTempUncertainty: 0.14
  intermediateTempUncertainty: 0.32
  tipAirTempUncertainty: 0.32
  atsBoomConfidenceLevel: "    111XX0001 "
}
boomTwo {
  boomAirTemp: 268.24
  boomIntermediateAirTemp: 270.02
  boomAtsAirTemp: 268.18
  internalAirTempUncertainty: 0.16
  intermediateTempUncertainty: 0.12
  tipAirTempUncertainty: 0.35
  atsBoomConfidenceLevel: "    111XX0001 "
}
channelAHumidity {
  percentage: 0.75
  uncertainty: 2.0
}
channelBHumidity {
  percentage: 0.71
  uncertainty: 2.0
}
channelCHumidity {
  percentage: 0.75
  uncertainty: 2.0
}
humiditySensorTemp: 268.42
hsConfidenceLevel: "     0XXX "
pressureSensorConfig: " 2H "
pressureSensorConfidenceLevel: "      111 "
pressureSensor1 {
}
pressureSensor2 {
  baroCapPressure: 693.83
  baroCapAbsoluteUncertainty: 5.1
}
