ephemerisTime: 5.34832508E8
localMeanSolarTime: " 01547M14:03:56.889 "
localTrueSolarTime: " 01547 13:41:08 "
boomOne {
  boomAirTemp: 273.09
  boomIntermediateAirTemp: 273.31
  boomAtsAirTemp: 271.0
  internalAirTempUncertainty: 0.14
  intermediateTempUncertainty: 0.32
  tipAirTempUncertainty: 0.32
  atsBoomConfidenceLevel: "    111XX1101 "
}
boomTwo {
  boomAirTemp: 261.67
  boomIntermediateAirTemp: 257.0
  boomAtsAirTemp: 254.64
  internalAirTempUncertainty: 0.16
  intermediateTempUncertainty: 0.12
  tipAirTempUncertainty: 0.35
  atsBoomConfidenceLevel: "    111XX0001 "
}
channelAHumidity {
  percentage: 0.83
  uncertainty: 2.0
}
channelBHumidity {
  percentage: 0.81
  uncertainty: 2.0
}
channelCHumidity {
  percentage: 0.85
  uncertainty: 2.0
}
humiditySensorTemp: 261.77
hsConfidenceLevel: "     0XXX "
pressureSensorConfig: " 2H "
pressureSensorConfidenceLevel: "      111 "
pressureSensor1 {
}
pressureSensor2 {
  thermoCapTemp: 296.04
  baroCapPressure: 851.76
  baroCapAbsoluteUncertainty: 5.7
}
