ephemerisTime: 5.16460868E8
localMeanSolarTime: " 01340M15:19:34.269 "
localTrueSolarTime: " 01340 15:52:51 "
boomOne {
  boomAirTemp: 264.76
  boomIntermediateAirTemp: 265.12
  boomAtsAirTemp: 262.7
  internalAirTempUncertainty: 0.14
  intermediateTempUncertainty: 0.32
  tipAirTempUncertainty: 0.32
  atsBoomConfidenceLevel: "    111XX0001 "
}
boomTwo {
  boomAirTemp: 257.23
  boomIntermediateAirTemp: 254.12
  boomAtsAirTemp: 252.96
  internalAirTempUncertainty: 0.16
  intermediateTempUncertainty: 0.12
  tipAirTempUncertainty: 0.35
  atsBoomConfidenceLevel: "    111XX0011 "
}
channelAHumidity {
  percentage: 0.94
  uncertainty: 2.0
}
channelBHumidity {
  percentage: 0.94
  uncertainty: 2.0
}
channelCHumidity {
  percentage: 0.99
  uncertainty: 2.0
}
humiditySensorTemp: 257.59
hsConfidenceLevel: "     0XXX "
pressureSensorConfig: " 2H "
pressureSensorConfidenceLevel: "      111 "
pressureSensor1 {
}
pressureSensor2 {
  baroCapPressure: 689.65
  baroCapAbsoluteUncertainty: 5.1
}
