ephemerisTime: 5.33789518E8
localMeanSolarTime: " 01535M20:05:43.238 "
localTrueSolarTime: " 01535 19:50:54 "
boomOne {
  boomAirTemp: 228.45
  boomIntermediateAirTemp: 227.53
  boomAtsAirTemp: 227.28
  internalAirTempUncertainty: 0.14
  intermediateTempUncertainty: 0.32
  tipAirTempUncertainty: 0.32
  atsBoomConfidenceLevel: "    111XX1111 "
}
boomTwo {
  boomAirTemp: 226.99
  boomIntermediateAirTemp: 226.63
  boomAtsAirTemp: 226.38
  internalAirTempUncertainty: 0.16
  intermediateTempUncertainty: 0.12
  tipAirTempUncertainty: 0.35
  atsBoomConfidenceLevel: "    111XX1111 "
}
channelAHumidity {
  percentage: 2.67
  uncertainty: 10.0
}
channelBHumidity {
  percentage: 2.71
  uncertainty: 10.0
}
channelCHumidity {
  percentage: 2.86
  uncertainty: 10.0
}
humiditySensorTemp: 228.39
hsConfidenceLevel: "     0XXX "
pressureSensorConfig: " 2H "
pressureSensorConfidenceLevel: "      111 "
pressureSensor1 {
  baroCapPressure: 884.01
  baroCapAbsoluteUncertainty: 4.9
}
pressureSensor2 {
  baroCapPressure: 881.75
  baroCapAbsoluteUncertainty: 5.7
}
