ephemerisTime: 5.15417348E8
localMeanSolarTime: " 01328M21:12:44.794 "
localTrueSolarTime: " 01328 21:44:09 "
boomOne {
  boomAirTemp: 215.63
  boomIntermediateAirTemp: 214.01
  boomAtsAirTemp: 213.0
  internalAirTempUncertainty: 0.14
  intermediateTempUncertainty: 0.32
  tipAirTempUncertainty: 0.32
  atsBoomConfidenceLevel: "    111XX1111 "
}
boomTwo {
  boomAirTemp: 214.06
  boomIntermediateAirTemp: 212.87
  boomAtsAirTemp: 211.46
  internalAirTempUncertainty: 0.16
  intermediateTempUncertainty: 0.12
  tipAirTempUncertainty: 0.35
  atsBoomConfidenceLevel: "    111XX1111 "
}
channelAHumidity {
  percentage: 5.11
  uncertainty: 10.0
}
channelBHumidity {
  percentage: 5.14
  uncertainty: 10.0
}
channelCHumidity {
  percentage: 5.4
  uncertainty: 10.0
}
humiditySensorTemp: 215.71
hsConfidenceLevel: "     0XXX "
pressureSensorConfig: " 2H "
pressureSensorConfidenceLevel: "      111 "
pressureSensor1 {
}
pressureSensor2 {
  baroCapPressure: 731.1
  baroCapAbsoluteUncertainty: 5.1
}
