ephemerisTime: 5.33068227E8
localMeanSolarTime: " 01527M17:05:44.260 "
localTrueSolarTime: " 01527 16:56:39 "
boomOne {
  boomAirTemp: 263.98
  boomIntermediateAirTemp: 264.11
  boomAtsAirTemp: 261.62
  internalAirTempUncertainty: 0.14
  intermediateTempUncertainty: 0.32
  tipAirTempUncertainty: 0.32
  atsBoomConfidenceLevel: "    111XX0001 "
}
boomTwo {
  boomAirTemp: 255.34
  boomIntermediateAirTemp: 253.93
  boomAtsAirTemp: 252.8
  internalAirTempUncertainty: 0.16
  intermediateTempUncertainty: 0.12
  tipAirTempUncertainty: 0.35
  atsBoomConfidenceLevel: "    111XX0011 "
}
channelAHumidity {
  percentage: 1.04
  uncertainty: 2.0
}
channelBHumidity {
  percentage: 1.04
  uncertainty: 2.0
}
channelCHumidity {
  percentage: 1.09
  uncertainty: 2.0
}
humiditySensorTemp: 255.75
hsConfidenceLevel: "     0XXX "
pressureSensorConfig: " 2H "
pressureSensorConfidenceLevel: "      111 "
pressureSensor1 {
  baroCapPressure: 847.27
  baroCapAbsoluteUncertainty: 4.9
}
pressureSensor2 {
  baroCapPressure: 844.72
  baroCapAbsoluteUncertainty: 5.7
}
