ephemerisTime: 5.15102196E8
localMeanSolarTime: " 01325M08:00:42.012 "
localTrueSolarTime: " 01325 08:31:32 "
boomOne {
  boomAirTemp: 229.92
  boomIntermediateAirTemp: 225.03
  boomAtsAirTemp: 221.11
  internalAirTempUncertainty: 0.14
  intermediateTempUncertainty: 0.32
  tipAirTempUncertainty: 0.32
  atsBoomConfidenceLevel: "    111XX0001 "
}
boomTwo {
  boomAirTemp: 214.89
  boomIntermediateAirTemp: 213.75
  boomAtsAirTemp: 211.95
  internalAirTempUncertainty: 0.16
  intermediateTempUncertainty: 0.12
  tipAirTempUncertainty: 0.35
  atsBoomConfidenceLevel: "    111XX1111 "
}
channelBHumidity {
}
channelCHumidity {
}
hsConfidenceLevel: "      UNK "
pressureSensorConfig: " 2H "
pressureSensorConfidenceLevel: "      101 "
pressureSensor1 {
}
pressureSensor2 {
  thermoCapTemp: 280.84
  baroCapPressure: 768.66
  baroCapAbsoluteUncertainty: 5.1
}
