ephemerisTime: 5.07012641E8
localMeanSolarTime: " 01234M05:00:54.432 "
localTrueSolarTime: " 01234 05:18:37 "
boomOne {
  boomAirTemp: 187.39
  boomIntermediateAirTemp: 187.13
  boomAtsAirTemp: 185.02
  internalAirTempUncertainty: 0.55
  intermediateTempUncertainty: 0.32
  tipAirTempUncertainty: 1.19
  atsBoomConfidenceLevel: "    011XX1111 "
}
boomTwo {
  boomAirTemp: 178.4
  boomIntermediateAirTemp: 178.73
  boomAtsAirTemp: 131.57
  internalAirTempUncertainty: 1.13
  intermediateTempUncertainty: 1.06
  tipAirTempUncertainty: 1.58
  atsBoomConfidenceLevel: "    011XX1110 "
}
channelBHumidity {
}
channelCHumidity {
}
hsConfidenceLevel: "      UNK "
pressureSensorConfig: " 2H "
pressureSensorConfidenceLevel: "      101 "
pressureSensor1 {
}
pressureSensor2 {
  thermoCapTemp: 279.66
  baroCapPressure: 839.04
  baroCapAbsoluteUncertainty: 6.0
}
