ephemerisTime: 5.15472405E8
localMeanSolarTime: " 01329M12:05:49.211 "
localTrueSolarTime: " 01329 12:37:20 "
boomOne {
  boomAirTemp: 252.19
  boomIntermediateAirTemp: 248.69
  boomAtsAirTemp: 245.18
  internalAirTempUncertainty: 0.14
  intermediateTempUncertainty: 0.32
  tipAirTempUncertainty: 0.32
  atsBoomConfidenceLevel: "    111XX1111 "
}
boomTwo {
  boomAirTemp: 249.61
  boomIntermediateAirTemp: 250.45
  boomAtsAirTemp: 249.62
  internalAirTempUncertainty: 0.16
  intermediateTempUncertainty: 0.12
  tipAirTempUncertainty: 0.35
  atsBoomConfidenceLevel: "    111XX1111 "
}
channelAHumidity {
  percentage: 1.31
  uncertainty: 2.0
}
channelBHumidity {
  percentage: 1.3
  uncertainty: 2.0
}
channelCHumidity {
  percentage: 1.37
  uncertainty: 2.0
}
humiditySensorTemp: 250.59
hsConfidenceLevel: "     0XXX "
pressureSensorConfig: " 2H "
pressureSensorConfidenceLevel: "      111 "
pressureSensor1 {
}
pressureSensor2 {
  baroCapPressure: 716.65
  baroCapAbsoluteUncertainty: 5.1
}
