ephemerisTime: 5.15942159E8
localMeanSolarTime: " 01334M19:05:38.928 "
localTrueSolarTime: " 01334 19:38:00 "
boomOne {
  boomAirTemp: 224.41
  boomIntermediateAirTemp: 223.94
  boomAtsAirTemp: 223.38
  internalAirTempUncertainty: 0.14
  intermediateTempUncertainty: 0.32
  tipAirTempUncertainty: 0.32
  atsBoomConfidenceLevel: "    111XX1111 "
}
boomTwo {
  boomAirTemp: 222.59
  boomIntermediateAirTemp: 221.96
  boomAtsAirTemp: 221.75
  internalAirTempUncertainty: 0.16
  intermediateTempUncertainty: 0.12
  tipAirTempUncertainty: 0.35
  atsBoomConfidenceLevel: "    111XX1111 "
}
channelAHumidity {
  percentage: 3.27
  uncertainty: 10.0
}
channelBHumidity {
  percentage: 3.29
  uncertainty: 10.0
}
channelCHumidity {
  percentage: 3.5
  uncertainty: 10.0
}
humiditySensorTemp: 224.61
hsConfidenceLevel: "     0XXX "
pressureSensorConfig: " 2H "
pressureSensorConfidenceLevel: "      111 "
pressureSensor1 {
  baroCapPressure: 726.87
  baroCapAbsoluteUncertainty: 4.6
}
pressureSensor2 {
  baroCapPressure: 724.05
  baroCapAbsoluteUncertainty: 5.1
}
