ephemerisTime: 5.10764888E8
localMeanSolarTime: " 01276M11:25:41.895 "
localTrueSolarTime: " 01276 11:49:03 "
boomOne {
  boomAirTemp: 244.71
  boomIntermediateAirTemp: 238.49
  boomAtsAirTemp: 233.36
  internalAirTempUncertainty: 0.14
  intermediateTempUncertainty: 0.32
  tipAirTempUncertainty: 0.32
  atsBoomConfidenceLevel: "    111XX1111 "
}
boomTwo {
  boomAirTemp: 240.14
  boomIntermediateAirTemp: 240.78
  boomAtsAirTemp: 239.83
  internalAirTempUncertainty: 0.16
  intermediateTempUncertainty: 0.12
  tipAirTempUncertainty: 0.35
  atsBoomConfidenceLevel: "    111XX1111 "
}
channelAHumidity {
  percentage: 1.84
  uncertainty: 10.0
}
channelBHumidity {
  percentage: 1.85
  uncertainty: 10.0
}
channelCHumidity {
  percentage: 1.94
  uncertainty: 10.0
}
humiditySensorTemp: 241.17
hsConfidenceLevel: "     0XXX "
pressureSensorConfig: " 2H "
pressureSensorConfidenceLevel: "      111 "
pressureSensor1 {
}
pressureSensor2 {
  baroCapPressure: 762.9
  baroCapAbsoluteUncertainty: 6.0
}
