ephemerisTime: 5.17057688E8
localMeanSolarTime: " 01347M08:40:31.412 "
localTrueSolarTime: " 01347 09:14:51 "
boomOne {
  boomAirTemp: 242.94
  boomIntermediateAirTemp: 235.97
  boomAtsAirTemp: 226.66
  internalAirTempUncertainty: 0.14
  intermediateTempUncertainty: 0.32
  tipAirTempUncertainty: 0.32
  atsBoomConfidenceLevel: "    111XX1101 "
}
boomTwo {
  boomAirTemp: 234.09
  boomIntermediateAirTemp: 227.72
  boomAtsAirTemp: 224.75
  internalAirTempUncertainty: 0.16
  intermediateTempUncertainty: 0.12
  tipAirTempUncertainty: 0.35
  atsBoomConfidenceLevel: "    111XX0001 "
}
channelAHumidity {
  percentage: 2.09
  uncertainty: 10.0
}
channelBHumidity {
  percentage: 2.12
  uncertainty: 10.0
}
channelCHumidity {
  percentage: 2.24
  uncertainty: 10.0
}
humiditySensorTemp: 234.03
hsConfidenceLevel: "     0XXX "
pressureSensorConfig: " 2H "
pressureSensorConfidenceLevel: "      111 "
pressureSensor1 {
}
pressureSensor2 {
  thermoCapTemp: 285.37
  baroCapPressure: 761.1
  baroCapAbsoluteUncertainty: 5.1
}
