ephemerisTime: 5.06705768E8
localMeanSolarTime: " 01230M18:03:09.215 "
localTrueSolarTime: " 01230 18:20:24 "
boomOne {
  boomAirTemp: 226.07
  boomIntermediateAirTemp: 221.51
  boomAtsAirTemp: 218.06
  internalAirTempUncertainty: 0.14
  intermediateTempUncertainty: 0.32
  tipAirTempUncertainty: 0.32
  atsBoomConfidenceLevel: "    111XX1111 "
}
boomTwo {
  boomAirTemp: 226.27
  boomIntermediateAirTemp: 223.17
  boomAtsAirTemp: 221.37
  internalAirTempUncertainty: 0.16
  intermediateTempUncertainty: 0.12
  tipAirTempUncertainty: 0.35
  atsBoomConfidenceLevel: "    111XX1111 "
}
channelAHumidity {
  percentage: 2.67
  uncertainty: 10.0
}
channelBHumidity {
  percentage: 2.71
  uncertainty: 10.0
}
channelCHumidity {
  percentage: 2.86
  uncertainty: 10.0
}
humiditySensorTemp: 227.49
hsConfidenceLevel: "     0XXX "
pressureSensorConfig: " 2H "
pressureSensorConfidenceLevel: "      111 "
pressureSensor1 {
  baroCapPressure: 805.09
  baroCapAbsoluteUncertainty: 4.4
}
pressureSensor2 {
  baroCapPressure: 801.65
  baroCapAbsoluteUncertainty: 6.0
}
