ephemerisTime: 5.44142534E8
localMeanSolarTime: " 01652M11:00:52.124 "
localTrueSolarTime: " 01652 10:11:11 "
boomOne {
  boomAirTemp: 241.05
  boomIntermediateAirTemp: 240.65
  boomAtsAirTemp: 239.16
  internalAirTempUncertainty: 0.14
  intermediateTempUncertainty: 0.32
  tipAirTempUncertainty: 0.32
  atsBoomConfidenceLevel: "    111XX1111 "
}
boomTwo {
  boomAirTemp: 240.63
  boomIntermediateAirTemp: 234.86
  boomAtsAirTemp: 231.84
  internalAirTempUncertainty: 0.16
  intermediateTempUncertainty: 0.12
  tipAirTempUncertainty: 0.35
  atsBoomConfidenceLevel: "    111XX0111 "
}
channelBHumidity {
}
channelCHumidity {
}
hsConfidenceLevel: "      UNK "
pressureSensorConfig: " 2H "
pressureSensorConfidenceLevel: "      100 "
pressureSensor1 {
}
pressureSensor2 {
  thermoCapTemp: 283.59
  baroCapPressure: 839.78
  baroCapAbsoluteUncertainty: 6.4
}
