ephemerisTime: 5.08629365E8
localMeanSolarTime: " 01252M10:05:36.696 "
localTrueSolarTime: " 01252 10:25:43 "
boomOne {
  boomAirTemp: 241.01
  boomIntermediateAirTemp: 239.53
  boomAtsAirTemp: 240.63
  internalAirTempUncertainty: 0.14
  intermediateTempUncertainty: 0.32
  tipAirTempUncertainty: 0.32
  atsBoomConfidenceLevel: "    111XX0001 "
}
boomTwo {
  boomAirTemp: 235.75
  boomIntermediateAirTemp: 229.12
  boomAtsAirTemp: 226.37
  internalAirTempUncertainty: 0.16
  intermediateTempUncertainty: 0.12
  tipAirTempUncertainty: 0.35
  atsBoomConfidenceLevel: "    111XX0001 "
}
channelAHumidity {
  percentage: 1.83
  uncertainty: 10.0
}
channelBHumidity {
  percentage: 1.88
  uncertainty: 10.0
}
channelCHumidity {
  percentage: 1.99
  uncertainty: 10.0
}
humiditySensorTemp: 235.7
hsConfidenceLevel: "     0XXX "
pressureSensorConfig: " 2H "
pressureSensorConfidenceLevel: "      111 "
pressureSensor1 {
  baroCapPressure: 802.32
  baroCapAbsoluteUncertainty: 4.4
}
pressureSensor2 {
  baroCapPressure: 798.65
  baroCapAbsoluteUncertainty: 6.0
}
