ephemerisTime: 5.247897E8
localMeanSolarTime: " 01434M11:00:39.021 "
localTrueSolarTime: " 01434 11:37:59 "
boomOne {
  boomAirTemp: 256.33
  boomIntermediateAirTemp: 258.32
  boomAtsAirTemp: 255.66
  internalAirTempUncertainty: 0.14
  intermediateTempUncertainty: 0.32
  tipAirTempUncertainty: 0.32
  atsBoomConfidenceLevel: "    111XX1111 "
}
boomTwo {
  boomAirTemp: 257.52
  boomIntermediateAirTemp: 259.96
  boomAtsAirTemp: 259.48
  internalAirTempUncertainty: 0.16
  intermediateTempUncertainty: 0.12
  tipAirTempUncertainty: 0.35
  atsBoomConfidenceLevel: "    111XX1111 "
}
channelBHumidity {
}
channelCHumidity {
}
hsConfidenceLevel: "      UNK "
pressureSensorConfig: " 2H "
pressureSensorConfidenceLevel: "      101 "
pressureSensor1 {
}
pressureSensor2 {
  thermoCapTemp: 291.45
  baroCapPressure: 802.83
  baroCapAbsoluteUncertainty: 5.3
}
