ephemerisTime: 5.39110629E8
localMeanSolarTime: " 01595M18:38:53.055 "
localTrueSolarTime: " 01595 17:52:24 "
boomOne {
  boomAirTemp: 246.16
  boomIntermediateAirTemp: 244.68
  boomAtsAirTemp: 242.02
  internalAirTempUncertainty: 0.14
  intermediateTempUncertainty: 0.32
  tipAirTempUncertainty: 0.32
  atsBoomConfidenceLevel: "    111XX1111 "
}
boomTwo {
  boomAirTemp: 246.53
  boomIntermediateAirTemp: 244.93
  boomAtsAirTemp: 242.68
  internalAirTempUncertainty: 0.16
  intermediateTempUncertainty: 0.12
  tipAirTempUncertainty: 0.35
  atsBoomConfidenceLevel: "    111XX1111 "
}
channelAHumidity {
  percentage: 1.42
  uncertainty: 2.0
}
channelBHumidity {
  percentage: 1.44
  uncertainty: 2.0
}
channelCHumidity {
  percentage: 1.52
  uncertainty: 2.0
}
humiditySensorTemp: 247.39
hsConfidenceLevel: "     0XXX "
pressureSensorConfig: " 2H "
pressureSensorConfidenceLevel: "      111 "
pressureSensor1 {
}
pressureSensor2 {
  baroCapPressure: 799.71
  baroCapAbsoluteUncertainty: 5.7
}
