ephemerisTime: 5.22475748E8
localMeanSolarTime: " 01408M09:26:17.178 "
localTrueSolarTime: " 01408 10:06:00 "
boomOne {
  boomAirTemp: 254.21
  boomIntermediateAirTemp: 246.58
  boomAtsAirTemp: 239.86
  internalAirTempUncertainty: 0.14
  intermediateTempUncertainty: 0.32
  tipAirTempUncertainty: 0.32
  atsBoomConfidenceLevel: "    111XX1101 "
}
boomTwo {
  boomAirTemp: 243.97
  boomIntermediateAirTemp: 239.58
  boomAtsAirTemp: 235.97
  internalAirTempUncertainty: 0.16
  intermediateTempUncertainty: 0.12
  tipAirTempUncertainty: 0.35
  atsBoomConfidenceLevel: "    111XX1111 "
}
channelAHumidity {
  percentage: 1.56
  uncertainty: 2.0
}
channelBHumidity {
  percentage: 1.58
  uncertainty: 2.0
}
channelCHumidity {
  percentage: 1.69
  uncertainty: 2.0
}
humiditySensorTemp: 244.45
hsConfidenceLevel: "     0XXX "
pressureSensorConfig: " 2H "
pressureSensorConfidenceLevel: "      111 "
pressureSensor1 {
}
pressureSensor2 {
  baroCapPressure: 783.6
  baroCapAbsoluteUncertainty: 5.1
}
