ephemerisTime: 5.15381588E8
localMeanSolarTime: " 01328M11:32:41.249 "
localTrueSolarTime: " 01328 12:04:02 "
boomOne {
  boomAirTemp: 249.76
  boomIntermediateAirTemp: 248.16
  boomAtsAirTemp: 246.17
  internalAirTempUncertainty: 0.14
  intermediateTempUncertainty: 0.32
  tipAirTempUncertainty: 0.32
  atsBoomConfidenceLevel: "    111XX1111 "
}
boomTwo {
  boomAirTemp: 247.51
  boomIntermediateAirTemp: 248.97
  boomAtsAirTemp: 248.98
  internalAirTempUncertainty: 0.16
  intermediateTempUncertainty: 0.12
  tipAirTempUncertainty: 0.35
  atsBoomConfidenceLevel: "    111XX1111 "
}
channelAHumidity {
  percentage: 1.4
  uncertainty: 2.0
}
channelBHumidity {
  percentage: 1.4
  uncertainty: 2.0
}
channelCHumidity {
  percentage: 1.48
  uncertainty: 2.0
}
humiditySensorTemp: 248.6
hsConfidenceLevel: "     0XXX "
pressureSensorConfig: " 2H "
pressureSensorConfidenceLevel: "      110 "
pressureSensor1 {
  thermoCapTemp: 291.1
}
pressureSensor2 {
  baroCapPressure: 721.33
  baroCapAbsoluteUncertainty: 5.1
}
