ephemerisTime: 5.40982929E8
localMeanSolarTime: " 01616M20:49:15.552 "
localTrueSolarTime: " 01616 19:58:37 "
boomOne {
  boomAirTemp: 227.93
  boomIntermediateAirTemp: 227.17
  boomAtsAirTemp: 226.43
  internalAirTempUncertainty: 0.14
  intermediateTempUncertainty: 0.32
  tipAirTempUncertainty: 0.32
  atsBoomConfidenceLevel: "    111XX1111 "
}
boomTwo {
  boomAirTemp: 225.51
  boomIntermediateAirTemp: 225.15
  boomAtsAirTemp: 223.71
  internalAirTempUncertainty: 0.16
  intermediateTempUncertainty: 0.12
  tipAirTempUncertainty: 0.35
  atsBoomConfidenceLevel: "    111XX1111 "
}
channelAHumidity {
  percentage: 2.85
  uncertainty: 10.0
}
channelBHumidity {
  percentage: 2.92
  uncertainty: 10.0
}
channelCHumidity {
  percentage: 3.09
  uncertainty: 10.0
}
humiditySensorTemp: 227.24
hsConfidenceLevel: "     0XXX "
pressureSensorConfig: " 2H "
pressureSensorConfidenceLevel: "      111 "
pressureSensor1 {
}
pressureSensor2 {
  thermoCapTemp: 288.98
  baroCapPressure: 824.87
  baroCapAbsoluteUncertainty: 5.7
}
