ephemerisTime: 5.15372828E8
localMeanSolarTime: " 01328M09:10:35.549 "
localTrueSolarTime: " 01328 09:41:55 "
boomOne {
  boomAirTemp: 240.04
  boomIntermediateAirTemp: 232.07
  boomAtsAirTemp: 229.8
  internalAirTempUncertainty: 0.14
  intermediateTempUncertainty: 0.32
  tipAirTempUncertainty: 0.32
  atsBoomConfidenceLevel: "    111XX0001 "
}
boomTwo {
  boomAirTemp: 227.69
  boomIntermediateAirTemp: 227.36
  boomAtsAirTemp: 225.93
  internalAirTempUncertainty: 0.16
  intermediateTempUncertainty: 0.12
  tipAirTempUncertainty: 0.35
  atsBoomConfidenceLevel: "    111XX1111 "
}
channelAHumidity {
  percentage: 2.7
  uncertainty: 10.0
}
channelBHumidity {
  percentage: 2.72
  uncertainty: 10.0
}
channelCHumidity {
  percentage: 2.87
  uncertainty: 10.0
}
humiditySensorTemp: 228.61
hsConfidenceLevel: "     0XXX "
pressureSensorConfig: " 2H "
pressureSensorConfidenceLevel: "      111 "
pressureSensor1 {
}
pressureSensor2 {
  baroCapPressure: 746.29
  baroCapAbsoluteUncertainty: 5.1
}
