ephemerisTime: 5.26070948E8
localMeanSolarTime: " 01448M21:23:38.100 "
localTrueSolarTime: " 01448 21:57:44 "
boomOne {
  boomAirTemp: 227.3
  boomIntermediateAirTemp: 226.03
  boomAtsAirTemp: 225.12
  internalAirTempUncertainty: 0.14
  intermediateTempUncertainty: 0.32
  tipAirTempUncertainty: 0.32
  atsBoomConfidenceLevel: "    111XX1111 "
}
boomTwo {
  boomAirTemp: 225.55
  boomIntermediateAirTemp: 224.32
  boomAtsAirTemp: 223.74
  internalAirTempUncertainty: 0.16
  intermediateTempUncertainty: 0.12
  tipAirTempUncertainty: 0.35
  atsBoomConfidenceLevel: "    111XX1111 "
}
channelAHumidity {
  percentage: 2.55
  uncertainty: 10.0
}
channelBHumidity {
  percentage: 2.66
  uncertainty: 10.0
}
channelCHumidity {
  percentage: 2.8
  uncertainty: 10.0
}
humiditySensorTemp: 226.79
hsConfidenceLevel: "     0XXX "
pressureSensorConfig: " 2H "
pressureSensorConfidenceLevel: "      111 "
pressureSensor1 {
}
pressureSensor2 {
  baroCapPressure: 849.48
  baroCapAbsoluteUncertainty: 5.3
}
