ephemerisTime: 5.15389268E8
localMeanSolarTime: " 01328M13:37:15.836 "
localTrueSolarTime: " 01328 14:08:37 "
boomOne {
  boomAirTemp: 261.67
  boomIntermediateAirTemp: 257.73
  boomAtsAirTemp: 256.1
  internalAirTempUncertainty: 0.14
  intermediateTempUncertainty: 0.32
  tipAirTempUncertainty: 0.32
  atsBoomConfidenceLevel: "    111XX0001 "
}
boomTwo {
  boomAirTemp: 259.86
  boomIntermediateAirTemp: 261.71
  boomAtsAirTemp: 263.01
  internalAirTempUncertainty: 0.16
  intermediateTempUncertainty: 0.12
  tipAirTempUncertainty: 0.35
  atsBoomConfidenceLevel: "    111XX0001 "
}
channelAHumidity {
  percentage: 0.96
  uncertainty: 2.0
}
channelBHumidity {
  percentage: 0.93
  uncertainty: 2.0
}
channelCHumidity {
  percentage: 0.99
  uncertainty: 2.0
}
humiditySensorTemp: 260.69
hsConfidenceLevel: "     0XXX "
pressureSensorConfig: " 2H "
pressureSensorConfidenceLevel: "      111 "
pressureSensor1 {
}
pressureSensor2 {
  baroCapPressure: 704.89
  baroCapAbsoluteUncertainty: 5.1
}
