ephemerisTime: 5.15436428E8
localMeanSolarTime: " 01329M02:22:14.470 "
localTrueSolarTime: " 01329 02:53:41 "
boomOne {
  boomAirTemp: 206.08
  boomIntermediateAirTemp: 205.34
  boomAtsAirTemp: 204.24
  internalAirTempUncertainty: 0.55
  intermediateTempUncertainty: 0.32
  tipAirTempUncertainty: 1.19
  atsBoomConfidenceLevel: "    011XX1111 "
}
boomTwo {
  boomAirTemp: 199.29
  boomIntermediateAirTemp: 199.05
  boomAtsAirTemp: 148.54
  internalAirTempUncertainty: 1.13
  intermediateTempUncertainty: 1.06
  tipAirTempUncertainty: 1.58
  atsBoomConfidenceLevel: "    011XX1110 "
}
channelAHumidity {
  percentage: 9.26
  uncertainty: 10.0
}
channelBHumidity {
  percentage: 9.2
  uncertainty: 10.0
}
channelCHumidity {
  percentage: 9.49
  uncertainty: 10.0
}
humiditySensorTemp: 206.86
hsConfidenceLevel: "     0XXX "
pressureSensorConfig: " 2H "
pressureSensorConfidenceLevel: "      111 "
pressureSensor1 {
}
pressureSensor2 {
  baroCapPressure: 751.55
  baroCapAbsoluteUncertainty: 5.1
}
