ephemerisTime: 5.18305473E8
localMeanSolarTime: " 01361M10:00:42.510 "
localTrueSolarTime: " 01361 10:37:04 "
boomOne {
  boomAirTemp: 252.66
  boomIntermediateAirTemp: 248.76
  boomAtsAirTemp: 245.09
  internalAirTempUncertainty: 0.14
  intermediateTempUncertainty: 0.32
  tipAirTempUncertainty: 0.32
  atsBoomConfidenceLevel: "    111XX0001 "
}
boomTwo {
  boomAirTemp: 250.8
  boomIntermediateAirTemp: 245.77
  boomAtsAirTemp: 242.23
  internalAirTempUncertainty: 0.16
  intermediateTempUncertainty: 0.12
  tipAirTempUncertainty: 0.35
  atsBoomConfidenceLevel: "    111XX0001 "
}
channelBHumidity {
}
channelCHumidity {
}
hsConfidenceLevel: "      UNK "
pressureSensorConfig: " 2H "
pressureSensorConfidenceLevel: "      100 "
pressureSensor1 {
}
pressureSensor2 {
  thermoCapTemp: 285.53
  baroCapPressure: 735.97
  baroCapAbsoluteUncertainty: 5.1
}
