ephemerisTime: 5.16659757E8
localMeanSolarTime: " 01342M21:05:43.681 "
localTrueSolarTime: " 01342 21:39:22 "
boomOne {
  boomAirTemp: 218.01
  boomIntermediateAirTemp: 218.01
  boomAtsAirTemp: 217.49
  internalAirTempUncertainty: 0.14
  intermediateTempUncertainty: 0.32
  tipAirTempUncertainty: 0.32
  atsBoomConfidenceLevel: "    111XX1111 "
}
boomTwo {
  boomAirTemp: 213.67
  boomIntermediateAirTemp: 213.11
  boomAtsAirTemp: 212.68
  internalAirTempUncertainty: 0.16
  intermediateTempUncertainty: 0.12
  tipAirTempUncertainty: 0.35
  atsBoomConfidenceLevel: "    111XX1110 "
}
channelAHumidity {
  percentage: 4.85
  uncertainty: 10.0
}
channelBHumidity {
  percentage: 4.87
  uncertainty: 10.0
}
channelCHumidity {
  percentage: 5.06
  uncertainty: 10.0
}
humiditySensorTemp: 217.88
hsConfidenceLevel: "     0XXX "
pressureSensorConfig: " 2H "
pressureSensorConfidenceLevel: "      111 "
pressureSensor1 {
  baroCapPressure: 733.76
  baroCapAbsoluteUncertainty: 4.6
}
pressureSensor2 {
  baroCapPressure: 730.88
  baroCapAbsoluteUncertainty: 5.1
}
