ephemerisTime: 5.42489104E8
localMeanSolarTime: " 01633M20:00:45.617 "
localTrueSolarTime: " 01633 19:09:27 "
boomOne {
  boomAirTemp: 230.31
  boomIntermediateAirTemp: 229.93
  boomAtsAirTemp: 229.14
  internalAirTempUncertainty: 0.14
  intermediateTempUncertainty: 0.32
  tipAirTempUncertainty: 0.32
  atsBoomConfidenceLevel: "    111XX1111 "
}
boomTwo {
  boomAirTemp: 226.04
  boomIntermediateAirTemp: 225.38
  boomAtsAirTemp: 217.72
  internalAirTempUncertainty: 0.16
  intermediateTempUncertainty: 0.12
  tipAirTempUncertainty: 0.35
  atsBoomConfidenceLevel: "    111XX1110 "
}
channelBHumidity {
}
channelCHumidity {
}
hsConfidenceLevel: "      UNK "
pressureSensorConfig: " 2H "
pressureSensorConfidenceLevel: "      101 "
pressureSensor1 {
}
pressureSensor2 {
  thermoCapTemp: 289.11
  baroCapPressure: 800.71
  baroCapAbsoluteUncertainty: 5.7
}
