ephemerisTime: 5.4366907E8
localMeanSolarTime: " 01647M03:00:51.637 "
localTrueSolarTime: " 01647 02:10:29 "
boomOne {
  boomAirTemp: 206.7
  boomIntermediateAirTemp: 207.57
  boomAtsAirTemp: 208.0
  internalAirTempUncertainty: 0.14
  intermediateTempUncertainty: 0.32
  tipAirTempUncertainty: 0.32
  atsBoomConfidenceLevel: "    111XX1111 "
}
boomTwo {
  boomAirTemp: 204.93
  boomIntermediateAirTemp: 206.9
  boomAtsAirTemp: 207.35
  internalAirTempUncertainty: 1.13
  intermediateTempUncertainty: 1.06
  tipAirTempUncertainty: 1.58
  atsBoomConfidenceLevel: "    011XX1111 "
}
channelBHumidity {
}
channelCHumidity {
}
hsConfidenceLevel: "      UNK "
pressureSensorConfig: " 2H "
pressureSensorConfidenceLevel: "      101 "
pressureSensor1 {
}
pressureSensor2 {
  thermoCapTemp: 280.96
  baroCapPressure: 853.16
  baroCapAbsoluteUncertainty: 5.7
}
