ephemerisTime: 5.27300588E8
localMeanSolarTime: " 01462M17:49:29.513 "
localTrueSolarTime: " 01462 18:19:00 "
boomOne {
  boomAirTemp: 243.87
  boomIntermediateAirTemp: 240.87
  boomAtsAirTemp: 238.9
  internalAirTempUncertainty: 0.14
  intermediateTempUncertainty: 0.32
  tipAirTempUncertainty: 0.32
  atsBoomConfidenceLevel: "    111XX1111 "
}
boomTwo {
  boomAirTemp: 244.53
  boomIntermediateAirTemp: 242.08
  boomAtsAirTemp: 240.48
  internalAirTempUncertainty: 0.16
  intermediateTempUncertainty: 0.12
  tipAirTempUncertainty: 0.35
  atsBoomConfidenceLevel: "    111XX1111 "
}
channelAHumidity {
  percentage: 1.56
  uncertainty: 2.0
}
channelBHumidity {
  percentage: 1.61
  uncertainty: 2.0
}
channelCHumidity {
  percentage: 1.7
  uncertainty: 2.0
}
humiditySensorTemp: 245.32
hsConfidenceLevel: "     0XXX "
pressureSensorConfig: " 2H "
pressureSensorConfidenceLevel: "      111 "
pressureSensor1 {
}
pressureSensor2 {
  baroCapPressure: 824.09
  baroCapAbsoluteUncertainty: 5.3
}
