ephemerisTime: 5.41098615E8
localMeanSolarTime: " 01618M04:05:47.354 "
localTrueSolarTime: " 01618 03:15:01 "
boomOne {
  boomAirTemp: 206.76
  boomIntermediateAirTemp: 206.75
  boomAtsAirTemp: 207.41
  internalAirTempUncertainty: 0.55
  intermediateTempUncertainty: 0.32
  tipAirTempUncertainty: 1.19
  atsBoomConfidenceLevel: "    011XX1111 "
}
boomTwo {
  boomAirTemp: 202.46
  boomIntermediateAirTemp: 204.11
  boomAtsAirTemp: 191.34
  internalAirTempUncertainty: 1.13
  intermediateTempUncertainty: 1.06
  tipAirTempUncertainty: 1.58
  atsBoomConfidenceLevel: "    011XX1110 "
}
channelAHumidity {
  percentage: 8.05
  uncertainty: 10.0
}
channelBHumidity {
  percentage: 8.09
  uncertainty: 10.0
}
channelCHumidity {
  percentage: 8.32
  uncertainty: 10.0
}
humiditySensorTemp: 207.36
hsConfidenceLevel: "     0XXX "
pressureSensorConfig: " 2H "
pressureSensorConfidenceLevel: "      111 "
pressureSensor1 {
  baroCapPressure: 869.79
  baroCapAbsoluteUncertainty: 4.9
}
pressureSensor2 {
  baroCapPressure: 866.89
  baroCapAbsoluteUncertainty: 5.7
}
