ephemerisTime: 5.3881268E8
localMeanSolarTime: " 01592M10:05:53.153 "
localTrueSolarTime: " 01592 09:20:25 "
boomOne {
  boomAirTemp: 234.09
  boomIntermediateAirTemp: 235.16
  boomAtsAirTemp: 230.6
  internalAirTempUncertainty: 0.14
  intermediateTempUncertainty: 0.32
  tipAirTempUncertainty: 0.32
  atsBoomConfidenceLevel: "    111XX1111 "
}
boomTwo {
  boomAirTemp: 244.3
  boomIntermediateAirTemp: 246.08
  boomAtsAirTemp: 240.57
  internalAirTempUncertainty: 0.16
  intermediateTempUncertainty: 0.12
  tipAirTempUncertainty: 0.35
  atsBoomConfidenceLevel: "    111XX0001 "
}
channelAHumidity {
  percentage: 1.49
  uncertainty: 2.0
}
channelBHumidity {
  percentage: 1.52
  uncertainty: 2.0
}
channelCHumidity {
  percentage: 1.6
  uncertainty: 2.0
}
humiditySensorTemp: 244.64
hsConfidenceLevel: "     0XXX "
pressureSensorConfig: " 2H "
pressureSensorConfidenceLevel: "      111 "
pressureSensor1 {
  baroCapPressure: 878.74
  baroCapAbsoluteUncertainty: 4.9
}
pressureSensor2 {
  baroCapPressure: 875.58
  baroCapAbsoluteUncertainty: 5.7
}
