ephemerisTime: 5.41395549E8
localMeanSolarTime: " 01621M12:22:19.404 "
localTrueSolarTime: " 01621 11:31:16 "
boomOne {
  boomAirTemp: 252.94
  boomIntermediateAirTemp: 250.38
  boomAtsAirTemp: 246.39
  internalAirTempUncertainty: 0.14
  intermediateTempUncertainty: 0.32
  tipAirTempUncertainty: 0.32
  atsBoomConfidenceLevel: "    111XX0111 "
}
boomTwo {
  boomAirTemp: 251.98
  boomIntermediateAirTemp: 251.67
  boomAtsAirTemp: 248.28
  internalAirTempUncertainty: 0.16
  intermediateTempUncertainty: 0.12
  tipAirTempUncertainty: 0.35
  atsBoomConfidenceLevel: "    111XX1111 "
}
channelAHumidity {
  percentage: 1.12
  uncertainty: 2.0
}
channelBHumidity {
  percentage: 1.13
  uncertainty: 2.0
}
channelCHumidity {
  percentage: 1.2
  uncertainty: 2.0
}
humiditySensorTemp: 252.75
hsConfidenceLevel: "     0XXX "
pressureSensorConfig: " 2H "
pressureSensorConfidenceLevel: "      111 "
pressureSensor1 {
}
pressureSensor2 {
  baroCapPressure: 838.18
  baroCapAbsoluteUncertainty: 5.7
}
