ephemerisTime: 5.35109728E8
localMeanSolarTime: " 01550M17:00:42.219 "
localTrueSolarTime: " 01550 16:35:51 "
boomOne {
  boomAirTemp: 268.0
  boomIntermediateAirTemp: 271.04
  boomAtsAirTemp: 270.24
  internalAirTempUncertainty: 0.14
  intermediateTempUncertainty: 0.32
  tipAirTempUncertainty: 0.32
  atsBoomConfidenceLevel: "    111XX0001 "
}
boomTwo {
  boomAirTemp: 258.22
  boomIntermediateAirTemp: 255.87
  boomAtsAirTemp: 254.64
  internalAirTempUncertainty: 0.16
  intermediateTempUncertainty: 0.12
  tipAirTempUncertainty: 0.35
  atsBoomConfidenceLevel: "    111XX1111 "
}
channelBHumidity {
}
channelCHumidity {
}
hsConfidenceLevel: "      UNK "
pressureSensorConfig: " 2H "
pressureSensorConfidenceLevel: "      101 "
pressureSensor1 {
}
pressureSensor2 {
  thermoCapTemp: 301.41
  baroCapPressure: 833.37
  baroCapAbsoluteUncertainty: 5.7
}
