ephemerisTime: 5.36408359E8
localMeanSolarTime: " 01565M08:05:39.364 "
localTrueSolarTime: " 01565 07:32:03 "
boomOne {
  boomAirTemp: 217.42
  boomIntermediateAirTemp: 219.77
  boomAtsAirTemp: 217.41
  internalAirTempUncertainty: 0.14
  intermediateTempUncertainty: 0.32
  tipAirTempUncertainty: 0.32
  atsBoomConfidenceLevel: "    111XX0001 "
}
boomTwo {
  boomAirTemp: 214.22
  boomIntermediateAirTemp: 215.61
  boomAtsAirTemp: 216.42
  internalAirTempUncertainty: 0.16
  intermediateTempUncertainty: 0.12
  tipAirTempUncertainty: 0.35
  atsBoomConfidenceLevel: "    111XX0011 "
}
channelAHumidity {
  percentage: 3.62
  uncertainty: 10.0
}
channelBHumidity {
  percentage: 3.71
  uncertainty: 10.0
}
channelCHumidity {
  percentage: 3.87
  uncertainty: 10.0
}
humiditySensorTemp: 215.92
hsConfidenceLevel: "     0XXX "
pressureSensorConfig: " 2H "
pressureSensorConfidenceLevel: "      111 "
pressureSensor1 {
  baroCapPressure: 907.25
  baroCapAbsoluteUncertainty: 4.9
}
pressureSensor2 {
  baroCapPressure: 904.03
  baroCapAbsoluteUncertainty: 5.7
}
