ephemerisTime: 5.15364816E8
localMeanSolarTime: " 01328M07:00:37.842 "
localTrueSolarTime: " 01328 07:31:57 "
boomOne {
  boomAirTemp: 214.4
  boomIntermediateAirTemp: 214.94
  boomAtsAirTemp: 212.08
  internalAirTempUncertainty: 0.14
  intermediateTempUncertainty: 0.32
  tipAirTempUncertainty: 0.32
  atsBoomConfidenceLevel: "    111XX0001 "
}
boomTwo {
  boomAirTemp: 177.22
  boomIntermediateAirTemp: 181.88
  boomAtsAirTemp: 148.31
  internalAirTempUncertainty: 1.13
  intermediateTempUncertainty: 1.06
  tipAirTempUncertainty: 1.58
  atsBoomConfidenceLevel: "    011XX1110 "
}
channelBHumidity {
}
channelCHumidity {
}
hsConfidenceLevel: "      UNK "
pressureSensorConfig: " 2H "
pressureSensorConfidenceLevel: "      101 "
pressureSensor1 {
}
pressureSensor2 {
  thermoCapTemp: 280.25
  baroCapPressure: 763.73
  baroCapAbsoluteUncertainty: 5.1
}
