ephemerisTime: 5.19589317E8
localMeanSolarTime: " 01375M21:05:48.154 "
localTrueSolarTime: " 01375 21:43:54 "
boomOne {
  boomAirTemp: 220.02
  boomIntermediateAirTemp: 221.07
  boomAtsAirTemp: 221.74
  internalAirTempUncertainty: 0.14
  intermediateTempUncertainty: 0.32
  tipAirTempUncertainty: 0.32
  atsBoomConfidenceLevel: "    111XX1111 "
}
boomTwo {
  boomAirTemp: 218.9
  boomIntermediateAirTemp: 220.75
  boomAtsAirTemp: 221.51
  internalAirTempUncertainty: 0.16
  intermediateTempUncertainty: 0.12
  tipAirTempUncertainty: 0.35
  atsBoomConfidenceLevel: "    111XX1111 "
}
channelAHumidity {
  percentage: 4.54
  uncertainty: 10.0
}
channelBHumidity {
  percentage: 4.61
  uncertainty: 10.0
}
channelCHumidity {
  percentage: 4.83
  uncertainty: 10.0
}
humiditySensorTemp: 220.68
hsConfidenceLevel: "     0XXX "
pressureSensorConfig: " 2H "
pressureSensorConfidenceLevel: "      111 "
pressureSensor1 {
  baroCapPressure: 744.32
  baroCapAbsoluteUncertainty: 4.6
}
pressureSensor2 {
  baroCapPressure: 741.77
  baroCapAbsoluteUncertainty: 5.1
}
