ephemerisTime: 5.14980448E8
localMeanSolarTime: " 01323M23:05:50.347 "
localTrueSolarTime: " 01323 23:36:27 "
boomOne {
  boomAirTemp: 208.65
  boomIntermediateAirTemp: 208.39
  boomAtsAirTemp: 208.29
  internalAirTempUncertainty: 0.55
  intermediateTempUncertainty: 0.32
  tipAirTempUncertainty: 1.19
  atsBoomConfidenceLevel: "    011XX1111 "
}
boomTwo {
  boomAirTemp: 207.72
  boomIntermediateAirTemp: 207.56
  boomAtsAirTemp: 207.38
  internalAirTempUncertainty: 0.16
  intermediateTempUncertainty: 0.12
  tipAirTempUncertainty: 0.35
  atsBoomConfidenceLevel: "    111XX1111 "
}
channelAHumidity {
  percentage: 7.95
  uncertainty: 10.0
}
channelBHumidity {
  percentage: 7.89
  uncertainty: 10.0
}
channelCHumidity {
  percentage: 8.24
  uncertainty: 10.0
}
humiditySensorTemp: 209.62
hsConfidenceLevel: "     0XXX "
pressureSensorConfig: " 2H "
pressureSensorConfidenceLevel: "      111 "
pressureSensor1 {
  baroCapPressure: 749.77
  baroCapAbsoluteUncertainty: 4.6
}
pressureSensor2 {
  baroCapPressure: 746.63
  baroCapAbsoluteUncertainty: 5.1
}
