ephemerisTime: 5.15464988E8
localMeanSolarTime: " 01329M10:05:30.590 "
localTrueSolarTime: " 01329 10:37:00 "
boomOne {
  boomAirTemp: 245.59
  boomIntermediateAirTemp: 237.32
  boomAtsAirTemp: 235.06
  internalAirTempUncertainty: 0.14
  intermediateTempUncertainty: 0.32
  tipAirTempUncertainty: 0.32
  atsBoomConfidenceLevel: "    111XX0001 "
}
boomTwo {
  boomAirTemp: 235.62
  boomIntermediateAirTemp: 236.27
  boomAtsAirTemp: 235.47
  internalAirTempUncertainty: 0.16
  intermediateTempUncertainty: 0.12
  tipAirTempUncertainty: 0.35
  atsBoomConfidenceLevel: "    111XX1111 "
}
channelAHumidity {
  percentage: 2.0
  uncertainty: 10.0
}
channelBHumidity {
  percentage: 2.01
  uncertainty: 10.0
}
channelCHumidity {
  percentage: 2.19
  uncertainty: 10.0
}
humiditySensorTemp: 236.45
hsConfidenceLevel: "     0XXX "
pressureSensorConfig: " 2H "
pressureSensorConfidenceLevel: "      111 "
pressureSensor1 {
}
pressureSensor2 {
  baroCapPressure: 733.14
  baroCapAbsoluteUncertainty: 5.1
}
