ephemerisTime: 5.16767029E8
localMeanSolarTime: " 01344M02:05:46.528 "
localTrueSolarTime: " 01344 02:39:36 "
boomOne {
  boomAirTemp: 206.53
  boomIntermediateAirTemp: 206.47
  boomAtsAirTemp: 206.31
  internalAirTempUncertainty: 0.55
  intermediateTempUncertainty: 0.32
  tipAirTempUncertainty: 1.19
  atsBoomConfidenceLevel: "    011XX1111 "
}
boomTwo {
  boomAirTemp: 204.75
  boomIntermediateAirTemp: 204.66
  boomAtsAirTemp: 205.04
  internalAirTempUncertainty: 1.13
  intermediateTempUncertainty: 1.06
  tipAirTempUncertainty: 1.58
  atsBoomConfidenceLevel: "    011XX1111 "
}
channelAHumidity {
  percentage: 9.56
  uncertainty: 10.0
}
channelBHumidity {
  percentage: 9.56
  uncertainty: 10.0
}
channelCHumidity {
  percentage: 9.89
  uncertainty: 10.0
}
humiditySensorTemp: 207.01
hsConfidenceLevel: "     0XXX "
pressureSensorConfig: " 2H "
pressureSensorConfidenceLevel: "      111 "
pressureSensor1 {
  baroCapPressure: 752.82
  baroCapAbsoluteUncertainty: 4.6
}
pressureSensor2 {
  baroCapPressure: 749.53
  baroCapAbsoluteUncertainty: 5.1
}
