ephemerisTime: 5.34211204E8
localMeanSolarTime: " 01540M14:05:50.606 "
localTrueSolarTime: " 01540 13:47:44 "
boomOne {
  boomAirTemp: 274.47
  boomIntermediateAirTemp: 274.1
  boomAtsAirTemp: 270.11
  internalAirTempUncertainty: 0.14
  intermediateTempUncertainty: 0.32
  tipAirTempUncertainty: 0.32
  atsBoomConfidenceLevel: "    111XX1101 "
}
boomTwo {
  boomAirTemp: 263.13
  boomIntermediateAirTemp: 260.14
  boomAtsAirTemp: 256.18
  internalAirTempUncertainty: 0.16
  intermediateTempUncertainty: 0.12
  tipAirTempUncertainty: 0.35
  atsBoomConfidenceLevel: "    111XX0001 "
}
channelAHumidity {
  percentage: 0.88
  uncertainty: 2.0
}
channelBHumidity {
  percentage: 0.85
  uncertainty: 2.0
}
channelCHumidity {
  percentage: 0.9
  uncertainty: 2.0
}
humiditySensorTemp: 263.58
hsConfidenceLevel: "     0XXX "
pressureSensorConfig: " 2H "
pressureSensorConfidenceLevel: "      111 "
pressureSensor1 {
}
pressureSensor2 {
  baroCapPressure: 860.73
  baroCapAbsoluteUncertainty: 5.7
}
