ephemerisTime: 5.21944508E8
localMeanSolarTime: " 01402M09:49:05.998 "
localTrueSolarTime: " 01402 10:28:50 "
boomOne {
  boomAirTemp: 254.92
  boomIntermediateAirTemp: 247.11
  boomAtsAirTemp: 239.37
  internalAirTempUncertainty: 0.14
  intermediateTempUncertainty: 0.32
  tipAirTempUncertainty: 0.32
  atsBoomConfidenceLevel: "    111XX1101 "
}
boomTwo {
  boomAirTemp: 245.84
  boomIntermediateAirTemp: 241.0
  boomAtsAirTemp: 238.2
  internalAirTempUncertainty: 0.16
  intermediateTempUncertainty: 0.12
  tipAirTempUncertainty: 0.35
  atsBoomConfidenceLevel: "    111XX1111 "
}
channelAHumidity {
  percentage: 1.38
  uncertainty: 2.0
}
channelBHumidity {
  percentage: 1.41
  uncertainty: 2.0
}
channelCHumidity {
  percentage: 1.47
  uncertainty: 2.0
}
humiditySensorTemp: 246.06
hsConfidenceLevel: "     0XXX "
pressureSensorConfig: " 2H "
pressureSensorConfidenceLevel: "      111 "
pressureSensor1 {
}
pressureSensor2 {
  baroCapPressure: 774.14
  baroCapAbsoluteUncertainty: 5.1
}
