ephemerisTime: 5.12694189E8
localMeanSolarTime: " 01298M05:00:40.813 "
localTrueSolarTime: " 01298 05:27:13 "
boomOne {
  boomAirTemp: 194.92
  boomIntermediateAirTemp: 196.0
  boomAtsAirTemp: 197.09
  internalAirTempUncertainty: 0.55
  intermediateTempUncertainty: 0.32
  tipAirTempUncertainty: 1.19
  atsBoomConfidenceLevel: "    011XX1111 "
}
boomTwo {
  atsBoomConfidenceLevel: "          UNK "
}
channelBHumidity {
}
channelCHumidity {
}
hsConfidenceLevel: "      UNK "
pressureSensorConfig: " 2H "
pressureSensorConfidenceLevel: "      101 "
pressureSensor1 {
}
pressureSensor2 {
  thermoCapTemp: 279.77
  baroCapPressure: 768.03
  baroCapAbsoluteUncertainty: 6.0
}
