ephemerisTime: 5.39873962E8
localMeanSolarTime: " 01604M09:00:49.556 "
localTrueSolarTime: " 01604 08:12:10 "
boomOne {
  boomAirTemp: 217.36
  boomIntermediateAirTemp: 217.4
  boomAtsAirTemp: 216.13
  internalAirTempUncertainty: 0.14
  intermediateTempUncertainty: 0.32
  tipAirTempUncertainty: 0.32
  atsBoomConfidenceLevel: "    111XX1111 "
}
boomTwo {
  boomAirTemp: 223.04
  boomIntermediateAirTemp: 223.42
  boomAtsAirTemp: 220.47
  internalAirTempUncertainty: 0.16
  intermediateTempUncertainty: 0.12
  tipAirTempUncertainty: 0.35
  atsBoomConfidenceLevel: "    111XX0001 "
}
channelBHumidity {
}
channelCHumidity {
}
hsConfidenceLevel: "      UNK "
pressureSensorConfig: " 2H "
pressureSensorConfidenceLevel: "      101 "
pressureSensor1 {
}
pressureSensor2 {
  thermoCapTemp: 279.91
  baroCapPressure: 890.7
  baroCapAbsoluteUncertainty: 5.7
}
