ephemerisTime: 5.43358357E8
localMeanSolarTime: " 01643M15:00:49.127 "
localTrueSolarTime: " 01643 14:10:05 "
boomOne {
  boomAirTemp: 269.1
  boomIntermediateAirTemp: 268.98
  boomAtsAirTemp: 267.63
  internalAirTempUncertainty: 0.14
  intermediateTempUncertainty: 0.32
  tipAirTempUncertainty: 0.32
  atsBoomConfidenceLevel: "    111XX0001 "
}
boomTwo {
  boomAirTemp: 258.09
  boomIntermediateAirTemp: 255.92
  boomAtsAirTemp: 252.04
  internalAirTempUncertainty: 0.16
  intermediateTempUncertainty: 0.12
  tipAirTempUncertainty: 0.35
  atsBoomConfidenceLevel: "    111XX1111 "
}
channelBHumidity {
}
channelCHumidity {
}
hsConfidenceLevel: "      UNK "
pressureSensorConfig: " 2H "
pressureSensorConfidenceLevel: "      101 "
pressureSensor1 {
}
pressureSensor2 {
  thermoCapTemp: 296.65
  baroCapPressure: 787.52
  baroCapAbsoluteUncertainty: 5.7
}
