ephemerisTime: 5.22300128E8
localMeanSolarTime: " 01406M09:57:34.401 "
localTrueSolarTime: " 01406 10:37:19 "
boomOne {
  boomAirTemp: 254.59
  boomIntermediateAirTemp: 248.65
  boomAtsAirTemp: 241.79
  internalAirTempUncertainty: 0.14
  intermediateTempUncertainty: 0.32
  tipAirTempUncertainty: 0.32
  atsBoomConfidenceLevel: "    111XX1101 "
}
boomTwo {
  boomAirTemp: 245.7
  boomIntermediateAirTemp: 241.7
  boomAtsAirTemp: 239.2
  internalAirTempUncertainty: 0.16
  intermediateTempUncertainty: 0.12
  tipAirTempUncertainty: 0.35
  atsBoomConfidenceLevel: "    111XX1111 "
}
channelAHumidity {
  percentage: 1.63
  uncertainty: 2.0
}
channelBHumidity {
  percentage: 1.65
  uncertainty: 2.0
}
channelCHumidity {
  percentage: 1.76
  uncertainty: 2.0
}
humiditySensorTemp: 246.03
hsConfidenceLevel: "     0XXX "
pressureSensorConfig: " 2H "
pressureSensorConfidenceLevel: "      111 "
pressureSensor1 {
}
pressureSensor2 {
  baroCapPressure: 775.17
  baroCapAbsoluteUncertainty: 5.1
}
