ephemerisTime: 5.15524178E8
localMeanSolarTime: " 01330M02:05:37.464 "
localTrueSolarTime: " 01330 02:37:14 "
boomOne {
  boomAirTemp: 206.46
  boomIntermediateAirTemp: 204.5
  boomAtsAirTemp: 201.74
  internalAirTempUncertainty: 0.55
  intermediateTempUncertainty: 0.32
  tipAirTempUncertainty: 1.19
  atsBoomConfidenceLevel: "    011XX1111 "
}
boomTwo {
  boomAirTemp: 201.69
  boomIntermediateAirTemp: 199.93
  boomAtsAirTemp: 177.79
  internalAirTempUncertainty: 1.13
  intermediateTempUncertainty: 1.06
  tipAirTempUncertainty: 1.58
  atsBoomConfidenceLevel: "    011XX1110 "
}
channelAHumidity {
  percentage: 7.96
  uncertainty: 10.0
}
channelBHumidity {
  percentage: 7.85
  uncertainty: 10.0
}
channelCHumidity {
  percentage: 8.22
  uncertainty: 10.0
}
humiditySensorTemp: 207.06
hsConfidenceLevel: "     0XXX "
pressureSensorConfig: " 2H "
pressureSensorConfidenceLevel: "      111 "
pressureSensor1 {
}
pressureSensor2 {
  baroCapPressure: 751.18
  baroCapAbsoluteUncertainty: 5.1
}
