ephemerisTime: 5.15497981E8
localMeanSolarTime: " 01329M19:00:41.142 "
localTrueSolarTime: " 01329 19:32:14 "
boomOne {
  boomAirTemp: 222.52
  boomIntermediateAirTemp: 221.41
  boomAtsAirTemp: 220.46
  internalAirTempUncertainty: 0.14
  intermediateTempUncertainty: 0.32
  tipAirTempUncertainty: 0.32
  atsBoomConfidenceLevel: "    111XX1111 "
}
boomTwo {
  boomAirTemp: 220.26
  boomIntermediateAirTemp: 219.7
  boomAtsAirTemp: 219.52
  internalAirTempUncertainty: 0.16
  intermediateTempUncertainty: 0.12
  tipAirTempUncertainty: 0.35
  atsBoomConfidenceLevel: "    111XX1111 "
}
channelBHumidity {
}
channelCHumidity {
}
hsConfidenceLevel: "      UNK "
pressureSensorConfig: " 2H "
pressureSensorConfidenceLevel: "      101 "
pressureSensor1 {
}
pressureSensor2 {
  thermoCapTemp: 288.23
  baroCapPressure: 721.04
  baroCapAbsoluteUncertainty: 5.1
}
