ephemerisTime: 5.12661217E8
localMeanSolarTime: " 01297M20:05:50.700 "
localTrueSolarTime: " 01297 20:32:20 "
boomOne {
  boomAirTemp: 213.76
  boomIntermediateAirTemp: 213.35
  boomAtsAirTemp: 213.44
  internalAirTempUncertainty: 0.14
  intermediateTempUncertainty: 0.32
  tipAirTempUncertainty: 0.32
  atsBoomConfidenceLevel: "    111XX1111 "
}
boomTwo {
  boomAirTemp: 210.81
  boomIntermediateAirTemp: 210.93
  boomAtsAirTemp: 206.56
  internalAirTempUncertainty: 0.16
  intermediateTempUncertainty: 0.12
  tipAirTempUncertainty: 0.35
  atsBoomConfidenceLevel: "    111XX1110 "
}
channelAHumidity {
  percentage: 5.91
  uncertainty: 10.0
}
channelBHumidity {
  percentage: 5.95
  uncertainty: 10.0
}
channelCHumidity {
  percentage: 6.12
  uncertainty: 10.0
}
humiditySensorTemp: 214.9
hsConfidenceLevel: "     0XXX "
pressureSensorConfig: " 2H "
pressureSensorConfidenceLevel: "      111 "
pressureSensor1 {
  baroCapPressure: 747.9
  baroCapAbsoluteUncertainty: 4.4
}
pressureSensor2 {
  baroCapPressure: 744.76
  baroCapAbsoluteUncertainty: 6.0
}
