ephemerisTime: 5.27209117E8
localMeanSolarTime: " 01461M17:05:45.043 "
localTrueSolarTime: " 01461 17:35:39 "
boomOne {
  boomAirTemp: 251.38
  boomIntermediateAirTemp: 249.25
  boomAtsAirTemp: 247.02
  internalAirTempUncertainty: 0.14
  intermediateTempUncertainty: 0.32
  tipAirTempUncertainty: 0.32
  atsBoomConfidenceLevel: "    111XX1111 "
}
boomTwo {
  boomAirTemp: 253.69
  boomIntermediateAirTemp: 251.65
  boomAtsAirTemp: 249.86
  internalAirTempUncertainty: 0.16
  intermediateTempUncertainty: 0.12
  tipAirTempUncertainty: 0.35
  atsBoomConfidenceLevel: "    111XX0001 "
}
channelAHumidity {
  percentage: 1.21
  uncertainty: 2.0
}
channelBHumidity {
  percentage: 1.24
  uncertainty: 2.0
}
channelCHumidity {
  percentage: 1.3
  uncertainty: 2.0
}
humiditySensorTemp: 254.29
hsConfidenceLevel: "     0XXX "
pressureSensorConfig: " 2H "
pressureSensorConfidenceLevel: "      111 "
pressureSensor1 {
  baroCapPressure: 814.75
  baroCapAbsoluteUncertainty: 4.7
}
pressureSensor2 {
  baroCapPressure: 812.72
  baroCapAbsoluteUncertainty: 5.3
}
