ephemerisTime: 5.07578588E8
localMeanSolarTime: " 01240M14:01:04.321 "
localTrueSolarTime: " 01240 14:19:38 "
boomOne {
  boomAirTemp: 249.61
  boomIntermediateAirTemp: 248.72
  boomAtsAirTemp: 244.69
  internalAirTempUncertainty: 0.14
  intermediateTempUncertainty: 0.32
  tipAirTempUncertainty: 0.32
  atsBoomConfidenceLevel: "    111XX0111 "
}
boomTwo {
  boomAirTemp: 256.38
  boomIntermediateAirTemp: 252.39
  boomAtsAirTemp: 249.07
  internalAirTempUncertainty: 0.16
  intermediateTempUncertainty: 0.12
  tipAirTempUncertainty: 0.35
  atsBoomConfidenceLevel: "    111XX0001 "
}
channelAHumidity {
  percentage: 1.0
  uncertainty: 2.0
}
channelBHumidity {
  percentage: 0.99
  uncertainty: 2.0
}
channelCHumidity {
  percentage: 1.05
  uncertainty: 2.0
}
humiditySensorTemp: 256.0
hsConfidenceLevel: "     0XXX "
pressureSensorConfig: " 2H "
pressureSensorConfidenceLevel: "      111 "
pressureSensor1 {
}
pressureSensor2 {
  baroCapPressure: 785.68
  baroCapAbsoluteUncertainty: 6.0
}
