ephemerisTime: 5.38679195E8
localMeanSolarTime: " 01590M22:00:38.411 "
localTrueSolarTime: " 01590 21:15:40 "
boomOne {
  boomAirTemp: 222.32
  boomIntermediateAirTemp: 223.01
  boomAtsAirTemp: 223.84
  internalAirTempUncertainty: 0.14
  intermediateTempUncertainty: 0.32
  tipAirTempUncertainty: 0.32
  atsBoomConfidenceLevel: "    111XX1111 "
}
boomTwo {
  boomAirTemp: 218.56
  boomIntermediateAirTemp: 221.2
  boomAtsAirTemp: 221.26
  internalAirTempUncertainty: 0.16
  intermediateTempUncertainty: 0.12
  tipAirTempUncertainty: 0.35
  atsBoomConfidenceLevel: "    111XX1111 "
}
channelBHumidity {
}
channelCHumidity {
}
hsConfidenceLevel: "      UNK "
pressureSensorConfig: " 2H "
pressureSensorConfidenceLevel: "      101 "
pressureSensor1 {
}
pressureSensor2 {
  thermoCapTemp: 283.24
  baroCapPressure: 856.08
  baroCapAbsoluteUncertainty: 5.7
}
