ephemerisTime: 5.13667063E8
localMeanSolarTime: " 01309M04:01:33.821 "
localTrueSolarTime: " 01309 04:29:48 "
boomOne {
  boomAirTemp: 196.43
  boomIntermediateAirTemp: 196.81
  boomAtsAirTemp: 195.54
  internalAirTempUncertainty: 0.55
  intermediateTempUncertainty: 0.32
  tipAirTempUncertainty: 1.19
  atsBoomConfidenceLevel: "    011XX1110 "
}
boomTwo {
  boomAirTemp: 142.08
  boomIntermediateAirTemp: 143.6
  boomAtsAirTemp: 135.28
  internalAirTempUncertainty: 1.13
  intermediateTempUncertainty: 1.06
  tipAirTempUncertainty: 1.58
  atsBoomConfidenceLevel: "    011XX1110 "
}
channelAHumidity {
  percentage: 30.05
  uncertainty: 20.0
}
channelBHumidity {
  percentage: 30.01
  uncertainty: 20.0
}
channelCHumidity {
  percentage: 30.69
  uncertainty: 20.0
}
humiditySensorTemp: 197.03
hsConfidenceLevel: "     0XXX "
pressureSensorConfig: " 2H "
pressureSensorConfidenceLevel: "      101 "
pressureSensor1 {
}
pressureSensor2 {
  thermoCapTemp: 280.05
  baroCapPressure: 760.67
  baroCapAbsoluteUncertainty: 5.1
}
