ephemerisTime: 5.30186755E8
localMeanSolarTime: " 01495M06:05:41.598 "
localTrueSolarTime: " 01495 06:18:43 "
boomOne {
  boomAirTemp: 207.2
  boomIntermediateAirTemp: 207.1
  boomAtsAirTemp: 206.42
  internalAirTempUncertainty: 0.55
  intermediateTempUncertainty: 0.32
  tipAirTempUncertainty: 1.19
  atsBoomConfidenceLevel: "    011XX1111 "
}
boomTwo {
  boomAirTemp: 168.23
  boomIntermediateAirTemp: 172.39
  boomAtsAirTemp: 148.84
  internalAirTempUncertainty: 1.13
  intermediateTempUncertainty: 1.06
  tipAirTempUncertainty: 1.58
  atsBoomConfidenceLevel: "    011XX1110 "
}
channelAHumidity {
  percentage: 6.88
  uncertainty: 10.0
}
channelBHumidity {
  percentage: 6.98
  uncertainty: 10.0
}
channelCHumidity {
  percentage: 7.31
  uncertainty: 10.0
}
humiditySensorTemp: 207.78
hsConfidenceLevel: "     0XXX "
pressureSensorConfig: " 2H "
pressureSensorConfidenceLevel: "      111 "
pressureSensor1 {
  baroCapPressure: 940.88
  baroCapAbsoluteUncertainty: 4.7
}
pressureSensor2 {
  baroCapPressure: 938.05
  baroCapAbsoluteUncertainty: 5.3
}
