ephemerisTime: 5.28977205E8
localMeanSolarTime: " 01481M15:05:42.848 "
localTrueSolarTime: " 01481 15:26:34 "
boomOne {
  boomAirTemp: 274.58
  boomIntermediateAirTemp: 275.26
  boomAtsAirTemp: 271.46
  internalAirTempUncertainty: 0.14
  intermediateTempUncertainty: 0.32
  tipAirTempUncertainty: 0.32
  atsBoomConfidenceLevel: "    111XX0001 "
}
boomTwo {
  boomAirTemp: 274.3
  boomIntermediateAirTemp: 275.54
  boomAtsAirTemp: 273.32
  internalAirTempUncertainty: 0.16
  intermediateTempUncertainty: 0.12
  tipAirTempUncertainty: 0.35
  atsBoomConfidenceLevel: "    111XX0001 "
}
channelAHumidity {
  percentage: 0.62
  uncertainty: 2.0
}
channelBHumidity {
  percentage: 0.59
  uncertainty: 2.0
}
channelCHumidity {
  percentage: 0.62
  uncertainty: 2.0
}
humiditySensorTemp: 273.97
hsConfidenceLevel: "     0XXX "
pressureSensorConfig: " 2H "
pressureSensorConfidenceLevel: "      111 "
pressureSensor1 {
  baroCapPressure: 836.08
  baroCapAbsoluteUncertainty: 4.7
}
pressureSensor2 {
  baroCapPressure: 833.53
  baroCapAbsoluteUncertainty: 5.3
}
