ephemerisTime: 5.25022628E8
localMeanSolarTime: " 01437M01:58:57.008 "
localTrueSolarTime: " 01437 02:35:48 "
boomOne {
  boomAirTemp: 213.58
  boomIntermediateAirTemp: 211.92
  boomAtsAirTemp: 211.97
  internalAirTempUncertainty: 0.14
  intermediateTempUncertainty: 0.32
  tipAirTempUncertainty: 0.32
  atsBoomConfidenceLevel: "    111XX1111 "
}
boomTwo {
  boomAirTemp: 211.77
  boomIntermediateAirTemp: 210.85
  boomAtsAirTemp: 210.46
  internalAirTempUncertainty: 0.16
  intermediateTempUncertainty: 0.12
  tipAirTempUncertainty: 0.35
  atsBoomConfidenceLevel: "    111XX1111 "
}
channelAHumidity {
  percentage: 4.47
  uncertainty: 10.0
}
channelBHumidity {
  percentage: 4.49
  uncertainty: 10.0
}
channelCHumidity {
  percentage: 4.7
  uncertainty: 10.0
}
humiditySensorTemp: 213.68
hsConfidenceLevel: "     0XXX "
pressureSensorConfig: " 2H "
pressureSensorConfidenceLevel: "      111 "
pressureSensor1 {
  baroCapPressure: 844.17
  baroCapAbsoluteUncertainty: 4.7
}
pressureSensor2 {
  baroCapPressure: 841.69
  baroCapAbsoluteUncertainty: 5.3
}
