ephemerisTime: 5.31396248E8
localMeanSolarTime: " 01508M21:04:44.874 "
localTrueSolarTime: " 01508 21:08:53 "
boomOne {
  boomAirTemp: 225.35
  boomIntermediateAirTemp: 226.46
  boomAtsAirTemp: 227.44
  internalAirTempUncertainty: 0.14
  intermediateTempUncertainty: 0.32
  tipAirTempUncertainty: 0.32
  atsBoomConfidenceLevel: "    111XX1111 "
}
boomTwo {
  boomAirTemp: 223.02
  boomIntermediateAirTemp: 224.06
  boomAtsAirTemp: 224.81
  internalAirTempUncertainty: 0.16
  intermediateTempUncertainty: 0.12
  tipAirTempUncertainty: 0.35
  atsBoomConfidenceLevel: "    111XX1111 "
}
channelAHumidity {
  percentage: 3.32
  uncertainty: 10.0
}
channelBHumidity {
  percentage: 3.36
  uncertainty: 10.0
}
channelCHumidity {
  percentage: 3.54
  uncertainty: 10.0
}
humiditySensorTemp: 225.8
hsConfidenceLevel: "     0XXX "
pressureSensorConfig: " 2H "
pressureSensorConfidenceLevel: "      111 "
pressureSensor1 {
}
pressureSensor2 {
  baroCapPressure: 907.38
  baroCapAbsoluteUncertainty: 5.3
}
