ephemerisTime: 5.24079505E8
localMeanSolarTime: " 01426M11:00:39.264 "
localTrueSolarTime: " 01426 11:39:10 "
boomOne {
  boomAirTemp: 258.42
  boomIntermediateAirTemp: 254.37
  boomAtsAirTemp: 249.21
  internalAirTempUncertainty: 0.14
  intermediateTempUncertainty: 0.32
  tipAirTempUncertainty: 0.32
  atsBoomConfidenceLevel: "    111XX1111 "
}
boomTwo {
  boomAirTemp: 252.52
  boomIntermediateAirTemp: 250.77
  boomAtsAirTemp: 249.12
  internalAirTempUncertainty: 0.16
  intermediateTempUncertainty: 0.12
  tipAirTempUncertainty: 0.35
  atsBoomConfidenceLevel: "    111XX1111 "
}
channelBHumidity {
}
channelCHumidity {
}
hsConfidenceLevel: "      UNK "
pressureSensorConfig: " 2H "
pressureSensorConfidenceLevel: "      101 "
pressureSensor1 {
}
pressureSensor2 {
  thermoCapTemp: 290.23
  baroCapPressure: 790.83
  baroCapAbsoluteUncertainty: 5.3
}
