ephemerisTime: 5.29846147E8
localMeanSolarTime: " 01491M10:00:43.676 "
localTrueSolarTime: " 01491 10:16:04 "
boomOne {
  boomAirTemp: 250.12
  boomIntermediateAirTemp: 243.37
  boomAtsAirTemp: 240.78
  internalAirTempUncertainty: 0.14
  intermediateTempUncertainty: 0.32
  tipAirTempUncertainty: 0.32
  atsBoomConfidenceLevel: "    111XX0001 "
}
boomTwo {
  boomAirTemp: 243.01
  boomIntermediateAirTemp: 239.59
  boomAtsAirTemp: 236.64
  internalAirTempUncertainty: 0.16
  intermediateTempUncertainty: 0.12
  tipAirTempUncertainty: 0.35
  atsBoomConfidenceLevel: "    111XX0111 "
}
channelBHumidity {
}
channelCHumidity {
}
hsConfidenceLevel: "      UNK "
pressureSensorConfig: " 2H "
pressureSensorConfidenceLevel: "      101 "
pressureSensor1 {
}
pressureSensor2 {
  thermoCapTemp: 285.14
  baroCapPressure: 913.72
  baroCapAbsoluteUncertainty: 5.3
}
