ephemerisTime: 5.37429282E8
localMeanSolarTime: " 01576M20:05:56.230 "
localTrueSolarTime: " 01576 19:26:32 "
boomOne {
  boomAirTemp: 231.74
  boomIntermediateAirTemp: 230.44
  boomAtsAirTemp: 229.64
  internalAirTempUncertainty: 0.14
  intermediateTempUncertainty: 0.32
  tipAirTempUncertainty: 0.32
  atsBoomConfidenceLevel: "    111XX1111 "
}
boomTwo {
  boomAirTemp: 229.22
  boomIntermediateAirTemp: 228.24
  boomAtsAirTemp: 226.88
  internalAirTempUncertainty: 0.16
  intermediateTempUncertainty: 0.12
  tipAirTempUncertainty: 0.35
  atsBoomConfidenceLevel: "    111XX1111 "
}
channelAHumidity {
  percentage: 2.49
  uncertainty: 10.0
}
channelBHumidity {
  percentage: 2.51
  uncertainty: 10.0
}
channelCHumidity {
  percentage: 2.67
  uncertainty: 10.0
}
humiditySensorTemp: 230.71
hsConfidenceLevel: "     0XXX "
pressureSensorConfig: " 2H "
pressureSensorConfidenceLevel: "      111 "
pressureSensor1 {
  baroCapPressure: 843.52
  baroCapAbsoluteUncertainty: 4.9
}
pressureSensor2 {
  baroCapPressure: 841.35
  baroCapAbsoluteUncertainty: 5.7
}
