ephemerisTime: 5.15117888E8
localMeanSolarTime: " 01325M12:15:14.306 "
localTrueSolarTime: " 01325 12:46:06 "
boomOne {
  boomAirTemp: 247.92
  boomIntermediateAirTemp: 246.15
  boomAtsAirTemp: 244.52
  internalAirTempUncertainty: 0.14
  intermediateTempUncertainty: 0.32
  tipAirTempUncertainty: 0.32
  atsBoomConfidenceLevel: "    111XX1111 "
}
boomTwo {
  boomAirTemp: 249.16
  boomIntermediateAirTemp: 250.63
  boomAtsAirTemp: 250.23
  internalAirTempUncertainty: 0.16
  intermediateTempUncertainty: 0.12
  tipAirTempUncertainty: 0.35
  atsBoomConfidenceLevel: "    111XX1111 "
}
channelAHumidity {
  percentage: 1.38
  uncertainty: 2.0
}
channelBHumidity {
  percentage: 1.38
  uncertainty: 2.0
}
channelCHumidity {
  percentage: 1.48
  uncertainty: 2.0
}
humiditySensorTemp: 250.14
hsConfidenceLevel: "     0XXX "
pressureSensorConfig: " 2H "
pressureSensorConfidenceLevel: "      111 "
pressureSensor1 {
}
pressureSensor2 {
  baroCapPressure: 718.99
  baroCapAbsoluteUncertainty: 5.1
}
