ephemerisTime: 5.31448328E8
localMeanSolarTime: " 01509M11:09:31.915 "
localTrueSolarTime: " 01509 11:13:16 "
boomOne {
  boomAirTemp: 250.77
  boomIntermediateAirTemp: 249.62
  boomAtsAirTemp: 246.46
  internalAirTempUncertainty: 0.14
  intermediateTempUncertainty: 0.32
  tipAirTempUncertainty: 0.32
  atsBoomConfidenceLevel: "    111XX1111 "
}
boomTwo {
  boomAirTemp: 256.8
  boomIntermediateAirTemp: 258.65
  boomAtsAirTemp: 257.58
  internalAirTempUncertainty: 0.16
  intermediateTempUncertainty: 0.12
  tipAirTempUncertainty: 0.35
  atsBoomConfidenceLevel: "    111XX1111 "
}
channelAHumidity {
  percentage: 0.92
  uncertainty: 2.0
}
channelBHumidity {
  percentage: 0.92
  uncertainty: 2.0
}
channelCHumidity {
  percentage: 0.98
  uncertainty: 2.0
}
humiditySensorTemp: 257.63
hsConfidenceLevel: "     0XXX "
pressureSensorConfig: " 2H "
pressureSensorConfidenceLevel: "      111 "
pressureSensor1 {
  baroCapPressure: 907.34
  baroCapAbsoluteUncertainty: 4.7
}
pressureSensor2 {
  baroCapPressure: 904.1
  baroCapAbsoluteUncertainty: 5.3
}
