ephemerisTime: 5.11214622E8
localMeanSolarTime: " 01281M13:00:47.077 "
localTrueSolarTime: " 01281 13:24:52 "
boomOne {
  boomAirTemp: 242.66
  boomIntermediateAirTemp: 242.11
  boomAtsAirTemp: 239.03
  internalAirTempUncertainty: 0.14
  intermediateTempUncertainty: 0.32
  tipAirTempUncertainty: 0.32
  atsBoomConfidenceLevel: "    111XX1111 "
}
boomTwo {
  boomAirTemp: 249.69
  boomIntermediateAirTemp: 244.45
  boomAtsAirTemp: 241.29
  internalAirTempUncertainty: 0.16
  intermediateTempUncertainty: 0.12
  tipAirTempUncertainty: 0.35
  atsBoomConfidenceLevel: "    111XX1101 "
}
channelBHumidity {
}
channelCHumidity {
}
hsConfidenceLevel: "      UNK "
pressureSensorConfig: " 2H "
pressureSensorConfidenceLevel: "      101 "
pressureSensor1 {
}
pressureSensor2 {
  thermoCapTemp: 289.0
  baroCapPressure: 746.03
  baroCapAbsoluteUncertainty: 6.0
}
