ephemerisTime: 5.15465001E8
localMeanSolarTime: " 01329M10:05:43.242 "
localTrueSolarTime: " 01329 10:37:13 "
boomOne {
  boomAirTemp: 245.51
  boomIntermediateAirTemp: 237.21
  boomAtsAirTemp: 234.96
  internalAirTempUncertainty: 0.14
  intermediateTempUncertainty: 0.32
  tipAirTempUncertainty: 0.32
  atsBoomConfidenceLevel: "    111XX0001 "
}
boomTwo {
  boomAirTemp: 235.58
  boomIntermediateAirTemp: 236.43
  boomAtsAirTemp: 235.81
  internalAirTempUncertainty: 0.16
  intermediateTempUncertainty: 0.12
  tipAirTempUncertainty: 0.35
  atsBoomConfidenceLevel: "    111XX1111 "
}
channelAHumidity {
  percentage: 2.01
  uncertainty: 10.0
}
channelBHumidity {
  percentage: 2.06
  uncertainty: 10.0
}
channelCHumidity {
  percentage: 2.19
  uncertainty: 10.0
}
humiditySensorTemp: 236.5
hsConfidenceLevel: "     0XXX "
pressureSensorConfig: " 2H "
pressureSensorConfidenceLevel: "      111 "
pressureSensor1 {
  baroCapPressure: 737.05
  baroCapAbsoluteUncertainty: 4.6
}
pressureSensor2 {
  baroCapPressure: 733.27
  baroCapAbsoluteUncertainty: 5.1
}
