ephemerisTime: 5.3132572E8
localMeanSolarTime: " 01508M02:00:43.252 "
localTrueSolarTime: " 01508 02:05:24 "
boomOne {
  boomAirTemp: 209.41
  boomIntermediateAirTemp: 209.9
  boomAtsAirTemp: 209.53
  internalAirTempUncertainty: 0.14
  intermediateTempUncertainty: 0.32
  tipAirTempUncertainty: 0.32
  atsBoomConfidenceLevel: "    111XX1111 "
}
boomTwo {
  boomAirTemp: 204.79
  boomIntermediateAirTemp: 204.84
  boomAtsAirTemp: 181.9
  internalAirTempUncertainty: 1.13
  intermediateTempUncertainty: 1.06
  tipAirTempUncertainty: 1.58
  atsBoomConfidenceLevel: "    011XX1110 "
}
channelBHumidity {
}
channelCHumidity {
}
hsConfidenceLevel: "      UNK "
pressureSensorConfig: " 2H "
pressureSensorConfidenceLevel: "      101 "
pressureSensor1 {
}
pressureSensor2 {
  thermoCapTemp: 282.0
  baroCapPressure: 924.93
  baroCapAbsoluteUncertainty: 5.3
}
