ephemerisTime: 5.18723528E8
localMeanSolarTime: " 01366M03:01:55.994 "
localTrueSolarTime: " 01366 03:38:54 "
boomOne {
  boomAirTemp: 207.29
  boomIntermediateAirTemp: 205.22
  boomAtsAirTemp: 203.93
  internalAirTempUncertainty: 0.55
  intermediateTempUncertainty: 0.32
  tipAirTempUncertainty: 1.19
  atsBoomConfidenceLevel: "    011XX1111 "
}
boomTwo {
  boomAirTemp: 206.49
  boomIntermediateAirTemp: 204.6
  boomAtsAirTemp: 203.06
  internalAirTempUncertainty: 0.16
  intermediateTempUncertainty: 0.12
  tipAirTempUncertainty: 0.35
  atsBoomConfidenceLevel: "    111XX1111 "
}
channelAHumidity {
  percentage: 7.35
  uncertainty: 10.0
}
channelBHumidity {
  percentage: 7.48
  uncertainty: 10.0
}
channelCHumidity {
  percentage: 7.69
  uncertainty: 10.0
}
humiditySensorTemp: 208.82
hsConfidenceLevel: "     0XXX "
pressureSensorConfig: " 2H "
pressureSensorConfidenceLevel: "      111 "
pressureSensor1 {
}
pressureSensor2 {
  thermoCapTemp: 283.01
  baroCapPressure: 763.64
  baroCapAbsoluteUncertainty: 5.1
}
