ephemerisTime: 5.37170041E8
localMeanSolarTime: " 01573M22:00:49.024 "
localTrueSolarTime: " 01573 21:22:47 "
boomOne {
  boomAirTemp: 220.51
  boomIntermediateAirTemp: 222.01
  boomAtsAirTemp: 223.41
  internalAirTempUncertainty: 0.14
  intermediateTempUncertainty: 0.32
  tipAirTempUncertainty: 0.32
  atsBoomConfidenceLevel: "    111XX1111 "
}
boomTwo {
  boomAirTemp: 218.23
  boomIntermediateAirTemp: 221.32
  boomAtsAirTemp: 222.11
  internalAirTempUncertainty: 0.16
  intermediateTempUncertainty: 0.12
  tipAirTempUncertainty: 0.35
  atsBoomConfidenceLevel: "    111XX1111 "
}
channelBHumidity {
}
channelCHumidity {
}
hsConfidenceLevel: "      UNK "
pressureSensorConfig: " 2H "
pressureSensorConfidenceLevel: "      101 "
pressureSensor1 {
}
pressureSensor2 {
  thermoCapTemp: 283.73
  baroCapPressure: 865.38
  baroCapAbsoluteUncertainty: 5.7
}
