ephemerisTime: 5.23706828E8
localMeanSolarTime: " 01422M06:15:30.076 "
localTrueSolarTime: " 01422 06:54:27 "
boomOne {
  boomAirTemp: 212.86
  boomIntermediateAirTemp: 214.26
  boomAtsAirTemp: 213.43
  internalAirTempUncertainty: 0.14
  intermediateTempUncertainty: 0.32
  tipAirTempUncertainty: 0.32
  atsBoomConfidenceLevel: "    111XX0001 "
}
boomTwo {
  boomAirTemp: 211.09
  boomIntermediateAirTemp: 211.57
  boomAtsAirTemp: 211.23
  internalAirTempUncertainty: 0.16
  intermediateTempUncertainty: 0.12
  tipAirTempUncertainty: 0.35
  atsBoomConfidenceLevel: "    111XX0001 "
}
channelAHumidity {
  percentage: 4.55
  uncertainty: 10.0
}
channelBHumidity {
  percentage: 4.64
  uncertainty: 10.0
}
channelCHumidity {
  percentage: 4.85
  uncertainty: 10.0
}
humiditySensorTemp: 212.97
hsConfidenceLevel: "     0XXX "
pressureSensorConfig: " 2H "
pressureSensorConfidenceLevel: "      111 "
pressureSensor1 {
}
pressureSensor2 {
  baroCapPressure: 831.87
  baroCapAbsoluteUncertainty: 5.3
}
