ephemerisTime: 5.37081257E8
localMeanSolarTime: " 01572M22:00:39.686 "
localTrueSolarTime: " 01572 21:23:07 "
boomOne {
  boomAirTemp: 220.81
  boomIntermediateAirTemp: 221.43
  boomAtsAirTemp: 222.08
  internalAirTempUncertainty: 0.14
  intermediateTempUncertainty: 0.32
  tipAirTempUncertainty: 0.32
  atsBoomConfidenceLevel: "    111XX1111 "
}
boomTwo {
  boomAirTemp: 217.43
  boomIntermediateAirTemp: 219.46
  boomAtsAirTemp: 218.61
  internalAirTempUncertainty: 0.16
  intermediateTempUncertainty: 0.12
  tipAirTempUncertainty: 0.35
  atsBoomConfidenceLevel: "    111XX1111 "
}
channelBHumidity {
}
channelCHumidity {
}
hsConfidenceLevel: "      UNK "
pressureSensorConfig: " 2H "
pressureSensorConfidenceLevel: "      101 "
pressureSensor1 {
}
pressureSensor2 {
  thermoCapTemp: 284.45
  baroCapPressure: 868.59
  baroCapAbsoluteUncertainty: 5.7
}
