ephemerisTime: 5.39293536E8
localMeanSolarTime: " 01597M20:05:47.930 "
localTrueSolarTime: " 01597 19:18:44 "
boomOne {
  boomAirTemp: 232.08
  boomIntermediateAirTemp: 231.41
  boomAtsAirTemp: 231.2
  internalAirTempUncertainty: 0.14
  intermediateTempUncertainty: 0.32
  tipAirTempUncertainty: 0.32
  atsBoomConfidenceLevel: "    111XX1111 "
}
boomTwo {
  boomAirTemp: 230.71
  boomIntermediateAirTemp: 232.98
  boomAtsAirTemp: 232.78
  internalAirTempUncertainty: 0.16
  intermediateTempUncertainty: 0.12
  tipAirTempUncertainty: 0.35
  atsBoomConfidenceLevel: "    111XX1111 "
}
channelAHumidity {
  percentage: 2.27
  uncertainty: 10.0
}
channelBHumidity {
  percentage: 2.32
  uncertainty: 10.0
}
channelCHumidity {
  percentage: 2.46
  uncertainty: 10.0
}
humiditySensorTemp: 232.63
hsConfidenceLevel: "     0XXX "
pressureSensorConfig: " 2H "
pressureSensorConfidenceLevel: "      111 "
pressureSensor1 {
  baroCapPressure: 833.76
  baroCapAbsoluteUncertainty: 4.9
}
pressureSensor2 {
  baroCapPressure: 831.12
  baroCapAbsoluteUncertainty: 5.7
}
