ephemerisTime: 5.36571969E8
localMeanSolarTime: " 01567M04:19:33.366 "
localTrueSolarTime: " 01567 03:44:57 "
boomOne {
  boomAirTemp: 208.71
  boomIntermediateAirTemp: 209.36
  boomAtsAirTemp: 209.86
  internalAirTempUncertainty: 0.55
  intermediateTempUncertainty: 0.32
  tipAirTempUncertainty: 1.19
  atsBoomConfidenceLevel: "    011XX1111 "
}
boomTwo {
  boomAirTemp: 203.84
  boomIntermediateAirTemp: 203.25
  boomAtsAirTemp: 187.38
  internalAirTempUncertainty: 1.13
  intermediateTempUncertainty: 1.06
  tipAirTempUncertainty: 1.58
  atsBoomConfidenceLevel: "    011XX1110 "
}
channelAHumidity {
  percentage: 7.98
  uncertainty: 10.0
}
channelBHumidity {
  percentage: 8.12
  uncertainty: 10.0
}
channelCHumidity {
  percentage: 8.34
  uncertainty: 10.0
}
humiditySensorTemp: 208.66
hsConfidenceLevel: "     0XXX "
pressureSensorConfig: " 2H "
pressureSensorConfidenceLevel: "      111 "
pressureSensor1 {
  thermoCapTemp: 284.42
}
pressureSensor2 {
  baroCapPressure: 895.69
  baroCapAbsoluteUncertainty: 5.7
}
