ephemerisTime: 5.15352788E8
localMeanSolarTime: " 01328M03:45:31.549 "
localTrueSolarTime: " 01328 04:16:49 "
boomOne {
  boomAirTemp: 204.7
  boomIntermediateAirTemp: 203.62
  boomAtsAirTemp: 202.22
  internalAirTempUncertainty: 0.55
  intermediateTempUncertainty: 0.32
  tipAirTempUncertainty: 1.19
  atsBoomConfidenceLevel: "    011XX1111 "
}
boomTwo {
  boomAirTemp: 198.29
  boomIntermediateAirTemp: 198.62
  boomAtsAirTemp: 149.94
  internalAirTempUncertainty: 1.13
  intermediateTempUncertainty: 1.06
  tipAirTempUncertainty: 1.58
  atsBoomConfidenceLevel: "    011XX1110 "
}
channelAHumidity {
  percentage: 10.83
  uncertainty: 10.0
}
channelBHumidity {
  percentage: 10.69
  uncertainty: 10.0
}
channelCHumidity {
  percentage: 11.02
  uncertainty: 10.0
}
humiditySensorTemp: 205.26
hsConfidenceLevel: "     0XXX "
pressureSensorConfig: " 2H "
pressureSensorConfidenceLevel: "      111 "
pressureSensor1 {
}
pressureSensor2 {
  thermoCapTemp: 283.52
  baroCapPressure: 753.33
  baroCapAbsoluteUncertainty: 5.1
}
