ephemerisTime: 5.40281829E8
localMeanSolarTime: " 01608M23:16:47.535 "
localTrueSolarTime: " 01608 22:27:15 "
boomOne {
  boomAirTemp: 222.23
  boomIntermediateAirTemp: 222.18
  boomAtsAirTemp: 222.49
  internalAirTempUncertainty: 0.14
  intermediateTempUncertainty: 0.32
  tipAirTempUncertainty: 0.32
  atsBoomConfidenceLevel: "    111XX1111 "
}
boomTwo {
  boomAirTemp: 219.7
  boomIntermediateAirTemp: 221.26
  boomAtsAirTemp: 220.74
  internalAirTempUncertainty: 0.16
  intermediateTempUncertainty: 0.12
  tipAirTempUncertainty: 0.35
  atsBoomConfidenceLevel: "    111XX1111 "
}
channelAHumidity {
  percentage: 3.15
  uncertainty: 10.0
}
channelBHumidity {
  percentage: 3.21
  uncertainty: 10.0
}
channelCHumidity {
  percentage: 3.38
  uncertainty: 10.0
}
humiditySensorTemp: 222.63
hsConfidenceLevel: "     0XXX "
pressureSensorConfig: " 2H "
pressureSensorConfidenceLevel: "      111 "
pressureSensor1 {
}
pressureSensor2 {
  thermoCapTemp: 284.39
  baroCapPressure: 858.67
  baroCapAbsoluteUncertainty: 5.7
}
