ephemerisTime: 5.15446511E8
localMeanSolarTime: " 01329M05:05:47.785 "
localTrueSolarTime: " 01329 05:37:15 "
boomOne {
  boomAirTemp: 200.52
  boomIntermediateAirTemp: 201.43
  boomAtsAirTemp: 203.31
  internalAirTempUncertainty: 0.55
  intermediateTempUncertainty: 0.32
  tipAirTempUncertainty: 1.19
  atsBoomConfidenceLevel: "    011XX1111 "
}
boomTwo {
  boomAirTemp: 180.87
  boomIntermediateAirTemp: 179.06
  boomAtsAirTemp: 142.57
  internalAirTempUncertainty: 1.13
  intermediateTempUncertainty: 1.06
  tipAirTempUncertainty: 1.58
  atsBoomConfidenceLevel: "    011XX1110 "
}
channelAHumidity {
  percentage: 18.4
  uncertainty: 20.0
}
channelBHumidity {
  percentage: 18.13
  uncertainty: 20.0
}
channelCHumidity {
  percentage: 18.64
  uncertainty: 20.0
}
humiditySensorTemp: 201.15
hsConfidenceLevel: "     0XXX "
pressureSensorConfig: " 2H "
pressureSensorConfidenceLevel: "      111 "
pressureSensor1 {
  baroCapPressure: 755.85
  baroCapAbsoluteUncertainty: 4.6
}
pressureSensor2 {
  baroCapPressure: 752.58
  baroCapAbsoluteUncertainty: 5.1
}
