ephemerisTime: 5.44172169E8
localMeanSolarTime: " 01652M19:01:34.491 "
localTrueSolarTime: " 01652 18:11:56 "
boomOne {
  boomAirTemp: 238.01
  boomIntermediateAirTemp: 234.98
  boomAtsAirTemp: 232.76
  internalAirTempUncertainty: 0.14
  intermediateTempUncertainty: 0.32
  tipAirTempUncertainty: 0.32
  atsBoomConfidenceLevel: "    111XX1111 "
}
boomTwo {
  boomAirTemp: 235.03
  boomIntermediateAirTemp: 231.78
  boomAtsAirTemp: 230.22
  internalAirTempUncertainty: 0.16
  intermediateTempUncertainty: 0.12
  tipAirTempUncertainty: 0.35
  atsBoomConfidenceLevel: "    111XX1111 "
}
channelAHumidity {
  percentage: 2.04
  uncertainty: 10.0
}
channelBHumidity {
  percentage: 2.08
  uncertainty: 10.0
}
channelCHumidity {
  percentage: 2.2
  uncertainty: 10.0
}
humiditySensorTemp: 236.1
hsConfidenceLevel: "     0XXX "
pressureSensorConfig: " 2H "
pressureSensorConfidenceLevel: "      111 "
pressureSensor1 {
}
pressureSensor2 {
  baroCapPressure: 783.55
  baroCapAbsoluteUncertainty: 6.4
}
