ephemerisTime: 5.18460827E8
localMeanSolarTime: " 01363M04:00:41.331 "
localTrueSolarTime: " 01363 04:37:17 "
boomOne {
  boomAirTemp: 200.4
  boomIntermediateAirTemp: 202.1
  boomAtsAirTemp: 200.66
  internalAirTempUncertainty: 0.55
  intermediateTempUncertainty: 0.32
  tipAirTempUncertainty: 1.19
  atsBoomConfidenceLevel: "    011XX1111 "
}
boomTwo {
  boomAirTemp: 192.71
  boomIntermediateAirTemp: 193.79
  boomAtsAirTemp: 147.64
  internalAirTempUncertainty: 1.13
  intermediateTempUncertainty: 1.06
  tipAirTempUncertainty: 1.58
  atsBoomConfidenceLevel: "    011XX1110 "
}
channelBHumidity {
}
channelCHumidity {
}
hsConfidenceLevel: "      UNK "
pressureSensorConfig: " 2H "
pressureSensorConfidenceLevel: "      101 "
pressureSensor1 {
}
pressureSensor2 {
  thermoCapTemp: 280.85
  baroCapPressure: 762.78
  baroCapAbsoluteUncertainty: 5.1
}
