ephemerisTime: 5.05392809E8
localMeanSolarTime: " 01215M23:05:47.295 "
localTrueSolarTime: " 01215 23:20:58 "
boomOne {
  boomAirTemp: 201.86
  boomIntermediateAirTemp: 201.05
  boomAtsAirTemp: 200.22
  internalAirTempUncertainty: 0.55
  intermediateTempUncertainty: 0.32
  tipAirTempUncertainty: 1.19
  atsBoomConfidenceLevel: "    011XX1111 "
}
boomTwo {
  boomAirTemp: 193.85
  boomIntermediateAirTemp: 193.38
  boomAtsAirTemp: 146.07
  internalAirTempUncertainty: 1.13
  intermediateTempUncertainty: 1.06
  tipAirTempUncertainty: 1.58
  atsBoomConfidenceLevel: "    011XX1110 "
}
channelAHumidity {
  percentage: 11.72
  uncertainty: 20.0
}
channelBHumidity {
  percentage: 11.61
  uncertainty: 20.0
}
channelCHumidity {
  percentage: 12.07
  uncertainty: 20.0
}
humiditySensorTemp: 202.48
hsConfidenceLevel: "     0XXX "
pressureSensorConfig: " 2H "
pressureSensorConfidenceLevel: "      111 "
pressureSensor1 {
  baroCapPressure: 858.37
  baroCapAbsoluteUncertainty: 4.4
}
pressureSensor2 {
  baroCapPressure: 854.86
  baroCapAbsoluteUncertainty: 6.0
}
