ephemerisTime: 5.15352548E8
localMeanSolarTime: " 01328M03:41:37.968 "
localTrueSolarTime: " 01328 04:12:55 "
boomOne {
  boomAirTemp: 204.5
  boomIntermediateAirTemp: 203.02
  boomAtsAirTemp: 201.8
  internalAirTempUncertainty: 0.14
  intermediateTempUncertainty: 0.32
  tipAirTempUncertainty: 0.32
  atsBoomConfidenceLevel: "    111XX1111 "
}
boomTwo {
  boomAirTemp: 199.44
  boomIntermediateAirTemp: 197.41
  boomAtsAirTemp: 148.77
  internalAirTempUncertainty: 1.13
  intermediateTempUncertainty: 1.06
  tipAirTempUncertainty: 1.58
  atsBoomConfidenceLevel: "    011XX1110 "
}
channelAHumidity {
  percentage: 10.63
  uncertainty: 10.0
}
channelBHumidity {
  percentage: 10.5
  uncertainty: 10.0
}
channelCHumidity {
  percentage: 10.79
  uncertainty: 10.0
}
humiditySensorTemp: 205.22
hsConfidenceLevel: "     0XXX "
pressureSensorConfig: " 2H "
pressureSensorConfidenceLevel: "      111 "
pressureSensor1 {
}
pressureSensor2 {
  thermoCapTemp: 283.41
  baroCapPressure: 753.19
  baroCapAbsoluteUncertainty: 5.1
}
