ephemerisTime: 5.15389628E8
localMeanSolarTime: " 01328M13:43:06.207 "
localTrueSolarTime: " 01328 14:14:28 "
boomOne {
  boomAirTemp: 262.03
  boomIntermediateAirTemp: 258.74
  boomAtsAirTemp: 257.9
  internalAirTempUncertainty: 0.14
  intermediateTempUncertainty: 0.32
  tipAirTempUncertainty: 0.32
  atsBoomConfidenceLevel: "    111XX0001 "
}
boomTwo {
  boomAirTemp: 261.4
  boomIntermediateAirTemp: 259.12
  boomAtsAirTemp: 257.49
  internalAirTempUncertainty: 0.16
  intermediateTempUncertainty: 0.12
  tipAirTempUncertainty: 0.35
  atsBoomConfidenceLevel: "    111XX0001 "
}
channelAHumidity {
  percentage: 0.9
  uncertainty: 2.0
}
channelBHumidity {
  percentage: 0.87
  uncertainty: 2.0
}
channelCHumidity {
  percentage: 0.92
  uncertainty: 2.0
}
humiditySensorTemp: 261.63
hsConfidenceLevel: "     0XXX "
pressureSensorConfig: " 2H "
pressureSensorConfidenceLevel: "      111 "
pressureSensor1 {
}
pressureSensor2 {
  baroCapPressure: 704.11
  baroCapAbsoluteUncertainty: 5.1
}
