ephemerisTime: 5.26366808E8
localMeanSolarTime: " 01452M05:22:44.875 "
localTrueSolarTime: " 01452 05:55:53 "
boomOne {
  boomAirTemp: 208.65
  boomIntermediateAirTemp: 207.58
  boomAtsAirTemp: 207.38
  internalAirTempUncertainty: 0.55
  intermediateTempUncertainty: 0.32
  tipAirTempUncertainty: 1.19
  atsBoomConfidenceLevel: "    011XX1111 "
}
boomTwo {
  boomAirTemp: 205.89
  boomIntermediateAirTemp: 206.23
  boomAtsAirTemp: 204.85
  internalAirTempUncertainty: 0.16
  intermediateTempUncertainty: 0.12
  tipAirTempUncertainty: 0.35
  atsBoomConfidenceLevel: "    111XX1111 "
}
channelAHumidity {
  percentage: 8.91
  uncertainty: 10.0
}
channelBHumidity {
  percentage: 8.98
  uncertainty: 10.0
}
channelCHumidity {
  percentage: 9.25
  uncertainty: 10.0
}
humiditySensorTemp: 208.83
hsConfidenceLevel: "     0XXX "
pressureSensorConfig: " 2H "
pressureSensorConfidenceLevel: "      111 "
pressureSensor1 {
  baroCapPressure: 871.57
  baroCapAbsoluteUncertainty: 4.7
}
pressureSensor2 {
  baroCapPressure: 869.0
  baroCapAbsoluteUncertainty: 5.3
}
