ephemerisTime: 5.12217024E8
localMeanSolarTime: " 01292M20:00:38.315 "
localTrueSolarTime: " 01292 20:26:22 "
boomOne {
  boomAirTemp: 214.51
  boomIntermediateAirTemp: 213.93
  boomAtsAirTemp: 213.49
  internalAirTempUncertainty: 0.14
  intermediateTempUncertainty: 0.32
  tipAirTempUncertainty: 0.32
  atsBoomConfidenceLevel: "    111XX1111 "
}
boomTwo {
  boomAirTemp: 213.16
  boomIntermediateAirTemp: 213.15
  boomAtsAirTemp: 213.24
  internalAirTempUncertainty: 0.16
  intermediateTempUncertainty: 0.12
  tipAirTempUncertainty: 0.35
  atsBoomConfidenceLevel: "    111XX1111 "
}
channelBHumidity {
}
channelCHumidity {
}
hsConfidenceLevel: "      UNK "
pressureSensorConfig: " 2H "
pressureSensorConfidenceLevel: "      101 "
pressureSensor1 {
}
pressureSensor2 {
  thermoCapTemp: 283.32
  baroCapPressure: 747.66
  baroCapAbsoluteUncertainty: 6.0
}
