ephemerisTime: 5.15494568E8
localMeanSolarTime: " 01329M18:05:19.428 "
localTrueSolarTime: " 01329 18:36:52 "
boomOne {
  boomAirTemp: 229.93
  boomIntermediateAirTemp: 228.12
  boomAtsAirTemp: 226.16
  internalAirTempUncertainty: 0.14
  intermediateTempUncertainty: 0.32
  tipAirTempUncertainty: 0.32
  atsBoomConfidenceLevel: "    111XX1111 "
}
boomTwo {
  boomAirTemp: 227.82
  boomIntermediateAirTemp: 226.14
  boomAtsAirTemp: 225.52
  internalAirTempUncertainty: 0.16
  intermediateTempUncertainty: 0.12
  tipAirTempUncertainty: 0.35
  atsBoomConfidenceLevel: "    111XX1111 "
}
channelAHumidity {
  percentage: 2.5
  uncertainty: 10.0
}
channelBHumidity {
  percentage: 2.53
  uncertainty: 10.0
}
channelCHumidity {
  percentage: 2.68
  uncertainty: 10.0
}
humiditySensorTemp: 228.75
hsConfidenceLevel: "     0XXX "
pressureSensorConfig: " 2H "
pressureSensorConfidenceLevel: "      111 "
pressureSensor1 {
}
pressureSensor2 {
  thermoCapTemp: 292.01
  baroCapPressure: 701.72
  baroCapAbsoluteUncertainty: 5.1
}
