ephemerisTime: 5.18842208E8
localMeanSolarTime: " 01367M11:07:01.718 "
localTrueSolarTime: " 01367 11:44:10 "
boomOne {
  boomAirTemp: 252.15
  boomIntermediateAirTemp: 249.73
  boomAtsAirTemp: 246.11
  internalAirTempUncertainty: 0.14
  intermediateTempUncertainty: 0.32
  tipAirTempUncertainty: 0.32
  atsBoomConfidenceLevel: "    111XX1111 "
}
boomTwo {
  boomAirTemp: 249.14
  boomIntermediateAirTemp: 247.46
  boomAtsAirTemp: 245.49
  internalAirTempUncertainty: 0.16
  intermediateTempUncertainty: 0.12
  tipAirTempUncertainty: 0.35
  atsBoomConfidenceLevel: "    111XX1111 "
}
channelAHumidity {
  percentage: 1.34
  uncertainty: 2.0
}
channelBHumidity {
  percentage: 1.36
  uncertainty: 2.0
}
channelCHumidity {
  percentage: 1.43
  uncertainty: 2.0
}
humiditySensorTemp: 249.62
hsConfidenceLevel: "     0XXX "
pressureSensorConfig: " 2H "
pressureSensorConfidenceLevel: "      111 "
pressureSensor1 {
}
pressureSensor2 {
  baroCapPressure: 726.87
  baroCapAbsoluteUncertainty: 5.1
}
