ephemerisTime: 5.10275391E8
localMeanSolarTime: " 01270M23:05:37.235 "
localTrueSolarTime: " 01270 23:28:13 "
boomOne {
  boomAirTemp: 204.2
  boomIntermediateAirTemp: 203.82
  boomAtsAirTemp: 203.04
  internalAirTempUncertainty: 0.55
  intermediateTempUncertainty: 0.32
  tipAirTempUncertainty: 1.19
  atsBoomConfidenceLevel: "    011XX1111 "
}
boomTwo {
  boomAirTemp: 198.22
  boomIntermediateAirTemp: 198.99
  boomAtsAirTemp: 152.55
  internalAirTempUncertainty: 1.13
  intermediateTempUncertainty: 1.06
  tipAirTempUncertainty: 1.58
  atsBoomConfidenceLevel: "    011XX1110 "
}
channelAHumidity {
  percentage: 11.64
  uncertainty: 10.0
}
channelBHumidity {
  percentage: 11.68
  uncertainty: 10.0
}
channelCHumidity {
  percentage: 11.79
  uncertainty: 10.0
}
humiditySensorTemp: 204.11
hsConfidenceLevel: "     0XXX "
pressureSensorConfig: " 2H "
pressureSensorConfidenceLevel: "      111 "
pressureSensor1 {
  baroCapPressure: 793.77
  baroCapAbsoluteUncertainty: 4.4
}
pressureSensor2 {
  baroCapPressure: 790.46
  baroCapAbsoluteUncertainty: 6.0
}
