ephemerisTime: 5.39081829E8
localMeanSolarTime: " 01595M10:51:43.354 "
localTrueSolarTime: " 01595 10:05:20 "
boomOne {
  boomAirTemp: 243.09
  boomIntermediateAirTemp: 237.17
  boomAtsAirTemp: 233.64
  internalAirTempUncertainty: 0.14
  intermediateTempUncertainty: 0.32
  tipAirTempUncertainty: 0.32
  atsBoomConfidenceLevel: "    111XX0001 "
}
boomTwo {
  boomAirTemp: 240.29
  boomIntermediateAirTemp: 236.38
  boomAtsAirTemp: 232.42
  internalAirTempUncertainty: 0.16
  intermediateTempUncertainty: 0.12
  tipAirTempUncertainty: 0.35
  atsBoomConfidenceLevel: "    111XX1111 "
}
channelAHumidity {
  percentage: 1.65
  uncertainty: 10.0
}
channelBHumidity {
  percentage: 1.68
  uncertainty: 10.0
}
channelCHumidity {
  percentage: 1.78
  uncertainty: 10.0
}
humiditySensorTemp: 241.5
hsConfidenceLevel: "     0XXX "
pressureSensorConfig: " 2H "
pressureSensorConfidenceLevel: "      111 "
pressureSensor1 {
}
pressureSensor2 {
  thermoCapTemp: 286.95
  baroCapPressure: 863.95
  baroCapAbsoluteUncertainty: 5.7
}
