ephemerisTime: 5.42830749E8
localMeanSolarTime: " 01637M16:22:32.803 "
localTrueSolarTime: " 01637 15:31:23 "
boomOne {
  boomAirTemp: 262.63
  boomIntermediateAirTemp: 259.99
  boomAtsAirTemp: 257.71
  internalAirTempUncertainty: 0.14
  intermediateTempUncertainty: 0.32
  tipAirTempUncertainty: 0.32
  atsBoomConfidenceLevel: "    111XX0011 "
}
boomTwo {
  boomAirTemp: 268.74
  boomIntermediateAirTemp: 263.26
  boomAtsAirTemp: 259.58
  internalAirTempUncertainty: 0.16
  intermediateTempUncertainty: 0.12
  tipAirTempUncertainty: 0.35
  atsBoomConfidenceLevel: "    111XX0101 "
}
channelAHumidity {
  percentage: 0.82
  uncertainty: 2.0
}
channelBHumidity {
  percentage: 0.77
  uncertainty: 2.0
}
channelCHumidity {
  percentage: 0.83
  uncertainty: 2.0
}
humiditySensorTemp: 268.5
hsConfidenceLevel: "     0XXX "
pressureSensorConfig: " 2H "
pressureSensorConfidenceLevel: "      111 "
pressureSensor1 {
}
pressureSensor2 {
  baroCapPressure: 773.28
  baroCapAbsoluteUncertainty: 5.7
}
