ephemerisTime: 5.36633709E8
localMeanSolarTime: " 01567M21:01:02.036 "
localTrueSolarTime: " 01567 20:26:03 "
boomOne {
  boomAirTemp: 224.88
  boomIntermediateAirTemp: 223.9
  boomAtsAirTemp: 223.76
  internalAirTempUncertainty: 0.14
  intermediateTempUncertainty: 0.32
  tipAirTempUncertainty: 0.32
  atsBoomConfidenceLevel: "    111XX1111 "
}
boomTwo {
  boomAirTemp: 222.05
  boomIntermediateAirTemp: 222.79
  boomAtsAirTemp: 222.16
  internalAirTempUncertainty: 0.16
  intermediateTempUncertainty: 0.12
  tipAirTempUncertainty: 0.35
  atsBoomConfidenceLevel: "    111XX1111 "
}
channelAHumidity {
  percentage: 3.02
  uncertainty: 10.0
}
channelBHumidity {
  percentage: 3.07
  uncertainty: 10.0
}
channelCHumidity {
  percentage: 3.25
  uncertainty: 10.0
}
humiditySensorTemp: 223.64
hsConfidenceLevel: "     0XXX "
pressureSensorConfig: " 2H "
pressureSensorConfidenceLevel: "      101 "
pressureSensor1 {
}
pressureSensor2 {
  baroCapPressure: 862.19
  baroCapAbsoluteUncertainty: 5.7
}
