ephemerisTime: 5.14160828E8
localMeanSolarTime: " 01314M17:30:52.327 "
localTrueSolarTime: " 01314 18:00:00 "
boomOne {
  boomAirTemp: 240.57
  boomIntermediateAirTemp: 237.54
  boomAtsAirTemp: 233.63
  internalAirTempUncertainty: 0.14
  intermediateTempUncertainty: 0.32
  tipAirTempUncertainty: 0.32
  atsBoomConfidenceLevel: "    111XX0001 "
}
boomTwo {
  boomAirTemp: 239.79
  boomIntermediateAirTemp: 236.28
  boomAtsAirTemp: 233.15
  internalAirTempUncertainty: 0.16
  intermediateTempUncertainty: 0.12
  tipAirTempUncertainty: 0.35
  atsBoomConfidenceLevel: "    111XX0001 "
}
channelAHumidity {
  percentage: 1.62
  uncertainty: 10.0
}
channelBHumidity {
  percentage: 1.65
  uncertainty: 10.0
}
channelCHumidity {
  percentage: 1.74
  uncertainty: 10.0
}
humiditySensorTemp: 240.51
hsConfidenceLevel: "     0XXX "
pressureSensorConfig: " 2H "
pressureSensorConfidenceLevel: "      111 "
pressureSensor1 {
}
pressureSensor2 {
  thermoCapTemp: 292.13
  baroCapPressure: 707.21
  baroCapAbsoluteUncertainty: 5.1
}
