ephemerisTime: 5.36955789E8
localMeanSolarTime: " 01571M12:05:27.518 "
localTrueSolarTime: " 01571 11:28:37 "
boomOne {
  boomAirTemp: 250.06
  boomIntermediateAirTemp: 247.81
  boomAtsAirTemp: 245.18
  internalAirTempUncertainty: 0.14
  intermediateTempUncertainty: 0.32
  tipAirTempUncertainty: 0.32
  atsBoomConfidenceLevel: "    111XX1111 "
}
boomTwo {
  boomAirTemp: 251.19
  boomIntermediateAirTemp: 246.96
  boomAtsAirTemp: 244.43
  internalAirTempUncertainty: 0.16
  intermediateTempUncertainty: 0.12
  tipAirTempUncertainty: 0.35
  atsBoomConfidenceLevel: "    111XX1111 "
}
channelAHumidity {
  percentage: 1.27
  uncertainty: 2.0
}
channelBHumidity {
  percentage: 1.26
  uncertainty: 2.0
}
channelCHumidity {
  percentage: 1.35
  uncertainty: 2.0
}
humiditySensorTemp: 251.63
hsConfidenceLevel: "     0XXX "
pressureSensorConfig: " 2H "
pressureSensorConfidenceLevel: "      111 "
pressureSensor1 {
}
pressureSensor2 {
  baroCapPressure: 863.77
  baroCapAbsoluteUncertainty: 5.7
}
