ephemerisTime: 5.42374752E8
localMeanSolarTime: " 01632M13:05:52.135 "
localTrueSolarTime: " 01632 12:14:32 "
boomOne {
  boomAirTemp: 258.66
  boomIntermediateAirTemp: 259.86
  boomAtsAirTemp: 254.61
  internalAirTempUncertainty: 0.14
  intermediateTempUncertainty: 0.32
  tipAirTempUncertainty: 0.32
  atsBoomConfidenceLevel: "    111XX1111 "
}
boomTwo {
  boomAirTemp: 256.94
  boomIntermediateAirTemp: 258.48
  boomAtsAirTemp: 255.51
  internalAirTempUncertainty: 0.16
  intermediateTempUncertainty: 0.12
  tipAirTempUncertainty: 0.35
  atsBoomConfidenceLevel: "    111XX1111 "
}
channelAHumidity {
  percentage: 1.01
  uncertainty: 2.0
}
channelBHumidity {
  percentage: 0.99
  uncertainty: 2.0
}
channelCHumidity {
  percentage: 1.05
  uncertainty: 2.0
}
humiditySensorTemp: 257.91
hsConfidenceLevel: "     0XXX "
pressureSensorConfig: " 2H "
pressureSensorConfidenceLevel: "      111 "
pressureSensor1 {
}
pressureSensor2 {
  baroCapPressure: 812.97
  baroCapAbsoluteUncertainty: 5.7
}
