ephemerisTime: 5.22881059E8
localMeanSolarTime: " 01412M23:00:47.520 "
localTrueSolarTime: " 01412 23:40:22 "
boomOne {
  boomAirTemp: 215.88
  boomIntermediateAirTemp: 215.75
  boomAtsAirTemp: 215.68
  internalAirTempUncertainty: 0.14
  intermediateTempUncertainty: 0.32
  tipAirTempUncertainty: 0.32
  atsBoomConfidenceLevel: "    111XX1111 "
}
boomTwo {
  boomAirTemp: 212.45
  boomIntermediateAirTemp: 212.84
  boomAtsAirTemp: 211.71
  internalAirTempUncertainty: 0.16
  intermediateTempUncertainty: 0.12
  tipAirTempUncertainty: 0.35
  atsBoomConfidenceLevel: "    111XX1111 "
}
channelBHumidity {
}
channelCHumidity {
}
hsConfidenceLevel: "      UNK "
pressureSensorConfig: " 2H "
pressureSensorConfidenceLevel: "      101 "
pressureSensor1 {
}
pressureSensor2 {
  thermoCapTemp: 280.73
  baroCapPressure: 796.0
  baroCapAbsoluteUncertainty: 5.1
}
