ephemerisTime: 5.27848808E8
localMeanSolarTime: " 01468M22:02:06.537 "
localTrueSolarTime: " 01468 22:29:05 "
boomOne {
  boomAirTemp: 223.92
  boomIntermediateAirTemp: 223.79
  boomAtsAirTemp: 224.36
  internalAirTempUncertainty: 0.14
  intermediateTempUncertainty: 0.32
  tipAirTempUncertainty: 0.32
  atsBoomConfidenceLevel: "    111XX1111 "
}
boomTwo {
  boomAirTemp: 222.43
  boomIntermediateAirTemp: 222.23
  boomAtsAirTemp: 222.44
  internalAirTempUncertainty: 0.16
  intermediateTempUncertainty: 0.12
  tipAirTempUncertainty: 0.35
  atsBoomConfidenceLevel: "    111XX1111 "
}
channelAHumidity {
  percentage: 3.12
  uncertainty: 10.0
}
channelBHumidity {
  percentage: 3.19
  uncertainty: 10.0
}
channelCHumidity {
  percentage: 3.37
  uncertainty: 10.0
}
humiditySensorTemp: 224.02
hsConfidenceLevel: "     0XXX "
pressureSensorConfig: " 2H "
pressureSensorConfidenceLevel: "      111 "
pressureSensor1 {
}
pressureSensor2 {
  baroCapPressure: 890.18
  baroCapAbsoluteUncertainty: 5.3
}
