ephemerisTime: 5.31965641E8
localMeanSolarTime: " 01515M07:00:48.594 "
localTrueSolarTime: " 01515 07:00:31 "
boomOne {
  boomAirTemp: 206.49
  boomIntermediateAirTemp: 209.18
  boomAtsAirTemp: 209.04
  internalAirTempUncertainty: 0.55
  intermediateTempUncertainty: 0.32
  tipAirTempUncertainty: 1.19
  atsBoomConfidenceLevel: "    011XX1111 "
}
boomTwo {
  boomAirTemp: 158.86
  boomIntermediateAirTemp: 162.38
  boomAtsAirTemp: 152.48
  internalAirTempUncertainty: 1.13
  intermediateTempUncertainty: 1.06
  tipAirTempUncertainty: 1.58
  atsBoomConfidenceLevel: "    011XX0000 "
}
channelBHumidity {
}
channelCHumidity {
}
hsConfidenceLevel: "      UNK "
pressureSensorConfig: " 2L "
pressureSensorConfidenceLevel: "      101 "
pressureSensor1 {
  thermoCapTemp: 279.3
  baroCapPressure: 949.34
  baroCapAbsoluteUncertainty: 4.9
}
pressureSensor2 {
  thermoCapTemp: 279.3
  baroCapPressure: 947.04
  baroCapAbsoluteUncertainty: 5.7
}
