ephemerisTime: 5.06950056E8
localMeanSolarTime: " 01233M12:05:43.362 "
localTrueSolarTime: " 01233 12:23:20 "
boomOne {
  boomAirTemp: 241.92
  boomIntermediateAirTemp: 237.81
  boomAtsAirTemp: 231.97
  internalAirTempUncertainty: 0.14
  intermediateTempUncertainty: 0.32
  tipAirTempUncertainty: 0.32
  atsBoomConfidenceLevel: "    111XX1111 "
}
boomTwo {
  boomAirTemp: 247.64
  boomIntermediateAirTemp: 237.88
  boomAtsAirTemp: 232.9
  internalAirTempUncertainty: 0.16
  intermediateTempUncertainty: 0.12
  tipAirTempUncertainty: 0.35
  atsBoomConfidenceLevel: "    111XX1101 "
}
channelAHumidity {
  percentage: 1.41
  uncertainty: 2.0
}
channelBHumidity {
  percentage: 1.43
  uncertainty: 2.0
}
channelCHumidity {
  percentage: 1.52
  uncertainty: 2.0
}
humiditySensorTemp: 246.99
hsConfidenceLevel: "     0XXX "
pressureSensorConfig: " 2H "
pressureSensorConfidenceLevel: "      111 "
pressureSensor1 {
}
pressureSensor2 {
  baroCapPressure: 808.27
  baroCapAbsoluteUncertainty: 6.0
}
