ephemerisTime: 5.15748581E8
localMeanSolarTime: " 01332M14:45:38.465 "
localTrueSolarTime: " 01332 15:17:39 "
boomOne {
  boomAirTemp: 263.18
  boomIntermediateAirTemp: 263.1
  boomAtsAirTemp: 260.88
  internalAirTempUncertainty: 0.14
  intermediateTempUncertainty: 0.32
  tipAirTempUncertainty: 0.32
  atsBoomConfidenceLevel: "    111XX0000 "
}
boomTwo {
  boomAirTemp: 254.93
  boomIntermediateAirTemp: 253.54
  boomAtsAirTemp: 253.68
  internalAirTempUncertainty: 0.16
  intermediateTempUncertainty: 0.12
  tipAirTempUncertainty: 0.35
  atsBoomConfidenceLevel: "    111XX0010 "
}
channelBHumidity {
}
channelCHumidity {
}
hsConfidenceLevel: "      UNK "
pressureSensorConfig: " 2H "
pressureSensorConfidenceLevel: "      101 "
pressureSensor1 {
}
pressureSensor2 {
  thermoCapTemp: 296.32
  baroCapPressure: 694.18
  baroCapAbsoluteUncertainty: 5.1
}
