ephemerisTime: 5.17218128E8
localMeanSolarTime: " 01349M04:03:00.201 "
localTrueSolarTime: " 01349 04:37:36 "
boomOne {
  boomAirTemp: 202.22
  boomIntermediateAirTemp: 203.46
  boomAtsAirTemp: 204.02
  internalAirTempUncertainty: 0.55
  intermediateTempUncertainty: 0.32
  tipAirTempUncertainty: 1.19
  atsBoomConfidenceLevel: "    011XX1111 "
}
boomTwo {
  boomAirTemp: 171.77
  boomIntermediateAirTemp: 172.17
  boomAtsAirTemp: 145.21
  internalAirTempUncertainty: 1.13
  intermediateTempUncertainty: 1.06
  tipAirTempUncertainty: 1.58
  atsBoomConfidenceLevel: "    011XX1110 "
}
channelAHumidity {
  percentage: 12.81
  uncertainty: 20.0
}
channelBHumidity {
  percentage: 12.68
  uncertainty: 20.0
}
channelCHumidity {
  percentage: 13.02
  uncertainty: 20.0
}
humiditySensorTemp: 201.87
hsConfidenceLevel: "     0XXX "
pressureSensorConfig: " 2H "
pressureSensorConfidenceLevel: "      101 "
pressureSensor1 {
  baroCapPressure: 758.55
  baroCapAbsoluteUncertainty: 4.6
}
pressureSensor2 {
  baroCapPressure: 755.64
  baroCapAbsoluteUncertainty: 5.1
}
