ephemerisTime: 5.39112278E8
localMeanSolarTime: " 01595M19:05:37.950 "
localTrueSolarTime: " 01595 18:19:08 "
boomOne {
  boomAirTemp: 240.96
  boomIntermediateAirTemp: 238.31
  boomAtsAirTemp: 236.83
  internalAirTempUncertainty: 0.14
  intermediateTempUncertainty: 0.32
  tipAirTempUncertainty: 0.32
  atsBoomConfidenceLevel: "    111XX1111 "
}
boomTwo {
  boomAirTemp: 240.1
  boomIntermediateAirTemp: 240.45
  boomAtsAirTemp: 240.33
  internalAirTempUncertainty: 0.16
  intermediateTempUncertainty: 0.12
  tipAirTempUncertainty: 0.35
  atsBoomConfidenceLevel: "    111XX1111 "
}
channelAHumidity {
  percentage: 1.69
  uncertainty: 10.0
}
channelBHumidity {
  percentage: 1.73
  uncertainty: 10.0
}
channelCHumidity {
  percentage: 1.82
  uncertainty: 10.0
}
humiditySensorTemp: 241.83
hsConfidenceLevel: "     0XXX "
pressureSensorConfig: " 2H "
pressureSensorConfidenceLevel: "      111 "
pressureSensor1 {
}
pressureSensor2 {
  baroCapPressure: 808.52
  baroCapAbsoluteUncertainty: 5.7
}
