ephemerisTime: 5.35527706E8
localMeanSolarTime: " 01555M10:00:40.764 "
localTrueSolarTime: " 01555 09:32:52 "
boomOne {
  boomAirTemp: 238.45
  boomIntermediateAirTemp: 234.26
  boomAtsAirTemp: 232.19
  internalAirTempUncertainty: 0.14
  intermediateTempUncertainty: 0.32
  tipAirTempUncertainty: 0.32
  atsBoomConfidenceLevel: "    111XX0001 "
}
boomTwo {
  boomAirTemp: 238.99
  boomIntermediateAirTemp: 240.77
  boomAtsAirTemp: 242.51
  internalAirTempUncertainty: 0.16
  intermediateTempUncertainty: 0.12
  tipAirTempUncertainty: 0.35
  atsBoomConfidenceLevel: "    111XX0111 "
}
channelBHumidity {
}
channelCHumidity {
}
hsConfidenceLevel: "      UNK "
pressureSensorConfig: " 2H "
pressureSensorConfidenceLevel: "      101 "
pressureSensor1 {
}
pressureSensor2 {
  thermoCapTemp: 282.77
  baroCapPressure: 897.75
  baroCapAbsoluteUncertainty: 5.7
}
