ephemerisTime: 5.15246459E8
localMeanSolarTime: " 01326M23:00:46.480 "
localTrueSolarTime: " 01326 23:31:52 "
boomOne {
  boomAirTemp: 209.61
  boomIntermediateAirTemp: 209.41
  boomAtsAirTemp: 207.72
  internalAirTempUncertainty: 0.14
  intermediateTempUncertainty: 0.32
  tipAirTempUncertainty: 0.32
  atsBoomConfidenceLevel: "    111XX1111 "
}
boomTwo {
  boomAirTemp: 203.11
  boomIntermediateAirTemp: 205.46
  boomAtsAirTemp: 173.26
  internalAirTempUncertainty: 1.13
  intermediateTempUncertainty: 1.06
  tipAirTempUncertainty: 1.58
  atsBoomConfidenceLevel: "    011XX1110 "
}
channelBHumidity {
}
channelCHumidity {
}
hsConfidenceLevel: "      UNK "
pressureSensorConfig: " 2H "
pressureSensorConfidenceLevel: "      101 "
pressureSensor1 {
}
pressureSensor2 {
  thermoCapTemp: 281.25
  baroCapPressure: 743.45
  baroCapAbsoluteUncertainty: 5.1
}
