ephemerisTime: 5.15395508E8
localMeanSolarTime: " 01328M15:18:28.938 "
localTrueSolarTime: " 01328 15:49:51 "
boomOne {
  boomAirTemp: 264.72
  boomIntermediateAirTemp: 262.42
  boomAtsAirTemp: 259.7
  internalAirTempUncertainty: 0.14
  intermediateTempUncertainty: 0.32
  tipAirTempUncertainty: 0.32
  atsBoomConfidenceLevel: "    111XX0001 "
}
boomTwo {
  boomAirTemp: 268.29
  boomIntermediateAirTemp: 269.9
  boomAtsAirTemp: 268.04
  internalAirTempUncertainty: 0.16
  intermediateTempUncertainty: 0.12
  tipAirTempUncertainty: 0.35
  atsBoomConfidenceLevel: "    111XX0001 "
}
channelAHumidity {
  percentage: 0.77
  uncertainty: 2.0
}
channelBHumidity {
  percentage: 0.72
  uncertainty: 2.0
}
channelCHumidity {
  percentage: 0.76
  uncertainty: 2.0
}
humiditySensorTemp: 268.32
hsConfidenceLevel: "     0XXX "
pressureSensorConfig: " 2H "
pressureSensorConfidenceLevel: "      111 "
pressureSensor1 {
}
pressureSensor2 {
  baroCapPressure: 693.58
  baroCapAbsoluteUncertainty: 5.1
}
