ephemerisTime: 5.15357588E8
localMeanSolarTime: " 01328M05:03:23.166 "
localTrueSolarTime: " 01328 05:34:41 "
boomOne {
  boomAirTemp: 199.52
  boomIntermediateAirTemp: 198.26
  boomAtsAirTemp: 198.28
  internalAirTempUncertainty: 0.55
  intermediateTempUncertainty: 0.32
  tipAirTempUncertainty: 1.19
  atsBoomConfidenceLevel: "    011XX1111 "
}
boomTwo {
  boomAirTemp: 188.28
  boomIntermediateAirTemp: 190.28
  boomAtsAirTemp: 140.84
  internalAirTempUncertainty: 1.13
  intermediateTempUncertainty: 1.06
  tipAirTempUncertainty: 1.58
  atsBoomConfidenceLevel: "    011XX1110 "
}
channelAHumidity {
  percentage: 17.55
  uncertainty: 20.0
}
channelBHumidity {
  percentage: 17.24
  uncertainty: 20.0
}
channelCHumidity {
  percentage: 17.92
  uncertainty: 20.0
}
humiditySensorTemp: 199.75
hsConfidenceLevel: "     0XXX "
pressureSensorConfig: " 2H "
pressureSensorConfidenceLevel: "      101 "
pressureSensor1 {
}
pressureSensor2 {
  baroCapPressure: 752.41
  baroCapAbsoluteUncertainty: 5.1
}
