ephemerisTime: 5.20297328E8
localMeanSolarTime: " 01383M20:30:22.326 "
localTrueSolarTime: " 01383 21:09:13 "
boomOne {
  boomAirTemp: 224.32
  boomIntermediateAirTemp: 224.08
  boomAtsAirTemp: 223.96
  internalAirTempUncertainty: 0.14
  intermediateTempUncertainty: 0.32
  tipAirTempUncertainty: 0.32
  atsBoomConfidenceLevel: "    111XX1111 "
}
boomTwo {
  boomAirTemp: 219.58
  boomIntermediateAirTemp: 219.21
  boomAtsAirTemp: 219.51
  internalAirTempUncertainty: 0.16
  intermediateTempUncertainty: 0.12
  tipAirTempUncertainty: 0.35
  atsBoomConfidenceLevel: "    111XX1111 "
}
channelAHumidity {
  percentage: 3.88
  uncertainty: 10.0
}
channelBHumidity {
  percentage: 3.95
  uncertainty: 10.0
}
channelCHumidity {
  percentage: 4.17
  uncertainty: 10.0
}
humiditySensorTemp: 223.99
hsConfidenceLevel: "     0XXX "
pressureSensorConfig: " 2H "
pressureSensorConfidenceLevel: "      111 "
pressureSensor1 {
}
pressureSensor2 {
  baroCapPressure: 747.58
  baroCapAbsoluteUncertainty: 5.1
}
