ephemerisTime: 5.40981909E8
localMeanSolarTime: " 01616M20:32:42.833 "
localTrueSolarTime: " 01616 19:42:04 "
boomOne {
  boomAirTemp: 229.57
  boomIntermediateAirTemp: 228.25
  boomAtsAirTemp: 227.26
  internalAirTempUncertainty: 0.14
  intermediateTempUncertainty: 0.32
  tipAirTempUncertainty: 0.32
  atsBoomConfidenceLevel: "    111XX1111 "
}
boomTwo {
  boomAirTemp: 226.93
  boomIntermediateAirTemp: 225.92
  boomAtsAirTemp: 225.08
  internalAirTempUncertainty: 0.16
  intermediateTempUncertainty: 0.12
  tipAirTempUncertainty: 0.35
  atsBoomConfidenceLevel: "    111XX1111 "
}
channelAHumidity {
  percentage: 2.62
  uncertainty: 10.0
}
channelBHumidity {
  percentage: 2.69
  uncertainty: 10.0
}
channelCHumidity {
  percentage: 2.84
  uncertainty: 10.0
}
humiditySensorTemp: 228.42
hsConfidenceLevel: "     0XXX "
pressureSensorConfig: " 2H "
pressureSensorConfidenceLevel: "      111 "
pressureSensor1 {
}
pressureSensor2 {
  thermoCapTemp: 289.8
  baroCapPressure: 823.96
  baroCapAbsoluteUncertainty: 5.7
}
