ephemerisTime: 5.102973E8
localMeanSolarTime: " 01271M05:01:00.245 "
localTrueSolarTime: " 01271 05:23:38 "
boomOne {
  boomAirTemp: 192.46
  boomIntermediateAirTemp: 191.59
  boomAtsAirTemp: 190.74
  internalAirTempUncertainty: 0.55
  intermediateTempUncertainty: 0.32
  tipAirTempUncertainty: 1.19
  atsBoomConfidenceLevel: "    011XX1111 "
}
boomTwo {
  boomAirTemp: 137.6
  boomIntermediateAirTemp: 138.89
  boomAtsAirTemp: 131.22
  internalAirTempUncertainty: 1.13
  intermediateTempUncertainty: 1.06
  tipAirTempUncertainty: 1.58
  atsBoomConfidenceLevel: "    011XX1110 "
}
channelBHumidity {
}
channelCHumidity {
}
hsConfidenceLevel: "      UNK "
pressureSensorConfig: " 2H "
pressureSensorConfidenceLevel: "      101 "
pressureSensor1 {
}
pressureSensor2 {
  thermoCapTemp: 279.42
  baroCapPressure: 792.39
  baroCapAbsoluteUncertainty: 6.0
}
