ephemerisTime: 5.1557597E8
localMeanSolarTime: " 01330M16:05:44.208 "
localTrueSolarTime: " 01330 16:37:26 "
boomOne {
  boomAirTemp: 258.56
  boomIntermediateAirTemp: 259.15
  boomAtsAirTemp: 256.03
  internalAirTempUncertainty: 0.14
  intermediateTempUncertainty: 0.32
  tipAirTempUncertainty: 0.32
  atsBoomConfidenceLevel: "    111XX0001 "
}
boomTwo {
  boomAirTemp: 251.75
  boomIntermediateAirTemp: 250.59
  boomAtsAirTemp: 250.11
  internalAirTempUncertainty: 0.16
  intermediateTempUncertainty: 0.12
  tipAirTempUncertainty: 0.35
  atsBoomConfidenceLevel: "    111XX0011 "
}
channelAHumidity {
  percentage: 1.17
  uncertainty: 2.0
}
channelBHumidity {
  percentage: 1.14
  uncertainty: 2.0
}
channelCHumidity {
  percentage: 1.22
  uncertainty: 2.0
}
humiditySensorTemp: 252.31
hsConfidenceLevel: "     0XXX "
pressureSensorConfig: " 2H "
pressureSensorConfidenceLevel: "      111 "
pressureSensor1 {
  baroCapPressure: 694.65
  baroCapAbsoluteUncertainty: 4.6
}
pressureSensor2 {
  baroCapPressure: 691.23
  baroCapAbsoluteUncertainty: 5.1
}
