ephemerisTime: 5.19533515E8
localMeanSolarTime: " 01375M06:00:38.663 "
localTrueSolarTime: " 01375 06:38:41 "
boomOne {
  boomAirTemp: 201.13
  boomIntermediateAirTemp: 202.91
  boomAtsAirTemp: 202.98
  internalAirTempUncertainty: 0.55
  intermediateTempUncertainty: 0.32
  tipAirTempUncertainty: 1.19
  atsBoomConfidenceLevel: "    011XX1111 "
}
boomTwo {
  boomAirTemp: 182.82
  boomIntermediateAirTemp: 183.93
  boomAtsAirTemp: 147.88
  internalAirTempUncertainty: 1.13
  intermediateTempUncertainty: 1.06
  tipAirTempUncertainty: 1.58
  atsBoomConfidenceLevel: "    011XX0000 "
}
channelBHumidity {
}
channelCHumidity {
}
hsConfidenceLevel: "      UNK "
pressureSensorConfig: " 2H "
pressureSensorConfidenceLevel: "      101 "
pressureSensor1 {
}
pressureSensor2 {
  thermoCapTemp: 278.86
  baroCapPressure: 779.89
  baroCapAbsoluteUncertainty: 5.1
}
