ephemerisTime: 5.09090468E8
localMeanSolarTime: " 01257M14:45:06.797 "
localTrueSolarTime: " 01257 15:05:55 "
boomOne {
  boomAirTemp: 254.19
  boomIntermediateAirTemp: 252.04
  boomAtsAirTemp: 247.69
  internalAirTempUncertainty: 0.14
  intermediateTempUncertainty: 0.32
  tipAirTempUncertainty: 0.32
  atsBoomConfidenceLevel: "    111XX0001 "
}
boomTwo {
  boomAirTemp: 256.94
  boomIntermediateAirTemp: 256.42
  boomAtsAirTemp: 254.32
  internalAirTempUncertainty: 0.16
  intermediateTempUncertainty: 0.12
  tipAirTempUncertainty: 0.35
  atsBoomConfidenceLevel: "    111XX0001 "
}
channelAHumidity {
  percentage: 1.05
  uncertainty: 2.0
}
channelBHumidity {
  percentage: 1.04
  uncertainty: 2.0
}
channelCHumidity {
  percentage: 1.1
  uncertainty: 2.0
}
humiditySensorTemp: 257.09
hsConfidenceLevel: "     0XXX "
pressureSensorConfig: " 2H "
pressureSensorConfidenceLevel: "      111 "
pressureSensor1 {
}
pressureSensor2 {
  thermoCapTemp: 292.66
  baroCapPressure: 760.83
  baroCapAbsoluteUncertainty: 6.0
}
