ephemerisTime: 5.18700128E8
localMeanSolarTime: " 01365M20:42:21.863 "
localTrueSolarTime: " 01365 21:19:18 "
boomOne {
  boomAirTemp: 223.41
  boomIntermediateAirTemp: 222.86
  boomAtsAirTemp: 223.17
  internalAirTempUncertainty: 0.14
  intermediateTempUncertainty: 0.32
  tipAirTempUncertainty: 0.32
  atsBoomConfidenceLevel: "    111XX1111 "
}
boomTwo {
  boomAirTemp: 223.01
  boomIntermediateAirTemp: 222.77
  boomAtsAirTemp: 222.81
  internalAirTempUncertainty: 0.16
  intermediateTempUncertainty: 0.12
  tipAirTempUncertainty: 0.35
  atsBoomConfidenceLevel: "    111XX1111 "
}
channelAHumidity {
  percentage: 3.39
  uncertainty: 10.0
}
channelBHumidity {
  percentage: 3.47
  uncertainty: 10.0
}
channelCHumidity {
  percentage: 3.64
  uncertainty: 10.0
}
humiditySensorTemp: 224.5
hsConfidenceLevel: "     0XXX "
pressureSensorConfig: " 2H "
pressureSensorConfidenceLevel: "      111 "
pressureSensor1 {
}
pressureSensor2 {
  baroCapPressure: 734.57
  baroCapAbsoluteUncertainty: 5.1
}
