ephemerisTime: 5.41465329E8
localMeanSolarTime: " 01622M07:14:13.032 "
localTrueSolarTime: " 01622 06:23:07 "
boomOne {
  boomAirTemp: 205.94
  boomIntermediateAirTemp: 205.77
  boomAtsAirTemp: 205.89
  internalAirTempUncertainty: 0.55
  intermediateTempUncertainty: 0.32
  tipAirTempUncertainty: 1.19
  atsBoomConfidenceLevel: "    011XX0001 "
}
boomTwo {
  boomAirTemp: 200.41
  boomIntermediateAirTemp: 201.36
  boomAtsAirTemp: 155.02
  internalAirTempUncertainty: 1.13
  intermediateTempUncertainty: 1.06
  tipAirTempUncertainty: 1.58
  atsBoomConfidenceLevel: "    011XX1110 "
}
channelAHumidity {
  percentage: 9.29
  uncertainty: 10.0
}
channelBHumidity {
  percentage: 9.42
  uncertainty: 10.0
}
channelCHumidity {
  percentage: 9.82
  uncertainty: 10.0
}
humiditySensorTemp: 206.43
hsConfidenceLevel: "     0XXX "
pressureSensorConfig: " 2H "
pressureSensorConfidenceLevel: "      111 "
pressureSensor1 {
}
pressureSensor2 {
  thermoCapTemp: 283.85
  baroCapPressure: 888.61
  baroCapAbsoluteUncertainty: 5.7
}
