ephemerisTime: 5.06627941E8
localMeanSolarTime: " 01229M21:00:43.816 "
localTrueSolarTime: " 01229 21:17:51 "
boomOne {
  boomAirTemp: 206.25
  boomIntermediateAirTemp: 207.24
  boomAtsAirTemp: 207.12
  internalAirTempUncertainty: 0.14
  intermediateTempUncertainty: 0.32
  tipAirTempUncertainty: 0.32
  atsBoomConfidenceLevel: "    111XX1111 "
}
boomTwo {
  boomAirTemp: 202.1
  boomIntermediateAirTemp: 204.05
  boomAtsAirTemp: 202.32
  internalAirTempUncertainty: 1.13
  intermediateTempUncertainty: 1.06
  tipAirTempUncertainty: 1.58
  atsBoomConfidenceLevel: "    011XX1111 "
}
channelBHumidity {
}
channelCHumidity {
}
hsConfidenceLevel: "      UNK "
pressureSensorConfig: " 2H "
pressureSensorConfidenceLevel: "      101 "
pressureSensor1 {
}
pressureSensor2 {
  thermoCapTemp: 281.48
  baroCapPressure: 818.62
  baroCapAbsoluteUncertainty: 6.0
}
