ephemerisTime: 5.35179428E8
localMeanSolarTime: " 01551M11:51:17.987 "
localTrueSolarTime: " 01551 11:25:57 "
boomOne {
  boomAirTemp: 260.84
  boomIntermediateAirTemp: 260.58
  boomAtsAirTemp: 254.35
  internalAirTempUncertainty: 0.14
  intermediateTempUncertainty: 0.32
  tipAirTempUncertainty: 0.32
  atsBoomConfidenceLevel: "    111XX1111 "
}
boomTwo {
  boomAirTemp: 262.32
  boomIntermediateAirTemp: 260.62
  boomAtsAirTemp: 251.6
  internalAirTempUncertainty: 0.16
  intermediateTempUncertainty: 0.12
  tipAirTempUncertainty: 0.35
  atsBoomConfidenceLevel: "    111XX0001 "
}
channelAHumidity {
  percentage: 0.96
  uncertainty: 2.0
}
channelBHumidity {
  percentage: 0.95
  uncertainty: 2.0
}
channelCHumidity {
  percentage: 1.0
  uncertainty: 2.0
}
humiditySensorTemp: 262.1
hsConfidenceLevel: "     0XXX "
pressureSensorConfig: " 2H "
pressureSensorConfidenceLevel: "      111 "
