ephemerisTime: 5.43336463E8
localMeanSolarTime: " 01643M09:05:40.715 "
localTrueSolarTime: " 01643 08:14:55 "
boomOne {
  boomAirTemp: 219.24
  boomIntermediateAirTemp: 220.7
  boomAtsAirTemp: 221.13
  internalAirTempUncertainty: 0.14
  intermediateTempUncertainty: 0.32
  tipAirTempUncertainty: 0.32
  atsBoomConfidenceLevel: "    111XX0001 "
}
boomTwo {
  boomAirTemp: 220.08
  boomIntermediateAirTemp: 222.91
  boomAtsAirTemp: 224.62
  internalAirTempUncertainty: 0.16
  intermediateTempUncertainty: 0.12
  tipAirTempUncertainty: 0.35
  atsBoomConfidenceLevel: "    111XX0101 "
}
channelAHumidity {
  percentage: 2.65
  uncertainty: 10.0
}
channelBHumidity {
  percentage: 2.7
  uncertainty: 10.0
}
channelCHumidity {
  percentage: 2.87
  uncertainty: 10.0
}
humiditySensorTemp: 222.38
hsConfidenceLevel: "     0XXX "
pressureSensorConfig: " 2H "
pressureSensorConfidenceLevel: "      111 "
pressureSensor1 {
  baroCapPressure: 865.38
  baroCapAbsoluteUncertainty: 4.9
}
pressureSensor2 {
  baroCapPressure: 862.25
  baroCapAbsoluteUncertainty: 5.7
}
