ephemerisTime: 5.27627095E8
localMeanSolarTime: " 01466M10:05:43.588 "
localTrueSolarTime: " 01466 10:33:46 "
boomOne {
  boomAirTemp: 257.79
  boomIntermediateAirTemp: 253.43
  boomAtsAirTemp: 247.55
  internalAirTempUncertainty: 0.14
  intermediateTempUncertainty: 0.32
  tipAirTempUncertainty: 0.32
  atsBoomConfidenceLevel: "    111XX0011 "
}
boomTwo {
  boomAirTemp: 253.22
  boomIntermediateAirTemp: 251.85
  boomAtsAirTemp: 247.46
  internalAirTempUncertainty: 0.16
  intermediateTempUncertainty: 0.12
  tipAirTempUncertainty: 0.35
  atsBoomConfidenceLevel: "    111XX1111 "
}
channelAHumidity {
  percentage: 1.09
  uncertainty: 2.0
}
channelBHumidity {
  percentage: 1.08
  uncertainty: 2.0
}
channelCHumidity {
  percentage: 1.15
  uncertainty: 2.0
}
humiditySensorTemp: 253.85
hsConfidenceLevel: "     0XXX "
pressureSensorConfig: " 2H "
pressureSensorConfidenceLevel: "      111 "
pressureSensor1 {
}
pressureSensor2 {
  baroCapPressure: 880.61
  baroCapAbsoluteUncertainty: 5.3
}
