ephemerisTime: 5.15512778E8
localMeanSolarTime: " 01329M23:00:42.374 "
localTrueSolarTime: " 01329 23:32:17 "
boomOne {
  boomAirTemp: 208.4
  boomIntermediateAirTemp: 209.44
  boomAtsAirTemp: 208.84
  internalAirTempUncertainty: 0.14
  intermediateTempUncertainty: 0.32
  tipAirTempUncertainty: 0.32
  atsBoomConfidenceLevel: "    111XX1111 "
}
boomTwo {
  boomAirTemp: 207.02
  boomIntermediateAirTemp: 208.89
  boomAtsAirTemp: 209.31
  internalAirTempUncertainty: 1.13
  intermediateTempUncertainty: 1.06
  tipAirTempUncertainty: 1.58
  atsBoomConfidenceLevel: "    011XX1111 "
}
channelBHumidity {
}
channelCHumidity {
}
hsConfidenceLevel: "      UNK "
pressureSensorConfig: " 2H "
pressureSensorConfidenceLevel: "      101 "
pressureSensor1 {
}
pressureSensor2 {
  thermoCapTemp: 280.07
  baroCapPressure: 743.9
  baroCapAbsoluteUncertainty: 5.1
}
