ephemerisTime: 5.43766509E8
localMeanSolarTime: " 01648M05:21:24.483 "
localTrueSolarTime: " 01648 04:31:09 "
boomOne {
  boomAirTemp: 204.16
  boomIntermediateAirTemp: 203.37
  boomAtsAirTemp: 202.07
  internalAirTempUncertainty: 0.55
  intermediateTempUncertainty: 0.32
  tipAirTempUncertainty: 1.19
  atsBoomConfidenceLevel: "    011XX1111 "
}
boomTwo {
  boomAirTemp: 160.75
  boomIntermediateAirTemp: 161.28
  boomAtsAirTemp: 142.58
  internalAirTempUncertainty: 1.13
  intermediateTempUncertainty: 1.06
  tipAirTempUncertainty: 1.58
  atsBoomConfidenceLevel: "    011XX1110 "
}
channelAHumidity {
  percentage: 10.61
  uncertainty: 10.0
}
channelBHumidity {
  percentage: 10.63
  uncertainty: 10.0
}
channelCHumidity {
  percentage: 11.07
  uncertainty: 10.0
}
humiditySensorTemp: 204.36
hsConfidenceLevel: "     0XXX "
pressureSensorConfig: " 2H "
pressureSensorConfidenceLevel: "      111 "
pressureSensor1 {
}
pressureSensor2 {
  baroCapPressure: 848.62
  baroCapAbsoluteUncertainty: 5.7
}
