ephemerisTime: 5.15373308E8
localMeanSolarTime: " 01328M09:18:22.711 "
localTrueSolarTime: " 01328 09:49:42 "
boomOne {
  boomAirTemp: 241.57
  boomIntermediateAirTemp: 233.56
  boomAtsAirTemp: 230.92
  internalAirTempUncertainty: 0.14
  intermediateTempUncertainty: 0.32
  tipAirTempUncertainty: 0.32
  atsBoomConfidenceLevel: "    111XX0001 "
}
boomTwo {
  boomAirTemp: 229.8
  boomIntermediateAirTemp: 228.08
  boomAtsAirTemp: 225.81
  internalAirTempUncertainty: 0.16
  intermediateTempUncertainty: 0.12
  tipAirTempUncertainty: 0.35
  atsBoomConfidenceLevel: "    111XX1111 "
}
channelAHumidity {
  percentage: 2.5
  uncertainty: 10.0
}
channelBHumidity {
  percentage: 2.51
  uncertainty: 10.0
}
channelCHumidity {
  percentage: 2.65
  uncertainty: 10.0
}
humiditySensorTemp: 230.62
hsConfidenceLevel: "     0XXX "
pressureSensorConfig: " 2H "
pressureSensorConfidenceLevel: "      111 "
pressureSensor1 {
}
pressureSensor2 {
  baroCapPressure: 744.41
  baroCapAbsoluteUncertainty: 5.1
}
