ephemerisTime: 5.06990753E8
localMeanSolarTime: " 01233M23:05:51.859 "
localTrueSolarTime: " 01233 23:23:33 "
boomOne {
  boomAirTemp: 200.34
  boomIntermediateAirTemp: 199.04
  boomAtsAirTemp: 198.24
  internalAirTempUncertainty: 0.14
  intermediateTempUncertainty: 0.32
  tipAirTempUncertainty: 0.32
  atsBoomConfidenceLevel: "    111XX1111 "
}
boomTwo {
  boomAirTemp: 161.22
  boomIntermediateAirTemp: 164.09
  boomAtsAirTemp: 143.82
  internalAirTempUncertainty: 1.13
  intermediateTempUncertainty: 1.06
  tipAirTempUncertainty: 1.58
  atsBoomConfidenceLevel: "    011XX1110 "
}
channelAHumidity {
  percentage: 15.84
  uncertainty: 20.0
}
channelBHumidity {
  percentage: 15.88
  uncertainty: 20.0
}
channelCHumidity {
  percentage: 16.61
  uncertainty: 20.0
}
humiditySensorTemp: 201.49
hsConfidenceLevel: "     0XXX "
pressureSensorConfig: " 2H "
pressureSensorConfidenceLevel: "      111 "
pressureSensor1 {
  baroCapPressure: 835.01
  baroCapAbsoluteUncertainty: 4.4
}
pressureSensor2 {
  baroCapPressure: 831.53
  baroCapAbsoluteUncertainty: 6.0
}
