ephemerisTime: 5.28574025E8
localMeanSolarTime: " 01477M02:05:46.508 "
localTrueSolarTime: " 01477 02:28:58 "
boomOne {
  boomAirTemp: 211.07
  boomIntermediateAirTemp: 211.65
  boomAtsAirTemp: 211.95
  internalAirTempUncertainty: 0.14
  intermediateTempUncertainty: 0.32
  tipAirTempUncertainty: 0.32
  atsBoomConfidenceLevel: "    111XX1111 "
}
boomTwo {
  boomAirTemp: 209.98
  boomIntermediateAirTemp: 210.19
  boomAtsAirTemp: 211.53
  internalAirTempUncertainty: 0.16
  intermediateTempUncertainty: 0.12
  tipAirTempUncertainty: 0.35
  atsBoomConfidenceLevel: "    111XX1111 "
}
channelAHumidity {
  percentage: 5.43
  uncertainty: 10.0
}
channelBHumidity {
  percentage: 5.49
  uncertainty: 10.0
}
channelCHumidity {
  percentage: 5.71
  uncertainty: 10.0
}
humiditySensorTemp: 211.9
hsConfidenceLevel: "     0XXX "
pressureSensorConfig: " 2H "
pressureSensorConfidenceLevel: "      111 "
pressureSensor1 {
  baroCapPressure: 914.73
  baroCapAbsoluteUncertainty: 4.7
}
pressureSensor2 {
  baroCapPressure: 912.13
  baroCapAbsoluteUncertainty: 5.3
}
