ephemerisTime: 5.31692648E8
localMeanSolarTime: " 01512M05:12:37.206 "
localTrueSolarTime: " 01512 05:14:28 "
boomOne {
  boomAirTemp: 205.95
  boomIntermediateAirTemp: 205.09
  boomAtsAirTemp: 204.09
  internalAirTempUncertainty: 0.55
  intermediateTempUncertainty: 0.32
  tipAirTempUncertainty: 1.19
  atsBoomConfidenceLevel: "    011XX1111 "
}
boomTwo {
  boomAirTemp: 201.7
  boomIntermediateAirTemp: 201.04
  boomAtsAirTemp: 191.58
  internalAirTempUncertainty: 1.13
  intermediateTempUncertainty: 1.06
  tipAirTempUncertainty: 1.58
  atsBoomConfidenceLevel: "    011XX1110 "
}
channelAHumidity {
  percentage: 7.84
  uncertainty: 10.0
}
channelBHumidity {
  percentage: 7.98
  uncertainty: 10.0
}
channelCHumidity {
  percentage: 8.34
  uncertainty: 10.0
}
humiditySensorTemp: 206.37
hsConfidenceLevel: "     0XXX "
pressureSensorConfig: " 2H "
pressureSensorConfidenceLevel: "      111 "
pressureSensor1 {
}
pressureSensor2 {
  baroCapPressure: 933.87
  baroCapAbsoluteUncertainty: 5.3
}
