ephemerisTime: 5.0767504E8
localMeanSolarTime: " 01241M16:05:36.566 "
localTrueSolarTime: " 01241 16:24:19 "
boomOne {
  boomAirTemp: 243.83
  boomIntermediateAirTemp: 242.8
  boomAtsAirTemp: 241.18
  internalAirTempUncertainty: 0.14
  intermediateTempUncertainty: 0.32
  tipAirTempUncertainty: 0.32
  atsBoomConfidenceLevel: "    111XX1111 "
}
boomTwo {
  boomAirTemp: 249.94
  boomIntermediateAirTemp: 246.65
  boomAtsAirTemp: 243.27
  internalAirTempUncertainty: 0.16
  intermediateTempUncertainty: 0.12
  tipAirTempUncertainty: 0.35
  atsBoomConfidenceLevel: "    111XX0001 "
}
channelAHumidity {
  percentage: 1.23
  uncertainty: 2.0
}
channelBHumidity {
  percentage: 1.26
  uncertainty: 2.0
}
channelCHumidity {
  percentage: 1.32
  uncertainty: 2.0
}
humiditySensorTemp: 249.74
hsConfidenceLevel: "     0XXX "
pressureSensorConfig: " 2H "
pressureSensorConfidenceLevel: "      111 "
pressureSensor1 {
  baroCapPressure: 784.43
  baroCapAbsoluteUncertainty: 4.4
}
pressureSensor2 {
  baroCapPressure: 780.73
  baroCapAbsoluteUncertainty: 6.0
}
