ephemerisTime: 5.29983309E8
localMeanSolarTime: " 01492M23:05:37.070 "
localTrueSolarTime: " 01492 23:20:02 "
boomOne {
  boomAirTemp: 219.1
  boomIntermediateAirTemp: 220.37
  boomAtsAirTemp: 220.44
  internalAirTempUncertainty: 0.14
  intermediateTempUncertainty: 0.32
  tipAirTempUncertainty: 0.32
  atsBoomConfidenceLevel: "    111XX1111 "
}
boomTwo {
  boomAirTemp: 213.6
  boomIntermediateAirTemp: 216.03
  boomAtsAirTemp: 190.01
  internalAirTempUncertainty: 0.16
  intermediateTempUncertainty: 0.12
  tipAirTempUncertainty: 0.35
  atsBoomConfidenceLevel: "    111XX1110 "
}
channelAHumidity {
  percentage: 3.91
  uncertainty: 10.0
}
channelBHumidity {
  percentage: 3.96
  uncertainty: 10.0
}
channelCHumidity {
  percentage: 4.18
  uncertainty: 10.0
}
humiditySensorTemp: 220.12
hsConfidenceLevel: "     0XXX "
pressureSensorConfig: " 2H "
pressureSensorConfidenceLevel: "      111 "
pressureSensor1 {
  baroCapPressure: 928.47
  baroCapAbsoluteUncertainty: 4.7
}
pressureSensor2 {
  baroCapPressure: 925.87
  baroCapAbsoluteUncertainty: 5.3
}
