ephemerisTime: 5.13471269E8
localMeanSolarTime: " 01306M23:05:36.629 "
localTrueSolarTime: " 01306 23:33:30 "
boomOne {
  boomAirTemp: 206.07
  boomIntermediateAirTemp: 206.54
  boomAtsAirTemp: 205.98
  internalAirTempUncertainty: 0.55
  intermediateTempUncertainty: 0.32
  tipAirTempUncertainty: 1.19
  atsBoomConfidenceLevel: "    011XX1111 "
}
boomTwo {
  boomAirTemp: 196.51
  boomIntermediateAirTemp: 197.85
  boomAtsAirTemp: 149.7
  internalAirTempUncertainty: 1.13
  intermediateTempUncertainty: 1.06
  tipAirTempUncertainty: 1.58
  atsBoomConfidenceLevel: "    011XX1110 "
}
channelAHumidity {
  percentage: 11.08
  uncertainty: 10.0
}
channelBHumidity {
  percentage: 11.11
  uncertainty: 10.0
}
channelCHumidity {
  percentage: 11.55
  uncertainty: 10.0
}
humiditySensorTemp: 206.96
hsConfidenceLevel: "     0XXX "
pressureSensorConfig: " 2H "
pressureSensorConfidenceLevel: "      111 "
pressureSensor1 {
  baroCapPressure: 764.31
  baroCapAbsoluteUncertainty: 4.6
}
pressureSensor2 {
  baroCapPressure: 760.78
  baroCapAbsoluteUncertainty: 5.1
}
