ephemerisTime: 5.2237831E8
localMeanSolarTime: " 01407M07:05:45.305 "
localTrueSolarTime: " 01407 07:45:29 "
boomOne {
  boomAirTemp: 222.78
  boomIntermediateAirTemp: 223.97
  boomAtsAirTemp: 222.9
  internalAirTempUncertainty: 0.14
  intermediateTempUncertainty: 0.32
  tipAirTempUncertainty: 0.32
  atsBoomConfidenceLevel: "    111XX0001 "
}
boomTwo {
  boomAirTemp: 217.68
  boomIntermediateAirTemp: 217.04
  boomAtsAirTemp: 217.29
  internalAirTempUncertainty: 0.16
  intermediateTempUncertainty: 0.12
  tipAirTempUncertainty: 0.35
  atsBoomConfidenceLevel: "    111XX0011 "
}
channelAHumidity {
  percentage: 3.25
  uncertainty: 10.0
}
channelBHumidity {
  percentage: 3.33
  uncertainty: 10.0
}
channelCHumidity {
  percentage: 3.48
  uncertainty: 10.0
}
humiditySensorTemp: 218.84
hsConfidenceLevel: "     0XXX "
pressureSensorConfig: " 2H "
pressureSensorConfidenceLevel: "      111 "
pressureSensor1 {
  baroCapPressure: 814.93
  baroCapAbsoluteUncertainty: 4.6
}
pressureSensor2 {
  baroCapPressure: 812.26
  baroCapAbsoluteUncertainty: 5.1
}
