ephemerisTime: 5.10431408E8
localMeanSolarTime: " 01272M17:16:21.323 "
localTrueSolarTime: " 01272 17:39:11 "
boomOne {
  boomAirTemp: 239.93
  boomIntermediateAirTemp: 235.18
  boomAtsAirTemp: 229.53
  internalAirTempUncertainty: 0.14
  intermediateTempUncertainty: 0.32
  tipAirTempUncertainty: 0.32
  atsBoomConfidenceLevel: "    111XX0001 "
}
boomTwo {
  boomAirTemp: 238.23
  boomIntermediateAirTemp: 232.78
  boomAtsAirTemp: 228.11
  internalAirTempUncertainty: 0.16
  intermediateTempUncertainty: 0.12
  tipAirTempUncertainty: 0.35
  atsBoomConfidenceLevel: "    111XX0001 "
}
channelAHumidity {
  percentage: 1.76
  uncertainty: 10.0
}
channelBHumidity {
  percentage: 1.81
  uncertainty: 10.0
}
channelCHumidity {
  percentage: 1.91
  uncertainty: 10.0
}
humiditySensorTemp: 238.45
hsConfidenceLevel: "     0XXX "
pressureSensorConfig: " 2H "
pressureSensorConfidenceLevel: "      111 "
pressureSensor1 {
}
pressureSensor2 {
  thermoCapTemp: 290.33
  baroCapPressure: 746.71
  baroCapAbsoluteUncertainty: 6.0
}
