ephemerisTime: 5.15698034E8
localMeanSolarTime: " 01332M01:05:43.421 "
localTrueSolarTime: " 01332 01:37:38 "
boomOne {
  boomAirTemp: 206.17
  boomIntermediateAirTemp: 205.28
  boomAtsAirTemp: 205.01
  internalAirTempUncertainty: 0.55
  intermediateTempUncertainty: 0.32
  tipAirTempUncertainty: 1.19
  atsBoomConfidenceLevel: "    011XX1111 "
}
boomTwo {
  boomAirTemp: 200.74
  boomIntermediateAirTemp: 200.3
  boomAtsAirTemp: 156.47
  internalAirTempUncertainty: 1.13
  intermediateTempUncertainty: 1.06
  tipAirTempUncertainty: 1.58
  atsBoomConfidenceLevel: "    011XX1110 "
}
channelAHumidity {
  percentage: 9.14
  uncertainty: 10.0
}
channelBHumidity {
  percentage: 9.07
  uncertainty: 10.0
}
channelCHumidity {
  percentage: 9.44
  uncertainty: 10.0
}
humiditySensorTemp: 206.63
hsConfidenceLevel: "     0XXX "
pressureSensorConfig: " 2H "
pressureSensorConfidenceLevel: "      111 "
pressureSensor1 {
  baroCapPressure: 754.47
  baroCapAbsoluteUncertainty: 4.6
}
pressureSensor2 {
  baroCapPressure: 751.27
  baroCapAbsoluteUncertainty: 5.1
}
