ephemerisTime: 5.24468199E8
localMeanSolarTime: " 01430M20:05:37.053 "
localTrueSolarTime: " 01430 20:43:32 "
boomOne {
  boomAirTemp: 227.94
  boomIntermediateAirTemp: 229.28
  boomAtsAirTemp: 230.01
  internalAirTempUncertainty: 0.14
  intermediateTempUncertainty: 0.32
  tipAirTempUncertainty: 0.32
  atsBoomConfidenceLevel: "    111XX1111 "
}
boomTwo {
  boomAirTemp: 226.75
  boomIntermediateAirTemp: 228.38
  boomAtsAirTemp: 230.09
  internalAirTempUncertainty: 0.16
  intermediateTempUncertainty: 0.12
  tipAirTempUncertainty: 0.35
  atsBoomConfidenceLevel: "    111XX1111 "
}
channelAHumidity {
  percentage: 2.86
  uncertainty: 10.0
}
channelBHumidity {
  percentage: 2.89
  uncertainty: 10.0
}
channelCHumidity {
  percentage: 3.07
  uncertainty: 10.0
}
humiditySensorTemp: 228.28
hsConfidenceLevel: "     0XXX "
pressureSensorConfig: " 2H "
pressureSensorConfidenceLevel: "      111 "
pressureSensor1 {
  baroCapPressure: 806.71
  baroCapAbsoluteUncertainty: 4.7
}
pressureSensor2 {
  baroCapPressure: 804.25
  baroCapAbsoluteUncertainty: 5.3
}
