ephemerisTime: 5.30922534E8
localMeanSolarTime: " 01503M13:00:41.073 "
localTrueSolarTime: " 01503 13:08:24 "
boomOne {
  boomAirTemp: 269.42
  boomIntermediateAirTemp: 265.09
  boomAtsAirTemp: 260.16
  internalAirTempUncertainty: 0.14
  intermediateTempUncertainty: 0.32
  tipAirTempUncertainty: 0.32
  atsBoomConfidenceLevel: "    111XX0001 "
}
boomTwo {
  boomAirTemp: 266.16
  boomIntermediateAirTemp: 264.27
  boomAtsAirTemp: 262.82
  internalAirTempUncertainty: 0.16
  intermediateTempUncertainty: 0.12
  tipAirTempUncertainty: 0.35
  atsBoomConfidenceLevel: "    111XX0001 "
}
channelBHumidity {
}
channelCHumidity {
}
hsConfidenceLevel: "      UNK "
pressureSensorConfig: " 2H "
pressureSensorConfidenceLevel: "      100 "
pressureSensor1 {
}
pressureSensor2 {
  thermoCapTemp: 295.67
  baroCapPressure: 876.02
  baroCapAbsoluteUncertainty: 5.3
}
