ephemerisTime: 5.15364908E8
localMeanSolarTime: " 01328M07:02:07.381 "
localTrueSolarTime: " 01328 07:33:26 "
boomOne {
  boomAirTemp: 215.34
  boomIntermediateAirTemp: 215.72
  boomAtsAirTemp: 212.85
  internalAirTempUncertainty: 0.14
  intermediateTempUncertainty: 0.32
  tipAirTempUncertainty: 0.32
  atsBoomConfidenceLevel: "    111XX0001 "
}
boomTwo {
  boomAirTemp: 195.07
  boomIntermediateAirTemp: 194.69
  boomAtsAirTemp: 147.28
  internalAirTempUncertainty: 1.13
  intermediateTempUncertainty: 1.06
  tipAirTempUncertainty: 1.58
  atsBoomConfidenceLevel: "    011XX1110 "
}
channelAHumidity {
  percentage: 12.87
  uncertainty: 10.0
}
channelBHumidity {
  percentage: 12.94
  uncertainty: 10.0
}
channelCHumidity {
  percentage: 13.37
  uncertainty: 10.0
}
humiditySensorTemp: 205.53
hsConfidenceLevel: "     0XXX "
pressureSensorConfig: " 2H "
pressureSensorConfidenceLevel: "      101 "
pressureSensor1 {
}
pressureSensor2 {
  thermoCapTemp: 280.31
  baroCapPressure: 764.05
  baroCapAbsoluteUncertainty: 5.1
}
