ephemerisTime: 5.23664348E8
localMeanSolarTime: " 01421M18:46:26.268 "
localTrueSolarTime: " 01421 19:25:26 "
boomOne {
  boomAirTemp: 234.53
  boomIntermediateAirTemp: 233.28
  boomAtsAirTemp: 232.69
  internalAirTempUncertainty: 0.14
  intermediateTempUncertainty: 0.32
  tipAirTempUncertainty: 0.32
  atsBoomConfidenceLevel: "    111XX1111 "
}
boomTwo {
  boomAirTemp: 234.37
  boomIntermediateAirTemp: 233.21
  boomAtsAirTemp: 232.96
  internalAirTempUncertainty: 0.16
  intermediateTempUncertainty: 0.12
  tipAirTempUncertainty: 0.35
  atsBoomConfidenceLevel: "    111XX1111 "
}
channelAHumidity {
  percentage: 2.02
  uncertainty: 10.0
}
channelBHumidity {
  percentage: 2.06
  uncertainty: 10.0
}
channelCHumidity {
  percentage: 2.18
  uncertainty: 10.0
}
humiditySensorTemp: 235.72
hsConfidenceLevel: "     0XXX "
pressureSensorConfig: " 2H "
pressureSensorConfidenceLevel: "      111 "
pressureSensor1 {
}
pressureSensor2 {
  baroCapPressure: 783.69
  baroCapAbsoluteUncertainty: 5.3
}
