ephemerisTime: 5.16644959E8
localMeanSolarTime: " 01342M17:05:41.476 "
localTrueSolarTime: " 01342 17:39:18 "
boomOne {
  boomAirTemp: 244.58
  boomIntermediateAirTemp: 243.26
  boomAtsAirTemp: 241.19
  internalAirTempUncertainty: 0.14
  intermediateTempUncertainty: 0.32
  tipAirTempUncertainty: 0.32
  atsBoomConfidenceLevel: "    111XX0001 "
}
boomTwo {
  boomAirTemp: 243.04
  boomIntermediateAirTemp: 240.6
  boomAtsAirTemp: 238.73
  internalAirTempUncertainty: 0.16
  intermediateTempUncertainty: 0.12
  tipAirTempUncertainty: 0.35
  atsBoomConfidenceLevel: "    111XX0001 "
}
channelAHumidity {
  percentage: 1.92
  uncertainty: 2.0
}
channelBHumidity {
  percentage: 1.96
  uncertainty: 2.0
}
channelCHumidity {
  percentage: 2.07
  uncertainty: 2.0
}
humiditySensorTemp: 243.71
hsConfidenceLevel: "     0XXX "
pressureSensorConfig: " 2H "
pressureSensorConfidenceLevel: "      111 "
pressureSensor1 {
  baroCapPressure: 692.61
  baroCapAbsoluteUncertainty: 4.6
}
pressureSensor2 {
  baroCapPressure: 689.75
  baroCapAbsoluteUncertainty: 5.1
}
