ephemerisTime: 5.20103588E8
localMeanSolarTime: " 01381M16:07:44.196 "
localTrueSolarTime: " 01381 16:46:24 "
boomOne {
  boomAirTemp: 267.34
  boomIntermediateAirTemp: 268.98
  boomAtsAirTemp: 268.47
  internalAirTempUncertainty: 0.14
  intermediateTempUncertainty: 0.32
  tipAirTempUncertainty: 0.32
  atsBoomConfidenceLevel: "    111XX0001 "
}
boomTwo {
  boomAirTemp: 262.24
  boomIntermediateAirTemp: 260.22
  boomAtsAirTemp: 258.7
  internalAirTempUncertainty: 0.16
  intermediateTempUncertainty: 0.12
  tipAirTempUncertainty: 0.35
  atsBoomConfidenceLevel: "    111XX0001 "
}
channelAHumidity {
  percentage: 0.79
  uncertainty: 2.0
}
channelBHumidity {
  percentage: 0.78
  uncertainty: 2.0
}
channelCHumidity {
  percentage: 0.81
  uncertainty: 2.0
}
humiditySensorTemp: 262.38
hsConfidenceLevel: "     0XXX "
pressureSensorConfig: " 2H "
pressureSensorConfidenceLevel: "      111 "
pressureSensor1 {
}
pressureSensor2 {
  baroCapPressure: 700.2
  baroCapAbsoluteUncertainty: 5.1
}
