ephemerisTime: 5.15405815E8
localMeanSolarTime: " 01328M18:05:40.262 "
localTrueSolarTime: " 01328 18:37:03 "
boomOne {
  boomAirTemp: 230.8
  boomIntermediateAirTemp: 230.03
  boomAtsAirTemp: 229.02
  internalAirTempUncertainty: 0.14
  intermediateTempUncertainty: 0.32
  tipAirTempUncertainty: 0.32
  atsBoomConfidenceLevel: "    111XX1111 "
}
boomTwo {
  boomAirTemp: 229.69
  boomIntermediateAirTemp: 228.49
  boomAtsAirTemp: 228.02
  internalAirTempUncertainty: 0.16
  intermediateTempUncertainty: 0.12
  tipAirTempUncertainty: 0.35
  atsBoomConfidenceLevel: "    111XX1111 "
}
channelAHumidity {
  percentage: 2.41
  uncertainty: 10.0
}
channelBHumidity {
  percentage: 2.47
  uncertainty: 10.0
}
channelCHumidity {
  percentage: 2.62
  uncertainty: 10.0
}
humiditySensorTemp: 230.72
hsConfidenceLevel: "     0XXX "
pressureSensorConfig: " 2H "
pressureSensorConfidenceLevel: "      111 "
pressureSensor1 {
  baroCapPressure: 705.07
  baroCapAbsoluteUncertainty: 4.6
}
pressureSensor2 {
  baroCapPressure: 702.02
  baroCapAbsoluteUncertainty: 5.1
}
