ephemerisTime: 5.25222486E8
localMeanSolarTime: " 01439M08:00:49.503 "
localTrueSolarTime: " 01439 08:37:14 "
boomOne {
  boomAirTemp: 226.62
  boomIntermediateAirTemp: 228.74
  boomAtsAirTemp: 226.66
  internalAirTempUncertainty: 0.14
  intermediateTempUncertainty: 0.32
  tipAirTempUncertainty: 0.32
  atsBoomConfidenceLevel: "    111XX1111 "
}
boomTwo {
  boomAirTemp: 237.66
  boomIntermediateAirTemp: 242.15
  boomAtsAirTemp: 237.94
  internalAirTempUncertainty: 0.16
  intermediateTempUncertainty: 0.12
  tipAirTempUncertainty: 0.35
  atsBoomConfidenceLevel: "    111XX0001 "
}
channelBHumidity {
}
channelCHumidity {
}
hsConfidenceLevel: "      UNK "
pressureSensorConfig: " 2H "
pressureSensorConfidenceLevel: "      101 "
pressureSensor1 {
}
pressureSensor2 {
  thermoCapTemp: 280.78
  baroCapPressure: 850.13
  baroCapAbsoluteUncertainty: 5.3
}
