ephemerisTime: 5.10625388E8
localMeanSolarTime: " 01274M21:42:53.034 "
localTrueSolarTime: " 01274 22:06:01 "
boomOne {
  boomAirTemp: 212.29
  boomIntermediateAirTemp: 212.65
  boomAtsAirTemp: 213.76
  internalAirTempUncertainty: 0.14
  intermediateTempUncertainty: 0.32
  tipAirTempUncertainty: 0.32
  atsBoomConfidenceLevel: "    111XX1111 "
}
boomTwo {
  boomAirTemp: 207.12
  boomIntermediateAirTemp: 207.07
  boomAtsAirTemp: 205.96
  internalAirTempUncertainty: 0.16
  intermediateTempUncertainty: 0.12
  tipAirTempUncertainty: 0.35
  atsBoomConfidenceLevel: "    111XX1110 "
}
channelAHumidity {
  percentage: 6.82
  uncertainty: 10.0
}
channelBHumidity {
  percentage: 6.83
  uncertainty: 10.0
}
channelCHumidity {
  percentage: 6.93
  uncertainty: 10.0
}
humiditySensorTemp: 211.79
hsConfidenceLevel: "     0XXX "
pressureSensorConfig: " 2H "
pressureSensorConfidenceLevel: "      111 "
pressureSensor1 {
}
pressureSensor2 {
  baroCapPressure: 771.84
  baroCapAbsoluteUncertainty: 6.0
}
