ephemerisTime: 5.09233928E8
localMeanSolarTime: " 01259M05:32:09.742 "
localTrueSolarTime: " 01259 05:53:10 "
boomOne {
  boomAirTemp: 195.96
  boomIntermediateAirTemp: 194.11
  boomAtsAirTemp: 191.39
  internalAirTempUncertainty: 0.14
  intermediateTempUncertainty: 0.32
  tipAirTempUncertainty: 0.32
  atsBoomConfidenceLevel: "    111XX1111 "
}
boomTwo {
  boomAirTemp: 189.39
  boomIntermediateAirTemp: 188.78
  boomAtsAirTemp: 135.68
  internalAirTempUncertainty: 1.13
  intermediateTempUncertainty: 1.06
  tipAirTempUncertainty: 1.58
  atsBoomConfidenceLevel: "    011XX1110 "
}
channelAHumidity {
  percentage: 18.1
  uncertainty: 20.0
}
channelBHumidity {
  percentage: 18.02
  uncertainty: 20.0
}
channelCHumidity {
  percentage: 18.2
  uncertainty: 20.0
}
humiditySensorTemp: 196.97
hsConfidenceLevel: "     0XXX "
pressureSensorConfig: " 2H "
pressureSensorConfidenceLevel: "      111 "
pressureSensor1 {
  baroCapPressure: 810.77
  baroCapAbsoluteUncertainty: 4.4
}
pressureSensor2 {
  baroCapPressure: 807.34
  baroCapAbsoluteUncertainty: 6.0
}
