ephemerisTime: 5.15350268E8
localMeanSolarTime: " 01328M03:04:38.950 "
localTrueSolarTime: " 01328 03:35:56 "
boomOne {
  boomAirTemp: 202.74
  boomIntermediateAirTemp: 202.14
  boomAtsAirTemp: 202.41
  internalAirTempUncertainty: 0.55
  intermediateTempUncertainty: 0.32
  tipAirTempUncertainty: 1.19
  atsBoomConfidenceLevel: "    011XX1111 "
}
boomTwo {
  boomAirTemp: 194.48
  boomIntermediateAirTemp: 195.84
  boomAtsAirTemp: 146.59
  internalAirTempUncertainty: 1.13
  intermediateTempUncertainty: 1.06
  tipAirTempUncertainty: 1.58
  atsBoomConfidenceLevel: "    011XX1110 "
}
channelAHumidity {
  percentage: 14.67
  uncertainty: 10.0
}
channelBHumidity {
  percentage: 14.46
  uncertainty: 10.0
}
channelCHumidity {
  percentage: 14.84
  uncertainty: 10.0
}
humiditySensorTemp: 203.3
hsConfidenceLevel: "     0XXX "
pressureSensorConfig: " 2H "
pressureSensorConfidenceLevel: "      111 "
pressureSensor1 {
}
pressureSensor2 {
  thermoCapTemp: 281.07
  baroCapPressure: 752.08
  baroCapAbsoluteUncertainty: 5.1
}
