ephemerisTime: 5.15494599E8
localMeanSolarTime: " 01329M18:05:49.599 "
localTrueSolarTime: " 01329 18:37:22 "
boomOne {
  boomAirTemp: 229.84
  boomIntermediateAirTemp: 228.1
  boomAtsAirTemp: 226.13
  internalAirTempUncertainty: 0.14
  intermediateTempUncertainty: 0.32
  tipAirTempUncertainty: 0.32
  atsBoomConfidenceLevel: "    111XX1111 "
}
boomTwo {
  boomAirTemp: 227.65
  boomIntermediateAirTemp: 226.06
  boomAtsAirTemp: 225.68
  internalAirTempUncertainty: 0.16
  intermediateTempUncertainty: 0.12
  tipAirTempUncertainty: 0.35
  atsBoomConfidenceLevel: "    111XX1111 "
}
channelAHumidity {
  percentage: 2.5
  uncertainty: 10.0
}
channelBHumidity {
  percentage: 2.55
  uncertainty: 10.0
}
channelCHumidity {
  percentage: 2.69
  uncertainty: 10.0
}
humiditySensorTemp: 228.75
hsConfidenceLevel: "     0XXX "
pressureSensorConfig: " 2H "
pressureSensorConfidenceLevel: "      111 "
pressureSensor1 {
  baroCapPressure: 704.81
  baroCapAbsoluteUncertainty: 4.6
}
pressureSensor2 {
  baroCapPressure: 701.92
  baroCapAbsoluteUncertainty: 5.1
}
