ephemerisTime: 5.25707037E8
localMeanSolarTime: " 01444M19:00:40.452 "
localTrueSolarTime: " 01444 19:35:51 "
boomOne {
  boomAirTemp: 236.73
  boomIntermediateAirTemp: 238.68
  boomAtsAirTemp: 241.4
  internalAirTempUncertainty: 0.14
  intermediateTempUncertainty: 0.32
  tipAirTempUncertainty: 0.32
  atsBoomConfidenceLevel: "    111XX1111 "
}
boomTwo {
  boomAirTemp: 235.14
  boomIntermediateAirTemp: 237.94
  boomAtsAirTemp: 240.26
  internalAirTempUncertainty: 0.16
  intermediateTempUncertainty: 0.12
  tipAirTempUncertainty: 0.35
  atsBoomConfidenceLevel: "    111XX1111 "
}
channelBHumidity {
}
channelCHumidity {
}
hsConfidenceLevel: "      UNK "
pressureSensorConfig: " 2H "
pressureSensorConfidenceLevel: "      101 "
pressureSensor1 {
}
pressureSensor2 {
  thermoCapTemp: 291.19
  baroCapPressure: 824.18
  baroCapAbsoluteUncertainty: 5.3
}
