ephemerisTime: 5.11475708E8
localMeanSolarTime: " 01284M11:35:49.936 "
localTrueSolarTime: " 01284 12:00:20 "
boomOne {
  boomAirTemp: 243.51
  boomIntermediateAirTemp: 238.11
  boomAtsAirTemp: 233.76
  internalAirTempUncertainty: 0.14
  intermediateTempUncertainty: 0.32
  tipAirTempUncertainty: 0.32
  atsBoomConfidenceLevel: "    111XX1111 "
}
boomTwo {
  boomAirTemp: 241.08
  boomIntermediateAirTemp: 241.07
  boomAtsAirTemp: 239.52
  internalAirTempUncertainty: 0.16
  intermediateTempUncertainty: 0.12
  tipAirTempUncertainty: 0.35
  atsBoomConfidenceLevel: "    111XX1111 "
}
channelAHumidity {
  percentage: 1.62
  uncertainty: 10.0
}
channelBHumidity {
  percentage: 1.61
  uncertainty: 10.0
}
channelCHumidity {
  percentage: 1.71
  uncertainty: 10.0
}
humiditySensorTemp: 241.86
hsConfidenceLevel: "     0XXX "
pressureSensorConfig: " 2H "
pressureSensorConfidenceLevel: "      111 "
pressureSensor1 {
}
pressureSensor2 {
  thermoCapTemp: 290.42
  baroCapPressure: 753.15
  baroCapAbsoluteUncertainty: 6.0
}
