ephemerisTime: 5.23958168E8
localMeanSolarTime: " 01425M02:12:27.606 "
localTrueSolarTime: " 01425 02:51:07 "
boomOne {
  boomAirTemp: 212.06
  boomIntermediateAirTemp: 213.62
  boomAtsAirTemp: 214.58
  internalAirTempUncertainty: 0.14
  intermediateTempUncertainty: 0.32
  tipAirTempUncertainty: 0.32
  atsBoomConfidenceLevel: "    111XX1111 "
}
boomTwo {
  boomAirTemp: 207.58
  boomIntermediateAirTemp: 208.57
  boomAtsAirTemp: 207.14
  internalAirTempUncertainty: 0.16
  intermediateTempUncertainty: 0.12
  tipAirTempUncertainty: 0.35
  atsBoomConfidenceLevel: "    111XX1110 "
}
channelAHumidity {
  percentage: 5.87
  uncertainty: 10.0
}
channelBHumidity {
  percentage: 6.04
  uncertainty: 10.0
}
channelCHumidity {
  percentage: 6.32
  uncertainty: 10.0
}
humiditySensorTemp: 213.33
hsConfidenceLevel: "     0XXX "
pressureSensorConfig: " 2H "
pressureSensorConfidenceLevel: "      111 "
pressureSensor1 {
}
pressureSensor2 {
  baroCapPressure: 823.15
  baroCapAbsoluteUncertainty: 5.3
}
