ephemerisTime: 5.11251919E8
localMeanSolarTime: " 01281M23:05:46.512 "
localTrueSolarTime: " 01281 23:29:55 "
boomOne {
  boomAirTemp: 203.92
  boomIntermediateAirTemp: 204.09
  boomAtsAirTemp: 203.42
  internalAirTempUncertainty: 0.55
  intermediateTempUncertainty: 0.32
  tipAirTempUncertainty: 1.19
  atsBoomConfidenceLevel: "    011XX1111 "
}
boomTwo {
  boomAirTemp: 145.18
  boomIntermediateAirTemp: 146.08
  boomAtsAirTemp: 142.59
  internalAirTempUncertainty: 1.13
  intermediateTempUncertainty: 1.06
  tipAirTempUncertainty: 1.58
  atsBoomConfidenceLevel: "    011XX1110 "
}
channelAHumidity {
  percentage: 14.6
  uncertainty: 10.0
}
channelBHumidity {
  percentage: 14.48
  uncertainty: 10.0
}
channelCHumidity {
  percentage: 14.93
  uncertainty: 10.0
}
humiditySensorTemp: 204.26
hsConfidenceLevel: "     0XXX "
pressureSensorConfig: " 2H "
pressureSensorConfidenceLevel: "      111 "
pressureSensor1 {
  baroCapPressure: 780.95
  baroCapAbsoluteUncertainty: 4.4
}
pressureSensor2 {
  baroCapPressure: 777.51
  baroCapAbsoluteUncertainty: 6.0
}
