ephemerisTime: 5.10921548E8
localMeanSolarTime: " 01278M05:46:51.786 "
localTrueSolarTime: " 01278 06:10:28 "
boomOne {
  boomAirTemp: 197.18
  boomIntermediateAirTemp: 193.99
  boomAtsAirTemp: 191.9
  internalAirTempUncertainty: 0.55
  intermediateTempUncertainty: 0.32
  tipAirTempUncertainty: 1.19
  atsBoomConfidenceLevel: "    011XX1111 "
}
boomTwo {
  boomAirTemp: 176.75
  boomIntermediateAirTemp: 177.24
  boomAtsAirTemp: 135.89
  internalAirTempUncertainty: 1.13
  intermediateTempUncertainty: 1.06
  tipAirTempUncertainty: 1.58
  atsBoomConfidenceLevel: "    011XX1110 "
}
channelAHumidity {
  percentage: 22.72
  uncertainty: 20.0
}
channelBHumidity {
  percentage: 22.35
  uncertainty: 20.0
}
channelCHumidity {
  percentage: 22.71
  uncertainty: 20.0
}
humiditySensorTemp: 198.39
hsConfidenceLevel: "     0XXX "
pressureSensorConfig: " 2H "
pressureSensorConfidenceLevel: "      111 "
pressureSensor1 {
  thermoCapTemp: 281.9
}
pressureSensor2 {
  baroCapPressure: 789.55
  baroCapAbsoluteUncertainty: 6.0
}
