ephemerisTime: 5.3914187E8
localMeanSolarTime: " 01596M03:05:38.467 "
localTrueSolarTime: " 01596 02:19:03 "
boomOne {
  boomAirTemp: 211.0
  boomIntermediateAirTemp: 210.94
  boomAtsAirTemp: 211.5
  internalAirTempUncertainty: 0.55
  intermediateTempUncertainty: 0.32
  tipAirTempUncertainty: 1.19
  atsBoomConfidenceLevel: "    011XX1111 "
}
boomTwo {
  boomAirTemp: 206.45
  boomIntermediateAirTemp: 208.04
  boomAtsAirTemp: 205.06
  internalAirTempUncertainty: 1.13
  intermediateTempUncertainty: 1.06
  tipAirTempUncertainty: 1.58
  atsBoomConfidenceLevel: "    011XX1110 "
}
channelAHumidity {
  percentage: 6.51
  uncertainty: 10.0
}
channelBHumidity {
  percentage: 6.58
  uncertainty: 10.0
}
channelCHumidity {
  percentage: 6.83
  uncertainty: 10.0
}
humiditySensorTemp: 210.68
hsConfidenceLevel: "     0XXX "
pressureSensorConfig: " 2H "
pressureSensorConfidenceLevel: "      111 "
pressureSensor1 {
  baroCapPressure: 872.56
  baroCapAbsoluteUncertainty: 4.9
}
pressureSensor2 {
  baroCapPressure: 869.55
  baroCapAbsoluteUncertainty: 5.7
}
