ephemerisTime: 5.27630493E8
localMeanSolarTime: " 01466M11:00:50.703 "
localTrueSolarTime: " 01466 11:28:52 "
boomOne {
  boomAirTemp: 259.14
  boomIntermediateAirTemp: 254.09
  boomAtsAirTemp: 249.19
  internalAirTempUncertainty: 0.14
  intermediateTempUncertainty: 0.32
  tipAirTempUncertainty: 0.32
  atsBoomConfidenceLevel: "    111XX1111 "
}
boomTwo {
  boomAirTemp: 257.97
  boomIntermediateAirTemp: 256.46
  boomAtsAirTemp: 251.87
  internalAirTempUncertainty: 0.16
  intermediateTempUncertainty: 0.12
  tipAirTempUncertainty: 0.35
  atsBoomConfidenceLevel: "    111XX1111 "
}
channelBHumidity {
}
channelCHumidity {
}
hsConfidenceLevel: "      UNK "
pressureSensorConfig: " 2H "
pressureSensorConfidenceLevel: "      101 "
pressureSensor1 {
}
pressureSensor2 {
  thermoCapTemp: 289.8
  baroCapPressure: 865.23
  baroCapAbsoluteUncertainty: 5.3
}
