ephemerisTime: 5.18039168E8
localMeanSolarTime: " 01358M10:01:00.241 "
localTrueSolarTime: " 01358 10:36:57 "
boomOne {
  boomAirTemp: 253.26
  boomIntermediateAirTemp: 247.92
  boomAtsAirTemp: 245.63
  internalAirTempUncertainty: 0.14
  intermediateTempUncertainty: 0.32
  tipAirTempUncertainty: 0.32
  atsBoomConfidenceLevel: "    111XX0001 "
}
boomTwo {
  boomAirTemp: 252.68
  boomIntermediateAirTemp: 245.01
  boomAtsAirTemp: 241.0
  internalAirTempUncertainty: 0.16
  intermediateTempUncertainty: 0.12
  tipAirTempUncertainty: 0.35
  atsBoomConfidenceLevel: "    111XX0001 "
}
channelAHumidity {
  percentage: 1.08
  uncertainty: 2.0
}
channelBHumidity {
  percentage: 1.09
  uncertainty: 2.0
}
channelCHumidity {
  percentage: 1.16
  uncertainty: 2.0
}
humiditySensorTemp: 252.06
hsConfidenceLevel: "     0XXX "
pressureSensorConfig: " 2H "
pressureSensorConfidenceLevel: "      111 "
pressureSensor1 {
}
pressureSensor2 {
  baroCapPressure: 737.27
  baroCapAbsoluteUncertainty: 5.1
}
