ephemerisTime: 5.16023468E8
localMeanSolarTime: " 01335M17:04:33.195 "
localTrueSolarTime: " 01335 17:37:04 "
boomOne {
  boomAirTemp: 245.32
  boomIntermediateAirTemp: 242.44
  boomAtsAirTemp: 238.86
  internalAirTempUncertainty: 0.14
  intermediateTempUncertainty: 0.32
  tipAirTempUncertainty: 0.32
  atsBoomConfidenceLevel: "    111XX0001 "
}
boomTwo {
  boomAirTemp: 240.83
  boomIntermediateAirTemp: 238.37
  boomAtsAirTemp: 237.14
  internalAirTempUncertainty: 0.16
  intermediateTempUncertainty: 0.12
  tipAirTempUncertainty: 0.35
  atsBoomConfidenceLevel: "    111XX0011 "
}
channelAHumidity {
  percentage: 1.88
  uncertainty: 10.0
}
channelBHumidity {
  percentage: 1.9
  uncertainty: 10.0
}
channelCHumidity {
  percentage: 2.01
  uncertainty: 10.0
}
humiditySensorTemp: 241.59
hsConfidenceLevel: "     0XXX "
pressureSensorConfig: " 2H "
pressureSensorConfidenceLevel: "      111 "
pressureSensor1 {
}
pressureSensor2 {
  baroCapPressure: 692.79
  baroCapAbsoluteUncertainty: 5.1
}
