ephemerisTime: 5.38214829E8
localMeanSolarTime: " 01585M16:28:12.584 "
localTrueSolarTime: " 01585 15:45:06 "
boomOne {
  boomAirTemp: 272.05
  boomIntermediateAirTemp: 273.03
  boomAtsAirTemp: 268.77
  internalAirTempUncertainty: 0.14
  intermediateTempUncertainty: 0.32
  tipAirTempUncertainty: 0.32
  atsBoomConfidenceLevel: "    111XX0001 "
}
boomTwo {
  boomAirTemp: 273.3
  boomIntermediateAirTemp: 274.4
  boomAtsAirTemp: 269.87
  internalAirTempUncertainty: 0.16
  intermediateTempUncertainty: 0.12
  tipAirTempUncertainty: 0.35
  atsBoomConfidenceLevel: "    111XX0001 "
}
channelAHumidity {
  percentage: 0.56
  uncertainty: 2.0
}
channelBHumidity {
  percentage: 0.52
  uncertainty: 2.0
}
channelCHumidity {
  percentage: 0.53
  uncertainty: 2.0
}
humiditySensorTemp: 273.03
hsConfidenceLevel: "     0XXX "
pressureSensorConfig: " 2H "
pressureSensorConfidenceLevel: "      111 "
pressureSensor1 {
}
pressureSensor2 {
  baroCapPressure: 811.87
  baroCapAbsoluteUncertainty: 5.7
}
