ephemerisTime: 5.23007128E8
localMeanSolarTime: " 01414M09:05:44.614 "
localTrueSolarTime: " 01414 09:45:15 "
boomOne {
  boomAirTemp: 238.38
  boomIntermediateAirTemp: 237.53
  boomAtsAirTemp: 234.65
  internalAirTempUncertainty: 0.14
  intermediateTempUncertainty: 0.32
  tipAirTempUncertainty: 0.32
  atsBoomConfidenceLevel: "    111XX1111 "
}
boomTwo {
  boomAirTemp: 243.83
  boomIntermediateAirTemp: 244.95
  boomAtsAirTemp: 244.26
  internalAirTempUncertainty: 0.16
  intermediateTempUncertainty: 0.12
  tipAirTempUncertainty: 0.35
  atsBoomConfidenceLevel: "    111XX1111 "
}
channelAHumidity {
  percentage: 1.5
  uncertainty: 2.0
}
channelBHumidity {
  percentage: 1.52
  uncertainty: 2.0
}
channelCHumidity {
  percentage: 1.6
  uncertainty: 2.0
}
humiditySensorTemp: 244.39
hsConfidenceLevel: "     0XXX "
pressureSensorConfig: " 2H "
pressureSensorConfidenceLevel: "      111 "
pressureSensor1 {
  baroCapPressure: 794.64
  baroCapAbsoluteUncertainty: 4.6
}
pressureSensor2 {
  baroCapPressure: 791.53
  baroCapAbsoluteUncertainty: 5.1
}
