ephemerisTime: 5.19721688E8
localMeanSolarTime: " 01377M08:52:58.691 "
localTrueSolarTime: " 01377 09:31:14 "
boomOne {
  boomAirTemp: 235.4
  boomIntermediateAirTemp: 233.14
  boomAtsAirTemp: 230.13
  internalAirTempUncertainty: 0.14
  intermediateTempUncertainty: 0.32
  tipAirTempUncertainty: 0.32
  atsBoomConfidenceLevel: "    111XX0111 "
}
boomTwo {
  boomAirTemp: 242.58
  boomIntermediateAirTemp: 240.3
  boomAtsAirTemp: 238.92
  internalAirTempUncertainty: 0.16
  intermediateTempUncertainty: 0.12
  tipAirTempUncertainty: 0.35
  atsBoomConfidenceLevel: "    111XX0011 "
}
channelAHumidity {
  percentage: 1.61
  uncertainty: 2.0
}
channelBHumidity {
  percentage: 1.61
  uncertainty: 2.0
}
channelCHumidity {
  percentage: 1.69
  uncertainty: 2.0
}
humiditySensorTemp: 243.24
hsConfidenceLevel: "     0XXX "
pressureSensorConfig: " 2H "
pressureSensorConfidenceLevel: "      111 "
pressureSensor1 {
}
pressureSensor2 {
  thermoCapTemp: 283.95
  baroCapPressure: 762.52
  baroCapAbsoluteUncertainty: 5.1
}
