ephemerisTime: 5.05817873E8
localMeanSolarTime: " 01220M18:00:42.314 "
localTrueSolarTime: " 01220 18:16:34 "
boomOne {
  boomAirTemp: 223.03
  boomIntermediateAirTemp: 220.33
  boomAtsAirTemp: 218.23
  internalAirTempUncertainty: 0.14
  intermediateTempUncertainty: 0.32
  tipAirTempUncertainty: 0.32
  atsBoomConfidenceLevel: "    111XX1111 "
}
boomTwo {
  boomAirTemp: 220.81
  boomIntermediateAirTemp: 218.7
  boomAtsAirTemp: 216.1
  internalAirTempUncertainty: 0.16
  intermediateTempUncertainty: 0.12
  tipAirTempUncertainty: 0.35
  atsBoomConfidenceLevel: "    111XX1111 "
}
channelBHumidity {
}
channelCHumidity {
}
hsConfidenceLevel: "      UNK "
pressureSensorConfig: " 2H "
pressureSensorConfidenceLevel: "      101 "
pressureSensor1 {
}
pressureSensor2 {
  thermoCapTemp: 286.69
  baroCapPressure: 814.51
  baroCapAbsoluteUncertainty: 6.0
}
