ephemerisTime: 5.15586753E8
localMeanSolarTime: " 01330M19:00:38.800 "
localTrueSolarTime: " 01330 19:32:22 "
boomOne {
  boomAirTemp: 223.64
  boomIntermediateAirTemp: 222.95
  boomAtsAirTemp: 222.1
  internalAirTempUncertainty: 0.14
  intermediateTempUncertainty: 0.32
  tipAirTempUncertainty: 0.32
  atsBoomConfidenceLevel: "    111XX1111 "
}
boomTwo {
  boomAirTemp: 221.38
  boomIntermediateAirTemp: 220.72
  boomAtsAirTemp: 220.51
  internalAirTempUncertainty: 0.16
  intermediateTempUncertainty: 0.12
  tipAirTempUncertainty: 0.35
  atsBoomConfidenceLevel: "    111XX1111 "
}
channelBHumidity {
}
channelCHumidity {
}
hsConfidenceLevel: "      UNK "
pressureSensorConfig: " 2H "
pressureSensorConfidenceLevel: "      101 "
pressureSensor1 {
}
pressureSensor2 {
  thermoCapTemp: 288.95
  baroCapPressure: 720.46
  baroCapAbsoluteUncertainty: 5.1
}
