ephemerisTime: 5.14787791E8
localMeanSolarTime: " 01321M19:00:46.251 "
localTrueSolarTime: " 01321 19:31:02 "
boomOne {
  boomAirTemp: 222.87
  boomIntermediateAirTemp: 222.34
  boomAtsAirTemp: 221.62
  internalAirTempUncertainty: 0.14
  intermediateTempUncertainty: 0.32
  tipAirTempUncertainty: 0.32
  atsBoomConfidenceLevel: "    111XX1111 "
}
boomTwo {
  boomAirTemp: 221.28
  boomIntermediateAirTemp: 221.62
  boomAtsAirTemp: 220.82
  internalAirTempUncertainty: 0.16
  intermediateTempUncertainty: 0.12
  tipAirTempUncertainty: 0.35
  atsBoomConfidenceLevel: "    111XX1111 "
}
channelBHumidity {
}
channelCHumidity {
}
hsConfidenceLevel: "      UNK "
pressureSensorConfig: " 2H "
pressureSensorConfidenceLevel: "      101 "
pressureSensor1 {
}
pressureSensor2 {
  thermoCapTemp: 286.64
  baroCapPressure: 722.83
  baroCapAbsoluteUncertainty: 5.1
}
