ephemerisTime: 5.37994891E8
localMeanSolarTime: " 01583M05:00:37.160 "
localTrueSolarTime: " 01583 04:18:29 "
boomOne {
  boomAirTemp: 202.71
  boomIntermediateAirTemp: 202.36
  boomAtsAirTemp: 203.43
  internalAirTempUncertainty: 0.55
  intermediateTempUncertainty: 0.32
  tipAirTempUncertainty: 1.19
  atsBoomConfidenceLevel: "    011XX1111 "
}
boomTwo {
  boomAirTemp: 166.53
  boomIntermediateAirTemp: 168.69
  boomAtsAirTemp: 145.34
  internalAirTempUncertainty: 1.13
  intermediateTempUncertainty: 1.06
  tipAirTempUncertainty: 1.58
  atsBoomConfidenceLevel: "    011XX1110 "
}
channelBHumidity {
}
channelCHumidity {
}
hsConfidenceLevel: "      UNK "
pressureSensorConfig: " 2H "
pressureSensorConfidenceLevel: "      101 "
pressureSensor1 {
}
pressureSensor2 {
  thermoCapTemp: 279.67
  baroCapPressure: 889.36
  baroCapAbsoluteUncertainty: 5.7
}
