ephemerisTime: 5.23772453E8
localMeanSolarTime: " 01422M23:59:59.835 "
localTrueSolarTime: " 01423 00:38:53 "
boomOne {
  boomAirTemp: 216.37
  boomIntermediateAirTemp: 217.83
  boomAtsAirTemp: 218.52
  internalAirTempUncertainty: 0.14
  intermediateTempUncertainty: 0.32
  tipAirTempUncertainty: 0.32
  atsBoomConfidenceLevel: "    111XX1111 "
}
boomTwo {
  boomAirTemp: 213.21
  boomIntermediateAirTemp: 213.65
  boomAtsAirTemp: 212.87
  internalAirTempUncertainty: 0.16
  intermediateTempUncertainty: 0.12
  tipAirTempUncertainty: 0.35
  atsBoomConfidenceLevel: "    111XX1111 "
}
channelAHumidity {
  percentage: 4.53
  uncertainty: 10.0
}
channelBHumidity {
  percentage: 4.6
  uncertainty: 10.0
}
channelCHumidity {
  percentage: 4.82
  uncertainty: 10.0
}
humiditySensorTemp: 217.48
hsConfidenceLevel: "     0XXX "
pressureSensorConfig: " 2H "
pressureSensorConfidenceLevel: "      111 "
pressureSensor1 {
}
pressureSensor2 {
  baroCapPressure: 811.38
  baroCapAbsoluteUncertainty: 5.3
}
