ephemerisTime: 5.35932848E8
localMeanSolarTime: " 01559M23:32:26.627 "
localTrueSolarTime: " 01559 23:01:53 "
boomOne {
  boomAirTemp: 219.72
  boomIntermediateAirTemp: 219.14
  boomAtsAirTemp: 219.37
  internalAirTempUncertainty: 0.14
  intermediateTempUncertainty: 0.32
  tipAirTempUncertainty: 0.32
  atsBoomConfidenceLevel: "    111XX1111 "
}
boomTwo {
  boomAirTemp: 218.19
  boomIntermediateAirTemp: 217.98
  boomAtsAirTemp: 217.87
  internalAirTempUncertainty: 0.16
  intermediateTempUncertainty: 0.12
  tipAirTempUncertainty: 0.35
  atsBoomConfidenceLevel: "    111XX1111 "
}
channelAHumidity {
  percentage: 3.37
  uncertainty: 10.0
}
channelBHumidity {
  percentage: 3.45
  uncertainty: 10.0
}
channelCHumidity {
  percentage: 3.6
  uncertainty: 10.0
}
humiditySensorTemp: 219.97
hsConfidenceLevel: "     0XXX "
pressureSensorConfig: " 2H "
pressureSensorConfidenceLevel: "      111 "
pressureSensor1 {
}
pressureSensor2 {
  thermoCapTemp: 284.88
  baroCapPressure: 888.03
  baroCapAbsoluteUncertainty: 5.7
}
