ephemerisTime: 5.41516596E8
localMeanSolarTime: " 01622M21:05:48.819 "
localTrueSolarTime: " 01622 20:14:40 "
boomOne {
  boomAirTemp: 224.56
  boomIntermediateAirTemp: 224.1
  boomAtsAirTemp: 224.02
  internalAirTempUncertainty: 0.14
  intermediateTempUncertainty: 0.32
  tipAirTempUncertainty: 0.32
  atsBoomConfidenceLevel: "    111XX1111 "
}
boomTwo {
  boomAirTemp: 222.58
  boomIntermediateAirTemp: 221.92
  boomAtsAirTemp: 220.05
  internalAirTempUncertainty: 0.16
  intermediateTempUncertainty: 0.12
  tipAirTempUncertainty: 0.35
  atsBoomConfidenceLevel: "    111XX1111 "
}
channelAHumidity {
  percentage: 3.07
  uncertainty: 10.0
}
channelBHumidity {
  percentage: 3.15
  uncertainty: 10.0
}
channelCHumidity {
  percentage: 3.32
  uncertainty: 10.0
}
humiditySensorTemp: 224.47
hsConfidenceLevel: "     0XXX "
pressureSensorConfig: " 2H "
pressureSensorConfidenceLevel: "      111 "
pressureSensor1 {
  baroCapPressure: 824.78
  baroCapAbsoluteUncertainty: 4.9
}
pressureSensor2 {
  baroCapPressure: 822.1
  baroCapAbsoluteUncertainty: 5.7
}
