ephemerisTime: 5.25712988E8
localMeanSolarTime: " 01444M20:37:12.283 "
localTrueSolarTime: " 01444 21:12:21 "
boomOne {
  boomAirTemp: 229.85
  boomIntermediateAirTemp: 229.46
  boomAtsAirTemp: 229.33
  internalAirTempUncertainty: 0.14
  intermediateTempUncertainty: 0.32
  tipAirTempUncertainty: 0.32
  atsBoomConfidenceLevel: "    111XX1111 "
}
boomTwo {
  boomAirTemp: 228.4
  boomIntermediateAirTemp: 228.08
  boomAtsAirTemp: 228.41
  internalAirTempUncertainty: 0.16
  intermediateTempUncertainty: 0.12
  tipAirTempUncertainty: 0.35
  atsBoomConfidenceLevel: "    111XX1111 "
}
channelAHumidity {
  percentage: 2.36
  uncertainty: 10.0
}
channelBHumidity {
  percentage: 2.42
  uncertainty: 10.0
}
channelCHumidity {
  percentage: 2.56
  uncertainty: 10.0
}
humiditySensorTemp: 229.96
hsConfidenceLevel: "     0XXX "
pressureSensorConfig: " 2H "
pressureSensorConfidenceLevel: "      111 "
pressureSensor1 {
}
pressureSensor2 {
  baroCapPressure: 834.11
  baroCapAbsoluteUncertainty: 5.3
}
