ephemerisTime: 5.1137031E8
localMeanSolarTime: " 01283M07:06:10.965 "
localTrueSolarTime: " 01283 07:30:31 "
boomOne {
  boomAirTemp: 212.97
  boomIntermediateAirTemp: 209.93
  boomAtsAirTemp: 206.28
  internalAirTempUncertainty: 0.14
  intermediateTempUncertainty: 0.32
  tipAirTempUncertainty: 0.32
  atsBoomConfidenceLevel: "    111XX0001 "
}
boomTwo {
  boomAirTemp: 202.09
  boomIntermediateAirTemp: 199.65
  boomAtsAirTemp: 147.89
  internalAirTempUncertainty: 1.13
  intermediateTempUncertainty: 1.06
  tipAirTempUncertainty: 1.58
  atsBoomConfidenceLevel: "    011XX0010 "
}
channelAHumidity {
  percentage: 10.4
  uncertainty: 10.0
}
channelBHumidity {
  percentage: 10.26
  uncertainty: 10.0
}
channelCHumidity {
  percentage: 10.34
  uncertainty: 10.0
}
humiditySensorTemp: 206.35
hsConfidenceLevel: "     0XXX "
pressureSensorConfig: " 2H "
pressureSensorConfidenceLevel: "      111 "
pressureSensor1 {
}
pressureSensor2 {
  baroCapPressure: 790.75
  baroCapAbsoluteUncertainty: 6.0
}
