ephemerisTime: 5.2768258E8
localMeanSolarTime: " 01467M01:05:44.557 "
localTrueSolarTime: " 01467 01:33:31 "
boomOne {
  boomAirTemp: 215.03
  boomIntermediateAirTemp: 216.18
  boomAtsAirTemp: 216.39
  internalAirTempUncertainty: 0.14
  intermediateTempUncertainty: 0.32
  tipAirTempUncertainty: 0.32
  atsBoomConfidenceLevel: "    111XX1111 "
}
boomTwo {
  boomAirTemp: 213.78
  boomIntermediateAirTemp: 215.39
  boomAtsAirTemp: 216.16
  internalAirTempUncertainty: 0.16
  intermediateTempUncertainty: 0.12
  tipAirTempUncertainty: 0.35
  atsBoomConfidenceLevel: "    111XX1111 "
}
channelAHumidity {
  percentage: 4.15
  uncertainty: 10.0
}
channelBHumidity {
  percentage: 4.25
  uncertainty: 10.0
}
channelCHumidity {
  percentage: 4.47
  uncertainty: 10.0
}
humiditySensorTemp: 215.78
hsConfidenceLevel: "     0XXX "
pressureSensorConfig: " 2H "
pressureSensorConfidenceLevel: "      111 "
pressureSensor1 {
  baroCapPressure: 898.92
  baroCapAbsoluteUncertainty: 4.7
}
pressureSensor2 {
  baroCapPressure: 896.67
  baroCapAbsoluteUncertainty: 5.3
}
