ephemerisTime: 5.16570368E8
localMeanSolarTime: " 01341M20:55:45.525 "
localTrueSolarTime: " 01341 21:29:14 "
boomOne {
  boomAirTemp: 220.38
  boomIntermediateAirTemp: 220.19
  boomAtsAirTemp: 219.8
  internalAirTempUncertainty: 0.14
  intermediateTempUncertainty: 0.32
  tipAirTempUncertainty: 0.32
  atsBoomConfidenceLevel: "    111XX1111 "
}
boomTwo {
  boomAirTemp: 219.16
  boomIntermediateAirTemp: 219.51
  boomAtsAirTemp: 219.51
  internalAirTempUncertainty: 0.16
  intermediateTempUncertainty: 0.12
  tipAirTempUncertainty: 0.35
  atsBoomConfidenceLevel: "    111XX1111 "
}
channelAHumidity {
  percentage: 4.14
  uncertainty: 10.0
}
channelBHumidity {
  percentage: 4.16
  uncertainty: 10.0
}
channelCHumidity {
  percentage: 4.37
  uncertainty: 10.0
}
humiditySensorTemp: 221.0
hsConfidenceLevel: "     0XXX "
pressureSensorConfig: " 2H "
pressureSensorConfidenceLevel: "      111 "
pressureSensor1 {
  baroCapPressure: 731.37
  baroCapAbsoluteUncertainty: 4.6
}
pressureSensor2 {
  baroCapPressure: 728.77
  baroCapAbsoluteUncertainty: 5.1
}
