ephemerisTime: 5.15351588E8
localMeanSolarTime: " 01328M03:26:03.645 "
localTrueSolarTime: " 01328 03:57:21 "
boomOne {
  boomAirTemp: 204.88
  boomIntermediateAirTemp: 202.67
  boomAtsAirTemp: 201.67
  internalAirTempUncertainty: 0.55
  intermediateTempUncertainty: 0.32
  tipAirTempUncertainty: 1.19
  atsBoomConfidenceLevel: "    011XX1111 "
}
boomTwo {
  boomAirTemp: 197.77
  boomIntermediateAirTemp: 196.81
  boomAtsAirTemp: 146.33
  internalAirTempUncertainty: 1.13
  intermediateTempUncertainty: 1.06
  tipAirTempUncertainty: 1.58
  atsBoomConfidenceLevel: "    011XX1110 "
}
channelAHumidity {
  percentage: 10.67
  uncertainty: 10.0
}
channelBHumidity {
  percentage: 10.52
  uncertainty: 10.0
}
channelCHumidity {
  percentage: 10.88
  uncertainty: 10.0
}
humiditySensorTemp: 205.34
hsConfidenceLevel: "     0XXX "
pressureSensorConfig: " 2H "
pressureSensorConfidenceLevel: "      111 "
pressureSensor1 {
}
pressureSensor2 {
  thermoCapTemp: 282.73
  baroCapPressure: 752.9
  baroCapAbsoluteUncertainty: 5.1
}
