ephemerisTime: 5.23048453E8
localMeanSolarTime: " 01414M20:16:04.314 "
localTrueSolarTime: " 01414 20:55:34 "
boomOne {
  boomAirTemp: 228.39
  boomIntermediateAirTemp: 228.34
  boomAtsAirTemp: 229.38
  internalAirTempUncertainty: 0.14
  intermediateTempUncertainty: 0.32
  tipAirTempUncertainty: 0.32
  atsBoomConfidenceLevel: "    111XX1111 "
}
boomTwo {
  boomAirTemp: 227.1
  boomIntermediateAirTemp: 226.88
  boomAtsAirTemp: 227.91
  internalAirTempUncertainty: 0.16
  intermediateTempUncertainty: 0.12
  tipAirTempUncertainty: 0.35
  atsBoomConfidenceLevel: "    111XX1111 "
}
channelAHumidity {
  percentage: 2.57
  uncertainty: 10.0
}
channelBHumidity {
  percentage: 2.62
  uncertainty: 10.0
}
channelCHumidity {
  percentage: 2.77
  uncertainty: 10.0
}
humiditySensorTemp: 228.66
hsConfidenceLevel: "     0XXX "
pressureSensorConfig: " 2H "
pressureSensorConfidenceLevel: "      111 "
pressureSensor1 {
}
pressureSensor2 {
  baroCapPressure: 781.61
  baroCapAbsoluteUncertainty: 5.1
}
