ephemerisTime: 5.22490148E8
localMeanSolarTime: " 01408M13:19:52.028 "
localTrueSolarTime: " 01408 13:59:35 "
boomOne {
  boomAirTemp: 264.71
  boomIntermediateAirTemp: 262.82
  boomAtsAirTemp: 259.07
  internalAirTempUncertainty: 0.14
  intermediateTempUncertainty: 0.32
  tipAirTempUncertainty: 0.32
  atsBoomConfidenceLevel: "    111XX1111 "
}
boomTwo {
  boomAirTemp: 272.86
  boomIntermediateAirTemp: 270.47
  boomAtsAirTemp: 266.59
  internalAirTempUncertainty: 0.16
  intermediateTempUncertainty: 0.12
  tipAirTempUncertainty: 0.35
  atsBoomConfidenceLevel: "    111XX0001 "
}
channelAHumidity {
  percentage: 0.68
  uncertainty: 2.0
}
channelBHumidity {
  percentage: 0.63
  uncertainty: 2.0
}
channelCHumidity {
  percentage: 0.67
  uncertainty: 2.0
}
humiditySensorTemp: 272.27
hsConfidenceLevel: "     0XXX "
pressureSensorConfig: " 2H "
pressureSensorConfidenceLevel: "      111 "
pressureSensor1 {
}
pressureSensor2 {
  baroCapPressure: 745.86
  baroCapAbsoluteUncertainty: 5.1
}
