ephemerisTime: 5.15368828E8
localMeanSolarTime: " 01328M08:05:42.535 "
localTrueSolarTime: " 01328 08:37:02 "
boomOne {
  boomAirTemp: 228.47
  boomIntermediateAirTemp: 227.15
  boomAtsAirTemp: 223.77
  internalAirTempUncertainty: 0.14
  intermediateTempUncertainty: 0.32
  tipAirTempUncertainty: 0.32
  atsBoomConfidenceLevel: "    111XX0001 "
}
boomTwo {
  boomAirTemp: 216.28
  boomIntermediateAirTemp: 218.06
  boomAtsAirTemp: 218.74
  internalAirTempUncertainty: 0.16
  intermediateTempUncertainty: 0.12
  tipAirTempUncertainty: 0.35
  atsBoomConfidenceLevel: "    111XX1111 "
}
channelAHumidity {
  percentage: 4.44
  uncertainty: 10.0
}
channelBHumidity {
  percentage: 4.46
  uncertainty: 10.0
}
channelCHumidity {
  percentage: 4.67
  uncertainty: 10.0
}
humiditySensorTemp: 217.51
hsConfidenceLevel: "     0XXX "
pressureSensorConfig: " 2H "
pressureSensorConfidenceLevel: "      111 "
pressureSensor1 {
  baroCapPressure: 765.46
  baroCapAbsoluteUncertainty: 4.6
}
pressureSensor2 {
  baroCapPressure: 762.11
  baroCapAbsoluteUncertainty: 5.1
}
