ephemerisTime: 5.23315028E8
localMeanSolarTime: " 01417M20:20:09.361 "
localTrueSolarTime: " 01417 20:59:28 "
boomOne {
  boomAirTemp: 227.96
  boomIntermediateAirTemp: 227.12
  boomAtsAirTemp: 226.44
  internalAirTempUncertainty: 0.14
  intermediateTempUncertainty: 0.32
  tipAirTempUncertainty: 0.32
  atsBoomConfidenceLevel: "    111XX1111 "
}
boomTwo {
  boomAirTemp: 226.56
  boomIntermediateAirTemp: 225.92
  boomAtsAirTemp: 223.41
  internalAirTempUncertainty: 0.16
  intermediateTempUncertainty: 0.12
  tipAirTempUncertainty: 0.35
  atsBoomConfidenceLevel: "    111XX1111 "
}
channelAHumidity {
  percentage: 2.52
  uncertainty: 10.0
}
channelBHumidity {
  percentage: 2.58
  uncertainty: 10.0
}
channelCHumidity {
  percentage: 2.74
  uncertainty: 10.0
}
humiditySensorTemp: 228.64
hsConfidenceLevel: "     0XXX "
pressureSensorConfig: " 2H "
pressureSensorConfidenceLevel: "      111 "
pressureSensor1 {
}
pressureSensor2 {
  baroCapPressure: 785.08
  baroCapAbsoluteUncertainty: 5.1
}
