ephemerisTime: 5.22114248E8
localMeanSolarTime: " 01404M07:42:26.044 "
localTrueSolarTime: " 01404 08:22:11 "
boomOne {
  boomAirTemp: 238.2
  boomIntermediateAirTemp: 239.65
  boomAtsAirTemp: 240.96
  internalAirTempUncertainty: 0.14
  intermediateTempUncertainty: 0.32
  tipAirTempUncertainty: 0.32
  atsBoomConfidenceLevel: "    111XX0101 "
}
boomTwo {
  boomAirTemp: 231.44
  boomIntermediateAirTemp: 227.76
  boomAtsAirTemp: 223.72
  internalAirTempUncertainty: 0.16
  intermediateTempUncertainty: 0.12
  tipAirTempUncertainty: 0.35
  atsBoomConfidenceLevel: "    111XX0001 "
}
channelAHumidity {
  percentage: 1.97
  uncertainty: 10.0
}
channelBHumidity {
  percentage: 2.04
  uncertainty: 10.0
}
channelCHumidity {
  percentage: 2.18
  uncertainty: 10.0
}
humiditySensorTemp: 231.73
hsConfidenceLevel: "     0XXX "
pressureSensorConfig: " 2H "
pressureSensorConfidenceLevel: "      111 "
pressureSensor1 {
}
pressureSensor2 {
  thermoCapTemp: 283.01
  baroCapPressure: 800.84
  baroCapAbsoluteUncertainty: 5.1
}
