ephemerisTime: 5.15424309E8
localMeanSolarTime: " 01328M23:05:39.612 "
localTrueSolarTime: " 01328 23:37:05 "
boomOne {
  boomAirTemp: 210.8
  boomIntermediateAirTemp: 210.92
  boomAtsAirTemp: 209.88
  internalAirTempUncertainty: 0.14
  intermediateTempUncertainty: 0.32
  tipAirTempUncertainty: 0.32
  atsBoomConfidenceLevel: "    111XX1111 "
}
boomTwo {
  boomAirTemp: 209.42
  boomIntermediateAirTemp: 209.83
  boomAtsAirTemp: 209.59
  internalAirTempUncertainty: 0.16
  intermediateTempUncertainty: 0.12
  tipAirTempUncertainty: 0.35
  atsBoomConfidenceLevel: "    111XX1111 "
}
channelAHumidity {
  percentage: 7.14
  uncertainty: 10.0
}
channelBHumidity {
  percentage: 7.13
  uncertainty: 10.0
}
channelCHumidity {
  percentage: 7.45
  uncertainty: 10.0
}
humiditySensorTemp: 211.39
hsConfidenceLevel: "     0XXX "
pressureSensorConfig: " 2H "
pressureSensorConfidenceLevel: "      111 "
pressureSensor1 {
  baroCapPressure: 747.66
  baroCapAbsoluteUncertainty: 4.6
}
pressureSensor2 {
  baroCapPressure: 744.56
  baroCapAbsoluteUncertainty: 5.1
}
