ephemerisTime: 5.18176318E8
localMeanSolarTime: " 01359M23:05:41.956 "
localTrueSolarTime: " 01359 23:41:51 "
boomOne {
  boomAirTemp: 211.96
  boomIntermediateAirTemp: 212.43
  boomAtsAirTemp: 212.75
  internalAirTempUncertainty: 0.14
  intermediateTempUncertainty: 0.32
  tipAirTempUncertainty: 0.32
  atsBoomConfidenceLevel: "    111XX1111 "
}
boomTwo {
  boomAirTemp: 208.76
  boomIntermediateAirTemp: 210.24
  boomAtsAirTemp: 209.46
  internalAirTempUncertainty: 0.16
  intermediateTempUncertainty: 0.12
  tipAirTempUncertainty: 0.35
  atsBoomConfidenceLevel: "    111XX1111 "
}
channelAHumidity {
  percentage: 6.6
  uncertainty: 10.0
}
channelBHumidity {
  percentage: 6.67
  uncertainty: 10.0
}
channelCHumidity {
  percentage: 6.98
  uncertainty: 10.0
}
humiditySensorTemp: 213.11
hsConfidenceLevel: "     0XXX "
pressureSensorConfig: " 2H "
pressureSensorConfidenceLevel: "      111 "
pressureSensor1 {
  baroCapPressure: 755.71
  baroCapAbsoluteUncertainty: 4.6
}
pressureSensor2 {
  baroCapPressure: 753.18
  baroCapAbsoluteUncertainty: 5.1
}
