ephemerisTime: 5.0997949E8
localMeanSolarTime: " 01267M15:05:50.556 "
localTrueSolarTime: " 01267 15:27:59 "
boomOne {
  boomAirTemp: 255.52
  boomIntermediateAirTemp: 250.1
  boomAtsAirTemp: 246.04
  internalAirTempUncertainty: 0.14
  intermediateTempUncertainty: 0.32
  tipAirTempUncertainty: 0.32
  atsBoomConfidenceLevel: "    111XX0001 "
}
boomTwo {
  boomAirTemp: 256.41
  boomIntermediateAirTemp: 250.53
  boomAtsAirTemp: 246.62
  internalAirTempUncertainty: 0.16
  intermediateTempUncertainty: 0.12
  tipAirTempUncertainty: 0.35
  atsBoomConfidenceLevel: "    111XX0001 "
}
channelAHumidity {
  percentage: 1.07
  uncertainty: 2.0
}
channelBHumidity {
  percentage: 1.07
  uncertainty: 2.0
}
channelCHumidity {
  percentage: 1.14
  uncertainty: 2.0
}
humiditySensorTemp: 255.55
hsConfidenceLevel: "     0XXX "
pressureSensorConfig: " 2H "
pressureSensorConfidenceLevel: "      111 "
pressureSensor1 {
  baroCapPressure: 755.58
  baroCapAbsoluteUncertainty: 4.4
}
pressureSensor2 {
  baroCapPressure: 751.84
  baroCapAbsoluteUncertainty: 6.0
}
