ephemerisTime: 5.15375588E8
localMeanSolarTime: " 01328M09:55:21.729 "
localTrueSolarTime: " 01328 10:26:42 "
boomOne {
  boomAirTemp: 245.64
  boomIntermediateAirTemp: 237.91
  boomAtsAirTemp: 235.4
  internalAirTempUncertainty: 0.14
  intermediateTempUncertainty: 0.32
  tipAirTempUncertainty: 0.32
  atsBoomConfidenceLevel: "    111XX0001 "
}
boomTwo {
  boomAirTemp: 236.68
  boomIntermediateAirTemp: 236.58
  boomAtsAirTemp: 235.14
  internalAirTempUncertainty: 0.16
  intermediateTempUncertainty: 0.12
  tipAirTempUncertainty: 0.35
  atsBoomConfidenceLevel: "    111XX1111 "
}
channelAHumidity {
  percentage: 1.94
  uncertainty: 10.0
}
channelBHumidity {
  percentage: 1.96
  uncertainty: 10.0
}
channelCHumidity {
  percentage: 2.08
  uncertainty: 10.0
}
humiditySensorTemp: 237.53
hsConfidenceLevel: "     0XXX "
pressureSensorConfig: " 2H "
pressureSensorConfidenceLevel: "      111 "
pressureSensor1 {
}
pressureSensor2 {
  baroCapPressure: 735.71
  baroCapAbsoluteUncertainty: 5.1
}
