ephemerisTime: 5.36974209E8
localMeanSolarTime: " 01571M17:04:14.848 "
localTrueSolarTime: " 01571 16:27:18 "
boomOne {
  boomAirTemp: 266.94
  boomIntermediateAirTemp: 267.44
  boomAtsAirTemp: 264.69
  internalAirTempUncertainty: 0.14
  intermediateTempUncertainty: 0.32
  tipAirTempUncertainty: 0.32
  atsBoomConfidenceLevel: "    111XX0001 "
}
boomTwo {
  boomAirTemp: 261.63
  boomIntermediateAirTemp: 258.39
  boomAtsAirTemp: 256.15
  internalAirTempUncertainty: 0.16
  intermediateTempUncertainty: 0.12
  tipAirTempUncertainty: 0.35
  atsBoomConfidenceLevel: "    111XX0001 "
}
channelAHumidity {
  percentage: 0.9
  uncertainty: 2.0
}
channelBHumidity {
  percentage: 0.87
  uncertainty: 2.0
}
channelCHumidity {
  percentage: 0.94
  uncertainty: 2.0
}
humiditySensorTemp: 261.6
hsConfidenceLevel: "     0XXX "
pressureSensorConfig: " 2H "
pressureSensorConfidenceLevel: "      111 "
pressureSensor1 {
}
pressureSensor2 {
  baroCapPressure: 820.43
  baroCapAbsoluteUncertainty: 5.7
}
