ephemerisTime: 5.05009028E8
localMeanSolarTime: " 01211M15:20:31.100 "
localTrueSolarTime: " 01211 15:35:03 "
boomOne {
  boomAirTemp: 251.44
  boomIntermediateAirTemp: 244.77
  boomAtsAirTemp: 241.05
  internalAirTempUncertainty: 0.14
  intermediateTempUncertainty: 0.32
  tipAirTempUncertainty: 0.32
  atsBoomConfidenceLevel: "    111XX0001 "
}
boomTwo {
  boomAirTemp: 250.97
  boomIntermediateAirTemp: 244.59
  boomAtsAirTemp: 240.13
  internalAirTempUncertainty: 0.16
  intermediateTempUncertainty: 0.12
  tipAirTempUncertainty: 0.35
  atsBoomConfidenceLevel: "    111XX0001 "
}
channelAHumidity {
  percentage: 1.24
  uncertainty: 2.0
}
channelBHumidity {
  percentage: 1.25
  uncertainty: 2.0
}
channelCHumidity {
  percentage: 1.31
  uncertainty: 2.0
}
humiditySensorTemp: 250.56
hsConfidenceLevel: "     0XXX "
pressureSensorConfig: " 2H "
pressureSensorConfidenceLevel: "      111 "
pressureSensor1 {
}
pressureSensor2 {
  baroCapPressure: 819.6
  baroCapAbsoluteUncertainty: 6.0
}
