ephemerisTime: 5.15413216E8
localMeanSolarTime: " 01328M20:05:43.311 "
localTrueSolarTime: " 01328 20:37:07 "
boomOne {
  boomAirTemp: 219.38
  boomIntermediateAirTemp: 218.76
  boomAtsAirTemp: 218.44
  internalAirTempUncertainty: 0.14
  intermediateTempUncertainty: 0.32
  tipAirTempUncertainty: 0.32
  atsBoomConfidenceLevel: "    111XX1111 "
}
boomTwo {
  boomAirTemp: 217.71
  boomIntermediateAirTemp: 218.14
  boomAtsAirTemp: 218.29
  internalAirTempUncertainty: 0.16
  intermediateTempUncertainty: 0.12
  tipAirTempUncertainty: 0.35
  atsBoomConfidenceLevel: "    111XX1111 "
}
channelAHumidity {
  percentage: 4.54
  uncertainty: 10.0
}
channelBHumidity {
  percentage: 4.58
  uncertainty: 10.0
}
channelCHumidity {
  percentage: 4.79
  uncertainty: 10.0
}
humiditySensorTemp: 219.37
hsConfidenceLevel: "     0XXX "
pressureSensorConfig: " 2H "
pressureSensorConfidenceLevel: "      111 "
pressureSensor1 {
  baroCapPressure: 734.78
  baroCapAbsoluteUncertainty: 4.6
}
pressureSensor2 {
  baroCapPressure: 731.6
  baroCapAbsoluteUncertainty: 5.1
}
