ephemerisTime: 5.43069837E8
localMeanSolarTime: " 01640M09:00:46.032 "
localTrueSolarTime: " 01640 08:09:46 "
boomOne {
  boomAirTemp: 214.38
  boomIntermediateAirTemp: 217.07
  boomAtsAirTemp: 217.71
  internalAirTempUncertainty: 0.14
  intermediateTempUncertainty: 0.32
  tipAirTempUncertainty: 0.32
  atsBoomConfidenceLevel: "    111XX1111 "
}
boomTwo {
  boomAirTemp: 218.36
  boomIntermediateAirTemp: 221.57
  boomAtsAirTemp: 220.09
  internalAirTempUncertainty: 0.16
  intermediateTempUncertainty: 0.12
  tipAirTempUncertainty: 0.35
  atsBoomConfidenceLevel: "    111XX0001 "
}
channelBHumidity {
}
channelCHumidity {
}
hsConfidenceLevel: "      UNK "
pressureSensorConfig: " 2H "
pressureSensorConfidenceLevel: "      101 "
pressureSensor1 {
}
pressureSensor2 {
  thermoCapTemp: 279.63
  baroCapPressure: 865.74
  baroCapAbsoluteUncertainty: 5.7
}
