ephemerisTime: 5.11340385E8
localMeanSolarTime: " 01282M23:00:46.355 "
localTrueSolarTime: " 01282 23:25:03 "
boomOne {
  boomAirTemp: 205.17
  boomIntermediateAirTemp: 205.64
  boomAtsAirTemp: 205.03
  internalAirTempUncertainty: 0.55
  intermediateTempUncertainty: 0.32
  tipAirTempUncertainty: 1.19
  atsBoomConfidenceLevel: "    011XX1111 "
}
boomTwo {
  boomAirTemp: 146.29
  boomIntermediateAirTemp: 147.15
  boomAtsAirTemp: 142.99
  internalAirTempUncertainty: 1.13
  intermediateTempUncertainty: 1.06
  tipAirTempUncertainty: 1.58
  atsBoomConfidenceLevel: "    011XX1110 "
}
channelBHumidity {
}
channelCHumidity {
}
hsConfidenceLevel: "      UNK "
pressureSensorConfig: " 2H "
pressureSensorConfidenceLevel: "      101 "
pressureSensor1 {
}
pressureSensor2 {
  thermoCapTemp: 279.68
  baroCapPressure: 775.68
  baroCapAbsoluteUncertainty: 6.0
}
