ephemerisTime: 5.19934988E8
localMeanSolarTime: " 01379M18:32:53.659 "
localTrueSolarTime: " 01379 19:11:23 "
boomOne {
  boomAirTemp: 234.06
  boomIntermediateAirTemp: 232.37
  boomAtsAirTemp: 230.75
  internalAirTempUncertainty: 0.14
  intermediateTempUncertainty: 0.32
  tipAirTempUncertainty: 0.32
  atsBoomConfidenceLevel: "    111XX1111 "
}
boomTwo {
  boomAirTemp: 231.45
  boomIntermediateAirTemp: 229.4
  boomAtsAirTemp: 228.42
  internalAirTempUncertainty: 0.16
  intermediateTempUncertainty: 0.12
  tipAirTempUncertainty: 0.35
  atsBoomConfidenceLevel: "    111XX1111 "
}
channelAHumidity {
  percentage: 2.16
  uncertainty: 10.0
}
channelBHumidity {
  percentage: 2.22
  uncertainty: 10.0
}
channelCHumidity {
  percentage: 2.34
  uncertainty: 10.0
}
humiditySensorTemp: 232.41
hsConfidenceLevel: "     0XXX "
pressureSensorConfig: " 2H "
pressureSensorConfidenceLevel: "      111 "
pressureSensor1 {
}
pressureSensor2 {
  thermoCapTemp: 292.74
  baroCapPressure: 731.45
  baroCapAbsoluteUncertainty: 5.1
}
