ephemerisTime: 5.39478167E8
localMeanSolarTime: " 01599M22:00:40.694 "
localTrueSolarTime: " 01599 21:13:04 "
boomOne {
  boomAirTemp: 224.22
  boomIntermediateAirTemp: 224.0
  boomAtsAirTemp: 223.71
  internalAirTempUncertainty: 0.14
  intermediateTempUncertainty: 0.32
  tipAirTempUncertainty: 0.32
  atsBoomConfidenceLevel: "    111XX1111 "
}
boomTwo {
  boomAirTemp: 220.75
  boomIntermediateAirTemp: 222.9
  boomAtsAirTemp: 223.03
  internalAirTempUncertainty: 0.16
  intermediateTempUncertainty: 0.12
  tipAirTempUncertainty: 0.35
  atsBoomConfidenceLevel: "    111XX1111 "
}
channelBHumidity {
}
channelCHumidity {
}
hsConfidenceLevel: "      UNK "
pressureSensorConfig: " 2H "
pressureSensorConfidenceLevel: "      101 "
pressureSensor1 {
}
pressureSensor2 {
  thermoCapTemp: 283.6
  baroCapPressure: 845.6
  baroCapAbsoluteUncertainty: 5.7
}
