ephemerisTime: 5.38756884E8
localMeanSolarTime: " 01591M19:00:49.501 "
localTrueSolarTime: " 01591 18:15:34 "
boomOne {
  boomAirTemp: 241.14
  boomIntermediateAirTemp: 240.4
  boomAtsAirTemp: 239.3
  internalAirTempUncertainty: 0.14
  intermediateTempUncertainty: 0.32
  tipAirTempUncertainty: 0.32
  atsBoomConfidenceLevel: "    111XX1111 "
}
boomTwo {
  boomAirTemp: 238.22
  boomIntermediateAirTemp: 237.11
  boomAtsAirTemp: 236.08
  internalAirTempUncertainty: 0.16
  intermediateTempUncertainty: 0.12
  tipAirTempUncertainty: 0.35
  atsBoomConfidenceLevel: "    111XX1111 "
}
channelBHumidity {
}
channelCHumidity {
}
hsConfidenceLevel: "      UNK "
pressureSensorConfig: " 2H "
pressureSensorConfidenceLevel: "      101 "
pressureSensor1 {
}
pressureSensor2 {
  thermoCapTemp: 296.53
  baroCapPressure: 806.99
  baroCapAbsoluteUncertainty: 5.7
}
