ephemerisTime: 5.41590576E8
localMeanSolarTime: " 01623M17:05:50.111 "
localTrueSolarTime: " 01623 16:14:39 "
boomOne {
  boomAirTemp: 258.36
  boomIntermediateAirTemp: 255.58
  boomAtsAirTemp: 253.97
  internalAirTempUncertainty: 0.14
  intermediateTempUncertainty: 0.32
  tipAirTempUncertainty: 0.32
  atsBoomConfidenceLevel: "    111XX0011 "
}
boomTwo {
  boomAirTemp: 263.03
  boomIntermediateAirTemp: 258.02
  boomAtsAirTemp: 256.06
  internalAirTempUncertainty: 0.16
  intermediateTempUncertainty: 0.12
  tipAirTempUncertainty: 0.35
  atsBoomConfidenceLevel: "    111XX0001 "
}
channelAHumidity {
  percentage: 0.78
  uncertainty: 2.0
}
channelBHumidity {
  percentage: 0.76
  uncertainty: 2.0
}
channelCHumidity {
  percentage: 0.8
  uncertainty: 2.0
}
humiditySensorTemp: 263.03
hsConfidenceLevel: "     0XXX "
pressureSensorConfig: " 2H "
pressureSensorConfidenceLevel: "      111 "
pressureSensor1 {
  baroCapPressure: 781.35
  baroCapAbsoluteUncertainty: 4.9
}
pressureSensor2 {
  baroCapPressure: 778.39
  baroCapAbsoluteUncertainty: 5.7
}
