ephemerisTime: 5.15374388E8
localMeanSolarTime: " 01328M09:35:53.824 "
localTrueSolarTime: " 01328 10:07:14 "
boomOne {
  boomAirTemp: 243.38
  boomIntermediateAirTemp: 236.05
  boomAtsAirTemp: 234.51
  internalAirTempUncertainty: 0.14
  intermediateTempUncertainty: 0.32
  tipAirTempUncertainty: 0.32
  atsBoomConfidenceLevel: "    111XX0001 "
}
boomTwo {
  boomAirTemp: 233.58
  boomIntermediateAirTemp: 234.06
  boomAtsAirTemp: 233.54
  internalAirTempUncertainty: 0.16
  intermediateTempUncertainty: 0.12
  tipAirTempUncertainty: 0.35
  atsBoomConfidenceLevel: "    111XX1111 "
}
channelAHumidity {
  percentage: 2.17
  uncertainty: 10.0
}
channelBHumidity {
  percentage: 2.19
  uncertainty: 10.0
}
channelCHumidity {
  percentage: 2.31
  uncertainty: 10.0
}
humiditySensorTemp: 234.35
hsConfidenceLevel: "     0XXX "
pressureSensorConfig: " 2H "
pressureSensorConfidenceLevel: "      111 "
pressureSensor1 {
}
pressureSensor2 {
  baroCapPressure: 740.08
  baroCapAbsoluteUncertainty: 5.1
}
