ephemerisTime: 5.16914984E8
localMeanSolarTime: " 01345M18:05:44.247 "
localTrueSolarTime: " 01345 18:39:49 "
boomOne {
  boomAirTemp: 233.08
  boomIntermediateAirTemp: 233.83
  boomAtsAirTemp: 235.15
  internalAirTempUncertainty: 0.14
  intermediateTempUncertainty: 0.32
  tipAirTempUncertainty: 0.32
  atsBoomConfidenceLevel: "    111XX1111 "
}
boomTwo {
  boomAirTemp: 231.97
  boomIntermediateAirTemp: 233.21
  boomAtsAirTemp: 235.54
  internalAirTempUncertainty: 0.16
  intermediateTempUncertainty: 0.12
  tipAirTempUncertainty: 0.35
  atsBoomConfidenceLevel: "    111XX1111 "
}
channelAHumidity {
  percentage: 2.35
  uncertainty: 10.0
}
channelBHumidity {
  percentage: 2.38
  uncertainty: 10.0
}
channelCHumidity {
  percentage: 2.51
  uncertainty: 10.0
}
humiditySensorTemp: 233.5
hsConfidenceLevel: "     0XXX "
pressureSensorConfig: " 2H "
pressureSensorConfidenceLevel: "      111 "
pressureSensor1 {
  baroCapPressure: 705.27
  baroCapAbsoluteUncertainty: 4.6
}
pressureSensor2 {
  baroCapPressure: 702.3
  baroCapAbsoluteUncertainty: 5.1
}
