ephemerisTime: 5.41149849E8
localMeanSolarTime: " 01618M17:56:51.023 "
localTrueSolarTime: " 01618 17:06:01 "
boomOne {
  boomAirTemp: 254.73
  boomIntermediateAirTemp: 251.77
  boomAtsAirTemp: 250.25
  internalAirTempUncertainty: 0.14
  intermediateTempUncertainty: 0.32
  tipAirTempUncertainty: 0.32
  atsBoomConfidenceLevel: "    111XX0011 "
}
boomTwo {
  boomAirTemp: 259.05
  boomIntermediateAirTemp: 258.75
  boomAtsAirTemp: 258.24
  internalAirTempUncertainty: 0.16
  intermediateTempUncertainty: 0.12
  tipAirTempUncertainty: 0.35
  atsBoomConfidenceLevel: "    111XX0001 "
}
channelAHumidity {
  percentage: 0.93
  uncertainty: 2.0
}
channelBHumidity {
  percentage: 0.91
  uncertainty: 2.0
}
channelCHumidity {
  percentage: 0.98
  uncertainty: 2.0
}
humiditySensorTemp: 259.84
hsConfidenceLevel: "     0XXX "
pressureSensorConfig: " 2H "
pressureSensorConfidenceLevel: "      111 "
pressureSensor1 {
}
pressureSensor2 {
  baroCapPressure: 790.46
  baroCapAbsoluteUncertainty: 5.7
}
