ephemerisTime: 5.42666971E8
localMeanSolarTime: " 01635M20:05:55.294 "
localTrueSolarTime: " 01635 19:14:40 "
boomOne {
  boomAirTemp: 230.3
  boomIntermediateAirTemp: 229.79
  boomAtsAirTemp: 229.16
  internalAirTempUncertainty: 0.14
  intermediateTempUncertainty: 0.32
  tipAirTempUncertainty: 0.32
  atsBoomConfidenceLevel: "    111XX1111 "
}
boomTwo {
  boomAirTemp: 226.53
  boomIntermediateAirTemp: 227.03
  boomAtsAirTemp: 225.81
  internalAirTempUncertainty: 0.16
  intermediateTempUncertainty: 0.12
  tipAirTempUncertainty: 0.35
  atsBoomConfidenceLevel: "    111XX1111 "
}
channelAHumidity {
  percentage: 2.61
  uncertainty: 10.0
}
channelBHumidity {
  percentage: 2.65
  uncertainty: 10.0
}
channelCHumidity {
  percentage: 2.82
  uncertainty: 10.0
}
humiditySensorTemp: 229.07
hsConfidenceLevel: "     0XXX "
pressureSensorConfig: " 2H "
pressureSensorConfidenceLevel: "      111 "
pressureSensor1 {
  baroCapPressure: 807.92
  baroCapAbsoluteUncertainty: 4.9
}
pressureSensor2 {
  baroCapPressure: 805.24
  baroCapAbsoluteUncertainty: 5.7
}
