ephemerisTime: 5.29572733E8
localMeanSolarTime: " 01488M08:05:42.548 "
localTrueSolarTime: " 01488 08:22:51 "
boomOne {
  boomAirTemp: 229.97
  boomIntermediateAirTemp: 230.46
  boomAtsAirTemp: 227.64
  internalAirTempUncertainty: 0.14
  intermediateTempUncertainty: 0.32
  tipAirTempUncertainty: 0.32
  atsBoomConfidenceLevel: "    111XX0001 "
}
boomTwo {
  boomAirTemp: 226.32
  boomIntermediateAirTemp: 229.29
  boomAtsAirTemp: 230.84
  internalAirTempUncertainty: 0.16
  intermediateTempUncertainty: 0.12
  tipAirTempUncertainty: 0.35
  atsBoomConfidenceLevel: "    111XX0001 "
}
channelAHumidity {
  percentage: 2.26
  uncertainty: 10.0
}
channelBHumidity {
  percentage: 2.32
  uncertainty: 10.0
}
channelCHumidity {
  percentage: 2.46
  uncertainty: 10.0
}
humiditySensorTemp: 227.58
hsConfidenceLevel: "     0XXX "
pressureSensorConfig: " 2H "
pressureSensorConfidenceLevel: "      111 "
pressureSensor1 {
  baroCapPressure: 930.72
  baroCapAbsoluteUncertainty: 4.7
}
pressureSensor2 {
  baroCapPressure: 927.81
  baroCapAbsoluteUncertainty: 5.3
}
