ephemerisTime: 5.31098288E8
localMeanSolarTime: " 01505M12:31:34.266 "
localTrueSolarTime: " 01505 12:37:58 "
boomOne {
  boomAirTemp: 263.67
  boomIntermediateAirTemp: 264.04
  boomAtsAirTemp: 258.14
  internalAirTempUncertainty: 0.14
  intermediateTempUncertainty: 0.32
  tipAirTempUncertainty: 0.32
  atsBoomConfidenceLevel: "    111XX0001 "
}
boomTwo {
  boomAirTemp: 269.47
  boomIntermediateAirTemp: 267.16
  boomAtsAirTemp: 258.29
  internalAirTempUncertainty: 0.16
  intermediateTempUncertainty: 0.12
  tipAirTempUncertainty: 0.35
  atsBoomConfidenceLevel: "    111XX0101 "
}
channelAHumidity {
  percentage: 0.65
  uncertainty: 2.0
}
channelBHumidity {
  percentage: 0.61
  uncertainty: 2.0
}
channelCHumidity {
  percentage: 0.66
  uncertainty: 2.0
}
humiditySensorTemp: 269.17
hsConfidenceLevel: "     0XXX "
pressureSensorConfig: " 2H "
pressureSensorConfidenceLevel: "      110 "
pressureSensor1 {
}
pressureSensor2 {
  thermoCapTemp: 293.15
  baroCapPressure: 881.34
  baroCapAbsoluteUncertainty: 5.3
}
