ephemerisTime: 5.27563628E8
localMeanSolarTime: " 01465M16:56:14.109 "
localTrueSolarTime: " 01465 17:24:34 "
boomOne {
  boomAirTemp: 254.73
  boomIntermediateAirTemp: 251.21
  boomAtsAirTemp: 248.45
  internalAirTempUncertainty: 0.14
  intermediateTempUncertainty: 0.32
  tipAirTempUncertainty: 0.32
  atsBoomConfidenceLevel: "    111XX1111 "
}
boomTwo {
  boomAirTemp: 257.8
  boomIntermediateAirTemp: 254.94
  boomAtsAirTemp: 252.11
  internalAirTempUncertainty: 0.16
  intermediateTempUncertainty: 0.12
  tipAirTempUncertainty: 0.35
  atsBoomConfidenceLevel: "    111XX0001 "
}
channelAHumidity {
  percentage: 0.98
  uncertainty: 2.0
}
channelBHumidity {
  percentage: 0.97
  uncertainty: 2.0
}
channelCHumidity {
  percentage: 1.03
  uncertainty: 2.0
}
humiditySensorTemp: 258.17
hsConfidenceLevel: "     0XXX "
pressureSensorConfig: " 2H "
pressureSensorConfidenceLevel: "      111 "
pressureSensor1 {
}
pressureSensor2 {
  baroCapPressure: 809.86
  baroCapAbsoluteUncertainty: 5.3
}
