ephemerisTime: 5.19661268E8
localMeanSolarTime: " 01376M16:32:54.715 "
localTrueSolarTime: " 01376 17:11:06 "
boomOne {
  boomAirTemp: 262.38
  boomIntermediateAirTemp: 261.27
  boomAtsAirTemp: 258.08
  internalAirTempUncertainty: 0.14
  intermediateTempUncertainty: 0.32
  tipAirTempUncertainty: 0.32
  atsBoomConfidenceLevel: "    111XX0001 "
}
boomTwo {
  boomAirTemp: 261.42
  boomIntermediateAirTemp: 259.34
  boomAtsAirTemp: 256.9
  internalAirTempUncertainty: 0.16
  intermediateTempUncertainty: 0.12
  tipAirTempUncertainty: 0.35
  atsBoomConfidenceLevel: "    111XX0001 "
}
channelAHumidity {
  percentage: 0.92
  uncertainty: 2.0
}
channelBHumidity {
  percentage: 0.88
  uncertainty: 2.0
}
channelCHumidity {
  percentage: 0.92
  uncertainty: 2.0
}
humiditySensorTemp: 261.66
hsConfidenceLevel: "     0XXX "
pressureSensorConfig: " 2H "
pressureSensorConfidenceLevel: "      111 "
pressureSensor1 {
}
pressureSensor2 {
  baroCapPressure: 697.0
  baroCapAbsoluteUncertainty: 5.1
}
