ephemerisTime: 5.43580293E8
localMeanSolarTime: " 01646M03:00:49.112 "
localTrueSolarTime: " 01646 02:10:20 "
boomOne {
  boomAirTemp: 206.63
  boomIntermediateAirTemp: 208.44
  boomAtsAirTemp: 208.55
  internalAirTempUncertainty: 0.14
  intermediateTempUncertainty: 0.32
  tipAirTempUncertainty: 0.32
  atsBoomConfidenceLevel: "    111XX1111 "
}
boomTwo {
  boomAirTemp: 205.31
  boomIntermediateAirTemp: 207.62
  boomAtsAirTemp: 206.92
  internalAirTempUncertainty: 1.13
  intermediateTempUncertainty: 1.06
  tipAirTempUncertainty: 1.58
  atsBoomConfidenceLevel: "    011XX1111 "
}
channelBHumidity {
}
channelCHumidity {
}
hsConfidenceLevel: "      UNK "
pressureSensorConfig: " 2H "
pressureSensorConfidenceLevel: "      101 "
pressureSensor1 {
}
pressureSensor2 {
  thermoCapTemp: 280.61
  baroCapPressure: 854.99
  baroCapAbsoluteUncertainty: 5.7
}
