ephemerisTime: 5.15387108E8
localMeanSolarTime: " 01328M13:02:13.609 "
localTrueSolarTime: " 01328 13:33:35 "
boomOne {
  boomAirTemp: 257.37
  boomIntermediateAirTemp: 253.91
  boomAtsAirTemp: 252.96
  internalAirTempUncertainty: 0.14
  intermediateTempUncertainty: 0.32
  tipAirTempUncertainty: 0.32
  atsBoomConfidenceLevel: "    111XX0001 "
}
boomTwo {
  boomAirTemp: 252.72
  boomIntermediateAirTemp: 254.0
  boomAtsAirTemp: 253.14
  internalAirTempUncertainty: 0.16
  intermediateTempUncertainty: 0.12
  tipAirTempUncertainty: 0.35
  atsBoomConfidenceLevel: "    111XX1111 "
}
channelAHumidity {
  percentage: 1.2
  uncertainty: 2.0
}
channelBHumidity {
  percentage: 1.18
  uncertainty: 2.0
}
channelCHumidity {
  percentage: 1.24
  uncertainty: 2.0
}
humiditySensorTemp: 253.11
hsConfidenceLevel: "     0XXX "
pressureSensorConfig: " 2H "
pressureSensorConfidenceLevel: "      100 "
pressureSensor1 {
}
pressureSensor2 {
  baroCapPressure: 710.1
  baroCapAbsoluteUncertainty: 5.1
}
