ephemerisTime: 5.42123212E8
localMeanSolarTime: " 01629M17:05:39.954 "
localTrueSolarTime: " 01629 16:14:19 "
boomOne {
  boomAirTemp: 267.12
  boomIntermediateAirTemp: 267.76
  boomAtsAirTemp: 262.58
  internalAirTempUncertainty: 0.14
  intermediateTempUncertainty: 0.32
  tipAirTempUncertainty: 0.32
  atsBoomConfidenceLevel: "    111XX0001 "
}
boomTwo {
  boomAirTemp: 261.67
  boomIntermediateAirTemp: 261.61
  boomAtsAirTemp: 260.19
  internalAirTempUncertainty: 0.16
  intermediateTempUncertainty: 0.12
  tipAirTempUncertainty: 0.35
  atsBoomConfidenceLevel: "    111XX0011 "
}
channelAHumidity {
  percentage: 0.93
  uncertainty: 2.0
}
channelBHumidity {
  percentage: 0.91
  uncertainty: 2.0
}
channelCHumidity {
  percentage: 0.95
  uncertainty: 2.0
}
humiditySensorTemp: 262.15
hsConfidenceLevel: "     0XXX "
pressureSensorConfig: " 2H "
pressureSensorConfidenceLevel: "      111 "
pressureSensor1 {
  baroCapPressure: 772.68
  baroCapAbsoluteUncertainty: 4.9
}
pressureSensor2 {
  baroCapPressure: 769.85
  baroCapAbsoluteUncertainty: 5.7
}
