ephemerisTime: 5.40260049E8
localMeanSolarTime: " 01608M17:23:30.074 "
localTrueSolarTime: " 01608 16:34:00 "
boomOne {
  boomAirTemp: 260.64
  boomIntermediateAirTemp: 258.98
  boomAtsAirTemp: 257.42
  internalAirTempUncertainty: 0.14
  intermediateTempUncertainty: 0.32
  tipAirTempUncertainty: 0.32
  atsBoomConfidenceLevel: "    111XX0001 "
}
boomTwo {
  boomAirTemp: 263.2
  boomIntermediateAirTemp: 262.14
  boomAtsAirTemp: 261.64
  internalAirTempUncertainty: 0.16
  intermediateTempUncertainty: 0.12
  tipAirTempUncertainty: 0.35
  atsBoomConfidenceLevel: "    111XX0001 "
}
channelAHumidity {
  percentage: 1.09
  uncertainty: 2.0
}
channelBHumidity {
  percentage: 1.07
  uncertainty: 2.0
}
channelCHumidity {
  percentage: 1.13
  uncertainty: 2.0
}
humiditySensorTemp: 263.56
hsConfidenceLevel: "     0XXX "
pressureSensorConfig: " 2H "
pressureSensorConfidenceLevel: "      111 "
pressureSensor1 {
  thermoCapTemp: 298.59
}
pressureSensor2 {
  baroCapPressure: 789.46
  baroCapAbsoluteUncertainty: 5.7
}
