ephemerisTime: 5.40865589E8
localMeanSolarTime: " 01615M13:05:53.988 "
localTrueSolarTime: " 01615 12:15:24 "
boomOne {
  boomAirTemp: 259.94
  boomIntermediateAirTemp: 259.96
  boomAtsAirTemp: 255.38
  internalAirTempUncertainty: 0.14
  intermediateTempUncertainty: 0.32
  tipAirTempUncertainty: 0.32
  atsBoomConfidenceLevel: "    111XX1111 "
}
boomTwo {
  boomAirTemp: 257.39
  boomIntermediateAirTemp: 255.12
  boomAtsAirTemp: 250.76
  internalAirTempUncertainty: 0.16
  intermediateTempUncertainty: 0.12
  tipAirTempUncertainty: 0.35
  atsBoomConfidenceLevel: "    111XX1111 "
}
channelAHumidity {
  percentage: 1.02
  uncertainty: 2.0
}
channelBHumidity {
  percentage: 1.01
  uncertainty: 2.0
}
channelCHumidity {
  percentage: 1.06
  uncertainty: 2.0
}
humiditySensorTemp: 257.7
hsConfidenceLevel: "     0XXX "
pressureSensorConfig: " 2H "
pressureSensorConfidenceLevel: "      111 "
pressureSensor1 {
}
pressureSensor2 {
  baroCapPressure: 823.5
  baroCapAbsoluteUncertainty: 5.7
}
