ephemerisTime: 5.15597862E8
localMeanSolarTime: " 01330M22:00:50.673 "
localTrueSolarTime: " 01330 22:32:35 "
boomOne {
  boomAirTemp: 212.48
  boomIntermediateAirTemp: 210.65
  boomAtsAirTemp: 209.97
  internalAirTempUncertainty: 0.14
  intermediateTempUncertainty: 0.32
  tipAirTempUncertainty: 0.32
  atsBoomConfidenceLevel: "    111XX1111 "
}
boomTwo {
  boomAirTemp: 209.43
  boomIntermediateAirTemp: 209.88
  boomAtsAirTemp: 209.42
  internalAirTempUncertainty: 1.13
  intermediateTempUncertainty: 1.06
  tipAirTempUncertainty: 1.58
  atsBoomConfidenceLevel: "    011XX1111 "
}
channelBHumidity {
}
channelCHumidity {
}
hsConfidenceLevel: "      UNK "
pressureSensorConfig: " 2H "
pressureSensorConfidenceLevel: "      101 "
pressureSensor1 {
}
pressureSensor2 {
  thermoCapTemp: 282.92
  baroCapPressure: 735.06
  baroCapAbsoluteUncertainty: 5.1
}
