ephemerisTime: 5.30970926E8
localMeanSolarTime: " 01504M02:05:38.756 "
localTrueSolarTime: " 01504 02:13:00 "
boomOne {
  boomAirTemp: 213.82
  boomIntermediateAirTemp: 214.72
  boomAtsAirTemp: 216.02
  internalAirTempUncertainty: 0.14
  intermediateTempUncertainty: 0.32
  tipAirTempUncertainty: 0.32
  atsBoomConfidenceLevel: "    111XX1111 "
}
boomTwo {
  boomAirTemp: 210.47
  boomIntermediateAirTemp: 214.05
  boomAtsAirTemp: 213.86
  internalAirTempUncertainty: 0.16
  intermediateTempUncertainty: 0.12
  tipAirTempUncertainty: 0.35
  atsBoomConfidenceLevel: "    111XX1111 "
}
channelAHumidity {
  percentage: 6.32
  uncertainty: 10.0
}
channelBHumidity {
  percentage: 6.37
  uncertainty: 10.0
}
channelCHumidity {
  percentage: 6.64
  uncertainty: 10.0
}
humiditySensorTemp: 214.78
hsConfidenceLevel: "     0XXX "
pressureSensorConfig: " 2H "
pressureSensorConfidenceLevel: "      111 "
pressureSensor1 {
}
pressureSensor2 {
  baroCapPressure: 937.07
  baroCapAbsoluteUncertainty: 5.3
}
