ephemerisTime: 5.10796268E8
localMeanSolarTime: " 01276M19:54:42.589 "
localTrueSolarTime: " 01276 20:18:07 "
boomOne {
  boomAirTemp: 214.25
  boomIntermediateAirTemp: 213.81
  boomAtsAirTemp: 213.62
  internalAirTempUncertainty: 0.14
  intermediateTempUncertainty: 0.32
  tipAirTempUncertainty: 0.32
  atsBoomConfidenceLevel: "    111XX1111 "
}
boomTwo {
  boomAirTemp: 213.83
  boomIntermediateAirTemp: 213.7
  boomAtsAirTemp: 214.44
  internalAirTempUncertainty: 0.16
  intermediateTempUncertainty: 0.12
  tipAirTempUncertainty: 0.35
  atsBoomConfidenceLevel: "    111XX1111 "
}
channelAHumidity {
  percentage: 4.42
  uncertainty: 10.0
}
channelBHumidity {
  percentage: 4.38
  uncertainty: 10.0
}
channelCHumidity {
  percentage: 4.58
  uncertainty: 10.0
}
humiditySensorTemp: 215.69
hsConfidenceLevel: "     0XXX "
pressureSensorConfig: " 2H "
pressureSensorConfidenceLevel: "      111 "
pressureSensor1 {
}
pressureSensor2 {
  baroCapPressure: 763.62
  baroCapAbsoluteUncertainty: 6.0
}
