ephemerisTime: 5.15509089E8
localMeanSolarTime: " 01329M22:00:52.042 "
localTrueSolarTime: " 01329 22:32:27 "
boomOne {
  boomAirTemp: 211.74
  boomIntermediateAirTemp: 211.06
  boomAtsAirTemp: 209.51
  internalAirTempUncertainty: 0.14
  intermediateTempUncertainty: 0.32
  tipAirTempUncertainty: 0.32
  atsBoomConfidenceLevel: "    111XX1111 "
}
boomTwo {
  boomAirTemp: 209.93
  boomIntermediateAirTemp: 209.99
  boomAtsAirTemp: 209.93
  internalAirTempUncertainty: 1.13
  intermediateTempUncertainty: 1.06
  tipAirTempUncertainty: 1.58
  atsBoomConfidenceLevel: "    011XX1111 "
}
channelBHumidity {
}
channelCHumidity {
}
hsConfidenceLevel: "      UNK "
pressureSensorConfig: " 2H "
pressureSensorConfidenceLevel: "      101 "
pressureSensor1 {
}
pressureSensor2 {
  thermoCapTemp: 281.08
  baroCapPressure: 736.27
  baroCapAbsoluteUncertainty: 5.1
}
