ephemerisTime: 5.34784547E8
localMeanSolarTime: " 01547M01:05:58.678 "
localTrueSolarTime: " 01547 00:43:31 "
boomOne {
  boomAirTemp: 213.7
  boomIntermediateAirTemp: 212.83
  boomAtsAirTemp: 212.34
  internalAirTempUncertainty: 0.14
  intermediateTempUncertainty: 0.32
  tipAirTempUncertainty: 0.32
  atsBoomConfidenceLevel: "    111XX1111 "
}
boomTwo {
  boomAirTemp: 209.89
  boomIntermediateAirTemp: 210.14
  boomAtsAirTemp: 199.85
  internalAirTempUncertainty: 0.16
  intermediateTempUncertainty: 0.12
  tipAirTempUncertainty: 0.35
  atsBoomConfidenceLevel: "    111XX1110 "
}
channelAHumidity {
  percentage: 5.12
  uncertainty: 10.0
}
channelBHumidity {
  percentage: 5.19
  uncertainty: 10.0
}
channelCHumidity {
  percentage: 5.38
  uncertainty: 10.0
}
humiditySensorTemp: 214.55
hsConfidenceLevel: "     0XXX "
pressureSensorConfig: " 2H "
pressureSensorConfidenceLevel: "      111 "
pressureSensor1 {
  baroCapPressure: 903.9
  baroCapAbsoluteUncertainty: 4.9
}
pressureSensor2 {
  baroCapPressure: 901.32
  baroCapAbsoluteUncertainty: 5.7
}
