ephemerisTime: 5.07164408E8
localMeanSolarTime: " 01235M22:02:42.193 "
localTrueSolarTime: " 01235 22:20:39 "
boomOne {
  boomAirTemp: 203.74
  boomIntermediateAirTemp: 202.98
  boomAtsAirTemp: 200.79
  internalAirTempUncertainty: 0.55
  intermediateTempUncertainty: 0.32
  tipAirTempUncertainty: 1.19
  atsBoomConfidenceLevel: "    011XX1111 "
}
boomTwo {
  boomAirTemp: 199.98
  boomIntermediateAirTemp: 200.47
  boomAtsAirTemp: 196.89
  internalAirTempUncertainty: 1.13
  intermediateTempUncertainty: 1.06
  tipAirTempUncertainty: 1.58
  atsBoomConfidenceLevel: "    011XX1110 "
}
channelAHumidity {
  percentage: 9.61
  uncertainty: 10.0
}
channelBHumidity {
  percentage: 9.61
  uncertainty: 10.0
}
channelCHumidity {
  percentage: 10.19
  uncertainty: 10.0
}
humiditySensorTemp: 204.23
hsConfidenceLevel: "     0XXX "
pressureSensorConfig: " 2H "
pressureSensorConfidenceLevel: "      101 "
pressureSensor1 {
}
pressureSensor2 {
  baroCapPressure: 820.43
  baroCapAbsoluteUncertainty: 6.0
}
