ephemerisTime: 5.18609093E8
localMeanSolarTime: " 01364M20:05:41.732 "
localTrueSolarTime: " 01364 20:42:30 "
boomOne {
  boomAirTemp: 224.25
  boomIntermediateAirTemp: 223.46
  boomAtsAirTemp: 223.1
  internalAirTempUncertainty: 0.14
  intermediateTempUncertainty: 0.32
  tipAirTempUncertainty: 0.32
  atsBoomConfidenceLevel: "    111XX1111 "
}
boomTwo {
  boomAirTemp: 222.72
  boomIntermediateAirTemp: 222.68
  boomAtsAirTemp: 223.2
  internalAirTempUncertainty: 0.16
  intermediateTempUncertainty: 0.12
  tipAirTempUncertainty: 0.35
  atsBoomConfidenceLevel: "    111XX1111 "
}
channelAHumidity {
  percentage: 3.51
  uncertainty: 10.0
}
channelBHumidity {
  percentage: 3.56
  uncertainty: 10.0
}
channelCHumidity {
  percentage: 3.71
  uncertainty: 10.0
}
humiditySensorTemp: 224.27
hsConfidenceLevel: "     0XXX "
pressureSensorConfig: " 2H "
pressureSensorConfidenceLevel: "      111 "
pressureSensor1 {
  baroCapPressure: 740.88
  baroCapAbsoluteUncertainty: 4.6
}
pressureSensor2 {
  baroCapPressure: 738.08
  baroCapAbsoluteUncertainty: 5.1
}
