ephemerisTime: 5.43063669E8
localMeanSolarTime: " 01640M07:20:43.005 "
localTrueSolarTime: " 01640 06:29:42 "
boomOne {
  boomAirTemp: 204.22
  boomIntermediateAirTemp: 205.2
  boomAtsAirTemp: 205.83
  internalAirTempUncertainty: 0.55
  intermediateTempUncertainty: 0.32
  tipAirTempUncertainty: 1.19
  atsBoomConfidenceLevel: "    011XX1111 "
}
boomTwo {
  boomAirTemp: 197.48
  boomIntermediateAirTemp: 199.07
  boomAtsAirTemp: 154.77
  internalAirTempUncertainty: 1.13
  intermediateTempUncertainty: 1.06
  tipAirTempUncertainty: 1.58
  atsBoomConfidenceLevel: "    011XX0000 "
}
channelAHumidity {
  percentage: 9.49
  uncertainty: 10.0
}
channelBHumidity {
  percentage: 9.51
  uncertainty: 10.0
}
channelCHumidity {
  percentage: 9.85
  uncertainty: 10.0
}
humiditySensorTemp: 205.66
hsConfidenceLevel: "     0XXX "
pressureSensorConfig: " 2H "
pressureSensorConfidenceLevel: "      111 "
pressureSensor1 {
}
pressureSensor2 {
  thermoCapTemp: 281.39
  baroCapPressure: 869.67
  baroCapAbsoluteUncertainty: 5.7
}
