ephemerisTime: 5.14587188E8
localMeanSolarTime: " 01319M12:46:48.683 "
localTrueSolarTime: " 01319 13:16:43 "
boomOne {
  boomAirTemp: 254.85
  boomIntermediateAirTemp: 250.01
  boomAtsAirTemp: 249.72
  internalAirTempUncertainty: 0.14
  intermediateTempUncertainty: 0.32
  tipAirTempUncertainty: 0.32
  atsBoomConfidenceLevel: "    111XX0101 "
}
boomTwo {
  boomAirTemp: 250.41
  boomIntermediateAirTemp: 250.8
  boomAtsAirTemp: 249.69
  internalAirTempUncertainty: 0.16
  intermediateTempUncertainty: 0.12
  tipAirTempUncertainty: 0.35
  atsBoomConfidenceLevel: "    111XX1111 "
}
channelAHumidity {
  percentage: 1.13
  uncertainty: 2.0
}
channelBHumidity {
  percentage: 1.16
  uncertainty: 2.0
}
channelCHumidity {
  percentage: 1.21
  uncertainty: 2.0
}
humiditySensorTemp: 251.08
hsConfidenceLevel: "     0XXX "
pressureSensorConfig: " 2H "
pressureSensorConfidenceLevel: "      111 "
pressureSensor1 {
}
pressureSensor2 {
  baroCapPressure: 724.2
  baroCapAbsoluteUncertainty: 5.1
}
