ephemerisTime: 5.11225568E8
localMeanSolarTime: " 01281M15:58:20.310 "
localTrueSolarTime: " 01281 16:22:26 "
boomOne {
  boomAirTemp: 248.23
  boomIntermediateAirTemp: 245.79
  boomAtsAirTemp: 242.71
  internalAirTempUncertainty: 0.14
  intermediateTempUncertainty: 0.32
  tipAirTempUncertainty: 0.32
  atsBoomConfidenceLevel: "    111XX1111 "
}
boomTwo {
  boomAirTemp: 254.48
  boomIntermediateAirTemp: 252.47
  boomAtsAirTemp: 248.68
  internalAirTempUncertainty: 0.16
  intermediateTempUncertainty: 0.12
  tipAirTempUncertainty: 0.35
  atsBoomConfidenceLevel: "    111XX0001 "
}
channelAHumidity {
  percentage: 1.12
  uncertainty: 2.0
}
channelBHumidity {
  percentage: 1.1
  uncertainty: 2.0
}
channelCHumidity {
  percentage: 1.15
  uncertainty: 2.0
}
humiditySensorTemp: 254.22
hsConfidenceLevel: "     0XXX "
pressureSensorConfig: " 2H "
pressureSensorConfidenceLevel: "      111 "
pressureSensor1 {
}
pressureSensor2 {
  baroCapPressure: 735.36
  baroCapAbsoluteUncertainty: 6.0
}
