ephemerisTime: 5.15457308E8
localMeanSolarTime: " 01329M08:00:56.003 "
localTrueSolarTime: " 01329 08:32:25 "
boomOne {
  boomAirTemp: 226.78
  boomIntermediateAirTemp: 222.44
  boomAtsAirTemp: 217.85
  internalAirTempUncertainty: 0.14
  intermediateTempUncertainty: 0.32
  tipAirTempUncertainty: 0.32
  atsBoomConfidenceLevel: "    111XX0001 "
}
boomTwo {
  boomAirTemp: 207.64
  boomIntermediateAirTemp: 208.0
  boomAtsAirTemp: 192.67
  internalAirTempUncertainty: 0.16
  intermediateTempUncertainty: 0.12
  tipAirTempUncertainty: 0.35
  atsBoomConfidenceLevel: "    111XX1110 "
}
channelAHumidity {
  percentage: 5.08
  uncertainty: 10.0
}
channelBHumidity {
  percentage: 5.07
  uncertainty: 10.0
}
channelCHumidity {
  percentage: 5.34
  uncertainty: 10.0
}
humiditySensorTemp: 212.46
hsConfidenceLevel: "     0XXX "
pressureSensorConfig: " 2H "
pressureSensorConfidenceLevel: "      101 "
pressureSensor1 {
}
pressureSensor2 {
  baroCapPressure: 762.19
  baroCapAbsoluteUncertainty: 5.1
}
