ephemerisTime: 5.36852259E8
localMeanSolarTime: " 01570M08:06:06.585 "
localTrueSolarTime: " 01570 07:29:51 "
boomOne {
  boomAirTemp: 218.1
  boomIntermediateAirTemp: 221.01
  boomAtsAirTemp: 219.07
  internalAirTempUncertainty: 0.14
  intermediateTempUncertainty: 0.32
  tipAirTempUncertainty: 0.32
  atsBoomConfidenceLevel: "    111XX0001 "
}
boomTwo {
  boomAirTemp: 213.48
  boomIntermediateAirTemp: 214.6
  boomAtsAirTemp: 214.79
  internalAirTempUncertainty: 0.16
  intermediateTempUncertainty: 0.12
  tipAirTempUncertainty: 0.35
  atsBoomConfidenceLevel: "    111XX0011 "
}
channelAHumidity {
  percentage: 3.99
  uncertainty: 10.0
}
channelBHumidity {
  percentage: 4.05
  uncertainty: 10.0
}
channelCHumidity {
  percentage: 4.23
  uncertainty: 10.0
}
humiditySensorTemp: 215.73
hsConfidenceLevel: "     0XXX "
pressureSensorConfig: " 2H "
pressureSensorConfidenceLevel: "      111 "
pressureSensor1 {
  baroCapPressure: 906.14
  baroCapAbsoluteUncertainty: 4.9
}
pressureSensor2 {
  baroCapPressure: 903.46
  baroCapAbsoluteUncertainty: 5.7
}
