ephemerisTime: 5.40893589E8
localMeanSolarTime: " 01615M20:40:05.086 "
localTrueSolarTime: " 01615 19:49:33 "
boomOne {
  boomAirTemp: 229.2
  boomIntermediateAirTemp: 227.4
  boomAtsAirTemp: 225.72
  internalAirTempUncertainty: 0.14
  intermediateTempUncertainty: 0.32
  tipAirTempUncertainty: 0.32
  atsBoomConfidenceLevel: "    111XX1111 "
}
boomTwo {
  boomAirTemp: 226.24
  boomIntermediateAirTemp: 224.73
  boomAtsAirTemp: 223.12
  internalAirTempUncertainty: 0.16
  intermediateTempUncertainty: 0.12
  tipAirTempUncertainty: 0.35
  atsBoomConfidenceLevel: "    111XX1111 "
}
channelAHumidity {
  percentage: 2.66
  uncertainty: 10.0
}
channelBHumidity {
  percentage: 2.73
  uncertainty: 10.0
}
channelCHumidity {
  percentage: 2.89
  uncertainty: 10.0
}
humiditySensorTemp: 227.77
hsConfidenceLevel: "     0XXX "
pressureSensorConfig: " 2H "
pressureSensorConfidenceLevel: "      111 "
pressureSensor1 {
}
pressureSensor2 {
  thermoCapTemp: 290.72
  baroCapPressure: 825.4
  baroCapAbsoluteUncertainty: 5.7
}
