ephemerisTime: 5.15417768E8
localMeanSolarTime: " 01328M21:19:33.561 "
localTrueSolarTime: " 01328 21:50:58 "
boomOne {
  boomAirTemp: 215.59
  boomIntermediateAirTemp: 214.01
  boomAtsAirTemp: 212.93
  internalAirTempUncertainty: 0.14
  intermediateTempUncertainty: 0.32
  tipAirTempUncertainty: 0.32
  atsBoomConfidenceLevel: "    111XX1111 "
}
boomTwo {
  boomAirTemp: 214.21
  boomIntermediateAirTemp: 212.95
  boomAtsAirTemp: 211.77
  internalAirTempUncertainty: 0.16
  intermediateTempUncertainty: 0.12
  tipAirTempUncertainty: 0.35
  atsBoomConfidenceLevel: "    111XX1111 "
}
channelAHumidity {
  percentage: 5.22
  uncertainty: 10.0
}
channelBHumidity {
  percentage: 5.26
  uncertainty: 10.0
}
channelCHumidity {
  percentage: 5.51
  uncertainty: 10.0
}
humiditySensorTemp: 216.01
hsConfidenceLevel: "     0XXX "
pressureSensorConfig: " 2H "
pressureSensorConfidenceLevel: "      111 "
pressureSensor1 {
}
pressureSensor2 {
  baroCapPressure: 731.55
  baroCapAbsoluteUncertainty: 5.1
}
