ephemerisTime: 5.18050328E8
localMeanSolarTime: " 01358M13:02:01.750 "
localTrueSolarTime: " 01358 13:37:59 "
boomOne {
  boomAirTemp: 255.62
  boomIntermediateAirTemp: 255.03
  boomAtsAirTemp: 252.6
  internalAirTempUncertainty: 0.14
  intermediateTempUncertainty: 0.32
  tipAirTempUncertainty: 0.32
  atsBoomConfidenceLevel: "    111XX1111 "
}
boomTwo {
  boomAirTemp: 255.37
  boomIntermediateAirTemp: 254.97
  boomAtsAirTemp: 254.07
  internalAirTempUncertainty: 0.16
  intermediateTempUncertainty: 0.12
  tipAirTempUncertainty: 0.35
  atsBoomConfidenceLevel: "    111XX1111 "
}
channelAHumidity {
  percentage: 1.04
  uncertainty: 2.0
}
channelBHumidity {
  percentage: 1.04
  uncertainty: 2.0
}
channelCHumidity {
  percentage: 1.09
  uncertainty: 2.0
}
humiditySensorTemp: 256.02
hsConfidenceLevel: "     0XXX "
pressureSensorConfig: " 2H "
pressureSensorConfidenceLevel: "      101 "
pressureSensor1 {
}
pressureSensor2 {
  baroCapPressure: 704.75
  baroCapAbsoluteUncertainty: 5.1
}
