ephemerisTime: 5.41234449E8
localMeanSolarTime: " 01619M16:49:08.268 "
localTrueSolarTime: " 01619 15:58:13 "
boomOne {
  boomAirTemp: 263.5
  boomIntermediateAirTemp: 261.81
  boomAtsAirTemp: 260.89
  internalAirTempUncertainty: 0.14
  intermediateTempUncertainty: 0.32
  tipAirTempUncertainty: 0.32
  atsBoomConfidenceLevel: "    111XX0011 "
}
boomTwo {
  boomAirTemp: 271.02
  boomIntermediateAirTemp: 270.53
  boomAtsAirTemp: 270.91
  internalAirTempUncertainty: 0.16
  intermediateTempUncertainty: 0.12
  tipAirTempUncertainty: 0.35
  atsBoomConfidenceLevel: "    111XX0001 "
}
channelAHumidity {
  percentage: 0.63
  uncertainty: 2.0
}
channelBHumidity {
  percentage: 0.58
  uncertainty: 2.0
}
channelCHumidity {
  percentage: 0.62
  uncertainty: 2.0
}
humiditySensorTemp: 271.25
hsConfidenceLevel: "     0XXX "
pressureSensorConfig: " 2H "
pressureSensorConfidenceLevel: "      111 "
pressureSensor1 {
  baroCapPressure: 792.79
  baroCapAbsoluteUncertainty: 4.9
}
pressureSensor2 {
  baroCapPressure: 790.09
  baroCapAbsoluteUncertainty: 5.7
}
