ephemerisTime: 5.19581923E8
localMeanSolarTime: " 01375M19:05:51.918 "
localTrueSolarTime: " 01375 19:43:57 "
boomOne {
  boomAirTemp: 229.85
  boomIntermediateAirTemp: 228.9
  boomAtsAirTemp: 228.13
  internalAirTempUncertainty: 0.14
  intermediateTempUncertainty: 0.32
  tipAirTempUncertainty: 0.32
  atsBoomConfidenceLevel: "    111XX1111 "
}
boomTwo {
  boomAirTemp: 228.41
  boomIntermediateAirTemp: 228.24
  boomAtsAirTemp: 228.7
  internalAirTempUncertainty: 0.16
  intermediateTempUncertainty: 0.12
  tipAirTempUncertainty: 0.35
  atsBoomConfidenceLevel: "    111XX1111 "
}
channelAHumidity {
  percentage: 2.41
  uncertainty: 10.0
}
channelBHumidity {
  percentage: 2.46
  uncertainty: 10.0
}
channelCHumidity {
  percentage: 2.59
  uncertainty: 10.0
}
humiditySensorTemp: 229.86
hsConfidenceLevel: "     0XXX "
pressureSensorConfig: " 2H "
pressureSensorConfidenceLevel: "      111 "
pressureSensor1 {
  baroCapPressure: 743.8
  baroCapAbsoluteUncertainty: 4.6
}
pressureSensor2 {
  baroCapPressure: 741.78
  baroCapAbsoluteUncertainty: 5.1
}
