ephemerisTime: 5.15383619E8
localMeanSolarTime: " 01328M12:05:37.927 "
localTrueSolarTime: " 01328 12:36:59 "
boomOne {
  boomAirTemp: 253.81
  boomIntermediateAirTemp: 249.73
  boomAtsAirTemp: 246.07
  internalAirTempUncertainty: 0.14
  intermediateTempUncertainty: 0.32
  tipAirTempUncertainty: 0.32
  atsBoomConfidenceLevel: "    111XX1101 "
}
boomTwo {
  boomAirTemp: 250.91
  boomIntermediateAirTemp: 252.1
  boomAtsAirTemp: 251.6
  internalAirTempUncertainty: 0.16
  intermediateTempUncertainty: 0.12
  tipAirTempUncertainty: 0.35
  atsBoomConfidenceLevel: "    111XX1111 "
}
channelAHumidity {
  percentage: 1.26
  uncertainty: 2.0
}
channelBHumidity {
  percentage: 1.26
  uncertainty: 2.0
}
channelCHumidity {
  percentage: 1.33
  uncertainty: 2.0
}
humiditySensorTemp: 251.89
hsConfidenceLevel: "     0XXX "
pressureSensorConfig: " 2H "
pressureSensorConfidenceLevel: "      111 "
pressureSensor1 {
}
pressureSensor2 {
  baroCapPressure: 717.68
  baroCapAbsoluteUncertainty: 5.1
}
