ephemerisTime: 5.09491508E8
localMeanSolarTime: " 01262M03:10:20.374 "
localTrueSolarTime: " 01262 03:31:44 "
boomOne {
  boomAirTemp: 198.42
  boomIntermediateAirTemp: 198.4
  boomAtsAirTemp: 198.38
  internalAirTempUncertainty: 0.14
  intermediateTempUncertainty: 0.32
  tipAirTempUncertainty: 0.32
  atsBoomConfidenceLevel: "    111XX1111 "
}
boomTwo {
  boomAirTemp: 186.42
  boomIntermediateAirTemp: 184.17
  boomAtsAirTemp: 137.56
  internalAirTempUncertainty: 1.13
  intermediateTempUncertainty: 1.06
  tipAirTempUncertainty: 1.58
  atsBoomConfidenceLevel: "    011XX1110 "
}
channelAHumidity {
  percentage: 23.57
  uncertainty: 20.0
}
channelBHumidity {
  percentage: 23.52
  uncertainty: 20.0
}
channelCHumidity {
  percentage: 24.0
  uncertainty: 20.0
}
humiditySensorTemp: 198.86
hsConfidenceLevel: "     0XXX "
pressureSensorConfig: " 2H "
pressureSensorConfidenceLevel: "      111 "
pressureSensor1 {
}
pressureSensor2 {
  thermoCapTemp: 282.31
  baroCapPressure: 807.28
  baroCapAbsoluteUncertainty: 6.0
}
