ephemerisTime: 5.0555925E8
localMeanSolarTime: " 01217M20:05:36.578 "
localTrueSolarTime: " 01217 20:21:03 "
boomOne {
  boomAirTemp: 210.14
  boomIntermediateAirTemp: 208.6
  boomAtsAirTemp: 206.93
  internalAirTempUncertainty: 0.55
  intermediateTempUncertainty: 0.32
  tipAirTempUncertainty: 1.19
  atsBoomConfidenceLevel: "    011XX1111 "
}
boomTwo {
  boomAirTemp: 207.13
  boomIntermediateAirTemp: 206.27
  boomAtsAirTemp: 207.23
  internalAirTempUncertainty: 0.16
  intermediateTempUncertainty: 0.12
  tipAirTempUncertainty: 0.35
  atsBoomConfidenceLevel: "    111XX1111 "
}
channelAHumidity {
  percentage: 5.22
  uncertainty: 10.0
}
channelBHumidity {
  percentage: 5.21
  uncertainty: 10.0
}
channelCHumidity {
  percentage: 5.44
  uncertainty: 10.0
}
humiditySensorTemp: 210.81
hsConfidenceLevel: "     0XXX "
pressureSensorConfig: " 2H "
pressureSensorConfidenceLevel: "      111 "
pressureSensor1 {
  baroCapPressure: 840.5
  baroCapAbsoluteUncertainty: 4.4
}
pressureSensor2 {
  baroCapPressure: 837.24
  baroCapAbsoluteUncertainty: 6.0
}
