ephemerisTime: 5.40070327E8
localMeanSolarTime: " 01606M14:06:02.476 "
localTrueSolarTime: " 01606 13:16:56 "
boomOne {
  boomAirTemp: 263.07
  boomIntermediateAirTemp: 260.7
  boomAtsAirTemp: 256.29
  internalAirTempUncertainty: 0.14
  intermediateTempUncertainty: 0.32
  tipAirTempUncertainty: 0.32
  atsBoomConfidenceLevel: "    111XX1111 "
}
boomTwo {
  boomAirTemp: 260.84
  boomIntermediateAirTemp: 259.45
  boomAtsAirTemp: 256.56
  internalAirTempUncertainty: 0.16
  intermediateTempUncertainty: 0.12
  tipAirTempUncertainty: 0.35
  atsBoomConfidenceLevel: "    111XX1111 "
}
channelAHumidity {
  percentage: 0.89
  uncertainty: 2.0
}
channelBHumidity {
  percentage: 0.88
  uncertainty: 2.0
}
channelCHumidity {
  percentage: 0.93
  uncertainty: 2.0
}
humiditySensorTemp: 261.28
hsConfidenceLevel: "     0XXX "
pressureSensorConfig: " 2H "
pressureSensorConfidenceLevel: "      111 "
pressureSensor1 {
}
pressureSensor2 {
  baroCapPressure: 815.99
  baroCapAbsoluteUncertainty: 5.7
}
