ephemerisTime: 5.30057108E8
localMeanSolarTime: " 01493M19:02:42.204 "
localTrueSolarTime: " 01493 19:16:37 "
boomOne {
  boomAirTemp: 235.73
  boomIntermediateAirTemp: 235.71
  boomAtsAirTemp: 235.77
  internalAirTempUncertainty: 0.14
  intermediateTempUncertainty: 0.32
  tipAirTempUncertainty: 0.32
  atsBoomConfidenceLevel: "    111XX1111 "
}
boomTwo {
  boomAirTemp: 235.12
  boomIntermediateAirTemp: 235.24
  boomAtsAirTemp: 236.22
  internalAirTempUncertainty: 0.16
  intermediateTempUncertainty: 0.12
  tipAirTempUncertainty: 0.35
  atsBoomConfidenceLevel: "    111XX1111 "
}
channelAHumidity {
  percentage: 1.95
  uncertainty: 10.0
}
channelBHumidity {
  percentage: 1.99
  uncertainty: 10.0
}
channelCHumidity {
  percentage: 2.1
  uncertainty: 10.0
}
humiditySensorTemp: 236.43
hsConfidenceLevel: "     0XXX "
pressureSensorConfig: " 2H "
pressureSensorConfidenceLevel: "      111 "
pressureSensor1 {
}
pressureSensor2 {
  baroCapPressure: 880.3
  baroCapAbsoluteUncertainty: 5.3
}
