ephemerisTime: 5.36931129E8
localMeanSolarTime: " 01571M05:25:27.088 "
localTrueSolarTime: " 01571 04:48:45 "
boomOne {
  boomAirTemp: 207.2
  boomIntermediateAirTemp: 205.67
  boomAtsAirTemp: 204.4
  internalAirTempUncertainty: 0.55
  intermediateTempUncertainty: 0.32
  tipAirTempUncertainty: 1.19
  atsBoomConfidenceLevel: "    011XX1111 "
}
boomTwo {
  boomAirTemp: 203.94
  boomIntermediateAirTemp: 202.06
  boomAtsAirTemp: 193.08
  internalAirTempUncertainty: 1.13
  intermediateTempUncertainty: 1.06
  tipAirTempUncertainty: 1.58
  atsBoomConfidenceLevel: "    011XX1110 "
}
channelAHumidity {
  percentage: 7.37
  uncertainty: 10.0
}
channelBHumidity {
  percentage: 7.43
  uncertainty: 10.0
}
channelCHumidity {
  percentage: 7.65
  uncertainty: 10.0
}
humiditySensorTemp: 207.73
hsConfidenceLevel: "     0XXX "
pressureSensorConfig: " 2H "
pressureSensorConfidenceLevel: "      111 "
pressureSensor1 {
}
pressureSensor2 {
  baroCapPressure: 899.18
  baroCapAbsoluteUncertainty: 5.7
}
