ephemerisTime: 5.15346333E8
localMeanSolarTime: " 01328M02:00:49.198 "
localTrueSolarTime: " 01328 02:32:06 "
boomOne {
  boomAirTemp: 202.86
  boomIntermediateAirTemp: 202.39
  boomAtsAirTemp: 202.33
  internalAirTempUncertainty: 0.55
  intermediateTempUncertainty: 0.32
  tipAirTempUncertainty: 1.19
  atsBoomConfidenceLevel: "    011XX1111 "
}
boomTwo {
  boomAirTemp: 148.8
  boomIntermediateAirTemp: 150.09
  boomAtsAirTemp: 143.93
  internalAirTempUncertainty: 1.13
  intermediateTempUncertainty: 1.06
  tipAirTempUncertainty: 1.58
  atsBoomConfidenceLevel: "    011XX1110 "
}
channelBHumidity {
}
channelCHumidity {
}
hsConfidenceLevel: "      UNK "
pressureSensorConfig: " 2H "
pressureSensorConfidenceLevel: "      101 "
pressureSensor1 {
}
pressureSensor2 {
  thermoCapTemp: 281.2
  baroCapPressure: 751.03
  baroCapAbsoluteUncertainty: 5.1
}
