ephemerisTime: 5.27078828E8
localMeanSolarTime: " 01460M05:52:20.820 "
localTrueSolarTime: " 01460 06:22:48 "
boomOne {
  boomAirTemp: 211.21
  boomIntermediateAirTemp: 210.46
  boomAtsAirTemp: 210.44
  internalAirTempUncertainty: 0.14
  intermediateTempUncertainty: 0.32
  tipAirTempUncertainty: 0.32
  atsBoomConfidenceLevel: "    111XX0001 "
}
boomTwo {
  atsBoomConfidenceLevel: "          UNK "
}
channelBHumidity {
}
channelCHumidity {
}
hsConfidenceLevel: "      UNK "
pressureSensorConfig: " 2H "
pressureSensorConfidenceLevel: "      111 "
pressureSensor1 {
  baroCapPressure: 908.09
  baroCapAbsoluteUncertainty: 4.7
}
pressureSensor2 {
  baroCapPressure: 905.61
  baroCapAbsoluteUncertainty: 5.3
}
