ephemerisTime: 5.15353988E8
localMeanSolarTime: " 01328M04:04:59.453 "
localTrueSolarTime: " 01328 04:36:17 "
boomOne {
  boomAirTemp: 204.22
  boomIntermediateAirTemp: 203.8
  boomAtsAirTemp: 203.43
  internalAirTempUncertainty: 0.55
  intermediateTempUncertainty: 0.32
  tipAirTempUncertainty: 1.19
  atsBoomConfidenceLevel: "    011XX1111 "
}
boomTwo {
  boomAirTemp: 198.59
  boomIntermediateAirTemp: 198.5
  boomAtsAirTemp: 152.43
  internalAirTempUncertainty: 1.13
  intermediateTempUncertainty: 1.06
  tipAirTempUncertainty: 1.58
  atsBoomConfidenceLevel: "    011XX1110 "
}
channelAHumidity {
  percentage: 12.35
  uncertainty: 10.0
}
channelBHumidity {
  percentage: 12.19
  uncertainty: 10.0
}
channelCHumidity {
  percentage: 12.49
  uncertainty: 10.0
}
humiditySensorTemp: 205.26
hsConfidenceLevel: "     0XXX "
pressureSensorConfig: " 2H "
pressureSensorConfidenceLevel: "      111 "
pressureSensor1 {
}
pressureSensor2 {
  thermoCapTemp: 283.47
  baroCapPressure: 753.5
  baroCapAbsoluteUncertainty: 5.1
}
