ephemerisTime: 5.40876675E8
localMeanSolarTime: " 01615M16:05:43.476 "
localTrueSolarTime: " 01615 15:15:13 "
boomOne {
  boomAirTemp: 272.69
  boomIntermediateAirTemp: 274.18
  boomAtsAirTemp: 273.15
  internalAirTempUncertainty: 0.14
  intermediateTempUncertainty: 0.32
  tipAirTempUncertainty: 0.32
  atsBoomConfidenceLevel: "    111XX0001 "
}
boomTwo {
  boomAirTemp: 262.21
  boomIntermediateAirTemp: 259.88
  boomAtsAirTemp: 257.07
  internalAirTempUncertainty: 0.16
  intermediateTempUncertainty: 0.12
  tipAirTempUncertainty: 0.35
  atsBoomConfidenceLevel: "    111XX0011 "
}
channelAHumidity {
  percentage: 0.87
  uncertainty: 2.0
}
channelBHumidity {
  percentage: 0.86
  uncertainty: 2.0
}
channelCHumidity {
  percentage: 0.91
  uncertainty: 2.0
}
humiditySensorTemp: 262.36
hsConfidenceLevel: "     0XXX "
pressureSensorConfig: " 2H "
pressureSensorConfidenceLevel: "      111 "
pressureSensor1 {
  baroCapPressure: 796.05
  baroCapAbsoluteUncertainty: 4.9
}
pressureSensor2 {
  baroCapPressure: 792.85
  baroCapAbsoluteUncertainty: 5.7
}
