ephemerisTime: 5.15373788E8
localMeanSolarTime: " 01328M09:26:09.872 "
localTrueSolarTime: " 01328 09:57:30 "
boomOne {
  boomAirTemp: 242.62
  boomIntermediateAirTemp: 233.3
  boomAtsAirTemp: 230.78
  internalAirTempUncertainty: 0.14
  intermediateTempUncertainty: 0.32
  tipAirTempUncertainty: 0.32
  atsBoomConfidenceLevel: "    111XX0001 "
}
boomTwo {
  boomAirTemp: 231.67
  boomIntermediateAirTemp: 231.92
  boomAtsAirTemp: 231.06
  internalAirTempUncertainty: 0.16
  intermediateTempUncertainty: 0.12
  tipAirTempUncertainty: 0.35
  atsBoomConfidenceLevel: "    111XX1111 "
}
channelAHumidity {
  percentage: 2.31
  uncertainty: 10.0
}
channelBHumidity {
  percentage: 2.35
  uncertainty: 10.0
}
channelCHumidity {
  percentage: 2.48
  uncertainty: 10.0
}
humiditySensorTemp: 232.46
hsConfidenceLevel: "     0XXX "
pressureSensorConfig: " 2H "
pressureSensorConfidenceLevel: "      111 "
pressureSensor1 {
}
pressureSensor2 {
  baroCapPressure: 742.25
  baroCapAbsoluteUncertainty: 5.1
}
