ephemerisTime: 5.28703172E8
localMeanSolarTime: " 01478M13:00:39.276 "
localTrueSolarTime: " 01478 13:23:07 "
boomOne {
  boomAirTemp: 267.68
  boomIntermediateAirTemp: 266.9
  boomAtsAirTemp: 264.15
  internalAirTempUncertainty: 0.14
  intermediateTempUncertainty: 0.32
  tipAirTempUncertainty: 0.32
  atsBoomConfidenceLevel: "    111XX0001 "
}
boomTwo {
  boomAirTemp: 270.46
  boomIntermediateAirTemp: 271.54
  boomAtsAirTemp: 270.05
  internalAirTempUncertainty: 0.16
  intermediateTempUncertainty: 0.12
  tipAirTempUncertainty: 0.35
  atsBoomConfidenceLevel: "    111XX0001 "
}
channelBHumidity {
}
channelCHumidity {
}
hsConfidenceLevel: "      UNK "
pressureSensorConfig: " 2H "
pressureSensorConfidenceLevel: "      100 "
pressureSensor1 {
}
pressureSensor2 {
  thermoCapTemp: 295.73
  baroCapPressure: 842.7
  baroCapAbsoluteUncertainty: 5.3
}
