ephemerisTime: 5.29088171E8
localMeanSolarTime: " 01482M21:05:40.894 "
localTrueSolarTime: " 01482 21:25:52 "
boomOne {
  boomAirTemp: 227.17
  boomIntermediateAirTemp: 227.74
  boomAtsAirTemp: 228.75
  internalAirTempUncertainty: 0.14
  intermediateTempUncertainty: 0.32
  tipAirTempUncertainty: 0.32
  atsBoomConfidenceLevel: "    111XX1111 "
}
boomTwo {
  boomAirTemp: 224.76
  boomIntermediateAirTemp: 226.63
  boomAtsAirTemp: 228.05
  internalAirTempUncertainty: 0.16
  intermediateTempUncertainty: 0.12
  tipAirTempUncertainty: 0.35
  atsBoomConfidenceLevel: "    111XX1111 "
}
channelAHumidity {
  percentage: 2.86
  uncertainty: 10.0
}
channelBHumidity {
  percentage: 2.9
  uncertainty: 10.0
}
channelCHumidity {
  percentage: 3.08
  uncertainty: 10.0
}
humiditySensorTemp: 226.43
hsConfidenceLevel: "     0XXX "
pressureSensorConfig: " 2H "
pressureSensorConfidenceLevel: "      111 "
pressureSensor1 {
  baroCapPressure: 902.94
  baroCapAbsoluteUncertainty: 4.7
}
pressureSensor2 {
  baroCapPressure: 900.67
  baroCapAbsoluteUncertainty: 5.3
}
