ephemerisTime: 5.43884709E8
localMeanSolarTime: " 01649M13:18:43.045 "
localTrueSolarTime: " 01649 12:28:38 "
boomOne {
  boomAirTemp: 261.62
  boomIntermediateAirTemp: 262.61
  boomAtsAirTemp: 260.53
  internalAirTempUncertainty: 0.14
  intermediateTempUncertainty: 0.32
  tipAirTempUncertainty: 0.32
  atsBoomConfidenceLevel: "    111XX1111 "
}
boomTwo {
  boomAirTemp: 255.67
  boomIntermediateAirTemp: 253.14
  boomAtsAirTemp: 248.15
  internalAirTempUncertainty: 0.16
  intermediateTempUncertainty: 0.12
  tipAirTempUncertainty: 0.35
  atsBoomConfidenceLevel: "    111XX1111 "
}
channelAHumidity {
  percentage: 1.14
  uncertainty: 2.0
}
channelBHumidity {
  percentage: 1.14
  uncertainty: 2.0
}
channelCHumidity {
  percentage: 1.21
  uncertainty: 2.0
}
humiditySensorTemp: 256.22
hsConfidenceLevel: "     0XXX "
pressureSensorConfig: " 2H "
pressureSensorConfidenceLevel: "      111 "
pressureSensor1 {
}
pressureSensor2 {
  baroCapPressure: 808.52
  baroCapAbsoluteUncertainty: 6.4
}
