ephemerisTime: 5.43432343E8
localMeanSolarTime: " 01644M11:00:56.259 "
localTrueSolarTime: " 01644 10:10:16 "
boomOne {
  boomAirTemp: 242.65
  boomIntermediateAirTemp: 243.59
  boomAtsAirTemp: 239.99
  internalAirTempUncertainty: 0.14
  intermediateTempUncertainty: 0.32
  tipAirTempUncertainty: 0.32
  atsBoomConfidenceLevel: "    111XX1111 "
}
boomTwo {
  boomAirTemp: 242.54
  boomIntermediateAirTemp: 242.44
  boomAtsAirTemp: 237.72
  internalAirTempUncertainty: 0.16
  intermediateTempUncertainty: 0.12
  tipAirTempUncertainty: 0.35
  atsBoomConfidenceLevel: "    111XX0011 "
}
channelBHumidity {
}
channelCHumidity {
}
hsConfidenceLevel: "      UNK "
pressureSensorConfig: " 2H "
pressureSensorConfidenceLevel: "      100 "
pressureSensor1 {
}
pressureSensor2 {
  thermoCapTemp: 283.25
  baroCapPressure: 836.5
  baroCapAbsoluteUncertainty: 5.7
}
