ephemerisTime: 5.22427208E8
localMeanSolarTime: " 01407M20:18:55.454 "
localTrueSolarTime: " 01407 20:58:39 "
boomOne {
  boomAirTemp: 225.92
  boomIntermediateAirTemp: 226.16
  boomAtsAirTemp: 226.42
  internalAirTempUncertainty: 0.14
  intermediateTempUncertainty: 0.32
  tipAirTempUncertainty: 0.32
  atsBoomConfidenceLevel: "    111XX1111 "
}
boomTwo {
  boomAirTemp: 221.71
  boomIntermediateAirTemp: 221.4
  boomAtsAirTemp: 219.18
  internalAirTempUncertainty: 0.16
  intermediateTempUncertainty: 0.12
  tipAirTempUncertainty: 0.35
  atsBoomConfidenceLevel: "    111XX1110 "
}
channelAHumidity {
  percentage: 3.23
  uncertainty: 10.0
}
channelBHumidity {
  percentage: 3.27
  uncertainty: 10.0
}
channelCHumidity {
  percentage: 3.47
  uncertainty: 10.0
}
humiditySensorTemp: 225.46
hsConfidenceLevel: "     0XXX "
pressureSensorConfig: " 2H "
pressureSensorConfidenceLevel: "      111 "
pressureSensor1 {
}
pressureSensor2 {
  baroCapPressure: 773.36
  baroCapAbsoluteUncertainty: 5.1
}
