ephemerisTime: 5.06424788E8
localMeanSolarTime: " 01227M14:05:24.451 "
localTrueSolarTime: " 01227 14:22:13 "
boomOne {
  boomAirTemp: 245.99
  boomIntermediateAirTemp: 243.57
  boomAtsAirTemp: 238.57
  internalAirTempUncertainty: 0.14
  intermediateTempUncertainty: 0.32
  tipAirTempUncertainty: 0.32
  atsBoomConfidenceLevel: "    111XX0111 "
}
boomTwo {
  boomAirTemp: 252.26
  boomIntermediateAirTemp: 248.17
  boomAtsAirTemp: 245.67
  internalAirTempUncertainty: 0.16
  intermediateTempUncertainty: 0.12
  tipAirTempUncertainty: 0.35
  atsBoomConfidenceLevel: "    111XX0001 "
}
channelAHumidity {
  percentage: 1.17
  uncertainty: 2.0
}
channelBHumidity {
  percentage: 1.14
  uncertainty: 2.0
}
channelCHumidity {
  percentage: 1.21
  uncertainty: 2.0
}
humiditySensorTemp: 251.89
hsConfidenceLevel: "     0XXX "
pressureSensorConfig: " 2H "
pressureSensorConfidenceLevel: "      111 "
pressureSensor1 {
}
pressureSensor2 {
  baroCapPressure: 801.55
  baroCapAbsoluteUncertainty: 6.0
}
