ephemerisTime: 5.38841951E8
localMeanSolarTime: " 01592M18:00:41.255 "
localTrueSolarTime: " 01592 17:15:07 "
boomOne {
  boomAirTemp: 257.4
  boomIntermediateAirTemp: 257.63
  boomAtsAirTemp: 255.64
  internalAirTempUncertainty: 0.14
  intermediateTempUncertainty: 0.32
  tipAirTempUncertainty: 0.32
  atsBoomConfidenceLevel: "    111XX0001 "
}
boomTwo {
  boomAirTemp: 255.01
  boomIntermediateAirTemp: 254.18
  boomAtsAirTemp: 251.27
  internalAirTempUncertainty: 0.16
  intermediateTempUncertainty: 0.12
  tipAirTempUncertainty: 0.35
  atsBoomConfidenceLevel: "    111XX0001 "
}
channelBHumidity {
}
channelCHumidity {
}
hsConfidenceLevel: "      UNK "
pressureSensorConfig: " 2H "
pressureSensorConfidenceLevel: "      100 "
pressureSensor1 {
}
pressureSensor2 {
  thermoCapTemp: 293.71
  baroCapPressure: 804.99
  baroCapAbsoluteUncertainty: 5.7
}
