ephemerisTime: 5.2045085E8
localMeanSolarTime: " 01385M14:00:38.147 "
localTrueSolarTime: " 01385 14:39:37 "
boomOne {
  boomAirTemp: 274.35
  boomIntermediateAirTemp: 274.89
  boomAtsAirTemp: 271.06
  internalAirTempUncertainty: 0.14
  intermediateTempUncertainty: 0.32
  tipAirTempUncertainty: 0.32
  atsBoomConfidenceLevel: "    111XX1101 "
}
boomTwo {
  boomAirTemp: 266.5
  boomIntermediateAirTemp: 268.54
  boomAtsAirTemp: 268.16
  internalAirTempUncertainty: 0.16
  intermediateTempUncertainty: 0.12
  tipAirTempUncertainty: 0.35
  atsBoomConfidenceLevel: "    111XX0001 "
}
channelBHumidity {
}
channelCHumidity {
}
hsConfidenceLevel: "      UNK "
pressureSensorConfig: " 2H "
pressureSensorConfidenceLevel: "      101 "
pressureSensor1 {
}
pressureSensor2 {
  thermoCapTemp: 300.43
  baroCapPressure: 711.56
  baroCapAbsoluteUncertainty: 5.1
}
