ephemerisTime: 5.44168209E8
localMeanSolarTime: " 01652M17:57:20.407 "
localTrueSolarTime: " 01652 17:07:41 "
boomOne {
  boomAirTemp: 254.32
  boomIntermediateAirTemp: 252.15
  boomAtsAirTemp: 250.63
  internalAirTempUncertainty: 0.14
  intermediateTempUncertainty: 0.32
  tipAirTempUncertainty: 0.32
  atsBoomConfidenceLevel: "    111XX0001 "
}
boomTwo {
  boomAirTemp: 248.03
  boomIntermediateAirTemp: 245.19
  boomAtsAirTemp: 242.66
  internalAirTempUncertainty: 0.16
  intermediateTempUncertainty: 0.12
  tipAirTempUncertainty: 0.35
  atsBoomConfidenceLevel: "    111XX1111 "
}
channelAHumidity {
  percentage: 1.36
  uncertainty: 2.0
}
channelBHumidity {
  percentage: 1.38
  uncertainty: 2.0
}
channelCHumidity {
  percentage: 1.46
  uncertainty: 2.0
}
humiditySensorTemp: 248.64
hsConfidenceLevel: "     0XXX "
pressureSensorConfig: " 2H "
pressureSensorConfidenceLevel: "      111 "
pressureSensor1 {
  thermoCapTemp: 295.81
}
pressureSensor2 {
  baroCapPressure: 776.28
  baroCapAbsoluteUncertainty: 6.4
}
