ephemerisTime: 5.05747907E8
localMeanSolarTime: " 01219M23:05:47.660 "
localTrueSolarTime: " 01219 23:21:33 "
boomOne {
  boomAirTemp: 204.18
  boomIntermediateAirTemp: 201.51
  boomAtsAirTemp: 199.29
  internalAirTempUncertainty: 0.55
  intermediateTempUncertainty: 0.32
  tipAirTempUncertainty: 1.19
  atsBoomConfidenceLevel: "    011XX1111 "
}
boomTwo {
  boomAirTemp: 199.75
  boomIntermediateAirTemp: 197.42
  boomAtsAirTemp: 147.64
  internalAirTempUncertainty: 1.13
  intermediateTempUncertainty: 1.06
  tipAirTempUncertainty: 1.58
  atsBoomConfidenceLevel: "    011XX1110 "
}
channelAHumidity {
  percentage: 9.4
  uncertainty: 10.0
}
channelBHumidity {
  percentage: 9.34
  uncertainty: 10.0
}
channelCHumidity {
  percentage: 9.71
  uncertainty: 10.0
}
humiditySensorTemp: 205.32
hsConfidenceLevel: "     0XXX "
pressureSensorConfig: " 2H "
pressureSensorConfidenceLevel: "      111 "
pressureSensor1 {
}
pressureSensor2 {
  baroCapPressure: 848.64
  baroCapAbsoluteUncertainty: 6.0
}
