ephemerisTime: 5.11717984E8
localMeanSolarTime: " 01287M05:05:45.897 "
localTrueSolarTime: " 01287 05:30:39 "
boomOne {
  boomAirTemp: 196.68
  boomIntermediateAirTemp: 195.91
  boomAtsAirTemp: 194.76
  internalAirTempUncertainty: 0.55
  intermediateTempUncertainty: 0.32
  tipAirTempUncertainty: 1.19
  atsBoomConfidenceLevel: "    011XX1111 "
}
boomTwo {
  boomAirTemp: 181.31
  boomIntermediateAirTemp: 176.78
  boomAtsAirTemp: 136.86
  internalAirTempUncertainty: 1.13
  intermediateTempUncertainty: 1.06
  tipAirTempUncertainty: 1.58
  atsBoomConfidenceLevel: "    011XX1110 "
}
channelAHumidity {
  percentage: 31.14
  uncertainty: 20.0
}
channelBHumidity {
  percentage: 30.42
  uncertainty: 20.0
}
channelCHumidity {
  percentage: 30.67
  uncertainty: 20.0
}
humiditySensorTemp: 196.92
hsConfidenceLevel: "     0XXX "
pressureSensorConfig: " 2H "
pressureSensorConfidenceLevel: "      111 "
pressureSensor1 {
  baroCapPressure: 782.52
  baroCapAbsoluteUncertainty: 4.4
}
pressureSensor2 {
  baroCapPressure: 779.22
  baroCapAbsoluteUncertainty: 6.0
}
