ephemerisTime: 5.31470284E8
localMeanSolarTime: " 01509M17:05:40.669 "
localTrueSolarTime: " 01509 17:09:14 "
boomOne {
  boomAirTemp: 260.66
  boomIntermediateAirTemp: 260.76
  boomAtsAirTemp: 259.42
  internalAirTempUncertainty: 0.14
  intermediateTempUncertainty: 0.32
  tipAirTempUncertainty: 0.32
  atsBoomConfidenceLevel: "    111XX0001 "
}
boomTwo {
  boomAirTemp: 259.73
  boomIntermediateAirTemp: 259.69
  boomAtsAirTemp: 258.86
  internalAirTempUncertainty: 0.16
  intermediateTempUncertainty: 0.12
  tipAirTempUncertainty: 0.35
  atsBoomConfidenceLevel: "    111XX0001 "
}
channelAHumidity {
  percentage: 0.84
  uncertainty: 2.0
}
channelBHumidity {
  percentage: 0.84
  uncertainty: 2.0
}
channelCHumidity {
  percentage: 0.88
  uncertainty: 2.0
}
humiditySensorTemp: 260.48
hsConfidenceLevel: "     0XXX "
pressureSensorConfig: " 2H "
pressureSensorConfidenceLevel: "      111 "
pressureSensor1 {
  baroCapPressure: 851.53
  baroCapAbsoluteUncertainty: 4.7
}
pressureSensor2 {
  baroCapPressure: 849.02
  baroCapAbsoluteUncertainty: 5.3
}
