ephemerisTime: 5.42969169E8
localMeanSolarTime: " 01639M05:47:50.551 "
localTrueSolarTime: " 01639 04:56:46 "
boomOne {
  boomAirTemp: 208.2
  boomIntermediateAirTemp: 208.03
  boomAtsAirTemp: 208.17
  internalAirTempUncertainty: 0.55
  intermediateTempUncertainty: 0.32
  tipAirTempUncertainty: 1.19
  atsBoomConfidenceLevel: "    011XX1111 "
}
boomTwo {
  atsBoomConfidenceLevel: "          UNK "
}
channelBHumidity {
}
channelCHumidity {
}
hsConfidenceLevel: "      UNK "
pressureSensorConfig: " 2H "
pressureSensorConfidenceLevel: "      111 "
pressureSensor1 {
}
pressureSensor2 {
  baroCapPressure: 857.73
  baroCapAbsoluteUncertainty: 5.7
}
