ephemerisTime: 5.15464694E8
localMeanSolarTime: " 01329M10:00:44.453 "
localTrueSolarTime: " 01329 10:32:14 "
boomOne {
  boomAirTemp: 245.44
  boomIntermediateAirTemp: 241.39
  boomAtsAirTemp: 238.88
  internalAirTempUncertainty: 0.14
  intermediateTempUncertainty: 0.32
  tipAirTempUncertainty: 0.32
  atsBoomConfidenceLevel: "    111XX0001 "
}
boomTwo {
  boomAirTemp: 234.46
  boomIntermediateAirTemp: 234.25
  boomAtsAirTemp: 231.72
  internalAirTempUncertainty: 0.16
  intermediateTempUncertainty: 0.12
  tipAirTempUncertainty: 0.35
  atsBoomConfidenceLevel: "    111XX1111 "
}
channelBHumidity {
}
channelCHumidity {
}
hsConfidenceLevel: "      UNK "
pressureSensorConfig: " 2H "
pressureSensorConfidenceLevel: "      101 "
pressureSensor1 {
}
pressureSensor2 {
  thermoCapTemp: 283.28
  baroCapPressure: 734.05
  baroCapAbsoluteUncertainty: 5.1
}
