ephemerisTime: 5.37682569E8
localMeanSolarTime: " 01579M16:34:28.685 "
localTrueSolarTime: " 01579 15:53:49 "
boomOne {
  boomAirTemp: 274.11
  boomIntermediateAirTemp: 270.23
  boomAtsAirTemp: 266.53
  internalAirTempUncertainty: 0.14
  intermediateTempUncertainty: 0.32
  tipAirTempUncertainty: 0.32
  atsBoomConfidenceLevel: "    111XX0101 "
}
boomTwo {
  boomAirTemp: 268.03
  boomIntermediateAirTemp: 262.36
  boomAtsAirTemp: 259.75
  internalAirTempUncertainty: 0.16
  intermediateTempUncertainty: 0.12
  tipAirTempUncertainty: 0.35
  atsBoomConfidenceLevel: "    111XX0001 "
}
channelAHumidity {
  percentage: 0.81
  uncertainty: 2.0
}
channelBHumidity {
  percentage: 0.79
  uncertainty: 2.0
}
channelCHumidity {
  percentage: 0.82
  uncertainty: 2.0
}
humiditySensorTemp: 267.63
hsConfidenceLevel: "     0XXX "
pressureSensorConfig: " 2H "
pressureSensorConfidenceLevel: "      111 "
pressureSensor1 {
}
pressureSensor2 {
  baroCapPressure: 811.49
  baroCapAbsoluteUncertainty: 5.7
}
