ephemerisTime: 5.43501969E8
localMeanSolarTime: " 01645M05:50:20.006 "
localTrueSolarTime: " 01645 04:59:45 "
boomOne {
  boomAirTemp: 203.87
  boomIntermediateAirTemp: 202.2
  boomAtsAirTemp: 201.42
  internalAirTempUncertainty: 0.55
  intermediateTempUncertainty: 0.32
  tipAirTempUncertainty: 1.19
  atsBoomConfidenceLevel: "    011XX1111 "
}
boomTwo {
  atsBoomConfidenceLevel: "          UNK "
}
channelBHumidity {
}
channelCHumidity {
}
hsConfidenceLevel: "      UNK "
pressureSensorConfig: " 2H "
pressureSensorConfidenceLevel: "      111 "
pressureSensor1 {
}
pressureSensor2 {
  baroCapPressure: 855.33
  baroCapAbsoluteUncertainty: 5.7
}
