ephemerisTime: 5.41967861E8
localMeanSolarTime: " 01627M23:05:44.052 "
localTrueSolarTime: " 01627 22:14:24 "
boomOne {
  boomAirTemp: 219.39
  boomIntermediateAirTemp: 221.16
  boomAtsAirTemp: 223.0
  internalAirTempUncertainty: 0.14
  intermediateTempUncertainty: 0.32
  tipAirTempUncertainty: 0.32
  atsBoomConfidenceLevel: "    111XX1111 "
}
boomTwo {
  boomAirTemp: 217.92
  boomIntermediateAirTemp: 219.4
  boomAtsAirTemp: 220.78
  internalAirTempUncertainty: 0.16
  intermediateTempUncertainty: 0.12
  tipAirTempUncertainty: 0.35
  atsBoomConfidenceLevel: "    111XX1111 "
}
channelAHumidity {
  percentage: 3.89
  uncertainty: 10.0
}
channelBHumidity {
  percentage: 3.97
  uncertainty: 10.0
}
channelCHumidity {
  percentage: 4.18
  uncertainty: 10.0
}
humiditySensorTemp: 220.15
hsConfidenceLevel: "     0XXX "
pressureSensorConfig: " 2H "
pressureSensorConfidenceLevel: "      111 "
pressureSensor1 {
  baroCapPressure: 847.58
  baroCapAbsoluteUncertainty: 4.9
}
pressureSensor2 {
  baroCapPressure: 844.84
  baroCapAbsoluteUncertainty: 5.7
}
