ephemerisTime: 5.15392148E8
localMeanSolarTime: " 01328M14:23:58.806 "
localTrueSolarTime: " 01328 14:55:21 "
boomOne {
  boomAirTemp: 264.52
  boomIntermediateAirTemp: 260.35
  boomAtsAirTemp: 258.31
  internalAirTempUncertainty: 0.14
  intermediateTempUncertainty: 0.32
  tipAirTempUncertainty: 0.32
  atsBoomConfidenceLevel: "    111XX0001 "
}
boomTwo {
  boomAirTemp: 267.06
  boomIntermediateAirTemp: 263.83
  boomAtsAirTemp: 259.14
  internalAirTempUncertainty: 0.16
  intermediateTempUncertainty: 0.12
  tipAirTempUncertainty: 0.35
  atsBoomConfidenceLevel: "    111XX0001 "
}
channelAHumidity {
  percentage: 0.79
  uncertainty: 2.0
}
channelBHumidity {
  percentage: 0.76
  uncertainty: 2.0
}
channelCHumidity {
  percentage: 0.79
  uncertainty: 2.0
}
humiditySensorTemp: 266.8
hsConfidenceLevel: "     0XXX "
pressureSensorConfig: " 2H "
pressureSensorConfidenceLevel: "      111 "
pressureSensor1 {
  thermoCapTemp: 297.97
}
pressureSensor2 {
  baroCapPressure: 699.17
  baroCapAbsoluteUncertainty: 5.1
}
