ephemerisTime: 5.11071368E8
localMeanSolarTime: " 01279M22:17:04.622 "
localTrueSolarTime: " 01279 22:40:55 "
boomOne {
  boomAirTemp: 206.13
  boomIntermediateAirTemp: 205.09
  boomAtsAirTemp: 203.9
  internalAirTempUncertainty: 0.55
  intermediateTempUncertainty: 0.32
  tipAirTempUncertainty: 1.19
  atsBoomConfidenceLevel: "    011XX1111 "
}
boomTwo {
  boomAirTemp: 203.5
  boomIntermediateAirTemp: 204.58
  boomAtsAirTemp: 203.62
  internalAirTempUncertainty: 1.13
  intermediateTempUncertainty: 1.06
  tipAirTempUncertainty: 1.58
  atsBoomConfidenceLevel: "    011XX1111 "
}
channelAHumidity {
  percentage: 8.18
  uncertainty: 10.0
}
channelBHumidity {
  percentage: 8.13
  uncertainty: 10.0
}
channelCHumidity {
  percentage: 8.39
  uncertainty: 10.0
}
humiditySensorTemp: 207.5
hsConfidenceLevel: "     0XXX "
pressureSensorConfig: " 2H "
pressureSensorConfidenceLevel: "      111 "
pressureSensor1 {
}
pressureSensor2 {
  thermoCapTemp: 282.82
  baroCapPressure: 773.92
  baroCapAbsoluteUncertainty: 6.0
}
