ephemerisTime: 5.15381708E8
localMeanSolarTime: " 01328M11:34:38.040 "
localTrueSolarTime: " 01328 12:05:59 "
boomOne {
  boomAirTemp: 250.39
  boomIntermediateAirTemp: 247.31
  boomAtsAirTemp: 244.37
  internalAirTempUncertainty: 0.14
  intermediateTempUncertainty: 0.32
  tipAirTempUncertainty: 0.32
  atsBoomConfidenceLevel: "    111XX1111 "
}
boomTwo {
  boomAirTemp: 247.85
  boomIntermediateAirTemp: 249.03
  boomAtsAirTemp: 248.59
  internalAirTempUncertainty: 0.16
  intermediateTempUncertainty: 0.12
  tipAirTempUncertainty: 0.35
  atsBoomConfidenceLevel: "    111XX1111 "
}
channelAHumidity {
  percentage: 1.39
  uncertainty: 2.0
}
channelBHumidity {
  percentage: 1.39
  uncertainty: 2.0
}
channelCHumidity {
  percentage: 1.45
  uncertainty: 2.0
}
humiditySensorTemp: 248.88
hsConfidenceLevel: "     0XXX "
pressureSensorConfig: " 2H "
pressureSensorConfidenceLevel: "      111 "
pressureSensor1 {
}
pressureSensor2 {
  baroCapPressure: 721.17
  baroCapAbsoluteUncertainty: 5.1
}
