ephemerisTime: 5.15380388E8
localMeanSolarTime: " 01328M11:13:13.345 "
localTrueSolarTime: " 01328 11:44:34 "
boomOne {
  boomAirTemp: 247.87
  boomIntermediateAirTemp: 244.29
  boomAtsAirTemp: 243.81
  internalAirTempUncertainty: 0.14
  intermediateTempUncertainty: 0.32
  tipAirTempUncertainty: 0.32
  atsBoomConfidenceLevel: "    111XX1101 "
}
boomTwo {
  boomAirTemp: 244.78
  boomIntermediateAirTemp: 246.34
  boomAtsAirTemp: 246.72
  internalAirTempUncertainty: 0.16
  intermediateTempUncertainty: 0.12
  tipAirTempUncertainty: 0.35
  atsBoomConfidenceLevel: "    111XX1111 "
}
channelAHumidity {
  percentage: 1.51
  uncertainty: 2.0
}
channelBHumidity {
  percentage: 1.53
  uncertainty: 2.0
}
channelCHumidity {
  percentage: 1.6
  uncertainty: 2.0
}
humiditySensorTemp: 246.01
hsConfidenceLevel: "     0XXX "
pressureSensorConfig: " 2H "
pressureSensorConfidenceLevel: "      111 "
pressureSensor1 {
  thermoCapTemp: 289.44
}
pressureSensor2 {
  baroCapPressure: 723.65
  baroCapAbsoluteUncertainty: 5.1
}
