ephemerisTime: 5.24227769E8
localMeanSolarTime: " 01428M03:05:37.718 "
localTrueSolarTime: " 01428 03:43:56 "
boomOne {
  boomAirTemp: 207.41
  boomIntermediateAirTemp: 207.39
  boomAtsAirTemp: 207.41
  internalAirTempUncertainty: 0.55
  intermediateTempUncertainty: 0.32
  tipAirTempUncertainty: 1.19
  atsBoomConfidenceLevel: "    011XX1111 "
}
boomTwo {
  boomAirTemp: 205.63
  boomIntermediateAirTemp: 205.34
  boomAtsAirTemp: 205.18
  internalAirTempUncertainty: 1.13
  intermediateTempUncertainty: 1.06
  tipAirTempUncertainty: 1.58
  atsBoomConfidenceLevel: "    011XX1111 "
}
channelAHumidity {
  percentage: 7.89
  uncertainty: 10.0
}
channelBHumidity {
  percentage: 7.87
  uncertainty: 10.0
}
channelCHumidity {
  percentage: 8.18
  uncertainty: 10.0
}
humiditySensorTemp: 207.55
hsConfidenceLevel: "     0XXX "
pressureSensorConfig: " 2H "
pressureSensorConfidenceLevel: "      111 "
pressureSensor1 {
  baroCapPressure: 833.86
  baroCapAbsoluteUncertainty: 4.7
}
pressureSensor2 {
  baroCapPressure: 831.46
  baroCapAbsoluteUncertainty: 5.3
}
