ephemerisTime: 5.26554848E8
localMeanSolarTime: " 01454M08:12:55.460 "
localTrueSolarTime: " 01454 08:45:24 "
boomOne {
  boomAirTemp: 232.24
  boomIntermediateAirTemp: 233.51
  boomAtsAirTemp: 231.54
  internalAirTempUncertainty: 0.14
  intermediateTempUncertainty: 0.32
  tipAirTempUncertainty: 0.32
  atsBoomConfidenceLevel: "    111XX1111 "
}
boomTwo {
  boomAirTemp: 241.17
  boomIntermediateAirTemp: 243.26
  boomAtsAirTemp: 238.32
  internalAirTempUncertainty: 0.16
  intermediateTempUncertainty: 0.12
  tipAirTempUncertainty: 0.35
  atsBoomConfidenceLevel: "    111XX0001 "
}
channelAHumidity {
  percentage: 1.5
  uncertainty: 10.0
}
channelBHumidity {
  percentage: 1.52
  uncertainty: 10.0
}
channelCHumidity {
  percentage: 1.62
  uncertainty: 10.0
}
humiditySensorTemp: 241.21
hsConfidenceLevel: "     0XXX "
pressureSensorConfig: " 2H "
pressureSensorConfidenceLevel: "      111 "
pressureSensor1 {
}
pressureSensor2 {
  thermoCapTemp: 283.09
  baroCapPressure: 873.98
  baroCapAbsoluteUncertainty: 5.3
}
