ephemerisTime: 5.37166336E8
localMeanSolarTime: " 01573M21:00:43.120 "
localTrueSolarTime: " 01573 20:22:42 "
boomOne {
  boomAirTemp: 225.14
  boomIntermediateAirTemp: 225.9
  boomAtsAirTemp: 226.61
  internalAirTempUncertainty: 0.14
  intermediateTempUncertainty: 0.32
  tipAirTempUncertainty: 0.32
  atsBoomConfidenceLevel: "    111XX1111 "
}
boomTwo {
  boomAirTemp: 222.64
  boomIntermediateAirTemp: 224.04
  boomAtsAirTemp: 223.36
  internalAirTempUncertainty: 0.16
  intermediateTempUncertainty: 0.12
  tipAirTempUncertainty: 0.35
  atsBoomConfidenceLevel: "    111XX1111 "
}
channelBHumidity {
}
channelCHumidity {
}
hsConfidenceLevel: "      UNK "
pressureSensorConfig: " 2H "
pressureSensorConfidenceLevel: "      101 "
pressureSensor1 {
}
pressureSensor2 {
  thermoCapTemp: 286.4
  baroCapPressure: 856.4
  baroCapAbsoluteUncertainty: 5.7
}
