ephemerisTime: 5.10604533E8
localMeanSolarTime: " 01274M16:04:35.833 "
localTrueSolarTime: " 01274 16:27:42 "
boomOne {
  boomAirTemp: 256.44
  boomIntermediateAirTemp: 253.02
  boomAtsAirTemp: 247.33
  internalAirTempUncertainty: 0.14
  intermediateTempUncertainty: 0.32
  tipAirTempUncertainty: 0.32
  atsBoomConfidenceLevel: "    111XX0001 "
}
boomTwo {
  boomAirTemp: 255.71
  boomIntermediateAirTemp: 251.28
  boomAtsAirTemp: 245.17
  internalAirTempUncertainty: 0.16
  intermediateTempUncertainty: 0.12
  tipAirTempUncertainty: 0.35
  atsBoomConfidenceLevel: "    111XX0001 "
}
channelAHumidity {
  percentage: 1.34
  uncertainty: 2.0
}
channelBHumidity {
  percentage: 1.32
  uncertainty: 2.0
}
channelCHumidity {
  percentage: 1.4
  uncertainty: 2.0
}
humiditySensorTemp: 255.21
hsConfidenceLevel: "     0XXX "
pressureSensorConfig: " 2H "
pressureSensorConfidenceLevel: "      111 "
pressureSensor1 {
}
pressureSensor2 {
  baroCapPressure: 742.49
  baroCapAbsoluteUncertainty: 6.0
}
