ephemerisTime: 5.07809468E8
localMeanSolarTime: " 01243M04:26:09.085 "
localTrueSolarTime: " 01243 04:45:03 "
boomOne {
  boomAirTemp: 195.33
  boomIntermediateAirTemp: 192.06
  boomAtsAirTemp: 188.36
  internalAirTempUncertainty: 0.55
  intermediateTempUncertainty: 0.32
  tipAirTempUncertainty: 1.19
  atsBoomConfidenceLevel: "    011XX1111 "
}
boomTwo {
  boomAirTemp: 172.61
  boomIntermediateAirTemp: 171.37
  boomAtsAirTemp: 132.24
  internalAirTempUncertainty: 1.13
  intermediateTempUncertainty: 1.06
  tipAirTempUncertainty: 1.58
  atsBoomConfidenceLevel: "    011XX1110 "
}
channelAHumidity {
  percentage: 17.58
  uncertainty: 20.0
}
channelBHumidity {
  percentage: 17.47
  uncertainty: 20.0
}
channelCHumidity {
  percentage: 17.94
  uncertainty: 20.0
}
humiditySensorTemp: 196.55
hsConfidenceLevel: "     0XXX "
pressureSensorConfig: " 2H "
pressureSensorConfidenceLevel: "      111 "
pressureSensor1 {
}
pressureSensor2 {
  baroCapPressure: 828.5
  baroCapAbsoluteUncertainty: 6.0
}
