ephemerisTime: 5.15435101E8
localMeanSolarTime: " 01329M02:00:42.963 "
localTrueSolarTime: " 01329 02:32:09 "
boomOne {
  boomAirTemp: 202.82
  boomIntermediateAirTemp: 202.98
  boomAtsAirTemp: 202.03
  internalAirTempUncertainty: 0.55
  intermediateTempUncertainty: 0.32
  tipAirTempUncertainty: 1.19
  atsBoomConfidenceLevel: "    011XX1111 "
}
boomTwo {
  boomAirTemp: 179.83
  boomIntermediateAirTemp: 181.89
  boomAtsAirTemp: 146.09
  internalAirTempUncertainty: 1.13
  intermediateTempUncertainty: 1.06
  tipAirTempUncertainty: 1.58
  atsBoomConfidenceLevel: "    011XX1110 "
}
channelBHumidity {
}
channelCHumidity {
}
hsConfidenceLevel: "      UNK "
pressureSensorConfig: " 2H "
pressureSensorConfidenceLevel: "      101 "
pressureSensor1 {
}
pressureSensor2 {
  thermoCapTemp: 281.7
  baroCapPressure: 751.62
  baroCapAbsoluteUncertainty: 5.1
}
