ephemerisTime: 5.10745168E8
localMeanSolarTime: " 01276M06:05:49.336 "
localTrueSolarTime: " 01276 06:29:09 "
boomOne {
  boomAirTemp: 195.54
  boomIntermediateAirTemp: 197.38
  boomAtsAirTemp: 197.84
  internalAirTempUncertainty: 0.14
  intermediateTempUncertainty: 0.32
  tipAirTempUncertainty: 0.32
  atsBoomConfidenceLevel: "    111XX0001 "
}
boomTwo {
  boomAirTemp: 189.95
  boomIntermediateAirTemp: 190.96
  boomAtsAirTemp: 141.45
  internalAirTempUncertainty: 1.13
  intermediateTempUncertainty: 1.06
  tipAirTempUncertainty: 1.58
  atsBoomConfidenceLevel: "    011XX0010 "
}
channelAHumidity {
  percentage: 44.28
  uncertainty: 20.0
}
channelBHumidity {
  percentage: 43.36
  uncertainty: 20.0
}
channelCHumidity {
  percentage: 43.58
  uncertainty: 20.0
}
humiditySensorTemp: 194.85
hsConfidenceLevel: "     0XXX "
pressureSensorConfig: " 2H "
pressureSensorConfidenceLevel: "      111 "
pressureSensor1 {
  baroCapPressure: 795.81
  baroCapAbsoluteUncertainty: 4.4
}
pressureSensor2 {
  baroCapPressure: 792.42
  baroCapAbsoluteUncertainty: 6.0
}
