ephemerisTime: 5.06509688E8
localMeanSolarTime: " 01228M13:02:33.672 "
localTrueSolarTime: " 01228 13:19:30 "
boomOne {
  boomAirTemp: 243.26
  boomIntermediateAirTemp: 240.59
  boomAtsAirTemp: 235.75
  internalAirTempUncertainty: 0.14
  intermediateTempUncertainty: 0.32
  tipAirTempUncertainty: 0.32
  atsBoomConfidenceLevel: "    111XX1111 "
}
boomTwo {
  boomAirTemp: 247.38
  boomIntermediateAirTemp: 240.8
  boomAtsAirTemp: 236.97
  internalAirTempUncertainty: 0.16
  intermediateTempUncertainty: 0.12
  tipAirTempUncertainty: 0.35
  atsBoomConfidenceLevel: "    111XX1101 "
}
channelAHumidity {
  percentage: 1.36
  uncertainty: 2.0
}
channelBHumidity {
  percentage: 1.35
  uncertainty: 2.0
}
channelCHumidity {
  percentage: 1.44
  uncertainty: 2.0
}
humiditySensorTemp: 246.8
hsConfidenceLevel: "     0XXX "
pressureSensorConfig: " 2H "
pressureSensorConfidenceLevel: "      101 "
pressureSensor1 {
}
pressureSensor2 {
  thermoCapTemp: 289.57
  baroCapPressure: 805.69
  baroCapAbsoluteUncertainty: 6.0
}
