ephemerisTime: 5.42513169E8
localMeanSolarTime: " 01634M02:31:06.962 "
localTrueSolarTime: " 01634 01:39:49 "
boomOne {
  boomAirTemp: 212.72
  boomIntermediateAirTemp: 212.25
  boomAtsAirTemp: 211.28
  internalAirTempUncertainty: 0.14
  intermediateTempUncertainty: 0.32
  tipAirTempUncertainty: 0.32
  atsBoomConfidenceLevel: "    111XX1111 "
}
boomTwo {
  boomAirTemp: 209.78
  boomIntermediateAirTemp: 209.59
  boomAtsAirTemp: 207.71
  internalAirTempUncertainty: 0.16
  intermediateTempUncertainty: 0.12
  tipAirTempUncertainty: 0.35
  atsBoomConfidenceLevel: "    111XX1111 "
}
channelAHumidity {
  percentage: 5.58
  uncertainty: 10.0
}
channelBHumidity {
  percentage: 5.64
  uncertainty: 10.0
}
channelCHumidity {
  percentage: 5.85
  uncertainty: 10.0
}
humiditySensorTemp: 213.34
hsConfidenceLevel: "     0XXX "
pressureSensorConfig: " 2H "
pressureSensorConfidenceLevel: "      111 "
pressureSensor1 {
}
pressureSensor2 {
  thermoCapTemp: 283.1
  baroCapPressure: 859.51
  baroCapAbsoluteUncertainty: 5.7
}
