ephemerisTime: 5.3520251E8
localMeanSolarTime: " 01551M18:05:42.624 "
localTrueSolarTime: " 01551 17:40:11 "
boomOne {
  boomAirTemp: 250.29
  boomIntermediateAirTemp: 247.6
  boomAtsAirTemp: 244.8
  internalAirTempUncertainty: 0.14
  intermediateTempUncertainty: 0.32
  tipAirTempUncertainty: 0.32
  atsBoomConfidenceLevel: "    111XX0001 "
}
boomTwo {
  boomAirTemp: 245.27
  boomIntermediateAirTemp: 243.29
  boomAtsAirTemp: 242.67
  internalAirTempUncertainty: 0.16
  intermediateTempUncertainty: 0.12
  tipAirTempUncertainty: 0.35
  atsBoomConfidenceLevel: "    111XX0011 "
}
channelAHumidity {
  percentage: 1.59
  uncertainty: 2.0
}
channelBHumidity {
  percentage: 1.6
  uncertainty: 2.0
}
channelCHumidity {
  percentage: 1.69
  uncertainty: 2.0
}
humiditySensorTemp: 246.07
hsConfidenceLevel: "     0XXX "
pressureSensorConfig: " 2H "
pressureSensorConfidenceLevel: "      111 "
