ephemerisTime: 5.15498288E8
localMeanSolarTime: " 01329M19:05:39.931 "
localTrueSolarTime: " 01329 19:37:13 "
boomOne {
  boomAirTemp: 222.91
  boomIntermediateAirTemp: 222.17
  boomAtsAirTemp: 221.24
  internalAirTempUncertainty: 0.14
  intermediateTempUncertainty: 0.32
  tipAirTempUncertainty: 0.32
  atsBoomConfidenceLevel: "    111XX1111 "
}
boomTwo {
  boomAirTemp: 220.79
  boomIntermediateAirTemp: 220.29
  boomAtsAirTemp: 220.59
  internalAirTempUncertainty: 0.16
  intermediateTempUncertainty: 0.12
  tipAirTempUncertainty: 0.35
  atsBoomConfidenceLevel: "    111XX1111 "
}
channelAHumidity {
  percentage: 3.29
  uncertainty: 10.0
}
channelBHumidity {
  percentage: 3.33
  uncertainty: 10.0
}
channelCHumidity {
  percentage: 3.53
  uncertainty: 10.0
}
humiditySensorTemp: 222.29
hsConfidenceLevel: "     0XXX "
pressureSensorConfig: " 2H "
pressureSensorConfidenceLevel: "      111 "
pressureSensor1 {
  baroCapPressure: 724.67
  baroCapAbsoluteUncertainty: 4.6
}
pressureSensor2 {
  baroCapPressure: 721.94
  baroCapAbsoluteUncertainty: 5.1
}
