ephemerisTime: 5.36637392E8
localMeanSolarTime: " 01567M22:00:46.529 "
localTrueSolarTime: " 01567 21:25:47 "
boomOne {
  boomAirTemp: 222.25
  boomIntermediateAirTemp: 223.9
  boomAtsAirTemp: 226.87
  internalAirTempUncertainty: 0.14
  intermediateTempUncertainty: 0.32
  tipAirTempUncertainty: 0.32
  atsBoomConfidenceLevel: "    111XX1111 "
}
boomTwo {
  boomAirTemp: 220.58
  boomIntermediateAirTemp: 223.55
  boomAtsAirTemp: 225.24
  internalAirTempUncertainty: 0.16
  intermediateTempUncertainty: 0.12
  tipAirTempUncertainty: 0.35
  atsBoomConfidenceLevel: "    111XX1111 "
}
channelBHumidity {
}
channelCHumidity {
}
hsConfidenceLevel: "      UNK "
pressureSensorConfig: " 2H "
pressureSensorConfidenceLevel: "      101 "
pressureSensor1 {
}
pressureSensor2 {
  thermoCapTemp: 284.07
  baroCapPressure: 871.8
  baroCapAbsoluteUncertainty: 5.7
}
