ephemerisTime: 5.40980829E8
localMeanSolarTime: " 01616M20:15:11.720 "
localTrueSolarTime: " 01616 19:24:33 "
boomOne {
  boomAirTemp: 231.01
  boomIntermediateAirTemp: 229.09
  boomAtsAirTemp: 228.89
  internalAirTempUncertainty: 0.14
  intermediateTempUncertainty: 0.32
  tipAirTempUncertainty: 0.32
  atsBoomConfidenceLevel: "    111XX1111 "
}
boomTwo {
  boomAirTemp: 228.12
  boomIntermediateAirTemp: 226.56
  boomAtsAirTemp: 226.3
  internalAirTempUncertainty: 0.16
  intermediateTempUncertainty: 0.12
  tipAirTempUncertainty: 0.35
  atsBoomConfidenceLevel: "    111XX1111 "
}
channelAHumidity {
  percentage: 2.49
  uncertainty: 10.0
}
channelBHumidity {
  percentage: 2.57
  uncertainty: 10.0
}
channelCHumidity {
  percentage: 2.7
  uncertainty: 10.0
}
humiditySensorTemp: 229.66
hsConfidenceLevel: "     0XXX "
pressureSensorConfig: " 2H "
pressureSensorConfidenceLevel: "      111 "
pressureSensor1 {
}
pressureSensor2 {
  thermoCapTemp: 290.81
  baroCapPressure: 823.69
  baroCapAbsoluteUncertainty: 5.7
}
