ephemerisTime: 5.2216347E8
localMeanSolarTime: " 01404M21:00:51.527 "
localTrueSolarTime: " 01404 21:40:36 "
boomOne {
  boomAirTemp: 219.05
  boomIntermediateAirTemp: 218.86
  boomAtsAirTemp: 219.35
  internalAirTempUncertainty: 0.14
  intermediateTempUncertainty: 0.32
  tipAirTempUncertainty: 0.32
  atsBoomConfidenceLevel: "    111XX1111 "
}
boomTwo {
  boomAirTemp: 218.64
  boomIntermediateAirTemp: 220.74
  boomAtsAirTemp: 222.25
  internalAirTempUncertainty: 0.16
  intermediateTempUncertainty: 0.12
  tipAirTempUncertainty: 0.35
  atsBoomConfidenceLevel: "    111XX1111 "
}
channelBHumidity {
}
channelCHumidity {
}
hsConfidenceLevel: "      UNK "
pressureSensorConfig: " 2H "
pressureSensorConfidenceLevel: "      101 "
pressureSensor1 {
}
pressureSensor2 {
  thermoCapTemp: 284.31
  baroCapPressure: 774.89
  baroCapAbsoluteUncertainty: 5.1
}
