ephemerisTime: 5.17481108E8
localMeanSolarTime: " 01352M03:08:46.402 "
localTrueSolarTime: " 01352 03:43:49 "
boomOne {
  boomAirTemp: 206.04
  boomIntermediateAirTemp: 204.69
  boomAtsAirTemp: 204.2
  internalAirTempUncertainty: 0.55
  intermediateTempUncertainty: 0.32
  tipAirTempUncertainty: 1.19
  atsBoomConfidenceLevel: "    011XX1111 "
}
boomTwo {
  boomAirTemp: 155.61
  boomIntermediateAirTemp: 157.07
  boomAtsAirTemp: 145.03
  internalAirTempUncertainty: 1.13
  intermediateTempUncertainty: 1.06
  tipAirTempUncertainty: 1.58
  atsBoomConfidenceLevel: "    011XX1110 "
}
channelAHumidity {
  percentage: 9.83
  uncertainty: 10.0
}
channelBHumidity {
  percentage: 9.88
  uncertainty: 10.0
}
channelCHumidity {
  percentage: 10.21
  uncertainty: 10.0
}
humiditySensorTemp: 205.72
hsConfidenceLevel: "     0XXX "
pressureSensorConfig: " 2H "
pressureSensorConfidenceLevel: "      111 "
pressureSensor1 {
}
pressureSensor2 {
  thermoCapTemp: 281.98
  baroCapPressure: 755.15
  baroCapAbsoluteUncertainty: 5.1
}
