ephemerisTime: 5.15435948E8
localMeanSolarTime: " 01329M02:14:27.309 "
localTrueSolarTime: " 01329 02:45:54 "
boomOne {
  boomAirTemp: 205.5
  boomIntermediateAirTemp: 205.35
  boomAtsAirTemp: 204.63
  internalAirTempUncertainty: 0.55
  intermediateTempUncertainty: 0.32
  tipAirTempUncertainty: 1.19
  atsBoomConfidenceLevel: "    011XX1111 "
}
boomTwo {
  boomAirTemp: 194.09
  boomIntermediateAirTemp: 195.38
  boomAtsAirTemp: 147.1
  internalAirTempUncertainty: 1.13
  intermediateTempUncertainty: 1.06
  tipAirTempUncertainty: 1.58
  atsBoomConfidenceLevel: "    011XX1110 "
}
channelAHumidity {
  percentage: 9.27
  uncertainty: 10.0
}
channelBHumidity {
  percentage: 9.19
  uncertainty: 10.0
}
channelCHumidity {
  percentage: 9.49
  uncertainty: 10.0
}
humiditySensorTemp: 206.57
hsConfidenceLevel: "     0XXX "
pressureSensorConfig: " 2H "
pressureSensorConfidenceLevel: "      111 "
pressureSensor1 {
}
pressureSensor2 {
  baroCapPressure: 751.27
  baroCapAbsoluteUncertainty: 5.1
}
