ephemerisTime: 5.1540952E8
localMeanSolarTime: " 01328M19:05:46.166 "
localTrueSolarTime: " 01328 19:37:10 "
boomOne {
  boomAirTemp: 224.77
  boomIntermediateAirTemp: 225.49
  boomAtsAirTemp: 225.79
  internalAirTempUncertainty: 0.14
  intermediateTempUncertainty: 0.32
  tipAirTempUncertainty: 0.32
  atsBoomConfidenceLevel: "    111XX1111 "
}
boomTwo {
  boomAirTemp: 222.97
  boomIntermediateAirTemp: 224.81
  boomAtsAirTemp: 226.82
  internalAirTempUncertainty: 0.16
  intermediateTempUncertainty: 0.12
  tipAirTempUncertainty: 0.35
  atsBoomConfidenceLevel: "    111XX1111 "
}
channelAHumidity {
  percentage: 3.15
  uncertainty: 10.0
}
channelBHumidity {
  percentage: 3.17
  uncertainty: 10.0
}
channelCHumidity {
  percentage: 3.35
  uncertainty: 10.0
}
humiditySensorTemp: 224.62
hsConfidenceLevel: "     0XXX "
pressureSensorConfig: " 2H "
pressureSensorConfidenceLevel: "      111 "
pressureSensor1 {
  baroCapPressure: 727.23
  baroCapAbsoluteUncertainty: 4.6
}
pressureSensor2 {
  baroCapPressure: 724.04
  baroCapAbsoluteUncertainty: 5.1
}
