ephemerisTime: 5.18442343E8
localMeanSolarTime: " 01362M23:00:51.714 "
localTrueSolarTime: " 01362 23:37:25 "
boomOne {
  boomAirTemp: 211.65
  boomIntermediateAirTemp: 211.49
  boomAtsAirTemp: 211.36
  internalAirTempUncertainty: 0.14
  intermediateTempUncertainty: 0.32
  tipAirTempUncertainty: 0.32
  atsBoomConfidenceLevel: "    111XX1111 "
}
boomTwo {
  boomAirTemp: 208.06
  boomIntermediateAirTemp: 208.18
  boomAtsAirTemp: 195.2
  internalAirTempUncertainty: 0.16
  intermediateTempUncertainty: 0.12
  tipAirTempUncertainty: 0.35
  atsBoomConfidenceLevel: "    111XX1110 "
}
channelBHumidity {
}
channelCHumidity {
}
hsConfidenceLevel: "      UNK "
pressureSensorConfig: " 2H "
pressureSensorConfidenceLevel: "      101 "
pressureSensor1 {
}
pressureSensor2 {
  thermoCapTemp: 282.81
  baroCapPressure: 751.12
  baroCapAbsoluteUncertainty: 5.1
}
