ephemerisTime: 5.13737597E8
localMeanSolarTime: " 01309M23:05:41.283 "
localTrueSolarTime: " 01309 23:34:03 "
boomOne {
  boomAirTemp: 212.61
  boomIntermediateAirTemp: 213.07
  boomAtsAirTemp: 215.05
  internalAirTempUncertainty: 0.14
  intermediateTempUncertainty: 0.32
  tipAirTempUncertainty: 0.32
  atsBoomConfidenceLevel: "    111XX1111 "
}
boomTwo {
  boomAirTemp: 209.04
  boomIntermediateAirTemp: 207.92
  boomAtsAirTemp: 209.33
  internalAirTempUncertainty: 0.16
  intermediateTempUncertainty: 0.12
  tipAirTempUncertainty: 0.35
  atsBoomConfidenceLevel: "    111XX1111 "
}
channelAHumidity {
  percentage: 5.8
  uncertainty: 10.0
}
channelBHumidity {
  percentage: 5.85
  uncertainty: 10.0
}
channelCHumidity {
  percentage: 6.11
  uncertainty: 10.0
}
humiditySensorTemp: 213.14
hsConfidenceLevel: "     0XXX "
pressureSensorConfig: " 2H "
pressureSensorConfidenceLevel: "      111 "
pressureSensor1 {
}
pressureSensor2 {
  baroCapPressure: 759.79
  baroCapAbsoluteUncertainty: 5.1
}
