ephemerisTime: 5.19152831E8
localMeanSolarTime: " 01370M23:05:36.634 "
localTrueSolarTime: " 01370 23:43:10 "
boomOne {
  boomAirTemp: 214.01
  boomIntermediateAirTemp: 214.25
  boomAtsAirTemp: 215.17
  internalAirTempUncertainty: 0.14
  intermediateTempUncertainty: 0.32
  tipAirTempUncertainty: 0.32
  atsBoomConfidenceLevel: "    111XX1111 "
}
boomTwo {
  boomAirTemp: 208.66
  boomIntermediateAirTemp: 208.94
  boomAtsAirTemp: 209.46
  internalAirTempUncertainty: 0.16
  intermediateTempUncertainty: 0.12
  tipAirTempUncertainty: 0.35
  atsBoomConfidenceLevel: "    111XX1111 "
}
channelAHumidity {
  percentage: 7.02
  uncertainty: 10.0
}
channelBHumidity {
  percentage: 7.1
  uncertainty: 10.0
}
channelCHumidity {
  percentage: 7.36
  uncertainty: 10.0
}
humiditySensorTemp: 214.11
hsConfidenceLevel: "     0XXX "
pressureSensorConfig: " 2H "
pressureSensorConfidenceLevel: "      111 "
pressureSensor1 {
  baroCapPressure: 759.85
  baroCapAbsoluteUncertainty: 4.6
}
pressureSensor2 {
  baroCapPressure: 757.09
  baroCapAbsoluteUncertainty: 5.1
}
