ephemerisTime: 5.25100719E8
localMeanSolarTime: " 01437M23:05:39.346 "
localTrueSolarTime: " 01437 23:42:20 "
boomOne {
  boomAirTemp: 218.08
  boomIntermediateAirTemp: 218.59
  boomAtsAirTemp: 219.98
  internalAirTempUncertainty: 0.14
  intermediateTempUncertainty: 0.32
  tipAirTempUncertainty: 0.32
  atsBoomConfidenceLevel: "    111XX1111 "
}
boomTwo {
  boomAirTemp: 215.54
  boomIntermediateAirTemp: 215.8
  boomAtsAirTemp: 216.01
  internalAirTempUncertainty: 0.16
  intermediateTempUncertainty: 0.12
  tipAirTempUncertainty: 0.35
  atsBoomConfidenceLevel: "    111XX1111 "
}
channelAHumidity {
  percentage: 4.09
  uncertainty: 10.0
}
channelBHumidity {
  percentage: 4.15
  uncertainty: 10.0
}
channelCHumidity {
  percentage: 4.36
  uncertainty: 10.0
}
humiditySensorTemp: 217.32
hsConfidenceLevel: "     0XXX "
pressureSensorConfig: " 2H "
pressureSensorConfidenceLevel: "      111 "
pressureSensor1 {
  baroCapPressure: 834.63
  baroCapAbsoluteUncertainty: 4.7
}
pressureSensor2 {
  baroCapPressure: 832.24
  baroCapAbsoluteUncertainty: 5.3
}
