ephemerisTime: 5.4304795E8
localMeanSolarTime: " 01640M03:05:44.433 "
localTrueSolarTime: " 01640 02:14:43 "
boomOne {
  boomAirTemp: 208.25
  boomIntermediateAirTemp: 208.72
  boomAtsAirTemp: 209.3
  internalAirTempUncertainty: 0.55
  intermediateTempUncertainty: 0.32
  tipAirTempUncertainty: 1.19
  atsBoomConfidenceLevel: "    011XX1111 "
}
boomTwo {
  boomAirTemp: 204.87
  boomIntermediateAirTemp: 206.87
  boomAtsAirTemp: 206.04
  internalAirTempUncertainty: 1.13
  intermediateTempUncertainty: 1.06
  tipAirTempUncertainty: 1.58
  atsBoomConfidenceLevel: "    011XX1111 "
}
channelAHumidity {
  percentage: 7.66
  uncertainty: 10.0
}
channelBHumidity {
  percentage: 7.7
  uncertainty: 10.0
}
channelCHumidity {
  percentage: 8.01
  uncertainty: 10.0
}
humiditySensorTemp: 208.75
hsConfidenceLevel: "     0XXX "
pressureSensorConfig: " 2H "
pressureSensorConfidenceLevel: "      111 "
pressureSensor1 {
  baroCapPressure: 856.44
  baroCapAbsoluteUncertainty: 4.9
}
pressureSensor2 {
  baroCapPressure: 853.58
  baroCapAbsoluteUncertainty: 5.7
}
