ephemerisTime: 5.22711232E8
localMeanSolarTime: " 01411M01:06:02.801 "
localTrueSolarTime: " 01411 01:45:42 "
boomOne {
  boomAirTemp: 212.79
  boomIntermediateAirTemp: 211.75
  boomAtsAirTemp: 210.46
  internalAirTempUncertainty: 0.14
  intermediateTempUncertainty: 0.32
  tipAirTempUncertainty: 0.32
  atsBoomConfidenceLevel: "    111XX1111 "
}
boomTwo {
  boomAirTemp: 207.6
  boomIntermediateAirTemp: 208.1
  boomAtsAirTemp: 204.89
  internalAirTempUncertainty: 0.16
  intermediateTempUncertainty: 0.12
  tipAirTempUncertainty: 0.35
  atsBoomConfidenceLevel: "    111XX1111 "
}
channelAHumidity {
  percentage: 4.95
  uncertainty: 10.0
}
channelBHumidity {
  percentage: 5.03
  uncertainty: 10.0
}
channelCHumidity {
  percentage: 5.27
  uncertainty: 10.0
}
humiditySensorTemp: 213.17
hsConfidenceLevel: "     0XXX "
pressureSensorConfig: " 2H "
pressureSensorConfidenceLevel: "      111 "
pressureSensor1 {
}
pressureSensor2 {
  baroCapPressure: 800.37
  baroCapAbsoluteUncertainty: 5.1
}
