ephemerisTime: 5.41312849E8
localMeanSolarTime: " 01620M14:00:51.341 "
localTrueSolarTime: " 01620 13:09:52 "
boomOne {
  boomAirTemp: 257.55
  boomIntermediateAirTemp: 255.84
  boomAtsAirTemp: 252.55
  internalAirTempUncertainty: 0.14
  intermediateTempUncertainty: 0.32
  tipAirTempUncertainty: 0.32
  atsBoomConfidenceLevel: "    111XX1111 "
}
boomTwo {
  boomAirTemp: 260.52
  boomIntermediateAirTemp: 257.86
  boomAtsAirTemp: 253.32
  internalAirTempUncertainty: 0.16
  intermediateTempUncertainty: 0.12
  tipAirTempUncertainty: 0.35
  atsBoomConfidenceLevel: "    111XX1111 "
}
channelBHumidity {
}
channelCHumidity {
}
hsConfidenceLevel: "      UNK "
pressureSensorConfig: " 2H "
pressureSensorConfidenceLevel: "      101 "
pressureSensor1 {
}
pressureSensor2 {
  thermoCapTemp: 293.42
  baroCapPressure: 818.54
  baroCapAbsoluteUncertainty: 5.7
}
