ephemerisTime: 5.15475787E8
localMeanSolarTime: " 01329M13:00:40.754 "
localTrueSolarTime: " 01329 13:32:12 "
boomOne {
  boomAirTemp: 251.02
  boomIntermediateAirTemp: 253.07
  boomAtsAirTemp: 251.95
  internalAirTempUncertainty: 0.14
  intermediateTempUncertainty: 0.32
  tipAirTempUncertainty: 0.32
  atsBoomConfidenceLevel: "    111XX0011 "
}
boomTwo {
  boomAirTemp: 249.53
  boomIntermediateAirTemp: 249.21
  boomAtsAirTemp: 247.28
  internalAirTempUncertainty: 0.16
  intermediateTempUncertainty: 0.12
  tipAirTempUncertainty: 0.35
  atsBoomConfidenceLevel: "    111XX1111 "
}
channelBHumidity {
}
channelCHumidity {
}
hsConfidenceLevel: "      UNK "
pressureSensorConfig: " 2H "
pressureSensorConfidenceLevel: "      101 "
pressureSensor1 {
}
pressureSensor2 {
  thermoCapTemp: 291.17
  baroCapPressure: 708.34
  baroCapAbsoluteUncertainty: 5.1
}
