ephemerisTime: 5.15417108E8
localMeanSolarTime: " 01328M21:08:51.213 "
localTrueSolarTime: " 01328 21:40:16 "
boomOne {
  boomAirTemp: 215.25
  boomIntermediateAirTemp: 214.16
  boomAtsAirTemp: 212.66
  internalAirTempUncertainty: 0.14
  intermediateTempUncertainty: 0.32
  tipAirTempUncertainty: 0.32
  atsBoomConfidenceLevel: "    111XX1111 "
}
boomTwo {
  boomAirTemp: 213.87
  boomIntermediateAirTemp: 212.6
  boomAtsAirTemp: 212.03
  internalAirTempUncertainty: 0.16
  intermediateTempUncertainty: 0.12
  tipAirTempUncertainty: 0.35
  atsBoomConfidenceLevel: "    111XX1111 "
}
channelAHumidity {
  percentage: 5.23
  uncertainty: 10.0
}
channelBHumidity {
  percentage: 5.25
  uncertainty: 10.0
}
channelCHumidity {
  percentage: 5.5
  uncertainty: 10.0
}
humiditySensorTemp: 215.5
hsConfidenceLevel: "     0XXX "
pressureSensorConfig: " 2H "
pressureSensorConfidenceLevel: "      111 "
pressureSensor1 {
}
pressureSensor2 {
  baroCapPressure: 731.07
  baroCapAbsoluteUncertainty: 5.1
}
