ephemerisTime: 5.15220559E8
localMeanSolarTime: " 01326M16:00:39.214 "
localTrueSolarTime: " 01326 16:31:42 "
boomOne {
  boomAirTemp: 258.92
  boomIntermediateAirTemp: 256.0
  boomAtsAirTemp: 252.85
  internalAirTempUncertainty: 0.14
  intermediateTempUncertainty: 0.32
  tipAirTempUncertainty: 0.32
  atsBoomConfidenceLevel: "    111XX0001 "
}
boomTwo {
  boomAirTemp: 260.73
  boomIntermediateAirTemp: 258.0
  boomAtsAirTemp: 253.51
  internalAirTempUncertainty: 0.16
  intermediateTempUncertainty: 0.12
  tipAirTempUncertainty: 0.35
  atsBoomConfidenceLevel: "    111XX0001 "
}
channelBHumidity {
}
channelCHumidity {
}
hsConfidenceLevel: "      UNK "
pressureSensorConfig: " 2H "
pressureSensorConfidenceLevel: "      100 "
pressureSensor1 {
}
pressureSensor2 {
  thermoCapTemp: 295.57
  baroCapPressure: 691.59
  baroCapAbsoluteUncertainty: 5.1
}
