ephemerisTime: 5.18888348E8
localMeanSolarTime: " 01367M23:35:27.633 "
localTrueSolarTime: " 01368 00:12:40 "
boomOne {
  boomAirTemp: 214.87
  boomIntermediateAirTemp: 213.9
  boomAtsAirTemp: 213.13
  internalAirTempUncertainty: 0.14
  intermediateTempUncertainty: 0.32
  tipAirTempUncertainty: 0.32
  atsBoomConfidenceLevel: "    111XX1111 "
}
boomTwo {
  boomAirTemp: 214.63
  boomIntermediateAirTemp: 213.75
  boomAtsAirTemp: 212.86
  internalAirTempUncertainty: 0.16
  intermediateTempUncertainty: 0.12
  tipAirTempUncertainty: 0.35
  atsBoomConfidenceLevel: "    111XX1111 "
}
channelAHumidity {
  percentage: 5.78
  uncertainty: 10.0
}
channelBHumidity {
  percentage: 5.89
  uncertainty: 10.0
}
channelCHumidity {
  percentage: 6.14
  uncertainty: 10.0
}
humiditySensorTemp: 216.37
hsConfidenceLevel: "     0XXX "
pressureSensorConfig: " 2H "
pressureSensorConfidenceLevel: "      111 "
pressureSensor1 {
  thermoCapTemp: 283.2
}
pressureSensor2 {
  baroCapPressure: 758.21
  baroCapAbsoluteUncertainty: 5.1
}
