ephemerisTime: 5.15401819E8
localMeanSolarTime: " 01328M17:00:51.141 "
localTrueSolarTime: " 01328 17:32:14 "
boomOne {
  boomAirTemp: 246.8
  boomIntermediateAirTemp: 244.23
  boomAtsAirTemp: 241.0
  internalAirTempUncertainty: 0.14
  intermediateTempUncertainty: 0.32
  tipAirTempUncertainty: 0.32
  atsBoomConfidenceLevel: "    111XX0001 "
}
boomTwo {
  boomAirTemp: 245.69
  boomIntermediateAirTemp: 244.42
  boomAtsAirTemp: 243.37
  internalAirTempUncertainty: 0.16
  intermediateTempUncertainty: 0.12
  tipAirTempUncertainty: 0.35
  atsBoomConfidenceLevel: "    111XX0001 "
}
channelBHumidity {
}
channelCHumidity {
}
hsConfidenceLevel: "      UNK "
pressureSensorConfig: " 2H "
pressureSensorConfidenceLevel: "      100 "
pressureSensor1 {
}
pressureSensor2 {
  thermoCapTemp: 291.42
  baroCapPressure: 692.31
  baroCapAbsoluteUncertainty: 5.1
}
