ephemerisTime: 5.36851389E8
localMeanSolarTime: " 01570M07:51:59.855 "
localTrueSolarTime: " 01570 07:15:45 "
boomOne {
  boomAirTemp: 214.4
  boomIntermediateAirTemp: 216.96
  boomAtsAirTemp: 214.57
  internalAirTempUncertainty: 0.14
  intermediateTempUncertainty: 0.32
  tipAirTempUncertainty: 0.32
  atsBoomConfidenceLevel: "    111XX0001 "
}
boomTwo {
  boomAirTemp: 210.7
  boomIntermediateAirTemp: 212.39
  boomAtsAirTemp: 213.6
  internalAirTempUncertainty: 0.16
  intermediateTempUncertainty: 0.12
  tipAirTempUncertainty: 0.35
  atsBoomConfidenceLevel: "    111XX0011 "
}
channelAHumidity {
  percentage: 4.44
  uncertainty: 10.0
}
channelBHumidity {
  percentage: 4.55
  uncertainty: 10.0
}
channelCHumidity {
  percentage: 4.75
  uncertainty: 10.0
}
humiditySensorTemp: 212.75
hsConfidenceLevel: "     0XXX "
pressureSensorConfig: " 2H "
pressureSensorConfidenceLevel: "      111 "
pressureSensor1 {
}
pressureSensor2 {
  baroCapPressure: 904.84
  baroCapAbsoluteUncertainty: 5.7
}
