ephemerisTime: 5.15442509E8
localMeanSolarTime: " 01329M04:00:52.825 "
localTrueSolarTime: " 01329 04:32:20 "
boomOne {
  boomAirTemp: 199.81
  boomIntermediateAirTemp: 199.29
  boomAtsAirTemp: 200.14
  internalAirTempUncertainty: 0.55
  intermediateTempUncertainty: 0.32
  tipAirTempUncertainty: 1.19
  atsBoomConfidenceLevel: "    011XX1111 "
}
boomTwo {
  boomAirTemp: 192.66
  boomIntermediateAirTemp: 192.9
  boomAtsAirTemp: 149.22
  internalAirTempUncertainty: 1.13
  intermediateTempUncertainty: 1.06
  tipAirTempUncertainty: 1.58
  atsBoomConfidenceLevel: "    011XX1110 "
}
channelBHumidity {
}
channelCHumidity {
}
hsConfidenceLevel: "      UNK "
pressureSensorConfig: " 2H "
pressureSensorConfidenceLevel: "      101 "
pressureSensor1 {
}
pressureSensor2 {
  thermoCapTemp: 281.43
  baroCapPressure: 753.19
  baroCapAbsoluteUncertainty: 5.1
}
