ephemerisTime: 5.15550071E8
localMeanSolarTime: " 01330M09:05:37.916 "
localTrueSolarTime: " 01330 09:37:17 "
boomOne {
  boomAirTemp: 238.2
  boomIntermediateAirTemp: 238.43
  boomAtsAirTemp: 236.92
  internalAirTempUncertainty: 0.14
  intermediateTempUncertainty: 0.32
  tipAirTempUncertainty: 0.32
  atsBoomConfidenceLevel: "    111XX0001 "
}
boomTwo {
  boomAirTemp: 242.01
  boomIntermediateAirTemp: 235.65
  boomAtsAirTemp: 228.55
  internalAirTempUncertainty: 0.16
  intermediateTempUncertainty: 0.12
  tipAirTempUncertainty: 0.35
  atsBoomConfidenceLevel: "    111XX1101 "
}
channelAHumidity {
  percentage: 1.5
  uncertainty: 10.0
}
channelBHumidity {
  percentage: 1.53
  uncertainty: 10.0
}
channelCHumidity {
  percentage: 1.63
  uncertainty: 10.0
}
humiditySensorTemp: 241.07
hsConfidenceLevel: "     0XXX "
pressureSensorConfig: " 2H "
pressureSensorConfidenceLevel: "      111 "
pressureSensor1 {
  baroCapPressure: 749.12
  baroCapAbsoluteUncertainty: 4.6
}
pressureSensor2 {
  baroCapPressure: 745.76
  baroCapAbsoluteUncertainty: 5.1
}
