ephemerisTime: 5.08056042E8
localMeanSolarTime: " 01245M23:05:48.089 "
localTrueSolarTime: " 01245 23:25:04 "
boomOne {
  boomAirTemp: 201.96
  boomIntermediateAirTemp: 201.31
  boomAtsAirTemp: 200.07
  internalAirTempUncertainty: 0.55
  intermediateTempUncertainty: 0.32
  tipAirTempUncertainty: 1.19
  atsBoomConfidenceLevel: "    011XX1111 "
}
boomTwo {
  boomAirTemp: 190.67
  boomIntermediateAirTemp: 189.52
  boomAtsAirTemp: 142.12
  internalAirTempUncertainty: 1.13
  intermediateTempUncertainty: 1.06
  tipAirTempUncertainty: 1.58
  atsBoomConfidenceLevel: "    011XX1110 "
}
channelAHumidity {
  percentage: 11.75
  uncertainty: 20.0
}
channelBHumidity {
  percentage: 11.72
  uncertainty: 20.0
}
channelCHumidity {
  percentage: 11.86
  uncertainty: 20.0
}
humiditySensorTemp: 201.99
hsConfidenceLevel: "     0XXX "
pressureSensorConfig: " 2H "
pressureSensorConfidenceLevel: "      111 "
pressureSensor1 {
  baroCapPressure: 821.85
  baroCapAbsoluteUncertainty: 4.4
}
pressureSensor2 {
  baroCapPressure: 818.53
  baroCapAbsoluteUncertainty: 6.0
}
