ephemerisTime: 5.15390708E8
localMeanSolarTime: " 01328M14:00:37.321 "
localTrueSolarTime: " 01328 14:31:59 "
boomOne {
  boomAirTemp: 263.14
  boomIntermediateAirTemp: 258.89
  boomAtsAirTemp: 257.36
  internalAirTempUncertainty: 0.14
  intermediateTempUncertainty: 0.32
  tipAirTempUncertainty: 0.32
  atsBoomConfidenceLevel: "    111XX0001 "
}
boomTwo {
  boomAirTemp: 265.16
  boomIntermediateAirTemp: 264.05
  boomAtsAirTemp: 262.02
  internalAirTempUncertainty: 0.16
  intermediateTempUncertainty: 0.12
  tipAirTempUncertainty: 0.35
  atsBoomConfidenceLevel: "    111XX0001 "
}
channelAHumidity {
  percentage: 0.81
  uncertainty: 2.0
}
channelBHumidity {
  percentage: 0.78
  uncertainty: 2.0
}
channelCHumidity {
  percentage: 0.83
  uncertainty: 2.0
}
humiditySensorTemp: 265.34
hsConfidenceLevel: "     0XXX "
pressureSensorConfig: " 2H "
pressureSensorConfidenceLevel: "      111 "
pressureSensor1 {
}
pressureSensor2 {
  baroCapPressure: 701.89
  baroCapAbsoluteUncertainty: 5.1
}
