ephemerisTime: 5.15392988E8
localMeanSolarTime: " 01328M14:37:36.339 "
localTrueSolarTime: " 01328 15:08:58 "
boomOne {
  boomAirTemp: 265.03
  boomIntermediateAirTemp: 259.8
  boomAtsAirTemp: 257.56
  internalAirTempUncertainty: 0.14
  intermediateTempUncertainty: 0.32
  tipAirTempUncertainty: 0.32
  atsBoomConfidenceLevel: "    111XX0001 "
}
boomTwo {
  boomAirTemp: 267.79
  boomIntermediateAirTemp: 264.63
  boomAtsAirTemp: 259.9
  internalAirTempUncertainty: 0.16
  intermediateTempUncertainty: 0.12
  tipAirTempUncertainty: 0.35
  atsBoomConfidenceLevel: "    111XX0001 "
}
channelAHumidity {
  percentage: 0.78
  uncertainty: 2.0
}
channelBHumidity {
  percentage: 0.75
  uncertainty: 2.0
}
channelCHumidity {
  percentage: 0.78
  uncertainty: 2.0
}
humiditySensorTemp: 267.44
hsConfidenceLevel: "     0XXX "
pressureSensorConfig: " 2H "
pressureSensorConfidenceLevel: "      111 "
pressureSensor1 {
}
pressureSensor2 {
  baroCapPressure: 697.52
  baroCapAbsoluteUncertainty: 5.1
}
