ephemerisTime: 5.15395028E8
localMeanSolarTime: " 01328M15:10:41.776 "
localTrueSolarTime: " 01328 15:42:04 "
boomOne {
  boomAirTemp: 264.61
  boomIntermediateAirTemp: 259.07
  boomAtsAirTemp: 256.52
  internalAirTempUncertainty: 0.14
  intermediateTempUncertainty: 0.32
  tipAirTempUncertainty: 0.32
  atsBoomConfidenceLevel: "    111XX0001 "
}
boomTwo {
  boomAirTemp: 268.39
  boomIntermediateAirTemp: 270.1
  boomAtsAirTemp: 268.63
  internalAirTempUncertainty: 0.16
  intermediateTempUncertainty: 0.12
  tipAirTempUncertainty: 0.35
  atsBoomConfidenceLevel: "    111XX0001 "
}
channelAHumidity {
  percentage: 0.77
  uncertainty: 2.0
}
channelBHumidity {
  percentage: 0.73
  uncertainty: 2.0
}
channelCHumidity {
  percentage: 0.76
  uncertainty: 2.0
}
humiditySensorTemp: 268.42
hsConfidenceLevel: "     0XXX "
pressureSensorConfig: " 2H "
pressureSensorConfidenceLevel: "      111 "
pressureSensor1 {
}
pressureSensor2 {
  baroCapPressure: 694.31
  baroCapAbsoluteUncertainty: 5.1
}
