ephemerisTime: 5.15412909E8
localMeanSolarTime: " 01328M20:00:44.522 "
localTrueSolarTime: " 01328 20:32:09 "
boomOne {
  boomAirTemp: 219.13
  boomIntermediateAirTemp: 219.12
  boomAtsAirTemp: 218.98
  internalAirTempUncertainty: 0.14
  intermediateTempUncertainty: 0.32
  tipAirTempUncertainty: 0.32
  atsBoomConfidenceLevel: "    111XX1111 "
}
boomTwo {
  boomAirTemp: 217.32
  boomIntermediateAirTemp: 218.46
  boomAtsAirTemp: 218.99
  internalAirTempUncertainty: 0.16
  intermediateTempUncertainty: 0.12
  tipAirTempUncertainty: 0.35
  atsBoomConfidenceLevel: "    111XX1111 "
}
channelBHumidity {
}
channelCHumidity {
}
hsConfidenceLevel: "      UNK "
pressureSensorConfig: " 2H "
pressureSensorConfidenceLevel: "      101 "
pressureSensor1 {
}
pressureSensor2 {
  thermoCapTemp: 286.42
  baroCapPressure: 731.48
  baroCapAbsoluteUncertainty: 5.1
}
