ephemerisTime: 5.37525441E8
localMeanSolarTime: " 01577M22:05:43.312 "
localTrueSolarTime: " 01577 21:25:50 "
boomOne {
  boomAirTemp: 221.57
  boomIntermediateAirTemp: 222.23
  boomAtsAirTemp: 222.36
  internalAirTempUncertainty: 0.14
  intermediateTempUncertainty: 0.32
  tipAirTempUncertainty: 0.32
  atsBoomConfidenceLevel: "    111XX1111 "
}
boomTwo {
  boomAirTemp: 218.38
  boomIntermediateAirTemp: 219.29
  boomAtsAirTemp: 218.31
  internalAirTempUncertainty: 0.16
  intermediateTempUncertainty: 0.12
  tipAirTempUncertainty: 0.35
  atsBoomConfidenceLevel: "    111XX1111 "
}
channelAHumidity {
  percentage: 3.62
  uncertainty: 10.0
}
channelBHumidity {
  percentage: 3.67
  uncertainty: 10.0
}
channelCHumidity {
  percentage: 3.84
  uncertainty: 10.0
}
humiditySensorTemp: 221.25
hsConfidenceLevel: "     0XXX "
pressureSensorConfig: " 2H "
pressureSensorConfidenceLevel: "      111 "
pressureSensor1 {
  baroCapPressure: 870.58
  baroCapAbsoluteUncertainty: 4.9
}
pressureSensor2 {
  baroCapPressure: 867.97
  baroCapAbsoluteUncertainty: 5.7
}
