ephemerisTime: 5.16041724E8
localMeanSolarTime: " 01335M22:00:40.911 "
localTrueSolarTime: " 01335 22:33:13 "
boomOne {
  boomAirTemp: 212.75
  boomIntermediateAirTemp: 211.7
  boomAtsAirTemp: 210.78
  internalAirTempUncertainty: 0.14
  intermediateTempUncertainty: 0.32
  tipAirTempUncertainty: 0.32
  atsBoomConfidenceLevel: "    111XX1111 "
}
boomTwo {
  boomAirTemp: 208.37
  boomIntermediateAirTemp: 209.17
  boomAtsAirTemp: 201.44
  internalAirTempUncertainty: 0.16
  intermediateTempUncertainty: 0.12
  tipAirTempUncertainty: 0.35
  atsBoomConfidenceLevel: "    111XX1110 "
}
channelBHumidity {
}
channelCHumidity {
}
hsConfidenceLevel: "      UNK "
pressureSensorConfig: " 2H "
pressureSensorConfidenceLevel: "      101 "
pressureSensor1 {
}
pressureSensor2 {
  thermoCapTemp: 281.21
  baroCapPressure: 733.94
  baroCapAbsoluteUncertainty: 5.1
}
