ephemerisTime: 5.15476028E8
localMeanSolarTime: " 01329M13:04:35.308 "
localTrueSolarTime: " 01329 13:36:06 "
boomOne {
  boomAirTemp: 251.94
  boomIntermediateAirTemp: 255.03
  boomAtsAirTemp: 254.99
  internalAirTempUncertainty: 0.14
  intermediateTempUncertainty: 0.32
  tipAirTempUncertainty: 0.32
  atsBoomConfidenceLevel: "    111XX1111 "
}
boomTwo {
  boomAirTemp: 249.79
  boomIntermediateAirTemp: 249.5
  boomAtsAirTemp: 247.98
  internalAirTempUncertainty: 0.16
  intermediateTempUncertainty: 0.12
  tipAirTempUncertainty: 0.35
  atsBoomConfidenceLevel: "    111XX1111 "
}
channelAHumidity {
  percentage: 1.31
  uncertainty: 2.0
}
channelBHumidity {
  percentage: 1.31
  uncertainty: 2.0
}
channelCHumidity {
  percentage: 1.38
  uncertainty: 2.0
}
humiditySensorTemp: 250.42
hsConfidenceLevel: "     0XXX "
pressureSensorConfig: " 2H "
pressureSensorConfidenceLevel: "      111 "
pressureSensor1 {
}
pressureSensor2 {
  baroCapPressure: 707.79
  baroCapAbsoluteUncertainty: 5.1
}
