ephemerisTime: 5.19509348E8
localMeanSolarTime: " 01374M23:28:38.046 "
localTrueSolarTime: " 01375 00:06:38 "
boomOne {
  boomAirTemp: 213.98
  boomIntermediateAirTemp: 213.96
  boomAtsAirTemp: 213.81
  internalAirTempUncertainty: 0.14
  intermediateTempUncertainty: 0.32
  tipAirTempUncertainty: 0.32
  atsBoomConfidenceLevel: "    111XX1111 "
}
boomTwo {
  boomAirTemp: 210.56
  boomIntermediateAirTemp: 210.01
  boomAtsAirTemp: 208.98
  internalAirTempUncertainty: 0.16
  intermediateTempUncertainty: 0.12
  tipAirTempUncertainty: 0.35
  atsBoomConfidenceLevel: "    111XX1111 "
}
channelAHumidity {
  percentage: 6.98
  uncertainty: 10.0
}
channelBHumidity {
  percentage: 6.98
  uncertainty: 10.0
}
channelCHumidity {
  percentage: 7.23
  uncertainty: 10.0
}
humiditySensorTemp: 214.55
hsConfidenceLevel: "     0XXX "
pressureSensorConfig: " 2H "
pressureSensorConfidenceLevel: "      111 "
pressureSensor1 {
}
pressureSensor2 {
  baroCapPressure: 760.17
  baroCapAbsoluteUncertainty: 5.1
}
