ephemerisTime: 5.23583588E8
localMeanSolarTime: " 01420M20:56:26.316 "
localTrueSolarTime: " 01420 21:35:31 "
boomOne {
  boomAirTemp: 225.77
  boomIntermediateAirTemp: 224.89
  boomAtsAirTemp: 224.49
  internalAirTempUncertainty: 0.14
  intermediateTempUncertainty: 0.32
  tipAirTempUncertainty: 0.32
  atsBoomConfidenceLevel: "    111XX1111 "
}
boomTwo {
  boomAirTemp: 225.35
  boomIntermediateAirTemp: 224.66
  boomAtsAirTemp: 224.54
  internalAirTempUncertainty: 0.16
  intermediateTempUncertainty: 0.12
  tipAirTempUncertainty: 0.35
  atsBoomConfidenceLevel: "    111XX1111 "
}
channelAHumidity {
  percentage: 2.71
  uncertainty: 10.0
}
channelBHumidity {
  percentage: 2.77
  uncertainty: 10.0
}
channelCHumidity {
  percentage: 2.94
  uncertainty: 10.0
}
humiditySensorTemp: 226.84
hsConfidenceLevel: "     0XXX "
pressureSensorConfig: " 2H "
pressureSensorConfidenceLevel: "      111 "
pressureSensor1 {
}
pressureSensor2 {
  thermoCapTemp: 287.35
  baroCapPressure: 793.36
  baroCapAbsoluteUncertainty: 5.3
}
