ephemerisTime: 5.15388188E8
localMeanSolarTime: " 01328M13:19:44.722 "
localTrueSolarTime: " 01328 13:51:06 "
boomOne {
  boomAirTemp: 260.94
  boomIntermediateAirTemp: 257.01
  boomAtsAirTemp: 256.06
  internalAirTempUncertainty: 0.14
  intermediateTempUncertainty: 0.32
  tipAirTempUncertainty: 0.32
  atsBoomConfidenceLevel: "    111XX0001 "
}
boomTwo {
  boomAirTemp: 256.25
  boomIntermediateAirTemp: 254.36
  boomAtsAirTemp: 254.3
  internalAirTempUncertainty: 0.16
  intermediateTempUncertainty: 0.12
  tipAirTempUncertainty: 0.35
  atsBoomConfidenceLevel: "    111XX0111 "
}
channelAHumidity {
  percentage: 1.04
  uncertainty: 2.0
}
channelBHumidity {
  percentage: 1.04
  uncertainty: 2.0
}
channelCHumidity {
  percentage: 1.1
  uncertainty: 2.0
}
humiditySensorTemp: 256.84
hsConfidenceLevel: "     0XXX "
pressureSensorConfig: " 2H "
pressureSensorConfidenceLevel: "      111 "
pressureSensor1 {
}
pressureSensor2 {
  baroCapPressure: 707.19
  baroCapAbsoluteUncertainty: 5.1
}
