ephemerisTime: 5.18043788E8
localMeanSolarTime: " 01358M11:15:56.672 "
localTrueSolarTime: " 01358 11:51:54 "
boomOne {
  boomAirTemp: 250.19
  boomIntermediateAirTemp: 247.93
  boomAtsAirTemp: 244.72
  internalAirTempUncertainty: 0.14
  intermediateTempUncertainty: 0.32
  tipAirTempUncertainty: 0.32
  atsBoomConfidenceLevel: "    111XX1111 "
}
boomTwo {
  boomAirTemp: 248.37
  boomIntermediateAirTemp: 246.22
  boomAtsAirTemp: 243.96
  internalAirTempUncertainty: 0.16
  intermediateTempUncertainty: 0.12
  tipAirTempUncertainty: 0.35
  atsBoomConfidenceLevel: "    111XX1111 "
}
channelAHumidity {
  percentage: 1.31
  uncertainty: 2.0
}
channelBHumidity {
  percentage: 1.33
  uncertainty: 2.0
}
channelCHumidity {
  percentage: 1.4
  uncertainty: 2.0
}
humiditySensorTemp: 248.74
hsConfidenceLevel: "     0XXX "
pressureSensorConfig: " 2H "
pressureSensorConfidenceLevel: "      111 "
pressureSensor1 {
}
pressureSensor2 {
  baroCapPressure: 724.45
  baroCapAbsoluteUncertainty: 5.1
}
