ephemerisTime: 5.15459108E8
localMeanSolarTime: " 01329M08:30:07.859 "
localTrueSolarTime: " 01329 09:01:37 "
boomOne {
  boomAirTemp: 233.75
  boomIntermediateAirTemp: 227.5
  boomAtsAirTemp: 223.8
  internalAirTempUncertainty: 0.14
  intermediateTempUncertainty: 0.32
  tipAirTempUncertainty: 0.32
  atsBoomConfidenceLevel: "    111XX0001 "
}
boomTwo {
  boomAirTemp: 220.05
  boomIntermediateAirTemp: 217.11
  boomAtsAirTemp: 214.74
  internalAirTempUncertainty: 0.16
  intermediateTempUncertainty: 0.12
  tipAirTempUncertainty: 0.35
  atsBoomConfidenceLevel: "    111XX1111 "
}
channelAHumidity {
  percentage: 3.45
  uncertainty: 10.0
}
channelBHumidity {
  percentage: 3.47
  uncertainty: 10.0
}
channelCHumidity {
  percentage: 3.66
  uncertainty: 10.0
}
humiditySensorTemp: 220.86
hsConfidenceLevel: "     0XXX "
pressureSensorConfig: " 2H "
pressureSensorConfidenceLevel: "      111 "
pressureSensor1 {
}
pressureSensor2 {
  baroCapPressure: 757.86
  baroCapAbsoluteUncertainty: 5.1
}
