ephemerisTime: 5.071461E8
localMeanSolarTime: " 01235M17:05:43.868 "
localTrueSolarTime: " 01235 17:23:39 "
boomOne {
  boomAirTemp: 236.13
  boomIntermediateAirTemp: 235.64
  boomAtsAirTemp: 235.56
  internalAirTempUncertainty: 0.14
  intermediateTempUncertainty: 0.32
  tipAirTempUncertainty: 0.32
  atsBoomConfidenceLevel: "    111XX1111 "
}
boomTwo {
  boomAirTemp: 237.98
  boomIntermediateAirTemp: 235.56
  boomAtsAirTemp: 233.53
  internalAirTempUncertainty: 0.16
  intermediateTempUncertainty: 0.12
  tipAirTempUncertainty: 0.35
  atsBoomConfidenceLevel: "    111XX0001 "
}
channelAHumidity {
  percentage: 1.87
  uncertainty: 10.0
}
channelBHumidity {
  percentage: 1.92
  uncertainty: 10.0
}
channelCHumidity {
  percentage: 2.0
  uncertainty: 10.0
}
humiditySensorTemp: 238.72
hsConfidenceLevel: "     0XXX "
pressureSensorConfig: " 2H "
pressureSensorConfidenceLevel: "      111 "
pressureSensor1 {
  baroCapPressure: 793.34
  baroCapAbsoluteUncertainty: 4.4
}
pressureSensor2 {
  baroCapPressure: 789.74
  baroCapAbsoluteUncertainty: 6.0
}
