0 [main] INFO kafka.utils.VerifiableProperties  - Verifying properties
42 [main] WARN kafka.utils.VerifiableProperties  - Property auto.offset.reset is not valid
42 [main] WARN kafka.utils.VerifiableProperties  - Property bootstrap.servers is not valid
43 [main] WARN kafka.utils.VerifiableProperties  - Property destination.topic is not valid
43 [main] WARN kafka.utils.VerifiableProperties  - Property group.id is not valid
43 [main] WARN kafka.utils.VerifiableProperties  - Property key.serializer is not valid
43 [main] INFO kafka.utils.VerifiableProperties  - Property metadata.broker.list is overridden to localhost:9092
44 [main] WARN kafka.utils.VerifiableProperties  - Property source.topic is not valid
44 [main] WARN kafka.utils.VerifiableProperties  - Property value.serializer is not valid
44 [main] WARN kafka.utils.VerifiableProperties  - Property zookeeper.connect is not valid
3008 [main] DEBUG kafka.producer.async.DefaultEventHandler  - Handling 1 events
3034 [main] INFO kafka.client.ClientUtils$  - Fetching metadata from broker BrokerEndPoint(0,localhost,9092) with correlation id 0 for 1 topic(s) Set(earth_to_curiosity_5)
3091 [main] DEBUG kafka.network.BlockingChannel  - Created socket with SO_TIMEOUT = 10000 (requested 10000), SO_RCVBUF = 530904 (requested -1), SO_SNDBUF = 102400 (requested 102400), connectTimeoutMs = 10000.
3091 [main] INFO kafka.producer.SyncProducer  - Connected to localhost:9092 for producing
3103 [main] INFO kafka.producer.SyncProducer  - Disconnecting from localhost:9092
3104 [main] DEBUG kafka.client.ClientUtils$  - Successfully fetched metadata for 1 topic(s) Set(earth_to_curiosity_5)
3113 [main] DEBUG kafka.producer.BrokerPartitionInfo  - Getting broker partition info for topic earth_to_curiosity_5
3114 [main] DEBUG kafka.producer.BrokerPartitionInfo  - Partition [earth_to_curiosity_5,0] has leader 0
3115 [main] DEBUG kafka.producer.async.DefaultEventHandler  - Broker partitions registered for topic: earth_to_curiosity_5 are 0
3118 [main] DEBUG kafka.producer.async.DefaultEventHandler  - Sending 1 messages with no compression to [earth_to_curiosity_5,0]
3125 [main] DEBUG kafka.producer.async.DefaultEventHandler  - Producer sending messages with correlation id 2 for topics [earth_to_curiosity_5,0] to broker 0 on zion-mainframe:9092
3133 [main] DEBUG kafka.network.BlockingChannel  - Created socket with SO_TIMEOUT = 10000 (requested 10000), SO_RCVBUF = 530904 (requested -1), SO_SNDBUF = 102400 (requested 102400), connectTimeoutMs = 10000.
3133 [main] INFO kafka.producer.SyncProducer  - Connected to zion-mainframe:9092 for producing
3134 [main] DEBUG kafka.producer.async.DefaultEventHandler  - Producer sent messages with correlation id 2 for topics [earth_to_curiosity_5,0] to broker 0 on zion-mainframe:9092
111970 [main] DEBUG kafka.producer.async.DefaultEventHandler  - Handling 1 events
111971 [main] DEBUG kafka.producer.BrokerPartitionInfo  - Getting broker partition info for topic earth_to_curiosity_5
111971 [main] DEBUG kafka.producer.BrokerPartitionInfo  - Partition [earth_to_curiosity_5,0] has leader 0
111971 [main] DEBUG kafka.producer.async.DefaultEventHandler  - Broker partitions registered for topic: earth_to_curiosity_5 are 0
111971 [main] DEBUG kafka.producer.async.DefaultEventHandler  - Sending 1 messages with no compression to [earth_to_curiosity_5,0]
111972 [main] DEBUG kafka.producer.async.DefaultEventHandler  - Producer sending messages with correlation id 4 for topics [earth_to_curiosity_5,0] to broker 0 on zion-mainframe:9092
111974 [main] DEBUG kafka.producer.async.DefaultEventHandler  - Producer sent messages with correlation id 4 for topics [earth_to_curiosity_5,0] to broker 0 on zion-mainframe:9092
144027 [main] DEBUG kafka.producer.async.DefaultEventHandler  - Handling 1 events
144028 [main] DEBUG kafka.producer.BrokerPartitionInfo  - Getting broker partition info for topic earth_to_curiosity_5
144029 [main] DEBUG kafka.producer.BrokerPartitionInfo  - Partition [earth_to_curiosity_5,0] has leader 0
144030 [main] DEBUG kafka.producer.async.DefaultEventHandler  - Broker partitions registered for topic: earth_to_curiosity_5 are 0
144031 [main] DEBUG kafka.producer.async.DefaultEventHandler  - Sending 1 messages with no compression to [earth_to_curiosity_5,0]
144033 [main] DEBUG kafka.producer.async.DefaultEventHandler  - Producer sending messages with correlation id 6 for topics [earth_to_curiosity_5,0] to broker 0 on zion-mainframe:9092
144036 [main] DEBUG kafka.producer.async.DefaultEventHandler  - Producer sent messages with correlation id 6 for topics [earth_to_curiosity_5,0] to broker 0 on zion-mainframe:9092
3617293 [main] DEBUG kafka.producer.async.DefaultEventHandler  - Handling 1 events
3617294 [main] INFO kafka.client.ClientUtils$  - Fetching metadata from broker BrokerEndPoint(0,localhost,9092) with correlation id 7 for 1 topic(s) Set(earth_to_curiosity_5)
3617295 [main] DEBUG kafka.network.BlockingChannel  - Created socket with SO_TIMEOUT = 10000 (requested 10000), SO_RCVBUF = 530904 (requested -1), SO_SNDBUF = 102400 (requested 102400), connectTimeoutMs = 10000.
3617295 [main] INFO kafka.producer.SyncProducer  - Connected to localhost:9092 for producing
3617296 [main] INFO kafka.producer.SyncProducer  - Disconnecting from localhost:9092
3617296 [main] DEBUG kafka.client.ClientUtils$  - Successfully fetched metadata for 1 topic(s) Set(earth_to_curiosity_5)
3617297 [main] INFO kafka.producer.SyncProducer  - Disconnecting from zion-mainframe:9092
3617297 [main] DEBUG kafka.producer.BrokerPartitionInfo  - Getting broker partition info for topic earth_to_curiosity_5
3617297 [main] DEBUG kafka.producer.BrokerPartitionInfo  - Partition [earth_to_curiosity_5,0] has leader 0
3617297 [main] DEBUG kafka.producer.async.DefaultEventHandler  - Broker partitions registered for topic: earth_to_curiosity_5 are 0
3617297 [main] DEBUG kafka.producer.async.DefaultEventHandler  - Sending 1 messages with no compression to [earth_to_curiosity_5,0]
3617298 [main] DEBUG kafka.producer.async.DefaultEventHandler  - Producer sending messages with correlation id 9 for topics [earth_to_curiosity_5,0] to broker 0 on zion-mainframe:9092
3617299 [main] DEBUG kafka.network.BlockingChannel  - Created socket with SO_TIMEOUT = 10000 (requested 10000), SO_RCVBUF = 530904 (requested -1), SO_SNDBUF = 102400 (requested 102400), connectTimeoutMs = 10000.
3617299 [main] INFO kafka.producer.SyncProducer  - Connected to zion-mainframe:9092 for producing
3617300 [main] DEBUG kafka.producer.async.DefaultEventHandler  - Producer sent messages with correlation id 9 for topics [earth_to_curiosity_5,0] to broker 0 on zion-mainframe:9092
