0 [main] INFO kafka.utils.VerifiableProperties  - Verifying properties
49 [main] WARN kafka.utils.VerifiableProperties  - Property auto.offset.reset is not valid
49 [main] WARN kafka.utils.VerifiableProperties  - Property bootstrap.servers is not valid
49 [main] WARN kafka.utils.VerifiableProperties  - Property destination.topic is not valid
49 [main] WARN kafka.utils.VerifiableProperties  - Property group.id is not valid
50 [main] WARN kafka.utils.VerifiableProperties  - Property key.serializer is not valid
50 [main] INFO kafka.utils.VerifiableProperties  - Property metadata.broker.list is overridden to localhost:9092
50 [main] WARN kafka.utils.VerifiableProperties  - Property source.topic is not valid
51 [main] WARN kafka.utils.VerifiableProperties  - Property value.serializer is not valid
51 [main] WARN kafka.utils.VerifiableProperties  - Property zookeeper.connect is not valid
4239 [main] DEBUG kafka.producer.async.DefaultEventHandler  - Handling 1 events
4260 [main] INFO kafka.client.ClientUtils$  - Fetching metadata from broker BrokerEndPoint(0,localhost,9092) with correlation id 0 for 1 topic(s) Set(earth_to_curiosity_5)
4309 [main] DEBUG kafka.network.BlockingChannel  - Created socket with SO_TIMEOUT = 10000 (requested 10000), SO_RCVBUF = 530904 (requested -1), SO_SNDBUF = 102400 (requested 102400), connectTimeoutMs = 10000.
4309 [main] INFO kafka.producer.SyncProducer  - Connected to localhost:9092 for producing
4321 [main] INFO kafka.producer.SyncProducer  - Disconnecting from localhost:9092
4323 [main] DEBUG kafka.client.ClientUtils$  - Successfully fetched metadata for 1 topic(s) Set(earth_to_curiosity_5)
4330 [main] DEBUG kafka.producer.BrokerPartitionInfo  - Getting broker partition info for topic earth_to_curiosity_5
4331 [main] DEBUG kafka.producer.BrokerPartitionInfo  - Partition [earth_to_curiosity_5,0] has leader 0
4332 [main] DEBUG kafka.producer.async.DefaultEventHandler  - Broker partitions registered for topic: earth_to_curiosity_5 are 0
4335 [main] DEBUG kafka.producer.async.DefaultEventHandler  - Sending 1 messages with no compression to [earth_to_curiosity_5,0]
4434 [main] DEBUG kafka.producer.async.DefaultEventHandler  - Producer sending messages with correlation id 2 for topics [earth_to_curiosity_5,0] to broker 0 on zion-mainframe:9092
4626 [main] DEBUG kafka.network.BlockingChannel  - Created socket with SO_TIMEOUT = 10000 (requested 10000), SO_RCVBUF = 530904 (requested -1), SO_SNDBUF = 102400 (requested 102400), connectTimeoutMs = 10000.
4626 [main] INFO kafka.producer.SyncProducer  - Connected to zion-mainframe:9092 for producing
4957 [main] INFO kafka.producer.SyncProducer  - Disconnecting from zion-mainframe:9092
4958 [main] WARN kafka.producer.async.DefaultEventHandler  - Failed to send producer request with correlation id 2 to broker 0 with data for partitions [earth_to_curiosity_5,0]
java.io.IOException: Connection reset by peer
	at sun.nio.ch.FileDispatcherImpl.writev0(Native Method)
	at sun.nio.ch.SocketDispatcher.writev(SocketDispatcher.java:51)
	at sun.nio.ch.IOUtil.write(IOUtil.java:148)
	at sun.nio.ch.SocketChannelImpl.write(SocketChannelImpl.java:504)
	at java.nio.channels.SocketChannel.write(SocketChannel.java:502)
	at org.apache.kafka.common.network.ByteBufferSend.writeTo(ByteBufferSend.java:57)
	at kafka.network.RequestOrResponseSend.writeCompletely(RequestOrResponseSend.scala:50)
	at kafka.network.BlockingChannel.send(BlockingChannel.scala:113)
	at kafka.producer.SyncProducer.liftedTree1$1(SyncProducer.scala:75)
	at kafka.producer.SyncProducer.kafka$producer$SyncProducer$$doSend(SyncProducer.scala:74)
	at kafka.producer.SyncProducer$$anonfun$send$1$$anonfun$apply$mcV$sp$1.apply$mcV$sp(SyncProducer.scala:105)
	at kafka.producer.SyncProducer$$anonfun$send$1$$anonfun$apply$mcV$sp$1.apply(SyncProducer.scala:105)
	at kafka.producer.SyncProducer$$anonfun$send$1$$anonfun$apply$mcV$sp$1.apply(SyncProducer.scala:105)
	at kafka.metrics.KafkaTimer.time(KafkaTimer.scala:33)
	at kafka.producer.SyncProducer$$anonfun$send$1.apply$mcV$sp(SyncProducer.scala:104)
	at kafka.producer.SyncProducer$$anonfun$send$1.apply(SyncProducer.scala:104)
	at kafka.producer.SyncProducer$$anonfun$send$1.apply(SyncProducer.scala:104)
	at kafka.metrics.KafkaTimer.time(KafkaTimer.scala:33)
	at kafka.producer.SyncProducer.send(SyncProducer.scala:103)
	at kafka.producer.async.DefaultEventHandler.kafka$producer$async$DefaultEventHandler$$send(DefaultEventHandler.scala:257)
	at kafka.producer.async.DefaultEventHandler$$anonfun$dispatchSerializedData$2.apply(DefaultEventHandler.scala:108)
	at kafka.producer.async.DefaultEventHandler$$anonfun$dispatchSerializedData$2.apply(DefaultEventHandler.scala:100)
	at scala.collection.TraversableLike$WithFilter$$anonfun$foreach$1.apply(TraversableLike.scala:772)
	at scala.collection.mutable.HashMap$$anonfun$foreach$1.apply(HashMap.scala:98)
	at scala.collection.mutable.HashMap$$anonfun$foreach$1.apply(HashMap.scala:98)
	at scala.collection.mutable.HashTable$class.foreachEntry(HashTable.scala:226)
	at scala.collection.mutable.HashMap.foreachEntry(HashMap.scala:39)
	at scala.collection.mutable.HashMap.foreach(HashMap.scala:98)
	at scala.collection.TraversableLike$WithFilter.foreach(TraversableLike.scala:771)
	at kafka.producer.async.DefaultEventHandler.dispatchSerializedData(DefaultEventHandler.scala:100)
	at kafka.producer.async.DefaultEventHandler.handle(DefaultEventHandler.scala:73)
	at kafka.producer.Producer.send(Producer.scala:77)
	at kafka.javaapi.producer.Producer.send(Producer.scala:33)
	at naasa.gov.mission.control.Transmitter.transmitMessage(Transmitter.java:52)
	at naasa.gov.mission.control.ProducerManual.main(ProducerManual.java:98)
4961 [main] INFO kafka.producer.async.DefaultEventHandler  - Back off for 100 ms before retrying send. Remaining retries = 3
5064 [main] INFO kafka.client.ClientUtils$  - Fetching metadata from broker BrokerEndPoint(0,localhost,9092) with correlation id 3 for 1 topic(s) Set(earth_to_curiosity_5)
5066 [main] DEBUG kafka.network.BlockingChannel  - Created socket with SO_TIMEOUT = 10000 (requested 10000), SO_RCVBUF = 530904 (requested -1), SO_SNDBUF = 102400 (requested 102400), connectTimeoutMs = 10000.
5066 [main] INFO kafka.producer.SyncProducer  - Connected to localhost:9092 for producing
5068 [main] INFO kafka.producer.SyncProducer  - Disconnecting from localhost:9092
5069 [main] DEBUG kafka.client.ClientUtils$  - Successfully fetched metadata for 1 topic(s) Set(earth_to_curiosity_5)
5069 [main] INFO kafka.producer.SyncProducer  - Disconnecting from zion-mainframe:9092
5070 [main] DEBUG kafka.producer.BrokerPartitionInfo  - Getting broker partition info for topic earth_to_curiosity_5
5071 [main] DEBUG kafka.producer.BrokerPartitionInfo  - Partition [earth_to_curiosity_5,0] has leader 0
5071 [main] DEBUG kafka.producer.async.DefaultEventHandler  - Broker partitions registered for topic: earth_to_curiosity_5 are 0
5072 [main] DEBUG kafka.producer.async.DefaultEventHandler  - Sending 1 messages with no compression to [earth_to_curiosity_5,0]
5186 [main] DEBUG kafka.producer.async.DefaultEventHandler  - Producer sending messages with correlation id 5 for topics [earth_to_curiosity_5,0] to broker 0 on zion-mainframe:9092
5373 [main] DEBUG kafka.network.BlockingChannel  - Created socket with SO_TIMEOUT = 10000 (requested 10000), SO_RCVBUF = 530904 (requested -1), SO_SNDBUF = 102400 (requested 102400), connectTimeoutMs = 10000.
5373 [main] INFO kafka.producer.SyncProducer  - Connected to zion-mainframe:9092 for producing
5527 [main] INFO kafka.producer.SyncProducer  - Disconnecting from zion-mainframe:9092
5528 [main] WARN kafka.producer.async.DefaultEventHandler  - Failed to send producer request with correlation id 5 to broker 0 with data for partitions [earth_to_curiosity_5,0]
java.io.IOException: Connection reset by peer
	at sun.nio.ch.FileDispatcherImpl.writev0(Native Method)
	at sun.nio.ch.SocketDispatcher.writev(SocketDispatcher.java:51)
	at sun.nio.ch.IOUtil.write(IOUtil.java:148)
	at sun.nio.ch.SocketChannelImpl.write(SocketChannelImpl.java:504)
	at java.nio.channels.SocketChannel.write(SocketChannel.java:502)
	at org.apache.kafka.common.network.ByteBufferSend.writeTo(ByteBufferSend.java:57)
	at kafka.network.RequestOrResponseSend.writeCompletely(RequestOrResponseSend.scala:50)
	at kafka.network.BlockingChannel.send(BlockingChannel.scala:113)
	at kafka.producer.SyncProducer.liftedTree1$1(SyncProducer.scala:75)
	at kafka.producer.SyncProducer.kafka$producer$SyncProducer$$doSend(SyncProducer.scala:74)
	at kafka.producer.SyncProducer$$anonfun$send$1$$anonfun$apply$mcV$sp$1.apply$mcV$sp(SyncProducer.scala:105)
	at kafka.producer.SyncProducer$$anonfun$send$1$$anonfun$apply$mcV$sp$1.apply(SyncProducer.scala:105)
	at kafka.producer.SyncProducer$$anonfun$send$1$$anonfun$apply$mcV$sp$1.apply(SyncProducer.scala:105)
	at kafka.metrics.KafkaTimer.time(KafkaTimer.scala:33)
	at kafka.producer.SyncProducer$$anonfun$send$1.apply$mcV$sp(SyncProducer.scala:104)
	at kafka.producer.SyncProducer$$anonfun$send$1.apply(SyncProducer.scala:104)
	at kafka.producer.SyncProducer$$anonfun$send$1.apply(SyncProducer.scala:104)
	at kafka.metrics.KafkaTimer.time(KafkaTimer.scala:33)
	at kafka.producer.SyncProducer.send(SyncProducer.scala:103)
	at kafka.producer.async.DefaultEventHandler.kafka$producer$async$DefaultEventHandler$$send(DefaultEventHandler.scala:257)
	at kafka.producer.async.DefaultEventHandler$$anonfun$dispatchSerializedData$2.apply(DefaultEventHandler.scala:108)
	at kafka.producer.async.DefaultEventHandler$$anonfun$dispatchSerializedData$2.apply(DefaultEventHandler.scala:100)
	at scala.collection.TraversableLike$WithFilter$$anonfun$foreach$1.apply(TraversableLike.scala:772)
	at scala.collection.mutable.HashMap$$anonfun$foreach$1.apply(HashMap.scala:98)
	at scala.collection.mutable.HashMap$$anonfun$foreach$1.apply(HashMap.scala:98)
	at scala.collection.mutable.HashTable$class.foreachEntry(HashTable.scala:226)
	at scala.collection.mutable.HashMap.foreachEntry(HashMap.scala:39)
	at scala.collection.mutable.HashMap.foreach(HashMap.scala:98)
	at scala.collection.TraversableLike$WithFilter.foreach(TraversableLike.scala:771)
	at kafka.producer.async.DefaultEventHandler.dispatchSerializedData(DefaultEventHandler.scala:100)
	at kafka.producer.async.DefaultEventHandler.handle(DefaultEventHandler.scala:73)
	at kafka.producer.Producer.send(Producer.scala:77)
	at kafka.javaapi.producer.Producer.send(Producer.scala:33)
	at naasa.gov.mission.control.Transmitter.transmitMessage(Transmitter.java:52)
	at naasa.gov.mission.control.ProducerManual.main(ProducerManual.java:98)
5529 [main] INFO kafka.producer.async.DefaultEventHandler  - Back off for 100 ms before retrying send. Remaining retries = 2
5630 [main] INFO kafka.client.ClientUtils$  - Fetching metadata from broker BrokerEndPoint(0,localhost,9092) with correlation id 6 for 1 topic(s) Set(earth_to_curiosity_5)
5632 [main] DEBUG kafka.network.BlockingChannel  - Created socket with SO_TIMEOUT = 10000 (requested 10000), SO_RCVBUF = 530904 (requested -1), SO_SNDBUF = 102400 (requested 102400), connectTimeoutMs = 10000.
5632 [main] INFO kafka.producer.SyncProducer  - Connected to localhost:9092 for producing
5635 [main] INFO kafka.producer.SyncProducer  - Disconnecting from localhost:9092
5636 [main] DEBUG kafka.client.ClientUtils$  - Successfully fetched metadata for 1 topic(s) Set(earth_to_curiosity_5)
5636 [main] INFO kafka.producer.SyncProducer  - Disconnecting from zion-mainframe:9092
5637 [main] DEBUG kafka.producer.BrokerPartitionInfo  - Getting broker partition info for topic earth_to_curiosity_5
5638 [main] DEBUG kafka.producer.BrokerPartitionInfo  - Partition [earth_to_curiosity_5,0] has leader 0
5638 [main] DEBUG kafka.producer.async.DefaultEventHandler  - Broker partitions registered for topic: earth_to_curiosity_5 are 0
5639 [main] DEBUG kafka.producer.async.DefaultEventHandler  - Sending 1 messages with no compression to [earth_to_curiosity_5,0]
5753 [main] DEBUG kafka.producer.async.DefaultEventHandler  - Producer sending messages with correlation id 8 for topics [earth_to_curiosity_5,0] to broker 0 on zion-mainframe:9092
5943 [main] DEBUG kafka.network.BlockingChannel  - Created socket with SO_TIMEOUT = 10000 (requested 10000), SO_RCVBUF = 530904 (requested -1), SO_SNDBUF = 102400 (requested 102400), connectTimeoutMs = 10000.
5943 [main] INFO kafka.producer.SyncProducer  - Connected to zion-mainframe:9092 for producing
6101 [main] INFO kafka.producer.SyncProducer  - Disconnecting from zion-mainframe:9092
6102 [main] WARN kafka.producer.async.DefaultEventHandler  - Failed to send producer request with correlation id 8 to broker 0 with data for partitions [earth_to_curiosity_5,0]
java.io.IOException: Connection reset by peer
	at sun.nio.ch.FileDispatcherImpl.writev0(Native Method)
	at sun.nio.ch.SocketDispatcher.writev(SocketDispatcher.java:51)
	at sun.nio.ch.IOUtil.write(IOUtil.java:148)
	at sun.nio.ch.SocketChannelImpl.write(SocketChannelImpl.java:504)
	at java.nio.channels.SocketChannel.write(SocketChannel.java:502)
	at org.apache.kafka.common.network.ByteBufferSend.writeTo(ByteBufferSend.java:57)
	at kafka.network.RequestOrResponseSend.writeCompletely(RequestOrResponseSend.scala:50)
	at kafka.network.BlockingChannel.send(BlockingChannel.scala:113)
	at kafka.producer.SyncProducer.liftedTree1$1(SyncProducer.scala:75)
	at kafka.producer.SyncProducer.kafka$producer$SyncProducer$$doSend(SyncProducer.scala:74)
	at kafka.producer.SyncProducer$$anonfun$send$1$$anonfun$apply$mcV$sp$1.apply$mcV$sp(SyncProducer.scala:105)
	at kafka.producer.SyncProducer$$anonfun$send$1$$anonfun$apply$mcV$sp$1.apply(SyncProducer.scala:105)
	at kafka.producer.SyncProducer$$anonfun$send$1$$anonfun$apply$mcV$sp$1.apply(SyncProducer.scala:105)
	at kafka.metrics.KafkaTimer.time(KafkaTimer.scala:33)
	at kafka.producer.SyncProducer$$anonfun$send$1.apply$mcV$sp(SyncProducer.scala:104)
	at kafka.producer.SyncProducer$$anonfun$send$1.apply(SyncProducer.scala:104)
	at kafka.producer.SyncProducer$$anonfun$send$1.apply(SyncProducer.scala:104)
	at kafka.metrics.KafkaTimer.time(KafkaTimer.scala:33)
	at kafka.producer.SyncProducer.send(SyncProducer.scala:103)
	at kafka.producer.async.DefaultEventHandler.kafka$producer$async$DefaultEventHandler$$send(DefaultEventHandler.scala:257)
	at kafka.producer.async.DefaultEventHandler$$anonfun$dispatchSerializedData$2.apply(DefaultEventHandler.scala:108)
	at kafka.producer.async.DefaultEventHandler$$anonfun$dispatchSerializedData$2.apply(DefaultEventHandler.scala:100)
	at scala.collection.TraversableLike$WithFilter$$anonfun$foreach$1.apply(TraversableLike.scala:772)
	at scala.collection.mutable.HashMap$$anonfun$foreach$1.apply(HashMap.scala:98)
	at scala.collection.mutable.HashMap$$anonfun$foreach$1.apply(HashMap.scala:98)
	at scala.collection.mutable.HashTable$class.foreachEntry(HashTable.scala:226)
	at scala.collection.mutable.HashMap.foreachEntry(HashMap.scala:39)
	at scala.collection.mutable.HashMap.foreach(HashMap.scala:98)
	at scala.collection.TraversableLike$WithFilter.foreach(TraversableLike.scala:771)
	at kafka.producer.async.DefaultEventHandler.dispatchSerializedData(DefaultEventHandler.scala:100)
	at kafka.producer.async.DefaultEventHandler.handle(DefaultEventHandler.scala:73)
	at kafka.producer.Producer.send(Producer.scala:77)
	at kafka.javaapi.producer.Producer.send(Producer.scala:33)
	at naasa.gov.mission.control.Transmitter.transmitMessage(Transmitter.java:52)
	at naasa.gov.mission.control.ProducerManual.main(ProducerManual.java:98)
6102 [main] INFO kafka.producer.async.DefaultEventHandler  - Back off for 100 ms before retrying send. Remaining retries = 1
6203 [main] INFO kafka.client.ClientUtils$  - Fetching metadata from broker BrokerEndPoint(0,localhost,9092) with correlation id 9 for 1 topic(s) Set(earth_to_curiosity_5)
6205 [main] DEBUG kafka.network.BlockingChannel  - Created socket with SO_TIMEOUT = 10000 (requested 10000), SO_RCVBUF = 530904 (requested -1), SO_SNDBUF = 102400 (requested 102400), connectTimeoutMs = 10000.
6205 [main] INFO kafka.producer.SyncProducer  - Connected to localhost:9092 for producing
6208 [main] INFO kafka.producer.SyncProducer  - Disconnecting from localhost:9092
6208 [main] DEBUG kafka.client.ClientUtils$  - Successfully fetched metadata for 1 topic(s) Set(earth_to_curiosity_5)
6209 [main] INFO kafka.producer.SyncProducer  - Disconnecting from zion-mainframe:9092
6210 [main] DEBUG kafka.producer.BrokerPartitionInfo  - Getting broker partition info for topic earth_to_curiosity_5
6210 [main] DEBUG kafka.producer.BrokerPartitionInfo  - Partition [earth_to_curiosity_5,0] has leader 0
6210 [main] DEBUG kafka.producer.async.DefaultEventHandler  - Broker partitions registered for topic: earth_to_curiosity_5 are 0
6211 [main] DEBUG kafka.producer.async.DefaultEventHandler  - Sending 1 messages with no compression to [earth_to_curiosity_5,0]
6330 [main] DEBUG kafka.producer.async.DefaultEventHandler  - Producer sending messages with correlation id 11 for topics [earth_to_curiosity_5,0] to broker 0 on zion-mainframe:9092
6512 [main] DEBUG kafka.network.BlockingChannel  - Created socket with SO_TIMEOUT = 10000 (requested 10000), SO_RCVBUF = 530904 (requested -1), SO_SNDBUF = 102400 (requested 102400), connectTimeoutMs = 10000.
6512 [main] INFO kafka.producer.SyncProducer  - Connected to zion-mainframe:9092 for producing
6675 [main] INFO kafka.producer.SyncProducer  - Disconnecting from zion-mainframe:9092
6675 [main] WARN kafka.producer.async.DefaultEventHandler  - Failed to send producer request with correlation id 11 to broker 0 with data for partitions [earth_to_curiosity_5,0]
java.io.IOException: Connection reset by peer
	at sun.nio.ch.FileDispatcherImpl.writev0(Native Method)
	at sun.nio.ch.SocketDispatcher.writev(SocketDispatcher.java:51)
	at sun.nio.ch.IOUtil.write(IOUtil.java:148)
	at sun.nio.ch.SocketChannelImpl.write(SocketChannelImpl.java:504)
	at java.nio.channels.SocketChannel.write(SocketChannel.java:502)
	at org.apache.kafka.common.network.ByteBufferSend.writeTo(ByteBufferSend.java:57)
	at kafka.network.RequestOrResponseSend.writeCompletely(RequestOrResponseSend.scala:50)
	at kafka.network.BlockingChannel.send(BlockingChannel.scala:113)
	at kafka.producer.SyncProducer.liftedTree1$1(SyncProducer.scala:75)
	at kafka.producer.SyncProducer.kafka$producer$SyncProducer$$doSend(SyncProducer.scala:74)
	at kafka.producer.SyncProducer$$anonfun$send$1$$anonfun$apply$mcV$sp$1.apply$mcV$sp(SyncProducer.scala:105)
	at kafka.producer.SyncProducer$$anonfun$send$1$$anonfun$apply$mcV$sp$1.apply(SyncProducer.scala:105)
	at kafka.producer.SyncProducer$$anonfun$send$1$$anonfun$apply$mcV$sp$1.apply(SyncProducer.scala:105)
	at kafka.metrics.KafkaTimer.time(KafkaTimer.scala:33)
	at kafka.producer.SyncProducer$$anonfun$send$1.apply$mcV$sp(SyncProducer.scala:104)
	at kafka.producer.SyncProducer$$anonfun$send$1.apply(SyncProducer.scala:104)
	at kafka.producer.SyncProducer$$anonfun$send$1.apply(SyncProducer.scala:104)
	at kafka.metrics.KafkaTimer.time(KafkaTimer.scala:33)
	at kafka.producer.SyncProducer.send(SyncProducer.scala:103)
	at kafka.producer.async.DefaultEventHandler.kafka$producer$async$DefaultEventHandler$$send(DefaultEventHandler.scala:257)
	at kafka.producer.async.DefaultEventHandler$$anonfun$dispatchSerializedData$2.apply(DefaultEventHandler.scala:108)
	at kafka.producer.async.DefaultEventHandler$$anonfun$dispatchSerializedData$2.apply(DefaultEventHandler.scala:100)
	at scala.collection.TraversableLike$WithFilter$$anonfun$foreach$1.apply(TraversableLike.scala:772)
	at scala.collection.mutable.HashMap$$anonfun$foreach$1.apply(HashMap.scala:98)
	at scala.collection.mutable.HashMap$$anonfun$foreach$1.apply(HashMap.scala:98)
	at scala.collection.mutable.HashTable$class.foreachEntry(HashTable.scala:226)
	at scala.collection.mutable.HashMap.foreachEntry(HashMap.scala:39)
	at scala.collection.mutable.HashMap.foreach(HashMap.scala:98)
	at scala.collection.TraversableLike$WithFilter.foreach(TraversableLike.scala:771)
	at kafka.producer.async.DefaultEventHandler.dispatchSerializedData(DefaultEventHandler.scala:100)
	at kafka.producer.async.DefaultEventHandler.handle(DefaultEventHandler.scala:73)
	at kafka.producer.Producer.send(Producer.scala:77)
	at kafka.javaapi.producer.Producer.send(Producer.scala:33)
	at naasa.gov.mission.control.Transmitter.transmitMessage(Transmitter.java:52)
	at naasa.gov.mission.control.ProducerManual.main(ProducerManual.java:98)
6676 [main] INFO kafka.producer.async.DefaultEventHandler  - Back off for 100 ms before retrying send. Remaining retries = 0
6777 [main] INFO kafka.client.ClientUtils$  - Fetching metadata from broker BrokerEndPoint(0,localhost,9092) with correlation id 12 for 1 topic(s) Set(earth_to_curiosity_5)
6779 [main] DEBUG kafka.network.BlockingChannel  - Created socket with SO_TIMEOUT = 10000 (requested 10000), SO_RCVBUF = 530904 (requested -1), SO_SNDBUF = 102400 (requested 102400), connectTimeoutMs = 10000.
6779 [main] INFO kafka.producer.SyncProducer  - Connected to localhost:9092 for producing
6783 [main] INFO kafka.producer.SyncProducer  - Disconnecting from localhost:9092
6784 [main] DEBUG kafka.client.ClientUtils$  - Successfully fetched metadata for 1 topic(s) Set(earth_to_curiosity_5)
6784 [main] INFO kafka.producer.SyncProducer  - Disconnecting from zion-mainframe:9092
6787 [main] ERROR kafka.producer.async.DefaultEventHandler  - Failed to send requests for topics earth_to_curiosity_5 with correlation ids in [0,12]
