0 [main] INFO kafka.utils.VerifiableProperties  - Verifying properties
28 [main] WARN kafka.utils.VerifiableProperties  - Property auto.offset.reset is not valid
28 [main] WARN kafka.utils.VerifiableProperties  - Property destination.topic is not valid
28 [main] WARN kafka.utils.VerifiableProperties  - Property group.id is not valid
29 [main] INFO kafka.utils.VerifiableProperties  - Property metadata.broker.list is overridden to zion-mainframe:9092
29 [main] WARN kafka.utils.VerifiableProperties  - Property source.topic is not valid
29 [main] WARN kafka.utils.VerifiableProperties  - Property zookeeper.connect is not valid
9078 [main] DEBUG kafka.producer.async.DefaultEventHandler  - Handling 1 events
9099 [main] INFO kafka.client.ClientUtils$  - Fetching metadata from broker BrokerEndPoint(0,zion-mainframe,9092) with correlation id 0 for 1 topic(s) Set(earth_to_curiosity_5)
9144 [main] DEBUG kafka.network.BlockingChannel  - Created socket with SO_TIMEOUT = 10000 (requested 10000), SO_RCVBUF = 530904 (requested -1), SO_SNDBUF = 102400 (requested 102400), connectTimeoutMs = 10000.
9145 [main] INFO kafka.producer.SyncProducer  - Connected to zion-mainframe:9092 for producing
9157 [main] INFO kafka.producer.SyncProducer  - Disconnecting from zion-mainframe:9092
9160 [main] DEBUG kafka.client.ClientUtils$  - Successfully fetched metadata for 1 topic(s) Set(earth_to_curiosity_5)
9174 [main] DEBUG kafka.producer.BrokerPartitionInfo  - Getting broker partition info for topic earth_to_curiosity_5
9175 [main] DEBUG kafka.producer.BrokerPartitionInfo  - Partition [earth_to_curiosity_5,0] has leader 0
9176 [main] DEBUG kafka.producer.async.DefaultEventHandler  - Broker partitions registered for topic: earth_to_curiosity_5 are 0
9181 [main] DEBUG kafka.producer.async.DefaultEventHandler  - Sending 1 messages with no compression to [earth_to_curiosity_5,0]
9186 [main] DEBUG kafka.producer.async.DefaultEventHandler  - Producer sending messages with correlation id 2 for topics [earth_to_curiosity_5,0] to broker 0 on zion-mainframe:9092
9192 [main] DEBUG kafka.network.BlockingChannel  - Created socket with SO_TIMEOUT = 10000 (requested 10000), SO_RCVBUF = 530904 (requested -1), SO_SNDBUF = 102400 (requested 102400), connectTimeoutMs = 10000.
9193 [main] INFO kafka.producer.SyncProducer  - Connected to zion-mainframe:9092 for producing
9194 [main] DEBUG kafka.producer.async.DefaultEventHandler  - Producer sent messages with correlation id 2 for topics [earth_to_curiosity_5,0] to broker 0 on zion-mainframe:9092
24279 [main] DEBUG kafka.producer.async.DefaultEventHandler  - Handling 1 events
24280 [main] DEBUG kafka.producer.BrokerPartitionInfo  - Getting broker partition info for topic earth_to_curiosity_5
24281 [main] DEBUG kafka.producer.BrokerPartitionInfo  - Partition [earth_to_curiosity_5,0] has leader 0
24282 [main] DEBUG kafka.producer.async.DefaultEventHandler  - Broker partitions registered for topic: earth_to_curiosity_5 are 0
24283 [main] DEBUG kafka.producer.async.DefaultEventHandler  - Sending 1 messages with no compression to [earth_to_curiosity_5,0]
24284 [main] DEBUG kafka.producer.async.DefaultEventHandler  - Producer sending messages with correlation id 4 for topics [earth_to_curiosity_5,0] to broker 0 on zion-mainframe:9092
24287 [main] DEBUG kafka.producer.async.DefaultEventHandler  - Producer sent messages with correlation id 4 for topics [earth_to_curiosity_5,0] to broker 0 on zion-mainframe:9092
28356 [main] DEBUG kafka.producer.async.DefaultEventHandler  - Handling 1 events
28357 [main] DEBUG kafka.producer.BrokerPartitionInfo  - Getting broker partition info for topic earth_to_curiosity_5
28357 [main] DEBUG kafka.producer.BrokerPartitionInfo  - Partition [earth_to_curiosity_5,0] has leader 0
28358 [main] DEBUG kafka.producer.async.DefaultEventHandler  - Broker partitions registered for topic: earth_to_curiosity_5 are 0
28359 [main] DEBUG kafka.producer.async.DefaultEventHandler  - Sending 1 messages with no compression to [earth_to_curiosity_5,0]
28360 [main] DEBUG kafka.producer.async.DefaultEventHandler  - Producer sending messages with correlation id 6 for topics [earth_to_curiosity_5,0] to broker 0 on zion-mainframe:9092
28365 [main] DEBUG kafka.producer.async.DefaultEventHandler  - Producer sent messages with correlation id 6 for topics [earth_to_curiosity_5,0] to broker 0 on zion-mainframe:9092
34209 [main] DEBUG kafka.producer.async.DefaultEventHandler  - Handling 1 events
34210 [main] DEBUG kafka.producer.BrokerPartitionInfo  - Getting broker partition info for topic earth_to_curiosity_5
34210 [main] DEBUG kafka.producer.BrokerPartitionInfo  - Partition [earth_to_curiosity_5,0] has leader 0
34210 [main] DEBUG kafka.producer.async.DefaultEventHandler  - Broker partitions registered for topic: earth_to_curiosity_5 are 0
34210 [main] DEBUG kafka.producer.async.DefaultEventHandler  - Sending 1 messages with no compression to [earth_to_curiosity_5,0]
34210 [main] DEBUG kafka.producer.async.DefaultEventHandler  - Producer sending messages with correlation id 8 for topics [earth_to_curiosity_5,0] to broker 0 on zion-mainframe:9092
34212 [main] DEBUG kafka.producer.async.DefaultEventHandler  - Producer sent messages with correlation id 8 for topics [earth_to_curiosity_5,0] to broker 0 on zion-mainframe:9092
37646 [main] DEBUG kafka.producer.async.DefaultEventHandler  - Handling 1 events
37647 [main] DEBUG kafka.producer.BrokerPartitionInfo  - Getting broker partition info for topic earth_to_curiosity_5
37647 [main] DEBUG kafka.producer.BrokerPartitionInfo  - Partition [earth_to_curiosity_5,0] has leader 0
37648 [main] DEBUG kafka.producer.async.DefaultEventHandler  - Broker partitions registered for topic: earth_to_curiosity_5 are 0
37649 [main] DEBUG kafka.producer.async.DefaultEventHandler  - Sending 1 messages with no compression to [earth_to_curiosity_5,0]
37651 [main] DEBUG kafka.producer.async.DefaultEventHandler  - Producer sending messages with correlation id 10 for topics [earth_to_curiosity_5,0] to broker 0 on zion-mainframe:9092
37655 [main] DEBUG kafka.producer.async.DefaultEventHandler  - Producer sent messages with correlation id 10 for topics [earth_to_curiosity_5,0] to broker 0 on zion-mainframe:9092
43287 [main] DEBUG kafka.producer.async.DefaultEventHandler  - Handling 1 events
43287 [main] DEBUG kafka.producer.BrokerPartitionInfo  - Getting broker partition info for topic earth_to_curiosity_5
43287 [main] DEBUG kafka.producer.BrokerPartitionInfo  - Partition [earth_to_curiosity_5,0] has leader 0
43287 [main] DEBUG kafka.producer.async.DefaultEventHandler  - Broker partitions registered for topic: earth_to_curiosity_5 are 0
43288 [main] DEBUG kafka.producer.async.DefaultEventHandler  - Sending 1 messages with no compression to [earth_to_curiosity_5,0]
43288 [main] DEBUG kafka.producer.async.DefaultEventHandler  - Producer sending messages with correlation id 12 for topics [earth_to_curiosity_5,0] to broker 0 on zion-mainframe:9092
43291 [main] DEBUG kafka.producer.async.DefaultEventHandler  - Producer sent messages with correlation id 12 for topics [earth_to_curiosity_5,0] to broker 0 on zion-mainframe:9092
52621 [main] DEBUG kafka.producer.async.DefaultEventHandler  - Handling 1 events
52622 [main] DEBUG kafka.producer.BrokerPartitionInfo  - Getting broker partition info for topic earth_to_curiosity_5
52622 [main] DEBUG kafka.producer.BrokerPartitionInfo  - Partition [earth_to_curiosity_5,0] has leader 0
52623 [main] DEBUG kafka.producer.async.DefaultEventHandler  - Broker partitions registered for topic: earth_to_curiosity_5 are 0
52626 [main] DEBUG kafka.producer.async.DefaultEventHandler  - Sending 1 messages with no compression to [earth_to_curiosity_5,0]
52627 [main] DEBUG kafka.producer.async.DefaultEventHandler  - Producer sending messages with correlation id 14 for topics [earth_to_curiosity_5,0] to broker 0 on zion-mainframe:9092
52630 [main] DEBUG kafka.producer.async.DefaultEventHandler  - Producer sent messages with correlation id 14 for topics [earth_to_curiosity_5,0] to broker 0 on zion-mainframe:9092
59465 [main] DEBUG kafka.producer.async.DefaultEventHandler  - Handling 1 events
59465 [main] DEBUG kafka.producer.BrokerPartitionInfo  - Getting broker partition info for topic earth_to_curiosity_5
59465 [main] DEBUG kafka.producer.BrokerPartitionInfo  - Partition [earth_to_curiosity_5,0] has leader 0
59465 [main] DEBUG kafka.producer.async.DefaultEventHandler  - Broker partitions registered for topic: earth_to_curiosity_5 are 0
59466 [main] DEBUG kafka.producer.async.DefaultEventHandler  - Sending 1 messages with no compression to [earth_to_curiosity_5,0]
59466 [main] DEBUG kafka.producer.async.DefaultEventHandler  - Producer sending messages with correlation id 16 for topics [earth_to_curiosity_5,0] to broker 0 on zion-mainframe:9092
59466 [main] DEBUG kafka.producer.async.DefaultEventHandler  - Producer sent messages with correlation id 16 for topics [earth_to_curiosity_5,0] to broker 0 on zion-mainframe:9092
62856 [main] DEBUG kafka.producer.async.DefaultEventHandler  - Handling 1 events
62857 [main] DEBUG kafka.producer.BrokerPartitionInfo  - Getting broker partition info for topic earth_to_curiosity_5
62857 [main] DEBUG kafka.producer.BrokerPartitionInfo  - Partition [earth_to_curiosity_5,0] has leader 0
62858 [main] DEBUG kafka.producer.async.DefaultEventHandler  - Broker partitions registered for topic: earth_to_curiosity_5 are 0
62858 [main] DEBUG kafka.producer.async.DefaultEventHandler  - Sending 1 messages with no compression to [earth_to_curiosity_5,0]
62860 [main] DEBUG kafka.producer.async.DefaultEventHandler  - Producer sending messages with correlation id 18 for topics [earth_to_curiosity_5,0] to broker 0 on zion-mainframe:9092
62863 [main] DEBUG kafka.producer.async.DefaultEventHandler  - Producer sent messages with correlation id 18 for topics [earth_to_curiosity_5,0] to broker 0 on zion-mainframe:9092
