0 [main] INFO kafka.utils.VerifiableProperties  - Verifying properties
32 [main] WARN kafka.utils.VerifiableProperties  - Property auto.offset.reset is not valid
32 [main] WARN kafka.utils.VerifiableProperties  - Property bootstrap.servers is not valid
32 [main] WARN kafka.utils.VerifiableProperties  - Property destination.topic is not valid
32 [main] WARN kafka.utils.VerifiableProperties  - Property group.id is not valid
32 [main] WARN kafka.utils.VerifiableProperties  - Property key.serializer is not valid
32 [main] INFO kafka.utils.VerifiableProperties  - Property metadata.broker.list is overridden to localhost:9092
33 [main] WARN kafka.utils.VerifiableProperties  - Property source.topic is not valid
33 [main] WARN kafka.utils.VerifiableProperties  - Property value.serializer is not valid
33 [main] WARN kafka.utils.VerifiableProperties  - Property zookeeper.connect is not valid
4195 [main] DEBUG kafka.producer.async.DefaultEventHandler  - Handling 1 events
4215 [main] INFO kafka.client.ClientUtils$  - Fetching metadata from broker BrokerEndPoint(0,localhost,9092) with correlation id 0 for 1 topic(s) Set(earth_to_curiosity_5)
4257 [main] DEBUG kafka.network.BlockingChannel  - Created socket with SO_TIMEOUT = 10000 (requested 10000), SO_RCVBUF = 530904 (requested -1), SO_SNDBUF = 102400 (requested 102400), connectTimeoutMs = 10000.
4258 [main] INFO kafka.producer.SyncProducer  - Connected to localhost:9092 for producing
4267 [main] INFO kafka.producer.SyncProducer  - Disconnecting from localhost:9092
4268 [main] DEBUG kafka.client.ClientUtils$  - Successfully fetched metadata for 1 topic(s) Set(earth_to_curiosity_5)
4275 [main] DEBUG kafka.producer.BrokerPartitionInfo  - Getting broker partition info for topic earth_to_curiosity_5
4276 [main] DEBUG kafka.producer.BrokerPartitionInfo  - Partition [earth_to_curiosity_5,0] has leader 0
4277 [main] DEBUG kafka.producer.async.DefaultEventHandler  - Broker partitions registered for topic: earth_to_curiosity_5 are 0
4279 [main] DEBUG kafka.producer.async.DefaultEventHandler  - Sending 1 messages with no compression to [earth_to_curiosity_5,0]
4352 [main] DEBUG kafka.producer.async.DefaultEventHandler  - Producer sending messages with correlation id 2 for topics [earth_to_curiosity_5,0] to broker 0 on zion-mainframe:9092
4534 [main] DEBUG kafka.network.BlockingChannel  - Created socket with SO_TIMEOUT = 10000 (requested 10000), SO_RCVBUF = 530904 (requested -1), SO_SNDBUF = 102400 (requested 102400), connectTimeoutMs = 10000.
4534 [main] INFO kafka.producer.SyncProducer  - Connected to zion-mainframe:9092 for producing
4911 [main] INFO kafka.producer.SyncProducer  - Disconnecting from zion-mainframe:9092
4912 [main] WARN kafka.producer.async.DefaultEventHandler  - Failed to send producer request with correlation id 2 to broker 0 with data for partitions [earth_to_curiosity_5,0]
java.io.IOException: Connection reset by peer
	at sun.nio.ch.FileDispatcherImpl.writev0(Native Method)
	at sun.nio.ch.SocketDispatcher.writev(SocketDispatcher.java:51)
	at sun.nio.ch.IOUtil.write(IOUtil.java:148)
	at sun.nio.ch.SocketChannelImpl.write(SocketChannelImpl.java:504)
	at java.nio.channels.SocketChannel.write(SocketChannel.java:502)
	at org.apache.kafka.common.network.ByteBufferSend.writeTo(ByteBufferSend.java:57)
	at kafka.network.RequestOrResponseSend.writeCompletely(RequestOrResponseSend.scala:50)
	at kafka.network.BlockingChannel.send(BlockingChannel.scala:113)
	at kafka.producer.SyncProducer.liftedTree1$1(SyncProducer.scala:75)
	at kafka.producer.SyncProducer.kafka$producer$SyncProducer$$doSend(SyncProducer.scala:74)
	at kafka.producer.SyncProducer$$anonfun$send$1$$anonfun$apply$mcV$sp$1.apply$mcV$sp(SyncProducer.scala:105)
	at kafka.producer.SyncProducer$$anonfun$send$1$$anonfun$apply$mcV$sp$1.apply(SyncProducer.scala:105)
	at kafka.producer.SyncProducer$$anonfun$send$1$$anonfun$apply$mcV$sp$1.apply(SyncProducer.scala:105)
	at kafka.metrics.KafkaTimer.time(KafkaTimer.scala:33)
	at kafka.producer.SyncProducer$$anonfun$send$1.apply$mcV$sp(SyncProducer.scala:104)
	at kafka.producer.SyncProducer$$anonfun$send$1.apply(SyncProducer.scala:104)
	at kafka.producer.SyncProducer$$anonfun$send$1.apply(SyncProducer.scala:104)
	at kafka.metrics.KafkaTimer.time(KafkaTimer.scala:33)
	at kafka.producer.SyncProducer.send(SyncProducer.scala:103)
	at kafka.producer.async.DefaultEventHandler.kafka$producer$async$DefaultEventHandler$$send(DefaultEventHandler.scala:257)
	at kafka.producer.async.DefaultEventHandler$$anonfun$dispatchSerializedData$2.apply(DefaultEventHandler.scala:108)
	at kafka.producer.async.DefaultEventHandler$$anonfun$dispatchSerializedData$2.apply(DefaultEventHandler.scala:100)
	at scala.collection.TraversableLike$WithFilter$$anonfun$foreach$1.apply(TraversableLike.scala:772)
	at scala.collection.mutable.HashMap$$anonfun$foreach$1.apply(HashMap.scala:98)
	at scala.collection.mutable.HashMap$$anonfun$foreach$1.apply(HashMap.scala:98)
	at scala.collection.mutable.HashTable$class.foreachEntry(HashTable.scala:226)
	at scala.collection.mutable.HashMap.foreachEntry(HashMap.scala:39)
	at scala.collection.mutable.HashMap.foreach(HashMap.scala:98)
	at scala.collection.TraversableLike$WithFilter.foreach(TraversableLike.scala:771)
	at kafka.producer.async.DefaultEventHandler.dispatchSerializedData(DefaultEventHandler.scala:100)
	at kafka.producer.async.DefaultEventHandler.handle(DefaultEventHandler.scala:73)
	at kafka.producer.Producer.send(Producer.scala:77)
	at kafka.javaapi.producer.Producer.send(Producer.scala:33)
	at naasa.gov.mission.control.Transmitter.transmitMessage(Transmitter.java:52)
	at naasa.gov.mission.control.ProducerManual.main(ProducerManual.java:98)
4914 [main] INFO kafka.producer.async.DefaultEventHandler  - Back off for 100 ms before retrying send. Remaining retries = 3
5017 [main] INFO kafka.client.ClientUtils$  - Fetching metadata from broker BrokerEndPoint(0,localhost,9092) with correlation id 3 for 1 topic(s) Set(earth_to_curiosity_5)
5019 [main] DEBUG kafka.network.BlockingChannel  - Created socket with SO_TIMEOUT = 10000 (requested 10000), SO_RCVBUF = 530904 (requested -1), SO_SNDBUF = 102400 (requested 102400), connectTimeoutMs = 10000.
5019 [main] INFO kafka.producer.SyncProducer  - Connected to localhost:9092 for producing
5022 [main] INFO kafka.producer.SyncProducer  - Disconnecting from localhost:9092
5022 [main] DEBUG kafka.client.ClientUtils$  - Successfully fetched metadata for 1 topic(s) Set(earth_to_curiosity_5)
5023 [main] INFO kafka.producer.SyncProducer  - Disconnecting from zion-mainframe:9092
5024 [main] DEBUG kafka.producer.BrokerPartitionInfo  - Getting broker partition info for topic earth_to_curiosity_5
5024 [main] DEBUG kafka.producer.BrokerPartitionInfo  - Partition [earth_to_curiosity_5,0] has leader 0
5024 [main] DEBUG kafka.producer.async.DefaultEventHandler  - Broker partitions registered for topic: earth_to_curiosity_5 are 0
5025 [main] DEBUG kafka.producer.async.DefaultEventHandler  - Sending 1 messages with no compression to [earth_to_curiosity_5,0]
5078 [main] DEBUG kafka.producer.async.DefaultEventHandler  - Producer sending messages with correlation id 5 for topics [earth_to_curiosity_5,0] to broker 0 on zion-mainframe:9092
5137 [main] DEBUG kafka.network.BlockingChannel  - Created socket with SO_TIMEOUT = 10000 (requested 10000), SO_RCVBUF = 530904 (requested -1), SO_SNDBUF = 102400 (requested 102400), connectTimeoutMs = 10000.
5137 [main] INFO kafka.producer.SyncProducer  - Connected to zion-mainframe:9092 for producing
5223 [main] INFO kafka.producer.SyncProducer  - Disconnecting from zion-mainframe:9092
5223 [main] WARN kafka.producer.async.DefaultEventHandler  - Failed to send producer request with correlation id 5 to broker 0 with data for partitions [earth_to_curiosity_5,0]
java.io.IOException: Connection reset by peer
	at sun.nio.ch.FileDispatcherImpl.writev0(Native Method)
	at sun.nio.ch.SocketDispatcher.writev(SocketDispatcher.java:51)
	at sun.nio.ch.IOUtil.write(IOUtil.java:148)
	at sun.nio.ch.SocketChannelImpl.write(SocketChannelImpl.java:504)
	at java.nio.channels.SocketChannel.write(SocketChannel.java:502)
	at org.apache.kafka.common.network.ByteBufferSend.writeTo(ByteBufferSend.java:57)
	at kafka.network.RequestOrResponseSend.writeCompletely(RequestOrResponseSend.scala:50)
	at kafka.network.BlockingChannel.send(BlockingChannel.scala:113)
	at kafka.producer.SyncProducer.liftedTree1$1(SyncProducer.scala:75)
	at kafka.producer.SyncProducer.kafka$producer$SyncProducer$$doSend(SyncProducer.scala:74)
	at kafka.producer.SyncProducer$$anonfun$send$1$$anonfun$apply$mcV$sp$1.apply$mcV$sp(SyncProducer.scala:105)
	at kafka.producer.SyncProducer$$anonfun$send$1$$anonfun$apply$mcV$sp$1.apply(SyncProducer.scala:105)
	at kafka.producer.SyncProducer$$anonfun$send$1$$anonfun$apply$mcV$sp$1.apply(SyncProducer.scala:105)
	at kafka.metrics.KafkaTimer.time(KafkaTimer.scala:33)
	at kafka.producer.SyncProducer$$anonfun$send$1.apply$mcV$sp(SyncProducer.scala:104)
	at kafka.producer.SyncProducer$$anonfun$send$1.apply(SyncProducer.scala:104)
	at kafka.producer.SyncProducer$$anonfun$send$1.apply(SyncProducer.scala:104)
	at kafka.metrics.KafkaTimer.time(KafkaTimer.scala:33)
	at kafka.producer.SyncProducer.send(SyncProducer.scala:103)
	at kafka.producer.async.DefaultEventHandler.kafka$producer$async$DefaultEventHandler$$send(DefaultEventHandler.scala:257)
	at kafka.producer.async.DefaultEventHandler$$anonfun$dispatchSerializedData$2.apply(DefaultEventHandler.scala:108)
	at kafka.producer.async.DefaultEventHandler$$anonfun$dispatchSerializedData$2.apply(DefaultEventHandler.scala:100)
	at scala.collection.TraversableLike$WithFilter$$anonfun$foreach$1.apply(TraversableLike.scala:772)
	at scala.collection.mutable.HashMap$$anonfun$foreach$1.apply(HashMap.scala:98)
	at scala.collection.mutable.HashMap$$anonfun$foreach$1.apply(HashMap.scala:98)
	at scala.collection.mutable.HashTable$class.foreachEntry(HashTable.scala:226)
	at scala.collection.mutable.HashMap.foreachEntry(HashMap.scala:39)
	at scala.collection.mutable.HashMap.foreach(HashMap.scala:98)
	at scala.collection.TraversableLike$WithFilter.foreach(TraversableLike.scala:771)
	at kafka.producer.async.DefaultEventHandler.dispatchSerializedData(DefaultEventHandler.scala:100)
	at kafka.producer.async.DefaultEventHandler.handle(DefaultEventHandler.scala:73)
	at kafka.producer.Producer.send(Producer.scala:77)
	at kafka.javaapi.producer.Producer.send(Producer.scala:33)
	at naasa.gov.mission.control.Transmitter.transmitMessage(Transmitter.java:52)
	at naasa.gov.mission.control.ProducerManual.main(ProducerManual.java:98)
5224 [main] INFO kafka.producer.async.DefaultEventHandler  - Back off for 100 ms before retrying send. Remaining retries = 2
5325 [main] INFO kafka.client.ClientUtils$  - Fetching metadata from broker BrokerEndPoint(0,localhost,9092) with correlation id 6 for 1 topic(s) Set(earth_to_curiosity_5)
5329 [main] DEBUG kafka.network.BlockingChannel  - Created socket with SO_TIMEOUT = 10000 (requested 10000), SO_RCVBUF = 530904 (requested -1), SO_SNDBUF = 102400 (requested 102400), connectTimeoutMs = 10000.
5329 [main] INFO kafka.producer.SyncProducer  - Connected to localhost:9092 for producing
5334 [main] INFO kafka.producer.SyncProducer  - Disconnecting from localhost:9092
5336 [main] DEBUG kafka.client.ClientUtils$  - Successfully fetched metadata for 1 topic(s) Set(earth_to_curiosity_5)
5336 [main] INFO kafka.producer.SyncProducer  - Disconnecting from zion-mainframe:9092
5337 [main] DEBUG kafka.producer.BrokerPartitionInfo  - Getting broker partition info for topic earth_to_curiosity_5
5337 [main] DEBUG kafka.producer.BrokerPartitionInfo  - Partition [earth_to_curiosity_5,0] has leader 0
5338 [main] DEBUG kafka.producer.async.DefaultEventHandler  - Broker partitions registered for topic: earth_to_curiosity_5 are 0
5339 [main] DEBUG kafka.producer.async.DefaultEventHandler  - Sending 1 messages with no compression to [earth_to_curiosity_5,0]
5408 [main] DEBUG kafka.producer.async.DefaultEventHandler  - Producer sending messages with correlation id 8 for topics [earth_to_curiosity_5,0] to broker 0 on zion-mainframe:9092
5467 [main] DEBUG kafka.network.BlockingChannel  - Created socket with SO_TIMEOUT = 10000 (requested 10000), SO_RCVBUF = 530904 (requested -1), SO_SNDBUF = 102400 (requested 102400), connectTimeoutMs = 10000.
5468 [main] INFO kafka.producer.SyncProducer  - Connected to zion-mainframe:9092 for producing
5554 [main] INFO kafka.producer.SyncProducer  - Disconnecting from zion-mainframe:9092
5555 [main] WARN kafka.producer.async.DefaultEventHandler  - Failed to send producer request with correlation id 8 to broker 0 with data for partitions [earth_to_curiosity_5,0]
java.io.IOException: Connection reset by peer
	at sun.nio.ch.FileDispatcherImpl.writev0(Native Method)
	at sun.nio.ch.SocketDispatcher.writev(SocketDispatcher.java:51)
	at sun.nio.ch.IOUtil.write(IOUtil.java:148)
	at sun.nio.ch.SocketChannelImpl.write(SocketChannelImpl.java:504)
	at java.nio.channels.SocketChannel.write(SocketChannel.java:502)
	at org.apache.kafka.common.network.ByteBufferSend.writeTo(ByteBufferSend.java:57)
	at kafka.network.RequestOrResponseSend.writeCompletely(RequestOrResponseSend.scala:50)
	at kafka.network.BlockingChannel.send(BlockingChannel.scala:113)
	at kafka.producer.SyncProducer.liftedTree1$1(SyncProducer.scala:75)
	at kafka.producer.SyncProducer.kafka$producer$SyncProducer$$doSend(SyncProducer.scala:74)
	at kafka.producer.SyncProducer$$anonfun$send$1$$anonfun$apply$mcV$sp$1.apply$mcV$sp(SyncProducer.scala:105)
	at kafka.producer.SyncProducer$$anonfun$send$1$$anonfun$apply$mcV$sp$1.apply(SyncProducer.scala:105)
	at kafka.producer.SyncProducer$$anonfun$send$1$$anonfun$apply$mcV$sp$1.apply(SyncProducer.scala:105)
	at kafka.metrics.KafkaTimer.time(KafkaTimer.scala:33)
	at kafka.producer.SyncProducer$$anonfun$send$1.apply$mcV$sp(SyncProducer.scala:104)
	at kafka.producer.SyncProducer$$anonfun$send$1.apply(SyncProducer.scala:104)
	at kafka.producer.SyncProducer$$anonfun$send$1.apply(SyncProducer.scala:104)
	at kafka.metrics.KafkaTimer.time(KafkaTimer.scala:33)
	at kafka.producer.SyncProducer.send(SyncProducer.scala:103)
	at kafka.producer.async.DefaultEventHandler.kafka$producer$async$DefaultEventHandler$$send(DefaultEventHandler.scala:257)
	at kafka.producer.async.DefaultEventHandler$$anonfun$dispatchSerializedData$2.apply(DefaultEventHandler.scala:108)
	at kafka.producer.async.DefaultEventHandler$$anonfun$dispatchSerializedData$2.apply(DefaultEventHandler.scala:100)
	at scala.collection.TraversableLike$WithFilter$$anonfun$foreach$1.apply(TraversableLike.scala:772)
	at scala.collection.mutable.HashMap$$anonfun$foreach$1.apply(HashMap.scala:98)
	at scala.collection.mutable.HashMap$$anonfun$foreach$1.apply(HashMap.scala:98)
	at scala.collection.mutable.HashTable$class.foreachEntry(HashTable.scala:226)
	at scala.collection.mutable.HashMap.foreachEntry(HashMap.scala:39)
	at scala.collection.mutable.HashMap.foreach(HashMap.scala:98)
	at scala.collection.TraversableLike$WithFilter.foreach(TraversableLike.scala:771)
	at kafka.producer.async.DefaultEventHandler.dispatchSerializedData(DefaultEventHandler.scala:100)
	at kafka.producer.async.DefaultEventHandler.handle(DefaultEventHandler.scala:73)
	at kafka.producer.Producer.send(Producer.scala:77)
	at kafka.javaapi.producer.Producer.send(Producer.scala:33)
	at naasa.gov.mission.control.Transmitter.transmitMessage(Transmitter.java:52)
	at naasa.gov.mission.control.ProducerManual.main(ProducerManual.java:98)
5555 [main] INFO kafka.producer.async.DefaultEventHandler  - Back off for 100 ms before retrying send. Remaining retries = 1
5656 [main] INFO kafka.client.ClientUtils$  - Fetching metadata from broker BrokerEndPoint(0,localhost,9092) with correlation id 9 for 1 topic(s) Set(earth_to_curiosity_5)
5658 [main] DEBUG kafka.network.BlockingChannel  - Created socket with SO_TIMEOUT = 10000 (requested 10000), SO_RCVBUF = 530904 (requested -1), SO_SNDBUF = 102400 (requested 102400), connectTimeoutMs = 10000.
5658 [main] INFO kafka.producer.SyncProducer  - Connected to localhost:9092 for producing
5661 [main] INFO kafka.producer.SyncProducer  - Disconnecting from localhost:9092
5662 [main] DEBUG kafka.client.ClientUtils$  - Successfully fetched metadata for 1 topic(s) Set(earth_to_curiosity_5)
5662 [main] INFO kafka.producer.SyncProducer  - Disconnecting from zion-mainframe:9092
5663 [main] DEBUG kafka.producer.BrokerPartitionInfo  - Getting broker partition info for topic earth_to_curiosity_5
5663 [main] DEBUG kafka.producer.BrokerPartitionInfo  - Partition [earth_to_curiosity_5,0] has leader 0
5664 [main] DEBUG kafka.producer.async.DefaultEventHandler  - Broker partitions registered for topic: earth_to_curiosity_5 are 0
5664 [main] DEBUG kafka.producer.async.DefaultEventHandler  - Sending 1 messages with no compression to [earth_to_curiosity_5,0]
5715 [main] DEBUG kafka.producer.async.DefaultEventHandler  - Producer sending messages with correlation id 11 for topics [earth_to_curiosity_5,0] to broker 0 on zion-mainframe:9092
5882 [main] DEBUG kafka.network.BlockingChannel  - Created socket with SO_TIMEOUT = 10000 (requested 10000), SO_RCVBUF = 530904 (requested -1), SO_SNDBUF = 102400 (requested 102400), connectTimeoutMs = 10000.
5882 [main] INFO kafka.producer.SyncProducer  - Connected to zion-mainframe:9092 for producing
5972 [main] INFO kafka.producer.SyncProducer  - Disconnecting from zion-mainframe:9092
5973 [main] WARN kafka.producer.async.DefaultEventHandler  - Failed to send producer request with correlation id 11 to broker 0 with data for partitions [earth_to_curiosity_5,0]
java.io.IOException: Connection reset by peer
	at sun.nio.ch.FileDispatcherImpl.writev0(Native Method)
	at sun.nio.ch.SocketDispatcher.writev(SocketDispatcher.java:51)
	at sun.nio.ch.IOUtil.write(IOUtil.java:148)
	at sun.nio.ch.SocketChannelImpl.write(SocketChannelImpl.java:504)
	at java.nio.channels.SocketChannel.write(SocketChannel.java:502)
	at org.apache.kafka.common.network.ByteBufferSend.writeTo(ByteBufferSend.java:57)
	at kafka.network.RequestOrResponseSend.writeCompletely(RequestOrResponseSend.scala:50)
	at kafka.network.BlockingChannel.send(BlockingChannel.scala:113)
	at kafka.producer.SyncProducer.liftedTree1$1(SyncProducer.scala:75)
	at kafka.producer.SyncProducer.kafka$producer$SyncProducer$$doSend(SyncProducer.scala:74)
	at kafka.producer.SyncProducer$$anonfun$send$1$$anonfun$apply$mcV$sp$1.apply$mcV$sp(SyncProducer.scala:105)
	at kafka.producer.SyncProducer$$anonfun$send$1$$anonfun$apply$mcV$sp$1.apply(SyncProducer.scala:105)
	at kafka.producer.SyncProducer$$anonfun$send$1$$anonfun$apply$mcV$sp$1.apply(SyncProducer.scala:105)
	at kafka.metrics.KafkaTimer.time(KafkaTimer.scala:33)
	at kafka.producer.SyncProducer$$anonfun$send$1.apply$mcV$sp(SyncProducer.scala:104)
	at kafka.producer.SyncProducer$$anonfun$send$1.apply(SyncProducer.scala:104)
	at kafka.producer.SyncProducer$$anonfun$send$1.apply(SyncProducer.scala:104)
	at kafka.metrics.KafkaTimer.time(KafkaTimer.scala:33)
	at kafka.producer.SyncProducer.send(SyncProducer.scala:103)
	at kafka.producer.async.DefaultEventHandler.kafka$producer$async$DefaultEventHandler$$send(DefaultEventHandler.scala:257)
	at kafka.producer.async.DefaultEventHandler$$anonfun$dispatchSerializedData$2.apply(DefaultEventHandler.scala:108)
	at kafka.producer.async.DefaultEventHandler$$anonfun$dispatchSerializedData$2.apply(DefaultEventHandler.scala:100)
	at scala.collection.TraversableLike$WithFilter$$anonfun$foreach$1.apply(TraversableLike.scala:772)
	at scala.collection.mutable.HashMap$$anonfun$foreach$1.apply(HashMap.scala:98)
	at scala.collection.mutable.HashMap$$anonfun$foreach$1.apply(HashMap.scala:98)
	at scala.collection.mutable.HashTable$class.foreachEntry(HashTable.scala:226)
	at scala.collection.mutable.HashMap.foreachEntry(HashMap.scala:39)
	at scala.collection.mutable.HashMap.foreach(HashMap.scala:98)
	at scala.collection.TraversableLike$WithFilter.foreach(TraversableLike.scala:771)
	at kafka.producer.async.DefaultEventHandler.dispatchSerializedData(DefaultEventHandler.scala:100)
	at kafka.producer.async.DefaultEventHandler.handle(DefaultEventHandler.scala:73)
	at kafka.producer.Producer.send(Producer.scala:77)
	at kafka.javaapi.producer.Producer.send(Producer.scala:33)
	at naasa.gov.mission.control.Transmitter.transmitMessage(Transmitter.java:52)
	at naasa.gov.mission.control.ProducerManual.main(ProducerManual.java:98)
5973 [main] INFO kafka.producer.async.DefaultEventHandler  - Back off for 100 ms before retrying send. Remaining retries = 0
6075 [main] INFO kafka.client.ClientUtils$  - Fetching metadata from broker BrokerEndPoint(0,localhost,9092) with correlation id 12 for 1 topic(s) Set(earth_to_curiosity_5)
6076 [main] DEBUG kafka.network.BlockingChannel  - Created socket with SO_TIMEOUT = 10000 (requested 10000), SO_RCVBUF = 530904 (requested -1), SO_SNDBUF = 102400 (requested 102400), connectTimeoutMs = 10000.
6077 [main] INFO kafka.producer.SyncProducer  - Connected to localhost:9092 for producing
6079 [main] INFO kafka.producer.SyncProducer  - Disconnecting from localhost:9092
6080 [main] DEBUG kafka.client.ClientUtils$  - Successfully fetched metadata for 1 topic(s) Set(earth_to_curiosity_5)
6080 [main] INFO kafka.producer.SyncProducer  - Disconnecting from zion-mainframe:9092
6082 [main] ERROR kafka.producer.async.DefaultEventHandler  - Failed to send requests for topics earth_to_curiosity_5 with correlation ids in [0,12]
