0 [main] INFO kafka.utils.VerifiableProperties  - Verifying properties
29 [main] WARN kafka.utils.VerifiableProperties  - Property auto.offset.reset is not valid
29 [main] WARN kafka.utils.VerifiableProperties  - Property bootstrap.servers is not valid
29 [main] WARN kafka.utils.VerifiableProperties  - Property destination.topic is not valid
29 [main] WARN kafka.utils.VerifiableProperties  - Property group.id is not valid
29 [main] WARN kafka.utils.VerifiableProperties  - Property key.serializer is not valid
30 [main] INFO kafka.utils.VerifiableProperties  - Property metadata.broker.list is overridden to localhost:9092
30 [main] WARN kafka.utils.VerifiableProperties  - Property source.topic is not valid
30 [main] WARN kafka.utils.VerifiableProperties  - Property value.serializer is not valid
30 [main] WARN kafka.utils.VerifiableProperties  - Property zookeeper.connect is not valid
2379 [main] DEBUG kafka.producer.async.DefaultEventHandler  - Handling 1 events
2400 [main] INFO kafka.client.ClientUtils$  - Fetching metadata from broker BrokerEndPoint(0,localhost,9092) with correlation id 0 for 1 topic(s) Set(earth_to_curiosity_5)
2407 [main] DEBUG kafka.network.BlockingChannel  - Created socket with SO_TIMEOUT = 10000 (requested 10000), SO_RCVBUF = 530904 (requested -1), SO_SNDBUF = 102400 (requested 102400), connectTimeoutMs = 10000.
2408 [main] INFO kafka.producer.SyncProducer  - Connected to localhost:9092 for producing
2435 [main] INFO kafka.producer.SyncProducer  - Disconnecting from localhost:9092
2437 [main] DEBUG kafka.client.ClientUtils$  - Successfully fetched metadata for 1 topic(s) Set(earth_to_curiosity_5)
2450 [main] WARN kafka.producer.BrokerPartitionInfo  - Error while fetching metadata [{TopicMetadata for topic earth_to_curiosity_5 -> 
No partition metadata for topic earth_to_curiosity_5 due to kafka.common.LeaderNotAvailableException}] for topic [earth_to_curiosity_5]: class kafka.common.LeaderNotAvailableException 
2453 [main] DEBUG kafka.producer.BrokerPartitionInfo  - Getting broker partition info for topic earth_to_curiosity_5
2454 [main] INFO kafka.client.ClientUtils$  - Fetching metadata from broker BrokerEndPoint(0,localhost,9092) with correlation id 1 for 1 topic(s) Set(earth_to_curiosity_5)
2454 [main] DEBUG kafka.network.BlockingChannel  - Created socket with SO_TIMEOUT = 10000 (requested 10000), SO_RCVBUF = 530904 (requested -1), SO_SNDBUF = 102400 (requested 102400), connectTimeoutMs = 10000.
2454 [main] INFO kafka.producer.SyncProducer  - Connected to localhost:9092 for producing
2458 [main] INFO kafka.producer.SyncProducer  - Disconnecting from localhost:9092
2458 [main] DEBUG kafka.client.ClientUtils$  - Successfully fetched metadata for 1 topic(s) Set(earth_to_curiosity_5)
2460 [main] DEBUG kafka.producer.BrokerPartitionInfo  - Partition [earth_to_curiosity_5,0] has leader 0
2461 [main] DEBUG kafka.producer.async.DefaultEventHandler  - Broker partitions registered for topic: earth_to_curiosity_5 are 0
2466 [main] DEBUG kafka.producer.async.DefaultEventHandler  - Sending 1 messages with no compression to [earth_to_curiosity_5,0]
2490 [main] DEBUG kafka.producer.async.DefaultEventHandler  - Producer sending messages with correlation id 2 for topics [earth_to_curiosity_5,0] to broker 0 on zion-portable:9092
2502 [main] DEBUG kafka.network.BlockingChannel  - Created socket with SO_TIMEOUT = 10000 (requested 10000), SO_RCVBUF = 530904 (requested -1), SO_SNDBUF = 102400 (requested 102400), connectTimeoutMs = 10000.
2502 [main] INFO kafka.producer.SyncProducer  - Connected to zion-portable:9092 for producing
2503 [main] DEBUG kafka.producer.async.DefaultEventHandler  - Producer sent messages with correlation id 2 for topics [earth_to_curiosity_5,0] to broker 0 on zion-portable:9092
8765 [main] DEBUG kafka.producer.async.DefaultEventHandler  - Handling 1 events
8766 [main] DEBUG kafka.producer.BrokerPartitionInfo  - Getting broker partition info for topic earth_to_curiosity_5
8766 [main] DEBUG kafka.producer.BrokerPartitionInfo  - Partition [earth_to_curiosity_5,0] has leader 0
8766 [main] DEBUG kafka.producer.async.DefaultEventHandler  - Broker partitions registered for topic: earth_to_curiosity_5 are 0
8767 [main] DEBUG kafka.producer.async.DefaultEventHandler  - Sending 1 messages with no compression to [earth_to_curiosity_5,0]
8768 [main] DEBUG kafka.producer.async.DefaultEventHandler  - Producer sending messages with correlation id 4 for topics [earth_to_curiosity_5,0] to broker 0 on zion-portable:9092
8769 [main] DEBUG kafka.producer.async.DefaultEventHandler  - Producer sent messages with correlation id 4 for topics [earth_to_curiosity_5,0] to broker 0 on zion-portable:9092
121970 [main] DEBUG kafka.producer.async.DefaultEventHandler  - Handling 1 events
121970 [main] DEBUG kafka.producer.BrokerPartitionInfo  - Getting broker partition info for topic earth_to_curiosity_5
121970 [main] DEBUG kafka.producer.BrokerPartitionInfo  - Partition [earth_to_curiosity_5,0] has leader 0
121971 [main] DEBUG kafka.producer.async.DefaultEventHandler  - Broker partitions registered for topic: earth_to_curiosity_5 are 0
121971 [main] DEBUG kafka.producer.async.DefaultEventHandler  - Sending 1 messages with no compression to [earth_to_curiosity_5,0]
121971 [main] DEBUG kafka.producer.async.DefaultEventHandler  - Producer sending messages with correlation id 6 for topics [earth_to_curiosity_5,0] to broker 0 on zion-portable:9092
121972 [main] DEBUG kafka.producer.async.DefaultEventHandler  - Producer sent messages with correlation id 6 for topics [earth_to_curiosity_5,0] to broker 0 on zion-portable:9092
177499 [main] DEBUG kafka.producer.async.DefaultEventHandler  - Handling 1 events
177499 [main] DEBUG kafka.producer.BrokerPartitionInfo  - Getting broker partition info for topic earth_to_curiosity_5
177499 [main] DEBUG kafka.producer.BrokerPartitionInfo  - Partition [earth_to_curiosity_5,0] has leader 0
177499 [main] DEBUG kafka.producer.async.DefaultEventHandler  - Broker partitions registered for topic: earth_to_curiosity_5 are 0
177499 [main] DEBUG kafka.producer.async.DefaultEventHandler  - Sending 1 messages with no compression to [earth_to_curiosity_5,0]
177500 [main] DEBUG kafka.producer.async.DefaultEventHandler  - Producer sending messages with correlation id 8 for topics [earth_to_curiosity_5,0] to broker 0 on zion-portable:9092
177501 [main] DEBUG kafka.producer.async.DefaultEventHandler  - Producer sent messages with correlation id 8 for topics [earth_to_curiosity_5,0] to broker 0 on zion-portable:9092
210920 [main] DEBUG kafka.producer.async.DefaultEventHandler  - Handling 1 events
210920 [main] DEBUG kafka.producer.BrokerPartitionInfo  - Getting broker partition info for topic earth_to_curiosity_5
210920 [main] DEBUG kafka.producer.BrokerPartitionInfo  - Partition [earth_to_curiosity_5,0] has leader 0
210920 [main] DEBUG kafka.producer.async.DefaultEventHandler  - Broker partitions registered for topic: earth_to_curiosity_5 are 0
210921 [main] DEBUG kafka.producer.async.DefaultEventHandler  - Sending 1 messages with no compression to [earth_to_curiosity_5,0]
210921 [main] DEBUG kafka.producer.async.DefaultEventHandler  - Producer sending messages with correlation id 10 for topics [earth_to_curiosity_5,0] to broker 0 on zion-portable:9092
210922 [main] DEBUG kafka.producer.async.DefaultEventHandler  - Producer sent messages with correlation id 10 for topics [earth_to_curiosity_5,0] to broker 0 on zion-portable:9092
221914 [main] DEBUG kafka.producer.async.DefaultEventHandler  - Handling 1 events
221914 [main] DEBUG kafka.producer.BrokerPartitionInfo  - Getting broker partition info for topic earth_to_curiosity_5
221915 [main] DEBUG kafka.producer.BrokerPartitionInfo  - Partition [earth_to_curiosity_5,0] has leader 0
221915 [main] DEBUG kafka.producer.async.DefaultEventHandler  - Broker partitions registered for topic: earth_to_curiosity_5 are 0
221915 [main] DEBUG kafka.producer.async.DefaultEventHandler  - Sending 1 messages with no compression to [earth_to_curiosity_5,0]
221916 [main] DEBUG kafka.producer.async.DefaultEventHandler  - Producer sending messages with correlation id 12 for topics [earth_to_curiosity_5,0] to broker 0 on zion-portable:9092
221917 [main] DEBUG kafka.producer.async.DefaultEventHandler  - Producer sent messages with correlation id 12 for topics [earth_to_curiosity_5,0] to broker 0 on zion-portable:9092
4019629 [main] DEBUG kafka.producer.async.DefaultEventHandler  - Handling 1 events
4019629 [main] INFO kafka.client.ClientUtils$  - Fetching metadata from broker BrokerEndPoint(0,localhost,9092) with correlation id 13 for 1 topic(s) Set(earth_to_curiosity_5)
4019630 [main] DEBUG kafka.network.BlockingChannel  - Created socket with SO_TIMEOUT = 10000 (requested 10000), SO_RCVBUF = 530904 (requested -1), SO_SNDBUF = 102400 (requested 102400), connectTimeoutMs = 10000.
4019630 [main] INFO kafka.producer.SyncProducer  - Connected to localhost:9092 for producing
4019631 [main] INFO kafka.producer.SyncProducer  - Disconnecting from localhost:9092
4019631 [main] DEBUG kafka.client.ClientUtils$  - Successfully fetched metadata for 1 topic(s) Set(earth_to_curiosity_5)
4019631 [main] INFO kafka.producer.SyncProducer  - Disconnecting from zion-portable:9092
4019632 [main] DEBUG kafka.producer.BrokerPartitionInfo  - Getting broker partition info for topic earth_to_curiosity_5
4019632 [main] DEBUG kafka.producer.BrokerPartitionInfo  - Partition [earth_to_curiosity_5,0] has leader 0
4019632 [main] DEBUG kafka.producer.async.DefaultEventHandler  - Broker partitions registered for topic: earth_to_curiosity_5 are 0
4019632 [main] DEBUG kafka.producer.async.DefaultEventHandler  - Sending 1 messages with no compression to [earth_to_curiosity_5,0]
4019632 [main] DEBUG kafka.producer.async.DefaultEventHandler  - Producer sending messages with correlation id 15 for topics [earth_to_curiosity_5,0] to broker 0 on zion-portable:9092
4019634 [main] DEBUG kafka.network.BlockingChannel  - Created socket with SO_TIMEOUT = 10000 (requested 10000), SO_RCVBUF = 530904 (requested -1), SO_SNDBUF = 102400 (requested 102400), connectTimeoutMs = 10000.
4019634 [main] INFO kafka.producer.SyncProducer  - Connected to zion-portable:9092 for producing
4019634 [main] DEBUG kafka.producer.async.DefaultEventHandler  - Producer sent messages with correlation id 15 for topics [earth_to_curiosity_5,0] to broker 0 on zion-portable:9092
5312998 [main] DEBUG kafka.producer.async.DefaultEventHandler  - Handling 1 events
5312999 [main] INFO kafka.client.ClientUtils$  - Fetching metadata from broker BrokerEndPoint(0,localhost,9092) with correlation id 16 for 1 topic(s) Set(earth_to_curiosity_5)
5312999 [main] DEBUG kafka.network.BlockingChannel  - Created socket with SO_TIMEOUT = 10000 (requested 10000), SO_RCVBUF = 530904 (requested -1), SO_SNDBUF = 102400 (requested 102400), connectTimeoutMs = 10000.
5312999 [main] INFO kafka.producer.SyncProducer  - Connected to localhost:9092 for producing
5313001 [main] INFO kafka.producer.SyncProducer  - Disconnecting from localhost:9092
5313001 [main] DEBUG kafka.client.ClientUtils$  - Successfully fetched metadata for 1 topic(s) Set(earth_to_curiosity_5)
5313001 [main] INFO kafka.producer.SyncProducer  - Disconnecting from zion-portable:9092
5313002 [main] DEBUG kafka.producer.BrokerPartitionInfo  - Getting broker partition info for topic earth_to_curiosity_5
5313002 [main] DEBUG kafka.producer.BrokerPartitionInfo  - Partition [earth_to_curiosity_5,0] has leader 0
5313002 [main] DEBUG kafka.producer.async.DefaultEventHandler  - Broker partitions registered for topic: earth_to_curiosity_5 are 0
5313002 [main] DEBUG kafka.producer.async.DefaultEventHandler  - Sending 1 messages with no compression to [earth_to_curiosity_5,0]
5313003 [main] DEBUG kafka.producer.async.DefaultEventHandler  - Producer sending messages with correlation id 18 for topics [earth_to_curiosity_5,0] to broker 0 on zion-portable:9092
5313003 [main] DEBUG kafka.network.BlockingChannel  - Created socket with SO_TIMEOUT = 10000 (requested 10000), SO_RCVBUF = 530904 (requested -1), SO_SNDBUF = 102400 (requested 102400), connectTimeoutMs = 10000.
5313003 [main] INFO kafka.producer.SyncProducer  - Connected to zion-portable:9092 for producing
5313004 [main] DEBUG kafka.producer.async.DefaultEventHandler  - Producer sent messages with correlation id 18 for topics [earth_to_curiosity_5,0] to broker 0 on zion-portable:9092
5321071 [main] DEBUG kafka.producer.async.DefaultEventHandler  - Handling 1 events
5321071 [main] DEBUG kafka.producer.BrokerPartitionInfo  - Getting broker partition info for topic earth_to_curiosity_5
5321071 [main] DEBUG kafka.producer.BrokerPartitionInfo  - Partition [earth_to_curiosity_5,0] has leader 0
5321071 [main] DEBUG kafka.producer.async.DefaultEventHandler  - Broker partitions registered for topic: earth_to_curiosity_5 are 0
5321071 [main] DEBUG kafka.producer.async.DefaultEventHandler  - Sending 1 messages with no compression to [earth_to_curiosity_5,0]
5321072 [main] DEBUG kafka.producer.async.DefaultEventHandler  - Producer sending messages with correlation id 20 for topics [earth_to_curiosity_5,0] to broker 0 on zion-portable:9092
5321072 [main] DEBUG kafka.producer.async.DefaultEventHandler  - Producer sent messages with correlation id 20 for topics [earth_to_curiosity_5,0] to broker 0 on zion-portable:9092
5327305 [main] DEBUG kafka.producer.async.DefaultEventHandler  - Handling 1 events
5327305 [main] DEBUG kafka.producer.BrokerPartitionInfo  - Getting broker partition info for topic earth_to_curiosity_5
5327306 [main] DEBUG kafka.producer.BrokerPartitionInfo  - Partition [earth_to_curiosity_5,0] has leader 0
5327306 [main] DEBUG kafka.producer.async.DefaultEventHandler  - Broker partitions registered for topic: earth_to_curiosity_5 are 0
5327306 [main] DEBUG kafka.producer.async.DefaultEventHandler  - Sending 1 messages with no compression to [earth_to_curiosity_5,0]
5327307 [main] DEBUG kafka.producer.async.DefaultEventHandler  - Producer sending messages with correlation id 22 for topics [earth_to_curiosity_5,0] to broker 0 on zion-portable:9092
5327308 [main] DEBUG kafka.producer.async.DefaultEventHandler  - Producer sent messages with correlation id 22 for topics [earth_to_curiosity_5,0] to broker 0 on zion-portable:9092
5508762 [main] DEBUG kafka.producer.async.DefaultEventHandler  - Handling 1 events
5508762 [main] DEBUG kafka.producer.BrokerPartitionInfo  - Getting broker partition info for topic earth_to_curiosity_5
5508762 [main] DEBUG kafka.producer.BrokerPartitionInfo  - Partition [earth_to_curiosity_5,0] has leader 0
5508763 [main] DEBUG kafka.producer.async.DefaultEventHandler  - Broker partitions registered for topic: earth_to_curiosity_5 are 0
5508763 [main] DEBUG kafka.producer.async.DefaultEventHandler  - Sending 1 messages with no compression to [earth_to_curiosity_5,0]
5508763 [main] DEBUG kafka.producer.async.DefaultEventHandler  - Producer sending messages with correlation id 24 for topics [earth_to_curiosity_5,0] to broker 0 on zion-portable:9092
5508764 [main] DEBUG kafka.producer.async.DefaultEventHandler  - Producer sent messages with correlation id 24 for topics [earth_to_curiosity_5,0] to broker 0 on zion-portable:9092
