0 [main] INFO kafka.utils.VerifiableProperties  - Verifying properties
58 [main] WARN kafka.utils.VerifiableProperties  - Property auto.offset.reset is not valid
58 [main] WARN kafka.utils.VerifiableProperties  - Property bootstrap.servers is not valid
58 [main] WARN kafka.utils.VerifiableProperties  - Property destination.topic is not valid
59 [main] WARN kafka.utils.VerifiableProperties  - Property group.id is not valid
59 [main] WARN kafka.utils.VerifiableProperties  - Property key.serializer is not valid
60 [main] INFO kafka.utils.VerifiableProperties  - Property metadata.broker.list is overridden to localhost:9092
60 [main] WARN kafka.utils.VerifiableProperties  - Property source.topic is not valid
61 [main] WARN kafka.utils.VerifiableProperties  - Property value.serializer is not valid
61 [main] WARN kafka.utils.VerifiableProperties  - Property zookeeper.connect is not valid
3152 [main] DEBUG kafka.producer.async.DefaultEventHandler  - Handling 1 events
3179 [main] INFO kafka.client.ClientUtils$  - Fetching metadata from broker BrokerEndPoint(0,localhost,9092) with correlation id 0 for 1 topic(s) Set(earth_to_curiosity_5)
3224 [main] DEBUG kafka.network.BlockingChannel  - Created socket with SO_TIMEOUT = 10000 (requested 10000), SO_RCVBUF = 530904 (requested -1), SO_SNDBUF = 102400 (requested 102400), connectTimeoutMs = 10000.
3225 [main] INFO kafka.producer.SyncProducer  - Connected to localhost:9092 for producing
3253 [main] INFO kafka.producer.SyncProducer  - Disconnecting from localhost:9092
3257 [main] DEBUG kafka.client.ClientUtils$  - Successfully fetched metadata for 1 topic(s) Set(earth_to_curiosity_5)
3278 [main] WARN kafka.producer.BrokerPartitionInfo  - Error while fetching metadata [{TopicMetadata for topic earth_to_curiosity_5 -> 
No partition metadata for topic earth_to_curiosity_5 due to kafka.common.LeaderNotAvailableException}] for topic [earth_to_curiosity_5]: class kafka.common.LeaderNotAvailableException 
3282 [main] DEBUG kafka.producer.BrokerPartitionInfo  - Getting broker partition info for topic earth_to_curiosity_5
3283 [main] INFO kafka.client.ClientUtils$  - Fetching metadata from broker BrokerEndPoint(0,localhost,9092) with correlation id 1 for 1 topic(s) Set(earth_to_curiosity_5)
3284 [main] DEBUG kafka.network.BlockingChannel  - Created socket with SO_TIMEOUT = 10000 (requested 10000), SO_RCVBUF = 530904 (requested -1), SO_SNDBUF = 102400 (requested 102400), connectTimeoutMs = 10000.
3284 [main] INFO kafka.producer.SyncProducer  - Connected to localhost:9092 for producing
3288 [main] INFO kafka.producer.SyncProducer  - Disconnecting from localhost:9092
3288 [main] DEBUG kafka.client.ClientUtils$  - Successfully fetched metadata for 1 topic(s) Set(earth_to_curiosity_5)
3290 [main] DEBUG kafka.producer.BrokerPartitionInfo  - Partition [earth_to_curiosity_5,0] has leader 0
3292 [main] DEBUG kafka.producer.async.DefaultEventHandler  - Broker partitions registered for topic: earth_to_curiosity_5 are 0
3296 [main] DEBUG kafka.producer.async.DefaultEventHandler  - Sending 1 messages with no compression to [earth_to_curiosity_5,0]
3306 [main] DEBUG kafka.producer.async.DefaultEventHandler  - Producer sending messages with correlation id 2 for topics [earth_to_curiosity_5,0] to broker 0 on zion-portable:9092
3321 [main] DEBUG kafka.network.BlockingChannel  - Created socket with SO_TIMEOUT = 10000 (requested 10000), SO_RCVBUF = 530904 (requested -1), SO_SNDBUF = 102400 (requested 102400), connectTimeoutMs = 10000.
3321 [main] INFO kafka.producer.SyncProducer  - Connected to zion-portable:9092 for producing
3322 [main] DEBUG kafka.producer.async.DefaultEventHandler  - Producer sent messages with correlation id 2 for topics [earth_to_curiosity_5,0] to broker 0 on zion-portable:9092
20201 [main] DEBUG kafka.producer.async.DefaultEventHandler  - Handling 1 events
20202 [main] DEBUG kafka.producer.BrokerPartitionInfo  - Getting broker partition info for topic earth_to_curiosity_5
20202 [main] DEBUG kafka.producer.BrokerPartitionInfo  - Partition [earth_to_curiosity_5,0] has leader 0
20203 [main] DEBUG kafka.producer.async.DefaultEventHandler  - Broker partitions registered for topic: earth_to_curiosity_5 are 0
20205 [main] DEBUG kafka.producer.async.DefaultEventHandler  - Sending 1 messages with no compression to [earth_to_curiosity_5,0]
20207 [main] DEBUG kafka.producer.async.DefaultEventHandler  - Producer sending messages with correlation id 4 for topics [earth_to_curiosity_5,0] to broker 0 on zion-portable:9092
20210 [main] DEBUG kafka.producer.async.DefaultEventHandler  - Producer sent messages with correlation id 4 for topics [earth_to_curiosity_5,0] to broker 0 on zion-portable:9092
253207 [main] DEBUG kafka.producer.async.DefaultEventHandler  - Handling 1 events
253208 [main] DEBUG kafka.producer.BrokerPartitionInfo  - Getting broker partition info for topic earth_to_curiosity_5
253209 [main] DEBUG kafka.producer.BrokerPartitionInfo  - Partition [earth_to_curiosity_5,0] has leader 0
253209 [main] DEBUG kafka.producer.async.DefaultEventHandler  - Broker partitions registered for topic: earth_to_curiosity_5 are 0
253211 [main] DEBUG kafka.producer.async.DefaultEventHandler  - Sending 1 messages with no compression to [earth_to_curiosity_5,0]
253212 [main] DEBUG kafka.producer.async.DefaultEventHandler  - Producer sending messages with correlation id 6 for topics [earth_to_curiosity_5,0] to broker 0 on zion-portable:9092
253214 [main] DEBUG kafka.producer.async.DefaultEventHandler  - Producer sent messages with correlation id 6 for topics [earth_to_curiosity_5,0] to broker 0 on zion-portable:9092
354535 [main] DEBUG kafka.producer.async.DefaultEventHandler  - Handling 1 events
354536 [main] DEBUG kafka.producer.BrokerPartitionInfo  - Getting broker partition info for topic earth_to_curiosity_5
354536 [main] DEBUG kafka.producer.BrokerPartitionInfo  - Partition [earth_to_curiosity_5,0] has leader 0
354537 [main] DEBUG kafka.producer.async.DefaultEventHandler  - Broker partitions registered for topic: earth_to_curiosity_5 are 0
354538 [main] DEBUG kafka.producer.async.DefaultEventHandler  - Sending 1 messages with no compression to [earth_to_curiosity_5,0]
354539 [main] DEBUG kafka.producer.async.DefaultEventHandler  - Producer sending messages with correlation id 8 for topics [earth_to_curiosity_5,0] to broker 0 on zion-portable:9092
354542 [main] DEBUG kafka.producer.async.DefaultEventHandler  - Producer sent messages with correlation id 8 for topics [earth_to_curiosity_5,0] to broker 0 on zion-portable:9092
427524 [main] DEBUG kafka.producer.async.DefaultEventHandler  - Handling 1 events
427524 [main] DEBUG kafka.producer.BrokerPartitionInfo  - Getting broker partition info for topic earth_to_curiosity_5
427525 [main] DEBUG kafka.producer.BrokerPartitionInfo  - Partition [earth_to_curiosity_5,0] has leader 0
427526 [main] DEBUG kafka.producer.async.DefaultEventHandler  - Broker partitions registered for topic: earth_to_curiosity_5 are 0
427527 [main] DEBUG kafka.producer.async.DefaultEventHandler  - Sending 1 messages with no compression to [earth_to_curiosity_5,0]
427529 [main] DEBUG kafka.producer.async.DefaultEventHandler  - Producer sending messages with correlation id 10 for topics [earth_to_curiosity_5,0] to broker 0 on zion-portable:9092
427533 [main] DEBUG kafka.producer.async.DefaultEventHandler  - Producer sent messages with correlation id 10 for topics [earth_to_curiosity_5,0] to broker 0 on zion-portable:9092
972546 [main] DEBUG kafka.producer.async.DefaultEventHandler  - Handling 1 events
972548 [main] INFO kafka.client.ClientUtils$  - Fetching metadata from broker BrokerEndPoint(0,localhost,9092) with correlation id 11 for 1 topic(s) Set(earth_to_curiosity_5)
972550 [main] DEBUG kafka.network.BlockingChannel  - Created socket with SO_TIMEOUT = 10000 (requested 10000), SO_RCVBUF = 530904 (requested -1), SO_SNDBUF = 102400 (requested 102400), connectTimeoutMs = 10000.
972550 [main] INFO kafka.producer.SyncProducer  - Connected to localhost:9092 for producing
972553 [main] INFO kafka.producer.SyncProducer  - Disconnecting from localhost:9092
972554 [main] DEBUG kafka.client.ClientUtils$  - Successfully fetched metadata for 1 topic(s) Set(earth_to_curiosity_5)
972554 [main] INFO kafka.producer.SyncProducer  - Disconnecting from zion-portable:9092
972555 [main] DEBUG kafka.producer.BrokerPartitionInfo  - Getting broker partition info for topic earth_to_curiosity_5
972556 [main] DEBUG kafka.producer.BrokerPartitionInfo  - Partition [earth_to_curiosity_5,0] has leader 0
972556 [main] DEBUG kafka.producer.async.DefaultEventHandler  - Broker partitions registered for topic: earth_to_curiosity_5 are 0
972557 [main] DEBUG kafka.producer.async.DefaultEventHandler  - Sending 1 messages with no compression to [earth_to_curiosity_5,0]
972558 [main] DEBUG kafka.producer.async.DefaultEventHandler  - Producer sending messages with correlation id 13 for topics [earth_to_curiosity_5,0] to broker 0 on zion-portable:9092
972560 [main] DEBUG kafka.network.BlockingChannel  - Created socket with SO_TIMEOUT = 10000 (requested 10000), SO_RCVBUF = 530904 (requested -1), SO_SNDBUF = 102400 (requested 102400), connectTimeoutMs = 10000.
972560 [main] INFO kafka.producer.SyncProducer  - Connected to zion-portable:9092 for producing
972561 [main] DEBUG kafka.producer.async.DefaultEventHandler  - Producer sent messages with correlation id 13 for topics [earth_to_curiosity_5,0] to broker 0 on zion-portable:9092
1034259 [main] DEBUG kafka.producer.async.DefaultEventHandler  - Handling 1 events
1034260 [main] DEBUG kafka.producer.BrokerPartitionInfo  - Getting broker partition info for topic earth_to_curiosity_5
1034260 [main] DEBUG kafka.producer.BrokerPartitionInfo  - Partition [earth_to_curiosity_5,0] has leader 0
1034261 [main] DEBUG kafka.producer.async.DefaultEventHandler  - Broker partitions registered for topic: earth_to_curiosity_5 are 0
1034262 [main] DEBUG kafka.producer.async.DefaultEventHandler  - Sending 1 messages with no compression to [earth_to_curiosity_5,0]
1034263 [main] DEBUG kafka.producer.async.DefaultEventHandler  - Producer sending messages with correlation id 15 for topics [earth_to_curiosity_5,0] to broker 0 on zion-portable:9092
1034265 [main] DEBUG kafka.producer.async.DefaultEventHandler  - Producer sent messages with correlation id 15 for topics [earth_to_curiosity_5,0] to broker 0 on zion-portable:9092
1106698 [main] DEBUG kafka.producer.async.DefaultEventHandler  - Handling 1 events
1106698 [main] DEBUG kafka.producer.BrokerPartitionInfo  - Getting broker partition info for topic earth_to_curiosity_5
1106699 [main] DEBUG kafka.producer.BrokerPartitionInfo  - Partition [earth_to_curiosity_5,0] has leader 0
1106699 [main] DEBUG kafka.producer.async.DefaultEventHandler  - Broker partitions registered for topic: earth_to_curiosity_5 are 0
1106700 [main] DEBUG kafka.producer.async.DefaultEventHandler  - Sending 1 messages with no compression to [earth_to_curiosity_5,0]
1106701 [main] DEBUG kafka.producer.async.DefaultEventHandler  - Producer sending messages with correlation id 17 for topics [earth_to_curiosity_5,0] to broker 0 on zion-portable:9092
1106703 [main] DEBUG kafka.producer.async.DefaultEventHandler  - Producer sent messages with correlation id 17 for topics [earth_to_curiosity_5,0] to broker 0 on zion-portable:9092
