0 [main] INFO org.apache.kafka.clients.producer.ProducerConfig  - ProducerConfig values: 
	compression.type = none
	metric.reporters = []
	metadata.max.age.ms = 300000
	metadata.fetch.timeout.ms = 60000
	reconnect.backoff.ms = 50
	sasl.kerberos.ticket.renew.window.factor = 0.8
	bootstrap.servers = [antares-mainframe:9092]
	retry.backoff.ms = 100
	sasl.kerberos.kinit.cmd = /usr/bin/kinit
	buffer.memory = 33554432
	timeout.ms = 30000
	key.serializer = class org.apache.kafka.common.serialization.StringSerializer
	sasl.kerberos.service.name = null
	sasl.kerberos.ticket.renew.jitter = 0.05
	ssl.keystore.type = JKS
	ssl.trustmanager.algorithm = PKIX
	block.on.buffer.full = false
	ssl.key.password = null
	max.block.ms = 60000
	sasl.kerberos.min.time.before.relogin = 60000
	connections.max.idle.ms = 540000
	ssl.truststore.password = null
	max.in.flight.requests.per.connection = 5
	metrics.num.samples = 2
	client.id = 
	ssl.endpoint.identification.algorithm = null
	ssl.protocol = TLS
	request.timeout.ms = 30000
	ssl.provider = null
	ssl.enabled.protocols = [TLSv1.2, TLSv1.1, TLSv1]
	acks = 1
	batch.size = 16384
	ssl.keystore.location = null
	receive.buffer.bytes = 32768
	ssl.cipher.suites = null
	ssl.truststore.type = JKS
	security.protocol = PLAINTEXT
	retries = 0
	max.request.size = 1048576
	value.serializer = class org.apache.kafka.common.serialization.ByteArraySerializer
	ssl.truststore.location = null
	ssl.keystore.password = null
	ssl.keymanager.algorithm = SunX509
	metrics.sample.window.ms = 30000
	partitioner.class = class org.apache.kafka.clients.producer.internals.DefaultPartitioner
	send.buffer.bytes = 131072
	linger.ms = 0

9 [main] DEBUG org.apache.kafka.common.metrics.Metrics  - Added sensor with name bufferpool-wait-time
56 [main] DEBUG org.apache.kafka.common.metrics.Metrics  - Added sensor with name buffer-exhausted-records
59 [main] DEBUG org.apache.kafka.clients.Metadata  - Updated cluster metadata version 1 to Cluster(nodes = [Node(-1, antares-mainframe, 9092)], partitions = [])
65 [main] DEBUG org.apache.kafka.common.metrics.Metrics  - Added sensor with name connections-closed:client-id-producer-1
65 [main] DEBUG org.apache.kafka.common.metrics.Metrics  - Added sensor with name connections-created:client-id-producer-1
65 [main] DEBUG org.apache.kafka.common.metrics.Metrics  - Added sensor with name bytes-sent-received:client-id-producer-1
65 [main] DEBUG org.apache.kafka.common.metrics.Metrics  - Added sensor with name bytes-sent:client-id-producer-1
66 [main] DEBUG org.apache.kafka.common.metrics.Metrics  - Added sensor with name bytes-received:client-id-producer-1
66 [main] DEBUG org.apache.kafka.common.metrics.Metrics  - Added sensor with name select-time:client-id-producer-1
67 [main] DEBUG org.apache.kafka.common.metrics.Metrics  - Added sensor with name io-time:client-id-producer-1
69 [main] DEBUG org.apache.kafka.common.metrics.Metrics  - Added sensor with name batch-size
70 [main] DEBUG org.apache.kafka.common.metrics.Metrics  - Added sensor with name compression-rate
70 [main] DEBUG org.apache.kafka.common.metrics.Metrics  - Added sensor with name queue-time
70 [main] DEBUG org.apache.kafka.common.metrics.Metrics  - Added sensor with name request-time
70 [main] DEBUG org.apache.kafka.common.metrics.Metrics  - Added sensor with name produce-throttle-time
70 [main] DEBUG org.apache.kafka.common.metrics.Metrics  - Added sensor with name records-per-request
71 [main] DEBUG org.apache.kafka.common.metrics.Metrics  - Added sensor with name record-retries
71 [main] DEBUG org.apache.kafka.common.metrics.Metrics  - Added sensor with name errors
71 [main] DEBUG org.apache.kafka.common.metrics.Metrics  - Added sensor with name record-size-max
72 [kafka-producer-network-thread | producer-1] DEBUG org.apache.kafka.clients.producer.internals.Sender  - Starting Kafka producer I/O thread.
72 [main] WARN org.apache.kafka.clients.producer.ProducerConfig  - The configuration zookeeper.connect = antares-mainframe:2181 was supplied but isn't a known config.
73 [main] WARN org.apache.kafka.clients.producer.ProducerConfig  - The configuration group.id = space.exploration.mars.rover.curiosity.1543022843179 was supplied but isn't a known config.
73 [main] WARN org.apache.kafka.clients.producer.ProducerConfig  - The configuration source.topic = curiosity_to_earth_6 was supplied but isn't a known config.
73 [main] WARN org.apache.kafka.clients.producer.ProducerConfig  - The configuration auto.offset.reset = largest was supplied but isn't a known config.
73 [main] WARN org.apache.kafka.clients.producer.ProducerConfig  - The configuration metadata.broker.list = antares-mainframe:9092 was supplied but isn't a known config.
73 [main] WARN org.apache.kafka.clients.producer.ProducerConfig  - The configuration destination.topic = earth_to_curiosity_6 was supplied but isn't a known config.
74 [main] INFO org.apache.kafka.common.utils.AppInfoParser  - Kafka version : 0.9.0.1
74 [main] INFO org.apache.kafka.common.utils.AppInfoParser  - Kafka commitId : 23c69d62a0cabf06
74 [main] DEBUG org.apache.kafka.clients.producer.KafkaProducer  - Kafka producer started
37336 [kafka-producer-network-thread | producer-1] DEBUG org.apache.kafka.clients.NetworkClient  - Initialize connection to node -1 for sending metadata request
37336 [kafka-producer-network-thread | producer-1] DEBUG org.apache.kafka.clients.NetworkClient  - Initiating connection to node -1 at antares-mainframe:9092.
37344 [kafka-producer-network-thread | producer-1] DEBUG org.apache.kafka.common.metrics.Metrics  - Added sensor with name node--1.bytes-sent
37344 [kafka-producer-network-thread | producer-1] DEBUG org.apache.kafka.common.metrics.Metrics  - Added sensor with name node--1.bytes-received
37344 [kafka-producer-network-thread | producer-1] DEBUG org.apache.kafka.common.metrics.Metrics  - Added sensor with name node--1.latency
37345 [kafka-producer-network-thread | producer-1] DEBUG org.apache.kafka.clients.NetworkClient  - Completed connection to node -1
37357 [kafka-producer-network-thread | producer-1] DEBUG org.apache.kafka.clients.NetworkClient  - Sending metadata request ClientRequest(expectResponse=true, callback=null, request=RequestSend(header={api_key=3,api_version=0,correlation_id=0,client_id=producer-1}, body={topics=[earth_to_curiosity_6]}), isInitiatedByNetworkClient, createdTimeMs=1543022880549, sendTimeMs=0) to node -1
37365 [kafka-producer-network-thread | producer-1] DEBUG org.apache.kafka.clients.Metadata  - Updated cluster metadata version 2 to Cluster(nodes = [Node(0, antares-mainframe, 9092)], partitions = [Partition(topic = earth_to_curiosity_6, partition = 0, leader = 0, replicas = [0,], isr = [0,]])
37371 [kafka-producer-network-thread | producer-1] DEBUG org.apache.kafka.clients.NetworkClient  - Initiating connection to node 0 at antares-mainframe:9092.
37371 [kafka-producer-network-thread | producer-1] DEBUG org.apache.kafka.common.metrics.Metrics  - Added sensor with name node-0.bytes-sent
37371 [kafka-producer-network-thread | producer-1] DEBUG org.apache.kafka.common.metrics.Metrics  - Added sensor with name node-0.bytes-received
37372 [kafka-producer-network-thread | producer-1] DEBUG org.apache.kafka.common.metrics.Metrics  - Added sensor with name node-0.latency
37372 [kafka-producer-network-thread | producer-1] DEBUG org.apache.kafka.clients.NetworkClient  - Completed connection to node 0
37372 [kafka-producer-network-thread | producer-1] DEBUG org.apache.kafka.common.metrics.Metrics  - Added sensor with name topic.earth_to_curiosity_6.records-per-batch
37372 [kafka-producer-network-thread | producer-1] DEBUG org.apache.kafka.common.metrics.Metrics  - Added sensor with name topic.earth_to_curiosity_6.bytes
37372 [kafka-producer-network-thread | producer-1] DEBUG org.apache.kafka.common.metrics.Metrics  - Added sensor with name topic.earth_to_curiosity_6.compression-rate
37372 [kafka-producer-network-thread | producer-1] DEBUG org.apache.kafka.common.metrics.Metrics  - Added sensor with name topic.earth_to_curiosity_6.record-retries
37372 [kafka-producer-network-thread | producer-1] DEBUG org.apache.kafka.common.metrics.Metrics  - Added sensor with name topic.earth_to_curiosity_6.record-errors
