0 [main] INFO kafka.utils.VerifiableProperties  - Verifying properties
34 [main] WARN kafka.utils.VerifiableProperties  - Property auto.offset.reset is not valid
34 [main] WARN kafka.utils.VerifiableProperties  - Property bootstrap.servers is not valid
34 [main] WARN kafka.utils.VerifiableProperties  - Property destination.topic is not valid
34 [main] WARN kafka.utils.VerifiableProperties  - Property group.id is not valid
34 [main] WARN kafka.utils.VerifiableProperties  - Property key.serializer is not valid
34 [main] INFO kafka.utils.VerifiableProperties  - Property metadata.broker.list is overridden to localhost:9092
35 [main] WARN kafka.utils.VerifiableProperties  - Property source.topic is not valid
35 [main] WARN kafka.utils.VerifiableProperties  - Property value.serializer is not valid
35 [main] WARN kafka.utils.VerifiableProperties  - Property zookeeper.connect is not valid
27214 [main] DEBUG kafka.producer.async.DefaultEventHandler  - Handling 1 events
27235 [main] INFO kafka.client.ClientUtils$  - Fetching metadata from broker BrokerEndPoint(0,localhost,9092) with correlation id 0 for 1 topic(s) Set(earth_to_curiosity_5)
27284 [main] DEBUG kafka.network.BlockingChannel  - Created socket with SO_TIMEOUT = 10000 (requested 10000), SO_RCVBUF = 530904 (requested -1), SO_SNDBUF = 102400 (requested 102400), connectTimeoutMs = 10000.
27284 [main] INFO kafka.producer.SyncProducer  - Connected to localhost:9092 for producing
27295 [main] INFO kafka.producer.SyncProducer  - Disconnecting from localhost:9092
27296 [main] DEBUG kafka.client.ClientUtils$  - Successfully fetched metadata for 1 topic(s) Set(earth_to_curiosity_5)
27303 [main] DEBUG kafka.producer.BrokerPartitionInfo  - Getting broker partition info for topic earth_to_curiosity_5
27304 [main] DEBUG kafka.producer.BrokerPartitionInfo  - Partition [earth_to_curiosity_5,0] has leader 0
27305 [main] DEBUG kafka.producer.async.DefaultEventHandler  - Broker partitions registered for topic: earth_to_curiosity_5 are 0
27308 [main] DEBUG kafka.producer.async.DefaultEventHandler  - Sending 1 messages with no compression to [earth_to_curiosity_5,0]
27314 [main] DEBUG kafka.producer.async.DefaultEventHandler  - Producer sending messages with correlation id 2 for topics [earth_to_curiosity_5,0] to broker 0 on zion-mainframe:9092
27321 [main] DEBUG kafka.network.BlockingChannel  - Created socket with SO_TIMEOUT = 10000 (requested 10000), SO_RCVBUF = 530904 (requested -1), SO_SNDBUF = 102400 (requested 102400), connectTimeoutMs = 10000.
27321 [main] INFO kafka.producer.SyncProducer  - Connected to zion-mainframe:9092 for producing
27325 [main] DEBUG kafka.producer.async.DefaultEventHandler  - Producer sent messages with correlation id 2 for topics [earth_to_curiosity_5,0] to broker 0 on zion-mainframe:9092
258396 [main] DEBUG kafka.producer.async.DefaultEventHandler  - Handling 1 events
258396 [main] DEBUG kafka.producer.BrokerPartitionInfo  - Getting broker partition info for topic earth_to_curiosity_5
258396 [main] DEBUG kafka.producer.BrokerPartitionInfo  - Partition [earth_to_curiosity_5,0] has leader 0
258396 [main] DEBUG kafka.producer.async.DefaultEventHandler  - Broker partitions registered for topic: earth_to_curiosity_5 are 0
258396 [main] DEBUG kafka.producer.async.DefaultEventHandler  - Sending 1 messages with no compression to [earth_to_curiosity_5,0]
258399 [main] DEBUG kafka.producer.async.DefaultEventHandler  - Producer sending messages with correlation id 4 for topics [earth_to_curiosity_5,0] to broker 0 on zion-mainframe:9092
258406 [main] DEBUG kafka.producer.async.DefaultEventHandler  - Producer sent messages with correlation id 4 for topics [earth_to_curiosity_5,0] to broker 0 on zion-mainframe:9092
