0 [main] INFO kafka.utils.VerifiableProperties  - Verifying properties
34 [main] WARN kafka.utils.VerifiableProperties  - Property auto.offset.reset is not valid
34 [main] WARN kafka.utils.VerifiableProperties  - Property bootstrap.servers is not valid
34 [main] WARN kafka.utils.VerifiableProperties  - Property destination.topic is not valid
34 [main] WARN kafka.utils.VerifiableProperties  - Property group.id is not valid
35 [main] WARN kafka.utils.VerifiableProperties  - Property key.serializer is not valid
35 [main] INFO kafka.utils.VerifiableProperties  - Property metadata.broker.list is overridden to localhost:9092
35 [main] WARN kafka.utils.VerifiableProperties  - Property source.topic is not valid
35 [main] WARN kafka.utils.VerifiableProperties  - Property value.serializer is not valid
35 [main] WARN kafka.utils.VerifiableProperties  - Property zookeeper.connect is not valid
29331 [main] DEBUG kafka.producer.async.DefaultEventHandler  - Handling 1 events
29353 [main] INFO kafka.client.ClientUtils$  - Fetching metadata from broker BrokerEndPoint(0,localhost,9092) with correlation id 0 for 1 topic(s) Set(earth_to_curiosity_5)
29360 [main] DEBUG kafka.network.BlockingChannel  - Created socket with SO_TIMEOUT = 10000 (requested 10000), SO_RCVBUF = 530904 (requested -1), SO_SNDBUF = 102400 (requested 102400), connectTimeoutMs = 10000.
29360 [main] INFO kafka.producer.SyncProducer  - Connected to localhost:9092 for producing
29371 [main] INFO kafka.producer.SyncProducer  - Disconnecting from localhost:9092
29372 [main] DEBUG kafka.client.ClientUtils$  - Successfully fetched metadata for 1 topic(s) Set(earth_to_curiosity_5)
29381 [main] DEBUG kafka.producer.BrokerPartitionInfo  - Getting broker partition info for topic earth_to_curiosity_5
29381 [main] DEBUG kafka.producer.BrokerPartitionInfo  - Partition [earth_to_curiosity_5,0] has leader 0
29382 [main] DEBUG kafka.producer.async.DefaultEventHandler  - Broker partitions registered for topic: earth_to_curiosity_5 are 0
29386 [main] DEBUG kafka.producer.async.DefaultEventHandler  - Sending 1 messages with no compression to [earth_to_curiosity_5,0]
29397 [main] DEBUG kafka.producer.async.DefaultEventHandler  - Producer sending messages with correlation id 2 for topics [earth_to_curiosity_5,0] to broker 0 on zion-portable:9092
29404 [main] DEBUG kafka.network.BlockingChannel  - Created socket with SO_TIMEOUT = 10000 (requested 10000), SO_RCVBUF = 530904 (requested -1), SO_SNDBUF = 102400 (requested 102400), connectTimeoutMs = 10000.
29404 [main] INFO kafka.producer.SyncProducer  - Connected to zion-portable:9092 for producing
29404 [main] DEBUG kafka.producer.async.DefaultEventHandler  - Producer sent messages with correlation id 2 for topics [earth_to_curiosity_5,0] to broker 0 on zion-portable:9092
32064 [main] DEBUG kafka.producer.async.DefaultEventHandler  - Handling 1 events
32064 [main] DEBUG kafka.producer.BrokerPartitionInfo  - Getting broker partition info for topic earth_to_curiosity_5
32064 [main] DEBUG kafka.producer.BrokerPartitionInfo  - Partition [earth_to_curiosity_5,0] has leader 0
32064 [main] DEBUG kafka.producer.async.DefaultEventHandler  - Broker partitions registered for topic: earth_to_curiosity_5 are 0
32065 [main] DEBUG kafka.producer.async.DefaultEventHandler  - Sending 1 messages with no compression to [earth_to_curiosity_5,0]
32065 [main] DEBUG kafka.producer.async.DefaultEventHandler  - Producer sending messages with correlation id 4 for topics [earth_to_curiosity_5,0] to broker 0 on zion-portable:9092
32066 [main] DEBUG kafka.producer.async.DefaultEventHandler  - Producer sent messages with correlation id 4 for topics [earth_to_curiosity_5,0] to broker 0 on zion-portable:9092
34752 [main] DEBUG kafka.producer.async.DefaultEventHandler  - Handling 1 events
34753 [main] DEBUG kafka.producer.BrokerPartitionInfo  - Getting broker partition info for topic earth_to_curiosity_5
34753 [main] DEBUG kafka.producer.BrokerPartitionInfo  - Partition [earth_to_curiosity_5,0] has leader 0
34753 [main] DEBUG kafka.producer.async.DefaultEventHandler  - Broker partitions registered for topic: earth_to_curiosity_5 are 0
34754 [main] DEBUG kafka.producer.async.DefaultEventHandler  - Sending 1 messages with no compression to [earth_to_curiosity_5,0]
34754 [main] DEBUG kafka.producer.async.DefaultEventHandler  - Producer sending messages with correlation id 6 for topics [earth_to_curiosity_5,0] to broker 0 on zion-portable:9092
34755 [main] DEBUG kafka.producer.async.DefaultEventHandler  - Producer sent messages with correlation id 6 for topics [earth_to_curiosity_5,0] to broker 0 on zion-portable:9092
37296 [main] DEBUG kafka.producer.async.DefaultEventHandler  - Handling 1 events
37297 [main] DEBUG kafka.producer.BrokerPartitionInfo  - Getting broker partition info for topic earth_to_curiosity_5
37297 [main] DEBUG kafka.producer.BrokerPartitionInfo  - Partition [earth_to_curiosity_5,0] has leader 0
37297 [main] DEBUG kafka.producer.async.DefaultEventHandler  - Broker partitions registered for topic: earth_to_curiosity_5 are 0
37297 [main] DEBUG kafka.producer.async.DefaultEventHandler  - Sending 1 messages with no compression to [earth_to_curiosity_5,0]
37297 [main] DEBUG kafka.producer.async.DefaultEventHandler  - Producer sending messages with correlation id 8 for topics [earth_to_curiosity_5,0] to broker 0 on zion-portable:9092
37298 [main] DEBUG kafka.producer.async.DefaultEventHandler  - Producer sent messages with correlation id 8 for topics [earth_to_curiosity_5,0] to broker 0 on zion-portable:9092
39917 [main] DEBUG kafka.producer.async.DefaultEventHandler  - Handling 1 events
39917 [main] DEBUG kafka.producer.BrokerPartitionInfo  - Getting broker partition info for topic earth_to_curiosity_5
39918 [main] DEBUG kafka.producer.BrokerPartitionInfo  - Partition [earth_to_curiosity_5,0] has leader 0
39918 [main] DEBUG kafka.producer.async.DefaultEventHandler  - Broker partitions registered for topic: earth_to_curiosity_5 are 0
39918 [main] DEBUG kafka.producer.async.DefaultEventHandler  - Sending 1 messages with no compression to [earth_to_curiosity_5,0]
39918 [main] DEBUG kafka.producer.async.DefaultEventHandler  - Producer sending messages with correlation id 10 for topics [earth_to_curiosity_5,0] to broker 0 on zion-portable:9092
39919 [main] DEBUG kafka.producer.async.DefaultEventHandler  - Producer sent messages with correlation id 10 for topics [earth_to_curiosity_5,0] to broker 0 on zion-portable:9092
42369 [main] DEBUG kafka.producer.async.DefaultEventHandler  - Handling 1 events
42369 [main] DEBUG kafka.producer.BrokerPartitionInfo  - Getting broker partition info for topic earth_to_curiosity_5
42369 [main] DEBUG kafka.producer.BrokerPartitionInfo  - Partition [earth_to_curiosity_5,0] has leader 0
42370 [main] DEBUG kafka.producer.async.DefaultEventHandler  - Broker partitions registered for topic: earth_to_curiosity_5 are 0
42370 [main] DEBUG kafka.producer.async.DefaultEventHandler  - Sending 1 messages with no compression to [earth_to_curiosity_5,0]
42370 [main] DEBUG kafka.producer.async.DefaultEventHandler  - Producer sending messages with correlation id 12 for topics [earth_to_curiosity_5,0] to broker 0 on zion-portable:9092
42371 [main] DEBUG kafka.producer.async.DefaultEventHandler  - Producer sent messages with correlation id 12 for topics [earth_to_curiosity_5,0] to broker 0 on zion-portable:9092
1001175 [main] DEBUG kafka.producer.async.DefaultEventHandler  - Handling 1 events
1001175 [main] INFO kafka.client.ClientUtils$  - Fetching metadata from broker BrokerEndPoint(0,localhost,9092) with correlation id 13 for 1 topic(s) Set(earth_to_curiosity_5)
1001176 [main] DEBUG kafka.network.BlockingChannel  - Created socket with SO_TIMEOUT = 10000 (requested 10000), SO_RCVBUF = 530904 (requested -1), SO_SNDBUF = 102400 (requested 102400), connectTimeoutMs = 10000.
1001176 [main] INFO kafka.producer.SyncProducer  - Connected to localhost:9092 for producing
1001177 [main] INFO kafka.producer.SyncProducer  - Disconnecting from localhost:9092
1001177 [main] DEBUG kafka.client.ClientUtils$  - Successfully fetched metadata for 1 topic(s) Set(earth_to_curiosity_5)
1001177 [main] INFO kafka.producer.SyncProducer  - Disconnecting from zion-portable:9092
1001178 [main] DEBUG kafka.producer.BrokerPartitionInfo  - Getting broker partition info for topic earth_to_curiosity_5
1001178 [main] DEBUG kafka.producer.BrokerPartitionInfo  - Partition [earth_to_curiosity_5,0] has leader 0
1001178 [main] DEBUG kafka.producer.async.DefaultEventHandler  - Broker partitions registered for topic: earth_to_curiosity_5 are 0
1001178 [main] DEBUG kafka.producer.async.DefaultEventHandler  - Sending 1 messages with no compression to [earth_to_curiosity_5,0]
1001179 [main] DEBUG kafka.producer.async.DefaultEventHandler  - Producer sending messages with correlation id 15 for topics [earth_to_curiosity_5,0] to broker 0 on zion-portable:9092
1001179 [main] DEBUG kafka.network.BlockingChannel  - Created socket with SO_TIMEOUT = 10000 (requested 10000), SO_RCVBUF = 530904 (requested -1), SO_SNDBUF = 102400 (requested 102400), connectTimeoutMs = 10000.
1001179 [main] INFO kafka.producer.SyncProducer  - Connected to zion-portable:9092 for producing
1001180 [main] DEBUG kafka.producer.async.DefaultEventHandler  - Producer sent messages with correlation id 15 for topics [earth_to_curiosity_5,0] to broker 0 on zion-portable:9092
1007916 [main] DEBUG kafka.producer.async.DefaultEventHandler  - Handling 1 events
1007916 [main] DEBUG kafka.producer.BrokerPartitionInfo  - Getting broker partition info for topic earth_to_curiosity_5
1007916 [main] DEBUG kafka.producer.BrokerPartitionInfo  - Partition [earth_to_curiosity_5,0] has leader 0
1007916 [main] DEBUG kafka.producer.async.DefaultEventHandler  - Broker partitions registered for topic: earth_to_curiosity_5 are 0
1007917 [main] DEBUG kafka.producer.async.DefaultEventHandler  - Sending 1 messages with no compression to [earth_to_curiosity_5,0]
1007917 [main] DEBUG kafka.producer.async.DefaultEventHandler  - Producer sending messages with correlation id 17 for topics [earth_to_curiosity_5,0] to broker 0 on zion-portable:9092
1007919 [main] DEBUG kafka.producer.async.DefaultEventHandler  - Producer sent messages with correlation id 17 for topics [earth_to_curiosity_5,0] to broker 0 on zion-portable:9092
1015128 [main] DEBUG kafka.producer.async.DefaultEventHandler  - Handling 1 events
1015128 [main] DEBUG kafka.producer.BrokerPartitionInfo  - Getting broker partition info for topic earth_to_curiosity_5
1015128 [main] DEBUG kafka.producer.BrokerPartitionInfo  - Partition [earth_to_curiosity_5,0] has leader 0
1015129 [main] DEBUG kafka.producer.async.DefaultEventHandler  - Broker partitions registered for topic: earth_to_curiosity_5 are 0
1015129 [main] DEBUG kafka.producer.async.DefaultEventHandler  - Sending 1 messages with no compression to [earth_to_curiosity_5,0]
1015129 [main] DEBUG kafka.producer.async.DefaultEventHandler  - Producer sending messages with correlation id 19 for topics [earth_to_curiosity_5,0] to broker 0 on zion-portable:9092
1015130 [main] DEBUG kafka.producer.async.DefaultEventHandler  - Producer sent messages with correlation id 19 for topics [earth_to_curiosity_5,0] to broker 0 on zion-portable:9092
1590477 [main] DEBUG kafka.producer.async.DefaultEventHandler  - Handling 1 events
1590477 [main] DEBUG kafka.producer.BrokerPartitionInfo  - Getting broker partition info for topic earth_to_curiosity_5
1590477 [main] DEBUG kafka.producer.BrokerPartitionInfo  - Partition [earth_to_curiosity_5,0] has leader 0
1590477 [main] DEBUG kafka.producer.async.DefaultEventHandler  - Broker partitions registered for topic: earth_to_curiosity_5 are 0
1590478 [main] DEBUG kafka.producer.async.DefaultEventHandler  - Sending 1 messages with no compression to [earth_to_curiosity_5,0]
1590478 [main] DEBUG kafka.producer.async.DefaultEventHandler  - Producer sending messages with correlation id 21 for topics [earth_to_curiosity_5,0] to broker 0 on zion-portable:9092
1590480 [main] DEBUG kafka.producer.async.DefaultEventHandler  - Producer sent messages with correlation id 21 for topics [earth_to_curiosity_5,0] to broker 0 on zion-portable:9092
1596990 [main] DEBUG kafka.producer.async.DefaultEventHandler  - Handling 1 events
1596990 [main] DEBUG kafka.producer.BrokerPartitionInfo  - Getting broker partition info for topic earth_to_curiosity_5
1596990 [main] DEBUG kafka.producer.BrokerPartitionInfo  - Partition [earth_to_curiosity_5,0] has leader 0
1596991 [main] DEBUG kafka.producer.async.DefaultEventHandler  - Broker partitions registered for topic: earth_to_curiosity_5 are 0
1596991 [main] DEBUG kafka.producer.async.DefaultEventHandler  - Sending 1 messages with no compression to [earth_to_curiosity_5,0]
1596991 [main] DEBUG kafka.producer.async.DefaultEventHandler  - Producer sending messages with correlation id 23 for topics [earth_to_curiosity_5,0] to broker 0 on zion-portable:9092
1596992 [main] DEBUG kafka.producer.async.DefaultEventHandler  - Producer sent messages with correlation id 23 for topics [earth_to_curiosity_5,0] to broker 0 on zion-portable:9092
1604814 [main] DEBUG kafka.producer.async.DefaultEventHandler  - Handling 1 events
1604814 [main] INFO kafka.client.ClientUtils$  - Fetching metadata from broker BrokerEndPoint(0,localhost,9092) with correlation id 24 for 1 topic(s) Set(earth_to_curiosity_5)
1604815 [main] DEBUG kafka.network.BlockingChannel  - Created socket with SO_TIMEOUT = 10000 (requested 10000), SO_RCVBUF = 530904 (requested -1), SO_SNDBUF = 102400 (requested 102400), connectTimeoutMs = 10000.
1604815 [main] INFO kafka.producer.SyncProducer  - Connected to localhost:9092 for producing
1604816 [main] INFO kafka.producer.SyncProducer  - Disconnecting from localhost:9092
1604816 [main] DEBUG kafka.client.ClientUtils$  - Successfully fetched metadata for 1 topic(s) Set(earth_to_curiosity_5)
1604816 [main] INFO kafka.producer.SyncProducer  - Disconnecting from zion-portable:9092
1604817 [main] DEBUG kafka.producer.BrokerPartitionInfo  - Getting broker partition info for topic earth_to_curiosity_5
1604817 [main] DEBUG kafka.producer.BrokerPartitionInfo  - Partition [earth_to_curiosity_5,0] has leader 0
1604817 [main] DEBUG kafka.producer.async.DefaultEventHandler  - Broker partitions registered for topic: earth_to_curiosity_5 are 0
1604817 [main] DEBUG kafka.producer.async.DefaultEventHandler  - Sending 1 messages with no compression to [earth_to_curiosity_5,0]
1604818 [main] DEBUG kafka.producer.async.DefaultEventHandler  - Producer sending messages with correlation id 26 for topics [earth_to_curiosity_5,0] to broker 0 on zion-portable:9092
1604818 [main] DEBUG kafka.network.BlockingChannel  - Created socket with SO_TIMEOUT = 10000 (requested 10000), SO_RCVBUF = 530904 (requested -1), SO_SNDBUF = 102400 (requested 102400), connectTimeoutMs = 10000.
1604818 [main] INFO kafka.producer.SyncProducer  - Connected to zion-portable:9092 for producing
1604819 [main] DEBUG kafka.producer.async.DefaultEventHandler  - Producer sent messages with correlation id 26 for topics [earth_to_curiosity_5,0] to broker 0 on zion-portable:9092
1608591 [main] DEBUG kafka.producer.async.DefaultEventHandler  - Handling 1 events
1608591 [main] DEBUG kafka.producer.BrokerPartitionInfo  - Getting broker partition info for topic earth_to_curiosity_5
1608591 [main] DEBUG kafka.producer.BrokerPartitionInfo  - Partition [earth_to_curiosity_5,0] has leader 0
1608591 [main] DEBUG kafka.producer.async.DefaultEventHandler  - Broker partitions registered for topic: earth_to_curiosity_5 are 0
1608591 [main] DEBUG kafka.producer.async.DefaultEventHandler  - Sending 1 messages with no compression to [earth_to_curiosity_5,0]
1608592 [main] DEBUG kafka.producer.async.DefaultEventHandler  - Producer sending messages with correlation id 28 for topics [earth_to_curiosity_5,0] to broker 0 on zion-portable:9092
1608592 [main] DEBUG kafka.producer.async.DefaultEventHandler  - Producer sent messages with correlation id 28 for topics [earth_to_curiosity_5,0] to broker 0 on zion-portable:9092
1614708 [main] DEBUG kafka.producer.async.DefaultEventHandler  - Handling 1 events
1614708 [main] DEBUG kafka.producer.BrokerPartitionInfo  - Getting broker partition info for topic earth_to_curiosity_5
1614709 [main] DEBUG kafka.producer.BrokerPartitionInfo  - Partition [earth_to_curiosity_5,0] has leader 0
1614709 [main] DEBUG kafka.producer.async.DefaultEventHandler  - Broker partitions registered for topic: earth_to_curiosity_5 are 0
1614710 [main] DEBUG kafka.producer.async.DefaultEventHandler  - Sending 1 messages with no compression to [earth_to_curiosity_5,0]
1614710 [main] DEBUG kafka.producer.async.DefaultEventHandler  - Producer sending messages with correlation id 30 for topics [earth_to_curiosity_5,0] to broker 0 on zion-portable:9092
1614711 [main] DEBUG kafka.producer.async.DefaultEventHandler  - Producer sent messages with correlation id 30 for topics [earth_to_curiosity_5,0] to broker 0 on zion-portable:9092
1982506 [main] DEBUG kafka.producer.async.DefaultEventHandler  - Handling 1 events
1982506 [main] DEBUG kafka.producer.BrokerPartitionInfo  - Getting broker partition info for topic earth_to_curiosity_5
1982506 [main] DEBUG kafka.producer.BrokerPartitionInfo  - Partition [earth_to_curiosity_5,0] has leader 0
1982506 [main] DEBUG kafka.producer.async.DefaultEventHandler  - Broker partitions registered for topic: earth_to_curiosity_5 are 0
1982506 [main] DEBUG kafka.producer.async.DefaultEventHandler  - Sending 1 messages with no compression to [earth_to_curiosity_5,0]
1982507 [main] DEBUG kafka.producer.async.DefaultEventHandler  - Producer sending messages with correlation id 32 for topics [earth_to_curiosity_5,0] to broker 0 on zion-portable:9092
1982507 [main] DEBUG kafka.producer.async.DefaultEventHandler  - Producer sent messages with correlation id 32 for topics [earth_to_curiosity_5,0] to broker 0 on zion-portable:9092
1990713 [main] DEBUG kafka.producer.async.DefaultEventHandler  - Handling 1 events
1990713 [main] DEBUG kafka.producer.BrokerPartitionInfo  - Getting broker partition info for topic earth_to_curiosity_5
1990713 [main] DEBUG kafka.producer.BrokerPartitionInfo  - Partition [earth_to_curiosity_5,0] has leader 0
1990713 [main] DEBUG kafka.producer.async.DefaultEventHandler  - Broker partitions registered for topic: earth_to_curiosity_5 are 0
1990713 [main] DEBUG kafka.producer.async.DefaultEventHandler  - Sending 1 messages with no compression to [earth_to_curiosity_5,0]
1990713 [main] DEBUG kafka.producer.async.DefaultEventHandler  - Producer sending messages with correlation id 34 for topics [earth_to_curiosity_5,0] to broker 0 on zion-portable:9092
1990714 [main] DEBUG kafka.producer.async.DefaultEventHandler  - Producer sent messages with correlation id 34 for topics [earth_to_curiosity_5,0] to broker 0 on zion-portable:9092
1996477 [main] DEBUG kafka.producer.async.DefaultEventHandler  - Handling 1 events
1996477 [main] DEBUG kafka.producer.BrokerPartitionInfo  - Getting broker partition info for topic earth_to_curiosity_5
1996477 [main] DEBUG kafka.producer.BrokerPartitionInfo  - Partition [earth_to_curiosity_5,0] has leader 0
1996477 [main] DEBUG kafka.producer.async.DefaultEventHandler  - Broker partitions registered for topic: earth_to_curiosity_5 are 0
1996478 [main] DEBUG kafka.producer.async.DefaultEventHandler  - Sending 1 messages with no compression to [earth_to_curiosity_5,0]
1996478 [main] DEBUG kafka.producer.async.DefaultEventHandler  - Producer sending messages with correlation id 36 for topics [earth_to_curiosity_5,0] to broker 0 on zion-portable:9092
1996479 [main] DEBUG kafka.producer.async.DefaultEventHandler  - Producer sent messages with correlation id 36 for topics [earth_to_curiosity_5,0] to broker 0 on zion-portable:9092
2000451 [main] DEBUG kafka.producer.async.DefaultEventHandler  - Handling 1 events
2000452 [main] DEBUG kafka.producer.BrokerPartitionInfo  - Getting broker partition info for topic earth_to_curiosity_5
2000452 [main] DEBUG kafka.producer.BrokerPartitionInfo  - Partition [earth_to_curiosity_5,0] has leader 0
2000452 [main] DEBUG kafka.producer.async.DefaultEventHandler  - Broker partitions registered for topic: earth_to_curiosity_5 are 0
2000452 [main] DEBUG kafka.producer.async.DefaultEventHandler  - Sending 1 messages with no compression to [earth_to_curiosity_5,0]
2000452 [main] DEBUG kafka.producer.async.DefaultEventHandler  - Producer sending messages with correlation id 38 for topics [earth_to_curiosity_5,0] to broker 0 on zion-portable:9092
2000453 [main] DEBUG kafka.producer.async.DefaultEventHandler  - Producer sent messages with correlation id 38 for topics [earth_to_curiosity_5,0] to broker 0 on zion-portable:9092
2005444 [main] DEBUG kafka.producer.async.DefaultEventHandler  - Handling 1 events
2005444 [main] DEBUG kafka.producer.BrokerPartitionInfo  - Getting broker partition info for topic earth_to_curiosity_5
2005444 [main] DEBUG kafka.producer.BrokerPartitionInfo  - Partition [earth_to_curiosity_5,0] has leader 0
2005444 [main] DEBUG kafka.producer.async.DefaultEventHandler  - Broker partitions registered for topic: earth_to_curiosity_5 are 0
2005444 [main] DEBUG kafka.producer.async.DefaultEventHandler  - Sending 1 messages with no compression to [earth_to_curiosity_5,0]
2005445 [main] DEBUG kafka.producer.async.DefaultEventHandler  - Producer sending messages with correlation id 40 for topics [earth_to_curiosity_5,0] to broker 0 on zion-portable:9092
2005445 [main] DEBUG kafka.producer.async.DefaultEventHandler  - Producer sent messages with correlation id 40 for topics [earth_to_curiosity_5,0] to broker 0 on zion-portable:9092
2009541 [main] DEBUG kafka.producer.async.DefaultEventHandler  - Handling 1 events
2009541 [main] DEBUG kafka.producer.BrokerPartitionInfo  - Getting broker partition info for topic earth_to_curiosity_5
2009541 [main] DEBUG kafka.producer.BrokerPartitionInfo  - Partition [earth_to_curiosity_5,0] has leader 0
2009541 [main] DEBUG kafka.producer.async.DefaultEventHandler  - Broker partitions registered for topic: earth_to_curiosity_5 are 0
2009541 [main] DEBUG kafka.producer.async.DefaultEventHandler  - Sending 1 messages with no compression to [earth_to_curiosity_5,0]
2009541 [main] DEBUG kafka.producer.async.DefaultEventHandler  - Producer sending messages with correlation id 42 for topics [earth_to_curiosity_5,0] to broker 0 on zion-portable:9092
2009542 [main] DEBUG kafka.producer.async.DefaultEventHandler  - Producer sent messages with correlation id 42 for topics [earth_to_curiosity_5,0] to broker 0 on zion-portable:9092
2921483 [main] DEBUG kafka.producer.async.DefaultEventHandler  - Handling 1 events
2921483 [main] INFO kafka.client.ClientUtils$  - Fetching metadata from broker BrokerEndPoint(0,localhost,9092) with correlation id 43 for 1 topic(s) Set(earth_to_curiosity_5)
2921484 [main] DEBUG kafka.network.BlockingChannel  - Created socket with SO_TIMEOUT = 10000 (requested 10000), SO_RCVBUF = 530904 (requested -1), SO_SNDBUF = 102400 (requested 102400), connectTimeoutMs = 10000.
2921484 [main] INFO kafka.producer.SyncProducer  - Connected to localhost:9092 for producing
2921486 [main] INFO kafka.producer.SyncProducer  - Disconnecting from localhost:9092
2921486 [main] DEBUG kafka.client.ClientUtils$  - Successfully fetched metadata for 1 topic(s) Set(earth_to_curiosity_5)
2921487 [main] INFO kafka.producer.SyncProducer  - Disconnecting from zion-portable:9092
2921487 [main] DEBUG kafka.producer.BrokerPartitionInfo  - Getting broker partition info for topic earth_to_curiosity_5
2921487 [main] DEBUG kafka.producer.BrokerPartitionInfo  - Partition [earth_to_curiosity_5,0] has leader 0
2921488 [main] DEBUG kafka.producer.async.DefaultEventHandler  - Broker partitions registered for topic: earth_to_curiosity_5 are 0
2921488 [main] DEBUG kafka.producer.async.DefaultEventHandler  - Sending 1 messages with no compression to [earth_to_curiosity_5,0]
2921488 [main] DEBUG kafka.producer.async.DefaultEventHandler  - Producer sending messages with correlation id 45 for topics [earth_to_curiosity_5,0] to broker 0 on zion-portable:9092
2921489 [main] DEBUG kafka.network.BlockingChannel  - Created socket with SO_TIMEOUT = 10000 (requested 10000), SO_RCVBUF = 530904 (requested -1), SO_SNDBUF = 102400 (requested 102400), connectTimeoutMs = 10000.
2921490 [main] INFO kafka.producer.SyncProducer  - Connected to zion-portable:9092 for producing
2921490 [main] DEBUG kafka.producer.async.DefaultEventHandler  - Producer sent messages with correlation id 45 for topics [earth_to_curiosity_5,0] to broker 0 on zion-portable:9092
