0 [main] INFO kafka.utils.VerifiableProperties  - Verifying properties
30 [main] WARN kafka.utils.VerifiableProperties  - Property auto.offset.reset is not valid
31 [main] WARN kafka.utils.VerifiableProperties  - Property bootstrap.servers is not valid
31 [main] WARN kafka.utils.VerifiableProperties  - Property destination.topic is not valid
31 [main] WARN kafka.utils.VerifiableProperties  - Property group.id is not valid
31 [main] WARN kafka.utils.VerifiableProperties  - Property key.serializer is not valid
31 [main] INFO kafka.utils.VerifiableProperties  - Property metadata.broker.list is overridden to localhost:9092
31 [main] WARN kafka.utils.VerifiableProperties  - Property source.topic is not valid
32 [main] WARN kafka.utils.VerifiableProperties  - Property value.serializer is not valid
32 [main] WARN kafka.utils.VerifiableProperties  - Property zookeeper.connect is not valid
3057 [main] DEBUG kafka.producer.async.DefaultEventHandler  - Handling 1 events
3079 [main] INFO kafka.client.ClientUtils$  - Fetching metadata from broker BrokerEndPoint(0,localhost,9092) with correlation id 0 for 1 topic(s) Set(earth_to_curiosity_5)
3128 [main] DEBUG kafka.network.BlockingChannel  - Created socket with SO_TIMEOUT = 10000 (requested 10000), SO_RCVBUF = 530904 (requested -1), SO_SNDBUF = 102400 (requested 102400), connectTimeoutMs = 10000.
3128 [main] INFO kafka.producer.SyncProducer  - Connected to localhost:9092 for producing
3138 [main] INFO kafka.producer.SyncProducer  - Disconnecting from localhost:9092
3139 [main] DEBUG kafka.client.ClientUtils$  - Successfully fetched metadata for 1 topic(s) Set(earth_to_curiosity_5)
3146 [main] DEBUG kafka.producer.BrokerPartitionInfo  - Getting broker partition info for topic earth_to_curiosity_5
3147 [main] DEBUG kafka.producer.BrokerPartitionInfo  - Partition [earth_to_curiosity_5,0] has leader 0
3148 [main] DEBUG kafka.producer.async.DefaultEventHandler  - Broker partitions registered for topic: earth_to_curiosity_5 are 0
3151 [main] DEBUG kafka.producer.async.DefaultEventHandler  - Sending 1 messages with no compression to [earth_to_curiosity_5,0]
3158 [main] DEBUG kafka.producer.async.DefaultEventHandler  - Producer sending messages with correlation id 2 for topics [earth_to_curiosity_5,0] to broker 0 on zion-mainframe:9092
3173 [main] DEBUG kafka.network.BlockingChannel  - Created socket with SO_TIMEOUT = 10000 (requested 10000), SO_RCVBUF = 530904 (requested -1), SO_SNDBUF = 102400 (requested 102400), connectTimeoutMs = 10000.
3173 [main] INFO kafka.producer.SyncProducer  - Connected to zion-mainframe:9092 for producing
3186 [main] DEBUG kafka.producer.async.DefaultEventHandler  - Producer sent messages with correlation id 2 for topics [earth_to_curiosity_5,0] to broker 0 on zion-mainframe:9092
60379 [main] DEBUG kafka.producer.async.DefaultEventHandler  - Handling 1 events
60380 [main] DEBUG kafka.producer.BrokerPartitionInfo  - Getting broker partition info for topic earth_to_curiosity_5
60380 [main] DEBUG kafka.producer.BrokerPartitionInfo  - Partition [earth_to_curiosity_5,0] has leader 0
60381 [main] DEBUG kafka.producer.async.DefaultEventHandler  - Broker partitions registered for topic: earth_to_curiosity_5 are 0
60381 [main] DEBUG kafka.producer.async.DefaultEventHandler  - Sending 1 messages with no compression to [earth_to_curiosity_5,0]
60382 [main] DEBUG kafka.producer.async.DefaultEventHandler  - Producer sending messages with correlation id 4 for topics [earth_to_curiosity_5,0] to broker 0 on zion-mainframe:9092
60383 [main] DEBUG kafka.producer.async.DefaultEventHandler  - Producer sent messages with correlation id 4 for topics [earth_to_curiosity_5,0] to broker 0 on zion-mainframe:9092
133594 [main] DEBUG kafka.producer.async.DefaultEventHandler  - Handling 1 events
133595 [main] DEBUG kafka.producer.BrokerPartitionInfo  - Getting broker partition info for topic earth_to_curiosity_5
133595 [main] DEBUG kafka.producer.BrokerPartitionInfo  - Partition [earth_to_curiosity_5,0] has leader 0
133595 [main] DEBUG kafka.producer.async.DefaultEventHandler  - Broker partitions registered for topic: earth_to_curiosity_5 are 0
133596 [main] DEBUG kafka.producer.async.DefaultEventHandler  - Sending 1 messages with no compression to [earth_to_curiosity_5,0]
133596 [main] DEBUG kafka.producer.async.DefaultEventHandler  - Producer sending messages with correlation id 6 for topics [earth_to_curiosity_5,0] to broker 0 on zion-mainframe:9092
133597 [main] INFO kafka.producer.SyncProducer  - Disconnecting from zion-mainframe:9092
133600 [main] WARN kafka.producer.async.DefaultEventHandler  - Failed to send producer request with correlation id 6 to broker 0 with data for partitions [earth_to_curiosity_5,0]
java.io.IOException: Broken pipe
	at sun.nio.ch.FileDispatcherImpl.writev0(Native Method)
	at sun.nio.ch.SocketDispatcher.writev(SocketDispatcher.java:51)
	at sun.nio.ch.IOUtil.write(IOUtil.java:148)
	at sun.nio.ch.SocketChannelImpl.write(SocketChannelImpl.java:504)
	at java.nio.channels.SocketChannel.write(SocketChannel.java:502)
	at org.apache.kafka.common.network.ByteBufferSend.writeTo(ByteBufferSend.java:57)
	at kafka.network.RequestOrResponseSend.writeCompletely(RequestOrResponseSend.scala:50)
	at kafka.network.BlockingChannel.send(BlockingChannel.scala:113)
	at kafka.producer.SyncProducer.liftedTree1$1(SyncProducer.scala:75)
	at kafka.producer.SyncProducer.kafka$producer$SyncProducer$$doSend(SyncProducer.scala:74)
	at kafka.producer.SyncProducer$$anonfun$send$1$$anonfun$apply$mcV$sp$1.apply$mcV$sp(SyncProducer.scala:105)
	at kafka.producer.SyncProducer$$anonfun$send$1$$anonfun$apply$mcV$sp$1.apply(SyncProducer.scala:105)
	at kafka.producer.SyncProducer$$anonfun$send$1$$anonfun$apply$mcV$sp$1.apply(SyncProducer.scala:105)
	at kafka.metrics.KafkaTimer.time(KafkaTimer.scala:33)
	at kafka.producer.SyncProducer$$anonfun$send$1.apply$mcV$sp(SyncProducer.scala:104)
	at kafka.producer.SyncProducer$$anonfun$send$1.apply(SyncProducer.scala:104)
	at kafka.producer.SyncProducer$$anonfun$send$1.apply(SyncProducer.scala:104)
	at kafka.metrics.KafkaTimer.time(KafkaTimer.scala:33)
	at kafka.producer.SyncProducer.send(SyncProducer.scala:103)
	at kafka.producer.async.DefaultEventHandler.kafka$producer$async$DefaultEventHandler$$send(DefaultEventHandler.scala:257)
	at kafka.producer.async.DefaultEventHandler$$anonfun$dispatchSerializedData$2.apply(DefaultEventHandler.scala:108)
	at kafka.producer.async.DefaultEventHandler$$anonfun$dispatchSerializedData$2.apply(DefaultEventHandler.scala:100)
	at scala.collection.TraversableLike$WithFilter$$anonfun$foreach$1.apply(TraversableLike.scala:772)
	at scala.collection.mutable.HashMap$$anonfun$foreach$1.apply(HashMap.scala:98)
	at scala.collection.mutable.HashMap$$anonfun$foreach$1.apply(HashMap.scala:98)
	at scala.collection.mutable.HashTable$class.foreachEntry(HashTable.scala:226)
	at scala.collection.mutable.HashMap.foreachEntry(HashMap.scala:39)
	at scala.collection.mutable.HashMap.foreach(HashMap.scala:98)
	at scala.collection.TraversableLike$WithFilter.foreach(TraversableLike.scala:771)
	at kafka.producer.async.DefaultEventHandler.dispatchSerializedData(DefaultEventHandler.scala:100)
	at kafka.producer.async.DefaultEventHandler.handle(DefaultEventHandler.scala:73)
	at kafka.producer.Producer.send(Producer.scala:77)
	at kafka.javaapi.producer.Producer.send(Producer.scala:33)
	at naasa.gov.mission.control.Transmitter.transmitMessage(Transmitter.java:52)
	at naasa.gov.mission.control.ProducerManual.main(ProducerManual.java:78)
133603 [main] INFO kafka.producer.async.DefaultEventHandler  - Back off for 100 ms before retrying send. Remaining retries = 3
133705 [main] INFO kafka.client.ClientUtils$  - Fetching metadata from broker BrokerEndPoint(0,localhost,9092) with correlation id 7 for 1 topic(s) Set(earth_to_curiosity_5)
133707 [main] DEBUG kafka.network.BlockingChannel  - Created socket with SO_TIMEOUT = 10000 (requested 10000), SO_RCVBUF = 530904 (requested -1), SO_SNDBUF = 102400 (requested 102400), connectTimeoutMs = 10000.
133707 [main] INFO kafka.producer.SyncProducer  - Connected to localhost:9092 for producing
133709 [main] INFO kafka.producer.SyncProducer  - Disconnecting from localhost:9092
133710 [main] DEBUG kafka.client.ClientUtils$  - Successfully fetched metadata for 1 topic(s) Set(earth_to_curiosity_5)
133710 [main] INFO kafka.producer.SyncProducer  - Disconnecting from zion-mainframe:9092
133711 [main] DEBUG kafka.producer.BrokerPartitionInfo  - Getting broker partition info for topic earth_to_curiosity_5
133712 [main] DEBUG kafka.producer.BrokerPartitionInfo  - Partition [earth_to_curiosity_5,0] has leader 0
133712 [main] DEBUG kafka.producer.async.DefaultEventHandler  - Broker partitions registered for topic: earth_to_curiosity_5 are 0
133713 [main] DEBUG kafka.producer.async.DefaultEventHandler  - Sending 1 messages with no compression to [earth_to_curiosity_5,0]
133714 [main] DEBUG kafka.producer.async.DefaultEventHandler  - Producer sending messages with correlation id 9 for topics [earth_to_curiosity_5,0] to broker 0 on zion-mainframe:9092
133715 [main] DEBUG kafka.network.BlockingChannel  - Created socket with SO_TIMEOUT = 10000 (requested 10000), SO_RCVBUF = 530904 (requested -1), SO_SNDBUF = 102400 (requested 102400), connectTimeoutMs = 10000.
133715 [main] INFO kafka.producer.SyncProducer  - Connected to zion-mainframe:9092 for producing
133716 [main] DEBUG kafka.producer.async.DefaultEventHandler  - Producer sent messages with correlation id 9 for topics [earth_to_curiosity_5,0] to broker 0 on zion-mainframe:9092
143011 [main] DEBUG kafka.producer.async.DefaultEventHandler  - Handling 1 events
143011 [main] DEBUG kafka.producer.BrokerPartitionInfo  - Getting broker partition info for topic earth_to_curiosity_5
143011 [main] DEBUG kafka.producer.BrokerPartitionInfo  - Partition [earth_to_curiosity_5,0] has leader 0
143011 [main] DEBUG kafka.producer.async.DefaultEventHandler  - Broker partitions registered for topic: earth_to_curiosity_5 are 0
143016 [main] DEBUG kafka.producer.async.DefaultEventHandler  - Sending 1 messages with no compression to [earth_to_curiosity_5,0]
143016 [main] DEBUG kafka.producer.async.DefaultEventHandler  - Producer sending messages with correlation id 11 for topics [earth_to_curiosity_5,0] to broker 0 on zion-mainframe:9092
143017 [main] DEBUG kafka.producer.async.DefaultEventHandler  - Producer sent messages with correlation id 11 for topics [earth_to_curiosity_5,0] to broker 0 on zion-mainframe:9092
155984 [main] DEBUG kafka.producer.async.DefaultEventHandler  - Handling 1 events
155985 [main] DEBUG kafka.producer.BrokerPartitionInfo  - Getting broker partition info for topic earth_to_curiosity_5
155985 [main] DEBUG kafka.producer.BrokerPartitionInfo  - Partition [earth_to_curiosity_5,0] has leader 0
155985 [main] DEBUG kafka.producer.async.DefaultEventHandler  - Broker partitions registered for topic: earth_to_curiosity_5 are 0
155985 [main] DEBUG kafka.producer.async.DefaultEventHandler  - Sending 1 messages with no compression to [earth_to_curiosity_5,0]
155989 [main] DEBUG kafka.producer.async.DefaultEventHandler  - Producer sending messages with correlation id 13 for topics [earth_to_curiosity_5,0] to broker 0 on zion-mainframe:9092
156002 [main] DEBUG kafka.producer.async.DefaultEventHandler  - Producer sent messages with correlation id 13 for topics [earth_to_curiosity_5,0] to broker 0 on zion-mainframe:9092
239554 [main] DEBUG kafka.producer.async.DefaultEventHandler  - Handling 1 events
239554 [main] DEBUG kafka.producer.BrokerPartitionInfo  - Getting broker partition info for topic earth_to_curiosity_5
239554 [main] DEBUG kafka.producer.BrokerPartitionInfo  - Partition [earth_to_curiosity_5,0] has leader 0
239554 [main] DEBUG kafka.producer.async.DefaultEventHandler  - Broker partitions registered for topic: earth_to_curiosity_5 are 0
239554 [main] DEBUG kafka.producer.async.DefaultEventHandler  - Sending 1 messages with no compression to [earth_to_curiosity_5,0]
239557 [main] DEBUG kafka.producer.async.DefaultEventHandler  - Producer sending messages with correlation id 15 for topics [earth_to_curiosity_5,0] to broker 0 on zion-mainframe:9092
239568 [main] INFO kafka.producer.SyncProducer  - Disconnecting from zion-mainframe:9092
239568 [main] WARN kafka.producer.async.DefaultEventHandler  - Failed to send producer request with correlation id 15 to broker 0 with data for partitions [earth_to_curiosity_5,0]
java.io.IOException: Broken pipe
	at sun.nio.ch.FileDispatcherImpl.writev0(Native Method)
	at sun.nio.ch.SocketDispatcher.writev(SocketDispatcher.java:51)
	at sun.nio.ch.IOUtil.write(IOUtil.java:148)
	at sun.nio.ch.SocketChannelImpl.write(SocketChannelImpl.java:504)
	at java.nio.channels.SocketChannel.write(SocketChannel.java:502)
	at org.apache.kafka.common.network.ByteBufferSend.writeTo(ByteBufferSend.java:57)
	at kafka.network.RequestOrResponseSend.writeCompletely(RequestOrResponseSend.scala:50)
	at kafka.network.BlockingChannel.send(BlockingChannel.scala:113)
	at kafka.producer.SyncProducer.liftedTree1$1(SyncProducer.scala:75)
	at kafka.producer.SyncProducer.kafka$producer$SyncProducer$$doSend(SyncProducer.scala:74)
	at kafka.producer.SyncProducer$$anonfun$send$1$$anonfun$apply$mcV$sp$1.apply$mcV$sp(SyncProducer.scala:105)
	at kafka.producer.SyncProducer$$anonfun$send$1$$anonfun$apply$mcV$sp$1.apply(SyncProducer.scala:105)
	at kafka.producer.SyncProducer$$anonfun$send$1$$anonfun$apply$mcV$sp$1.apply(SyncProducer.scala:105)
	at kafka.metrics.KafkaTimer.time(KafkaTimer.scala:33)
	at kafka.producer.SyncProducer$$anonfun$send$1.apply$mcV$sp(SyncProducer.scala:104)
	at kafka.producer.SyncProducer$$anonfun$send$1.apply(SyncProducer.scala:104)
	at kafka.producer.SyncProducer$$anonfun$send$1.apply(SyncProducer.scala:104)
	at kafka.metrics.KafkaTimer.time(KafkaTimer.scala:33)
	at kafka.producer.SyncProducer.send(SyncProducer.scala:103)
	at kafka.producer.async.DefaultEventHandler.kafka$producer$async$DefaultEventHandler$$send(DefaultEventHandler.scala:257)
	at kafka.producer.async.DefaultEventHandler$$anonfun$dispatchSerializedData$2.apply(DefaultEventHandler.scala:108)
	at kafka.producer.async.DefaultEventHandler$$anonfun$dispatchSerializedData$2.apply(DefaultEventHandler.scala:100)
	at scala.collection.TraversableLike$WithFilter$$anonfun$foreach$1.apply(TraversableLike.scala:772)
	at scala.collection.mutable.HashMap$$anonfun$foreach$1.apply(HashMap.scala:98)
	at scala.collection.mutable.HashMap$$anonfun$foreach$1.apply(HashMap.scala:98)
	at scala.collection.mutable.HashTable$class.foreachEntry(HashTable.scala:226)
	at scala.collection.mutable.HashMap.foreachEntry(HashMap.scala:39)
	at scala.collection.mutable.HashMap.foreach(HashMap.scala:98)
	at scala.collection.TraversableLike$WithFilter.foreach(TraversableLike.scala:771)
	at kafka.producer.async.DefaultEventHandler.dispatchSerializedData(DefaultEventHandler.scala:100)
	at kafka.producer.async.DefaultEventHandler.handle(DefaultEventHandler.scala:73)
	at kafka.producer.Producer.send(Producer.scala:77)
	at kafka.javaapi.producer.Producer.send(Producer.scala:33)
	at naasa.gov.mission.control.Transmitter.transmitMessage(Transmitter.java:52)
	at naasa.gov.mission.control.ProducerManual.main(ProducerManual.java:98)
239569 [main] INFO kafka.producer.async.DefaultEventHandler  - Back off for 100 ms before retrying send. Remaining retries = 3
239670 [main] INFO kafka.client.ClientUtils$  - Fetching metadata from broker BrokerEndPoint(0,localhost,9092) with correlation id 16 for 1 topic(s) Set(earth_to_curiosity_5)
239672 [main] DEBUG kafka.network.BlockingChannel  - Created socket with SO_TIMEOUT = 10000 (requested 10000), SO_RCVBUF = 530904 (requested -1), SO_SNDBUF = 102400 (requested 102400), connectTimeoutMs = 10000.
239672 [main] INFO kafka.producer.SyncProducer  - Connected to localhost:9092 for producing
239674 [main] INFO kafka.producer.SyncProducer  - Disconnecting from localhost:9092
239675 [main] DEBUG kafka.client.ClientUtils$  - Successfully fetched metadata for 1 topic(s) Set(earth_to_curiosity_5)
239675 [main] INFO kafka.producer.SyncProducer  - Disconnecting from zion-mainframe:9092
239676 [main] DEBUG kafka.producer.BrokerPartitionInfo  - Getting broker partition info for topic earth_to_curiosity_5
239676 [main] DEBUG kafka.producer.BrokerPartitionInfo  - Partition [earth_to_curiosity_5,0] has leader 0
239677 [main] DEBUG kafka.producer.async.DefaultEventHandler  - Broker partitions registered for topic: earth_to_curiosity_5 are 0
239677 [main] DEBUG kafka.producer.async.DefaultEventHandler  - Sending 1 messages with no compression to [earth_to_curiosity_5,0]
239687 [main] DEBUG kafka.producer.async.DefaultEventHandler  - Producer sending messages with correlation id 18 for topics [earth_to_curiosity_5,0] to broker 0 on zion-mainframe:9092
239699 [main] DEBUG kafka.network.BlockingChannel  - Created socket with SO_TIMEOUT = 10000 (requested 10000), SO_RCVBUF = 530904 (requested -1), SO_SNDBUF = 102400 (requested 102400), connectTimeoutMs = 10000.
239699 [main] INFO kafka.producer.SyncProducer  - Connected to zion-mainframe:9092 for producing
239712 [main] DEBUG kafka.producer.async.DefaultEventHandler  - Producer sent messages with correlation id 18 for topics [earth_to_curiosity_5,0] to broker 0 on zion-mainframe:9092
261098 [main] DEBUG kafka.producer.async.DefaultEventHandler  - Handling 1 events
261098 [main] DEBUG kafka.producer.BrokerPartitionInfo  - Getting broker partition info for topic earth_to_curiosity_5
261098 [main] DEBUG kafka.producer.BrokerPartitionInfo  - Partition [earth_to_curiosity_5,0] has leader 0
261099 [main] DEBUG kafka.producer.async.DefaultEventHandler  - Broker partitions registered for topic: earth_to_curiosity_5 are 0
261100 [main] DEBUG kafka.producer.async.DefaultEventHandler  - Sending 1 messages with no compression to [earth_to_curiosity_5,0]
261101 [main] DEBUG kafka.producer.async.DefaultEventHandler  - Producer sending messages with correlation id 20 for topics [earth_to_curiosity_5,0] to broker 0 on zion-mainframe:9092
261105 [main] DEBUG kafka.producer.async.DefaultEventHandler  - Producer sent messages with correlation id 20 for topics [earth_to_curiosity_5,0] to broker 0 on zion-mainframe:9092
332253 [main] DEBUG kafka.producer.async.DefaultEventHandler  - Handling 1 events
332253 [main] DEBUG kafka.producer.BrokerPartitionInfo  - Getting broker partition info for topic earth_to_curiosity_5
332253 [main] DEBUG kafka.producer.BrokerPartitionInfo  - Partition [earth_to_curiosity_5,0] has leader 0
332253 [main] DEBUG kafka.producer.async.DefaultEventHandler  - Broker partitions registered for topic: earth_to_curiosity_5 are 0
332253 [main] DEBUG kafka.producer.async.DefaultEventHandler  - Sending 1 messages with no compression to [earth_to_curiosity_5,0]
332257 [main] DEBUG kafka.producer.async.DefaultEventHandler  - Producer sending messages with correlation id 22 for topics [earth_to_curiosity_5,0] to broker 0 on zion-mainframe:9092
332266 [main] INFO kafka.producer.SyncProducer  - Disconnecting from zion-mainframe:9092
332267 [main] WARN kafka.producer.async.DefaultEventHandler  - Failed to send producer request with correlation id 22 to broker 0 with data for partitions [earth_to_curiosity_5,0]
java.io.IOException: Broken pipe
	at sun.nio.ch.FileDispatcherImpl.writev0(Native Method)
	at sun.nio.ch.SocketDispatcher.writev(SocketDispatcher.java:51)
	at sun.nio.ch.IOUtil.write(IOUtil.java:148)
	at sun.nio.ch.SocketChannelImpl.write(SocketChannelImpl.java:504)
	at java.nio.channels.SocketChannel.write(SocketChannel.java:502)
	at org.apache.kafka.common.network.ByteBufferSend.writeTo(ByteBufferSend.java:57)
	at kafka.network.RequestOrResponseSend.writeCompletely(RequestOrResponseSend.scala:50)
	at kafka.network.BlockingChannel.send(BlockingChannel.scala:113)
	at kafka.producer.SyncProducer.liftedTree1$1(SyncProducer.scala:75)
	at kafka.producer.SyncProducer.kafka$producer$SyncProducer$$doSend(SyncProducer.scala:74)
	at kafka.producer.SyncProducer$$anonfun$send$1$$anonfun$apply$mcV$sp$1.apply$mcV$sp(SyncProducer.scala:105)
	at kafka.producer.SyncProducer$$anonfun$send$1$$anonfun$apply$mcV$sp$1.apply(SyncProducer.scala:105)
	at kafka.producer.SyncProducer$$anonfun$send$1$$anonfun$apply$mcV$sp$1.apply(SyncProducer.scala:105)
	at kafka.metrics.KafkaTimer.time(KafkaTimer.scala:33)
	at kafka.producer.SyncProducer$$anonfun$send$1.apply$mcV$sp(SyncProducer.scala:104)
	at kafka.producer.SyncProducer$$anonfun$send$1.apply(SyncProducer.scala:104)
	at kafka.producer.SyncProducer$$anonfun$send$1.apply(SyncProducer.scala:104)
	at kafka.metrics.KafkaTimer.time(KafkaTimer.scala:33)
	at kafka.producer.SyncProducer.send(SyncProducer.scala:103)
	at kafka.producer.async.DefaultEventHandler.kafka$producer$async$DefaultEventHandler$$send(DefaultEventHandler.scala:257)
	at kafka.producer.async.DefaultEventHandler$$anonfun$dispatchSerializedData$2.apply(DefaultEventHandler.scala:108)
	at kafka.producer.async.DefaultEventHandler$$anonfun$dispatchSerializedData$2.apply(DefaultEventHandler.scala:100)
	at scala.collection.TraversableLike$WithFilter$$anonfun$foreach$1.apply(TraversableLike.scala:772)
	at scala.collection.mutable.HashMap$$anonfun$foreach$1.apply(HashMap.scala:98)
	at scala.collection.mutable.HashMap$$anonfun$foreach$1.apply(HashMap.scala:98)
	at scala.collection.mutable.HashTable$class.foreachEntry(HashTable.scala:226)
	at scala.collection.mutable.HashMap.foreachEntry(HashMap.scala:39)
	at scala.collection.mutable.HashMap.foreach(HashMap.scala:98)
	at scala.collection.TraversableLike$WithFilter.foreach(TraversableLike.scala:771)
	at kafka.producer.async.DefaultEventHandler.dispatchSerializedData(DefaultEventHandler.scala:100)
	at kafka.producer.async.DefaultEventHandler.handle(DefaultEventHandler.scala:73)
	at kafka.producer.Producer.send(Producer.scala:77)
	at kafka.javaapi.producer.Producer.send(Producer.scala:33)
	at naasa.gov.mission.control.Transmitter.transmitMessage(Transmitter.java:52)
	at naasa.gov.mission.control.ProducerManual.main(ProducerManual.java:98)
332267 [main] INFO kafka.producer.async.DefaultEventHandler  - Back off for 100 ms before retrying send. Remaining retries = 3
332368 [main] INFO kafka.client.ClientUtils$  - Fetching metadata from broker BrokerEndPoint(0,localhost,9092) with correlation id 23 for 1 topic(s) Set(earth_to_curiosity_5)
332369 [main] DEBUG kafka.network.BlockingChannel  - Created socket with SO_TIMEOUT = 10000 (requested 10000), SO_RCVBUF = 530904 (requested -1), SO_SNDBUF = 102400 (requested 102400), connectTimeoutMs = 10000.
332369 [main] INFO kafka.producer.SyncProducer  - Connected to localhost:9092 for producing
332370 [main] INFO kafka.producer.SyncProducer  - Disconnecting from localhost:9092
332371 [main] DEBUG kafka.client.ClientUtils$  - Successfully fetched metadata for 1 topic(s) Set(earth_to_curiosity_5)
332371 [main] INFO kafka.producer.SyncProducer  - Disconnecting from zion-mainframe:9092
332372 [main] DEBUG kafka.producer.BrokerPartitionInfo  - Getting broker partition info for topic earth_to_curiosity_5
332372 [main] DEBUG kafka.producer.BrokerPartitionInfo  - Partition [earth_to_curiosity_5,0] has leader 0
332372 [main] DEBUG kafka.producer.async.DefaultEventHandler  - Broker partitions registered for topic: earth_to_curiosity_5 are 0
332373 [main] DEBUG kafka.producer.async.DefaultEventHandler  - Sending 1 messages with no compression to [earth_to_curiosity_5,0]
332378 [main] DEBUG kafka.producer.async.DefaultEventHandler  - Producer sending messages with correlation id 25 for topics [earth_to_curiosity_5,0] to broker 0 on zion-mainframe:9092
332389 [main] DEBUG kafka.network.BlockingChannel  - Created socket with SO_TIMEOUT = 10000 (requested 10000), SO_RCVBUF = 530904 (requested -1), SO_SNDBUF = 102400 (requested 102400), connectTimeoutMs = 10000.
332389 [main] INFO kafka.producer.SyncProducer  - Connected to zion-mainframe:9092 for producing
332399 [main] DEBUG kafka.producer.async.DefaultEventHandler  - Producer sent messages with correlation id 25 for topics [earth_to_curiosity_5,0] to broker 0 on zion-mainframe:9092
360228 [main] DEBUG kafka.producer.async.DefaultEventHandler  - Handling 1 events
360228 [main] DEBUG kafka.producer.BrokerPartitionInfo  - Getting broker partition info for topic earth_to_curiosity_5
360228 [main] DEBUG kafka.producer.BrokerPartitionInfo  - Partition [earth_to_curiosity_5,0] has leader 0
360228 [main] DEBUG kafka.producer.async.DefaultEventHandler  - Broker partitions registered for topic: earth_to_curiosity_5 are 0
360228 [main] DEBUG kafka.producer.async.DefaultEventHandler  - Sending 1 messages with no compression to [earth_to_curiosity_5,0]
360228 [main] DEBUG kafka.producer.async.DefaultEventHandler  - Producer sending messages with correlation id 27 for topics [earth_to_curiosity_5,0] to broker 0 on zion-mainframe:9092
360229 [main] DEBUG kafka.producer.async.DefaultEventHandler  - Producer sent messages with correlation id 27 for topics [earth_to_curiosity_5,0] to broker 0 on zion-mainframe:9092
