0 [main] INFO kafka.utils.VerifiableProperties  - Verifying properties
18 [main] WARN kafka.utils.VerifiableProperties  - Property auto.offset.reset is not valid
19 [main] WARN kafka.utils.VerifiableProperties  - Property bootstrap.servers is not valid
19 [main] WARN kafka.utils.VerifiableProperties  - Property destination.topic is not valid
19 [main] WARN kafka.utils.VerifiableProperties  - Property group.id is not valid
19 [main] WARN kafka.utils.VerifiableProperties  - Property key.serializer is not valid
19 [main] INFO kafka.utils.VerifiableProperties  - Property metadata.broker.list is overridden to localhost:9092
19 [main] WARN kafka.utils.VerifiableProperties  - Property source.topic is not valid
19 [main] WARN kafka.utils.VerifiableProperties  - Property value.serializer is not valid
19 [main] WARN kafka.utils.VerifiableProperties  - Property zookeeper.connect is not valid
8957 [main] DEBUG kafka.producer.async.DefaultEventHandler  - Handling 1 events
8974 [main] INFO kafka.client.ClientUtils$  - Fetching metadata from broker BrokerEndPoint(0,localhost,9092) with correlation id 0 for 1 topic(s) Set(earth_to_curiosity_5)
8980 [main] DEBUG kafka.network.BlockingChannel  - Created socket with SO_TIMEOUT = 10000 (requested 10000), SO_RCVBUF = 530904 (requested -1), SO_SNDBUF = 102400 (requested 102400), connectTimeoutMs = 10000.
8980 [main] INFO kafka.producer.SyncProducer  - Connected to localhost:9092 for producing
8988 [main] INFO kafka.producer.SyncProducer  - Disconnecting from localhost:9092
8989 [main] DEBUG kafka.client.ClientUtils$  - Successfully fetched metadata for 1 topic(s) Set(earth_to_curiosity_5)
8996 [main] DEBUG kafka.producer.BrokerPartitionInfo  - Getting broker partition info for topic earth_to_curiosity_5
8997 [main] DEBUG kafka.producer.BrokerPartitionInfo  - Partition [earth_to_curiosity_5,0] has leader 0
8997 [main] DEBUG kafka.producer.async.DefaultEventHandler  - Broker partitions registered for topic: earth_to_curiosity_5 are 0
9006 [main] DEBUG kafka.producer.async.DefaultEventHandler  - Sending 1 messages with no compression to [earth_to_curiosity_5,0]
9010 [main] DEBUG kafka.producer.async.DefaultEventHandler  - Producer sending messages with correlation id 2 for topics [earth_to_curiosity_5,0] to broker 0 on zion-mainframe:9092
9016 [main] DEBUG kafka.network.BlockingChannel  - Created socket with SO_TIMEOUT = 10000 (requested 10000), SO_RCVBUF = 530904 (requested -1), SO_SNDBUF = 102400 (requested 102400), connectTimeoutMs = 10000.
9016 [main] INFO kafka.producer.SyncProducer  - Connected to zion-mainframe:9092 for producing
9017 [main] DEBUG kafka.producer.async.DefaultEventHandler  - Producer sent messages with correlation id 2 for topics [earth_to_curiosity_5,0] to broker 0 on zion-mainframe:9092
151929 [main] DEBUG kafka.producer.async.DefaultEventHandler  - Handling 1 events
151929 [main] DEBUG kafka.producer.BrokerPartitionInfo  - Getting broker partition info for topic earth_to_curiosity_5
151929 [main] DEBUG kafka.producer.BrokerPartitionInfo  - Partition [earth_to_curiosity_5,0] has leader 0
151930 [main] DEBUG kafka.producer.async.DefaultEventHandler  - Broker partitions registered for topic: earth_to_curiosity_5 are 0
151930 [main] DEBUG kafka.producer.async.DefaultEventHandler  - Sending 1 messages with no compression to [earth_to_curiosity_5,0]
151930 [main] DEBUG kafka.producer.async.DefaultEventHandler  - Producer sending messages with correlation id 4 for topics [earth_to_curiosity_5,0] to broker 0 on zion-mainframe:9092
151931 [main] DEBUG kafka.producer.async.DefaultEventHandler  - Producer sent messages with correlation id 4 for topics [earth_to_curiosity_5,0] to broker 0 on zion-mainframe:9092
