0 [main] INFO kafka.utils.VerifiableProperties  - Verifying properties
51 [main] WARN kafka.utils.VerifiableProperties  - Property auto.offset.reset is not valid
52 [main] WARN kafka.utils.VerifiableProperties  - Property bootstrap.servers is not valid
52 [main] WARN kafka.utils.VerifiableProperties  - Property destination.topic is not valid
52 [main] WARN kafka.utils.VerifiableProperties  - Property group.id is not valid
53 [main] WARN kafka.utils.VerifiableProperties  - Property key.serializer is not valid
53 [main] INFO kafka.utils.VerifiableProperties  - Property metadata.broker.list is overridden to localhost:9092
54 [main] WARN kafka.utils.VerifiableProperties  - Property source.topic is not valid
55 [main] WARN kafka.utils.VerifiableProperties  - Property value.serializer is not valid
55 [main] WARN kafka.utils.VerifiableProperties  - Property zookeeper.connect is not valid
3491 [main] DEBUG kafka.producer.async.DefaultEventHandler  - Handling 1 events
3512 [main] INFO kafka.client.ClientUtils$  - Fetching metadata from broker BrokerEndPoint(0,localhost,9092) with correlation id 0 for 1 topic(s) Set(earth_to_curiosity_5)
3556 [main] DEBUG kafka.network.BlockingChannel  - Created socket with SO_TIMEOUT = 10000 (requested 10000), SO_RCVBUF = 530904 (requested -1), SO_SNDBUF = 102400 (requested 102400), connectTimeoutMs = 10000.
3557 [main] INFO kafka.producer.SyncProducer  - Connected to localhost:9092 for producing
3568 [main] INFO kafka.producer.SyncProducer  - Disconnecting from localhost:9092
3569 [main] DEBUG kafka.client.ClientUtils$  - Successfully fetched metadata for 1 topic(s) Set(earth_to_curiosity_5)
3577 [main] DEBUG kafka.producer.BrokerPartitionInfo  - Getting broker partition info for topic earth_to_curiosity_5
3578 [main] DEBUG kafka.producer.BrokerPartitionInfo  - Partition [earth_to_curiosity_5,0] has leader 0
3578 [main] DEBUG kafka.producer.async.DefaultEventHandler  - Broker partitions registered for topic: earth_to_curiosity_5 are 0
3581 [main] DEBUG kafka.producer.async.DefaultEventHandler  - Sending 1 messages with no compression to [earth_to_curiosity_5,0]
3586 [main] DEBUG kafka.producer.async.DefaultEventHandler  - Producer sending messages with correlation id 2 for topics [earth_to_curiosity_5,0] to broker 0 on zion-mainframe:9092
3594 [main] DEBUG kafka.network.BlockingChannel  - Created socket with SO_TIMEOUT = 10000 (requested 10000), SO_RCVBUF = 530904 (requested -1), SO_SNDBUF = 102400 (requested 102400), connectTimeoutMs = 10000.
3594 [main] INFO kafka.producer.SyncProducer  - Connected to zion-mainframe:9092 for producing
3595 [main] DEBUG kafka.producer.async.DefaultEventHandler  - Producer sent messages with correlation id 2 for topics [earth_to_curiosity_5,0] to broker 0 on zion-mainframe:9092
2111950 [main] DEBUG kafka.producer.async.DefaultEventHandler  - Handling 1 events
2111951 [main] INFO kafka.client.ClientUtils$  - Fetching metadata from broker BrokerEndPoint(0,localhost,9092) with correlation id 3 for 1 topic(s) Set(earth_to_curiosity_5)
2111951 [main] DEBUG kafka.network.BlockingChannel  - Created socket with SO_TIMEOUT = 10000 (requested 10000), SO_RCVBUF = 530904 (requested -1), SO_SNDBUF = 102400 (requested 102400), connectTimeoutMs = 10000.
2111951 [main] INFO kafka.producer.SyncProducer  - Connected to localhost:9092 for producing
2111952 [main] INFO kafka.producer.SyncProducer  - Disconnecting from localhost:9092
2111953 [main] DEBUG kafka.client.ClientUtils$  - Successfully fetched metadata for 1 topic(s) Set(earth_to_curiosity_5)
2111953 [main] INFO kafka.producer.SyncProducer  - Disconnecting from zion-mainframe:9092
2111953 [main] DEBUG kafka.producer.BrokerPartitionInfo  - Getting broker partition info for topic earth_to_curiosity_5
2111953 [main] DEBUG kafka.producer.BrokerPartitionInfo  - Partition [earth_to_curiosity_5,0] has leader 0
2111953 [main] DEBUG kafka.producer.async.DefaultEventHandler  - Broker partitions registered for topic: earth_to_curiosity_5 are 0
2111954 [main] DEBUG kafka.producer.async.DefaultEventHandler  - Sending 1 messages with no compression to [earth_to_curiosity_5,0]
2111954 [main] DEBUG kafka.producer.async.DefaultEventHandler  - Producer sending messages with correlation id 5 for topics [earth_to_curiosity_5,0] to broker 0 on zion-mainframe:9092
2111955 [main] DEBUG kafka.network.BlockingChannel  - Created socket with SO_TIMEOUT = 10000 (requested 10000), SO_RCVBUF = 530904 (requested -1), SO_SNDBUF = 102400 (requested 102400), connectTimeoutMs = 10000.
2111955 [main] INFO kafka.producer.SyncProducer  - Connected to zion-mainframe:9092 for producing
2111955 [main] DEBUG kafka.producer.async.DefaultEventHandler  - Producer sent messages with correlation id 5 for topics [earth_to_curiosity_5,0] to broker 0 on zion-mainframe:9092
2161417 [main] DEBUG kafka.producer.async.DefaultEventHandler  - Handling 1 events
2161418 [main] DEBUG kafka.producer.BrokerPartitionInfo  - Getting broker partition info for topic earth_to_curiosity_5
2161418 [main] DEBUG kafka.producer.BrokerPartitionInfo  - Partition [earth_to_curiosity_5,0] has leader 0
2161418 [main] DEBUG kafka.producer.async.DefaultEventHandler  - Broker partitions registered for topic: earth_to_curiosity_5 are 0
2161418 [main] DEBUG kafka.producer.async.DefaultEventHandler  - Sending 1 messages with no compression to [earth_to_curiosity_5,0]
2161419 [main] DEBUG kafka.producer.async.DefaultEventHandler  - Producer sending messages with correlation id 7 for topics [earth_to_curiosity_5,0] to broker 0 on zion-mainframe:9092
2161419 [main] DEBUG kafka.producer.async.DefaultEventHandler  - Producer sent messages with correlation id 7 for topics [earth_to_curiosity_5,0] to broker 0 on zion-mainframe:9092
2216842 [main] DEBUG kafka.producer.async.DefaultEventHandler  - Handling 1 events
2216842 [main] DEBUG kafka.producer.BrokerPartitionInfo  - Getting broker partition info for topic earth_to_curiosity_5
2216842 [main] DEBUG kafka.producer.BrokerPartitionInfo  - Partition [earth_to_curiosity_5,0] has leader 0
2216843 [main] DEBUG kafka.producer.async.DefaultEventHandler  - Broker partitions registered for topic: earth_to_curiosity_5 are 0
2216843 [main] DEBUG kafka.producer.async.DefaultEventHandler  - Sending 1 messages with no compression to [earth_to_curiosity_5,0]
2216843 [main] DEBUG kafka.producer.async.DefaultEventHandler  - Producer sending messages with correlation id 9 for topics [earth_to_curiosity_5,0] to broker 0 on zion-mainframe:9092
2216846 [main] DEBUG kafka.producer.async.DefaultEventHandler  - Producer sent messages with correlation id 9 for topics [earth_to_curiosity_5,0] to broker 0 on zion-mainframe:9092
2486132 [main] DEBUG kafka.producer.async.DefaultEventHandler  - Handling 1 events
2486132 [main] DEBUG kafka.producer.BrokerPartitionInfo  - Getting broker partition info for topic earth_to_curiosity_5
2486133 [main] DEBUG kafka.producer.BrokerPartitionInfo  - Partition [earth_to_curiosity_5,0] has leader 0
2486133 [main] DEBUG kafka.producer.async.DefaultEventHandler  - Broker partitions registered for topic: earth_to_curiosity_5 are 0
2486133 [main] DEBUG kafka.producer.async.DefaultEventHandler  - Sending 1 messages with no compression to [earth_to_curiosity_5,0]
2486134 [main] DEBUG kafka.producer.async.DefaultEventHandler  - Producer sending messages with correlation id 11 for topics [earth_to_curiosity_5,0] to broker 0 on zion-mainframe:9092
2486138 [main] DEBUG kafka.producer.async.DefaultEventHandler  - Producer sent messages with correlation id 11 for topics [earth_to_curiosity_5,0] to broker 0 on zion-mainframe:9092
3150470 [main] DEBUG kafka.producer.async.DefaultEventHandler  - Handling 1 events
3150470 [main] INFO kafka.client.ClientUtils$  - Fetching metadata from broker BrokerEndPoint(0,localhost,9092) with correlation id 12 for 1 topic(s) Set(earth_to_curiosity_5)
3150471 [main] DEBUG kafka.network.BlockingChannel  - Created socket with SO_TIMEOUT = 10000 (requested 10000), SO_RCVBUF = 530904 (requested -1), SO_SNDBUF = 102400 (requested 102400), connectTimeoutMs = 10000.
3150471 [main] INFO kafka.producer.SyncProducer  - Connected to localhost:9092 for producing
3150472 [main] INFO kafka.producer.SyncProducer  - Disconnecting from localhost:9092
3150473 [main] DEBUG kafka.client.ClientUtils$  - Successfully fetched metadata for 1 topic(s) Set(earth_to_curiosity_5)
3150473 [main] INFO kafka.producer.SyncProducer  - Disconnecting from zion-mainframe:9092
3150473 [main] DEBUG kafka.producer.BrokerPartitionInfo  - Getting broker partition info for topic earth_to_curiosity_5
3150474 [main] DEBUG kafka.producer.BrokerPartitionInfo  - Partition [earth_to_curiosity_5,0] has leader 0
3150474 [main] DEBUG kafka.producer.async.DefaultEventHandler  - Broker partitions registered for topic: earth_to_curiosity_5 are 0
3150474 [main] DEBUG kafka.producer.async.DefaultEventHandler  - Sending 1 messages with no compression to [earth_to_curiosity_5,0]
3150475 [main] DEBUG kafka.producer.async.DefaultEventHandler  - Producer sending messages with correlation id 14 for topics [earth_to_curiosity_5,0] to broker 0 on zion-mainframe:9092
3150476 [main] DEBUG kafka.network.BlockingChannel  - Created socket with SO_TIMEOUT = 10000 (requested 10000), SO_RCVBUF = 530904 (requested -1), SO_SNDBUF = 102400 (requested 102400), connectTimeoutMs = 10000.
3150476 [main] INFO kafka.producer.SyncProducer  - Connected to zion-mainframe:9092 for producing
3150477 [main] DEBUG kafka.producer.async.DefaultEventHandler  - Producer sent messages with correlation id 14 for topics [earth_to_curiosity_5,0] to broker 0 on zion-mainframe:9092
3616788 [main] DEBUG kafka.producer.async.DefaultEventHandler  - Handling 1 events
3616789 [main] DEBUG kafka.producer.BrokerPartitionInfo  - Getting broker partition info for topic earth_to_curiosity_5
3616789 [main] DEBUG kafka.producer.BrokerPartitionInfo  - Partition [earth_to_curiosity_5,0] has leader 0
3616789 [main] DEBUG kafka.producer.async.DefaultEventHandler  - Broker partitions registered for topic: earth_to_curiosity_5 are 0
3616791 [main] DEBUG kafka.producer.async.DefaultEventHandler  - Sending 1 messages with no compression to [earth_to_curiosity_5,0]
3616792 [main] DEBUG kafka.producer.async.DefaultEventHandler  - Producer sending messages with correlation id 16 for topics [earth_to_curiosity_5,0] to broker 0 on zion-mainframe:9092
3616793 [main] DEBUG kafka.producer.async.DefaultEventHandler  - Producer sent messages with correlation id 16 for topics [earth_to_curiosity_5,0] to broker 0 on zion-mainframe:9092
4009717 [main] DEBUG kafka.producer.async.DefaultEventHandler  - Handling 1 events
4009718 [main] INFO kafka.client.ClientUtils$  - Fetching metadata from broker BrokerEndPoint(0,localhost,9092) with correlation id 17 for 1 topic(s) Set(earth_to_curiosity_5)
4009719 [main] DEBUG kafka.network.BlockingChannel  - Created socket with SO_TIMEOUT = 10000 (requested 10000), SO_RCVBUF = 530904 (requested -1), SO_SNDBUF = 102400 (requested 102400), connectTimeoutMs = 10000.
4009719 [main] INFO kafka.producer.SyncProducer  - Connected to localhost:9092 for producing
4009720 [main] INFO kafka.producer.SyncProducer  - Disconnecting from localhost:9092
4009721 [main] DEBUG kafka.client.ClientUtils$  - Successfully fetched metadata for 1 topic(s) Set(earth_to_curiosity_5)
4009721 [main] INFO kafka.producer.SyncProducer  - Disconnecting from zion-mainframe:9092
4009721 [main] DEBUG kafka.producer.BrokerPartitionInfo  - Getting broker partition info for topic earth_to_curiosity_5
4009721 [main] DEBUG kafka.producer.BrokerPartitionInfo  - Partition [earth_to_curiosity_5,0] has leader 0
4009721 [main] DEBUG kafka.producer.async.DefaultEventHandler  - Broker partitions registered for topic: earth_to_curiosity_5 are 0
4009721 [main] DEBUG kafka.producer.async.DefaultEventHandler  - Sending 1 messages with no compression to [earth_to_curiosity_5,0]
4009722 [main] DEBUG kafka.producer.async.DefaultEventHandler  - Producer sending messages with correlation id 19 for topics [earth_to_curiosity_5,0] to broker 0 on zion-mainframe:9092
4009722 [main] DEBUG kafka.network.BlockingChannel  - Created socket with SO_TIMEOUT = 10000 (requested 10000), SO_RCVBUF = 530904 (requested -1), SO_SNDBUF = 102400 (requested 102400), connectTimeoutMs = 10000.
4009723 [main] INFO kafka.producer.SyncProducer  - Connected to zion-mainframe:9092 for producing
4009723 [main] DEBUG kafka.producer.async.DefaultEventHandler  - Producer sent messages with correlation id 19 for topics [earth_to_curiosity_5,0] to broker 0 on zion-mainframe:9092
4093591 [main] DEBUG kafka.producer.async.DefaultEventHandler  - Handling 1 events
4093592 [main] DEBUG kafka.producer.BrokerPartitionInfo  - Getting broker partition info for topic earth_to_curiosity_5
4093592 [main] DEBUG kafka.producer.BrokerPartitionInfo  - Partition [earth_to_curiosity_5,0] has leader 0
4093592 [main] DEBUG kafka.producer.async.DefaultEventHandler  - Broker partitions registered for topic: earth_to_curiosity_5 are 0
4093593 [main] DEBUG kafka.producer.async.DefaultEventHandler  - Sending 1 messages with no compression to [earth_to_curiosity_5,0]
4093593 [main] DEBUG kafka.producer.async.DefaultEventHandler  - Producer sending messages with correlation id 21 for topics [earth_to_curiosity_5,0] to broker 0 on zion-mainframe:9092
4093594 [main] DEBUG kafka.producer.async.DefaultEventHandler  - Producer sent messages with correlation id 21 for topics [earth_to_curiosity_5,0] to broker 0 on zion-mainframe:9092
4126433 [main] DEBUG kafka.producer.async.DefaultEventHandler  - Handling 1 events
4126433 [main] DEBUG kafka.producer.BrokerPartitionInfo  - Getting broker partition info for topic earth_to_curiosity_5
4126433 [main] DEBUG kafka.producer.BrokerPartitionInfo  - Partition [earth_to_curiosity_5,0] has leader 0
4126433 [main] DEBUG kafka.producer.async.DefaultEventHandler  - Broker partitions registered for topic: earth_to_curiosity_5 are 0
4126433 [main] DEBUG kafka.producer.async.DefaultEventHandler  - Sending 1 messages with no compression to [earth_to_curiosity_5,0]
4126434 [main] DEBUG kafka.producer.async.DefaultEventHandler  - Producer sending messages with correlation id 23 for topics [earth_to_curiosity_5,0] to broker 0 on zion-mainframe:9092
4126437 [main] DEBUG kafka.producer.async.DefaultEventHandler  - Producer sent messages with correlation id 23 for topics [earth_to_curiosity_5,0] to broker 0 on zion-mainframe:9092
4223023 [main] DEBUG kafka.producer.async.DefaultEventHandler  - Handling 1 events
4223023 [main] DEBUG kafka.producer.BrokerPartitionInfo  - Getting broker partition info for topic earth_to_curiosity_5
4223023 [main] DEBUG kafka.producer.BrokerPartitionInfo  - Partition [earth_to_curiosity_5,0] has leader 0
4223023 [main] DEBUG kafka.producer.async.DefaultEventHandler  - Broker partitions registered for topic: earth_to_curiosity_5 are 0
4223023 [main] DEBUG kafka.producer.async.DefaultEventHandler  - Sending 1 messages with no compression to [earth_to_curiosity_5,0]
4223023 [main] DEBUG kafka.producer.async.DefaultEventHandler  - Producer sending messages with correlation id 25 for topics [earth_to_curiosity_5,0] to broker 0 on zion-mainframe:9092
4223024 [main] DEBUG kafka.producer.async.DefaultEventHandler  - Producer sent messages with correlation id 25 for topics [earth_to_curiosity_5,0] to broker 0 on zion-mainframe:9092
