0 [main] INFO org.apache.kafka.clients.producer.ProducerConfig  - ProducerConfig values: 
	compression.type = none
	metric.reporters = []
	metadata.max.age.ms = 300000
	metadata.fetch.timeout.ms = 60000
	reconnect.backoff.ms = 50
	sasl.kerberos.ticket.renew.window.factor = 0.8
	bootstrap.servers = [zion-portable:9092]
	retry.backoff.ms = 100
	sasl.kerberos.kinit.cmd = /usr/bin/kinit
	buffer.memory = 33554432
	timeout.ms = 30000
	key.serializer = class org.apache.kafka.common.serialization.StringSerializer
	sasl.kerberos.service.name = null
	sasl.kerberos.ticket.renew.jitter = 0.05
	ssl.keystore.type = JKS
	ssl.trustmanager.algorithm = PKIX
	block.on.buffer.full = false
	ssl.key.password = null
	max.block.ms = 60000
	sasl.kerberos.min.time.before.relogin = 60000
	connections.max.idle.ms = 540000
	ssl.truststore.password = null
	max.in.flight.requests.per.connection = 5
	metrics.num.samples = 2
	client.id = 
	ssl.endpoint.identification.algorithm = null
	ssl.protocol = TLS
	request.timeout.ms = 30000
	ssl.provider = null
	ssl.enabled.protocols = [TLSv1.2, TLSv1.1, TLSv1]
	acks = 1
	batch.size = 16384
	ssl.keystore.location = null
	receive.buffer.bytes = 32768
	ssl.cipher.suites = null
	ssl.truststore.type = JKS
	security.protocol = PLAINTEXT
	retries = 0
	max.request.size = 1048576
	value.serializer = class org.apache.kafka.common.serialization.ByteArraySerializer
	ssl.truststore.location = null
	ssl.keystore.password = null
	ssl.keymanager.algorithm = SunX509
	metrics.sample.window.ms = 30000
	partitioner.class = class org.apache.kafka.clients.producer.internals.DefaultPartitioner
	send.buffer.bytes = 131072
	linger.ms = 0

8 [main] DEBUG org.apache.kafka.common.metrics.Metrics  - Added sensor with name bufferpool-wait-time
54 [main] DEBUG org.apache.kafka.common.metrics.Metrics  - Added sensor with name buffer-exhausted-records
73 [main] DEBUG org.apache.kafka.clients.Metadata  - Updated cluster metadata version 1 to Cluster(nodes = [Node(-1, zion-portable, 9092)], partitions = [])
80 [main] DEBUG org.apache.kafka.common.metrics.Metrics  - Added sensor with name connections-closed:client-id-producer-1
81 [main] DEBUG org.apache.kafka.common.metrics.Metrics  - Added sensor with name connections-created:client-id-producer-1
81 [main] DEBUG org.apache.kafka.common.metrics.Metrics  - Added sensor with name bytes-sent-received:client-id-producer-1
81 [main] DEBUG org.apache.kafka.common.metrics.Metrics  - Added sensor with name bytes-sent:client-id-producer-1
82 [main] DEBUG org.apache.kafka.common.metrics.Metrics  - Added sensor with name bytes-received:client-id-producer-1
82 [main] DEBUG org.apache.kafka.common.metrics.Metrics  - Added sensor with name select-time:client-id-producer-1
82 [main] DEBUG org.apache.kafka.common.metrics.Metrics  - Added sensor with name io-time:client-id-producer-1
86 [main] DEBUG org.apache.kafka.common.metrics.Metrics  - Added sensor with name batch-size
86 [main] DEBUG org.apache.kafka.common.metrics.Metrics  - Added sensor with name compression-rate
86 [main] DEBUG org.apache.kafka.common.metrics.Metrics  - Added sensor with name queue-time
86 [main] DEBUG org.apache.kafka.common.metrics.Metrics  - Added sensor with name request-time
86 [main] DEBUG org.apache.kafka.common.metrics.Metrics  - Added sensor with name produce-throttle-time
87 [main] DEBUG org.apache.kafka.common.metrics.Metrics  - Added sensor with name records-per-request
87 [main] DEBUG org.apache.kafka.common.metrics.Metrics  - Added sensor with name record-retries
87 [main] DEBUG org.apache.kafka.common.metrics.Metrics  - Added sensor with name errors
87 [main] DEBUG org.apache.kafka.common.metrics.Metrics  - Added sensor with name record-size-max
88 [kafka-producer-network-thread | producer-1] DEBUG org.apache.kafka.clients.producer.internals.Sender  - Starting Kafka producer I/O thread.
88 [main] WARN org.apache.kafka.clients.producer.ProducerConfig  - The configuration zookeeper.connect = zion-portable:2181 was supplied but isn't a known config.
88 [main] WARN org.apache.kafka.clients.producer.ProducerConfig  - The configuration group.id = space.exploration.mars.rover.curiosity.1542084642006 was supplied but isn't a known config.
89 [main] WARN org.apache.kafka.clients.producer.ProducerConfig  - The configuration source.topic = curiosity_to_earth_6 was supplied but isn't a known config.
89 [main] WARN org.apache.kafka.clients.producer.ProducerConfig  - The configuration auto.offset.reset = largest was supplied but isn't a known config.
89 [main] WARN org.apache.kafka.clients.producer.ProducerConfig  - The configuration metadata.broker.list = zion-portable:9092 was supplied but isn't a known config.
89 [main] WARN org.apache.kafka.clients.producer.ProducerConfig  - The configuration destination.topic = earth_to_curiosity_6 was supplied but isn't a known config.
90 [main] INFO org.apache.kafka.common.utils.AppInfoParser  - Kafka version : 0.9.0.1
90 [main] INFO org.apache.kafka.common.utils.AppInfoParser  - Kafka commitId : 23c69d62a0cabf06
90 [main] DEBUG org.apache.kafka.clients.producer.KafkaProducer  - Kafka producer started
8967 [kafka-producer-network-thread | producer-1] DEBUG org.apache.kafka.clients.NetworkClient  - Initialize connection to node -1 for sending metadata request
8968 [kafka-producer-network-thread | producer-1] DEBUG org.apache.kafka.clients.NetworkClient  - Initiating connection to node -1 at zion-portable:9092.
8975 [kafka-producer-network-thread | producer-1] DEBUG org.apache.kafka.common.metrics.Metrics  - Added sensor with name node--1.bytes-sent
8976 [kafka-producer-network-thread | producer-1] DEBUG org.apache.kafka.common.metrics.Metrics  - Added sensor with name node--1.bytes-received
8976 [kafka-producer-network-thread | producer-1] DEBUG org.apache.kafka.common.metrics.Metrics  - Added sensor with name node--1.latency
8976 [kafka-producer-network-thread | producer-1] DEBUG org.apache.kafka.clients.NetworkClient  - Completed connection to node -1
9090 [kafka-producer-network-thread | producer-1] DEBUG org.apache.kafka.clients.NetworkClient  - Sending metadata request ClientRequest(expectResponse=true, callback=null, request=RequestSend(header={api_key=3,api_version=0,correlation_id=0,client_id=producer-1}, body={topics=[earth_to_curiosity_6]}), isInitiatedByNetworkClient, createdTimeMs=1542084651104, sendTimeMs=0) to node -1
9099 [kafka-producer-network-thread | producer-1] DEBUG org.apache.kafka.clients.Metadata  - Updated cluster metadata version 2 to Cluster(nodes = [Node(0, zion-portable, 9092)], partitions = [Partition(topic = earth_to_curiosity_6, partition = 0, leader = 0, replicas = [0,], isr = [0,]])
9105 [kafka-producer-network-thread | producer-1] DEBUG org.apache.kafka.clients.NetworkClient  - Initiating connection to node 0 at zion-portable:9092.
9108 [kafka-producer-network-thread | producer-1] DEBUG org.apache.kafka.common.metrics.Metrics  - Added sensor with name node-0.bytes-sent
9108 [kafka-producer-network-thread | producer-1] DEBUG org.apache.kafka.common.metrics.Metrics  - Added sensor with name node-0.bytes-received
9108 [kafka-producer-network-thread | producer-1] DEBUG org.apache.kafka.common.metrics.Metrics  - Added sensor with name node-0.latency
9109 [kafka-producer-network-thread | producer-1] DEBUG org.apache.kafka.clients.NetworkClient  - Completed connection to node 0
9109 [kafka-producer-network-thread | producer-1] DEBUG org.apache.kafka.common.metrics.Metrics  - Added sensor with name topic.earth_to_curiosity_6.records-per-batch
9109 [kafka-producer-network-thread | producer-1] DEBUG org.apache.kafka.common.metrics.Metrics  - Added sensor with name topic.earth_to_curiosity_6.bytes
9109 [kafka-producer-network-thread | producer-1] DEBUG org.apache.kafka.common.metrics.Metrics  - Added sensor with name topic.earth_to_curiosity_6.compression-rate
9109 [kafka-producer-network-thread | producer-1] DEBUG org.apache.kafka.common.metrics.Metrics  - Added sensor with name topic.earth_to_curiosity_6.record-retries
9109 [kafka-producer-network-thread | producer-1] DEBUG org.apache.kafka.common.metrics.Metrics  - Added sensor with name topic.earth_to_curiosity_6.record-errors
309099 [kafka-producer-network-thread | producer-1] DEBUG org.apache.kafka.clients.NetworkClient  - Sending metadata request ClientRequest(expectResponse=true, callback=null, request=RequestSend(header={api_key=3,api_version=0,correlation_id=3,client_id=producer-1}, body={topics=[earth_to_curiosity_6]}), isInitiatedByNetworkClient, createdTimeMs=1542084951128, sendTimeMs=0) to node 0
309105 [kafka-producer-network-thread | producer-1] DEBUG org.apache.kafka.clients.Metadata  - Updated cluster metadata version 3 to Cluster(nodes = [Node(0, zion-portable, 9092)], partitions = [Partition(topic = earth_to_curiosity_6, partition = 0, leader = 0, replicas = [0,], isr = [0,]])
549273 [kafka-producer-network-thread | producer-1] DEBUG org.apache.kafka.clients.NetworkClient  - Node -1 disconnected.
549273 [kafka-producer-network-thread | producer-1] DEBUG org.apache.kafka.clients.NetworkClient  - Sending metadata request ClientRequest(expectResponse=true, callback=null, request=RequestSend(header={api_key=3,api_version=0,correlation_id=4,client_id=producer-1}, body={topics=[earth_to_curiosity_6]}), isInitiatedByNetworkClient, createdTimeMs=1542085191302, sendTimeMs=0) to node 0
549411 [kafka-producer-network-thread | producer-1] DEBUG org.apache.kafka.clients.Metadata  - Updated cluster metadata version 4 to Cluster(nodes = [Node(0, zion-portable, 9092)], partitions = [Partition(topic = earth_to_curiosity_6, partition = 0, leader = 0, replicas = [0,], isr = [0,]])
66984948 [kafka-producer-network-thread | producer-1] DEBUG org.apache.kafka.clients.NetworkClient  - Sending metadata request ClientRequest(expectResponse=true, callback=null, request=RequestSend(header={api_key=3,api_version=0,correlation_id=5,client_id=producer-1}, body={topics=[earth_to_curiosity_6]}), isInitiatedByNetworkClient, createdTimeMs=1542151626976, sendTimeMs=0) to node 0
66992132 [kafka-producer-network-thread | producer-1] DEBUG org.apache.kafka.common.network.Selector  - Connection with zion-portable/192.168.1.69 disconnected
java.io.IOException: Connection reset by peer
	at sun.nio.ch.FileDispatcherImpl.read0(Native Method)
	at sun.nio.ch.SocketDispatcher.read(SocketDispatcher.java:39)
	at sun.nio.ch.IOUtil.readIntoNativeBuffer(IOUtil.java:223)
	at sun.nio.ch.IOUtil.read(IOUtil.java:197)
	at sun.nio.ch.SocketChannelImpl.read(SocketChannelImpl.java:380)
	at org.apache.kafka.common.network.PlaintextTransportLayer.read(PlaintextTransportLayer.java:108)
	at org.apache.kafka.common.network.NetworkReceive.readFromReadableChannel(NetworkReceive.java:81)
	at org.apache.kafka.common.network.NetworkReceive.readFrom(NetworkReceive.java:71)
	at org.apache.kafka.common.network.KafkaChannel.receive(KafkaChannel.java:153)
	at org.apache.kafka.common.network.KafkaChannel.read(KafkaChannel.java:134)
	at org.apache.kafka.common.network.Selector.poll(Selector.java:286)
	at org.apache.kafka.clients.NetworkClient.poll(NetworkClient.java:256)
	at org.apache.kafka.clients.producer.internals.Sender.run(Sender.java:216)
	at org.apache.kafka.clients.producer.internals.Sender.run(Sender.java:128)
	at java.lang.Thread.run(Thread.java:748)
66992135 [kafka-producer-network-thread | producer-1] DEBUG org.apache.kafka.clients.NetworkClient  - Node 0 disconnected.
66992135 [kafka-producer-network-thread | producer-1] DEBUG org.apache.kafka.clients.NetworkClient  - Give up sending metadata request since no node is available
66992236 [kafka-producer-network-thread | producer-1] DEBUG org.apache.kafka.clients.NetworkClient  - Initialize connection to node 0 for sending metadata request
66992236 [kafka-producer-network-thread | producer-1] DEBUG org.apache.kafka.clients.NetworkClient  - Initiating connection to node 0 at zion-portable:9092.
66992251 [kafka-producer-network-thread | producer-1] DEBUG org.apache.kafka.clients.NetworkClient  - Completed connection to node 0
66992348 [kafka-producer-network-thread | producer-1] DEBUG org.apache.kafka.clients.NetworkClient  - Sending metadata request ClientRequest(expectResponse=true, callback=null, request=RequestSend(header={api_key=3,api_version=0,correlation_id=6,client_id=producer-1}, body={topics=[earth_to_curiosity_6]}), isInitiatedByNetworkClient, createdTimeMs=1542151634377, sendTimeMs=0) to node 0
66992354 [kafka-producer-network-thread | producer-1] DEBUG org.apache.kafka.clients.Metadata  - Updated cluster metadata version 5 to Cluster(nodes = [Node(0, zion-portable, 9092)], partitions = [Partition(topic = earth_to_curiosity_6, partition = 0, leader = 0, replicas = [0,], isr = [0,]])
67292354 [kafka-producer-network-thread | producer-1] DEBUG org.apache.kafka.clients.NetworkClient  - Sending metadata request ClientRequest(expectResponse=true, callback=null, request=RequestSend(header={api_key=3,api_version=0,correlation_id=7,client_id=producer-1}, body={topics=[earth_to_curiosity_6]}), isInitiatedByNetworkClient, createdTimeMs=1542151934383, sendTimeMs=0) to node 0
67292360 [kafka-producer-network-thread | producer-1] DEBUG org.apache.kafka.clients.Metadata  - Updated cluster metadata version 6 to Cluster(nodes = [Node(0, zion-portable, 9092)], partitions = [Partition(topic = earth_to_curiosity_6, partition = 0, leader = 0, replicas = [0,], isr = [0,]])
67592363 [kafka-producer-network-thread | producer-1] DEBUG org.apache.kafka.clients.NetworkClient  - Sending metadata request ClientRequest(expectResponse=true, callback=null, request=RequestSend(header={api_key=3,api_version=0,correlation_id=8,client_id=producer-1}, body={topics=[earth_to_curiosity_6]}), isInitiatedByNetworkClient, createdTimeMs=1542152234392, sendTimeMs=0) to node 0
67592369 [kafka-producer-network-thread | producer-1] DEBUG org.apache.kafka.clients.Metadata  - Updated cluster metadata version 7 to Cluster(nodes = [Node(0, zion-portable, 9092)], partitions = [Partition(topic = earth_to_curiosity_6, partition = 0, leader = 0, replicas = [0,], isr = [0,]])
67892377 [kafka-producer-network-thread | producer-1] DEBUG org.apache.kafka.clients.NetworkClient  - Sending metadata request ClientRequest(expectResponse=true, callback=null, request=RequestSend(header={api_key=3,api_version=0,correlation_id=9,client_id=producer-1}, body={topics=[earth_to_curiosity_6]}), isInitiatedByNetworkClient, createdTimeMs=1542152534406, sendTimeMs=0) to node 0
67892382 [kafka-producer-network-thread | producer-1] DEBUG org.apache.kafka.clients.Metadata  - Updated cluster metadata version 8 to Cluster(nodes = [Node(0, zion-portable, 9092)], partitions = [Partition(topic = earth_to_curiosity_6, partition = 0, leader = 0, replicas = [0,], isr = [0,]])
