0 [main] INFO kafka.utils.VerifiableProperties  - Verifying properties
98 [main] WARN kafka.utils.VerifiableProperties  - Property auto.offset.reset is not valid
98 [main] WARN kafka.utils.VerifiableProperties  - Property destination.topic is not valid
99 [main] WARN kafka.utils.VerifiableProperties  - Property group.id is not valid
99 [main] INFO kafka.utils.VerifiableProperties  - Property metadata.broker.list is overridden to zion-mainframe:9092
99 [main] WARN kafka.utils.VerifiableProperties  - Property source.topic is not valid
99 [main] WARN kafka.utils.VerifiableProperties  - Property zookeeper.connect is not valid
12190 [main] DEBUG kafka.producer.async.DefaultEventHandler  - Handling 1 events
12220 [main] INFO kafka.client.ClientUtils$  - Fetching metadata from broker BrokerEndPoint(0,zion-mainframe,9092) with correlation id 0 for 1 topic(s) Set(earth_to_curiosity_5)
12283 [main] DEBUG kafka.network.BlockingChannel  - Created socket with SO_TIMEOUT = 10000 (requested 10000), SO_RCVBUF = 530904 (requested -1), SO_SNDBUF = 102400 (requested 102400), connectTimeoutMs = 10000.
12283 [main] INFO kafka.producer.SyncProducer  - Connected to zion-mainframe:9092 for producing
12294 [main] INFO kafka.producer.SyncProducer  - Disconnecting from zion-mainframe:9092
12295 [main] DEBUG kafka.client.ClientUtils$  - Successfully fetched metadata for 1 topic(s) Set(earth_to_curiosity_5)
12306 [main] DEBUG kafka.producer.BrokerPartitionInfo  - Getting broker partition info for topic earth_to_curiosity_5
12307 [main] DEBUG kafka.producer.BrokerPartitionInfo  - Partition [earth_to_curiosity_5,0] has leader 0
12308 [main] DEBUG kafka.producer.async.DefaultEventHandler  - Broker partitions registered for topic: earth_to_curiosity_5 are 0
12312 [main] DEBUG kafka.producer.async.DefaultEventHandler  - Sending 1 messages with no compression to [earth_to_curiosity_5,0]
12318 [main] DEBUG kafka.producer.async.DefaultEventHandler  - Producer sending messages with correlation id 2 for topics [earth_to_curiosity_5,0] to broker 0 on zion-mainframe:9092
12327 [main] DEBUG kafka.network.BlockingChannel  - Created socket with SO_TIMEOUT = 10000 (requested 10000), SO_RCVBUF = 530904 (requested -1), SO_SNDBUF = 102400 (requested 102400), connectTimeoutMs = 10000.
12327 [main] INFO kafka.producer.SyncProducer  - Connected to zion-mainframe:9092 for producing
12329 [main] DEBUG kafka.producer.async.DefaultEventHandler  - Producer sent messages with correlation id 2 for topics [earth_to_curiosity_5,0] to broker 0 on zion-mainframe:9092
84548 [main] DEBUG kafka.producer.async.DefaultEventHandler  - Handling 1 events
84549 [main] DEBUG kafka.producer.BrokerPartitionInfo  - Getting broker partition info for topic earth_to_curiosity_5
84549 [main] DEBUG kafka.producer.BrokerPartitionInfo  - Partition [earth_to_curiosity_5,0] has leader 0
84549 [main] DEBUG kafka.producer.async.DefaultEventHandler  - Broker partitions registered for topic: earth_to_curiosity_5 are 0
84549 [main] DEBUG kafka.producer.async.DefaultEventHandler  - Sending 1 messages with no compression to [earth_to_curiosity_5,0]
84550 [main] DEBUG kafka.producer.async.DefaultEventHandler  - Producer sending messages with correlation id 4 for topics [earth_to_curiosity_5,0] to broker 0 on zion-mainframe:9092
84550 [main] DEBUG kafka.producer.async.DefaultEventHandler  - Producer sent messages with correlation id 4 for topics [earth_to_curiosity_5,0] to broker 0 on zion-mainframe:9092
146299 [main] DEBUG kafka.producer.async.DefaultEventHandler  - Handling 1 events
146299 [main] DEBUG kafka.producer.BrokerPartitionInfo  - Getting broker partition info for topic earth_to_curiosity_5
146299 [main] DEBUG kafka.producer.BrokerPartitionInfo  - Partition [earth_to_curiosity_5,0] has leader 0
146300 [main] DEBUG kafka.producer.async.DefaultEventHandler  - Broker partitions registered for topic: earth_to_curiosity_5 are 0
146300 [main] DEBUG kafka.producer.async.DefaultEventHandler  - Sending 1 messages with no compression to [earth_to_curiosity_5,0]
146300 [main] DEBUG kafka.producer.async.DefaultEventHandler  - Producer sending messages with correlation id 6 for topics [earth_to_curiosity_5,0] to broker 0 on zion-mainframe:9092
146301 [main] DEBUG kafka.producer.async.DefaultEventHandler  - Producer sent messages with correlation id 6 for topics [earth_to_curiosity_5,0] to broker 0 on zion-mainframe:9092
215846 [main] DEBUG kafka.producer.async.DefaultEventHandler  - Handling 1 events
215846 [main] DEBUG kafka.producer.BrokerPartitionInfo  - Getting broker partition info for topic earth_to_curiosity_5
215847 [main] DEBUG kafka.producer.BrokerPartitionInfo  - Partition [earth_to_curiosity_5,0] has leader 0
215847 [main] DEBUG kafka.producer.async.DefaultEventHandler  - Broker partitions registered for topic: earth_to_curiosity_5 are 0
215847 [main] DEBUG kafka.producer.async.DefaultEventHandler  - Sending 1 messages with no compression to [earth_to_curiosity_5,0]
215847 [main] DEBUG kafka.producer.async.DefaultEventHandler  - Producer sending messages with correlation id 8 for topics [earth_to_curiosity_5,0] to broker 0 on zion-mainframe:9092
215849 [main] DEBUG kafka.producer.async.DefaultEventHandler  - Producer sent messages with correlation id 8 for topics [earth_to_curiosity_5,0] to broker 0 on zion-mainframe:9092
248694 [main] DEBUG kafka.producer.async.DefaultEventHandler  - Handling 1 events
248694 [main] DEBUG kafka.producer.BrokerPartitionInfo  - Getting broker partition info for topic earth_to_curiosity_5
248694 [main] DEBUG kafka.producer.BrokerPartitionInfo  - Partition [earth_to_curiosity_5,0] has leader 0
248694 [main] DEBUG kafka.producer.async.DefaultEventHandler  - Broker partitions registered for topic: earth_to_curiosity_5 are 0
248694 [main] DEBUG kafka.producer.async.DefaultEventHandler  - Sending 1 messages with no compression to [earth_to_curiosity_5,0]
248695 [main] DEBUG kafka.producer.async.DefaultEventHandler  - Producer sending messages with correlation id 10 for topics [earth_to_curiosity_5,0] to broker 0 on zion-mainframe:9092
248696 [main] DEBUG kafka.producer.async.DefaultEventHandler  - Producer sent messages with correlation id 10 for topics [earth_to_curiosity_5,0] to broker 0 on zion-mainframe:9092
326602 [main] DEBUG kafka.producer.async.DefaultEventHandler  - Handling 1 events
326602 [main] DEBUG kafka.producer.BrokerPartitionInfo  - Getting broker partition info for topic earth_to_curiosity_5
326603 [main] DEBUG kafka.producer.BrokerPartitionInfo  - Partition [earth_to_curiosity_5,0] has leader 0
326603 [main] DEBUG kafka.producer.async.DefaultEventHandler  - Broker partitions registered for topic: earth_to_curiosity_5 are 0
326603 [main] DEBUG kafka.producer.async.DefaultEventHandler  - Sending 1 messages with no compression to [earth_to_curiosity_5,0]
326603 [main] DEBUG kafka.producer.async.DefaultEventHandler  - Producer sending messages with correlation id 12 for topics [earth_to_curiosity_5,0] to broker 0 on zion-mainframe:9092
326604 [main] DEBUG kafka.producer.async.DefaultEventHandler  - Producer sent messages with correlation id 12 for topics [earth_to_curiosity_5,0] to broker 0 on zion-mainframe:9092
346271 [main] DEBUG kafka.producer.async.DefaultEventHandler  - Handling 1 events
346271 [main] DEBUG kafka.producer.BrokerPartitionInfo  - Getting broker partition info for topic earth_to_curiosity_5
346271 [main] DEBUG kafka.producer.BrokerPartitionInfo  - Partition [earth_to_curiosity_5,0] has leader 0
346271 [main] DEBUG kafka.producer.async.DefaultEventHandler  - Broker partitions registered for topic: earth_to_curiosity_5 are 0
346272 [main] DEBUG kafka.producer.async.DefaultEventHandler  - Sending 1 messages with no compression to [earth_to_curiosity_5,0]
346272 [main] DEBUG kafka.producer.async.DefaultEventHandler  - Producer sending messages with correlation id 14 for topics [earth_to_curiosity_5,0] to broker 0 on zion-mainframe:9092
346273 [main] DEBUG kafka.producer.async.DefaultEventHandler  - Producer sent messages with correlation id 14 for topics [earth_to_curiosity_5,0] to broker 0 on zion-mainframe:9092
347773 [main] DEBUG kafka.producer.async.DefaultEventHandler  - Handling 1 events
347773 [main] DEBUG kafka.producer.BrokerPartitionInfo  - Getting broker partition info for topic earth_to_curiosity_5
347773 [main] DEBUG kafka.producer.BrokerPartitionInfo  - Partition [earth_to_curiosity_5,0] has leader 0
347774 [main] DEBUG kafka.producer.async.DefaultEventHandler  - Broker partitions registered for topic: earth_to_curiosity_5 are 0
347774 [main] DEBUG kafka.producer.async.DefaultEventHandler  - Sending 1 messages with no compression to [earth_to_curiosity_5,0]
347774 [main] DEBUG kafka.producer.async.DefaultEventHandler  - Producer sending messages with correlation id 16 for topics [earth_to_curiosity_5,0] to broker 0 on zion-mainframe:9092
347775 [main] DEBUG kafka.producer.async.DefaultEventHandler  - Producer sent messages with correlation id 16 for topics [earth_to_curiosity_5,0] to broker 0 on zion-mainframe:9092
363957 [main] DEBUG kafka.producer.async.DefaultEventHandler  - Handling 1 events
363957 [main] DEBUG kafka.producer.BrokerPartitionInfo  - Getting broker partition info for topic earth_to_curiosity_5
363957 [main] DEBUG kafka.producer.BrokerPartitionInfo  - Partition [earth_to_curiosity_5,0] has leader 0
363958 [main] DEBUG kafka.producer.async.DefaultEventHandler  - Broker partitions registered for topic: earth_to_curiosity_5 are 0
363958 [main] DEBUG kafka.producer.async.DefaultEventHandler  - Sending 1 messages with no compression to [earth_to_curiosity_5,0]
363959 [main] DEBUG kafka.producer.async.DefaultEventHandler  - Producer sending messages with correlation id 18 for topics [earth_to_curiosity_5,0] to broker 0 on zion-mainframe:9092
363963 [main] DEBUG kafka.producer.async.DefaultEventHandler  - Producer sent messages with correlation id 18 for topics [earth_to_curiosity_5,0] to broker 0 on zion-mainframe:9092
