0 [main] INFO kafka.utils.VerifiableProperties  - Verifying properties
35 [main] WARN kafka.utils.VerifiableProperties  - Property auto.offset.reset is not valid
35 [main] WARN kafka.utils.VerifiableProperties  - Property bootstrap.servers is not valid
36 [main] WARN kafka.utils.VerifiableProperties  - Property destination.topic is not valid
36 [main] WARN kafka.utils.VerifiableProperties  - Property group.id is not valid
36 [main] WARN kafka.utils.VerifiableProperties  - Property key.serializer is not valid
37 [main] INFO kafka.utils.VerifiableProperties  - Property metadata.broker.list is overridden to localhost:9092
37 [main] WARN kafka.utils.VerifiableProperties  - Property source.topic is not valid
37 [main] WARN kafka.utils.VerifiableProperties  - Property value.serializer is not valid
37 [main] WARN kafka.utils.VerifiableProperties  - Property zookeeper.connect is not valid
3430 [main] DEBUG kafka.producer.async.DefaultEventHandler  - Handling 1 events
3452 [main] INFO kafka.client.ClientUtils$  - Fetching metadata from broker BrokerEndPoint(0,localhost,9092) with correlation id 0 for 1 topic(s) Set(earth_to_curiosity_5)
3498 [main] DEBUG kafka.network.BlockingChannel  - Created socket with SO_TIMEOUT = 10000 (requested 10000), SO_RCVBUF = 530904 (requested -1), SO_SNDBUF = 102400 (requested 102400), connectTimeoutMs = 10000.
3498 [main] INFO kafka.producer.SyncProducer  - Connected to localhost:9092 for producing
3507 [main] INFO kafka.producer.SyncProducer  - Disconnecting from localhost:9092
3508 [main] DEBUG kafka.client.ClientUtils$  - Successfully fetched metadata for 1 topic(s) Set(earth_to_curiosity_5)
3518 [main] DEBUG kafka.producer.BrokerPartitionInfo  - Getting broker partition info for topic earth_to_curiosity_5
3518 [main] DEBUG kafka.producer.BrokerPartitionInfo  - Partition [earth_to_curiosity_5,0] has leader 0
3519 [main] DEBUG kafka.producer.async.DefaultEventHandler  - Broker partitions registered for topic: earth_to_curiosity_5 are 0
3522 [main] DEBUG kafka.producer.async.DefaultEventHandler  - Sending 1 messages with no compression to [earth_to_curiosity_5,0]
3528 [main] DEBUG kafka.producer.async.DefaultEventHandler  - Producer sending messages with correlation id 2 for topics [earth_to_curiosity_5,0] to broker 0 on zion-mainframe:9092
3535 [main] DEBUG kafka.network.BlockingChannel  - Created socket with SO_TIMEOUT = 10000 (requested 10000), SO_RCVBUF = 530904 (requested -1), SO_SNDBUF = 102400 (requested 102400), connectTimeoutMs = 10000.
3535 [main] INFO kafka.producer.SyncProducer  - Connected to zion-mainframe:9092 for producing
3537 [main] DEBUG kafka.producer.async.DefaultEventHandler  - Producer sent messages with correlation id 2 for topics [earth_to_curiosity_5,0] to broker 0 on zion-mainframe:9092
83118 [main] DEBUG kafka.producer.async.DefaultEventHandler  - Handling 1 events
83118 [main] DEBUG kafka.producer.BrokerPartitionInfo  - Getting broker partition info for topic earth_to_curiosity_5
83118 [main] DEBUG kafka.producer.BrokerPartitionInfo  - Partition [earth_to_curiosity_5,0] has leader 0
83118 [main] DEBUG kafka.producer.async.DefaultEventHandler  - Broker partitions registered for topic: earth_to_curiosity_5 are 0
83119 [main] DEBUG kafka.producer.async.DefaultEventHandler  - Sending 1 messages with no compression to [earth_to_curiosity_5,0]
83208 [main] DEBUG kafka.producer.async.DefaultEventHandler  - Producer sending messages with correlation id 4 for topics [earth_to_curiosity_5,0] to broker 0 on zion-mainframe:9092
83633 [main] INFO kafka.producer.SyncProducer  - Disconnecting from zion-mainframe:9092
83635 [main] WARN kafka.producer.async.DefaultEventHandler  - Failed to send producer request with correlation id 4 to broker 0 with data for partitions [earth_to_curiosity_5,0]
java.io.IOException: Connection reset by peer
	at sun.nio.ch.FileDispatcherImpl.writev0(Native Method)
	at sun.nio.ch.SocketDispatcher.writev(SocketDispatcher.java:51)
	at sun.nio.ch.IOUtil.write(IOUtil.java:148)
	at sun.nio.ch.SocketChannelImpl.write(SocketChannelImpl.java:504)
	at java.nio.channels.SocketChannel.write(SocketChannel.java:502)
	at org.apache.kafka.common.network.ByteBufferSend.writeTo(ByteBufferSend.java:57)
	at kafka.network.RequestOrResponseSend.writeCompletely(RequestOrResponseSend.scala:50)
	at kafka.network.BlockingChannel.send(BlockingChannel.scala:113)
	at kafka.producer.SyncProducer.liftedTree1$1(SyncProducer.scala:75)
	at kafka.producer.SyncProducer.kafka$producer$SyncProducer$$doSend(SyncProducer.scala:74)
	at kafka.producer.SyncProducer$$anonfun$send$1$$anonfun$apply$mcV$sp$1.apply$mcV$sp(SyncProducer.scala:105)
	at kafka.producer.SyncProducer$$anonfun$send$1$$anonfun$apply$mcV$sp$1.apply(SyncProducer.scala:105)
	at kafka.producer.SyncProducer$$anonfun$send$1$$anonfun$apply$mcV$sp$1.apply(SyncProducer.scala:105)
	at kafka.metrics.KafkaTimer.time(KafkaTimer.scala:33)
	at kafka.producer.SyncProducer$$anonfun$send$1.apply$mcV$sp(SyncProducer.scala:104)
	at kafka.producer.SyncProducer$$anonfun$send$1.apply(SyncProducer.scala:104)
	at kafka.producer.SyncProducer$$anonfun$send$1.apply(SyncProducer.scala:104)
	at kafka.metrics.KafkaTimer.time(KafkaTimer.scala:33)
	at kafka.producer.SyncProducer.send(SyncProducer.scala:103)
	at kafka.producer.async.DefaultEventHandler.kafka$producer$async$DefaultEventHandler$$send(DefaultEventHandler.scala:257)
	at kafka.producer.async.DefaultEventHandler$$anonfun$dispatchSerializedData$2.apply(DefaultEventHandler.scala:108)
	at kafka.producer.async.DefaultEventHandler$$anonfun$dispatchSerializedData$2.apply(DefaultEventHandler.scala:100)
	at scala.collection.TraversableLike$WithFilter$$anonfun$foreach$1.apply(TraversableLike.scala:772)
	at scala.collection.mutable.HashMap$$anonfun$foreach$1.apply(HashMap.scala:98)
	at scala.collection.mutable.HashMap$$anonfun$foreach$1.apply(HashMap.scala:98)
	at scala.collection.mutable.HashTable$class.foreachEntry(HashTable.scala:226)
	at scala.collection.mutable.HashMap.foreachEntry(HashMap.scala:39)
	at scala.collection.mutable.HashMap.foreach(HashMap.scala:98)
	at scala.collection.TraversableLike$WithFilter.foreach(TraversableLike.scala:771)
	at kafka.producer.async.DefaultEventHandler.dispatchSerializedData(DefaultEventHandler.scala:100)
	at kafka.producer.async.DefaultEventHandler.handle(DefaultEventHandler.scala:73)
	at kafka.producer.Producer.send(Producer.scala:77)
	at kafka.javaapi.producer.Producer.send(Producer.scala:33)
	at naasa.gov.mission.control.Transmitter.transmitMessage(Transmitter.java:52)
	at naasa.gov.mission.control.ProducerManual.main(ProducerManual.java:96)
83636 [main] INFO kafka.producer.async.DefaultEventHandler  - Back off for 100 ms before retrying send. Remaining retries = 3
83739 [main] INFO kafka.client.ClientUtils$  - Fetching metadata from broker BrokerEndPoint(0,localhost,9092) with correlation id 5 for 1 topic(s) Set(earth_to_curiosity_5)
83742 [main] DEBUG kafka.network.BlockingChannel  - Created socket with SO_TIMEOUT = 10000 (requested 10000), SO_RCVBUF = 530904 (requested -1), SO_SNDBUF = 102400 (requested 102400), connectTimeoutMs = 10000.
83742 [main] INFO kafka.producer.SyncProducer  - Connected to localhost:9092 for producing
83745 [main] INFO kafka.producer.SyncProducer  - Disconnecting from localhost:9092
83746 [main] DEBUG kafka.client.ClientUtils$  - Successfully fetched metadata for 1 topic(s) Set(earth_to_curiosity_5)
83747 [main] INFO kafka.producer.SyncProducer  - Disconnecting from zion-mainframe:9092
83748 [main] DEBUG kafka.producer.BrokerPartitionInfo  - Getting broker partition info for topic earth_to_curiosity_5
83748 [main] DEBUG kafka.producer.BrokerPartitionInfo  - Partition [earth_to_curiosity_5,0] has leader 0
83749 [main] DEBUG kafka.producer.async.DefaultEventHandler  - Broker partitions registered for topic: earth_to_curiosity_5 are 0
83750 [main] DEBUG kafka.producer.async.DefaultEventHandler  - Sending 1 messages with no compression to [earth_to_curiosity_5,0]
83879 [main] DEBUG kafka.producer.async.DefaultEventHandler  - Producer sending messages with correlation id 7 for topics [earth_to_curiosity_5,0] to broker 0 on zion-mainframe:9092
84279 [main] DEBUG kafka.network.BlockingChannel  - Created socket with SO_TIMEOUT = 10000 (requested 10000), SO_RCVBUF = 530904 (requested -1), SO_SNDBUF = 102400 (requested 102400), connectTimeoutMs = 10000.
84279 [main] INFO kafka.producer.SyncProducer  - Connected to zion-mainframe:9092 for producing
84442 [main] INFO kafka.producer.SyncProducer  - Disconnecting from zion-mainframe:9092
84442 [main] WARN kafka.producer.async.DefaultEventHandler  - Failed to send producer request with correlation id 7 to broker 0 with data for partitions [earth_to_curiosity_5,0]
java.io.IOException: Connection reset by peer
	at sun.nio.ch.FileDispatcherImpl.writev0(Native Method)
	at sun.nio.ch.SocketDispatcher.writev(SocketDispatcher.java:51)
	at sun.nio.ch.IOUtil.write(IOUtil.java:148)
	at sun.nio.ch.SocketChannelImpl.write(SocketChannelImpl.java:504)
	at java.nio.channels.SocketChannel.write(SocketChannel.java:502)
	at org.apache.kafka.common.network.ByteBufferSend.writeTo(ByteBufferSend.java:57)
	at kafka.network.RequestOrResponseSend.writeCompletely(RequestOrResponseSend.scala:50)
	at kafka.network.BlockingChannel.send(BlockingChannel.scala:113)
	at kafka.producer.SyncProducer.liftedTree1$1(SyncProducer.scala:75)
	at kafka.producer.SyncProducer.kafka$producer$SyncProducer$$doSend(SyncProducer.scala:74)
	at kafka.producer.SyncProducer$$anonfun$send$1$$anonfun$apply$mcV$sp$1.apply$mcV$sp(SyncProducer.scala:105)
	at kafka.producer.SyncProducer$$anonfun$send$1$$anonfun$apply$mcV$sp$1.apply(SyncProducer.scala:105)
	at kafka.producer.SyncProducer$$anonfun$send$1$$anonfun$apply$mcV$sp$1.apply(SyncProducer.scala:105)
	at kafka.metrics.KafkaTimer.time(KafkaTimer.scala:33)
	at kafka.producer.SyncProducer$$anonfun$send$1.apply$mcV$sp(SyncProducer.scala:104)
	at kafka.producer.SyncProducer$$anonfun$send$1.apply(SyncProducer.scala:104)
	at kafka.producer.SyncProducer$$anonfun$send$1.apply(SyncProducer.scala:104)
	at kafka.metrics.KafkaTimer.time(KafkaTimer.scala:33)
	at kafka.producer.SyncProducer.send(SyncProducer.scala:103)
	at kafka.producer.async.DefaultEventHandler.kafka$producer$async$DefaultEventHandler$$send(DefaultEventHandler.scala:257)
	at kafka.producer.async.DefaultEventHandler$$anonfun$dispatchSerializedData$2.apply(DefaultEventHandler.scala:108)
	at kafka.producer.async.DefaultEventHandler$$anonfun$dispatchSerializedData$2.apply(DefaultEventHandler.scala:100)
	at scala.collection.TraversableLike$WithFilter$$anonfun$foreach$1.apply(TraversableLike.scala:772)
	at scala.collection.mutable.HashMap$$anonfun$foreach$1.apply(HashMap.scala:98)
	at scala.collection.mutable.HashMap$$anonfun$foreach$1.apply(HashMap.scala:98)
	at scala.collection.mutable.HashTable$class.foreachEntry(HashTable.scala:226)
	at scala.collection.mutable.HashMap.foreachEntry(HashMap.scala:39)
	at scala.collection.mutable.HashMap.foreach(HashMap.scala:98)
	at scala.collection.TraversableLike$WithFilter.foreach(TraversableLike.scala:771)
	at kafka.producer.async.DefaultEventHandler.dispatchSerializedData(DefaultEventHandler.scala:100)
	at kafka.producer.async.DefaultEventHandler.handle(DefaultEventHandler.scala:73)
	at kafka.producer.Producer.send(Producer.scala:77)
	at kafka.javaapi.producer.Producer.send(Producer.scala:33)
	at naasa.gov.mission.control.Transmitter.transmitMessage(Transmitter.java:52)
	at naasa.gov.mission.control.ProducerManual.main(ProducerManual.java:96)
84443 [main] INFO kafka.producer.async.DefaultEventHandler  - Back off for 100 ms before retrying send. Remaining retries = 2
84543 [main] INFO kafka.client.ClientUtils$  - Fetching metadata from broker BrokerEndPoint(0,localhost,9092) with correlation id 8 for 1 topic(s) Set(earth_to_curiosity_5)
84544 [main] DEBUG kafka.network.BlockingChannel  - Created socket with SO_TIMEOUT = 10000 (requested 10000), SO_RCVBUF = 530904 (requested -1), SO_SNDBUF = 102400 (requested 102400), connectTimeoutMs = 10000.
84544 [main] INFO kafka.producer.SyncProducer  - Connected to localhost:9092 for producing
84545 [main] INFO kafka.producer.SyncProducer  - Disconnecting from localhost:9092
84545 [main] DEBUG kafka.client.ClientUtils$  - Successfully fetched metadata for 1 topic(s) Set(earth_to_curiosity_5)
84545 [main] INFO kafka.producer.SyncProducer  - Disconnecting from zion-mainframe:9092
84545 [main] DEBUG kafka.producer.BrokerPartitionInfo  - Getting broker partition info for topic earth_to_curiosity_5
84546 [main] DEBUG kafka.producer.BrokerPartitionInfo  - Partition [earth_to_curiosity_5,0] has leader 0
84546 [main] DEBUG kafka.producer.async.DefaultEventHandler  - Broker partitions registered for topic: earth_to_curiosity_5 are 0
84546 [main] DEBUG kafka.producer.async.DefaultEventHandler  - Sending 1 messages with no compression to [earth_to_curiosity_5,0]
84641 [main] DEBUG kafka.producer.async.DefaultEventHandler  - Producer sending messages with correlation id 10 for topics [earth_to_curiosity_5,0] to broker 0 on zion-mainframe:9092
84818 [main] DEBUG kafka.network.BlockingChannel  - Created socket with SO_TIMEOUT = 10000 (requested 10000), SO_RCVBUF = 530904 (requested -1), SO_SNDBUF = 102400 (requested 102400), connectTimeoutMs = 10000.
84818 [main] INFO kafka.producer.SyncProducer  - Connected to zion-mainframe:9092 for producing
84964 [main] INFO kafka.producer.SyncProducer  - Disconnecting from zion-mainframe:9092
84964 [main] WARN kafka.producer.async.DefaultEventHandler  - Failed to send producer request with correlation id 10 to broker 0 with data for partitions [earth_to_curiosity_5,0]
java.io.IOException: Connection reset by peer
	at sun.nio.ch.FileDispatcherImpl.writev0(Native Method)
	at sun.nio.ch.SocketDispatcher.writev(SocketDispatcher.java:51)
	at sun.nio.ch.IOUtil.write(IOUtil.java:148)
	at sun.nio.ch.SocketChannelImpl.write(SocketChannelImpl.java:504)
	at java.nio.channels.SocketChannel.write(SocketChannel.java:502)
	at org.apache.kafka.common.network.ByteBufferSend.writeTo(ByteBufferSend.java:57)
	at kafka.network.RequestOrResponseSend.writeCompletely(RequestOrResponseSend.scala:50)
	at kafka.network.BlockingChannel.send(BlockingChannel.scala:113)
	at kafka.producer.SyncProducer.liftedTree1$1(SyncProducer.scala:75)
	at kafka.producer.SyncProducer.kafka$producer$SyncProducer$$doSend(SyncProducer.scala:74)
	at kafka.producer.SyncProducer$$anonfun$send$1$$anonfun$apply$mcV$sp$1.apply$mcV$sp(SyncProducer.scala:105)
	at kafka.producer.SyncProducer$$anonfun$send$1$$anonfun$apply$mcV$sp$1.apply(SyncProducer.scala:105)
	at kafka.producer.SyncProducer$$anonfun$send$1$$anonfun$apply$mcV$sp$1.apply(SyncProducer.scala:105)
	at kafka.metrics.KafkaTimer.time(KafkaTimer.scala:33)
	at kafka.producer.SyncProducer$$anonfun$send$1.apply$mcV$sp(SyncProducer.scala:104)
	at kafka.producer.SyncProducer$$anonfun$send$1.apply(SyncProducer.scala:104)
	at kafka.producer.SyncProducer$$anonfun$send$1.apply(SyncProducer.scala:104)
	at kafka.metrics.KafkaTimer.time(KafkaTimer.scala:33)
	at kafka.producer.SyncProducer.send(SyncProducer.scala:103)
	at kafka.producer.async.DefaultEventHandler.kafka$producer$async$DefaultEventHandler$$send(DefaultEventHandler.scala:257)
	at kafka.producer.async.DefaultEventHandler$$anonfun$dispatchSerializedData$2.apply(DefaultEventHandler.scala:108)
	at kafka.producer.async.DefaultEventHandler$$anonfun$dispatchSerializedData$2.apply(DefaultEventHandler.scala:100)
	at scala.collection.TraversableLike$WithFilter$$anonfun$foreach$1.apply(TraversableLike.scala:772)
	at scala.collection.mutable.HashMap$$anonfun$foreach$1.apply(HashMap.scala:98)
	at scala.collection.mutable.HashMap$$anonfun$foreach$1.apply(HashMap.scala:98)
	at scala.collection.mutable.HashTable$class.foreachEntry(HashTable.scala:226)
	at scala.collection.mutable.HashMap.foreachEntry(HashMap.scala:39)
	at scala.collection.mutable.HashMap.foreach(HashMap.scala:98)
	at scala.collection.TraversableLike$WithFilter.foreach(TraversableLike.scala:771)
	at kafka.producer.async.DefaultEventHandler.dispatchSerializedData(DefaultEventHandler.scala:100)
	at kafka.producer.async.DefaultEventHandler.handle(DefaultEventHandler.scala:73)
	at kafka.producer.Producer.send(Producer.scala:77)
	at kafka.javaapi.producer.Producer.send(Producer.scala:33)
	at naasa.gov.mission.control.Transmitter.transmitMessage(Transmitter.java:52)
	at naasa.gov.mission.control.ProducerManual.main(ProducerManual.java:96)
84965 [main] INFO kafka.producer.async.DefaultEventHandler  - Back off for 100 ms before retrying send. Remaining retries = 1
85066 [main] INFO kafka.client.ClientUtils$  - Fetching metadata from broker BrokerEndPoint(0,localhost,9092) with correlation id 11 for 1 topic(s) Set(earth_to_curiosity_5)
85067 [main] DEBUG kafka.network.BlockingChannel  - Created socket with SO_TIMEOUT = 10000 (requested 10000), SO_RCVBUF = 530904 (requested -1), SO_SNDBUF = 102400 (requested 102400), connectTimeoutMs = 10000.
85067 [main] INFO kafka.producer.SyncProducer  - Connected to localhost:9092 for producing
85069 [main] INFO kafka.producer.SyncProducer  - Disconnecting from localhost:9092
85070 [main] DEBUG kafka.client.ClientUtils$  - Successfully fetched metadata for 1 topic(s) Set(earth_to_curiosity_5)
85070 [main] INFO kafka.producer.SyncProducer  - Disconnecting from zion-mainframe:9092
85071 [main] DEBUG kafka.producer.BrokerPartitionInfo  - Getting broker partition info for topic earth_to_curiosity_5
85071 [main] DEBUG kafka.producer.BrokerPartitionInfo  - Partition [earth_to_curiosity_5,0] has leader 0
85072 [main] DEBUG kafka.producer.async.DefaultEventHandler  - Broker partitions registered for topic: earth_to_curiosity_5 are 0
85073 [main] DEBUG kafka.producer.async.DefaultEventHandler  - Sending 1 messages with no compression to [earth_to_curiosity_5,0]
85181 [main] DEBUG kafka.producer.async.DefaultEventHandler  - Producer sending messages with correlation id 13 for topics [earth_to_curiosity_5,0] to broker 0 on zion-mainframe:9092
85433 [main] DEBUG kafka.network.BlockingChannel  - Created socket with SO_TIMEOUT = 10000 (requested 10000), SO_RCVBUF = 530904 (requested -1), SO_SNDBUF = 102400 (requested 102400), connectTimeoutMs = 10000.
85433 [main] INFO kafka.producer.SyncProducer  - Connected to zion-mainframe:9092 for producing
85581 [main] INFO kafka.producer.SyncProducer  - Disconnecting from zion-mainframe:9092
85581 [main] WARN kafka.producer.async.DefaultEventHandler  - Failed to send producer request with correlation id 13 to broker 0 with data for partitions [earth_to_curiosity_5,0]
java.io.IOException: Connection reset by peer
	at sun.nio.ch.FileDispatcherImpl.writev0(Native Method)
	at sun.nio.ch.SocketDispatcher.writev(SocketDispatcher.java:51)
	at sun.nio.ch.IOUtil.write(IOUtil.java:148)
	at sun.nio.ch.SocketChannelImpl.write(SocketChannelImpl.java:504)
	at java.nio.channels.SocketChannel.write(SocketChannel.java:502)
	at org.apache.kafka.common.network.ByteBufferSend.writeTo(ByteBufferSend.java:57)
	at kafka.network.RequestOrResponseSend.writeCompletely(RequestOrResponseSend.scala:50)
	at kafka.network.BlockingChannel.send(BlockingChannel.scala:113)
	at kafka.producer.SyncProducer.liftedTree1$1(SyncProducer.scala:75)
	at kafka.producer.SyncProducer.kafka$producer$SyncProducer$$doSend(SyncProducer.scala:74)
	at kafka.producer.SyncProducer$$anonfun$send$1$$anonfun$apply$mcV$sp$1.apply$mcV$sp(SyncProducer.scala:105)
	at kafka.producer.SyncProducer$$anonfun$send$1$$anonfun$apply$mcV$sp$1.apply(SyncProducer.scala:105)
	at kafka.producer.SyncProducer$$anonfun$send$1$$anonfun$apply$mcV$sp$1.apply(SyncProducer.scala:105)
	at kafka.metrics.KafkaTimer.time(KafkaTimer.scala:33)
	at kafka.producer.SyncProducer$$anonfun$send$1.apply$mcV$sp(SyncProducer.scala:104)
	at kafka.producer.SyncProducer$$anonfun$send$1.apply(SyncProducer.scala:104)
	at kafka.producer.SyncProducer$$anonfun$send$1.apply(SyncProducer.scala:104)
	at kafka.metrics.KafkaTimer.time(KafkaTimer.scala:33)
	at kafka.producer.SyncProducer.send(SyncProducer.scala:103)
	at kafka.producer.async.DefaultEventHandler.kafka$producer$async$DefaultEventHandler$$send(DefaultEventHandler.scala:257)
	at kafka.producer.async.DefaultEventHandler$$anonfun$dispatchSerializedData$2.apply(DefaultEventHandler.scala:108)
	at kafka.producer.async.DefaultEventHandler$$anonfun$dispatchSerializedData$2.apply(DefaultEventHandler.scala:100)
	at scala.collection.TraversableLike$WithFilter$$anonfun$foreach$1.apply(TraversableLike.scala:772)
	at scala.collection.mutable.HashMap$$anonfun$foreach$1.apply(HashMap.scala:98)
	at scala.collection.mutable.HashMap$$anonfun$foreach$1.apply(HashMap.scala:98)
	at scala.collection.mutable.HashTable$class.foreachEntry(HashTable.scala:226)
	at scala.collection.mutable.HashMap.foreachEntry(HashMap.scala:39)
	at scala.collection.mutable.HashMap.foreach(HashMap.scala:98)
	at scala.collection.TraversableLike$WithFilter.foreach(TraversableLike.scala:771)
	at kafka.producer.async.DefaultEventHandler.dispatchSerializedData(DefaultEventHandler.scala:100)
	at kafka.producer.async.DefaultEventHandler.handle(DefaultEventHandler.scala:73)
	at kafka.producer.Producer.send(Producer.scala:77)
	at kafka.javaapi.producer.Producer.send(Producer.scala:33)
	at naasa.gov.mission.control.Transmitter.transmitMessage(Transmitter.java:52)
	at naasa.gov.mission.control.ProducerManual.main(ProducerManual.java:96)
85582 [main] INFO kafka.producer.async.DefaultEventHandler  - Back off for 100 ms before retrying send. Remaining retries = 0
85683 [main] INFO kafka.client.ClientUtils$  - Fetching metadata from broker BrokerEndPoint(0,localhost,9092) with correlation id 14 for 1 topic(s) Set(earth_to_curiosity_5)
85685 [main] DEBUG kafka.network.BlockingChannel  - Created socket with SO_TIMEOUT = 10000 (requested 10000), SO_RCVBUF = 530904 (requested -1), SO_SNDBUF = 102400 (requested 102400), connectTimeoutMs = 10000.
85685 [main] INFO kafka.producer.SyncProducer  - Connected to localhost:9092 for producing
85688 [main] INFO kafka.producer.SyncProducer  - Disconnecting from localhost:9092
85688 [main] DEBUG kafka.client.ClientUtils$  - Successfully fetched metadata for 1 topic(s) Set(earth_to_curiosity_5)
85689 [main] INFO kafka.producer.SyncProducer  - Disconnecting from zion-mainframe:9092
85692 [main] ERROR kafka.producer.async.DefaultEventHandler  - Failed to send requests for topics earth_to_curiosity_5 with correlation ids in [3,14]
