0 [main] INFO kafka.utils.VerifiableProperties  - Verifying properties
28 [main] INFO kafka.utils.VerifiableProperties  - Property auto.offset.reset is overridden to largest
28 [main] WARN kafka.utils.VerifiableProperties  - Property destination.topic is not valid
28 [main] INFO kafka.utils.VerifiableProperties  - Property group.id is overridden to nasa.gov.mission.newControl
28 [main] WARN kafka.utils.VerifiableProperties  - Property metadata.broker.list is not valid
28 [main] WARN kafka.utils.VerifiableProperties  - Property source.topic is not valid
28 [main] INFO kafka.utils.VerifiableProperties  - Property zookeeper.connect is overridden to localhost:2181
71 [main] INFO kafka.consumer.ZookeeperConsumerConnector  - [nasa.gov.mission.newControl_zion-portable-1509900799147-6392d584], Connecting to zookeeper instance at localhost:2181
77 [ZkClient-EventThread-15-localhost:2181] INFO org.I0Itec.zkclient.ZkEventThread  - Starting ZkClient event thread.
81 [main] INFO org.apache.zookeeper.ZooKeeper  - Client environment:zookeeper.version=3.4.6-1569965, built on 02/20/2014 09:09 GMT
82 [main] INFO org.apache.zookeeper.ZooKeeper  - Client environment:host.name=zion-portable
82 [main] INFO org.apache.zookeeper.ZooKeeper  - Client environment:java.version=1.8.0_131
82 [main] INFO org.apache.zookeeper.ZooKeeper  - Client environment:java.vendor=Oracle Corporation
82 [main] INFO org.apache.zookeeper.ZooKeeper  - Client environment:java.home=/usr/lib/jvm/java-8-openjdk-amd64/jre
82 [main] INFO org.apache.zookeeper.ZooKeeper  - Client environment:java.class.path=target/mission.control-0.0.1-SNAPSHOT-shaded.jar
82 [main] INFO org.apache.zookeeper.ZooKeeper  - Client environment:java.library.path=/usr/java/packages/lib/amd64:/usr/lib/x86_64-linux-gnu/jni:/lib/x86_64-linux-gnu:/usr/lib/x86_64-linux-gnu:/usr/lib/jni:/lib:/usr/lib
82 [main] INFO org.apache.zookeeper.ZooKeeper  - Client environment:java.io.tmpdir=/tmp
82 [main] INFO org.apache.zookeeper.ZooKeeper  - Client environment:java.compiler=<NA>
82 [main] INFO org.apache.zookeeper.ZooKeeper  - Client environment:os.name=Linux
82 [main] INFO org.apache.zookeeper.ZooKeeper  - Client environment:os.arch=amd64
82 [main] INFO org.apache.zookeeper.ZooKeeper  - Client environment:os.version=4.10.0-37-generic
82 [main] INFO org.apache.zookeeper.ZooKeeper  - Client environment:user.name=sanket
82 [main] INFO org.apache.zookeeper.ZooKeeper  - Client environment:user.home=/home/sanket
82 [main] INFO org.apache.zookeeper.ZooKeeper  - Client environment:user.dir=/home/sanket/Documents/workspace/Mission.Control/mission.control
82 [main] INFO org.apache.zookeeper.ZooKeeper  - Initiating client connection, connectString=localhost:2181 sessionTimeout=6000 watcher=org.I0Itec.zkclient.ZkClient@12028586
91 [main] INFO org.I0Itec.zkclient.ZkClient  - Waiting for keeper state SyncConnected
93 [main-SendThread(localhost:2181)] INFO org.apache.zookeeper.ClientCnxn  - Opening socket connection to server localhost/127.0.0.1:2181. Will not attempt to authenticate using SASL (unknown error)
135 [main-SendThread(localhost:2181)] INFO org.apache.zookeeper.ClientCnxn  - Socket connection established to localhost/127.0.0.1:2181, initiating session
140 [main-SendThread(localhost:2181)] INFO org.apache.zookeeper.ClientCnxn  - Session establishment complete on server localhost/127.0.0.1:2181, sessionid = 0x15f8d1909610001, negotiated timeout = 6000
141 [main-EventThread] INFO org.I0Itec.zkclient.ZkClient  - zookeeper state changed (SyncConnected)
149 [main] INFO kafka.consumer.ZookeeperConsumerConnector  - [nasa.gov.mission.newControl_zion-portable-1509900799147-6392d584], starting auto committer every 60000 ms
170 [Thread-0] INFO kafka.consumer.ZookeeperConsumerConnector  - [nasa.gov.mission.newControl_zion-portable-1509900799147-6392d584], begin registering consumer nasa.gov.mission.newControl_zion-portable-1509900799147-6392d584 in ZK
192 [Thread-0] INFO kafka.utils.ZKCheckedEphemeral  - Creating /consumers/nasa.gov.mission.newControl/ids/nasa.gov.mission.newControl_zion-portable-1509900799147-6392d584 (is it secure? false)
200 [Thread-0] INFO kafka.utils.ZKCheckedEphemeral  - Result of znode creation is: OK
200 [Thread-0] INFO kafka.consumer.ZookeeperConsumerConnector  - [nasa.gov.mission.newControl_zion-portable-1509900799147-6392d584], end registering consumer nasa.gov.mission.newControl_zion-portable-1509900799147-6392d584 in ZK
203 [nasa.gov.mission.newControl_zion-portable-1509900799147-6392d584_watcher_executor] INFO kafka.consumer.ZookeeperConsumerConnector  - [nasa.gov.mission.newControl_zion-portable-1509900799147-6392d584], starting watcher executor thread for consumer nasa.gov.mission.newControl_zion-portable-1509900799147-6392d584
215 [Thread-0] INFO kafka.consumer.ZookeeperConsumerConnector  - [nasa.gov.mission.newControl_zion-portable-1509900799147-6392d584], begin rebalancing consumer nasa.gov.mission.newControl_zion-portable-1509900799147-6392d584 try #0
286 [Thread-0] INFO kafka.consumer.ConsumerFetcherManager  - [ConsumerFetcherManager-1509900799224] Stopping leader finder thread
286 [Thread-0] INFO kafka.consumer.ConsumerFetcherManager  - [ConsumerFetcherManager-1509900799224] Stopping all fetchers
287 [Thread-0] INFO kafka.consumer.ConsumerFetcherManager  - [ConsumerFetcherManager-1509900799224] All connections stopped
287 [Thread-0] INFO kafka.consumer.ZookeeperConsumerConnector  - [nasa.gov.mission.newControl_zion-portable-1509900799147-6392d584], Cleared all relevant queues for this fetcher
287 [Thread-0] INFO kafka.consumer.ZookeeperConsumerConnector  - [nasa.gov.mission.newControl_zion-portable-1509900799147-6392d584], Cleared the data chunks in all the consumer message iterators
288 [Thread-0] INFO kafka.consumer.ZookeeperConsumerConnector  - [nasa.gov.mission.newControl_zion-portable-1509900799147-6392d584], Committing all offsets after clearing the fetcher queues
288 [Thread-0] INFO kafka.consumer.ZookeeperConsumerConnector  - [nasa.gov.mission.newControl_zion-portable-1509900799147-6392d584], Releasing partition ownership
306 [Thread-0] INFO kafka.consumer.RangeAssignor  - Consumer nasa.gov.mission.newControl_zion-portable-1509900799147-6392d584 rebalancing the following partitions: ArrayBuffer() for topic curiosity_to_earth_3 with consumers: List(nasa.gov.mission.newControl_zion-portable-1509900799147-6392d584-0)
306 [Thread-0] WARN kafka.consumer.RangeAssignor  - No broker partitions consumed by consumer thread nasa.gov.mission.newControl_zion-portable-1509900799147-6392d584-0 for topic curiosity_to_earth_3
314 [Thread-0] INFO kafka.consumer.ZookeeperConsumerConnector  - [nasa.gov.mission.newControl_zion-portable-1509900799147-6392d584], Consumer nasa.gov.mission.newControl_zion-portable-1509900799147-6392d584 selected partitions : 
315 [nasa.gov.mission.newControl_zion-portable-1509900799147-6392d584-leader-finder-thread] INFO kafka.consumer.ConsumerFetcherManager$LeaderFinderThread  - [nasa.gov.mission.newControl_zion-portable-1509900799147-6392d584-leader-finder-thread], Starting 
315 [Thread-0] INFO kafka.consumer.ZookeeperConsumerConnector  - [nasa.gov.mission.newControl_zion-portable-1509900799147-6392d584], end rebalancing consumer nasa.gov.mission.newControl_zion-portable-1509900799147-6392d584 try #0
63302 [ZkClient-EventThread-15-localhost:2181] INFO kafka.consumer.ZookeeperConsumerConnector  - [nasa.gov.mission.newControl_zion-portable-1509900799147-6392d584], Topic info for path /brokers/topics/curiosity_to_earth_3 changed to {"version":1,"partitions":{"0":[0]}}, triggering rebalance
63302 [nasa.gov.mission.newControl_zion-portable-1509900799147-6392d584_watcher_executor] INFO kafka.consumer.ZookeeperConsumerConnector  - [nasa.gov.mission.newControl_zion-portable-1509900799147-6392d584], begin rebalancing consumer nasa.gov.mission.newControl_zion-portable-1509900799147-6392d584 try #0
63321 [nasa.gov.mission.newControl_zion-portable-1509900799147-6392d584_watcher_executor] INFO kafka.consumer.ConsumerFetcherManager  - [ConsumerFetcherManager-1509900799224] Stopping leader finder thread
63322 [nasa.gov.mission.newControl_zion-portable-1509900799147-6392d584_watcher_executor] INFO kafka.consumer.ConsumerFetcherManager$LeaderFinderThread  - [nasa.gov.mission.newControl_zion-portable-1509900799147-6392d584-leader-finder-thread], Shutting down
63322 [nasa.gov.mission.newControl_zion-portable-1509900799147-6392d584_watcher_executor] INFO kafka.consumer.ConsumerFetcherManager$LeaderFinderThread  - [nasa.gov.mission.newControl_zion-portable-1509900799147-6392d584-leader-finder-thread], Shutdown completed
63322 [nasa.gov.mission.newControl_zion-portable-1509900799147-6392d584-leader-finder-thread] INFO kafka.consumer.ConsumerFetcherManager$LeaderFinderThread  - [nasa.gov.mission.newControl_zion-portable-1509900799147-6392d584-leader-finder-thread], Stopped 
63322 [nasa.gov.mission.newControl_zion-portable-1509900799147-6392d584_watcher_executor] INFO kafka.consumer.ConsumerFetcherManager  - [ConsumerFetcherManager-1509900799224] Stopping all fetchers
63322 [nasa.gov.mission.newControl_zion-portable-1509900799147-6392d584_watcher_executor] INFO kafka.consumer.ConsumerFetcherManager  - [ConsumerFetcherManager-1509900799224] All connections stopped
63322 [nasa.gov.mission.newControl_zion-portable-1509900799147-6392d584_watcher_executor] INFO kafka.consumer.ZookeeperConsumerConnector  - [nasa.gov.mission.newControl_zion-portable-1509900799147-6392d584], Cleared all relevant queues for this fetcher
63322 [nasa.gov.mission.newControl_zion-portable-1509900799147-6392d584_watcher_executor] INFO kafka.consumer.ZookeeperConsumerConnector  - [nasa.gov.mission.newControl_zion-portable-1509900799147-6392d584], Cleared the data chunks in all the consumer message iterators
63322 [nasa.gov.mission.newControl_zion-portable-1509900799147-6392d584_watcher_executor] INFO kafka.consumer.ZookeeperConsumerConnector  - [nasa.gov.mission.newControl_zion-portable-1509900799147-6392d584], Committing all offsets after clearing the fetcher queues
63322 [nasa.gov.mission.newControl_zion-portable-1509900799147-6392d584_watcher_executor] INFO kafka.consumer.ZookeeperConsumerConnector  - [nasa.gov.mission.newControl_zion-portable-1509900799147-6392d584], Releasing partition ownership
63334 [nasa.gov.mission.newControl_zion-portable-1509900799147-6392d584_watcher_executor] INFO kafka.consumer.RangeAssignor  - Consumer nasa.gov.mission.newControl_zion-portable-1509900799147-6392d584 rebalancing the following partitions: ArrayBuffer(0) for topic curiosity_to_earth_3 with consumers: List(nasa.gov.mission.newControl_zion-portable-1509900799147-6392d584-0)
63335 [nasa.gov.mission.newControl_zion-portable-1509900799147-6392d584_watcher_executor] INFO kafka.consumer.RangeAssignor  - nasa.gov.mission.newControl_zion-portable-1509900799147-6392d584-0 attempting to claim partition 0
63367 [nasa.gov.mission.newControl_zion-portable-1509900799147-6392d584_watcher_executor] INFO kafka.consumer.ZookeeperConsumerConnector  - [nasa.gov.mission.newControl_zion-portable-1509900799147-6392d584], nasa.gov.mission.newControl_zion-portable-1509900799147-6392d584-0 successfully owned partition 0 for topic curiosity_to_earth_3
63373 [nasa.gov.mission.newControl_zion-portable-1509900799147-6392d584_watcher_executor] INFO kafka.consumer.ZookeeperConsumerConnector  - [nasa.gov.mission.newControl_zion-portable-1509900799147-6392d584], Consumer nasa.gov.mission.newControl_zion-portable-1509900799147-6392d584 selected partitions : curiosity_to_earth_3:0: fetched offset = -1: consumed offset = -1
63374 [nasa.gov.mission.newControl_zion-portable-1509900799147-6392d584-leader-finder-thread] INFO kafka.consumer.ConsumerFetcherManager$LeaderFinderThread  - [nasa.gov.mission.newControl_zion-portable-1509900799147-6392d584-leader-finder-thread], Starting 
63374 [nasa.gov.mission.newControl_zion-portable-1509900799147-6392d584_watcher_executor] INFO kafka.consumer.ZookeeperConsumerConnector  - [nasa.gov.mission.newControl_zion-portable-1509900799147-6392d584], end rebalancing consumer nasa.gov.mission.newControl_zion-portable-1509900799147-6392d584 try #0
63397 [nasa.gov.mission.newControl_zion-portable-1509900799147-6392d584-leader-finder-thread] INFO kafka.utils.VerifiableProperties  - Verifying properties
63397 [nasa.gov.mission.newControl_zion-portable-1509900799147-6392d584-leader-finder-thread] INFO kafka.utils.VerifiableProperties  - Property client.id is overridden to nasa.gov.mission.newControl
63397 [nasa.gov.mission.newControl_zion-portable-1509900799147-6392d584-leader-finder-thread] INFO kafka.utils.VerifiableProperties  - Property metadata.broker.list is overridden to zion-portable:9092
63397 [nasa.gov.mission.newControl_zion-portable-1509900799147-6392d584-leader-finder-thread] INFO kafka.utils.VerifiableProperties  - Property request.timeout.ms is overridden to 30000
63411 [nasa.gov.mission.newControl_zion-portable-1509900799147-6392d584-leader-finder-thread] INFO kafka.client.ClientUtils$  - Fetching metadata from broker BrokerEndPoint(0,zion-portable,9092) with correlation id 0 for 1 topic(s) Set(curiosity_to_earth_3)
63416 [nasa.gov.mission.newControl_zion-portable-1509900799147-6392d584-leader-finder-thread] INFO kafka.producer.SyncProducer  - Connected to zion-portable:9092 for producing
63432 [nasa.gov.mission.newControl_zion-portable-1509900799147-6392d584-leader-finder-thread] INFO kafka.producer.SyncProducer  - Disconnecting from zion-portable:9092
63443 [nasa.gov.mission.newControl_zion-portable-1509900799147-6392d584-leader-finder-thread] INFO kafka.consumer.ConsumerFetcherManager  - [ConsumerFetcherManager-1509900799224] Added fetcher for partitions ArrayBuffer()
63649 [nasa.gov.mission.newControl_zion-portable-1509900799147-6392d584-leader-finder-thread] INFO kafka.utils.VerifiableProperties  - Verifying properties
63649 [nasa.gov.mission.newControl_zion-portable-1509900799147-6392d584-leader-finder-thread] INFO kafka.utils.VerifiableProperties  - Property client.id is overridden to nasa.gov.mission.newControl
63649 [nasa.gov.mission.newControl_zion-portable-1509900799147-6392d584-leader-finder-thread] INFO kafka.utils.VerifiableProperties  - Property metadata.broker.list is overridden to zion-portable:9092
63650 [nasa.gov.mission.newControl_zion-portable-1509900799147-6392d584-leader-finder-thread] INFO kafka.utils.VerifiableProperties  - Property request.timeout.ms is overridden to 30000
63650 [nasa.gov.mission.newControl_zion-portable-1509900799147-6392d584-leader-finder-thread] INFO kafka.client.ClientUtils$  - Fetching metadata from broker BrokerEndPoint(0,zion-portable,9092) with correlation id 1 for 1 topic(s) Set(curiosity_to_earth_3)
63650 [nasa.gov.mission.newControl_zion-portable-1509900799147-6392d584-leader-finder-thread] INFO kafka.producer.SyncProducer  - Connected to zion-portable:9092 for producing
63653 [nasa.gov.mission.newControl_zion-portable-1509900799147-6392d584-leader-finder-thread] INFO kafka.producer.SyncProducer  - Disconnecting from zion-portable:9092
63663 [ConsumerFetcherThread-nasa.gov.mission.newControl_zion-portable-1509900799147-6392d584-0-0] INFO kafka.consumer.ConsumerFetcherThread  - [ConsumerFetcherThread-nasa.gov.mission.newControl_zion-portable-1509900799147-6392d584-0-0], Starting 
63677 [nasa.gov.mission.newControl_zion-portable-1509900799147-6392d584-leader-finder-thread] INFO kafka.consumer.ConsumerFetcherManager  - [ConsumerFetcherManager-1509900799224] Added fetcher for partitions ArrayBuffer([[curiosity_to_earth_3,0], initOffset -1 to broker BrokerEndPoint(0,zion-portable,9092)] )
7265915 [main-SendThread(localhost:2181)] INFO org.apache.zookeeper.ClientCnxn  - Client session timed out, have not heard from server in 6051750ms for sessionid 0x15f8d1909610001, closing socket connection and attempting reconnect
7266016 [main-EventThread] INFO org.I0Itec.zkclient.ZkClient  - zookeeper state changed (Disconnected)
7267959 [main-SendThread(localhost:2181)] INFO org.apache.zookeeper.ClientCnxn  - Opening socket connection to server localhost/127.0.0.1:2181. Will not attempt to authenticate using SASL (unknown error)
7267960 [main-SendThread(localhost:2181)] INFO org.apache.zookeeper.ClientCnxn  - Socket connection established to localhost/127.0.0.1:2181, initiating session
7267964 [main-EventThread] INFO org.I0Itec.zkclient.ZkClient  - zookeeper state changed (Expired)
7267964 [main-SendThread(localhost:2181)] INFO org.apache.zookeeper.ClientCnxn  - Unable to reconnect to ZooKeeper service, session 0x15f8d1909610001 has expired, closing socket connection
7267964 [main-EventThread] INFO org.apache.zookeeper.ZooKeeper  - Initiating client connection, connectString=localhost:2181 sessionTimeout=6000 watcher=org.I0Itec.zkclient.ZkClient@12028586
7267966 [main-SendThread(localhost:2181)] INFO org.apache.zookeeper.ClientCnxn  - Opening socket connection to server localhost/127.0.0.1:2181. Will not attempt to authenticate using SASL (unknown error)
7267967 [main-EventThread] INFO org.apache.zookeeper.ClientCnxn  - EventThread shut down
7267967 [main-SendThread(localhost:2181)] INFO org.apache.zookeeper.ClientCnxn  - Socket connection established to localhost/127.0.0.1:2181, initiating session
7267967 [ZkClient-EventThread-15-localhost:2181] INFO kafka.consumer.ZookeeperConsumerConnector  - [nasa.gov.mission.newControl_zion-portable-1509900799147-6392d584], ZK expired; release old broker parition ownership; re-register consumer nasa.gov.mission.newControl_zion-portable-1509900799147-6392d584
7267967 [ZkClient-EventThread-15-localhost:2181] INFO kafka.consumer.ZookeeperConsumerConnector  - [nasa.gov.mission.newControl_zion-portable-1509900799147-6392d584], begin registering consumer nasa.gov.mission.newControl_zion-portable-1509900799147-6392d584 in ZK
7267968 [ZkClient-EventThread-15-localhost:2181] INFO kafka.utils.ZKCheckedEphemeral  - Creating /consumers/nasa.gov.mission.newControl/ids/nasa.gov.mission.newControl_zion-portable-1509900799147-6392d584 (is it secure? false)
7267972 [main-SendThread(localhost:2181)] INFO org.apache.zookeeper.ClientCnxn  - Session establishment complete on server localhost/127.0.0.1:2181, sessionid = 0x15f8d1909610005, negotiated timeout = 6000
7267973 [main-EventThread] INFO org.I0Itec.zkclient.ZkClient  - zookeeper state changed (SyncConnected)
7267986 [ZkClient-EventThread-15-localhost:2181] INFO kafka.utils.ZKCheckedEphemeral  - Result of znode creation is: OK
7267986 [ZkClient-EventThread-15-localhost:2181] INFO kafka.consumer.ZookeeperConsumerConnector  - [nasa.gov.mission.newControl_zion-portable-1509900799147-6392d584], end registering consumer nasa.gov.mission.newControl_zion-portable-1509900799147-6392d584 in ZK
7267986 [ZkClient-EventThread-15-localhost:2181] INFO kafka.consumer.ZookeeperConsumerConnector  - [nasa.gov.mission.newControl_zion-portable-1509900799147-6392d584], begin rebalancing consumer nasa.gov.mission.newControl_zion-portable-1509900799147-6392d584 try #0
7268011 [ZkClient-EventThread-15-localhost:2181] INFO kafka.consumer.ConsumerFetcherManager  - [ConsumerFetcherManager-1509900799224] Stopping leader finder thread
7268011 [ZkClient-EventThread-15-localhost:2181] INFO kafka.consumer.ConsumerFetcherManager$LeaderFinderThread  - [nasa.gov.mission.newControl_zion-portable-1509900799147-6392d584-leader-finder-thread], Shutting down
7268012 [nasa.gov.mission.newControl_zion-portable-1509900799147-6392d584-leader-finder-thread] INFO kafka.consumer.ConsumerFetcherManager$LeaderFinderThread  - [nasa.gov.mission.newControl_zion-portable-1509900799147-6392d584-leader-finder-thread], Stopped 
7268012 [ZkClient-EventThread-15-localhost:2181] INFO kafka.consumer.ConsumerFetcherManager$LeaderFinderThread  - [nasa.gov.mission.newControl_zion-portable-1509900799147-6392d584-leader-finder-thread], Shutdown completed
7268012 [ZkClient-EventThread-15-localhost:2181] INFO kafka.consumer.ConsumerFetcherManager  - [ConsumerFetcherManager-1509900799224] Stopping all fetchers
7268012 [ZkClient-EventThread-15-localhost:2181] INFO kafka.consumer.ConsumerFetcherThread  - [ConsumerFetcherThread-nasa.gov.mission.newControl_zion-portable-1509900799147-6392d584-0-0], Shutting down
7268013 [ConsumerFetcherThread-nasa.gov.mission.newControl_zion-portable-1509900799147-6392d584-0-0] INFO kafka.consumer.ConsumerFetcherThread  - [ConsumerFetcherThread-nasa.gov.mission.newControl_zion-portable-1509900799147-6392d584-0-0], Stopped 
7268014 [ZkClient-EventThread-15-localhost:2181] INFO kafka.consumer.ConsumerFetcherThread  - [ConsumerFetcherThread-nasa.gov.mission.newControl_zion-portable-1509900799147-6392d584-0-0], Shutdown completed
7268014 [ZkClient-EventThread-15-localhost:2181] INFO kafka.consumer.ConsumerFetcherManager  - [ConsumerFetcherManager-1509900799224] All connections stopped
7268014 [ZkClient-EventThread-15-localhost:2181] INFO kafka.consumer.ZookeeperConsumerConnector  - [nasa.gov.mission.newControl_zion-portable-1509900799147-6392d584], Cleared all relevant queues for this fetcher
7268014 [ZkClient-EventThread-15-localhost:2181] INFO kafka.consumer.ZookeeperConsumerConnector  - [nasa.gov.mission.newControl_zion-portable-1509900799147-6392d584], Cleared the data chunks in all the consumer message iterators
7268014 [ZkClient-EventThread-15-localhost:2181] INFO kafka.consumer.ZookeeperConsumerConnector  - [nasa.gov.mission.newControl_zion-portable-1509900799147-6392d584], Committing all offsets after clearing the fetcher queues
7268014 [ZkClient-EventThread-15-localhost:2181] INFO kafka.consumer.ZookeeperConsumerConnector  - [nasa.gov.mission.newControl_zion-portable-1509900799147-6392d584], Releasing partition ownership
7268024 [ZkClient-EventThread-15-localhost:2181] INFO kafka.consumer.RangeAssignor  - Consumer nasa.gov.mission.newControl_zion-portable-1509900799147-6392d584 rebalancing the following partitions: ArrayBuffer(0) for topic curiosity_to_earth_3 with consumers: List(nasa.gov.mission.newControl_zion-portable-1509900799147-6392d584-0)
7268024 [ZkClient-EventThread-15-localhost:2181] INFO kafka.consumer.RangeAssignor  - nasa.gov.mission.newControl_zion-portable-1509900799147-6392d584-0 attempting to claim partition 0
7268027 [ZkClient-EventThread-15-localhost:2181] INFO kafka.consumer.ZookeeperConsumerConnector  - [nasa.gov.mission.newControl_zion-portable-1509900799147-6392d584], nasa.gov.mission.newControl_zion-portable-1509900799147-6392d584-0 successfully owned partition 0 for topic curiosity_to_earth_3
7268028 [ZkClient-EventThread-15-localhost:2181] INFO kafka.consumer.ZookeeperConsumerConnector  - [nasa.gov.mission.newControl_zion-portable-1509900799147-6392d584], Consumer nasa.gov.mission.newControl_zion-portable-1509900799147-6392d584 selected partitions : curiosity_to_earth_3:0: fetched offset = 7: consumed offset = 7
7268028 [ZkClient-EventThread-15-localhost:2181] INFO kafka.consumer.ZookeeperConsumerConnector  - [nasa.gov.mission.newControl_zion-portable-1509900799147-6392d584], end rebalancing consumer nasa.gov.mission.newControl_zion-portable-1509900799147-6392d584 try #0
7268029 [nasa.gov.mission.newControl_zion-portable-1509900799147-6392d584-leader-finder-thread] INFO kafka.consumer.ConsumerFetcherManager$LeaderFinderThread  - [nasa.gov.mission.newControl_zion-portable-1509900799147-6392d584-leader-finder-thread], Starting 
7268030 [nasa.gov.mission.newControl_zion-portable-1509900799147-6392d584_watcher_executor] INFO kafka.consumer.ZookeeperConsumerConnector  - [nasa.gov.mission.newControl_zion-portable-1509900799147-6392d584], begin rebalancing consumer nasa.gov.mission.newControl_zion-portable-1509900799147-6392d584 try #0
7268033 [nasa.gov.mission.newControl_zion-portable-1509900799147-6392d584-leader-finder-thread] INFO kafka.utils.VerifiableProperties  - Verifying properties
7268033 [nasa.gov.mission.newControl_zion-portable-1509900799147-6392d584-leader-finder-thread] INFO kafka.utils.VerifiableProperties  - Property client.id is overridden to nasa.gov.mission.newControl
7268033 [nasa.gov.mission.newControl_zion-portable-1509900799147-6392d584-leader-finder-thread] INFO kafka.utils.VerifiableProperties  - Property metadata.broker.list is overridden to zion-portable:9092
7268033 [nasa.gov.mission.newControl_zion-portable-1509900799147-6392d584-leader-finder-thread] INFO kafka.utils.VerifiableProperties  - Property request.timeout.ms is overridden to 30000
7268033 [nasa.gov.mission.newControl_zion-portable-1509900799147-6392d584-leader-finder-thread] INFO kafka.client.ClientUtils$  - Fetching metadata from broker BrokerEndPoint(0,zion-portable,9092) with correlation id 2 for 1 topic(s) Set(curiosity_to_earth_3)
7268033 [ZkClient-EventThread-15-localhost:2181] INFO kafka.consumer.ZookeeperConsumerConnector  - [nasa.gov.mission.newControl_zion-portable-1509900799147-6392d584], Topic info for path /brokers/topics/curiosity_to_earth_3 changed to {"version":1,"partitions":{"0":[0]}}, triggering rebalance
7268034 [nasa.gov.mission.newControl_zion-portable-1509900799147-6392d584-leader-finder-thread] INFO kafka.producer.SyncProducer  - Connected to zion-portable:9092 for producing
7268036 [nasa.gov.mission.newControl_zion-portable-1509900799147-6392d584-leader-finder-thread] INFO kafka.producer.SyncProducer  - Disconnecting from zion-portable:9092
7268038 [nasa.gov.mission.newControl_zion-portable-1509900799147-6392d584-leader-finder-thread] INFO kafka.consumer.ConsumerFetcherManager  - [ConsumerFetcherManager-1509900799224] Added fetcher for partitions ArrayBuffer([[curiosity_to_earth_3,0], initOffset 7 to broker BrokerEndPoint(0,zion-portable,9092)] )
7268038 [ConsumerFetcherThread-nasa.gov.mission.newControl_zion-portable-1509900799147-6392d584-0-0] INFO kafka.consumer.ConsumerFetcherThread  - [ConsumerFetcherThread-nasa.gov.mission.newControl_zion-portable-1509900799147-6392d584-0-0], Starting 
7268040 [nasa.gov.mission.newControl_zion-portable-1509900799147-6392d584_watcher_executor] INFO kafka.consumer.ConsumerFetcherManager  - [ConsumerFetcherManager-1509900799224] Stopping leader finder thread
7268040 [nasa.gov.mission.newControl_zion-portable-1509900799147-6392d584_watcher_executor] INFO kafka.consumer.ConsumerFetcherManager$LeaderFinderThread  - [nasa.gov.mission.newControl_zion-portable-1509900799147-6392d584-leader-finder-thread], Shutting down
7268040 [nasa.gov.mission.newControl_zion-portable-1509900799147-6392d584-leader-finder-thread] INFO kafka.consumer.ConsumerFetcherManager$LeaderFinderThread  - [nasa.gov.mission.newControl_zion-portable-1509900799147-6392d584-leader-finder-thread], Stopped 
7268040 [nasa.gov.mission.newControl_zion-portable-1509900799147-6392d584_watcher_executor] INFO kafka.consumer.ConsumerFetcherManager$LeaderFinderThread  - [nasa.gov.mission.newControl_zion-portable-1509900799147-6392d584-leader-finder-thread], Shutdown completed
7268041 [nasa.gov.mission.newControl_zion-portable-1509900799147-6392d584_watcher_executor] INFO kafka.consumer.ConsumerFetcherManager  - [ConsumerFetcherManager-1509900799224] Stopping all fetchers
7268041 [nasa.gov.mission.newControl_zion-portable-1509900799147-6392d584_watcher_executor] INFO kafka.consumer.ConsumerFetcherThread  - [ConsumerFetcherThread-nasa.gov.mission.newControl_zion-portable-1509900799147-6392d584-0-0], Shutting down
7268041 [ConsumerFetcherThread-nasa.gov.mission.newControl_zion-portable-1509900799147-6392d584-0-0] INFO kafka.consumer.ConsumerFetcherThread  - [ConsumerFetcherThread-nasa.gov.mission.newControl_zion-portable-1509900799147-6392d584-0-0], Stopped 
7268041 [nasa.gov.mission.newControl_zion-portable-1509900799147-6392d584_watcher_executor] INFO kafka.consumer.ConsumerFetcherThread  - [ConsumerFetcherThread-nasa.gov.mission.newControl_zion-portable-1509900799147-6392d584-0-0], Shutdown completed
7268041 [nasa.gov.mission.newControl_zion-portable-1509900799147-6392d584_watcher_executor] INFO kafka.consumer.ConsumerFetcherManager  - [ConsumerFetcherManager-1509900799224] All connections stopped
7268041 [nasa.gov.mission.newControl_zion-portable-1509900799147-6392d584_watcher_executor] INFO kafka.consumer.ZookeeperConsumerConnector  - [nasa.gov.mission.newControl_zion-portable-1509900799147-6392d584], Cleared all relevant queues for this fetcher
7268041 [nasa.gov.mission.newControl_zion-portable-1509900799147-6392d584_watcher_executor] INFO kafka.consumer.ZookeeperConsumerConnector  - [nasa.gov.mission.newControl_zion-portable-1509900799147-6392d584], Cleared the data chunks in all the consumer message iterators
7268041 [nasa.gov.mission.newControl_zion-portable-1509900799147-6392d584_watcher_executor] INFO kafka.consumer.ZookeeperConsumerConnector  - [nasa.gov.mission.newControl_zion-portable-1509900799147-6392d584], Committing all offsets after clearing the fetcher queues
7268041 [nasa.gov.mission.newControl_zion-portable-1509900799147-6392d584_watcher_executor] INFO kafka.consumer.ZookeeperConsumerConnector  - [nasa.gov.mission.newControl_zion-portable-1509900799147-6392d584], Releasing partition ownership
7268052 [nasa.gov.mission.newControl_zion-portable-1509900799147-6392d584_watcher_executor] INFO kafka.consumer.RangeAssignor  - Consumer nasa.gov.mission.newControl_zion-portable-1509900799147-6392d584 rebalancing the following partitions: ArrayBuffer(0) for topic curiosity_to_earth_3 with consumers: List(nasa.gov.mission.newControl_zion-portable-1509900799147-6392d584-0)
7268052 [nasa.gov.mission.newControl_zion-portable-1509900799147-6392d584_watcher_executor] INFO kafka.consumer.RangeAssignor  - nasa.gov.mission.newControl_zion-portable-1509900799147-6392d584-0 attempting to claim partition 0
7268055 [nasa.gov.mission.newControl_zion-portable-1509900799147-6392d584_watcher_executor] INFO kafka.consumer.ZookeeperConsumerConnector  - [nasa.gov.mission.newControl_zion-portable-1509900799147-6392d584], nasa.gov.mission.newControl_zion-portable-1509900799147-6392d584-0 successfully owned partition 0 for topic curiosity_to_earth_3
7268055 [nasa.gov.mission.newControl_zion-portable-1509900799147-6392d584_watcher_executor] INFO kafka.consumer.ZookeeperConsumerConnector  - [nasa.gov.mission.newControl_zion-portable-1509900799147-6392d584], Consumer nasa.gov.mission.newControl_zion-portable-1509900799147-6392d584 selected partitions : curiosity_to_earth_3:0: fetched offset = 7: consumed offset = 7
7268055 [nasa.gov.mission.newControl_zion-portable-1509900799147-6392d584_watcher_executor] INFO kafka.consumer.ZookeeperConsumerConnector  - [nasa.gov.mission.newControl_zion-portable-1509900799147-6392d584], end rebalancing consumer nasa.gov.mission.newControl_zion-portable-1509900799147-6392d584 try #0
7268055 [nasa.gov.mission.newControl_zion-portable-1509900799147-6392d584_watcher_executor] INFO kafka.consumer.ZookeeperConsumerConnector  - [nasa.gov.mission.newControl_zion-portable-1509900799147-6392d584], begin rebalancing consumer nasa.gov.mission.newControl_zion-portable-1509900799147-6392d584 try #0
7268055 [nasa.gov.mission.newControl_zion-portable-1509900799147-6392d584-leader-finder-thread] INFO kafka.consumer.ConsumerFetcherManager$LeaderFinderThread  - [nasa.gov.mission.newControl_zion-portable-1509900799147-6392d584-leader-finder-thread], Starting 
7268059 [nasa.gov.mission.newControl_zion-portable-1509900799147-6392d584-leader-finder-thread] INFO kafka.utils.VerifiableProperties  - Verifying properties
7268059 [nasa.gov.mission.newControl_zion-portable-1509900799147-6392d584-leader-finder-thread] INFO kafka.utils.VerifiableProperties  - Property client.id is overridden to nasa.gov.mission.newControl
7268060 [nasa.gov.mission.newControl_zion-portable-1509900799147-6392d584-leader-finder-thread] INFO kafka.utils.VerifiableProperties  - Property metadata.broker.list is overridden to zion-portable:9092
7268060 [nasa.gov.mission.newControl_zion-portable-1509900799147-6392d584-leader-finder-thread] INFO kafka.utils.VerifiableProperties  - Property request.timeout.ms is overridden to 30000
7268060 [nasa.gov.mission.newControl_zion-portable-1509900799147-6392d584-leader-finder-thread] INFO kafka.client.ClientUtils$  - Fetching metadata from broker BrokerEndPoint(0,zion-portable,9092) with correlation id 3 for 1 topic(s) Set(curiosity_to_earth_3)
7268060 [nasa.gov.mission.newControl_zion-portable-1509900799147-6392d584-leader-finder-thread] INFO kafka.producer.SyncProducer  - Connected to zion-portable:9092 for producing
7268062 [nasa.gov.mission.newControl_zion-portable-1509900799147-6392d584-leader-finder-thread] INFO kafka.producer.SyncProducer  - Disconnecting from zion-portable:9092
7268063 [nasa.gov.mission.newControl_zion-portable-1509900799147-6392d584_watcher_executor] INFO kafka.consumer.ConsumerFetcherManager  - [ConsumerFetcherManager-1509900799224] Stopping leader finder thread
7268063 [nasa.gov.mission.newControl_zion-portable-1509900799147-6392d584_watcher_executor] INFO kafka.consumer.ConsumerFetcherManager$LeaderFinderThread  - [nasa.gov.mission.newControl_zion-portable-1509900799147-6392d584-leader-finder-thread], Shutting down
7268063 [ConsumerFetcherThread-nasa.gov.mission.newControl_zion-portable-1509900799147-6392d584-0-0] INFO kafka.consumer.ConsumerFetcherThread  - [ConsumerFetcherThread-nasa.gov.mission.newControl_zion-portable-1509900799147-6392d584-0-0], Starting 
7268063 [nasa.gov.mission.newControl_zion-portable-1509900799147-6392d584-leader-finder-thread] INFO kafka.consumer.ConsumerFetcherManager  - [ConsumerFetcherManager-1509900799224] Added fetcher for partitions ArrayBuffer([[curiosity_to_earth_3,0], initOffset 7 to broker BrokerEndPoint(0,zion-portable,9092)] )
7268064 [nasa.gov.mission.newControl_zion-portable-1509900799147-6392d584-leader-finder-thread] INFO kafka.consumer.ConsumerFetcherManager$LeaderFinderThread  - [nasa.gov.mission.newControl_zion-portable-1509900799147-6392d584-leader-finder-thread], Stopped 
7268064 [nasa.gov.mission.newControl_zion-portable-1509900799147-6392d584_watcher_executor] INFO kafka.consumer.ConsumerFetcherManager$LeaderFinderThread  - [nasa.gov.mission.newControl_zion-portable-1509900799147-6392d584-leader-finder-thread], Shutdown completed
7268064 [nasa.gov.mission.newControl_zion-portable-1509900799147-6392d584_watcher_executor] INFO kafka.consumer.ConsumerFetcherManager  - [ConsumerFetcherManager-1509900799224] Stopping all fetchers
7268064 [nasa.gov.mission.newControl_zion-portable-1509900799147-6392d584_watcher_executor] INFO kafka.consumer.ConsumerFetcherThread  - [ConsumerFetcherThread-nasa.gov.mission.newControl_zion-portable-1509900799147-6392d584-0-0], Shutting down
7268065 [ConsumerFetcherThread-nasa.gov.mission.newControl_zion-portable-1509900799147-6392d584-0-0] INFO kafka.consumer.SimpleConsumer  - Reconnect due to error:
java.nio.channels.ClosedChannelException
	at kafka.network.BlockingChannel.send(BlockingChannel.scala:110)
	at kafka.consumer.SimpleConsumer.liftedTree1$1(SimpleConsumer.scala:85)
	at kafka.consumer.SimpleConsumer.kafka$consumer$SimpleConsumer$$sendRequest(SimpleConsumer.scala:83)
	at kafka.consumer.SimpleConsumer$$anonfun$fetch$1$$anonfun$apply$mcV$sp$1.apply$mcV$sp(SimpleConsumer.scala:132)
	at kafka.consumer.SimpleConsumer$$anonfun$fetch$1$$anonfun$apply$mcV$sp$1.apply(SimpleConsumer.scala:132)
	at kafka.consumer.SimpleConsumer$$anonfun$fetch$1$$anonfun$apply$mcV$sp$1.apply(SimpleConsumer.scala:132)
	at kafka.metrics.KafkaTimer.time(KafkaTimer.scala:33)
	at kafka.consumer.SimpleConsumer$$anonfun$fetch$1.apply$mcV$sp(SimpleConsumer.scala:131)
	at kafka.consumer.SimpleConsumer$$anonfun$fetch$1.apply(SimpleConsumer.scala:131)
	at kafka.consumer.SimpleConsumer$$anonfun$fetch$1.apply(SimpleConsumer.scala:131)
	at kafka.metrics.KafkaTimer.time(KafkaTimer.scala:33)
	at kafka.consumer.SimpleConsumer.fetch(SimpleConsumer.scala:130)
	at kafka.consumer.ConsumerFetcherThread.fetch(ConsumerFetcherThread.scala:108)
	at kafka.consumer.ConsumerFetcherThread.fetch(ConsumerFetcherThread.scala:29)
	at kafka.server.AbstractFetcherThread.processFetchRequest(AbstractFetcherThread.scala:102)
	at kafka.server.AbstractFetcherThread.doWork(AbstractFetcherThread.scala:93)
	at kafka.utils.ShutdownableThread.run(ShutdownableThread.scala:63)
7268066 [ConsumerFetcherThread-nasa.gov.mission.newControl_zion-portable-1509900799147-6392d584-0-0] INFO kafka.consumer.ConsumerFetcherThread  - [ConsumerFetcherThread-nasa.gov.mission.newControl_zion-portable-1509900799147-6392d584-0-0], Stopped 
7268066 [nasa.gov.mission.newControl_zion-portable-1509900799147-6392d584_watcher_executor] INFO kafka.consumer.ConsumerFetcherThread  - [ConsumerFetcherThread-nasa.gov.mission.newControl_zion-portable-1509900799147-6392d584-0-0], Shutdown completed
7268066 [nasa.gov.mission.newControl_zion-portable-1509900799147-6392d584_watcher_executor] INFO kafka.consumer.ConsumerFetcherManager  - [ConsumerFetcherManager-1509900799224] All connections stopped
7268066 [nasa.gov.mission.newControl_zion-portable-1509900799147-6392d584_watcher_executor] INFO kafka.consumer.ZookeeperConsumerConnector  - [nasa.gov.mission.newControl_zion-portable-1509900799147-6392d584], Cleared all relevant queues for this fetcher
7268066 [nasa.gov.mission.newControl_zion-portable-1509900799147-6392d584_watcher_executor] INFO kafka.consumer.ZookeeperConsumerConnector  - [nasa.gov.mission.newControl_zion-portable-1509900799147-6392d584], Cleared the data chunks in all the consumer message iterators
7268066 [nasa.gov.mission.newControl_zion-portable-1509900799147-6392d584_watcher_executor] INFO kafka.consumer.ZookeeperConsumerConnector  - [nasa.gov.mission.newControl_zion-portable-1509900799147-6392d584], Committing all offsets after clearing the fetcher queues
7268066 [nasa.gov.mission.newControl_zion-portable-1509900799147-6392d584_watcher_executor] INFO kafka.consumer.ZookeeperConsumerConnector  - [nasa.gov.mission.newControl_zion-portable-1509900799147-6392d584], Releasing partition ownership
7268073 [nasa.gov.mission.newControl_zion-portable-1509900799147-6392d584_watcher_executor] INFO kafka.consumer.RangeAssignor  - Consumer nasa.gov.mission.newControl_zion-portable-1509900799147-6392d584 rebalancing the following partitions: ArrayBuffer(0) for topic curiosity_to_earth_3 with consumers: List(nasa.gov.mission.newControl_zion-portable-1509900799147-6392d584-0)
7268073 [nasa.gov.mission.newControl_zion-portable-1509900799147-6392d584_watcher_executor] INFO kafka.consumer.RangeAssignor  - nasa.gov.mission.newControl_zion-portable-1509900799147-6392d584-0 attempting to claim partition 0
7268078 [nasa.gov.mission.newControl_zion-portable-1509900799147-6392d584_watcher_executor] INFO kafka.consumer.ZookeeperConsumerConnector  - [nasa.gov.mission.newControl_zion-portable-1509900799147-6392d584], nasa.gov.mission.newControl_zion-portable-1509900799147-6392d584-0 successfully owned partition 0 for topic curiosity_to_earth_3
7268079 [nasa.gov.mission.newControl_zion-portable-1509900799147-6392d584_watcher_executor] INFO kafka.consumer.ZookeeperConsumerConnector  - [nasa.gov.mission.newControl_zion-portable-1509900799147-6392d584], Consumer nasa.gov.mission.newControl_zion-portable-1509900799147-6392d584 selected partitions : curiosity_to_earth_3:0: fetched offset = 7: consumed offset = 7
7268079 [nasa.gov.mission.newControl_zion-portable-1509900799147-6392d584_watcher_executor] INFO kafka.consumer.ZookeeperConsumerConnector  - [nasa.gov.mission.newControl_zion-portable-1509900799147-6392d584], end rebalancing consumer nasa.gov.mission.newControl_zion-portable-1509900799147-6392d584 try #0
7268079 [nasa.gov.mission.newControl_zion-portable-1509900799147-6392d584-leader-finder-thread] INFO kafka.consumer.ConsumerFetcherManager$LeaderFinderThread  - [nasa.gov.mission.newControl_zion-portable-1509900799147-6392d584-leader-finder-thread], Starting 
7268081 [nasa.gov.mission.newControl_zion-portable-1509900799147-6392d584-leader-finder-thread] INFO kafka.utils.VerifiableProperties  - Verifying properties
7268082 [nasa.gov.mission.newControl_zion-portable-1509900799147-6392d584-leader-finder-thread] INFO kafka.utils.VerifiableProperties  - Property client.id is overridden to nasa.gov.mission.newControl
7268082 [nasa.gov.mission.newControl_zion-portable-1509900799147-6392d584-leader-finder-thread] INFO kafka.utils.VerifiableProperties  - Property metadata.broker.list is overridden to zion-portable:9092
7268082 [nasa.gov.mission.newControl_zion-portable-1509900799147-6392d584-leader-finder-thread] INFO kafka.utils.VerifiableProperties  - Property request.timeout.ms is overridden to 30000
7268082 [nasa.gov.mission.newControl_zion-portable-1509900799147-6392d584-leader-finder-thread] INFO kafka.client.ClientUtils$  - Fetching metadata from broker BrokerEndPoint(0,zion-portable,9092) with correlation id 4 for 1 topic(s) Set(curiosity_to_earth_3)
7268082 [nasa.gov.mission.newControl_zion-portable-1509900799147-6392d584-leader-finder-thread] INFO kafka.producer.SyncProducer  - Connected to zion-portable:9092 for producing
7268083 [nasa.gov.mission.newControl_zion-portable-1509900799147-6392d584-leader-finder-thread] INFO kafka.producer.SyncProducer  - Disconnecting from zion-portable:9092
7268085 [ConsumerFetcherThread-nasa.gov.mission.newControl_zion-portable-1509900799147-6392d584-0-0] INFO kafka.consumer.ConsumerFetcherThread  - [ConsumerFetcherThread-nasa.gov.mission.newControl_zion-portable-1509900799147-6392d584-0-0], Starting 
7268085 [nasa.gov.mission.newControl_zion-portable-1509900799147-6392d584-leader-finder-thread] INFO kafka.consumer.ConsumerFetcherManager  - [ConsumerFetcherManager-1509900799224] Added fetcher for partitions ArrayBuffer([[curiosity_to_earth_3,0], initOffset 7 to broker BrokerEndPoint(0,zion-portable,9092)] )
